Running job on: wood
Iteration: 380
Starting spatial evaluation...
/home/fhopp/.conda/envs/mjs/lib/python3.8/site-packages/nilearn/maskers/nifti_masker.py:110: UserWarning: imgs are being resampled to the mask_img resolution. This process is memory intensive. You might want to provide a target_affine that is equal to the affine of the imgs or resample the mask beforehand to save memory and computation time.
  warnings.warn(
/home/fhopp/.conda/envs/mjs/lib/python3.8/site-packages/nilearn/masking.py:980: UserWarning: Data array used to create a new image contains 64-bit ints. This is likely due to creating the array with numpy and passing `int` as the `dtype`. Many tools such as FSL and SPM cannot deal with int64 in Nifti images, so for compatibility the data has been converted to int32.
  return new_img_like(mask_img, unmasked, affine)
Network 0 - Visual: 50 voxels done Correlation: 0.6184307276276345
Network 0 - Visual: 150 voxels done Correlation: 0.6284776072276237
Network 0 - Visual: 250 voxels done Correlation: 0.6966352107389138
Network 0 - Visual: 500 voxels done Correlation: 0.6186632685833415
Network 0 - Visual: 750 voxels done Correlation: 0.4963493464354367
Network 0 - Visual: 1000 voxels done Correlation: 0.5368900873994069
Network 0 - Visual: 1500 voxels done Correlation: 0.6207204301115611
Network 0 - Visual: 3000 voxels done Correlation: 0.6313121194829527
Network 0 - Visual: 5000 voxels done Correlation: 0.6122417790624175
Network 0 - Visual: 6500 voxels done Correlation: 0.6104616353155748
Network 0 - Visual: 10000 voxels done Correlation: 0.6258455118863268
Network 0 - Visual: 15000 voxels done Correlation: 0.6302110778433293
/home/fhopp/.conda/envs/mjs/lib/python3.8/site-packages/nilearn/masking.py:980: UserWarning: Data array used to create a new image contains 64-bit ints. This is likely due to creating the array with numpy and passing `int` as the `dtype`. Many tools such as FSL and SPM cannot deal with int64 in Nifti images, so for compatibility the data has been converted to int32.
  return new_img_like(mask_img, unmasked, affine)
Network 1 - Somatomotor: 50 voxels done Correlation: 0.23988468750630326
Network 1 - Somatomotor: 150 voxels done Correlation: 0.44193426629759364
Network 1 - Somatomotor: 250 voxels done Correlation: 0.23431087184884533
Network 1 - Somatomotor: 500 voxels done Correlation: 0.35431323996142383
Network 1 - Somatomotor: 750 voxels done Correlation: 0.37905758333176665
Network 1 - Somatomotor: 1000 voxels done Correlation: 0.3414798550698386
Network 1 - Somatomotor: 1500 voxels done Correlation: 0.34871971211766556
Network 1 - Somatomotor: 3000 voxels done Correlation: 0.3412342800912652
Network 1 - Somatomotor: 5000 voxels done Correlation: 0.33358807023847425
Network 1 - Somatomotor: 6500 voxels done Correlation: 0.3478828803938928
Network 1 - Somatomotor: 10000 voxels done Correlation: 0.3489319552679158
Network 1 - Somatomotor: 15000 voxels done Correlation: 0.3456112273203792
/home/fhopp/.conda/envs/mjs/lib/python3.8/site-packages/nilearn/masking.py:980: UserWarning: Data array used to create a new image contains 64-bit ints. This is likely due to creating the array with numpy and passing `int` as the `dtype`. Many tools such as FSL and SPM cannot deal with int64 in Nifti images, so for compatibility the data has been converted to int32.
  return new_img_like(mask_img, unmasked, affine)
Network 2 - dAttention: 50 voxels done Correlation: 0.2701220370649649
Network 2 - dAttention: 150 voxels done Correlation: 0.28693636968142616
Network 2 - dAttention: 250 voxels done Correlation: 0.2857235004540291
Network 2 - dAttention: 500 voxels done Correlation: 0.33968596387887307
Network 2 - dAttention: 750 voxels done Correlation: 0.29840737959703323
Network 2 - dAttention: 1000 voxels done Correlation: 0.24899736865944344
Network 2 - dAttention: 1500 voxels done Correlation: 0.3074136220138749
Network 2 - dAttention: 3000 voxels done Correlation: 0.33284471080037115
Network 2 - dAttention: 5000 voxels done Correlation: 0.295563176437441
Network 2 - dAttention: 6500 voxels done Correlation: 0.34162207121025456
Network 2 - dAttention: 10000 voxels done Correlation: 0.32830699810598074
Network 2 - dAttention: 15000 voxels done Correlation: 0.3353890302814295
/home/fhopp/.conda/envs/mjs/lib/python3.8/site-packages/nilearn/masking.py:980: UserWarning: Data array used to create a new image contains 64-bit ints. This is likely due to creating the array with numpy and passing `int` as the `dtype`. Many tools such as FSL and SPM cannot deal with int64 in Nifti images, so for compatibility the data has been converted to int32.
  return new_img_like(mask_img, unmasked, affine)
Network 3 - vAttention: 50 voxels done Correlation: 0.20543784177708363
Network 3 - vAttention: 150 voxels done Correlation: 0.17897547004420045
Network 3 - vAttention: 250 voxels done Correlation: 0.2773907634387428
Network 3 - vAttention: 500 voxels done Correlation: 0.26381735980866416
Network 3 - vAttention: 750 voxels done Correlation: 0.35503882929769504
Network 3 - vAttention: 1000 voxels done Correlation: 0.2969070668268464
Network 3 - vAttention: 1500 voxels done Correlation: 0.38799902906278805
Network 3 - vAttention: 3000 voxels done Correlation: 0.370675417605997
Network 3 - vAttention: 5000 voxels done Correlation: 0.38345553131385446
Network 3 - vAttention: 6500 voxels done Correlation: 0.38386863295711315
Network 3 - vAttention: 10000 voxels done Correlation: 0.3767139324462807
Network 3 - vAttention: 15000 voxels done Correlation: 0.38750619403938635
/home/fhopp/.conda/envs/mjs/lib/python3.8/site-packages/nilearn/masking.py:980: UserWarning: Data array used to create a new image contains 64-bit ints. This is likely due to creating the array with numpy and passing `int` as the `dtype`. Many tools such as FSL and SPM cannot deal with int64 in Nifti images, so for compatibility the data has been converted to int32.
  return new_img_like(mask_img, unmasked, affine)
Network 4 - Limbic: 50 voxels done Correlation: 0.168212452918439
Network 4 - Limbic: 150 voxels done Correlation: 0.25546581190925244
Network 4 - Limbic: 250 voxels done Correlation: 0.21335559295805026
Network 4 - Limbic: 500 voxels done Correlation: 0.23929773326479659
Network 4 - Limbic: 750 voxels done Correlation: 0.3350205136688217
Network 4 - Limbic: 1000 voxels done Correlation: 0.26493304413829155
Network 4 - Limbic: 1500 voxels done Correlation: 0.29384715335550454
Network 4 - Limbic: 3000 voxels done Correlation: 0.28190315403846367
Network 4 - Limbic: 5000 voxels done Correlation: 0.2826230508645327
Network 4 - Limbic: 6500 voxels done Correlation: 0.29026967280565574
Network 4 - Limbic: 10000 voxels done Correlation: 0.2831920746572252
/home/fhopp/.conda/envs/mjs/lib/python3.8/site-packages/nilearn/masking.py:980: UserWarning: Data array used to create a new image contains 64-bit ints. This is likely due to creating the array with numpy and passing `int` as the `dtype`. Many tools such as FSL and SPM cannot deal with int64 in Nifti images, so for compatibility the data has been converted to int32.
  return new_img_like(mask_img, unmasked, affine)
Network 5 - Frontoparietal: 50 voxels done Correlation: 0.15370713988315426
Network 5 - Frontoparietal: 150 voxels done Correlation: 0.13825615019568233
Network 5 - Frontoparietal: 250 voxels done Correlation: 0.1670088598494296
Network 5 - Frontoparietal: 500 voxels done Correlation: 0.2326319706443556
Network 5 - Frontoparietal: 750 voxels done Correlation: 0.21930628819987621
Network 5 - Frontoparietal: 1000 voxels done Correlation: 0.21853754689416055
Network 5 - Frontoparietal: 1500 voxels done Correlation: 0.2010337492761784
Network 5 - Frontoparietal: 3000 voxels done Correlation: 0.24670960343726203
Network 5 - Frontoparietal: 5000 voxels done Correlation: 0.24143650244848364
Network 5 - Frontoparietal: 6500 voxels done Correlation: 0.25204939302061313
Network 5 - Frontoparietal: 10000 voxels done Correlation: 0.23879299679053506
Network 5 - Frontoparietal: 15000 voxels done Correlation: 0.23827571676039538
/home/fhopp/.conda/envs/mjs/lib/python3.8/site-packages/nilearn/masking.py:980: UserWarning: Data array used to create a new image contains 64-bit ints. This is likely due to creating the array with numpy and passing `int` as the `dtype`. Many tools such as FSL and SPM cannot deal with int64 in Nifti images, so for compatibility the data has been converted to int32.
  return new_img_like(mask_img, unmasked, affine)
Network 6 - Default Mode: 50 voxels done Correlation: 0.34100423021577786
Network 6 - Default Mode: 150 voxels done Correlation: 0.345130191610891
Network 6 - Default Mode: 250 voxels done Correlation: 0.33927892929429315
Network 6 - Default Mode: 500 voxels done Correlation: 0.3940277231397403
Network 6 - Default Mode: 750 voxels done Correlation: 0.37116021341965355
Network 6 - Default Mode: 1000 voxels done Correlation: 0.3282526621185007
Network 6 - Default Mode: 1500 voxels done Correlation: 0.36909007020805545
Network 6 - Default Mode: 3000 voxels done Correlation: 0.40784927704193896
Network 6 - Default Mode: 5000 voxels done Correlation: 0.4232376592322773
Network 6 - Default Mode: 6500 voxels done Correlation: 0.39325162141421055
Network 6 - Default Mode: 10000 voxels done Correlation: 0.3914624804212794
Network 6 - Default Mode: 15000 voxels done Correlation: 0.4070602347103275
Network 6 - Default Mode: 25000 voxels done Correlation: 0.4126086314724104
/home/fhopp/.conda/envs/mjs/lib/python3.8/site-packages/nilearn/masking.py:980: UserWarning: Data array used to create a new image contains 64-bit ints. This is likely due to creating the array with numpy and passing `int` as the `dtype`. Many tools such as FSL and SPM cannot deal with int64 in Nifti images, so for compatibility the data has been converted to int32.
  return new_img_like(mask_img, unmasked, affine)
Network 7 - Subcortical: 50 voxels done Correlation: 0.1710002631582753
Network 7 - Subcortical: 150 voxels done Correlation: 0.21425384433286213
Network 7 - Subcortical: 250 voxels done Correlation: 0.14750661162872855
Network 7 - Subcortical: 500 voxels done Correlation: 0.21499906290397058
Network 7 - Subcortical: 750 voxels done Correlation: 0.28916196068522704
Network 7 - Subcortical: 1000 voxels done Correlation: 0.20852549496648404
Network 7 - Subcortical: 1500 voxels done Correlation: 0.22904869427299654
Network 7 - Subcortical: 3000 voxels done Correlation: 0.1902399873585041
Network 7 - Subcortical: 5000 voxels done Correlation: 0.18001920514115072
Network 7 - Subcortical: 6500 voxels done Correlation: 0.16013238389560347
Network 7 - Subcortical: 10000 voxels done Correlation: 0.16471602068689264
Network 8 - Consciousness: 50 voxels done Correlation: 0.2793414324994661
Network 8 - Consciousness: 150 voxels done Correlation: 0.3013017602911986
Network 8 - Consciousness: 250 voxels done Correlation: 0.430399359514171
Network 8 - Consciousness: 500 voxels done Correlation: 0.40406455329015456
Network 8 - Consciousness: 750 voxels done Correlation: 0.3880906724466825
Network 8 - Consciousness: 1000 voxels done Correlation: 0.41378466982381
Network 8 - Consciousness: 1500 voxels done Correlation: 0.4376000285793666
Network 8 - Consciousness: 3000 voxels done Correlation: 0.475855248425466
Network 8 - Consciousness: 5000 voxels done Correlation: 0.44781409784630777
Network 8 - Consciousness: 6500 voxels done Correlation: 0.44222280960734506
Network 8 - Consciousness: 10000 voxels done Correlation: 0.4479573449334181
Network 8 - Consciousness: 15000 voxels done Correlation: 0.47214221106323095
Network 8 - Consciousness: 25000 voxels done Correlation: 0.4639525449304919
Network 8 - Consciousness: 50000 voxels done Correlation: 0.4660944900820537
