Running job on: cox
Iteration: 394
Starting spatial evaluation...
/home/fhopp/.conda/envs/mjs/lib/python3.8/site-packages/nilearn/maskers/nifti_masker.py:110: UserWarning: imgs are being resampled to the mask_img resolution. This process is memory intensive. You might want to provide a target_affine that is equal to the affine of the imgs or resample the mask beforehand to save memory and computation time.
  warnings.warn(
/home/fhopp/.conda/envs/mjs/lib/python3.8/site-packages/nilearn/masking.py:980: UserWarning: Data array used to create a new image contains 64-bit ints. This is likely due to creating the array with numpy and passing `int` as the `dtype`. Many tools such as FSL and SPM cannot deal with int64 in Nifti images, so for compatibility the data has been converted to int32.
  return new_img_like(mask_img, unmasked, affine)
Network 0 - Visual: 50 voxels done Correlation: 0.5914807124403586
Network 0 - Visual: 150 voxels done Correlation: 0.5863533909721355
Network 0 - Visual: 250 voxels done Correlation: 0.5395008541488595
Network 0 - Visual: 500 voxels done Correlation: 0.6158243543740751
Network 0 - Visual: 750 voxels done Correlation: 0.5711359062743756
Network 0 - Visual: 1000 voxels done Correlation: 0.6105927281415247
Network 0 - Visual: 1500 voxels done Correlation: 0.619524216866823
Network 0 - Visual: 3000 voxels done Correlation: 0.6386664075464004
Network 0 - Visual: 5000 voxels done Correlation: 0.6349688687168578
Network 0 - Visual: 6500 voxels done Correlation: 0.630353204765034
Network 0 - Visual: 10000 voxels done Correlation: 0.6259018272382166
Network 0 - Visual: 15000 voxels done Correlation: 0.6289801131493331
/home/fhopp/.conda/envs/mjs/lib/python3.8/site-packages/nilearn/masking.py:980: UserWarning: Data array used to create a new image contains 64-bit ints. This is likely due to creating the array with numpy and passing `int` as the `dtype`. Many tools such as FSL and SPM cannot deal with int64 in Nifti images, so for compatibility the data has been converted to int32.
  return new_img_like(mask_img, unmasked, affine)
Network 1 - Somatomotor: 50 voxels done Correlation: 0.15830356745048324
Network 1 - Somatomotor: 150 voxels done Correlation: 0.30065267627735015
Network 1 - Somatomotor: 250 voxels done Correlation: 0.27930097278278226
Network 1 - Somatomotor: 500 voxels done Correlation: 0.3494777257797887
Network 1 - Somatomotor: 750 voxels done Correlation: 0.35482495939476477
Network 1 - Somatomotor: 1000 voxels done Correlation: 0.354750312955024
Network 1 - Somatomotor: 1500 voxels done Correlation: 0.33267934489337436
Network 1 - Somatomotor: 3000 voxels done Correlation: 0.3240711326765984
Network 1 - Somatomotor: 5000 voxels done Correlation: 0.32651416327771204
Network 1 - Somatomotor: 6500 voxels done Correlation: 0.34650629485848494
Network 1 - Somatomotor: 10000 voxels done Correlation: 0.3536582651681114
Network 1 - Somatomotor: 15000 voxels done Correlation: 0.34320808536591996
/home/fhopp/.conda/envs/mjs/lib/python3.8/site-packages/nilearn/masking.py:980: UserWarning: Data array used to create a new image contains 64-bit ints. This is likely due to creating the array with numpy and passing `int` as the `dtype`. Many tools such as FSL and SPM cannot deal with int64 in Nifti images, so for compatibility the data has been converted to int32.
  return new_img_like(mask_img, unmasked, affine)
Network 2 - dAttention: 50 voxels done Correlation: 0.2164141701307441
Network 2 - dAttention: 150 voxels done Correlation: 0.36571578543613265
Network 2 - dAttention: 250 voxels done Correlation: 0.296321147557451
Network 2 - dAttention: 500 voxels done Correlation: 0.2728204743431568
Network 2 - dAttention: 750 voxels done Correlation: 0.30773425700583085
Network 2 - dAttention: 1000 voxels done Correlation: 0.3188931751890379
Network 2 - dAttention: 1500 voxels done Correlation: 0.3222356752616796
Network 2 - dAttention: 3000 voxels done Correlation: 0.29050458565158055
Network 2 - dAttention: 5000 voxels done Correlation: 0.3298086263990465
Network 2 - dAttention: 6500 voxels done Correlation: 0.3192169739419686
Network 2 - dAttention: 10000 voxels done Correlation: 0.34167140870579166
Network 2 - dAttention: 15000 voxels done Correlation: 0.33351454764632055
/home/fhopp/.conda/envs/mjs/lib/python3.8/site-packages/nilearn/masking.py:980: UserWarning: Data array used to create a new image contains 64-bit ints. This is likely due to creating the array with numpy and passing `int` as the `dtype`. Many tools such as FSL and SPM cannot deal with int64 in Nifti images, so for compatibility the data has been converted to int32.
  return new_img_like(mask_img, unmasked, affine)
Network 3 - vAttention: 50 voxels done Correlation: 0.2599526738768212
Network 3 - vAttention: 150 voxels done Correlation: 0.25113963953271723
Network 3 - vAttention: 250 voxels done Correlation: 0.31805525737109897
Network 3 - vAttention: 500 voxels done Correlation: 0.2993360636024146
Network 3 - vAttention: 750 voxels done Correlation: 0.3330115518395039
Network 3 - vAttention: 1000 voxels done Correlation: 0.34843812771199323
Network 3 - vAttention: 1500 voxels done Correlation: 0.3151326825662183
Network 3 - vAttention: 3000 voxels done Correlation: 0.36378462088186797
Network 3 - vAttention: 5000 voxels done Correlation: 0.3774011378943787
Network 3 - vAttention: 6500 voxels done Correlation: 0.378102156815996
Network 3 - vAttention: 10000 voxels done Correlation: 0.39916391890972525
Network 3 - vAttention: 15000 voxels done Correlation: 0.3887679714159934
/home/fhopp/.conda/envs/mjs/lib/python3.8/site-packages/nilearn/masking.py:980: UserWarning: Data array used to create a new image contains 64-bit ints. This is likely due to creating the array with numpy and passing `int` as the `dtype`. Many tools such as FSL and SPM cannot deal with int64 in Nifti images, so for compatibility the data has been converted to int32.
  return new_img_like(mask_img, unmasked, affine)
Network 4 - Limbic: 50 voxels done Correlation: 0.19330496813866838
Network 4 - Limbic: 150 voxels done Correlation: 0.2917143918839674
Network 4 - Limbic: 250 voxels done Correlation: 0.28355523272477257
Network 4 - Limbic: 500 voxels done Correlation: 0.24417007645356012
Network 4 - Limbic: 750 voxels done Correlation: 0.25184573930154874
Network 4 - Limbic: 1000 voxels done Correlation: 0.2269126296345971
Network 4 - Limbic: 1500 voxels done Correlation: 0.23796374488024497
Network 4 - Limbic: 3000 voxels done Correlation: 0.2733612410404356
Network 4 - Limbic: 5000 voxels done Correlation: 0.276904397252278
Network 4 - Limbic: 6500 voxels done Correlation: 0.27219314723109495
Network 4 - Limbic: 10000 voxels done Correlation: 0.29078407317413246
/home/fhopp/.conda/envs/mjs/lib/python3.8/site-packages/nilearn/masking.py:980: UserWarning: Data array used to create a new image contains 64-bit ints. This is likely due to creating the array with numpy and passing `int` as the `dtype`. Many tools such as FSL and SPM cannot deal with int64 in Nifti images, so for compatibility the data has been converted to int32.
  return new_img_like(mask_img, unmasked, affine)
Network 5 - Frontoparietal: 50 voxels done Correlation: 0.24095849474476463
Network 5 - Frontoparietal: 150 voxels done Correlation: 0.2049671248143015
Network 5 - Frontoparietal: 250 voxels done Correlation: 0.16730084530693518
Network 5 - Frontoparietal: 500 voxels done Correlation: 0.2675222702179408
Network 5 - Frontoparietal: 750 voxels done Correlation: 0.255510457892483
Network 5 - Frontoparietal: 1000 voxels done Correlation: 0.23489377472134426
Network 5 - Frontoparietal: 1500 voxels done Correlation: 0.1983121179173814
Network 5 - Frontoparietal: 3000 voxels done Correlation: 0.2298261161995451
Network 5 - Frontoparietal: 5000 voxels done Correlation: 0.2456016119318356
Network 5 - Frontoparietal: 6500 voxels done Correlation: 0.2344460409403765
Network 5 - Frontoparietal: 10000 voxels done Correlation: 0.23847692171808899
Network 5 - Frontoparietal: 15000 voxels done Correlation: 0.24074450575089879
/home/fhopp/.conda/envs/mjs/lib/python3.8/site-packages/nilearn/masking.py:980: UserWarning: Data array used to create a new image contains 64-bit ints. This is likely due to creating the array with numpy and passing `int` as the `dtype`. Many tools such as FSL and SPM cannot deal with int64 in Nifti images, so for compatibility the data has been converted to int32.
  return new_img_like(mask_img, unmasked, affine)
Network 6 - Default Mode: 50 voxels done Correlation: 0.17523046874319614
Network 6 - Default Mode: 150 voxels done Correlation: 0.316558089271041
Network 6 - Default Mode: 250 voxels done Correlation: 0.333757476596556
Network 6 - Default Mode: 500 voxels done Correlation: 0.342228458688011
Network 6 - Default Mode: 750 voxels done Correlation: 0.357023332371023
Network 6 - Default Mode: 1000 voxels done Correlation: 0.34375393212657657
Network 6 - Default Mode: 1500 voxels done Correlation: 0.41377151239590354
Network 6 - Default Mode: 3000 voxels done Correlation: 0.37276341062667834
Network 6 - Default Mode: 5000 voxels done Correlation: 0.3791082726119043
Network 6 - Default Mode: 6500 voxels done Correlation: 0.40844511531787947
Network 6 - Default Mode: 10000 voxels done Correlation: 0.400761244431425
Network 6 - Default Mode: 15000 voxels done Correlation: 0.4151705445772641
Network 6 - Default Mode: 25000 voxels done Correlation: 0.4123654432769538
/home/fhopp/.conda/envs/mjs/lib/python3.8/site-packages/nilearn/masking.py:980: UserWarning: Data array used to create a new image contains 64-bit ints. This is likely due to creating the array with numpy and passing `int` as the `dtype`. Many tools such as FSL and SPM cannot deal with int64 in Nifti images, so for compatibility the data has been converted to int32.
  return new_img_like(mask_img, unmasked, affine)
Network 7 - Subcortical: 50 voxels done Correlation: 0.13879957828874268
Network 7 - Subcortical: 150 voxels done Correlation: 0.20530404306438305
Network 7 - Subcortical: 250 voxels done Correlation: 0.2605662251127464
Network 7 - Subcortical: 500 voxels done Correlation: 0.23962702716340661
Network 7 - Subcortical: 750 voxels done Correlation: 0.20976193393813672
Network 7 - Subcortical: 1000 voxels done Correlation: 0.2153379610905461
Network 7 - Subcortical: 1500 voxels done Correlation: 0.18301594024312423
Network 7 - Subcortical: 3000 voxels done Correlation: 0.20890638399911193
Network 7 - Subcortical: 5000 voxels done Correlation: 0.17293623460597485
Network 7 - Subcortical: 6500 voxels done Correlation: 0.17977410066448601
Network 7 - Subcortical: 10000 voxels done Correlation: 0.16495341822648524
Network 8 - Consciousness: 50 voxels done Correlation: 0.30443379019167466
Network 8 - Consciousness: 150 voxels done Correlation: 0.3924597145346773
Network 8 - Consciousness: 250 voxels done Correlation: 0.37780321993868704
Network 8 - Consciousness: 500 voxels done Correlation: 0.3738173079005732
Network 8 - Consciousness: 750 voxels done Correlation: 0.3483181380557666
Network 8 - Consciousness: 1000 voxels done Correlation: 0.3600618515800228
Network 8 - Consciousness: 1500 voxels done Correlation: 0.44839456588159987
Network 8 - Consciousness: 3000 voxels done Correlation: 0.39692451115692773
Network 8 - Consciousness: 5000 voxels done Correlation: 0.45673683733828196
Network 8 - Consciousness: 6500 voxels done Correlation: 0.46381307614980927
Network 8 - Consciousness: 10000 voxels done Correlation: 0.46067409010463767
Network 8 - Consciousness: 15000 voxels done Correlation: 0.46383182121607125
Network 8 - Consciousness: 25000 voxels done Correlation: 0.46596173134609287
Network 8 - Consciousness: 50000 voxels done Correlation: 0.4656110834016214
