Running job on: easley
Iteration: 308
Starting spatial evaluation...
/home/fhopp/.conda/envs/mjs/lib/python3.8/site-packages/nilearn/maskers/nifti_masker.py:110: UserWarning: imgs are being resampled to the mask_img resolution. This process is memory intensive. You might want to provide a target_affine that is equal to the affine of the imgs or resample the mask beforehand to save memory and computation time.
  warnings.warn(
/home/fhopp/.conda/envs/mjs/lib/python3.8/site-packages/nilearn/masking.py:980: UserWarning: Data array used to create a new image contains 64-bit ints. This is likely due to creating the array with numpy and passing `int` as the `dtype`. Many tools such as FSL and SPM cannot deal with int64 in Nifti images, so for compatibility the data has been converted to int32.
  return new_img_like(mask_img, unmasked, affine)
Network 0 - Visual: 50 voxels done Correlation: 0.6532523292570942
Network 0 - Visual: 150 voxels done Correlation: 0.6560138586984957
Network 0 - Visual: 250 voxels done Correlation: 0.5395086285638189
Network 0 - Visual: 500 voxels done Correlation: 0.5308567329753395
Network 0 - Visual: 750 voxels done Correlation: 0.5810002862858755
Network 0 - Visual: 1000 voxels done Correlation: 0.5690423264260209
Network 0 - Visual: 1500 voxels done Correlation: 0.6338026733408776
Network 0 - Visual: 3000 voxels done Correlation: 0.6384020990691008
Network 0 - Visual: 5000 voxels done Correlation: 0.6325890687880158
Network 0 - Visual: 6500 voxels done Correlation: 0.6176948241464328
Network 0 - Visual: 10000 voxels done Correlation: 0.6253634827279213
Network 0 - Visual: 15000 voxels done Correlation: 0.6319321626638178
/home/fhopp/.conda/envs/mjs/lib/python3.8/site-packages/nilearn/masking.py:980: UserWarning: Data array used to create a new image contains 64-bit ints. This is likely due to creating the array with numpy and passing `int` as the `dtype`. Many tools such as FSL and SPM cannot deal with int64 in Nifti images, so for compatibility the data has been converted to int32.
  return new_img_like(mask_img, unmasked, affine)
Network 1 - Somatomotor: 50 voxels done Correlation: 0.18306238713703935
Network 1 - Somatomotor: 150 voxels done Correlation: 0.2921214725776191
Network 1 - Somatomotor: 250 voxels done Correlation: 0.3618038180402997
Network 1 - Somatomotor: 500 voxels done Correlation: 0.41913974164077283
Network 1 - Somatomotor: 750 voxels done Correlation: 0.32134214603826605
Network 1 - Somatomotor: 1000 voxels done Correlation: 0.30618478226026785
Network 1 - Somatomotor: 1500 voxels done Correlation: 0.33523652555136163
Network 1 - Somatomotor: 3000 voxels done Correlation: 0.35581448151415945
Network 1 - Somatomotor: 5000 voxels done Correlation: 0.35013299550756094
Network 1 - Somatomotor: 6500 voxels done Correlation: 0.3346294349731052
Network 1 - Somatomotor: 10000 voxels done Correlation: 0.3360990050578684
Network 1 - Somatomotor: 15000 voxels done Correlation: 0.34756616252888495
/home/fhopp/.conda/envs/mjs/lib/python3.8/site-packages/nilearn/masking.py:980: UserWarning: Data array used to create a new image contains 64-bit ints. This is likely due to creating the array with numpy and passing `int` as the `dtype`. Many tools such as FSL and SPM cannot deal with int64 in Nifti images, so for compatibility the data has been converted to int32.
  return new_img_like(mask_img, unmasked, affine)
Network 2 - dAttention: 50 voxels done Correlation: 0.23336949022693523
Network 2 - dAttention: 150 voxels done Correlation: 0.3172456583730372
Network 2 - dAttention: 250 voxels done Correlation: 0.31799584061902353
Network 2 - dAttention: 500 voxels done Correlation: 0.39515258945490883
Network 2 - dAttention: 750 voxels done Correlation: 0.26897278739709324
Network 2 - dAttention: 1000 voxels done Correlation: 0.2694657580415206
Network 2 - dAttention: 1500 voxels done Correlation: 0.2992973418722439
Network 2 - dAttention: 3000 voxels done Correlation: 0.3376252271776504
Network 2 - dAttention: 5000 voxels done Correlation: 0.32769233345082127
Network 2 - dAttention: 6500 voxels done Correlation: 0.3226591826044092
Network 2 - dAttention: 10000 voxels done Correlation: 0.3325887934785844
Network 2 - dAttention: 15000 voxels done Correlation: 0.33463311842299387
/home/fhopp/.conda/envs/mjs/lib/python3.8/site-packages/nilearn/masking.py:980: UserWarning: Data array used to create a new image contains 64-bit ints. This is likely due to creating the array with numpy and passing `int` as the `dtype`. Many tools such as FSL and SPM cannot deal with int64 in Nifti images, so for compatibility the data has been converted to int32.
  return new_img_like(mask_img, unmasked, affine)
Network 3 - vAttention: 50 voxels done Correlation: 0.22891678167766144
Network 3 - vAttention: 150 voxels done Correlation: 0.21601112424115698
Network 3 - vAttention: 250 voxels done Correlation: 0.3467085832443727
Network 3 - vAttention: 500 voxels done Correlation: 0.3165481296895489
Network 3 - vAttention: 750 voxels done Correlation: 0.3263359187090451
Network 3 - vAttention: 1000 voxels done Correlation: 0.3405017776661402
Network 3 - vAttention: 1500 voxels done Correlation: 0.34598541430219
Network 3 - vAttention: 3000 voxels done Correlation: 0.3610594458541123
Network 3 - vAttention: 5000 voxels done Correlation: 0.38351683611126564
Network 3 - vAttention: 6500 voxels done Correlation: 0.3705480111991429
Network 3 - vAttention: 10000 voxels done Correlation: 0.38986914791760896
Network 3 - vAttention: 15000 voxels done Correlation: 0.38923653817024984
/home/fhopp/.conda/envs/mjs/lib/python3.8/site-packages/nilearn/masking.py:980: UserWarning: Data array used to create a new image contains 64-bit ints. This is likely due to creating the array with numpy and passing `int` as the `dtype`. Many tools such as FSL and SPM cannot deal with int64 in Nifti images, so for compatibility the data has been converted to int32.
  return new_img_like(mask_img, unmasked, affine)
Network 4 - Limbic: 50 voxels done Correlation: 0.2032070119009867
Network 4 - Limbic: 150 voxels done Correlation: 0.2596475903064567
Network 4 - Limbic: 250 voxels done Correlation: 0.1881896503377964
Network 4 - Limbic: 500 voxels done Correlation: 0.22190391418320388
Network 4 - Limbic: 750 voxels done Correlation: 0.280183944773544
Network 4 - Limbic: 1000 voxels done Correlation: 0.2880341960315474
Network 4 - Limbic: 1500 voxels done Correlation: 0.2598393328971338
Network 4 - Limbic: 3000 voxels done Correlation: 0.27589646785950994
Network 4 - Limbic: 5000 voxels done Correlation: 0.2817998478801301
Network 4 - Limbic: 6500 voxels done Correlation: 0.28406857027923016
Network 4 - Limbic: 10000 voxels done Correlation: 0.2954763891765916
/home/fhopp/.conda/envs/mjs/lib/python3.8/site-packages/nilearn/masking.py:980: UserWarning: Data array used to create a new image contains 64-bit ints. This is likely due to creating the array with numpy and passing `int` as the `dtype`. Many tools such as FSL and SPM cannot deal with int64 in Nifti images, so for compatibility the data has been converted to int32.
  return new_img_like(mask_img, unmasked, affine)
Network 5 - Frontoparietal: 50 voxels done Correlation: 0.13664097857344415
Network 5 - Frontoparietal: 150 voxels done Correlation: 0.24973283114207684
Network 5 - Frontoparietal: 250 voxels done Correlation: 0.1537106233397023
Network 5 - Frontoparietal: 500 voxels done Correlation: 0.21390725548137648
Network 5 - Frontoparietal: 750 voxels done Correlation: 0.215133632671688
Network 5 - Frontoparietal: 1000 voxels done Correlation: 0.21647222940362384
Network 5 - Frontoparietal: 1500 voxels done Correlation: 0.24577729951645438
Network 5 - Frontoparietal: 3000 voxels done Correlation: 0.23564117349607175
Network 5 - Frontoparietal: 5000 voxels done Correlation: 0.22792656479195272
Network 5 - Frontoparietal: 6500 voxels done Correlation: 0.2498897137483172
Network 5 - Frontoparietal: 10000 voxels done Correlation: 0.23534139175948612
Network 5 - Frontoparietal: 15000 voxels done Correlation: 0.23954071080098802
/home/fhopp/.conda/envs/mjs/lib/python3.8/site-packages/nilearn/masking.py:980: UserWarning: Data array used to create a new image contains 64-bit ints. This is likely due to creating the array with numpy and passing `int` as the `dtype`. Many tools such as FSL and SPM cannot deal with int64 in Nifti images, so for compatibility the data has been converted to int32.
  return new_img_like(mask_img, unmasked, affine)
Network 6 - Default Mode: 50 voxels done Correlation: 0.2537056104749098
Network 6 - Default Mode: 150 voxels done Correlation: 0.3794606010379648
Network 6 - Default Mode: 250 voxels done Correlation: 0.376104312468844
Network 6 - Default Mode: 500 voxels done Correlation: 0.3928220471587396
Network 6 - Default Mode: 750 voxels done Correlation: 0.3085262746348961
Network 6 - Default Mode: 1000 voxels done Correlation: 0.39380539875413634
Network 6 - Default Mode: 1500 voxels done Correlation: 0.4274420181346584
Network 6 - Default Mode: 3000 voxels done Correlation: 0.4094114889240489
Network 6 - Default Mode: 5000 voxels done Correlation: 0.39262931446348803
Network 6 - Default Mode: 6500 voxels done Correlation: 0.39367875155442006
Network 6 - Default Mode: 10000 voxels done Correlation: 0.4127988493087842
Network 6 - Default Mode: 15000 voxels done Correlation: 0.39529021987960716
Network 6 - Default Mode: 25000 voxels done Correlation: 0.41000603298584926
/home/fhopp/.conda/envs/mjs/lib/python3.8/site-packages/nilearn/masking.py:980: UserWarning: Data array used to create a new image contains 64-bit ints. This is likely due to creating the array with numpy and passing `int` as the `dtype`. Many tools such as FSL and SPM cannot deal with int64 in Nifti images, so for compatibility the data has been converted to int32.
  return new_img_like(mask_img, unmasked, affine)
Network 7 - Subcortical: 50 voxels done Correlation: 0.14640163582715687
Network 7 - Subcortical: 150 voxels done Correlation: 0.13937967100132737
Network 7 - Subcortical: 250 voxels done Correlation: 0.2820304364167495
Network 7 - Subcortical: 500 voxels done Correlation: 0.232446742096306
Network 7 - Subcortical: 750 voxels done Correlation: 0.18629664776794858
Network 7 - Subcortical: 1000 voxels done Correlation: 0.20201972469211615
Network 7 - Subcortical: 1500 voxels done Correlation: 0.20978457196419717
Network 7 - Subcortical: 3000 voxels done Correlation: 0.17779403075139513
Network 7 - Subcortical: 5000 voxels done Correlation: 0.18663252677112918
Network 7 - Subcortical: 6500 voxels done Correlation: 0.1673407742504778
Network 7 - Subcortical: 10000 voxels done Correlation: 0.16587445406008705
Network 8 - Consciousness: 50 voxels done Correlation: 0.15690041871862787
Network 8 - Consciousness: 150 voxels done Correlation: 0.4397446529115365
Network 8 - Consciousness: 250 voxels done Correlation: 0.275453327039345
Network 8 - Consciousness: 500 voxels done Correlation: 0.43140136366073617
Network 8 - Consciousness: 750 voxels done Correlation: 0.35406141482096176
Network 8 - Consciousness: 1000 voxels done Correlation: 0.3987195771693064
Network 8 - Consciousness: 1500 voxels done Correlation: 0.4355834063102956
Network 8 - Consciousness: 3000 voxels done Correlation: 0.4293076187873125
Network 8 - Consciousness: 5000 voxels done Correlation: 0.4373095719911541
Network 8 - Consciousness: 6500 voxels done Correlation: 0.45714804018777827
Network 8 - Consciousness: 10000 voxels done Correlation: 0.45971004070667465
Network 8 - Consciousness: 15000 voxels done Correlation: 0.481102611522977
Network 8 - Consciousness: 25000 voxels done Correlation: 0.4624761866003038
Network 8 - Consciousness: 50000 voxels done Correlation: 0.467670067356606
