Running job on: nash
Iteration: 945
Starting spatial evaluation...
/home/fhopp/.conda/envs/mjs/lib/python3.8/site-packages/nilearn/maskers/nifti_masker.py:110: UserWarning: imgs are being resampled to the mask_img resolution. This process is memory intensive. You might want to provide a target_affine that is equal to the affine of the imgs or resample the mask beforehand to save memory and computation time.
  warnings.warn(
/home/fhopp/.conda/envs/mjs/lib/python3.8/site-packages/nilearn/masking.py:980: UserWarning: Data array used to create a new image contains 64-bit ints. This is likely due to creating the array with numpy and passing `int` as the `dtype`. Many tools such as FSL and SPM cannot deal with int64 in Nifti images, so for compatibility the data has been converted to int32.
  return new_img_like(mask_img, unmasked, affine)
Network 0 - Visual: 50 voxels done Correlation: 0.6791516543644811
Network 0 - Visual: 150 voxels done Correlation: 0.678579542486494
Network 0 - Visual: 250 voxels done Correlation: 0.48960621698679346
Network 0 - Visual: 500 voxels done Correlation: 0.5481931892779807
Network 0 - Visual: 750 voxels done Correlation: 0.542349479380369
Network 0 - Visual: 1000 voxels done Correlation: 0.6148016580385711
Network 0 - Visual: 1500 voxels done Correlation: 0.6375957552395406
Network 0 - Visual: 3000 voxels done Correlation: 0.5887912134697648
Network 0 - Visual: 5000 voxels done Correlation: 0.63218786006502
Network 0 - Visual: 6500 voxels done Correlation: 0.6170817585262152
Network 0 - Visual: 10000 voxels done Correlation: 0.6282472299055115
Network 0 - Visual: 15000 voxels done Correlation: 0.6293802059483176
/home/fhopp/.conda/envs/mjs/lib/python3.8/site-packages/nilearn/masking.py:980: UserWarning: Data array used to create a new image contains 64-bit ints. This is likely due to creating the array with numpy and passing `int` as the `dtype`. Many tools such as FSL and SPM cannot deal with int64 in Nifti images, so for compatibility the data has been converted to int32.
  return new_img_like(mask_img, unmasked, affine)
Network 1 - Somatomotor: 50 voxels done Correlation: 0.16404358042520362
Network 1 - Somatomotor: 150 voxels done Correlation: 0.22133923700114247
Network 1 - Somatomotor: 250 voxels done Correlation: 0.25348991353750205
Network 1 - Somatomotor: 500 voxels done Correlation: 0.3259703489930848
Network 1 - Somatomotor: 750 voxels done Correlation: 0.28599719267184653
Network 1 - Somatomotor: 1000 voxels done Correlation: 0.3140614760468935
Network 1 - Somatomotor: 1500 voxels done Correlation: 0.3349059038790596
Network 1 - Somatomotor: 3000 voxels done Correlation: 0.3462317616346294
Network 1 - Somatomotor: 5000 voxels done Correlation: 0.3447044902580931
Network 1 - Somatomotor: 6500 voxels done Correlation: 0.3507488301162053
Network 1 - Somatomotor: 10000 voxels done Correlation: 0.3554043125527502
Network 1 - Somatomotor: 15000 voxels done Correlation: 0.3439408133169469
/home/fhopp/.conda/envs/mjs/lib/python3.8/site-packages/nilearn/masking.py:980: UserWarning: Data array used to create a new image contains 64-bit ints. This is likely due to creating the array with numpy and passing `int` as the `dtype`. Many tools such as FSL and SPM cannot deal with int64 in Nifti images, so for compatibility the data has been converted to int32.
  return new_img_like(mask_img, unmasked, affine)
Network 2 - dAttention: 50 voxels done Correlation: 0.17269240938641076
Network 2 - dAttention: 150 voxels done Correlation: 0.26457555015134765
Network 2 - dAttention: 250 voxels done Correlation: 0.2971477077491498
Network 2 - dAttention: 500 voxels done Correlation: 0.2942776483533086
Network 2 - dAttention: 750 voxels done Correlation: 0.3313671224974981
Network 2 - dAttention: 1000 voxels done Correlation: 0.29189222672120724
Network 2 - dAttention: 1500 voxels done Correlation: 0.34085753858877343
Network 2 - dAttention: 3000 voxels done Correlation: 0.33281299234803335
Network 2 - dAttention: 5000 voxels done Correlation: 0.31661844966289765
Network 2 - dAttention: 6500 voxels done Correlation: 0.33333004381234693
Network 2 - dAttention: 10000 voxels done Correlation: 0.32835477930419443
Network 2 - dAttention: 15000 voxels done Correlation: 0.32630710759140763
/home/fhopp/.conda/envs/mjs/lib/python3.8/site-packages/nilearn/masking.py:980: UserWarning: Data array used to create a new image contains 64-bit ints. This is likely due to creating the array with numpy and passing `int` as the `dtype`. Many tools such as FSL and SPM cannot deal with int64 in Nifti images, so for compatibility the data has been converted to int32.
  return new_img_like(mask_img, unmasked, affine)
Network 3 - vAttention: 50 voxels done Correlation: 0.1495849801731637
Network 3 - vAttention: 150 voxels done Correlation: 0.31468619586431634
Network 3 - vAttention: 250 voxels done Correlation: 0.27907853746593625
Network 3 - vAttention: 500 voxels done Correlation: 0.3669325467774247
Network 3 - vAttention: 750 voxels done Correlation: 0.3387397932912424
Network 3 - vAttention: 1000 voxels done Correlation: 0.31174410566305816
Network 3 - vAttention: 1500 voxels done Correlation: 0.3055180816796996
Network 3 - vAttention: 3000 voxels done Correlation: 0.363973636108743
Network 3 - vAttention: 5000 voxels done Correlation: 0.371340138892844
Network 3 - vAttention: 6500 voxels done Correlation: 0.37352958837406647
Network 3 - vAttention: 10000 voxels done Correlation: 0.38035472061320985
Network 3 - vAttention: 15000 voxels done Correlation: 0.3882992114460491
/home/fhopp/.conda/envs/mjs/lib/python3.8/site-packages/nilearn/masking.py:980: UserWarning: Data array used to create a new image contains 64-bit ints. This is likely due to creating the array with numpy and passing `int` as the `dtype`. Many tools such as FSL and SPM cannot deal with int64 in Nifti images, so for compatibility the data has been converted to int32.
  return new_img_like(mask_img, unmasked, affine)
Network 4 - Limbic: 50 voxels done Correlation: 0.20024115847864365
Network 4 - Limbic: 150 voxels done Correlation: 0.24382206272393503
Network 4 - Limbic: 250 voxels done Correlation: 0.25186298102994925
Network 4 - Limbic: 500 voxels done Correlation: 0.3138851589063901
Network 4 - Limbic: 750 voxels done Correlation: 0.23682925901239216
Network 4 - Limbic: 1000 voxels done Correlation: 0.23561189494921442
Network 4 - Limbic: 1500 voxels done Correlation: 0.23762557575542112
Network 4 - Limbic: 3000 voxels done Correlation: 0.2864235343856686
Network 4 - Limbic: 5000 voxels done Correlation: 0.2745743761317835
Network 4 - Limbic: 6500 voxels done Correlation: 0.2884860065992314
Network 4 - Limbic: 10000 voxels done Correlation: 0.28230438991141066
/home/fhopp/.conda/envs/mjs/lib/python3.8/site-packages/nilearn/masking.py:980: UserWarning: Data array used to create a new image contains 64-bit ints. This is likely due to creating the array with numpy and passing `int` as the `dtype`. Many tools such as FSL and SPM cannot deal with int64 in Nifti images, so for compatibility the data has been converted to int32.
  return new_img_like(mask_img, unmasked, affine)
Network 5 - Frontoparietal: 50 voxels done Correlation: 0.2057824712970754
Network 5 - Frontoparietal: 150 voxels done Correlation: 0.2095743664217443
Network 5 - Frontoparietal: 250 voxels done Correlation: 0.19642911461336032
Network 5 - Frontoparietal: 500 voxels done Correlation: 0.20458423463461772
Network 5 - Frontoparietal: 750 voxels done Correlation: 0.23207815707482016
Network 5 - Frontoparietal: 1000 voxels done Correlation: 0.2292354650774724
Network 5 - Frontoparietal: 1500 voxels done Correlation: 0.25021756693694275
Network 5 - Frontoparietal: 3000 voxels done Correlation: 0.2240653537366296
Network 5 - Frontoparietal: 5000 voxels done Correlation: 0.23410091991745544
Network 5 - Frontoparietal: 6500 voxels done Correlation: 0.2304356021945782
Network 5 - Frontoparietal: 10000 voxels done Correlation: 0.24679453810413765
Network 5 - Frontoparietal: 15000 voxels done Correlation: 0.2403504731073147
/home/fhopp/.conda/envs/mjs/lib/python3.8/site-packages/nilearn/masking.py:980: UserWarning: Data array used to create a new image contains 64-bit ints. This is likely due to creating the array with numpy and passing `int` as the `dtype`. Many tools such as FSL and SPM cannot deal with int64 in Nifti images, so for compatibility the data has been converted to int32.
  return new_img_like(mask_img, unmasked, affine)
Network 6 - Default Mode: 50 voxels done Correlation: 0.2936470905841484
Network 6 - Default Mode: 150 voxels done Correlation: 0.38942533111640565
Network 6 - Default Mode: 250 voxels done Correlation: 0.32315237658464097
Network 6 - Default Mode: 500 voxels done Correlation: 0.3345785820237269
Network 6 - Default Mode: 750 voxels done Correlation: 0.36495172260588266
Network 6 - Default Mode: 1000 voxels done Correlation: 0.3586067809948309
Network 6 - Default Mode: 1500 voxels done Correlation: 0.3659038679457136
Network 6 - Default Mode: 3000 voxels done Correlation: 0.3901765026452817
Network 6 - Default Mode: 5000 voxels done Correlation: 0.4122020526862127
Network 6 - Default Mode: 6500 voxels done Correlation: 0.4102687921117547
Network 6 - Default Mode: 10000 voxels done Correlation: 0.41721040837989853
Network 6 - Default Mode: 15000 voxels done Correlation: 0.40964190088809066
Network 6 - Default Mode: 25000 voxels done Correlation: 0.4139077359892174
/home/fhopp/.conda/envs/mjs/lib/python3.8/site-packages/nilearn/masking.py:980: UserWarning: Data array used to create a new image contains 64-bit ints. This is likely due to creating the array with numpy and passing `int` as the `dtype`. Many tools such as FSL and SPM cannot deal with int64 in Nifti images, so for compatibility the data has been converted to int32.
  return new_img_like(mask_img, unmasked, affine)
Network 7 - Subcortical: 50 voxels done Correlation: 0.11287207055069187
Network 7 - Subcortical: 150 voxels done Correlation: 0.15635372684324209
Network 7 - Subcortical: 250 voxels done Correlation: 0.17551096122069296
Network 7 - Subcortical: 500 voxels done Correlation: 0.1561845569438912
Network 7 - Subcortical: 750 voxels done Correlation: 0.22873840923793254
Network 7 - Subcortical: 1000 voxels done Correlation: 0.2759439383636762
Network 7 - Subcortical: 1500 voxels done Correlation: 0.17461645848590082
Network 7 - Subcortical: 3000 voxels done Correlation: 0.1778883936518197
Network 7 - Subcortical: 5000 voxels done Correlation: 0.16722986161112985
Network 7 - Subcortical: 6500 voxels done Correlation: 0.15674208591454603
Network 7 - Subcortical: 10000 voxels done Correlation: 0.16764388955635512
Network 8 - Consciousness: 50 voxels done Correlation: 0.230331973858524
Network 8 - Consciousness: 150 voxels done Correlation: 0.3504760816141509
Network 8 - Consciousness: 250 voxels done Correlation: 0.3568268528428793
Network 8 - Consciousness: 500 voxels done Correlation: 0.42118094955825147
Network 8 - Consciousness: 750 voxels done Correlation: 0.3488534492677019
Network 8 - Consciousness: 1000 voxels done Correlation: 0.39880330756064986
Network 8 - Consciousness: 1500 voxels done Correlation: 0.4242709233584928
Network 8 - Consciousness: 3000 voxels done Correlation: 0.4310407178537807
Network 8 - Consciousness: 5000 voxels done Correlation: 0.42221015883432367
Network 8 - Consciousness: 6500 voxels done Correlation: 0.4657137378091086
Network 8 - Consciousness: 10000 voxels done Correlation: 0.4713680365645664
Network 8 - Consciousness: 15000 voxels done Correlation: 0.4825343936935206
Network 8 - Consciousness: 25000 voxels done Correlation: 0.4589177761947236
Network 8 - Consciousness: 50000 voxels done Correlation: 0.4665845400184021
