Running job on: cox
Iteration: 590
Starting spatial evaluation...
/home/fhopp/.conda/envs/mjs/lib/python3.8/site-packages/nilearn/maskers/nifti_masker.py:110: UserWarning: imgs are being resampled to the mask_img resolution. This process is memory intensive. You might want to provide a target_affine that is equal to the affine of the imgs or resample the mask beforehand to save memory and computation time.
  warnings.warn(
/home/fhopp/.conda/envs/mjs/lib/python3.8/site-packages/nilearn/masking.py:980: UserWarning: Data array used to create a new image contains 64-bit ints. This is likely due to creating the array with numpy and passing `int` as the `dtype`. Many tools such as FSL and SPM cannot deal with int64 in Nifti images, so for compatibility the data has been converted to int32.
  return new_img_like(mask_img, unmasked, affine)
Network 0 - Visual: 50 voxels done Correlation: 0.6457463352400332
Network 0 - Visual: 150 voxels done Correlation: 0.6168909795064245
Network 0 - Visual: 250 voxels done Correlation: 0.5522266801816241
Network 0 - Visual: 500 voxels done Correlation: 0.5871976645581074
Network 0 - Visual: 750 voxels done Correlation: 0.58763945644365
Network 0 - Visual: 1000 voxels done Correlation: 0.5786630548388569
Network 0 - Visual: 1500 voxels done Correlation: 0.62404961045179
Network 0 - Visual: 3000 voxels done Correlation: 0.6317554538434906
Network 0 - Visual: 5000 voxels done Correlation: 0.6300319372957712
Network 0 - Visual: 6500 voxels done Correlation: 0.6234615022907006
Network 0 - Visual: 10000 voxels done Correlation: 0.6243489386931942
Network 0 - Visual: 15000 voxels done Correlation: 0.6267882101436046
/home/fhopp/.conda/envs/mjs/lib/python3.8/site-packages/nilearn/masking.py:980: UserWarning: Data array used to create a new image contains 64-bit ints. This is likely due to creating the array with numpy and passing `int` as the `dtype`. Many tools such as FSL and SPM cannot deal with int64 in Nifti images, so for compatibility the data has been converted to int32.
  return new_img_like(mask_img, unmasked, affine)
Network 1 - Somatomotor: 50 voxels done Correlation: 0.23291074175264947
Network 1 - Somatomotor: 150 voxels done Correlation: 0.4042835587735946
Network 1 - Somatomotor: 250 voxels done Correlation: 0.32623934844726576
Network 1 - Somatomotor: 500 voxels done Correlation: 0.33769498389261055
Network 1 - Somatomotor: 750 voxels done Correlation: 0.33938812264255147
Network 1 - Somatomotor: 1000 voxels done Correlation: 0.3477419159883184
Network 1 - Somatomotor: 1500 voxels done Correlation: 0.35331748661276885
Network 1 - Somatomotor: 3000 voxels done Correlation: 0.3337657258013443
Network 1 - Somatomotor: 5000 voxels done Correlation: 0.3377994313281008
Network 1 - Somatomotor: 6500 voxels done Correlation: 0.34044724692034867
Network 1 - Somatomotor: 10000 voxels done Correlation: 0.3569113282492781
Network 1 - Somatomotor: 15000 voxels done Correlation: 0.3451447522761337
/home/fhopp/.conda/envs/mjs/lib/python3.8/site-packages/nilearn/masking.py:980: UserWarning: Data array used to create a new image contains 64-bit ints. This is likely due to creating the array with numpy and passing `int` as the `dtype`. Many tools such as FSL and SPM cannot deal with int64 in Nifti images, so for compatibility the data has been converted to int32.
  return new_img_like(mask_img, unmasked, affine)
Network 2 - dAttention: 50 voxels done Correlation: 0.21257164755154256
Network 2 - dAttention: 150 voxels done Correlation: 0.22958649882610857
Network 2 - dAttention: 250 voxels done Correlation: 0.3650031323622275
Network 2 - dAttention: 500 voxels done Correlation: 0.32192096898833467
Network 2 - dAttention: 750 voxels done Correlation: 0.26796506163996625
Network 2 - dAttention: 1000 voxels done Correlation: 0.3017135073325523
Network 2 - dAttention: 1500 voxels done Correlation: 0.32012382745352064
Network 2 - dAttention: 3000 voxels done Correlation: 0.31325987469314465
Network 2 - dAttention: 5000 voxels done Correlation: 0.3202177563412333
Network 2 - dAttention: 6500 voxels done Correlation: 0.3269236400020252
Network 2 - dAttention: 10000 voxels done Correlation: 0.3246683269163776
Network 2 - dAttention: 15000 voxels done Correlation: 0.33783456198543804
/home/fhopp/.conda/envs/mjs/lib/python3.8/site-packages/nilearn/masking.py:980: UserWarning: Data array used to create a new image contains 64-bit ints. This is likely due to creating the array with numpy and passing `int` as the `dtype`. Many tools such as FSL and SPM cannot deal with int64 in Nifti images, so for compatibility the data has been converted to int32.
  return new_img_like(mask_img, unmasked, affine)
Network 3 - vAttention: 50 voxels done Correlation: 0.21763018418314808
Network 3 - vAttention: 150 voxels done Correlation: 0.3158150422856897
Network 3 - vAttention: 250 voxels done Correlation: 0.324046445111549
Network 3 - vAttention: 500 voxels done Correlation: 0.36335285517612437
Network 3 - vAttention: 750 voxels done Correlation: 0.3250590631824783
Network 3 - vAttention: 1000 voxels done Correlation: 0.3619367332582898
Network 3 - vAttention: 1500 voxels done Correlation: 0.31170461265260263
Network 3 - vAttention: 3000 voxels done Correlation: 0.3812303864252188
Network 3 - vAttention: 5000 voxels done Correlation: 0.37461264354034374
Network 3 - vAttention: 6500 voxels done Correlation: 0.3740792959170254
Network 3 - vAttention: 10000 voxels done Correlation: 0.3703319395977832
Network 3 - vAttention: 15000 voxels done Correlation: 0.38851838270009087
/home/fhopp/.conda/envs/mjs/lib/python3.8/site-packages/nilearn/masking.py:980: UserWarning: Data array used to create a new image contains 64-bit ints. This is likely due to creating the array with numpy and passing `int` as the `dtype`. Many tools such as FSL and SPM cannot deal with int64 in Nifti images, so for compatibility the data has been converted to int32.
  return new_img_like(mask_img, unmasked, affine)
Network 4 - Limbic: 50 voxels done Correlation: 0.2500211305304747
Network 4 - Limbic: 150 voxels done Correlation: 0.2585669925493179
Network 4 - Limbic: 250 voxels done Correlation: 0.18777400646405873
Network 4 - Limbic: 500 voxels done Correlation: 0.30223345453771966
Network 4 - Limbic: 750 voxels done Correlation: 0.29889103351711876
Network 4 - Limbic: 1000 voxels done Correlation: 0.2757649924761608
Network 4 - Limbic: 1500 voxels done Correlation: 0.29178963563747057
Network 4 - Limbic: 3000 voxels done Correlation: 0.294278140610376
Network 4 - Limbic: 5000 voxels done Correlation: 0.2819796923974836
Network 4 - Limbic: 6500 voxels done Correlation: 0.2998225531088895
Network 4 - Limbic: 10000 voxels done Correlation: 0.28843990865293057
/home/fhopp/.conda/envs/mjs/lib/python3.8/site-packages/nilearn/masking.py:980: UserWarning: Data array used to create a new image contains 64-bit ints. This is likely due to creating the array with numpy and passing `int` as the `dtype`. Many tools such as FSL and SPM cannot deal with int64 in Nifti images, so for compatibility the data has been converted to int32.
  return new_img_like(mask_img, unmasked, affine)
Network 5 - Frontoparietal: 50 voxels done Correlation: 0.17303139155740238
Network 5 - Frontoparietal: 150 voxels done Correlation: 0.3064663298792112
Network 5 - Frontoparietal: 250 voxels done Correlation: 0.1645775483381185
Network 5 - Frontoparietal: 500 voxels done Correlation: 0.25635569416316395
Network 5 - Frontoparietal: 750 voxels done Correlation: 0.25243036524838336
Network 5 - Frontoparietal: 1000 voxels done Correlation: 0.2321265800754733
Network 5 - Frontoparietal: 1500 voxels done Correlation: 0.23308395705477697
Network 5 - Frontoparietal: 3000 voxels done Correlation: 0.21933372782311567
Network 5 - Frontoparietal: 5000 voxels done Correlation: 0.22663938281814405
Network 5 - Frontoparietal: 6500 voxels done Correlation: 0.23740010045485035
Network 5 - Frontoparietal: 10000 voxels done Correlation: 0.23695382368987172
Network 5 - Frontoparietal: 15000 voxels done Correlation: 0.23629892442852754
/home/fhopp/.conda/envs/mjs/lib/python3.8/site-packages/nilearn/masking.py:980: UserWarning: Data array used to create a new image contains 64-bit ints. This is likely due to creating the array with numpy and passing `int` as the `dtype`. Many tools such as FSL and SPM cannot deal with int64 in Nifti images, so for compatibility the data has been converted to int32.
  return new_img_like(mask_img, unmasked, affine)
Network 6 - Default Mode: 50 voxels done Correlation: 0.260241542282076
Network 6 - Default Mode: 150 voxels done Correlation: 0.34075613580753195
Network 6 - Default Mode: 250 voxels done Correlation: 0.35978083403382277
Network 6 - Default Mode: 500 voxels done Correlation: 0.43804732139843183
Network 6 - Default Mode: 750 voxels done Correlation: 0.37410497748753346
Network 6 - Default Mode: 1000 voxels done Correlation: 0.3211273554387855
Network 6 - Default Mode: 1500 voxels done Correlation: 0.33698144516446576
Network 6 - Default Mode: 3000 voxels done Correlation: 0.4256051043476199
Network 6 - Default Mode: 5000 voxels done Correlation: 0.3802561577950782
Network 6 - Default Mode: 6500 voxels done Correlation: 0.40863729418836453
Network 6 - Default Mode: 10000 voxels done Correlation: 0.405930942333376
Network 6 - Default Mode: 15000 voxels done Correlation: 0.40571813076567886
Network 6 - Default Mode: 25000 voxels done Correlation: 0.40985722062175967
/home/fhopp/.conda/envs/mjs/lib/python3.8/site-packages/nilearn/masking.py:980: UserWarning: Data array used to create a new image contains 64-bit ints. This is likely due to creating the array with numpy and passing `int` as the `dtype`. Many tools such as FSL and SPM cannot deal with int64 in Nifti images, so for compatibility the data has been converted to int32.
  return new_img_like(mask_img, unmasked, affine)
Network 7 - Subcortical: 50 voxels done Correlation: 0.12904349764961875
Network 7 - Subcortical: 150 voxels done Correlation: 0.15231227594403368
Network 7 - Subcortical: 250 voxels done Correlation: 0.19885358877898895
Network 7 - Subcortical: 500 voxels done Correlation: 0.22896081931938367
Network 7 - Subcortical: 750 voxels done Correlation: 0.23532750034448735
Network 7 - Subcortical: 1000 voxels done Correlation: 0.21056068428062433
Network 7 - Subcortical: 1500 voxels done Correlation: 0.21549609384710006
Network 7 - Subcortical: 3000 voxels done Correlation: 0.1443131353952072
Network 7 - Subcortical: 5000 voxels done Correlation: 0.153399477155014
Network 7 - Subcortical: 6500 voxels done Correlation: 0.1695238021163522
Network 7 - Subcortical: 10000 voxels done Correlation: 0.1617024740992239
Network 8 - Consciousness: 50 voxels done Correlation: 0.19024082170179116
Network 8 - Consciousness: 150 voxels done Correlation: 0.34401216694332476
Network 8 - Consciousness: 250 voxels done Correlation: 0.3754190963289952
Network 8 - Consciousness: 500 voxels done Correlation: 0.37666558718554455
Network 8 - Consciousness: 750 voxels done Correlation: 0.41801562194209163
Network 8 - Consciousness: 1000 voxels done Correlation: 0.39155882182916585
Network 8 - Consciousness: 1500 voxels done Correlation: 0.49106541101196416
Network 8 - Consciousness: 3000 voxels done Correlation: 0.47435410802059963
Network 8 - Consciousness: 5000 voxels done Correlation: 0.47081462724645773
Network 8 - Consciousness: 6500 voxels done Correlation: 0.44444340630485657
Network 8 - Consciousness: 10000 voxels done Correlation: 0.43383686480306516
Network 8 - Consciousness: 15000 voxels done Correlation: 0.45799333698124467
Network 8 - Consciousness: 25000 voxels done Correlation: 0.4712877579541652
Network 8 - Consciousness: 50000 voxels done Correlation: 0.46514705677540946
