Running job on: wood
Iteration: 98
Starting spatial evaluation...
/home/fhopp/.conda/envs/mjs/lib/python3.8/site-packages/nilearn/maskers/nifti_masker.py:110: UserWarning: imgs are being resampled to the mask_img resolution. This process is memory intensive. You might want to provide a target_affine that is equal to the affine of the imgs or resample the mask beforehand to save memory and computation time.
  warnings.warn(
/home/fhopp/.conda/envs/mjs/lib/python3.8/site-packages/nilearn/masking.py:980: UserWarning: Data array used to create a new image contains 64-bit ints. This is likely due to creating the array with numpy and passing `int` as the `dtype`. Many tools such as FSL and SPM cannot deal with int64 in Nifti images, so for compatibility the data has been converted to int32.
  return new_img_like(mask_img, unmasked, affine)
Network 0 - Visual: 50 voxels done Correlation: 0.5756945449492371
Network 0 - Visual: 150 voxels done Correlation: 0.5492089537212862
Network 0 - Visual: 250 voxels done Correlation: 0.6075249564862955
Network 0 - Visual: 500 voxels done Correlation: 0.6168477890673905
Network 0 - Visual: 750 voxels done Correlation: 0.6158546035920007
Network 0 - Visual: 1000 voxels done Correlation: 0.6011408520523392
Network 0 - Visual: 1500 voxels done Correlation: 0.6037800628782197
Network 0 - Visual: 3000 voxels done Correlation: 0.623053019696981
Network 0 - Visual: 5000 voxels done Correlation: 0.6297847460105543
Network 0 - Visual: 6500 voxels done Correlation: 0.6165389199415202
Network 0 - Visual: 10000 voxels done Correlation: 0.618577711564227
Network 0 - Visual: 15000 voxels done Correlation: 0.6318191300949297
/home/fhopp/.conda/envs/mjs/lib/python3.8/site-packages/nilearn/masking.py:980: UserWarning: Data array used to create a new image contains 64-bit ints. This is likely due to creating the array with numpy and passing `int` as the `dtype`. Many tools such as FSL and SPM cannot deal with int64 in Nifti images, so for compatibility the data has been converted to int32.
  return new_img_like(mask_img, unmasked, affine)
Network 1 - Somatomotor: 50 voxels done Correlation: 0.21751187674049222
Network 1 - Somatomotor: 150 voxels done Correlation: 0.33087821752886387
Network 1 - Somatomotor: 250 voxels done Correlation: 0.3605345230608884
Network 1 - Somatomotor: 500 voxels done Correlation: 0.3708293407512836
Network 1 - Somatomotor: 750 voxels done Correlation: 0.3601487700242374
Network 1 - Somatomotor: 1000 voxels done Correlation: 0.3387446192635398
Network 1 - Somatomotor: 1500 voxels done Correlation: 0.340723737230475
Network 1 - Somatomotor: 3000 voxels done Correlation: 0.3391119088021187
Network 1 - Somatomotor: 5000 voxels done Correlation: 0.3208244488073691
Network 1 - Somatomotor: 6500 voxels done Correlation: 0.3364910751420577
Network 1 - Somatomotor: 10000 voxels done Correlation: 0.34855240924005393
Network 1 - Somatomotor: 15000 voxels done Correlation: 0.34523198279085315
/home/fhopp/.conda/envs/mjs/lib/python3.8/site-packages/nilearn/masking.py:980: UserWarning: Data array used to create a new image contains 64-bit ints. This is likely due to creating the array with numpy and passing `int` as the `dtype`. Many tools such as FSL and SPM cannot deal with int64 in Nifti images, so for compatibility the data has been converted to int32.
  return new_img_like(mask_img, unmasked, affine)
Network 2 - dAttention: 50 voxels done Correlation: 0.2694769605577458
Network 2 - dAttention: 150 voxels done Correlation: 0.26621407371152694
Network 2 - dAttention: 250 voxels done Correlation: 0.3292135802191042
Network 2 - dAttention: 500 voxels done Correlation: 0.29314380335954326
Network 2 - dAttention: 750 voxels done Correlation: 0.34880836480983535
Network 2 - dAttention: 1000 voxels done Correlation: 0.2802952404987773
Network 2 - dAttention: 1500 voxels done Correlation: 0.34405771986510225
Network 2 - dAttention: 3000 voxels done Correlation: 0.29445411428237783
Network 2 - dAttention: 5000 voxels done Correlation: 0.34080134025713155
Network 2 - dAttention: 6500 voxels done Correlation: 0.3360612613468701
Network 2 - dAttention: 10000 voxels done Correlation: 0.33220423005050004
Network 2 - dAttention: 15000 voxels done Correlation: 0.33488091915733015
/home/fhopp/.conda/envs/mjs/lib/python3.8/site-packages/nilearn/masking.py:980: UserWarning: Data array used to create a new image contains 64-bit ints. This is likely due to creating the array with numpy and passing `int` as the `dtype`. Many tools such as FSL and SPM cannot deal with int64 in Nifti images, so for compatibility the data has been converted to int32.
  return new_img_like(mask_img, unmasked, affine)
Network 3 - vAttention: 50 voxels done Correlation: 0.19274244355140974
Network 3 - vAttention: 150 voxels done Correlation: 0.25730503538042737
Network 3 - vAttention: 250 voxels done Correlation: 0.31202465141045976
Network 3 - vAttention: 500 voxels done Correlation: 0.3352307222061557
Network 3 - vAttention: 750 voxels done Correlation: 0.3913530438979179
Network 3 - vAttention: 1000 voxels done Correlation: 0.33138565592473057
Network 3 - vAttention: 1500 voxels done Correlation: 0.3312817297964269
Network 3 - vAttention: 3000 voxels done Correlation: 0.3722606089528664
Network 3 - vAttention: 5000 voxels done Correlation: 0.38189830793955126
Network 3 - vAttention: 6500 voxels done Correlation: 0.37907303775024176
Network 3 - vAttention: 10000 voxels done Correlation: 0.385901555908053
Network 3 - vAttention: 15000 voxels done Correlation: 0.3887262626599636
/home/fhopp/.conda/envs/mjs/lib/python3.8/site-packages/nilearn/masking.py:980: UserWarning: Data array used to create a new image contains 64-bit ints. This is likely due to creating the array with numpy and passing `int` as the `dtype`. Many tools such as FSL and SPM cannot deal with int64 in Nifti images, so for compatibility the data has been converted to int32.
  return new_img_like(mask_img, unmasked, affine)
Network 4 - Limbic: 50 voxels done Correlation: 0.2380959800185078
Network 4 - Limbic: 150 voxels done Correlation: 0.3137527826576219
Network 4 - Limbic: 250 voxels done Correlation: 0.2580448095235574
Network 4 - Limbic: 500 voxels done Correlation: 0.3205958799703834
Network 4 - Limbic: 750 voxels done Correlation: 0.23183905614399405
Network 4 - Limbic: 1000 voxels done Correlation: 0.2674669250836508
Network 4 - Limbic: 1500 voxels done Correlation: 0.2813948920559133
Network 4 - Limbic: 3000 voxels done Correlation: 0.2929301047455707
Network 4 - Limbic: 5000 voxels done Correlation: 0.2914946420251889
Network 4 - Limbic: 6500 voxels done Correlation: 0.2864653483816091
Network 4 - Limbic: 10000 voxels done Correlation: 0.28499684996627866
/home/fhopp/.conda/envs/mjs/lib/python3.8/site-packages/nilearn/masking.py:980: UserWarning: Data array used to create a new image contains 64-bit ints. This is likely due to creating the array with numpy and passing `int` as the `dtype`. Many tools such as FSL and SPM cannot deal with int64 in Nifti images, so for compatibility the data has been converted to int32.
  return new_img_like(mask_img, unmasked, affine)
Network 5 - Frontoparietal: 50 voxels done Correlation: 0.2357814164300628
Network 5 - Frontoparietal: 150 voxels done Correlation: 0.18588738031644705
Network 5 - Frontoparietal: 250 voxels done Correlation: 0.16281538826364536
Network 5 - Frontoparietal: 500 voxels done Correlation: 0.19803779186477968
Network 5 - Frontoparietal: 750 voxels done Correlation: 0.22733437298825462
Network 5 - Frontoparietal: 1000 voxels done Correlation: 0.26518883888655964
Network 5 - Frontoparietal: 1500 voxels done Correlation: 0.2461767910322474
Network 5 - Frontoparietal: 3000 voxels done Correlation: 0.2494518549214318
Network 5 - Frontoparietal: 5000 voxels done Correlation: 0.23430636735091503
Network 5 - Frontoparietal: 6500 voxels done Correlation: 0.22957681390299622
Network 5 - Frontoparietal: 10000 voxels done Correlation: 0.2381474977716822
Network 5 - Frontoparietal: 15000 voxels done Correlation: 0.23726855233976535
/home/fhopp/.conda/envs/mjs/lib/python3.8/site-packages/nilearn/masking.py:980: UserWarning: Data array used to create a new image contains 64-bit ints. This is likely due to creating the array with numpy and passing `int` as the `dtype`. Many tools such as FSL and SPM cannot deal with int64 in Nifti images, so for compatibility the data has been converted to int32.
  return new_img_like(mask_img, unmasked, affine)
Network 6 - Default Mode: 50 voxels done Correlation: 0.21747277659674463
Network 6 - Default Mode: 150 voxels done Correlation: 0.2718326024603565
Network 6 - Default Mode: 250 voxels done Correlation: 0.3800082105286744
Network 6 - Default Mode: 500 voxels done Correlation: 0.4029850711029114
Network 6 - Default Mode: 750 voxels done Correlation: 0.3542990412313712
Network 6 - Default Mode: 1000 voxels done Correlation: 0.3536787935437905
Network 6 - Default Mode: 1500 voxels done Correlation: 0.41691596498310024
Network 6 - Default Mode: 3000 voxels done Correlation: 0.3958291757863527
Network 6 - Default Mode: 5000 voxels done Correlation: 0.40279952833403376
Network 6 - Default Mode: 6500 voxels done Correlation: 0.4271336342809018
Network 6 - Default Mode: 10000 voxels done Correlation: 0.4220546702501243
Network 6 - Default Mode: 15000 voxels done Correlation: 0.41160596155739637
Network 6 - Default Mode: 25000 voxels done Correlation: 0.4139985163036548
/home/fhopp/.conda/envs/mjs/lib/python3.8/site-packages/nilearn/masking.py:980: UserWarning: Data array used to create a new image contains 64-bit ints. This is likely due to creating the array with numpy and passing `int` as the `dtype`. Many tools such as FSL and SPM cannot deal with int64 in Nifti images, so for compatibility the data has been converted to int32.
  return new_img_like(mask_img, unmasked, affine)
Network 7 - Subcortical: 50 voxels done Correlation: 0.18851216566893828
Network 7 - Subcortical: 150 voxels done Correlation: 0.25066538489742995
Network 7 - Subcortical: 250 voxels done Correlation: 0.15503107903712968
Network 7 - Subcortical: 500 voxels done Correlation: 0.1492080976568369
Network 7 - Subcortical: 750 voxels done Correlation: 0.21330895786890677
Network 7 - Subcortical: 1000 voxels done Correlation: 0.19750582088774682
Network 7 - Subcortical: 1500 voxels done Correlation: 0.16463258564193506
Network 7 - Subcortical: 3000 voxels done Correlation: 0.1806086491188681
Network 7 - Subcortical: 5000 voxels done Correlation: 0.16146548505242814
Network 7 - Subcortical: 6500 voxels done Correlation: 0.16228015756132552
Network 7 - Subcortical: 10000 voxels done Correlation: 0.16477661270762178
Network 8 - Consciousness: 50 voxels done Correlation: 0.3562260733612085
Network 8 - Consciousness: 150 voxels done Correlation: 0.3392435687929813
Network 8 - Consciousness: 250 voxels done Correlation: 0.30789283725302274
Network 8 - Consciousness: 500 voxels done Correlation: 0.44582306143954503
Network 8 - Consciousness: 750 voxels done Correlation: 0.3550844054866911
Network 8 - Consciousness: 1000 voxels done Correlation: 0.40776067347293854
Network 8 - Consciousness: 1500 voxels done Correlation: 0.4161805036976324
Network 8 - Consciousness: 3000 voxels done Correlation: 0.42678372304447565
Network 8 - Consciousness: 5000 voxels done Correlation: 0.4494808576337137
Network 8 - Consciousness: 6500 voxels done Correlation: 0.4439390372018569
Network 8 - Consciousness: 10000 voxels done Correlation: 0.49150796969343663
Network 8 - Consciousness: 15000 voxels done Correlation: 0.4411987684507995
Network 8 - Consciousness: 25000 voxels done Correlation: 0.46468808140487333
Network 8 - Consciousness: 50000 voxels done Correlation: 0.46532330184571463
