Running job on: wood
Iteration: 564
Starting spatial evaluation...
/home/fhopp/.conda/envs/mjs/lib/python3.8/site-packages/nilearn/maskers/nifti_masker.py:110: UserWarning: imgs are being resampled to the mask_img resolution. This process is memory intensive. You might want to provide a target_affine that is equal to the affine of the imgs or resample the mask beforehand to save memory and computation time.
  warnings.warn(
/home/fhopp/.conda/envs/mjs/lib/python3.8/site-packages/nilearn/masking.py:980: UserWarning: Data array used to create a new image contains 64-bit ints. This is likely due to creating the array with numpy and passing `int` as the `dtype`. Many tools such as FSL and SPM cannot deal with int64 in Nifti images, so for compatibility the data has been converted to int32.
  return new_img_like(mask_img, unmasked, affine)
Network 0 - Visual: 50 voxels done Correlation: 0.6488665542495226
Network 0 - Visual: 150 voxels done Correlation: 0.615515098038227
Network 0 - Visual: 250 voxels done Correlation: 0.609713796774253
Network 0 - Visual: 500 voxels done Correlation: 0.5604479477433597
Network 0 - Visual: 750 voxels done Correlation: 0.5821697877801413
Network 0 - Visual: 1000 voxels done Correlation: 0.6103849262700746
Network 0 - Visual: 1500 voxels done Correlation: 0.6324386794538857
Network 0 - Visual: 3000 voxels done Correlation: 0.6261266370098187
Network 0 - Visual: 5000 voxels done Correlation: 0.6220487267697196
Network 0 - Visual: 6500 voxels done Correlation: 0.6258938727371589
Network 0 - Visual: 10000 voxels done Correlation: 0.6268334010763437
Network 0 - Visual: 15000 voxels done Correlation: 0.6307466617204895
/home/fhopp/.conda/envs/mjs/lib/python3.8/site-packages/nilearn/masking.py:980: UserWarning: Data array used to create a new image contains 64-bit ints. This is likely due to creating the array with numpy and passing `int` as the `dtype`. Many tools such as FSL and SPM cannot deal with int64 in Nifti images, so for compatibility the data has been converted to int32.
  return new_img_like(mask_img, unmasked, affine)
Network 1 - Somatomotor: 50 voxels done Correlation: 0.24955363360351449
Network 1 - Somatomotor: 150 voxels done Correlation: 0.34788789201078457
Network 1 - Somatomotor: 250 voxels done Correlation: 0.3112283568665005
Network 1 - Somatomotor: 500 voxels done Correlation: 0.31481980295348816
Network 1 - Somatomotor: 750 voxels done Correlation: 0.34450888891523795
Network 1 - Somatomotor: 1000 voxels done Correlation: 0.3819597513814056
Network 1 - Somatomotor: 1500 voxels done Correlation: 0.3443003020455202
Network 1 - Somatomotor: 3000 voxels done Correlation: 0.31583837822946015
Network 1 - Somatomotor: 5000 voxels done Correlation: 0.33051975523418103
Network 1 - Somatomotor: 6500 voxels done Correlation: 0.33914817662612795
Network 1 - Somatomotor: 10000 voxels done Correlation: 0.3490140154731247
Network 1 - Somatomotor: 15000 voxels done Correlation: 0.34342433701063846
/home/fhopp/.conda/envs/mjs/lib/python3.8/site-packages/nilearn/masking.py:980: UserWarning: Data array used to create a new image contains 64-bit ints. This is likely due to creating the array with numpy and passing `int` as the `dtype`. Many tools such as FSL and SPM cannot deal with int64 in Nifti images, so for compatibility the data has been converted to int32.
  return new_img_like(mask_img, unmasked, affine)
Network 2 - dAttention: 50 voxels done Correlation: 0.31228880859164
Network 2 - dAttention: 150 voxels done Correlation: 0.23026252577738238
Network 2 - dAttention: 250 voxels done Correlation: 0.29300187293653923
Network 2 - dAttention: 500 voxels done Correlation: 0.2734909181999589
Network 2 - dAttention: 750 voxels done Correlation: 0.2632666886803246
Network 2 - dAttention: 1000 voxels done Correlation: 0.3259184994403832
Network 2 - dAttention: 1500 voxels done Correlation: 0.3700320508811098
Network 2 - dAttention: 3000 voxels done Correlation: 0.3606891978178788
Network 2 - dAttention: 5000 voxels done Correlation: 0.3290264650446112
Network 2 - dAttention: 6500 voxels done Correlation: 0.33785011956945754
Network 2 - dAttention: 10000 voxels done Correlation: 0.3294506175072036
Network 2 - dAttention: 15000 voxels done Correlation: 0.3345947077950282
/home/fhopp/.conda/envs/mjs/lib/python3.8/site-packages/nilearn/masking.py:980: UserWarning: Data array used to create a new image contains 64-bit ints. This is likely due to creating the array with numpy and passing `int` as the `dtype`. Many tools such as FSL and SPM cannot deal with int64 in Nifti images, so for compatibility the data has been converted to int32.
  return new_img_like(mask_img, unmasked, affine)
Network 3 - vAttention: 50 voxels done Correlation: 0.20493422925803267
Network 3 - vAttention: 150 voxels done Correlation: 0.2454443100110496
Network 3 - vAttention: 250 voxels done Correlation: 0.3160590943036515
Network 3 - vAttention: 500 voxels done Correlation: 0.23853887939720747
Network 3 - vAttention: 750 voxels done Correlation: 0.31621065494474065
Network 3 - vAttention: 1000 voxels done Correlation: 0.3313752545278672
Network 3 - vAttention: 1500 voxels done Correlation: 0.3395903658747047
Network 3 - vAttention: 3000 voxels done Correlation: 0.37917435405067157
Network 3 - vAttention: 5000 voxels done Correlation: 0.3728546294314954
Network 3 - vAttention: 6500 voxels done Correlation: 0.36381988490361994
Network 3 - vAttention: 10000 voxels done Correlation: 0.3838116374760103
Network 3 - vAttention: 15000 voxels done Correlation: 0.388761175477225
/home/fhopp/.conda/envs/mjs/lib/python3.8/site-packages/nilearn/masking.py:980: UserWarning: Data array used to create a new image contains 64-bit ints. This is likely due to creating the array with numpy and passing `int` as the `dtype`. Many tools such as FSL and SPM cannot deal with int64 in Nifti images, so for compatibility the data has been converted to int32.
  return new_img_like(mask_img, unmasked, affine)
Network 4 - Limbic: 50 voxels done Correlation: 0.2369842098915317
Network 4 - Limbic: 150 voxels done Correlation: 0.2723366901216654
Network 4 - Limbic: 250 voxels done Correlation: 0.3492668430773205
Network 4 - Limbic: 500 voxels done Correlation: 0.28989983366074357
Network 4 - Limbic: 750 voxels done Correlation: 0.2652684503088086
Network 4 - Limbic: 1000 voxels done Correlation: 0.22749481159937873
Network 4 - Limbic: 1500 voxels done Correlation: 0.2451516454520241
Network 4 - Limbic: 3000 voxels done Correlation: 0.25632619189732353
Network 4 - Limbic: 5000 voxels done Correlation: 0.27738390027529103
Network 4 - Limbic: 6500 voxels done Correlation: 0.28950050169582964
Network 4 - Limbic: 10000 voxels done Correlation: 0.2858752324340157
/home/fhopp/.conda/envs/mjs/lib/python3.8/site-packages/nilearn/masking.py:980: UserWarning: Data array used to create a new image contains 64-bit ints. This is likely due to creating the array with numpy and passing `int` as the `dtype`. Many tools such as FSL and SPM cannot deal with int64 in Nifti images, so for compatibility the data has been converted to int32.
  return new_img_like(mask_img, unmasked, affine)
Network 5 - Frontoparietal: 50 voxels done Correlation: 0.15433059467840848
Network 5 - Frontoparietal: 150 voxels done Correlation: 0.20541144554936985
Network 5 - Frontoparietal: 250 voxels done Correlation: 0.17397039476328618
Network 5 - Frontoparietal: 500 voxels done Correlation: 0.2091408920775854
Network 5 - Frontoparietal: 750 voxels done Correlation: 0.21515728027337888
Network 5 - Frontoparietal: 1000 voxels done Correlation: 0.20293815356433428
Network 5 - Frontoparietal: 1500 voxels done Correlation: 0.23330604818363687
Network 5 - Frontoparietal: 3000 voxels done Correlation: 0.24159570798733293
Network 5 - Frontoparietal: 5000 voxels done Correlation: 0.2644924218934859
Network 5 - Frontoparietal: 6500 voxels done Correlation: 0.235250999439316
Network 5 - Frontoparietal: 10000 voxels done Correlation: 0.24457053907758036
Network 5 - Frontoparietal: 15000 voxels done Correlation: 0.2405895635365326
/home/fhopp/.conda/envs/mjs/lib/python3.8/site-packages/nilearn/masking.py:980: UserWarning: Data array used to create a new image contains 64-bit ints. This is likely due to creating the array with numpy and passing `int` as the `dtype`. Many tools such as FSL and SPM cannot deal with int64 in Nifti images, so for compatibility the data has been converted to int32.
  return new_img_like(mask_img, unmasked, affine)
Network 6 - Default Mode: 50 voxels done Correlation: 0.31585167828992355
Network 6 - Default Mode: 150 voxels done Correlation: 0.2781431380682483
Network 6 - Default Mode: 250 voxels done Correlation: 0.34889397147434453
Network 6 - Default Mode: 500 voxels done Correlation: 0.3483024862637377
Network 6 - Default Mode: 750 voxels done Correlation: 0.33192869259863533
Network 6 - Default Mode: 1000 voxels done Correlation: 0.3830494367747851
Network 6 - Default Mode: 1500 voxels done Correlation: 0.3881363502142169
Network 6 - Default Mode: 3000 voxels done Correlation: 0.41084159664451425
Network 6 - Default Mode: 5000 voxels done Correlation: 0.41756390542812716
Network 6 - Default Mode: 6500 voxels done Correlation: 0.3891346591704047
Network 6 - Default Mode: 10000 voxels done Correlation: 0.4115051963285618
Network 6 - Default Mode: 15000 voxels done Correlation: 0.41929452838049985
Network 6 - Default Mode: 25000 voxels done Correlation: 0.40924161361124556
/home/fhopp/.conda/envs/mjs/lib/python3.8/site-packages/nilearn/masking.py:980: UserWarning: Data array used to create a new image contains 64-bit ints. This is likely due to creating the array with numpy and passing `int` as the `dtype`. Many tools such as FSL and SPM cannot deal with int64 in Nifti images, so for compatibility the data has been converted to int32.
  return new_img_like(mask_img, unmasked, affine)
Network 7 - Subcortical: 50 voxels done Correlation: 0.14435554868236067
Network 7 - Subcortical: 150 voxels done Correlation: 0.20467017389071984
Network 7 - Subcortical: 250 voxels done Correlation: 0.2610812024821064
Network 7 - Subcortical: 500 voxels done Correlation: 0.21890210814625552
Network 7 - Subcortical: 750 voxels done Correlation: 0.22076830546723558
Network 7 - Subcortical: 1000 voxels done Correlation: 0.27706613165316846
Network 7 - Subcortical: 1500 voxels done Correlation: 0.21464762686090405
Network 7 - Subcortical: 3000 voxels done Correlation: 0.16041271672444996
Network 7 - Subcortical: 5000 voxels done Correlation: 0.1695626594272036
Network 7 - Subcortical: 6500 voxels done Correlation: 0.16551219395706368
Network 7 - Subcortical: 10000 voxels done Correlation: 0.16957263978732026
Network 8 - Consciousness: 50 voxels done Correlation: 0.2609648506132118
Network 8 - Consciousness: 150 voxels done Correlation: 0.3349937284309815
Network 8 - Consciousness: 250 voxels done Correlation: 0.28227552763968666
Network 8 - Consciousness: 500 voxels done Correlation: 0.32858927516673236
Network 8 - Consciousness: 750 voxels done Correlation: 0.354027451702736
Network 8 - Consciousness: 1000 voxels done Correlation: 0.4398807818803758
Network 8 - Consciousness: 1500 voxels done Correlation: 0.4624624367074581
Network 8 - Consciousness: 3000 voxels done Correlation: 0.4782287685555707
Network 8 - Consciousness: 5000 voxels done Correlation: 0.48352692116709967
Network 8 - Consciousness: 6500 voxels done Correlation: 0.4699382290575647
Network 8 - Consciousness: 10000 voxels done Correlation: 0.47086246149291866
Network 8 - Consciousness: 15000 voxels done Correlation: 0.4441199699180876
Network 8 - Consciousness: 25000 voxels done Correlation: 0.46367280130083954
Network 8 - Consciousness: 50000 voxels done Correlation: 0.46553075701965296
