Running job on: ada
Iteration: 770
Starting spatial evaluation...
/home/fhopp/.conda/envs/mjs/lib/python3.8/site-packages/nilearn/maskers/nifti_masker.py:110: UserWarning: imgs are being resampled to the mask_img resolution. This process is memory intensive. You might want to provide a target_affine that is equal to the affine of the imgs or resample the mask beforehand to save memory and computation time.
  warnings.warn(
/home/fhopp/.conda/envs/mjs/lib/python3.8/site-packages/nilearn/masking.py:980: UserWarning: Data array used to create a new image contains 64-bit ints. This is likely due to creating the array with numpy and passing `int` as the `dtype`. Many tools such as FSL and SPM cannot deal with int64 in Nifti images, so for compatibility the data has been converted to int32.
  return new_img_like(mask_img, unmasked, affine)
Network 0 - Visual: 50 voxels done Correlation: 0.5429751027759041
Network 0 - Visual: 150 voxels done Correlation: 0.6012214198997516
Network 0 - Visual: 250 voxels done Correlation: 0.5957732383157852
Network 0 - Visual: 500 voxels done Correlation: 0.6068256113720634
Network 0 - Visual: 750 voxels done Correlation: 0.5613180535315621
Network 0 - Visual: 1000 voxels done Correlation: 0.5880631841147446
Network 0 - Visual: 1500 voxels done Correlation: 0.5900481485057159
Network 0 - Visual: 3000 voxels done Correlation: 0.5978375157882232
Network 0 - Visual: 5000 voxels done Correlation: 0.6249646114753555
Network 0 - Visual: 6500 voxels done Correlation: 0.6200907061334511
Network 0 - Visual: 10000 voxels done Correlation: 0.6257609725318795
Network 0 - Visual: 15000 voxels done Correlation: 0.6286116094697543
/home/fhopp/.conda/envs/mjs/lib/python3.8/site-packages/nilearn/masking.py:980: UserWarning: Data array used to create a new image contains 64-bit ints. This is likely due to creating the array with numpy and passing `int` as the `dtype`. Many tools such as FSL and SPM cannot deal with int64 in Nifti images, so for compatibility the data has been converted to int32.
  return new_img_like(mask_img, unmasked, affine)
Network 1 - Somatomotor: 50 voxels done Correlation: 0.17597771896792877
Network 1 - Somatomotor: 150 voxels done Correlation: 0.33128677650728855
Network 1 - Somatomotor: 250 voxels done Correlation: 0.3444591931896229
Network 1 - Somatomotor: 500 voxels done Correlation: 0.3043661267701341
Network 1 - Somatomotor: 750 voxels done Correlation: 0.2716072938483556
Network 1 - Somatomotor: 1000 voxels done Correlation: 0.2852920822720464
Network 1 - Somatomotor: 1500 voxels done Correlation: 0.3203257897618507
Network 1 - Somatomotor: 3000 voxels done Correlation: 0.34363844196859566
Network 1 - Somatomotor: 5000 voxels done Correlation: 0.34332400804961183
Network 1 - Somatomotor: 6500 voxels done Correlation: 0.3527221267553129
Network 1 - Somatomotor: 10000 voxels done Correlation: 0.3417381758823189
Network 1 - Somatomotor: 15000 voxels done Correlation: 0.34526712920044866
/home/fhopp/.conda/envs/mjs/lib/python3.8/site-packages/nilearn/masking.py:980: UserWarning: Data array used to create a new image contains 64-bit ints. This is likely due to creating the array with numpy and passing `int` as the `dtype`. Many tools such as FSL and SPM cannot deal with int64 in Nifti images, so for compatibility the data has been converted to int32.
  return new_img_like(mask_img, unmasked, affine)
Network 2 - dAttention: 50 voxels done Correlation: 0.18984413376272918
Network 2 - dAttention: 150 voxels done Correlation: 0.30791517897707493
Network 2 - dAttention: 250 voxels done Correlation: 0.24601253424731986
Network 2 - dAttention: 500 voxels done Correlation: 0.34213884577052356
Network 2 - dAttention: 750 voxels done Correlation: 0.271408697267549
Network 2 - dAttention: 1000 voxels done Correlation: 0.32823603820412905
Network 2 - dAttention: 1500 voxels done Correlation: 0.3195801565290073
Network 2 - dAttention: 3000 voxels done Correlation: 0.3372742659695776
Network 2 - dAttention: 5000 voxels done Correlation: 0.3234076312998914
Network 2 - dAttention: 6500 voxels done Correlation: 0.3375583958601215
Network 2 - dAttention: 10000 voxels done Correlation: 0.3309430943172805
Network 2 - dAttention: 15000 voxels done Correlation: 0.329746080367129
/home/fhopp/.conda/envs/mjs/lib/python3.8/site-packages/nilearn/masking.py:980: UserWarning: Data array used to create a new image contains 64-bit ints. This is likely due to creating the array with numpy and passing `int` as the `dtype`. Many tools such as FSL and SPM cannot deal with int64 in Nifti images, so for compatibility the data has been converted to int32.
  return new_img_like(mask_img, unmasked, affine)
Network 3 - vAttention: 50 voxels done Correlation: 0.22929384862612767
Network 3 - vAttention: 150 voxels done Correlation: 0.28897047356050665
Network 3 - vAttention: 250 voxels done Correlation: 0.2709711603647409
Network 3 - vAttention: 500 voxels done Correlation: 0.3603951025678952
Network 3 - vAttention: 750 voxels done Correlation: 0.38301442185840295
Network 3 - vAttention: 1000 voxels done Correlation: 0.3616400135771479
Network 3 - vAttention: 1500 voxels done Correlation: 0.37105059617111613
Network 3 - vAttention: 3000 voxels done Correlation: 0.3371369278830137
Network 3 - vAttention: 5000 voxels done Correlation: 0.3812956615475984
Network 3 - vAttention: 6500 voxels done Correlation: 0.383526940394292
Network 3 - vAttention: 10000 voxels done Correlation: 0.40029861467650996
Network 3 - vAttention: 15000 voxels done Correlation: 0.38806738553596887
/home/fhopp/.conda/envs/mjs/lib/python3.8/site-packages/nilearn/masking.py:980: UserWarning: Data array used to create a new image contains 64-bit ints. This is likely due to creating the array with numpy and passing `int` as the `dtype`. Many tools such as FSL and SPM cannot deal with int64 in Nifti images, so for compatibility the data has been converted to int32.
  return new_img_like(mask_img, unmasked, affine)
Network 4 - Limbic: 50 voxels done Correlation: 0.1266836629233821
Network 4 - Limbic: 150 voxels done Correlation: 0.19421895834943387
Network 4 - Limbic: 250 voxels done Correlation: 0.2318962022609855
Network 4 - Limbic: 500 voxels done Correlation: 0.2674982721680318
Network 4 - Limbic: 750 voxels done Correlation: 0.29300348265731924
Network 4 - Limbic: 1000 voxels done Correlation: 0.24466858971579386
Network 4 - Limbic: 1500 voxels done Correlation: 0.2943801625470951
Network 4 - Limbic: 3000 voxels done Correlation: 0.29613918608260936
Network 4 - Limbic: 5000 voxels done Correlation: 0.27261007412051486
Network 4 - Limbic: 6500 voxels done Correlation: 0.28632523685151984
Network 4 - Limbic: 10000 voxels done Correlation: 0.28520641139770586
/home/fhopp/.conda/envs/mjs/lib/python3.8/site-packages/nilearn/masking.py:980: UserWarning: Data array used to create a new image contains 64-bit ints. This is likely due to creating the array with numpy and passing `int` as the `dtype`. Many tools such as FSL and SPM cannot deal with int64 in Nifti images, so for compatibility the data has been converted to int32.
  return new_img_like(mask_img, unmasked, affine)
Network 5 - Frontoparietal: 50 voxels done Correlation: 0.15814680636713943
Network 5 - Frontoparietal: 150 voxels done Correlation: 0.17958402550450653
Network 5 - Frontoparietal: 250 voxels done Correlation: 0.14365531104576124
Network 5 - Frontoparietal: 500 voxels done Correlation: 0.21228084175496442
Network 5 - Frontoparietal: 750 voxels done Correlation: 0.2306438421254774
Network 5 - Frontoparietal: 1000 voxels done Correlation: 0.23844579375032915
Network 5 - Frontoparietal: 1500 voxels done Correlation: 0.20604601440108897
Network 5 - Frontoparietal: 3000 voxels done Correlation: 0.2346702219299926
Network 5 - Frontoparietal: 5000 voxels done Correlation: 0.23999205130808565
Network 5 - Frontoparietal: 6500 voxels done Correlation: 0.24432074292534606
Network 5 - Frontoparietal: 10000 voxels done Correlation: 0.23596431826009354
Network 5 - Frontoparietal: 15000 voxels done Correlation: 0.23746139168017572
/home/fhopp/.conda/envs/mjs/lib/python3.8/site-packages/nilearn/masking.py:980: UserWarning: Data array used to create a new image contains 64-bit ints. This is likely due to creating the array with numpy and passing `int` as the `dtype`. Many tools such as FSL and SPM cannot deal with int64 in Nifti images, so for compatibility the data has been converted to int32.
  return new_img_like(mask_img, unmasked, affine)
Network 6 - Default Mode: 50 voxels done Correlation: 0.25336540733022633
Network 6 - Default Mode: 150 voxels done Correlation: 0.3440360175287851
Network 6 - Default Mode: 250 voxels done Correlation: 0.32886791942695087
Network 6 - Default Mode: 500 voxels done Correlation: 0.3776971037423877
Network 6 - Default Mode: 750 voxels done Correlation: 0.3359171742440049
Network 6 - Default Mode: 1000 voxels done Correlation: 0.32586472176888526
Network 6 - Default Mode: 1500 voxels done Correlation: 0.42373836723914404
Network 6 - Default Mode: 3000 voxels done Correlation: 0.4475578866818738
Network 6 - Default Mode: 5000 voxels done Correlation: 0.39032638295575683
Network 6 - Default Mode: 6500 voxels done Correlation: 0.41127524362867973
Network 6 - Default Mode: 10000 voxels done Correlation: 0.3988757879353314
Network 6 - Default Mode: 15000 voxels done Correlation: 0.40083648188863763
Network 6 - Default Mode: 25000 voxels done Correlation: 0.4092400871015368
/home/fhopp/.conda/envs/mjs/lib/python3.8/site-packages/nilearn/masking.py:980: UserWarning: Data array used to create a new image contains 64-bit ints. This is likely due to creating the array with numpy and passing `int` as the `dtype`. Many tools such as FSL and SPM cannot deal with int64 in Nifti images, so for compatibility the data has been converted to int32.
  return new_img_like(mask_img, unmasked, affine)
Network 7 - Subcortical: 50 voxels done Correlation: 0.06952063194560067
Network 7 - Subcortical: 150 voxels done Correlation: 0.1968410336861735
Network 7 - Subcortical: 250 voxels done Correlation: 0.2234536038781283
Network 7 - Subcortical: 500 voxels done Correlation: 0.22206348593250125
Network 7 - Subcortical: 750 voxels done Correlation: 0.1710762298089617
Network 7 - Subcortical: 1000 voxels done Correlation: 0.20193770967212676
Network 7 - Subcortical: 1500 voxels done Correlation: 0.21087783395034038
Network 7 - Subcortical: 3000 voxels done Correlation: 0.17519173943647376
Network 7 - Subcortical: 5000 voxels done Correlation: 0.1749964401762245
Network 7 - Subcortical: 6500 voxels done Correlation: 0.1532052223761864
Network 7 - Subcortical: 10000 voxels done Correlation: 0.17052311792934072
Network 8 - Consciousness: 50 voxels done Correlation: 0.3964338420264586
Network 8 - Consciousness: 150 voxels done Correlation: 0.4302751718848846
Network 8 - Consciousness: 250 voxels done Correlation: 0.28328838591565225
Network 8 - Consciousness: 500 voxels done Correlation: 0.3061216166428369
Network 8 - Consciousness: 750 voxels done Correlation: 0.3819310712141457
Network 8 - Consciousness: 1000 voxels done Correlation: 0.43180782839212606
Network 8 - Consciousness: 1500 voxels done Correlation: 0.43954160270635523
Network 8 - Consciousness: 3000 voxels done Correlation: 0.48648744295368207
Network 8 - Consciousness: 5000 voxels done Correlation: 0.4565208036474463
Network 8 - Consciousness: 6500 voxels done Correlation: 0.4554183534862153
Network 8 - Consciousness: 10000 voxels done Correlation: 0.43191200174380545
Network 8 - Consciousness: 15000 voxels done Correlation: 0.4685112782310253
Network 8 - Consciousness: 25000 voxels done Correlation: 0.46260982153481234
Network 8 - Consciousness: 50000 voxels done Correlation: 0.4653050500804301
