Running job on: wood
Iteration: 168
Starting spatial evaluation...
/home/fhopp/.conda/envs/mjs/lib/python3.8/site-packages/nilearn/maskers/nifti_masker.py:110: UserWarning: imgs are being resampled to the mask_img resolution. This process is memory intensive. You might want to provide a target_affine that is equal to the affine of the imgs or resample the mask beforehand to save memory and computation time.
  warnings.warn(
/home/fhopp/.conda/envs/mjs/lib/python3.8/site-packages/nilearn/masking.py:980: UserWarning: Data array used to create a new image contains 64-bit ints. This is likely due to creating the array with numpy and passing `int` as the `dtype`. Many tools such as FSL and SPM cannot deal with int64 in Nifti images, so for compatibility the data has been converted to int32.
  return new_img_like(mask_img, unmasked, affine)
Network 0 - Visual: 50 voxels done Correlation: 0.45095113423601907
Network 0 - Visual: 150 voxels done Correlation: 0.5325392370246538
Network 0 - Visual: 250 voxels done Correlation: 0.659486751813082
Network 0 - Visual: 500 voxels done Correlation: 0.5678839284644438
Network 0 - Visual: 750 voxels done Correlation: 0.6290392212352363
Network 0 - Visual: 1000 voxels done Correlation: 0.5927067177291332
Network 0 - Visual: 1500 voxels done Correlation: 0.6433246375640568
Network 0 - Visual: 3000 voxels done Correlation: 0.5955945506329494
Network 0 - Visual: 5000 voxels done Correlation: 0.6243402980510496
Network 0 - Visual: 6500 voxels done Correlation: 0.6274773552921409
Network 0 - Visual: 10000 voxels done Correlation: 0.6265333634605053
Network 0 - Visual: 15000 voxels done Correlation: 0.6329873815816949
/home/fhopp/.conda/envs/mjs/lib/python3.8/site-packages/nilearn/masking.py:980: UserWarning: Data array used to create a new image contains 64-bit ints. This is likely due to creating the array with numpy and passing `int` as the `dtype`. Many tools such as FSL and SPM cannot deal with int64 in Nifti images, so for compatibility the data has been converted to int32.
  return new_img_like(mask_img, unmasked, affine)
Network 1 - Somatomotor: 50 voxels done Correlation: 0.1917766449206763
Network 1 - Somatomotor: 150 voxels done Correlation: 0.20881274904203317
Network 1 - Somatomotor: 250 voxels done Correlation: 0.3492327946956496
Network 1 - Somatomotor: 500 voxels done Correlation: 0.33970007235114374
Network 1 - Somatomotor: 750 voxels done Correlation: 0.3338233483289547
Network 1 - Somatomotor: 1000 voxels done Correlation: 0.3452840836076473
Network 1 - Somatomotor: 1500 voxels done Correlation: 0.32798960180582504
Network 1 - Somatomotor: 3000 voxels done Correlation: 0.32916922450247577
Network 1 - Somatomotor: 5000 voxels done Correlation: 0.34292354832906913
Network 1 - Somatomotor: 6500 voxels done Correlation: 0.3421817882816306
Network 1 - Somatomotor: 10000 voxels done Correlation: 0.34685276640308593
Network 1 - Somatomotor: 15000 voxels done Correlation: 0.34532488854975313
/home/fhopp/.conda/envs/mjs/lib/python3.8/site-packages/nilearn/masking.py:980: UserWarning: Data array used to create a new image contains 64-bit ints. This is likely due to creating the array with numpy and passing `int` as the `dtype`. Many tools such as FSL and SPM cannot deal with int64 in Nifti images, so for compatibility the data has been converted to int32.
  return new_img_like(mask_img, unmasked, affine)
Network 2 - dAttention: 50 voxels done Correlation: 0.21565446389757875
Network 2 - dAttention: 150 voxels done Correlation: 0.345238421544099
Network 2 - dAttention: 250 voxels done Correlation: 0.3581889478967051
Network 2 - dAttention: 500 voxels done Correlation: 0.27503210922614985
Network 2 - dAttention: 750 voxels done Correlation: 0.29117157680650707
Network 2 - dAttention: 1000 voxels done Correlation: 0.33982616862566334
Network 2 - dAttention: 1500 voxels done Correlation: 0.3215836745051729
Network 2 - dAttention: 3000 voxels done Correlation: 0.3495005244510362
Network 2 - dAttention: 5000 voxels done Correlation: 0.3469036775874485
Network 2 - dAttention: 6500 voxels done Correlation: 0.332303562424831
Network 2 - dAttention: 10000 voxels done Correlation: 0.33011633094510057
Network 2 - dAttention: 15000 voxels done Correlation: 0.3329403975202366
/home/fhopp/.conda/envs/mjs/lib/python3.8/site-packages/nilearn/masking.py:980: UserWarning: Data array used to create a new image contains 64-bit ints. This is likely due to creating the array with numpy and passing `int` as the `dtype`. Many tools such as FSL and SPM cannot deal with int64 in Nifti images, so for compatibility the data has been converted to int32.
  return new_img_like(mask_img, unmasked, affine)
Network 3 - vAttention: 50 voxels done Correlation: 0.26761343461462583
Network 3 - vAttention: 150 voxels done Correlation: 0.22203652293903506
Network 3 - vAttention: 250 voxels done Correlation: 0.29476955465813925
Network 3 - vAttention: 500 voxels done Correlation: 0.34378627452158683
Network 3 - vAttention: 750 voxels done Correlation: 0.3380284973080975
Network 3 - vAttention: 1000 voxels done Correlation: 0.3382783886934455
Network 3 - vAttention: 1500 voxels done Correlation: 0.3781887440589619
Network 3 - vAttention: 3000 voxels done Correlation: 0.373439261226209
Network 3 - vAttention: 5000 voxels done Correlation: 0.39378478256286203
Network 3 - vAttention: 6500 voxels done Correlation: 0.38375639912883835
Network 3 - vAttention: 10000 voxels done Correlation: 0.3721252526743206
Network 3 - vAttention: 15000 voxels done Correlation: 0.3891572228694461
/home/fhopp/.conda/envs/mjs/lib/python3.8/site-packages/nilearn/masking.py:980: UserWarning: Data array used to create a new image contains 64-bit ints. This is likely due to creating the array with numpy and passing `int` as the `dtype`. Many tools such as FSL and SPM cannot deal with int64 in Nifti images, so for compatibility the data has been converted to int32.
  return new_img_like(mask_img, unmasked, affine)
Network 4 - Limbic: 50 voxels done Correlation: 0.1784623516848607
Network 4 - Limbic: 150 voxels done Correlation: 0.2688876068583107
Network 4 - Limbic: 250 voxels done Correlation: 0.2566215140559511
Network 4 - Limbic: 500 voxels done Correlation: 0.24769216352833798
Network 4 - Limbic: 750 voxels done Correlation: 0.2663556539744888
Network 4 - Limbic: 1000 voxels done Correlation: 0.20653864450743858
Network 4 - Limbic: 1500 voxels done Correlation: 0.22943118797424916
Network 4 - Limbic: 3000 voxels done Correlation: 0.30765576634387976
Network 4 - Limbic: 5000 voxels done Correlation: 0.29362371384949426
Network 4 - Limbic: 6500 voxels done Correlation: 0.28587520204875233
Network 4 - Limbic: 10000 voxels done Correlation: 0.29038110029900865
/home/fhopp/.conda/envs/mjs/lib/python3.8/site-packages/nilearn/masking.py:980: UserWarning: Data array used to create a new image contains 64-bit ints. This is likely due to creating the array with numpy and passing `int` as the `dtype`. Many tools such as FSL and SPM cannot deal with int64 in Nifti images, so for compatibility the data has been converted to int32.
  return new_img_like(mask_img, unmasked, affine)
Network 5 - Frontoparietal: 50 voxels done Correlation: 0.21026247912113913
Network 5 - Frontoparietal: 150 voxels done Correlation: 0.18948211045599095
Network 5 - Frontoparietal: 250 voxels done Correlation: 0.19938236994764832
Network 5 - Frontoparietal: 500 voxels done Correlation: 0.20377721064905896
Network 5 - Frontoparietal: 750 voxels done Correlation: 0.21486342726459945
Network 5 - Frontoparietal: 1000 voxels done Correlation: 0.22150697672147898
Network 5 - Frontoparietal: 1500 voxels done Correlation: 0.26418817748226564
Network 5 - Frontoparietal: 3000 voxels done Correlation: 0.20621870761449207
Network 5 - Frontoparietal: 5000 voxels done Correlation: 0.23766463084459166
Network 5 - Frontoparietal: 6500 voxels done Correlation: 0.2428023552211407
Network 5 - Frontoparietal: 10000 voxels done Correlation: 0.22995674222904783
Network 5 - Frontoparietal: 15000 voxels done Correlation: 0.23636503842341516
/home/fhopp/.conda/envs/mjs/lib/python3.8/site-packages/nilearn/masking.py:980: UserWarning: Data array used to create a new image contains 64-bit ints. This is likely due to creating the array with numpy and passing `int` as the `dtype`. Many tools such as FSL and SPM cannot deal with int64 in Nifti images, so for compatibility the data has been converted to int32.
  return new_img_like(mask_img, unmasked, affine)
Network 6 - Default Mode: 50 voxels done Correlation: 0.2733972742185404
Network 6 - Default Mode: 150 voxels done Correlation: 0.3111099942832461
Network 6 - Default Mode: 250 voxels done Correlation: 0.4393671601718041
Network 6 - Default Mode: 500 voxels done Correlation: 0.340403693666364
Network 6 - Default Mode: 750 voxels done Correlation: 0.4720682090197289
Network 6 - Default Mode: 1000 voxels done Correlation: 0.34923862651926674
Network 6 - Default Mode: 1500 voxels done Correlation: 0.3618673659040046
Network 6 - Default Mode: 3000 voxels done Correlation: 0.35616347564490036
Network 6 - Default Mode: 5000 voxels done Correlation: 0.3846355282488013
Network 6 - Default Mode: 6500 voxels done Correlation: 0.41146449174645033
Network 6 - Default Mode: 10000 voxels done Correlation: 0.3940615256458295
Network 6 - Default Mode: 15000 voxels done Correlation: 0.40505781177292355
Network 6 - Default Mode: 25000 voxels done Correlation: 0.40920790752153957
/home/fhopp/.conda/envs/mjs/lib/python3.8/site-packages/nilearn/masking.py:980: UserWarning: Data array used to create a new image contains 64-bit ints. This is likely due to creating the array with numpy and passing `int` as the `dtype`. Many tools such as FSL and SPM cannot deal with int64 in Nifti images, so for compatibility the data has been converted to int32.
  return new_img_like(mask_img, unmasked, affine)
Network 7 - Subcortical: 50 voxels done Correlation: 0.10869338370902938
Network 7 - Subcortical: 150 voxels done Correlation: 0.16258425547362212
Network 7 - Subcortical: 250 voxels done Correlation: 0.17211592920085378
Network 7 - Subcortical: 500 voxels done Correlation: 0.20843912169656156
Network 7 - Subcortical: 750 voxels done Correlation: 0.24635814862424932
Network 7 - Subcortical: 1000 voxels done Correlation: 0.21980503863143022
Network 7 - Subcortical: 1500 voxels done Correlation: 0.16748496347542835
Network 7 - Subcortical: 3000 voxels done Correlation: 0.18423185022046806
Network 7 - Subcortical: 5000 voxels done Correlation: 0.16559774286773574
Network 7 - Subcortical: 6500 voxels done Correlation: 0.15691395692828347
Network 7 - Subcortical: 10000 voxels done Correlation: 0.1653673296557277
Network 8 - Consciousness: 50 voxels done Correlation: 0.31019922384459553
Network 8 - Consciousness: 150 voxels done Correlation: 0.3711157429908629
Network 8 - Consciousness: 250 voxels done Correlation: 0.3629748042085233
Network 8 - Consciousness: 500 voxels done Correlation: 0.4431202243112044
Network 8 - Consciousness: 750 voxels done Correlation: 0.4228121810477367
Network 8 - Consciousness: 1000 voxels done Correlation: 0.337468519128114
Network 8 - Consciousness: 1500 voxels done Correlation: 0.42833905985755016
Network 8 - Consciousness: 3000 voxels done Correlation: 0.46533774598404753
Network 8 - Consciousness: 5000 voxels done Correlation: 0.41993833023806
Network 8 - Consciousness: 6500 voxels done Correlation: 0.4754208785877809
Network 8 - Consciousness: 10000 voxels done Correlation: 0.44735401373986716
Network 8 - Consciousness: 15000 voxels done Correlation: 0.4591300979815518
Network 8 - Consciousness: 25000 voxels done Correlation: 0.4663249792461532
Network 8 - Consciousness: 50000 voxels done Correlation: 0.46548483363904325
