Running job on: wood
Iteration: 962
Starting spatial evaluation...
/home/fhopp/.conda/envs/mjs/lib/python3.8/site-packages/nilearn/maskers/nifti_masker.py:110: UserWarning: imgs are being resampled to the mask_img resolution. This process is memory intensive. You might want to provide a target_affine that is equal to the affine of the imgs or resample the mask beforehand to save memory and computation time.
  warnings.warn(
/home/fhopp/.conda/envs/mjs/lib/python3.8/site-packages/nilearn/masking.py:980: UserWarning: Data array used to create a new image contains 64-bit ints. This is likely due to creating the array with numpy and passing `int` as the `dtype`. Many tools such as FSL and SPM cannot deal with int64 in Nifti images, so for compatibility the data has been converted to int32.
  return new_img_like(mask_img, unmasked, affine)
Network 0 - Visual: 50 voxels done Correlation: 0.6513187636140798
Network 0 - Visual: 150 voxels done Correlation: 0.6309453405723563
Network 0 - Visual: 250 voxels done Correlation: 0.5824867922271779
Network 0 - Visual: 500 voxels done Correlation: 0.6346259873466912
Network 0 - Visual: 750 voxels done Correlation: 0.6412096357815216
Network 0 - Visual: 1000 voxels done Correlation: 0.6134924469065319
Network 0 - Visual: 1500 voxels done Correlation: 0.6089512191732598
Network 0 - Visual: 3000 voxels done Correlation: 0.6217511753239366
Network 0 - Visual: 5000 voxels done Correlation: 0.6121277452116021
Network 0 - Visual: 6500 voxels done Correlation: 0.6200177589630897
Network 0 - Visual: 10000 voxels done Correlation: 0.6227308022610645
Network 0 - Visual: 15000 voxels done Correlation: 0.6330684252119982
/home/fhopp/.conda/envs/mjs/lib/python3.8/site-packages/nilearn/masking.py:980: UserWarning: Data array used to create a new image contains 64-bit ints. This is likely due to creating the array with numpy and passing `int` as the `dtype`. Many tools such as FSL and SPM cannot deal with int64 in Nifti images, so for compatibility the data has been converted to int32.
  return new_img_like(mask_img, unmasked, affine)
Network 1 - Somatomotor: 50 voxels done Correlation: 0.23281859478928263
Network 1 - Somatomotor: 150 voxels done Correlation: 0.36734623291965507
Network 1 - Somatomotor: 250 voxels done Correlation: 0.4232394208615533
Network 1 - Somatomotor: 500 voxels done Correlation: 0.39046894440722935
Network 1 - Somatomotor: 750 voxels done Correlation: 0.3674160884884007
Network 1 - Somatomotor: 1000 voxels done Correlation: 0.3109771530888468
Network 1 - Somatomotor: 1500 voxels done Correlation: 0.357261996864979
Network 1 - Somatomotor: 3000 voxels done Correlation: 0.3412093691222524
Network 1 - Somatomotor: 5000 voxels done Correlation: 0.3489687073222283
Network 1 - Somatomotor: 6500 voxels done Correlation: 0.3467532403795936
Network 1 - Somatomotor: 10000 voxels done Correlation: 0.3400015186628154
Network 1 - Somatomotor: 15000 voxels done Correlation: 0.3464724590365139
/home/fhopp/.conda/envs/mjs/lib/python3.8/site-packages/nilearn/masking.py:980: UserWarning: Data array used to create a new image contains 64-bit ints. This is likely due to creating the array with numpy and passing `int` as the `dtype`. Many tools such as FSL and SPM cannot deal with int64 in Nifti images, so for compatibility the data has been converted to int32.
  return new_img_like(mask_img, unmasked, affine)
Network 2 - dAttention: 50 voxels done Correlation: 0.22824966264693394
Network 2 - dAttention: 150 voxels done Correlation: 0.32900369111478617
Network 2 - dAttention: 250 voxels done Correlation: 0.2562418904762513
Network 2 - dAttention: 500 voxels done Correlation: 0.29514522263655296
Network 2 - dAttention: 750 voxels done Correlation: 0.31588366987318633
Network 2 - dAttention: 1000 voxels done Correlation: 0.31089344240342454
Network 2 - dAttention: 1500 voxels done Correlation: 0.3510361773431565
Network 2 - dAttention: 3000 voxels done Correlation: 0.34365525039794076
Network 2 - dAttention: 5000 voxels done Correlation: 0.3411695877245313
Network 2 - dAttention: 6500 voxels done Correlation: 0.3310103328747067
Network 2 - dAttention: 10000 voxels done Correlation: 0.3411148140651896
Network 2 - dAttention: 15000 voxels done Correlation: 0.33452720918050627
/home/fhopp/.conda/envs/mjs/lib/python3.8/site-packages/nilearn/masking.py:980: UserWarning: Data array used to create a new image contains 64-bit ints. This is likely due to creating the array with numpy and passing `int` as the `dtype`. Many tools such as FSL and SPM cannot deal with int64 in Nifti images, so for compatibility the data has been converted to int32.
  return new_img_like(mask_img, unmasked, affine)
Network 3 - vAttention: 50 voxels done Correlation: 0.20850760440908628
Network 3 - vAttention: 150 voxels done Correlation: 0.3271249755712976
Network 3 - vAttention: 250 voxels done Correlation: 0.38336943512220484
Network 3 - vAttention: 500 voxels done Correlation: 0.31619895318878155
Network 3 - vAttention: 750 voxels done Correlation: 0.344392149254208
Network 3 - vAttention: 1000 voxels done Correlation: 0.34370190698657543
Network 3 - vAttention: 1500 voxels done Correlation: 0.3218137780557655
Network 3 - vAttention: 3000 voxels done Correlation: 0.3720024402791879
Network 3 - vAttention: 5000 voxels done Correlation: 0.3880091217213526
Network 3 - vAttention: 6500 voxels done Correlation: 0.3836210297145729
Network 3 - vAttention: 10000 voxels done Correlation: 0.38616987662051283
Network 3 - vAttention: 15000 voxels done Correlation: 0.3885992008872545
/home/fhopp/.conda/envs/mjs/lib/python3.8/site-packages/nilearn/masking.py:980: UserWarning: Data array used to create a new image contains 64-bit ints. This is likely due to creating the array with numpy and passing `int` as the `dtype`. Many tools such as FSL and SPM cannot deal with int64 in Nifti images, so for compatibility the data has been converted to int32.
  return new_img_like(mask_img, unmasked, affine)
Network 4 - Limbic: 50 voxels done Correlation: 0.21747672279342212
Network 4 - Limbic: 150 voxels done Correlation: 0.21732105949255637
Network 4 - Limbic: 250 voxels done Correlation: 0.1625650227312092
Network 4 - Limbic: 500 voxels done Correlation: 0.2144417817631259
Network 4 - Limbic: 750 voxels done Correlation: 0.23008408164209745
Network 4 - Limbic: 1000 voxels done Correlation: 0.2638730781932076
Network 4 - Limbic: 1500 voxels done Correlation: 0.28984429848477417
Network 4 - Limbic: 3000 voxels done Correlation: 0.28064006506139993
Network 4 - Limbic: 5000 voxels done Correlation: 0.2799977241132783
Network 4 - Limbic: 6500 voxels done Correlation: 0.27447176371940263
Network 4 - Limbic: 10000 voxels done Correlation: 0.2843391730741846
/home/fhopp/.conda/envs/mjs/lib/python3.8/site-packages/nilearn/masking.py:980: UserWarning: Data array used to create a new image contains 64-bit ints. This is likely due to creating the array with numpy and passing `int` as the `dtype`. Many tools such as FSL and SPM cannot deal with int64 in Nifti images, so for compatibility the data has been converted to int32.
  return new_img_like(mask_img, unmasked, affine)
Network 5 - Frontoparietal: 50 voxels done Correlation: 0.22190377050567428
Network 5 - Frontoparietal: 150 voxels done Correlation: 0.2419241822718474
Network 5 - Frontoparietal: 250 voxels done Correlation: 0.20184104078087545
Network 5 - Frontoparietal: 500 voxels done Correlation: 0.1696337552590202
Network 5 - Frontoparietal: 750 voxels done Correlation: 0.23761744164696352
Network 5 - Frontoparietal: 1000 voxels done Correlation: 0.17202058776237134
Network 5 - Frontoparietal: 1500 voxels done Correlation: 0.27388399304238037
Network 5 - Frontoparietal: 3000 voxels done Correlation: 0.2298461391917695
Network 5 - Frontoparietal: 5000 voxels done Correlation: 0.2409405700850398
Network 5 - Frontoparietal: 6500 voxels done Correlation: 0.2519381418571948
Network 5 - Frontoparietal: 10000 voxels done Correlation: 0.22992010712939673
Network 5 - Frontoparietal: 15000 voxels done Correlation: 0.2408816047633625
/home/fhopp/.conda/envs/mjs/lib/python3.8/site-packages/nilearn/masking.py:980: UserWarning: Data array used to create a new image contains 64-bit ints. This is likely due to creating the array with numpy and passing `int` as the `dtype`. Many tools such as FSL and SPM cannot deal with int64 in Nifti images, so for compatibility the data has been converted to int32.
  return new_img_like(mask_img, unmasked, affine)
Network 6 - Default Mode: 50 voxels done Correlation: 0.14620785079175802
Network 6 - Default Mode: 150 voxels done Correlation: 0.2714089928815271
Network 6 - Default Mode: 250 voxels done Correlation: 0.48312551843096024
Network 6 - Default Mode: 500 voxels done Correlation: 0.41946662180805594
Network 6 - Default Mode: 750 voxels done Correlation: 0.3815166516154861
Network 6 - Default Mode: 1000 voxels done Correlation: 0.39295247266808075
Network 6 - Default Mode: 1500 voxels done Correlation: 0.3637542736627135
Network 6 - Default Mode: 3000 voxels done Correlation: 0.4071752586372793
Network 6 - Default Mode: 5000 voxels done Correlation: 0.41367035262648755
Network 6 - Default Mode: 6500 voxels done Correlation: 0.4089478143565538
Network 6 - Default Mode: 10000 voxels done Correlation: 0.435718847342245
Network 6 - Default Mode: 15000 voxels done Correlation: 0.4039292259281938
Network 6 - Default Mode: 25000 voxels done Correlation: 0.4142025262914628
/home/fhopp/.conda/envs/mjs/lib/python3.8/site-packages/nilearn/masking.py:980: UserWarning: Data array used to create a new image contains 64-bit ints. This is likely due to creating the array with numpy and passing `int` as the `dtype`. Many tools such as FSL and SPM cannot deal with int64 in Nifti images, so for compatibility the data has been converted to int32.
  return new_img_like(mask_img, unmasked, affine)
Network 7 - Subcortical: 50 voxels done Correlation: 0.1262838003590336
Network 7 - Subcortical: 150 voxels done Correlation: 0.15037398847259914
Network 7 - Subcortical: 250 voxels done Correlation: 0.2099715086188543
Network 7 - Subcortical: 500 voxels done Correlation: 0.15351364067693943
Network 7 - Subcortical: 750 voxels done Correlation: 0.2052972304559707
Network 7 - Subcortical: 1000 voxels done Correlation: 0.2640366824662475
Network 7 - Subcortical: 1500 voxels done Correlation: 0.17264832202398556
Network 7 - Subcortical: 3000 voxels done Correlation: 0.16421213058760095
Network 7 - Subcortical: 5000 voxels done Correlation: 0.17623795186459895
Network 7 - Subcortical: 6500 voxels done Correlation: 0.17357310367863626
Network 7 - Subcortical: 10000 voxels done Correlation: 0.16970401702055293
Network 8 - Consciousness: 50 voxels done Correlation: 0.3650620848315773
Network 8 - Consciousness: 150 voxels done Correlation: 0.3465716169151556
Network 8 - Consciousness: 250 voxels done Correlation: 0.3574706702905783
Network 8 - Consciousness: 500 voxels done Correlation: 0.44230866731524365
Network 8 - Consciousness: 750 voxels done Correlation: 0.47014036146975036
Network 8 - Consciousness: 1000 voxels done Correlation: 0.40932066264557415
Network 8 - Consciousness: 1500 voxels done Correlation: 0.37141406695297036
Network 8 - Consciousness: 3000 voxels done Correlation: 0.4466512528698348
Network 8 - Consciousness: 5000 voxels done Correlation: 0.45645916608291415
Network 8 - Consciousness: 6500 voxels done Correlation: 0.4424935771432247
Network 8 - Consciousness: 10000 voxels done Correlation: 0.4485671133789987
Network 8 - Consciousness: 15000 voxels done Correlation: 0.4623546621795075
Network 8 - Consciousness: 25000 voxels done Correlation: 0.45561732776325314
Network 8 - Consciousness: 50000 voxels done Correlation: 0.46557487657254093
