Running job on: cox
Iteration: 109
Starting spatial evaluation...
/home/fhopp/.conda/envs/mjs/lib/python3.8/site-packages/nilearn/maskers/nifti_masker.py:110: UserWarning: imgs are being resampled to the mask_img resolution. This process is memory intensive. You might want to provide a target_affine that is equal to the affine of the imgs or resample the mask beforehand to save memory and computation time.
  warnings.warn(
/home/fhopp/.conda/envs/mjs/lib/python3.8/site-packages/nilearn/masking.py:980: UserWarning: Data array used to create a new image contains 64-bit ints. This is likely due to creating the array with numpy and passing `int` as the `dtype`. Many tools such as FSL and SPM cannot deal with int64 in Nifti images, so for compatibility the data has been converted to int32.
  return new_img_like(mask_img, unmasked, affine)
Network 0 - Visual: 50 voxels done Correlation: 0.562568252524045
Network 0 - Visual: 150 voxels done Correlation: 0.7064278853780271
Network 0 - Visual: 250 voxels done Correlation: 0.6266792591102295
Network 0 - Visual: 500 voxels done Correlation: 0.5720323778333416
Network 0 - Visual: 750 voxels done Correlation: 0.6173415197792818
Network 0 - Visual: 1000 voxels done Correlation: 0.5918605580368024
Network 0 - Visual: 1500 voxels done Correlation: 0.6088557787704576
Network 0 - Visual: 3000 voxels done Correlation: 0.6252859193388272
Network 0 - Visual: 5000 voxels done Correlation: 0.6188311746924356
Network 0 - Visual: 6500 voxels done Correlation: 0.6302469971756002
Network 0 - Visual: 10000 voxels done Correlation: 0.6302828493014816
Network 0 - Visual: 15000 voxels done Correlation: 0.6308757375796405
/home/fhopp/.conda/envs/mjs/lib/python3.8/site-packages/nilearn/masking.py:980: UserWarning: Data array used to create a new image contains 64-bit ints. This is likely due to creating the array with numpy and passing `int` as the `dtype`. Many tools such as FSL and SPM cannot deal with int64 in Nifti images, so for compatibility the data has been converted to int32.
  return new_img_like(mask_img, unmasked, affine)
Network 1 - Somatomotor: 50 voxels done Correlation: 0.24934041688116126
Network 1 - Somatomotor: 150 voxels done Correlation: 0.2469403544413753
Network 1 - Somatomotor: 250 voxels done Correlation: 0.2877339350827368
Network 1 - Somatomotor: 500 voxels done Correlation: 0.33014186885668756
Network 1 - Somatomotor: 750 voxels done Correlation: 0.36181785229803587
Network 1 - Somatomotor: 1000 voxels done Correlation: 0.3221945517629082
Network 1 - Somatomotor: 1500 voxels done Correlation: 0.36145907508977587
Network 1 - Somatomotor: 3000 voxels done Correlation: 0.3305946188387966
Network 1 - Somatomotor: 5000 voxels done Correlation: 0.3430418716111793
Network 1 - Somatomotor: 6500 voxels done Correlation: 0.33026869786173785
Network 1 - Somatomotor: 10000 voxels done Correlation: 0.34788537044715445
Network 1 - Somatomotor: 15000 voxels done Correlation: 0.3455902730724303
/home/fhopp/.conda/envs/mjs/lib/python3.8/site-packages/nilearn/masking.py:980: UserWarning: Data array used to create a new image contains 64-bit ints. This is likely due to creating the array with numpy and passing `int` as the `dtype`. Many tools such as FSL and SPM cannot deal with int64 in Nifti images, so for compatibility the data has been converted to int32.
  return new_img_like(mask_img, unmasked, affine)
Network 2 - dAttention: 50 voxels done Correlation: 0.23980273323380036
Network 2 - dAttention: 150 voxels done Correlation: 0.24920198597174822
Network 2 - dAttention: 250 voxels done Correlation: 0.35782883988735636
Network 2 - dAttention: 500 voxels done Correlation: 0.32696123140604183
Network 2 - dAttention: 750 voxels done Correlation: 0.35801130663772013
Network 2 - dAttention: 1000 voxels done Correlation: 0.3527642918019697
Network 2 - dAttention: 1500 voxels done Correlation: 0.3310202253925685
Network 2 - dAttention: 3000 voxels done Correlation: 0.30173295899805075
Network 2 - dAttention: 5000 voxels done Correlation: 0.3316535994095332
Network 2 - dAttention: 6500 voxels done Correlation: 0.3489868345510785
Network 2 - dAttention: 10000 voxels done Correlation: 0.32329191820755543
Network 2 - dAttention: 15000 voxels done Correlation: 0.33115819195114593
/home/fhopp/.conda/envs/mjs/lib/python3.8/site-packages/nilearn/masking.py:980: UserWarning: Data array used to create a new image contains 64-bit ints. This is likely due to creating the array with numpy and passing `int` as the `dtype`. Many tools such as FSL and SPM cannot deal with int64 in Nifti images, so for compatibility the data has been converted to int32.
  return new_img_like(mask_img, unmasked, affine)
Network 3 - vAttention: 50 voxels done Correlation: 0.2530985801724757
Network 3 - vAttention: 150 voxels done Correlation: 0.18148078127296308
Network 3 - vAttention: 250 voxels done Correlation: 0.26876077215937616
Network 3 - vAttention: 500 voxels done Correlation: 0.3208666650479674
Network 3 - vAttention: 750 voxels done Correlation: 0.2864935684234718
Network 3 - vAttention: 1000 voxels done Correlation: 0.34097253550811946
Network 3 - vAttention: 1500 voxels done Correlation: 0.3319265361305051
Network 3 - vAttention: 3000 voxels done Correlation: 0.39243874129924183
Network 3 - vAttention: 5000 voxels done Correlation: 0.38672111512711027
Network 3 - vAttention: 6500 voxels done Correlation: 0.36937445540164676
Network 3 - vAttention: 10000 voxels done Correlation: 0.38862357386856894
Network 3 - vAttention: 15000 voxels done Correlation: 0.3883591653329651
/home/fhopp/.conda/envs/mjs/lib/python3.8/site-packages/nilearn/masking.py:980: UserWarning: Data array used to create a new image contains 64-bit ints. This is likely due to creating the array with numpy and passing `int` as the `dtype`. Many tools such as FSL and SPM cannot deal with int64 in Nifti images, so for compatibility the data has been converted to int32.
  return new_img_like(mask_img, unmasked, affine)
Network 4 - Limbic: 50 voxels done Correlation: 0.12082068334158855
Network 4 - Limbic: 150 voxels done Correlation: 0.18020735650351022
Network 4 - Limbic: 250 voxels done Correlation: 0.2706277947662408
Network 4 - Limbic: 500 voxels done Correlation: 0.29814317242208055
Network 4 - Limbic: 750 voxels done Correlation: 0.26784618975845165
Network 4 - Limbic: 1000 voxels done Correlation: 0.2875721277263197
Network 4 - Limbic: 1500 voxels done Correlation: 0.28038689266416894
Network 4 - Limbic: 3000 voxels done Correlation: 0.2572555641739869
Network 4 - Limbic: 5000 voxels done Correlation: 0.2825882544853717
Network 4 - Limbic: 6500 voxels done Correlation: 0.2804032360581502
Network 4 - Limbic: 10000 voxels done Correlation: 0.28443937419042375
/home/fhopp/.conda/envs/mjs/lib/python3.8/site-packages/nilearn/masking.py:980: UserWarning: Data array used to create a new image contains 64-bit ints. This is likely due to creating the array with numpy and passing `int` as the `dtype`. Many tools such as FSL and SPM cannot deal with int64 in Nifti images, so for compatibility the data has been converted to int32.
  return new_img_like(mask_img, unmasked, affine)
Network 5 - Frontoparietal: 50 voxels done Correlation: 0.11791749973156115
Network 5 - Frontoparietal: 150 voxels done Correlation: 0.14865967589385026
Network 5 - Frontoparietal: 250 voxels done Correlation: 0.1994113336801144
Network 5 - Frontoparietal: 500 voxels done Correlation: 0.2423522986212159
Network 5 - Frontoparietal: 750 voxels done Correlation: 0.23060182077882274
Network 5 - Frontoparietal: 1000 voxels done Correlation: 0.186313795873779
Network 5 - Frontoparietal: 1500 voxels done Correlation: 0.2568557937054371
Network 5 - Frontoparietal: 3000 voxels done Correlation: 0.221682194506635
Network 5 - Frontoparietal: 5000 voxels done Correlation: 0.24581281043942393
Network 5 - Frontoparietal: 6500 voxels done Correlation: 0.22080292885479783
Network 5 - Frontoparietal: 10000 voxels done Correlation: 0.22603616988102682
Network 5 - Frontoparietal: 15000 voxels done Correlation: 0.24045158999812533
/home/fhopp/.conda/envs/mjs/lib/python3.8/site-packages/nilearn/masking.py:980: UserWarning: Data array used to create a new image contains 64-bit ints. This is likely due to creating the array with numpy and passing `int` as the `dtype`. Many tools such as FSL and SPM cannot deal with int64 in Nifti images, so for compatibility the data has been converted to int32.
  return new_img_like(mask_img, unmasked, affine)
Network 6 - Default Mode: 50 voxels done Correlation: 0.3272387023772605
Network 6 - Default Mode: 150 voxels done Correlation: 0.2634747753351054
Network 6 - Default Mode: 250 voxels done Correlation: 0.38105641747700925
Network 6 - Default Mode: 500 voxels done Correlation: 0.3277830189737101
Network 6 - Default Mode: 750 voxels done Correlation: 0.3761904909741046
Network 6 - Default Mode: 1000 voxels done Correlation: 0.3813630127922933
Network 6 - Default Mode: 1500 voxels done Correlation: 0.41037824938755374
Network 6 - Default Mode: 3000 voxels done Correlation: 0.4088011987580931
Network 6 - Default Mode: 5000 voxels done Correlation: 0.4019699034217344
Network 6 - Default Mode: 6500 voxels done Correlation: 0.40241671012423763
Network 6 - Default Mode: 10000 voxels done Correlation: 0.4122499085115436
Network 6 - Default Mode: 15000 voxels done Correlation: 0.4102486701287762
Network 6 - Default Mode: 25000 voxels done Correlation: 0.4131094906938456
/home/fhopp/.conda/envs/mjs/lib/python3.8/site-packages/nilearn/masking.py:980: UserWarning: Data array used to create a new image contains 64-bit ints. This is likely due to creating the array with numpy and passing `int` as the `dtype`. Many tools such as FSL and SPM cannot deal with int64 in Nifti images, so for compatibility the data has been converted to int32.
  return new_img_like(mask_img, unmasked, affine)
Network 7 - Subcortical: 50 voxels done Correlation: 0.12140017287010192
Network 7 - Subcortical: 150 voxels done Correlation: 0.1818449533418019
Network 7 - Subcortical: 250 voxels done Correlation: 0.2807877301991182
Network 7 - Subcortical: 500 voxels done Correlation: 0.2504233718587696
Network 7 - Subcortical: 750 voxels done Correlation: 0.26313849494931096
Network 7 - Subcortical: 1000 voxels done Correlation: 0.2425065971587388
Network 7 - Subcortical: 1500 voxels done Correlation: 0.1845736565584593
Network 7 - Subcortical: 3000 voxels done Correlation: 0.18752669628346463
Network 7 - Subcortical: 5000 voxels done Correlation: 0.18018927937929016
Network 7 - Subcortical: 6500 voxels done Correlation: 0.16564797949228863
Network 7 - Subcortical: 10000 voxels done Correlation: 0.16807025994158753
Network 8 - Consciousness: 50 voxels done Correlation: 0.3113346854288416
Network 8 - Consciousness: 150 voxels done Correlation: 0.29695974794630076
Network 8 - Consciousness: 250 voxels done Correlation: 0.2783293060063937
Network 8 - Consciousness: 500 voxels done Correlation: 0.45097170063150327
Network 8 - Consciousness: 750 voxels done Correlation: 0.4288608343689262
Network 8 - Consciousness: 1000 voxels done Correlation: 0.3655043434672625
Network 8 - Consciousness: 1500 voxels done Correlation: 0.40616264224167553
Network 8 - Consciousness: 3000 voxels done Correlation: 0.4466606456093034
Network 8 - Consciousness: 5000 voxels done Correlation: 0.48892475024647997
Network 8 - Consciousness: 6500 voxels done Correlation: 0.4738282351343061
Network 8 - Consciousness: 10000 voxels done Correlation: 0.47274717913603514
Network 8 - Consciousness: 15000 voxels done Correlation: 0.46417728116540796
Network 8 - Consciousness: 25000 voxels done Correlation: 0.46938286462243184
Network 8 - Consciousness: 50000 voxels done Correlation: 0.4651912357787592
