Running job on: nash
Iteration: 913
Starting spatial evaluation...
/home/fhopp/.conda/envs/mjs/lib/python3.8/site-packages/nilearn/maskers/nifti_masker.py:110: UserWarning: imgs are being resampled to the mask_img resolution. This process is memory intensive. You might want to provide a target_affine that is equal to the affine of the imgs or resample the mask beforehand to save memory and computation time.
  warnings.warn(
/home/fhopp/.conda/envs/mjs/lib/python3.8/site-packages/nilearn/masking.py:980: UserWarning: Data array used to create a new image contains 64-bit ints. This is likely due to creating the array with numpy and passing `int` as the `dtype`. Many tools such as FSL and SPM cannot deal with int64 in Nifti images, so for compatibility the data has been converted to int32.
  return new_img_like(mask_img, unmasked, affine)
Network 0 - Visual: 50 voxels done Correlation: 0.5949455381269555
Network 0 - Visual: 150 voxels done Correlation: 0.6288706240001807
Network 0 - Visual: 250 voxels done Correlation: 0.5531586390615384
Network 0 - Visual: 500 voxels done Correlation: 0.5896939086374906
Network 0 - Visual: 750 voxels done Correlation: 0.606005530290186
Network 0 - Visual: 1000 voxels done Correlation: 0.6027277428252835
Network 0 - Visual: 1500 voxels done Correlation: 0.5852945030661396
Network 0 - Visual: 3000 voxels done Correlation: 0.6320628155396555
Network 0 - Visual: 5000 voxels done Correlation: 0.6301363979596628
Network 0 - Visual: 6500 voxels done Correlation: 0.6290566941639896
Network 0 - Visual: 10000 voxels done Correlation: 0.6254895743092519
Network 0 - Visual: 15000 voxels done Correlation: 0.6332934826184082
/home/fhopp/.conda/envs/mjs/lib/python3.8/site-packages/nilearn/masking.py:980: UserWarning: Data array used to create a new image contains 64-bit ints. This is likely due to creating the array with numpy and passing `int` as the `dtype`. Many tools such as FSL and SPM cannot deal with int64 in Nifti images, so for compatibility the data has been converted to int32.
  return new_img_like(mask_img, unmasked, affine)
Network 1 - Somatomotor: 50 voxels done Correlation: 0.30214660708093954
Network 1 - Somatomotor: 150 voxels done Correlation: 0.2628935552589324
Network 1 - Somatomotor: 250 voxels done Correlation: 0.36093837982305077
Network 1 - Somatomotor: 500 voxels done Correlation: 0.3161996463866314
Network 1 - Somatomotor: 750 voxels done Correlation: 0.368817602058838
Network 1 - Somatomotor: 1000 voxels done Correlation: 0.35308531515804364
Network 1 - Somatomotor: 1500 voxels done Correlation: 0.32622213558917146
Network 1 - Somatomotor: 3000 voxels done Correlation: 0.3408401102826464
Network 1 - Somatomotor: 5000 voxels done Correlation: 0.3414451489347176
Network 1 - Somatomotor: 6500 voxels done Correlation: 0.33739388919056945
Network 1 - Somatomotor: 10000 voxels done Correlation: 0.34031876858970256
Network 1 - Somatomotor: 15000 voxels done Correlation: 0.34440835952245463
/home/fhopp/.conda/envs/mjs/lib/python3.8/site-packages/nilearn/masking.py:980: UserWarning: Data array used to create a new image contains 64-bit ints. This is likely due to creating the array with numpy and passing `int` as the `dtype`. Many tools such as FSL and SPM cannot deal with int64 in Nifti images, so for compatibility the data has been converted to int32.
  return new_img_like(mask_img, unmasked, affine)
Network 2 - dAttention: 50 voxels done Correlation: 0.34095972101560007
Network 2 - dAttention: 150 voxels done Correlation: 0.2846622386942974
Network 2 - dAttention: 250 voxels done Correlation: 0.3348455540922141
Network 2 - dAttention: 500 voxels done Correlation: 0.4443269616599707
Network 2 - dAttention: 750 voxels done Correlation: 0.29666946838024294
Network 2 - dAttention: 1000 voxels done Correlation: 0.35160831831353745
Network 2 - dAttention: 1500 voxels done Correlation: 0.28602761621500705
Network 2 - dAttention: 3000 voxels done Correlation: 0.267246190631019
Network 2 - dAttention: 5000 voxels done Correlation: 0.32980412702243134
Network 2 - dAttention: 6500 voxels done Correlation: 0.32481565762320563
Network 2 - dAttention: 10000 voxels done Correlation: 0.33331396946072217
Network 2 - dAttention: 15000 voxels done Correlation: 0.3306674672658295
/home/fhopp/.conda/envs/mjs/lib/python3.8/site-packages/nilearn/masking.py:980: UserWarning: Data array used to create a new image contains 64-bit ints. This is likely due to creating the array with numpy and passing `int` as the `dtype`. Many tools such as FSL and SPM cannot deal with int64 in Nifti images, so for compatibility the data has been converted to int32.
  return new_img_like(mask_img, unmasked, affine)
Network 3 - vAttention: 50 voxels done Correlation: 0.24776155707981312
Network 3 - vAttention: 150 voxels done Correlation: 0.3394682094344269
Network 3 - vAttention: 250 voxels done Correlation: 0.2317938293556544
Network 3 - vAttention: 500 voxels done Correlation: 0.3644641449268767
Network 3 - vAttention: 750 voxels done Correlation: 0.3432664076819564
Network 3 - vAttention: 1000 voxels done Correlation: 0.33684478915355087
Network 3 - vAttention: 1500 voxels done Correlation: 0.31344794508426466
Network 3 - vAttention: 3000 voxels done Correlation: 0.3825040874986204
Network 3 - vAttention: 5000 voxels done Correlation: 0.4003894275993026
Network 3 - vAttention: 6500 voxels done Correlation: 0.39307982370074346
Network 3 - vAttention: 10000 voxels done Correlation: 0.3783618262118887
Network 3 - vAttention: 15000 voxels done Correlation: 0.3883125370068423
/home/fhopp/.conda/envs/mjs/lib/python3.8/site-packages/nilearn/masking.py:980: UserWarning: Data array used to create a new image contains 64-bit ints. This is likely due to creating the array with numpy and passing `int` as the `dtype`. Many tools such as FSL and SPM cannot deal with int64 in Nifti images, so for compatibility the data has been converted to int32.
  return new_img_like(mask_img, unmasked, affine)
Network 4 - Limbic: 50 voxels done Correlation: 0.22958381045618742
Network 4 - Limbic: 150 voxels done Correlation: 0.2233441446317227
Network 4 - Limbic: 250 voxels done Correlation: 0.2904479010170933
Network 4 - Limbic: 500 voxels done Correlation: 0.1957608216154447
Network 4 - Limbic: 750 voxels done Correlation: 0.28580805173197465
Network 4 - Limbic: 1000 voxels done Correlation: 0.2741075744887831
Network 4 - Limbic: 1500 voxels done Correlation: 0.23606398061326553
Network 4 - Limbic: 3000 voxels done Correlation: 0.2828230877288142
Network 4 - Limbic: 5000 voxels done Correlation: 0.2867206438375064
Network 4 - Limbic: 6500 voxels done Correlation: 0.2863330769492022
Network 4 - Limbic: 10000 voxels done Correlation: 0.2900126007137381
/home/fhopp/.conda/envs/mjs/lib/python3.8/site-packages/nilearn/masking.py:980: UserWarning: Data array used to create a new image contains 64-bit ints. This is likely due to creating the array with numpy and passing `int` as the `dtype`. Many tools such as FSL and SPM cannot deal with int64 in Nifti images, so for compatibility the data has been converted to int32.
  return new_img_like(mask_img, unmasked, affine)
Network 5 - Frontoparietal: 50 voxels done Correlation: 0.1506443314757244
Network 5 - Frontoparietal: 150 voxels done Correlation: 0.25714223694867105
Network 5 - Frontoparietal: 250 voxels done Correlation: 0.12722738290225516
Network 5 - Frontoparietal: 500 voxels done Correlation: 0.2461494260881279
Network 5 - Frontoparietal: 750 voxels done Correlation: 0.2168989649895322
Network 5 - Frontoparietal: 1000 voxels done Correlation: 0.21284990141979787
Network 5 - Frontoparietal: 1500 voxels done Correlation: 0.23533880228089174
Network 5 - Frontoparietal: 3000 voxels done Correlation: 0.23200376592712685
Network 5 - Frontoparietal: 5000 voxels done Correlation: 0.22936816921343803
Network 5 - Frontoparietal: 6500 voxels done Correlation: 0.24466597862784495
Network 5 - Frontoparietal: 10000 voxels done Correlation: 0.23920541159075767
Network 5 - Frontoparietal: 15000 voxels done Correlation: 0.23952629015366453
/home/fhopp/.conda/envs/mjs/lib/python3.8/site-packages/nilearn/masking.py:980: UserWarning: Data array used to create a new image contains 64-bit ints. This is likely due to creating the array with numpy and passing `int` as the `dtype`. Many tools such as FSL and SPM cannot deal with int64 in Nifti images, so for compatibility the data has been converted to int32.
  return new_img_like(mask_img, unmasked, affine)
Network 6 - Default Mode: 50 voxels done Correlation: 0.299282481439569
Network 6 - Default Mode: 150 voxels done Correlation: 0.27868590255384373
Network 6 - Default Mode: 250 voxels done Correlation: 0.25045492796461133
Network 6 - Default Mode: 500 voxels done Correlation: 0.3526159728494084
Network 6 - Default Mode: 750 voxels done Correlation: 0.35359636721390275
Network 6 - Default Mode: 1000 voxels done Correlation: 0.27699823234417636
Network 6 - Default Mode: 1500 voxels done Correlation: 0.3715686089488719
Network 6 - Default Mode: 3000 voxels done Correlation: 0.41102283808195567
Network 6 - Default Mode: 5000 voxels done Correlation: 0.37422330459188446
Network 6 - Default Mode: 6500 voxels done Correlation: 0.4175536648089507
Network 6 - Default Mode: 10000 voxels done Correlation: 0.3906606180950627
Network 6 - Default Mode: 15000 voxels done Correlation: 0.41371449110067615
Network 6 - Default Mode: 25000 voxels done Correlation: 0.41220524694966554
/home/fhopp/.conda/envs/mjs/lib/python3.8/site-packages/nilearn/masking.py:980: UserWarning: Data array used to create a new image contains 64-bit ints. This is likely due to creating the array with numpy and passing `int` as the `dtype`. Many tools such as FSL and SPM cannot deal with int64 in Nifti images, so for compatibility the data has been converted to int32.
  return new_img_like(mask_img, unmasked, affine)
Network 7 - Subcortical: 50 voxels done Correlation: 0.23040321766378788
Network 7 - Subcortical: 150 voxels done Correlation: 0.17163900880299646
Network 7 - Subcortical: 250 voxels done Correlation: 0.19630838618098984
Network 7 - Subcortical: 500 voxels done Correlation: 0.23628360104437787
Network 7 - Subcortical: 750 voxels done Correlation: 0.20092272528501315
Network 7 - Subcortical: 1000 voxels done Correlation: 0.2415880849311421
Network 7 - Subcortical: 1500 voxels done Correlation: 0.2337044823904988
Network 7 - Subcortical: 3000 voxels done Correlation: 0.1934977760938148
Network 7 - Subcortical: 5000 voxels done Correlation: 0.16401872864197542
Network 7 - Subcortical: 6500 voxels done Correlation: 0.16306152813380206
Network 7 - Subcortical: 10000 voxels done Correlation: 0.1648815140729804
Network 8 - Consciousness: 50 voxels done Correlation: 0.22224734595884973
Network 8 - Consciousness: 150 voxels done Correlation: 0.3432930436247647
Network 8 - Consciousness: 250 voxels done Correlation: 0.34074346491699437
Network 8 - Consciousness: 500 voxels done Correlation: 0.3361009355154362
Network 8 - Consciousness: 750 voxels done Correlation: 0.41746737697470826
Network 8 - Consciousness: 1000 voxels done Correlation: 0.40177031020573795
Network 8 - Consciousness: 1500 voxels done Correlation: 0.4280213240805202
Network 8 - Consciousness: 3000 voxels done Correlation: 0.43600356311702465
Network 8 - Consciousness: 5000 voxels done Correlation: 0.4355108093438461
Network 8 - Consciousness: 6500 voxels done Correlation: 0.4483182875466199
Network 8 - Consciousness: 10000 voxels done Correlation: 0.4693879540849982
Network 8 - Consciousness: 15000 voxels done Correlation: 0.4696171774202061
Network 8 - Consciousness: 25000 voxels done Correlation: 0.4509580405857331
Network 8 - Consciousness: 50000 voxels done Correlation: 0.4647015697360243
