Running job on: easley
Iteration: 151
Starting spatial evaluation...
/home/fhopp/.conda/envs/mjs/lib/python3.8/site-packages/nilearn/maskers/nifti_masker.py:110: UserWarning: imgs are being resampled to the mask_img resolution. This process is memory intensive. You might want to provide a target_affine that is equal to the affine of the imgs or resample the mask beforehand to save memory and computation time.
  warnings.warn(
/home/fhopp/.conda/envs/mjs/lib/python3.8/site-packages/nilearn/masking.py:980: UserWarning: Data array used to create a new image contains 64-bit ints. This is likely due to creating the array with numpy and passing `int` as the `dtype`. Many tools such as FSL and SPM cannot deal with int64 in Nifti images, so for compatibility the data has been converted to int32.
  return new_img_like(mask_img, unmasked, affine)
Network 0 - Visual: 50 voxels done Correlation: 0.5085714460120141
Network 0 - Visual: 150 voxels done Correlation: 0.6321276472994701
Network 0 - Visual: 250 voxels done Correlation: 0.5873750543743248
Network 0 - Visual: 500 voxels done Correlation: 0.6004130769284057
Network 0 - Visual: 750 voxels done Correlation: 0.6213862477884583
Network 0 - Visual: 1000 voxels done Correlation: 0.5986764521526321
Network 0 - Visual: 1500 voxels done Correlation: 0.6330272582201091
Network 0 - Visual: 3000 voxels done Correlation: 0.6304042728542127
Network 0 - Visual: 5000 voxels done Correlation: 0.6122313002454556
Network 0 - Visual: 6500 voxels done Correlation: 0.630681000716869
Network 0 - Visual: 10000 voxels done Correlation: 0.6257810837058589
Network 0 - Visual: 15000 voxels done Correlation: 0.6368053026143388
/home/fhopp/.conda/envs/mjs/lib/python3.8/site-packages/nilearn/masking.py:980: UserWarning: Data array used to create a new image contains 64-bit ints. This is likely due to creating the array with numpy and passing `int` as the `dtype`. Many tools such as FSL and SPM cannot deal with int64 in Nifti images, so for compatibility the data has been converted to int32.
  return new_img_like(mask_img, unmasked, affine)
Network 1 - Somatomotor: 50 voxels done Correlation: 0.3357311186232276
Network 1 - Somatomotor: 150 voxels done Correlation: 0.3418752789381625
Network 1 - Somatomotor: 250 voxels done Correlation: 0.3280127927323981
Network 1 - Somatomotor: 500 voxels done Correlation: 0.29954316564652717
Network 1 - Somatomotor: 750 voxels done Correlation: 0.3088208511432219
Network 1 - Somatomotor: 1000 voxels done Correlation: 0.35667702674196955
Network 1 - Somatomotor: 1500 voxels done Correlation: 0.34700111483469437
Network 1 - Somatomotor: 3000 voxels done Correlation: 0.34751604757148
Network 1 - Somatomotor: 5000 voxels done Correlation: 0.33810421012227887
Network 1 - Somatomotor: 6500 voxels done Correlation: 0.33089789454792207
Network 1 - Somatomotor: 10000 voxels done Correlation: 0.34757938820216017
Network 1 - Somatomotor: 15000 voxels done Correlation: 0.34456599595185466
/home/fhopp/.conda/envs/mjs/lib/python3.8/site-packages/nilearn/masking.py:980: UserWarning: Data array used to create a new image contains 64-bit ints. This is likely due to creating the array with numpy and passing `int` as the `dtype`. Many tools such as FSL and SPM cannot deal with int64 in Nifti images, so for compatibility the data has been converted to int32.
  return new_img_like(mask_img, unmasked, affine)
Network 2 - dAttention: 50 voxels done Correlation: 0.17987537678624288
Network 2 - dAttention: 150 voxels done Correlation: 0.2670949847077
Network 2 - dAttention: 250 voxels done Correlation: 0.3636643227447155
Network 2 - dAttention: 500 voxels done Correlation: 0.29753712999521753
Network 2 - dAttention: 750 voxels done Correlation: 0.2720153821794955
Network 2 - dAttention: 1000 voxels done Correlation: 0.36175036272812355
Network 2 - dAttention: 1500 voxels done Correlation: 0.3082726769294027
Network 2 - dAttention: 3000 voxels done Correlation: 0.30104363892551333
Network 2 - dAttention: 5000 voxels done Correlation: 0.3512910580407075
Network 2 - dAttention: 6500 voxels done Correlation: 0.311963869552077
Network 2 - dAttention: 10000 voxels done Correlation: 0.34156865647752
Network 2 - dAttention: 15000 voxels done Correlation: 0.33467904373729357
/home/fhopp/.conda/envs/mjs/lib/python3.8/site-packages/nilearn/masking.py:980: UserWarning: Data array used to create a new image contains 64-bit ints. This is likely due to creating the array with numpy and passing `int` as the `dtype`. Many tools such as FSL and SPM cannot deal with int64 in Nifti images, so for compatibility the data has been converted to int32.
  return new_img_like(mask_img, unmasked, affine)
Network 3 - vAttention: 50 voxels done Correlation: 0.17476755064947366
Network 3 - vAttention: 150 voxels done Correlation: 0.2521006774008353
Network 3 - vAttention: 250 voxels done Correlation: 0.3270773364245927
Network 3 - vAttention: 500 voxels done Correlation: 0.2909845332187376
Network 3 - vAttention: 750 voxels done Correlation: 0.3350265260160329
Network 3 - vAttention: 1000 voxels done Correlation: 0.36772077523953905
Network 3 - vAttention: 1500 voxels done Correlation: 0.395923697081902
Network 3 - vAttention: 3000 voxels done Correlation: 0.343361284784204
Network 3 - vAttention: 5000 voxels done Correlation: 0.3557061891796942
Network 3 - vAttention: 6500 voxels done Correlation: 0.37980478437216425
Network 3 - vAttention: 10000 voxels done Correlation: 0.3841670866409773
Network 3 - vAttention: 15000 voxels done Correlation: 0.38798136842033426
/home/fhopp/.conda/envs/mjs/lib/python3.8/site-packages/nilearn/masking.py:980: UserWarning: Data array used to create a new image contains 64-bit ints. This is likely due to creating the array with numpy and passing `int` as the `dtype`. Many tools such as FSL and SPM cannot deal with int64 in Nifti images, so for compatibility the data has been converted to int32.
  return new_img_like(mask_img, unmasked, affine)
Network 4 - Limbic: 50 voxels done Correlation: 0.14654500647113564
Network 4 - Limbic: 150 voxels done Correlation: 0.2742610696230252
Network 4 - Limbic: 250 voxels done Correlation: 0.2421625416276591
Network 4 - Limbic: 500 voxels done Correlation: 0.2294750505232947
Network 4 - Limbic: 750 voxels done Correlation: 0.2432143042812942
Network 4 - Limbic: 1000 voxels done Correlation: 0.25209352725874556
Network 4 - Limbic: 1500 voxels done Correlation: 0.20679456390836543
Network 4 - Limbic: 3000 voxels done Correlation: 0.27754088308238
Network 4 - Limbic: 5000 voxels done Correlation: 0.2751602282236212
Network 4 - Limbic: 6500 voxels done Correlation: 0.27944811180093654
Network 4 - Limbic: 10000 voxels done Correlation: 0.2857132711639808
/home/fhopp/.conda/envs/mjs/lib/python3.8/site-packages/nilearn/masking.py:980: UserWarning: Data array used to create a new image contains 64-bit ints. This is likely due to creating the array with numpy and passing `int` as the `dtype`. Many tools such as FSL and SPM cannot deal with int64 in Nifti images, so for compatibility the data has been converted to int32.
  return new_img_like(mask_img, unmasked, affine)
Network 5 - Frontoparietal: 50 voxels done Correlation: 0.22804550412405966
Network 5 - Frontoparietal: 150 voxels done Correlation: 0.2230973128098483
Network 5 - Frontoparietal: 250 voxels done Correlation: 0.21551570197064807
Network 5 - Frontoparietal: 500 voxels done Correlation: 0.19634587301460776
Network 5 - Frontoparietal: 750 voxels done Correlation: 0.21916217233234858
Network 5 - Frontoparietal: 1000 voxels done Correlation: 0.22873276610469903
Network 5 - Frontoparietal: 1500 voxels done Correlation: 0.27347174898566134
Network 5 - Frontoparietal: 3000 voxels done Correlation: 0.21828480285481688
Network 5 - Frontoparietal: 5000 voxels done Correlation: 0.2146291714482274
Network 5 - Frontoparietal: 6500 voxels done Correlation: 0.23294858164775348
Network 5 - Frontoparietal: 10000 voxels done Correlation: 0.23550651209559986
Network 5 - Frontoparietal: 15000 voxels done Correlation: 0.23775975003670394
/home/fhopp/.conda/envs/mjs/lib/python3.8/site-packages/nilearn/masking.py:980: UserWarning: Data array used to create a new image contains 64-bit ints. This is likely due to creating the array with numpy and passing `int` as the `dtype`. Many tools such as FSL and SPM cannot deal with int64 in Nifti images, so for compatibility the data has been converted to int32.
  return new_img_like(mask_img, unmasked, affine)
Network 6 - Default Mode: 50 voxels done Correlation: 0.304669027326706
Network 6 - Default Mode: 150 voxels done Correlation: 0.3239287121765262
Network 6 - Default Mode: 250 voxels done Correlation: 0.3454919961312679
Network 6 - Default Mode: 500 voxels done Correlation: 0.4155215698566007
Network 6 - Default Mode: 750 voxels done Correlation: 0.3946316609619772
Network 6 - Default Mode: 1000 voxels done Correlation: 0.35487037669413013
Network 6 - Default Mode: 1500 voxels done Correlation: 0.39804271083402054
Network 6 - Default Mode: 3000 voxels done Correlation: 0.38291437029546094
Network 6 - Default Mode: 5000 voxels done Correlation: 0.3969540318565313
Network 6 - Default Mode: 6500 voxels done Correlation: 0.4060965710016949
Network 6 - Default Mode: 10000 voxels done Correlation: 0.3943650053412492
Network 6 - Default Mode: 15000 voxels done Correlation: 0.4022029179123602
Network 6 - Default Mode: 25000 voxels done Correlation: 0.40548178322863143
/home/fhopp/.conda/envs/mjs/lib/python3.8/site-packages/nilearn/masking.py:980: UserWarning: Data array used to create a new image contains 64-bit ints. This is likely due to creating the array with numpy and passing `int` as the `dtype`. Many tools such as FSL and SPM cannot deal with int64 in Nifti images, so for compatibility the data has been converted to int32.
  return new_img_like(mask_img, unmasked, affine)
Network 7 - Subcortical: 50 voxels done Correlation: 0.20895272737726245
Network 7 - Subcortical: 150 voxels done Correlation: 0.1834792697947507
Network 7 - Subcortical: 250 voxels done Correlation: 0.19040658738169852
Network 7 - Subcortical: 500 voxels done Correlation: 0.1917317188862993
Network 7 - Subcortical: 750 voxels done Correlation: 0.27684306884258936
Network 7 - Subcortical: 1000 voxels done Correlation: 0.24014420078587423
Network 7 - Subcortical: 1500 voxels done Correlation: 0.23542092456271213
Network 7 - Subcortical: 3000 voxels done Correlation: 0.15911966206659828
Network 7 - Subcortical: 5000 voxels done Correlation: 0.15406239469543964
Network 7 - Subcortical: 6500 voxels done Correlation: 0.16804232477655467
Network 7 - Subcortical: 10000 voxels done Correlation: 0.17084225515029494
Network 8 - Consciousness: 50 voxels done Correlation: 0.22959182994960348
Network 8 - Consciousness: 150 voxels done Correlation: 0.284140671123674
Network 8 - Consciousness: 250 voxels done Correlation: 0.4238208415608452
Network 8 - Consciousness: 500 voxels done Correlation: 0.38217466345149476
Network 8 - Consciousness: 750 voxels done Correlation: 0.3656877516353314
Network 8 - Consciousness: 1000 voxels done Correlation: 0.3945800207063961
Network 8 - Consciousness: 1500 voxels done Correlation: 0.3768677113005282
Network 8 - Consciousness: 3000 voxels done Correlation: 0.42251805760942374
Network 8 - Consciousness: 5000 voxels done Correlation: 0.4424481172890027
Network 8 - Consciousness: 6500 voxels done Correlation: 0.4824356269625164
Network 8 - Consciousness: 10000 voxels done Correlation: 0.45390991744872
Network 8 - Consciousness: 15000 voxels done Correlation: 0.481852109496988
Network 8 - Consciousness: 25000 voxels done Correlation: 0.4625410955452719
Network 8 - Consciousness: 50000 voxels done Correlation: 0.466117212532449
