Running job on: cox
Iteration: 601
Starting spatial evaluation...
/home/fhopp/.conda/envs/mjs/lib/python3.8/site-packages/nilearn/maskers/nifti_masker.py:110: UserWarning: imgs are being resampled to the mask_img resolution. This process is memory intensive. You might want to provide a target_affine that is equal to the affine of the imgs or resample the mask beforehand to save memory and computation time.
  warnings.warn(
/home/fhopp/.conda/envs/mjs/lib/python3.8/site-packages/nilearn/masking.py:980: UserWarning: Data array used to create a new image contains 64-bit ints. This is likely due to creating the array with numpy and passing `int` as the `dtype`. Many tools such as FSL and SPM cannot deal with int64 in Nifti images, so for compatibility the data has been converted to int32.
  return new_img_like(mask_img, unmasked, affine)
Network 0 - Visual: 50 voxels done Correlation: 0.7227316210932658
Network 0 - Visual: 150 voxels done Correlation: 0.6276768721347663
Network 0 - Visual: 250 voxels done Correlation: 0.6540122938855758
Network 0 - Visual: 500 voxels done Correlation: 0.557797507328764
Network 0 - Visual: 750 voxels done Correlation: 0.5638242990719333
Network 0 - Visual: 1000 voxels done Correlation: 0.6170802663126809
Network 0 - Visual: 1500 voxels done Correlation: 0.5941132255932875
Network 0 - Visual: 3000 voxels done Correlation: 0.617799909336248
Network 0 - Visual: 5000 voxels done Correlation: 0.6225359229676658
Network 0 - Visual: 6500 voxels done Correlation: 0.6232540789342564
Network 0 - Visual: 10000 voxels done Correlation: 0.6260227342184814
Network 0 - Visual: 15000 voxels done Correlation: 0.6282212100248403
/home/fhopp/.conda/envs/mjs/lib/python3.8/site-packages/nilearn/masking.py:980: UserWarning: Data array used to create a new image contains 64-bit ints. This is likely due to creating the array with numpy and passing `int` as the `dtype`. Many tools such as FSL and SPM cannot deal with int64 in Nifti images, so for compatibility the data has been converted to int32.
  return new_img_like(mask_img, unmasked, affine)
Network 1 - Somatomotor: 50 voxels done Correlation: 0.1651101531690211
Network 1 - Somatomotor: 150 voxels done Correlation: 0.3666672677906206
Network 1 - Somatomotor: 250 voxels done Correlation: 0.28787223517211713
Network 1 - Somatomotor: 500 voxels done Correlation: 0.36652659300611234
Network 1 - Somatomotor: 750 voxels done Correlation: 0.35877271087585727
Network 1 - Somatomotor: 1000 voxels done Correlation: 0.36107612535785394
Network 1 - Somatomotor: 1500 voxels done Correlation: 0.34680269427431987
Network 1 - Somatomotor: 3000 voxels done Correlation: 0.38614030764390084
Network 1 - Somatomotor: 5000 voxels done Correlation: 0.34287589767985216
Network 1 - Somatomotor: 6500 voxels done Correlation: 0.34008731626692024
Network 1 - Somatomotor: 10000 voxels done Correlation: 0.34029746400539174
Network 1 - Somatomotor: 15000 voxels done Correlation: 0.3381221433692614
/home/fhopp/.conda/envs/mjs/lib/python3.8/site-packages/nilearn/masking.py:980: UserWarning: Data array used to create a new image contains 64-bit ints. This is likely due to creating the array with numpy and passing `int` as the `dtype`. Many tools such as FSL and SPM cannot deal with int64 in Nifti images, so for compatibility the data has been converted to int32.
  return new_img_like(mask_img, unmasked, affine)
Network 2 - dAttention: 50 voxels done Correlation: 0.15800375510434014
Network 2 - dAttention: 150 voxels done Correlation: 0.3197011620883523
Network 2 - dAttention: 250 voxels done Correlation: 0.3036949163153908
Network 2 - dAttention: 500 voxels done Correlation: 0.2533304754176828
Network 2 - dAttention: 750 voxels done Correlation: 0.32118960604020075
Network 2 - dAttention: 1000 voxels done Correlation: 0.26830314036371694
Network 2 - dAttention: 1500 voxels done Correlation: 0.30257487812509876
Network 2 - dAttention: 3000 voxels done Correlation: 0.32615791792241394
Network 2 - dAttention: 5000 voxels done Correlation: 0.3184269653572952
Network 2 - dAttention: 6500 voxels done Correlation: 0.33713933374198224
Network 2 - dAttention: 10000 voxels done Correlation: 0.3307814921182236
Network 2 - dAttention: 15000 voxels done Correlation: 0.3356749541067366
/home/fhopp/.conda/envs/mjs/lib/python3.8/site-packages/nilearn/masking.py:980: UserWarning: Data array used to create a new image contains 64-bit ints. This is likely due to creating the array with numpy and passing `int` as the `dtype`. Many tools such as FSL and SPM cannot deal with int64 in Nifti images, so for compatibility the data has been converted to int32.
  return new_img_like(mask_img, unmasked, affine)
Network 3 - vAttention: 50 voxels done Correlation: 0.17896957973917127
Network 3 - vAttention: 150 voxels done Correlation: 0.3064150311893973
Network 3 - vAttention: 250 voxels done Correlation: 0.29502515217308684
Network 3 - vAttention: 500 voxels done Correlation: 0.29154142856775866
Network 3 - vAttention: 750 voxels done Correlation: 0.3988204262195656
Network 3 - vAttention: 1000 voxels done Correlation: 0.2973683931912027
Network 3 - vAttention: 1500 voxels done Correlation: 0.3483166498620789
Network 3 - vAttention: 3000 voxels done Correlation: 0.38513598385873077
Network 3 - vAttention: 5000 voxels done Correlation: 0.38832035121928865
Network 3 - vAttention: 6500 voxels done Correlation: 0.38361433866124056
Network 3 - vAttention: 10000 voxels done Correlation: 0.3897751779368724
Network 3 - vAttention: 15000 voxels done Correlation: 0.3865353081715089
/home/fhopp/.conda/envs/mjs/lib/python3.8/site-packages/nilearn/masking.py:980: UserWarning: Data array used to create a new image contains 64-bit ints. This is likely due to creating the array with numpy and passing `int` as the `dtype`. Many tools such as FSL and SPM cannot deal with int64 in Nifti images, so for compatibility the data has been converted to int32.
  return new_img_like(mask_img, unmasked, affine)
Network 4 - Limbic: 50 voxels done Correlation: 0.17037331318999932
Network 4 - Limbic: 150 voxels done Correlation: 0.2736534103759658
Network 4 - Limbic: 250 voxels done Correlation: 0.24137203758977743
Network 4 - Limbic: 500 voxels done Correlation: 0.30202941062505
Network 4 - Limbic: 750 voxels done Correlation: 0.30000404763747907
Network 4 - Limbic: 1000 voxels done Correlation: 0.23914830199316361
Network 4 - Limbic: 1500 voxels done Correlation: 0.2595286438348977
Network 4 - Limbic: 3000 voxels done Correlation: 0.27728593900038123
Network 4 - Limbic: 5000 voxels done Correlation: 0.2640632334801653
Network 4 - Limbic: 6500 voxels done Correlation: 0.2706976416606911
Network 4 - Limbic: 10000 voxels done Correlation: 0.2829244242437683
/home/fhopp/.conda/envs/mjs/lib/python3.8/site-packages/nilearn/masking.py:980: UserWarning: Data array used to create a new image contains 64-bit ints. This is likely due to creating the array with numpy and passing `int` as the `dtype`. Many tools such as FSL and SPM cannot deal with int64 in Nifti images, so for compatibility the data has been converted to int32.
  return new_img_like(mask_img, unmasked, affine)
Network 5 - Frontoparietal: 50 voxels done Correlation: 0.1951337986489604
Network 5 - Frontoparietal: 150 voxels done Correlation: 0.19109489412834907
Network 5 - Frontoparietal: 250 voxels done Correlation: 0.2605362507306249
Network 5 - Frontoparietal: 500 voxels done Correlation: 0.2645844477940993
Network 5 - Frontoparietal: 750 voxels done Correlation: 0.23629423085814144
Network 5 - Frontoparietal: 1000 voxels done Correlation: 0.23698100878914308
Network 5 - Frontoparietal: 1500 voxels done Correlation: 0.22586857703884886
Network 5 - Frontoparietal: 3000 voxels done Correlation: 0.22751603859331365
Network 5 - Frontoparietal: 5000 voxels done Correlation: 0.2334831767085888
Network 5 - Frontoparietal: 6500 voxels done Correlation: 0.23874562631275953
Network 5 - Frontoparietal: 10000 voxels done Correlation: 0.23753987128053314
Network 5 - Frontoparietal: 15000 voxels done Correlation: 0.2393934589116974
/home/fhopp/.conda/envs/mjs/lib/python3.8/site-packages/nilearn/masking.py:980: UserWarning: Data array used to create a new image contains 64-bit ints. This is likely due to creating the array with numpy and passing `int` as the `dtype`. Many tools such as FSL and SPM cannot deal with int64 in Nifti images, so for compatibility the data has been converted to int32.
  return new_img_like(mask_img, unmasked, affine)
Network 6 - Default Mode: 50 voxels done Correlation: 0.2012572621352714
Network 6 - Default Mode: 150 voxels done Correlation: 0.3782947295447345
Network 6 - Default Mode: 250 voxels done Correlation: 0.28007513763934216
Network 6 - Default Mode: 500 voxels done Correlation: 0.41179852664793726
Network 6 - Default Mode: 750 voxels done Correlation: 0.36768073009910784
Network 6 - Default Mode: 1000 voxels done Correlation: 0.38281021703138646
Network 6 - Default Mode: 1500 voxels done Correlation: 0.3627050697849207
Network 6 - Default Mode: 3000 voxels done Correlation: 0.41722103800856947
Network 6 - Default Mode: 5000 voxels done Correlation: 0.3882374237347428
Network 6 - Default Mode: 6500 voxels done Correlation: 0.3912046191934974
Network 6 - Default Mode: 10000 voxels done Correlation: 0.3933979390806349
Network 6 - Default Mode: 15000 voxels done Correlation: 0.41053169397225797
Network 6 - Default Mode: 25000 voxels done Correlation: 0.4110226399697716
/home/fhopp/.conda/envs/mjs/lib/python3.8/site-packages/nilearn/masking.py:980: UserWarning: Data array used to create a new image contains 64-bit ints. This is likely due to creating the array with numpy and passing `int` as the `dtype`. Many tools such as FSL and SPM cannot deal with int64 in Nifti images, so for compatibility the data has been converted to int32.
  return new_img_like(mask_img, unmasked, affine)
Network 7 - Subcortical: 50 voxels done Correlation: 0.13878717617963715
Network 7 - Subcortical: 150 voxels done Correlation: 0.09254250793161072
Network 7 - Subcortical: 250 voxels done Correlation: 0.22973012471145457
Network 7 - Subcortical: 500 voxels done Correlation: 0.2164919990046852
Network 7 - Subcortical: 750 voxels done Correlation: 0.19509600080942058
Network 7 - Subcortical: 1000 voxels done Correlation: 0.24176496176924422
Network 7 - Subcortical: 1500 voxels done Correlation: 0.2569324368445999
Network 7 - Subcortical: 3000 voxels done Correlation: 0.18440611444169858
Network 7 - Subcortical: 5000 voxels done Correlation: 0.1664577637400437
Network 7 - Subcortical: 6500 voxels done Correlation: 0.1582254358499317
Network 7 - Subcortical: 10000 voxels done Correlation: 0.16602995924859082
Network 8 - Consciousness: 50 voxels done Correlation: 0.16730268909654178
Network 8 - Consciousness: 150 voxels done Correlation: 0.3594945452654903
Network 8 - Consciousness: 250 voxels done Correlation: 0.2569623985429579
Network 8 - Consciousness: 500 voxels done Correlation: 0.38993925033688737
Network 8 - Consciousness: 750 voxels done Correlation: 0.39880090872401414
Network 8 - Consciousness: 1000 voxels done Correlation: 0.45457024072107566
Network 8 - Consciousness: 1500 voxels done Correlation: 0.36821028589834515
Network 8 - Consciousness: 3000 voxels done Correlation: 0.4174444008756305
Network 8 - Consciousness: 5000 voxels done Correlation: 0.43010643658908276
Network 8 - Consciousness: 6500 voxels done Correlation: 0.472881019035972
Network 8 - Consciousness: 10000 voxels done Correlation: 0.44800253511395716
Network 8 - Consciousness: 15000 voxels done Correlation: 0.4636512165956476
Network 8 - Consciousness: 25000 voxels done Correlation: 0.46136879176824963
Network 8 - Consciousness: 50000 voxels done Correlation: 0.46394749835719057
