Running job on: easley
Iteration: 293
Starting spatial evaluation...
/home/fhopp/.conda/envs/mjs/lib/python3.8/site-packages/nilearn/maskers/nifti_masker.py:110: UserWarning: imgs are being resampled to the mask_img resolution. This process is memory intensive. You might want to provide a target_affine that is equal to the affine of the imgs or resample the mask beforehand to save memory and computation time.
  warnings.warn(
/home/fhopp/.conda/envs/mjs/lib/python3.8/site-packages/nilearn/masking.py:980: UserWarning: Data array used to create a new image contains 64-bit ints. This is likely due to creating the array with numpy and passing `int` as the `dtype`. Many tools such as FSL and SPM cannot deal with int64 in Nifti images, so for compatibility the data has been converted to int32.
  return new_img_like(mask_img, unmasked, affine)
Network 0 - Visual: 50 voxels done Correlation: 0.6464574994356512
Network 0 - Visual: 150 voxels done Correlation: 0.6095531294903942
Network 0 - Visual: 250 voxels done Correlation: 0.5796338745876275
Network 0 - Visual: 500 voxels done Correlation: 0.5520468801794847
Network 0 - Visual: 750 voxels done Correlation: 0.5845552723080374
Network 0 - Visual: 1000 voxels done Correlation: 0.6230926331110965
Network 0 - Visual: 1500 voxels done Correlation: 0.5887710379672104
Network 0 - Visual: 3000 voxels done Correlation: 0.6380632693614304
Network 0 - Visual: 5000 voxels done Correlation: 0.6250180207248865
Network 0 - Visual: 6500 voxels done Correlation: 0.6333076089794428
Network 0 - Visual: 10000 voxels done Correlation: 0.6320004603314257
Network 0 - Visual: 15000 voxels done Correlation: 0.6318855019846197
/home/fhopp/.conda/envs/mjs/lib/python3.8/site-packages/nilearn/masking.py:980: UserWarning: Data array used to create a new image contains 64-bit ints. This is likely due to creating the array with numpy and passing `int` as the `dtype`. Many tools such as FSL and SPM cannot deal with int64 in Nifti images, so for compatibility the data has been converted to int32.
  return new_img_like(mask_img, unmasked, affine)
Network 1 - Somatomotor: 50 voxels done Correlation: 0.27325414310624474
Network 1 - Somatomotor: 150 voxels done Correlation: 0.37880474929476643
Network 1 - Somatomotor: 250 voxels done Correlation: 0.3180523259932909
Network 1 - Somatomotor: 500 voxels done Correlation: 0.31819595101186715
Network 1 - Somatomotor: 750 voxels done Correlation: 0.335286581861994
Network 1 - Somatomotor: 1000 voxels done Correlation: 0.37894879758983535
Network 1 - Somatomotor: 1500 voxels done Correlation: 0.35501204362545347
Network 1 - Somatomotor: 3000 voxels done Correlation: 0.34681742678825034
Network 1 - Somatomotor: 5000 voxels done Correlation: 0.34093907178224425
Network 1 - Somatomotor: 6500 voxels done Correlation: 0.35201865803510335
Network 1 - Somatomotor: 10000 voxels done Correlation: 0.3415413113935028
Network 1 - Somatomotor: 15000 voxels done Correlation: 0.3455571371183044
/home/fhopp/.conda/envs/mjs/lib/python3.8/site-packages/nilearn/masking.py:980: UserWarning: Data array used to create a new image contains 64-bit ints. This is likely due to creating the array with numpy and passing `int` as the `dtype`. Many tools such as FSL and SPM cannot deal with int64 in Nifti images, so for compatibility the data has been converted to int32.
  return new_img_like(mask_img, unmasked, affine)
Network 2 - dAttention: 50 voxels done Correlation: 0.2427335908324194
Network 2 - dAttention: 150 voxels done Correlation: 0.3191261005513214
Network 2 - dAttention: 250 voxels done Correlation: 0.27831590128674755
Network 2 - dAttention: 500 voxels done Correlation: 0.29018831982369886
Network 2 - dAttention: 750 voxels done Correlation: 0.3292839134753732
Network 2 - dAttention: 1000 voxels done Correlation: 0.35672052978287333
Network 2 - dAttention: 1500 voxels done Correlation: 0.3022532140046975
Network 2 - dAttention: 3000 voxels done Correlation: 0.32074969573863793
Network 2 - dAttention: 5000 voxels done Correlation: 0.33855560126792866
Network 2 - dAttention: 6500 voxels done Correlation: 0.30721905489415463
Network 2 - dAttention: 10000 voxels done Correlation: 0.336033924002462
Network 2 - dAttention: 15000 voxels done Correlation: 0.32791716706120505
/home/fhopp/.conda/envs/mjs/lib/python3.8/site-packages/nilearn/masking.py:980: UserWarning: Data array used to create a new image contains 64-bit ints. This is likely due to creating the array with numpy and passing `int` as the `dtype`. Many tools such as FSL and SPM cannot deal with int64 in Nifti images, so for compatibility the data has been converted to int32.
  return new_img_like(mask_img, unmasked, affine)
Network 3 - vAttention: 50 voxels done Correlation: 0.25866761923466963
Network 3 - vAttention: 150 voxels done Correlation: 0.25166937652878046
Network 3 - vAttention: 250 voxels done Correlation: 0.28270119586565856
Network 3 - vAttention: 500 voxels done Correlation: 0.38200478020221496
Network 3 - vAttention: 750 voxels done Correlation: 0.3255046977280724
Network 3 - vAttention: 1000 voxels done Correlation: 0.3457087509315535
Network 3 - vAttention: 1500 voxels done Correlation: 0.35898414723558025
Network 3 - vAttention: 3000 voxels done Correlation: 0.35828373173901495
Network 3 - vAttention: 5000 voxels done Correlation: 0.3665790752562781
Network 3 - vAttention: 6500 voxels done Correlation: 0.38499254628791674
Network 3 - vAttention: 10000 voxels done Correlation: 0.39521838618899696
Network 3 - vAttention: 15000 voxels done Correlation: 0.38855152979081964
/home/fhopp/.conda/envs/mjs/lib/python3.8/site-packages/nilearn/masking.py:980: UserWarning: Data array used to create a new image contains 64-bit ints. This is likely due to creating the array with numpy and passing `int` as the `dtype`. Many tools such as FSL and SPM cannot deal with int64 in Nifti images, so for compatibility the data has been converted to int32.
  return new_img_like(mask_img, unmasked, affine)
Network 4 - Limbic: 50 voxels done Correlation: 0.16929714966069975
Network 4 - Limbic: 150 voxels done Correlation: 0.24329275645122622
Network 4 - Limbic: 250 voxels done Correlation: 0.22922077835290897
Network 4 - Limbic: 500 voxels done Correlation: 0.23691284970568954
Network 4 - Limbic: 750 voxels done Correlation: 0.23144888317322854
Network 4 - Limbic: 1000 voxels done Correlation: 0.25195743943512655
Network 4 - Limbic: 1500 voxels done Correlation: 0.24466638775408972
Network 4 - Limbic: 3000 voxels done Correlation: 0.26242989889317947
Network 4 - Limbic: 5000 voxels done Correlation: 0.2737299735864021
Network 4 - Limbic: 6500 voxels done Correlation: 0.276207736263596
Network 4 - Limbic: 10000 voxels done Correlation: 0.28687143818758526
/home/fhopp/.conda/envs/mjs/lib/python3.8/site-packages/nilearn/masking.py:980: UserWarning: Data array used to create a new image contains 64-bit ints. This is likely due to creating the array with numpy and passing `int` as the `dtype`. Many tools such as FSL and SPM cannot deal with int64 in Nifti images, so for compatibility the data has been converted to int32.
  return new_img_like(mask_img, unmasked, affine)
Network 5 - Frontoparietal: 50 voxels done Correlation: 0.10597622712319538
Network 5 - Frontoparietal: 150 voxels done Correlation: 0.11567041607024889
Network 5 - Frontoparietal: 250 voxels done Correlation: 0.22786556823139334
Network 5 - Frontoparietal: 500 voxels done Correlation: 0.26153461545594375
Network 5 - Frontoparietal: 750 voxels done Correlation: 0.2399487891052486
Network 5 - Frontoparietal: 1000 voxels done Correlation: 0.22592295235460297
Network 5 - Frontoparietal: 1500 voxels done Correlation: 0.23323386164870769
Network 5 - Frontoparietal: 3000 voxels done Correlation: 0.21825661494723475
Network 5 - Frontoparietal: 5000 voxels done Correlation: 0.23504837397508085
Network 5 - Frontoparietal: 6500 voxels done Correlation: 0.23855882304972215
Network 5 - Frontoparietal: 10000 voxels done Correlation: 0.23482147841522916
Network 5 - Frontoparietal: 15000 voxels done Correlation: 0.23796944753234786
/home/fhopp/.conda/envs/mjs/lib/python3.8/site-packages/nilearn/masking.py:980: UserWarning: Data array used to create a new image contains 64-bit ints. This is likely due to creating the array with numpy and passing `int` as the `dtype`. Many tools such as FSL and SPM cannot deal with int64 in Nifti images, so for compatibility the data has been converted to int32.
  return new_img_like(mask_img, unmasked, affine)
Network 6 - Default Mode: 50 voxels done Correlation: 0.36175928323114653
Network 6 - Default Mode: 150 voxels done Correlation: 0.31826855175589086
Network 6 - Default Mode: 250 voxels done Correlation: 0.32798776052957346
Network 6 - Default Mode: 500 voxels done Correlation: 0.3571575967336931
Network 6 - Default Mode: 750 voxels done Correlation: 0.38175000848876506
Network 6 - Default Mode: 1000 voxels done Correlation: 0.3973566708611687
Network 6 - Default Mode: 1500 voxels done Correlation: 0.3799061187321702
Network 6 - Default Mode: 3000 voxels done Correlation: 0.3907758835380424
Network 6 - Default Mode: 5000 voxels done Correlation: 0.3980150453327609
Network 6 - Default Mode: 6500 voxels done Correlation: 0.41118695871442756
Network 6 - Default Mode: 10000 voxels done Correlation: 0.39741885486354595
Network 6 - Default Mode: 15000 voxels done Correlation: 0.4117421753902386
Network 6 - Default Mode: 25000 voxels done Correlation: 0.4064788391452582
/home/fhopp/.conda/envs/mjs/lib/python3.8/site-packages/nilearn/masking.py:980: UserWarning: Data array used to create a new image contains 64-bit ints. This is likely due to creating the array with numpy and passing `int` as the `dtype`. Many tools such as FSL and SPM cannot deal with int64 in Nifti images, so for compatibility the data has been converted to int32.
  return new_img_like(mask_img, unmasked, affine)
Network 7 - Subcortical: 50 voxels done Correlation: 0.20156110109866146
Network 7 - Subcortical: 150 voxels done Correlation: 0.2016900483565976
Network 7 - Subcortical: 250 voxels done Correlation: 0.14594335433039016
Network 7 - Subcortical: 500 voxels done Correlation: 0.23778275744817395
Network 7 - Subcortical: 750 voxels done Correlation: 0.16981835565628287
Network 7 - Subcortical: 1000 voxels done Correlation: 0.22471368829467475
Network 7 - Subcortical: 1500 voxels done Correlation: 0.22335243524705406
Network 7 - Subcortical: 3000 voxels done Correlation: 0.18079682508922568
Network 7 - Subcortical: 5000 voxels done Correlation: 0.16949366542075323
Network 7 - Subcortical: 6500 voxels done Correlation: 0.16750385581392635
Network 7 - Subcortical: 10000 voxels done Correlation: 0.1687595610640289
Network 8 - Consciousness: 50 voxels done Correlation: 0.2572621129310936
Network 8 - Consciousness: 150 voxels done Correlation: 0.33542765017811904
Network 8 - Consciousness: 250 voxels done Correlation: 0.32631342268800967
Network 8 - Consciousness: 500 voxels done Correlation: 0.3906536600703958
Network 8 - Consciousness: 750 voxels done Correlation: 0.3820394372805112
Network 8 - Consciousness: 1000 voxels done Correlation: 0.3808732296286069
Network 8 - Consciousness: 1500 voxels done Correlation: 0.4061701267787011
Network 8 - Consciousness: 3000 voxels done Correlation: 0.4686752275657905
Network 8 - Consciousness: 5000 voxels done Correlation: 0.4630823581141598
Network 8 - Consciousness: 6500 voxels done Correlation: 0.43390081477227427
Network 8 - Consciousness: 10000 voxels done Correlation: 0.4805758072361836
Network 8 - Consciousness: 15000 voxels done Correlation: 0.46670610360249254
Network 8 - Consciousness: 25000 voxels done Correlation: 0.4636504510629752
Network 8 - Consciousness: 50000 voxels done Correlation: 0.46693179057539347
