Running job on: easley
Iteration: 677
Starting spatial evaluation...
/home/fhopp/.conda/envs/mjs/lib/python3.8/site-packages/nilearn/maskers/nifti_masker.py:110: UserWarning: imgs are being resampled to the mask_img resolution. This process is memory intensive. You might want to provide a target_affine that is equal to the affine of the imgs or resample the mask beforehand to save memory and computation time.
  warnings.warn(
/home/fhopp/.conda/envs/mjs/lib/python3.8/site-packages/nilearn/masking.py:980: UserWarning: Data array used to create a new image contains 64-bit ints. This is likely due to creating the array with numpy and passing `int` as the `dtype`. Many tools such as FSL and SPM cannot deal with int64 in Nifti images, so for compatibility the data has been converted to int32.
  return new_img_like(mask_img, unmasked, affine)
Network 0 - Visual: 50 voxels done Correlation: 0.6103878714573958
Network 0 - Visual: 150 voxels done Correlation: 0.5431779584568184
Network 0 - Visual: 250 voxels done Correlation: 0.6391930781966044
Network 0 - Visual: 500 voxels done Correlation: 0.570749470302425
Network 0 - Visual: 750 voxels done Correlation: 0.6121135077642249
Network 0 - Visual: 1000 voxels done Correlation: 0.6008797970436186
Network 0 - Visual: 1500 voxels done Correlation: 0.6138757475660932
Network 0 - Visual: 3000 voxels done Correlation: 0.6226844229229382
Network 0 - Visual: 5000 voxels done Correlation: 0.6250316786319041
Network 0 - Visual: 6500 voxels done Correlation: 0.6185395252791203
Network 0 - Visual: 10000 voxels done Correlation: 0.6283320720466559
Network 0 - Visual: 15000 voxels done Correlation: 0.6282380050483789
/home/fhopp/.conda/envs/mjs/lib/python3.8/site-packages/nilearn/masking.py:980: UserWarning: Data array used to create a new image contains 64-bit ints. This is likely due to creating the array with numpy and passing `int` as the `dtype`. Many tools such as FSL and SPM cannot deal with int64 in Nifti images, so for compatibility the data has been converted to int32.
  return new_img_like(mask_img, unmasked, affine)
Network 1 - Somatomotor: 50 voxels done Correlation: 0.3844384430013804
Network 1 - Somatomotor: 150 voxels done Correlation: 0.3551212134166981
Network 1 - Somatomotor: 250 voxels done Correlation: 0.32892931365631456
Network 1 - Somatomotor: 500 voxels done Correlation: 0.3162963035771971
Network 1 - Somatomotor: 750 voxels done Correlation: 0.3690150253362232
Network 1 - Somatomotor: 1000 voxels done Correlation: 0.2982221223470505
Network 1 - Somatomotor: 1500 voxels done Correlation: 0.3332863917325104
Network 1 - Somatomotor: 3000 voxels done Correlation: 0.3636784395189866
Network 1 - Somatomotor: 5000 voxels done Correlation: 0.33736342837192135
Network 1 - Somatomotor: 6500 voxels done Correlation: 0.3631167487763952
Network 1 - Somatomotor: 10000 voxels done Correlation: 0.34824687807001153
Network 1 - Somatomotor: 15000 voxels done Correlation: 0.34309616617947447
/home/fhopp/.conda/envs/mjs/lib/python3.8/site-packages/nilearn/masking.py:980: UserWarning: Data array used to create a new image contains 64-bit ints. This is likely due to creating the array with numpy and passing `int` as the `dtype`. Many tools such as FSL and SPM cannot deal with int64 in Nifti images, so for compatibility the data has been converted to int32.
  return new_img_like(mask_img, unmasked, affine)
Network 2 - dAttention: 50 voxels done Correlation: 0.1816768486158327
Network 2 - dAttention: 150 voxels done Correlation: 0.3282697188611656
Network 2 - dAttention: 250 voxels done Correlation: 0.31623044053954225
Network 2 - dAttention: 500 voxels done Correlation: 0.33433158515470496
Network 2 - dAttention: 750 voxels done Correlation: 0.3232172461210773
Network 2 - dAttention: 1000 voxels done Correlation: 0.2691732929824432
Network 2 - dAttention: 1500 voxels done Correlation: 0.2859104105774427
Network 2 - dAttention: 3000 voxels done Correlation: 0.34825393414567113
Network 2 - dAttention: 5000 voxels done Correlation: 0.3305432658803751
Network 2 - dAttention: 6500 voxels done Correlation: 0.34280659472044994
Network 2 - dAttention: 10000 voxels done Correlation: 0.3330080286779857
Network 2 - dAttention: 15000 voxels done Correlation: 0.3338217255808308
/home/fhopp/.conda/envs/mjs/lib/python3.8/site-packages/nilearn/masking.py:980: UserWarning: Data array used to create a new image contains 64-bit ints. This is likely due to creating the array with numpy and passing `int` as the `dtype`. Many tools such as FSL and SPM cannot deal with int64 in Nifti images, so for compatibility the data has been converted to int32.
  return new_img_like(mask_img, unmasked, affine)
Network 3 - vAttention: 50 voxels done Correlation: 0.2352056745376177
Network 3 - vAttention: 150 voxels done Correlation: 0.29677314610310634
Network 3 - vAttention: 250 voxels done Correlation: 0.3018160769692868
Network 3 - vAttention: 500 voxels done Correlation: 0.3857217729277213
Network 3 - vAttention: 750 voxels done Correlation: 0.40488720882748563
Network 3 - vAttention: 1000 voxels done Correlation: 0.32607399675800375
Network 3 - vAttention: 1500 voxels done Correlation: 0.31955329681543687
Network 3 - vAttention: 3000 voxels done Correlation: 0.35812792973356805
Network 3 - vAttention: 5000 voxels done Correlation: 0.37206103158368464
Network 3 - vAttention: 6500 voxels done Correlation: 0.38070126398763515
Network 3 - vAttention: 10000 voxels done Correlation: 0.3973708103607093
Network 3 - vAttention: 15000 voxels done Correlation: 0.38924808901512953
/home/fhopp/.conda/envs/mjs/lib/python3.8/site-packages/nilearn/masking.py:980: UserWarning: Data array used to create a new image contains 64-bit ints. This is likely due to creating the array with numpy and passing `int` as the `dtype`. Many tools such as FSL and SPM cannot deal with int64 in Nifti images, so for compatibility the data has been converted to int32.
  return new_img_like(mask_img, unmasked, affine)
Network 4 - Limbic: 50 voxels done Correlation: 0.1779116267486708
Network 4 - Limbic: 150 voxels done Correlation: 0.17644761506295498
Network 4 - Limbic: 250 voxels done Correlation: 0.22759121694411563
Network 4 - Limbic: 500 voxels done Correlation: 0.2394558493835085
Network 4 - Limbic: 750 voxels done Correlation: 0.2818462921030733
Network 4 - Limbic: 1000 voxels done Correlation: 0.30276593874023056
Network 4 - Limbic: 1500 voxels done Correlation: 0.24153640157548728
Network 4 - Limbic: 3000 voxels done Correlation: 0.30877977238255105
Network 4 - Limbic: 5000 voxels done Correlation: 0.3120952332891547
Network 4 - Limbic: 6500 voxels done Correlation: 0.2825331701560422
Network 4 - Limbic: 10000 voxels done Correlation: 0.28296942129086133
/home/fhopp/.conda/envs/mjs/lib/python3.8/site-packages/nilearn/masking.py:980: UserWarning: Data array used to create a new image contains 64-bit ints. This is likely due to creating the array with numpy and passing `int` as the `dtype`. Many tools such as FSL and SPM cannot deal with int64 in Nifti images, so for compatibility the data has been converted to int32.
  return new_img_like(mask_img, unmasked, affine)
Network 5 - Frontoparietal: 50 voxels done Correlation: 0.16085093920864724
Network 5 - Frontoparietal: 150 voxels done Correlation: 0.20769064661623574
Network 5 - Frontoparietal: 250 voxels done Correlation: 0.14702246485508275
Network 5 - Frontoparietal: 500 voxels done Correlation: 0.2035580028598416
Network 5 - Frontoparietal: 750 voxels done Correlation: 0.19849001212595316
Network 5 - Frontoparietal: 1000 voxels done Correlation: 0.24421318072297615
Network 5 - Frontoparietal: 1500 voxels done Correlation: 0.23020990305352984
Network 5 - Frontoparietal: 3000 voxels done Correlation: 0.22616417271720268
Network 5 - Frontoparietal: 5000 voxels done Correlation: 0.22097018176672234
Network 5 - Frontoparietal: 6500 voxels done Correlation: 0.23770995437389647
Network 5 - Frontoparietal: 10000 voxels done Correlation: 0.2339986293985687
Network 5 - Frontoparietal: 15000 voxels done Correlation: 0.23832231708442664
/home/fhopp/.conda/envs/mjs/lib/python3.8/site-packages/nilearn/masking.py:980: UserWarning: Data array used to create a new image contains 64-bit ints. This is likely due to creating the array with numpy and passing `int` as the `dtype`. Many tools such as FSL and SPM cannot deal with int64 in Nifti images, so for compatibility the data has been converted to int32.
  return new_img_like(mask_img, unmasked, affine)
Network 6 - Default Mode: 50 voxels done Correlation: 0.30912242412189017
Network 6 - Default Mode: 150 voxels done Correlation: 0.28613572080569233
Network 6 - Default Mode: 250 voxels done Correlation: 0.26497173663562784
Network 6 - Default Mode: 500 voxels done Correlation: 0.3433838150992985
Network 6 - Default Mode: 750 voxels done Correlation: 0.37886030344129945
Network 6 - Default Mode: 1000 voxels done Correlation: 0.3694142515177521
Network 6 - Default Mode: 1500 voxels done Correlation: 0.3728031174845654
Network 6 - Default Mode: 3000 voxels done Correlation: 0.3895798742260732
Network 6 - Default Mode: 5000 voxels done Correlation: 0.404549050626828
Network 6 - Default Mode: 6500 voxels done Correlation: 0.39631057616607546
Network 6 - Default Mode: 10000 voxels done Correlation: 0.4052830669340575
Network 6 - Default Mode: 15000 voxels done Correlation: 0.4118361124100766
Network 6 - Default Mode: 25000 voxels done Correlation: 0.41126062922265644
/home/fhopp/.conda/envs/mjs/lib/python3.8/site-packages/nilearn/masking.py:980: UserWarning: Data array used to create a new image contains 64-bit ints. This is likely due to creating the array with numpy and passing `int` as the `dtype`. Many tools such as FSL and SPM cannot deal with int64 in Nifti images, so for compatibility the data has been converted to int32.
  return new_img_like(mask_img, unmasked, affine)
Network 7 - Subcortical: 50 voxels done Correlation: 0.22596838385618884
Network 7 - Subcortical: 150 voxels done Correlation: 0.11576746900016041
Network 7 - Subcortical: 250 voxels done Correlation: 0.207122318916135
Network 7 - Subcortical: 500 voxels done Correlation: 0.18705227318255277
Network 7 - Subcortical: 750 voxels done Correlation: 0.21336577616776378
Network 7 - Subcortical: 1000 voxels done Correlation: 0.23772010394631826
Network 7 - Subcortical: 1500 voxels done Correlation: 0.2194367108031176
Network 7 - Subcortical: 3000 voxels done Correlation: 0.1831253098227411
Network 7 - Subcortical: 5000 voxels done Correlation: 0.16671026756934718
Network 7 - Subcortical: 6500 voxels done Correlation: 0.16141284132251738
Network 7 - Subcortical: 10000 voxels done Correlation: 0.1665393191398094
Network 8 - Consciousness: 50 voxels done Correlation: 0.2787301739803124
Network 8 - Consciousness: 150 voxels done Correlation: 0.34487400816505276
Network 8 - Consciousness: 250 voxels done Correlation: 0.3915982286497175
Network 8 - Consciousness: 500 voxels done Correlation: 0.4408310404354448
Network 8 - Consciousness: 750 voxels done Correlation: 0.37571403270268733
Network 8 - Consciousness: 1000 voxels done Correlation: 0.37490099629684465
Network 8 - Consciousness: 1500 voxels done Correlation: 0.41214127988299254
Network 8 - Consciousness: 3000 voxels done Correlation: 0.42265319137055846
Network 8 - Consciousness: 5000 voxels done Correlation: 0.43187502366895403
Network 8 - Consciousness: 6500 voxels done Correlation: 0.44880071193885174
Network 8 - Consciousness: 10000 voxels done Correlation: 0.4574638848062089
Network 8 - Consciousness: 15000 voxels done Correlation: 0.4596242484530228
Network 8 - Consciousness: 25000 voxels done Correlation: 0.47018267907941
Network 8 - Consciousness: 50000 voxels done Correlation: 0.46763428148214803
