Running job on: nash
Iteration: 502
Starting spatial evaluation...
/home/fhopp/.conda/envs/mjs/lib/python3.8/site-packages/nilearn/maskers/nifti_masker.py:110: UserWarning: imgs are being resampled to the mask_img resolution. This process is memory intensive. You might want to provide a target_affine that is equal to the affine of the imgs or resample the mask beforehand to save memory and computation time.
  warnings.warn(
/home/fhopp/.conda/envs/mjs/lib/python3.8/site-packages/nilearn/masking.py:980: UserWarning: Data array used to create a new image contains 64-bit ints. This is likely due to creating the array with numpy and passing `int` as the `dtype`. Many tools such as FSL and SPM cannot deal with int64 in Nifti images, so for compatibility the data has been converted to int32.
  return new_img_like(mask_img, unmasked, affine)
Network 0 - Visual: 50 voxels done Correlation: 0.5772747720706992
Network 0 - Visual: 150 voxels done Correlation: 0.5962692995407239
Network 0 - Visual: 250 voxels done Correlation: 0.6360951189605768
Network 0 - Visual: 500 voxels done Correlation: 0.53799863215565
Network 0 - Visual: 750 voxels done Correlation: 0.5421450189873656
Network 0 - Visual: 1000 voxels done Correlation: 0.612806731070519
Network 0 - Visual: 1500 voxels done Correlation: 0.601685622456731
Network 0 - Visual: 3000 voxels done Correlation: 0.6181972990339052
Network 0 - Visual: 5000 voxels done Correlation: 0.6239804136050007
Network 0 - Visual: 6500 voxels done Correlation: 0.6226943782834584
Network 0 - Visual: 10000 voxels done Correlation: 0.6293030579319632
Network 0 - Visual: 15000 voxels done Correlation: 0.6282586315129693
/home/fhopp/.conda/envs/mjs/lib/python3.8/site-packages/nilearn/masking.py:980: UserWarning: Data array used to create a new image contains 64-bit ints. This is likely due to creating the array with numpy and passing `int` as the `dtype`. Many tools such as FSL and SPM cannot deal with int64 in Nifti images, so for compatibility the data has been converted to int32.
  return new_img_like(mask_img, unmasked, affine)
Network 1 - Somatomotor: 50 voxels done Correlation: 0.2153473144792669
Network 1 - Somatomotor: 150 voxels done Correlation: 0.3332207512800386
Network 1 - Somatomotor: 250 voxels done Correlation: 0.2965141642144465
Network 1 - Somatomotor: 500 voxels done Correlation: 0.2983700226307772
Network 1 - Somatomotor: 750 voxels done Correlation: 0.3050794857907215
Network 1 - Somatomotor: 1000 voxels done Correlation: 0.3686515512581312
Network 1 - Somatomotor: 1500 voxels done Correlation: 0.32903707728030585
Network 1 - Somatomotor: 3000 voxels done Correlation: 0.3300407053661325
Network 1 - Somatomotor: 5000 voxels done Correlation: 0.3459658014846829
Network 1 - Somatomotor: 6500 voxels done Correlation: 0.34274072671879746
Network 1 - Somatomotor: 10000 voxels done Correlation: 0.34297542330667774
Network 1 - Somatomotor: 15000 voxels done Correlation: 0.34418602280265964
/home/fhopp/.conda/envs/mjs/lib/python3.8/site-packages/nilearn/masking.py:980: UserWarning: Data array used to create a new image contains 64-bit ints. This is likely due to creating the array with numpy and passing `int` as the `dtype`. Many tools such as FSL and SPM cannot deal with int64 in Nifti images, so for compatibility the data has been converted to int32.
  return new_img_like(mask_img, unmasked, affine)
Network 2 - dAttention: 50 voxels done Correlation: 0.19720899685332532
Network 2 - dAttention: 150 voxels done Correlation: 0.24302444526239167
Network 2 - dAttention: 250 voxels done Correlation: 0.2896746295216711
Network 2 - dAttention: 500 voxels done Correlation: 0.37563649633264307
Network 2 - dAttention: 750 voxels done Correlation: 0.30430499818591766
Network 2 - dAttention: 1000 voxels done Correlation: 0.3051624008231213
Network 2 - dAttention: 1500 voxels done Correlation: 0.29156995797086577
Network 2 - dAttention: 3000 voxels done Correlation: 0.3376388490924369
Network 2 - dAttention: 5000 voxels done Correlation: 0.301723908859288
Network 2 - dAttention: 6500 voxels done Correlation: 0.32908087921658724
Network 2 - dAttention: 10000 voxels done Correlation: 0.32280454530003544
Network 2 - dAttention: 15000 voxels done Correlation: 0.33444850496036793
/home/fhopp/.conda/envs/mjs/lib/python3.8/site-packages/nilearn/masking.py:980: UserWarning: Data array used to create a new image contains 64-bit ints. This is likely due to creating the array with numpy and passing `int` as the `dtype`. Many tools such as FSL and SPM cannot deal with int64 in Nifti images, so for compatibility the data has been converted to int32.
  return new_img_like(mask_img, unmasked, affine)
Network 3 - vAttention: 50 voxels done Correlation: 0.1674041923798622
Network 3 - vAttention: 150 voxels done Correlation: 0.37021949149522837
Network 3 - vAttention: 250 voxels done Correlation: 0.3295205396938136
Network 3 - vAttention: 500 voxels done Correlation: 0.2814819416744514
Network 3 - vAttention: 750 voxels done Correlation: 0.36106773897293987
Network 3 - vAttention: 1000 voxels done Correlation: 0.3321068703462998
Network 3 - vAttention: 1500 voxels done Correlation: 0.33082072910692084
Network 3 - vAttention: 3000 voxels done Correlation: 0.32936122408189195
Network 3 - vAttention: 5000 voxels done Correlation: 0.38373906654928425
Network 3 - vAttention: 6500 voxels done Correlation: 0.38840381799497437
Network 3 - vAttention: 10000 voxels done Correlation: 0.39136755825784747
Network 3 - vAttention: 15000 voxels done Correlation: 0.3905485218497833
/home/fhopp/.conda/envs/mjs/lib/python3.8/site-packages/nilearn/masking.py:980: UserWarning: Data array used to create a new image contains 64-bit ints. This is likely due to creating the array with numpy and passing `int` as the `dtype`. Many tools such as FSL and SPM cannot deal with int64 in Nifti images, so for compatibility the data has been converted to int32.
  return new_img_like(mask_img, unmasked, affine)
Network 4 - Limbic: 50 voxels done Correlation: 0.28225019568201504
Network 4 - Limbic: 150 voxels done Correlation: 0.2316962848338752
Network 4 - Limbic: 250 voxels done Correlation: 0.170456408581456
Network 4 - Limbic: 500 voxels done Correlation: 0.28329349326196085
Network 4 - Limbic: 750 voxels done Correlation: 0.24494762727667627
Network 4 - Limbic: 1000 voxels done Correlation: 0.24671743365062201
Network 4 - Limbic: 1500 voxels done Correlation: 0.2533025826122022
Network 4 - Limbic: 3000 voxels done Correlation: 0.28081689722911696
Network 4 - Limbic: 5000 voxels done Correlation: 0.27628902610355194
Network 4 - Limbic: 6500 voxels done Correlation: 0.27778897526645824
Network 4 - Limbic: 10000 voxels done Correlation: 0.2845328825735547
/home/fhopp/.conda/envs/mjs/lib/python3.8/site-packages/nilearn/masking.py:980: UserWarning: Data array used to create a new image contains 64-bit ints. This is likely due to creating the array with numpy and passing `int` as the `dtype`. Many tools such as FSL and SPM cannot deal with int64 in Nifti images, so for compatibility the data has been converted to int32.
  return new_img_like(mask_img, unmasked, affine)
Network 5 - Frontoparietal: 50 voxels done Correlation: 0.19930513017596346
Network 5 - Frontoparietal: 150 voxels done Correlation: 0.18276725847957095
Network 5 - Frontoparietal: 250 voxels done Correlation: 0.1544709343613612
Network 5 - Frontoparietal: 500 voxels done Correlation: 0.26296148427240007
Network 5 - Frontoparietal: 750 voxels done Correlation: 0.17783234510219528
Network 5 - Frontoparietal: 1000 voxels done Correlation: 0.2651888766091218
Network 5 - Frontoparietal: 1500 voxels done Correlation: 0.24917951258863058
Network 5 - Frontoparietal: 3000 voxels done Correlation: 0.21210748790246453
Network 5 - Frontoparietal: 5000 voxels done Correlation: 0.2253321173423054
Network 5 - Frontoparietal: 6500 voxels done Correlation: 0.23453538213955763
Network 5 - Frontoparietal: 10000 voxels done Correlation: 0.23776384538178486
Network 5 - Frontoparietal: 15000 voxels done Correlation: 0.23602356242725575
/home/fhopp/.conda/envs/mjs/lib/python3.8/site-packages/nilearn/masking.py:980: UserWarning: Data array used to create a new image contains 64-bit ints. This is likely due to creating the array with numpy and passing `int` as the `dtype`. Many tools such as FSL and SPM cannot deal with int64 in Nifti images, so for compatibility the data has been converted to int32.
  return new_img_like(mask_img, unmasked, affine)
Network 6 - Default Mode: 50 voxels done Correlation: 0.3069153955496967
Network 6 - Default Mode: 150 voxels done Correlation: 0.3274478943914504
Network 6 - Default Mode: 250 voxels done Correlation: 0.4393968125448565
Network 6 - Default Mode: 500 voxels done Correlation: 0.3360139806817214
Network 6 - Default Mode: 750 voxels done Correlation: 0.3714945193556684
Network 6 - Default Mode: 1000 voxels done Correlation: 0.3159244468755092
Network 6 - Default Mode: 1500 voxels done Correlation: 0.36630857912719217
Network 6 - Default Mode: 3000 voxels done Correlation: 0.38768583359771036
Network 6 - Default Mode: 5000 voxels done Correlation: 0.4007427898198133
Network 6 - Default Mode: 6500 voxels done Correlation: 0.40341206892621695
Network 6 - Default Mode: 10000 voxels done Correlation: 0.4086293348015788
Network 6 - Default Mode: 15000 voxels done Correlation: 0.4054052739976929
Network 6 - Default Mode: 25000 voxels done Correlation: 0.41402644450364784
/home/fhopp/.conda/envs/mjs/lib/python3.8/site-packages/nilearn/masking.py:980: UserWarning: Data array used to create a new image contains 64-bit ints. This is likely due to creating the array with numpy and passing `int` as the `dtype`. Many tools such as FSL and SPM cannot deal with int64 in Nifti images, so for compatibility the data has been converted to int32.
  return new_img_like(mask_img, unmasked, affine)
Network 7 - Subcortical: 50 voxels done Correlation: 0.050651392191086594
Network 7 - Subcortical: 150 voxels done Correlation: 0.17998970009553394
Network 7 - Subcortical: 250 voxels done Correlation: 0.22848504559921234
Network 7 - Subcortical: 500 voxels done Correlation: 0.25092307227503474
Network 7 - Subcortical: 750 voxels done Correlation: 0.2483676212469709
Network 7 - Subcortical: 1000 voxels done Correlation: 0.22876826135306666
Network 7 - Subcortical: 1500 voxels done Correlation: 0.21870477288170292
Network 7 - Subcortical: 3000 voxels done Correlation: 0.16332329625486885
Network 7 - Subcortical: 5000 voxels done Correlation: 0.1718516091951761
Network 7 - Subcortical: 6500 voxels done Correlation: 0.16583445609611364
Network 7 - Subcortical: 10000 voxels done Correlation: 0.16568524595656609
Network 8 - Consciousness: 50 voxels done Correlation: 0.24782772062707045
Network 8 - Consciousness: 150 voxels done Correlation: 0.3324356089232767
Network 8 - Consciousness: 250 voxels done Correlation: 0.42160497062026125
Network 8 - Consciousness: 500 voxels done Correlation: 0.40680189285249635
Network 8 - Consciousness: 750 voxels done Correlation: 0.3975697840404319
Network 8 - Consciousness: 1000 voxels done Correlation: 0.42699552728428525
Network 8 - Consciousness: 1500 voxels done Correlation: 0.4209303556390429
Network 8 - Consciousness: 3000 voxels done Correlation: 0.44673263708511285
Network 8 - Consciousness: 5000 voxels done Correlation: 0.4701745453417093
Network 8 - Consciousness: 6500 voxels done Correlation: 0.4255688729027052
Network 8 - Consciousness: 10000 voxels done Correlation: 0.4788718355875171
Network 8 - Consciousness: 15000 voxels done Correlation: 0.46434861837479646
Network 8 - Consciousness: 25000 voxels done Correlation: 0.4635311921913334
Network 8 - Consciousness: 50000 voxels done Correlation: 0.46663756529838113
