Running job on: wood
Iteration: 419
Starting spatial evaluation...
/home/fhopp/.conda/envs/mjs/lib/python3.8/site-packages/nilearn/maskers/nifti_masker.py:110: UserWarning: imgs are being resampled to the mask_img resolution. This process is memory intensive. You might want to provide a target_affine that is equal to the affine of the imgs or resample the mask beforehand to save memory and computation time.
  warnings.warn(
/home/fhopp/.conda/envs/mjs/lib/python3.8/site-packages/nilearn/masking.py:980: UserWarning: Data array used to create a new image contains 64-bit ints. This is likely due to creating the array with numpy and passing `int` as the `dtype`. Many tools such as FSL and SPM cannot deal with int64 in Nifti images, so for compatibility the data has been converted to int32.
  return new_img_like(mask_img, unmasked, affine)
Network 0 - Visual: 50 voxels done Correlation: 0.6574872737807533
Network 0 - Visual: 150 voxels done Correlation: 0.6289026199714598
Network 0 - Visual: 250 voxels done Correlation: 0.5407807956086439
Network 0 - Visual: 500 voxels done Correlation: 0.6047083864942773
Network 0 - Visual: 750 voxels done Correlation: 0.619126315295745
Network 0 - Visual: 1000 voxels done Correlation: 0.5632676193770847
Network 0 - Visual: 1500 voxels done Correlation: 0.5967882953794723
Network 0 - Visual: 3000 voxels done Correlation: 0.6261849640831663
Network 0 - Visual: 5000 voxels done Correlation: 0.6163437475532751
Network 0 - Visual: 6500 voxels done Correlation: 0.631407264044499
Network 0 - Visual: 10000 voxels done Correlation: 0.62475367572168
Network 0 - Visual: 15000 voxels done Correlation: 0.6303937290771751
/home/fhopp/.conda/envs/mjs/lib/python3.8/site-packages/nilearn/masking.py:980: UserWarning: Data array used to create a new image contains 64-bit ints. This is likely due to creating the array with numpy and passing `int` as the `dtype`. Many tools such as FSL and SPM cannot deal with int64 in Nifti images, so for compatibility the data has been converted to int32.
  return new_img_like(mask_img, unmasked, affine)
Network 1 - Somatomotor: 50 voxels done Correlation: 0.23041651953221234
Network 1 - Somatomotor: 150 voxels done Correlation: 0.3901327037768382
Network 1 - Somatomotor: 250 voxels done Correlation: 0.343837540008616
Network 1 - Somatomotor: 500 voxels done Correlation: 0.3796139036550481
Network 1 - Somatomotor: 750 voxels done Correlation: 0.32607711300463516
Network 1 - Somatomotor: 1000 voxels done Correlation: 0.3473557380330644
Network 1 - Somatomotor: 1500 voxels done Correlation: 0.3706293447111759
Network 1 - Somatomotor: 3000 voxels done Correlation: 0.34222099471178746
Network 1 - Somatomotor: 5000 voxels done Correlation: 0.3483751570185641
Network 1 - Somatomotor: 6500 voxels done Correlation: 0.35348633574308347
Network 1 - Somatomotor: 10000 voxels done Correlation: 0.33091560379373486
Network 1 - Somatomotor: 15000 voxels done Correlation: 0.34273492270870165
/home/fhopp/.conda/envs/mjs/lib/python3.8/site-packages/nilearn/masking.py:980: UserWarning: Data array used to create a new image contains 64-bit ints. This is likely due to creating the array with numpy and passing `int` as the `dtype`. Many tools such as FSL and SPM cannot deal with int64 in Nifti images, so for compatibility the data has been converted to int32.
  return new_img_like(mask_img, unmasked, affine)
Network 2 - dAttention: 50 voxels done Correlation: 0.28818297085156797
Network 2 - dAttention: 150 voxels done Correlation: 0.2413929668714797
Network 2 - dAttention: 250 voxels done Correlation: 0.34280403046952035
Network 2 - dAttention: 500 voxels done Correlation: 0.2689121171351145
Network 2 - dAttention: 750 voxels done Correlation: 0.3434663270205943
Network 2 - dAttention: 1000 voxels done Correlation: 0.3601633422779269
Network 2 - dAttention: 1500 voxels done Correlation: 0.31353609237778407
Network 2 - dAttention: 3000 voxels done Correlation: 0.3194876332414076
Network 2 - dAttention: 5000 voxels done Correlation: 0.3410723801717648
Network 2 - dAttention: 6500 voxels done Correlation: 0.3423483766434101
Network 2 - dAttention: 10000 voxels done Correlation: 0.32584987023274253
Network 2 - dAttention: 15000 voxels done Correlation: 0.33537271303590543
/home/fhopp/.conda/envs/mjs/lib/python3.8/site-packages/nilearn/masking.py:980: UserWarning: Data array used to create a new image contains 64-bit ints. This is likely due to creating the array with numpy and passing `int` as the `dtype`. Many tools such as FSL and SPM cannot deal with int64 in Nifti images, so for compatibility the data has been converted to int32.
  return new_img_like(mask_img, unmasked, affine)
Network 3 - vAttention: 50 voxels done Correlation: 0.19455814863219525
Network 3 - vAttention: 150 voxels done Correlation: 0.20649974026119428
Network 3 - vAttention: 250 voxels done Correlation: 0.30596536216672454
Network 3 - vAttention: 500 voxels done Correlation: 0.34243395033440216
Network 3 - vAttention: 750 voxels done Correlation: 0.34999152731558014
Network 3 - vAttention: 1000 voxels done Correlation: 0.36377923478566654
Network 3 - vAttention: 1500 voxels done Correlation: 0.29238789887704375
Network 3 - vAttention: 3000 voxels done Correlation: 0.3980849348355743
Network 3 - vAttention: 5000 voxels done Correlation: 0.3813562368227519
Network 3 - vAttention: 6500 voxels done Correlation: 0.3627558479854808
Network 3 - vAttention: 10000 voxels done Correlation: 0.3905750968706576
Network 3 - vAttention: 15000 voxels done Correlation: 0.38799070518350415
/home/fhopp/.conda/envs/mjs/lib/python3.8/site-packages/nilearn/masking.py:980: UserWarning: Data array used to create a new image contains 64-bit ints. This is likely due to creating the array with numpy and passing `int` as the `dtype`. Many tools such as FSL and SPM cannot deal with int64 in Nifti images, so for compatibility the data has been converted to int32.
  return new_img_like(mask_img, unmasked, affine)
Network 4 - Limbic: 50 voxels done Correlation: 0.08361893365030294
Network 4 - Limbic: 150 voxels done Correlation: 0.21736508857768844
Network 4 - Limbic: 250 voxels done Correlation: 0.28065005234776413
Network 4 - Limbic: 500 voxels done Correlation: 0.26643324539716234
Network 4 - Limbic: 750 voxels done Correlation: 0.22436986835056155
Network 4 - Limbic: 1000 voxels done Correlation: 0.3091515866540054
Network 4 - Limbic: 1500 voxels done Correlation: 0.2986667838273417
Network 4 - Limbic: 3000 voxels done Correlation: 0.2663181100454397
Network 4 - Limbic: 5000 voxels done Correlation: 0.2807497226154566
Network 4 - Limbic: 6500 voxels done Correlation: 0.2760382083332845
Network 4 - Limbic: 10000 voxels done Correlation: 0.2813594592965279
/home/fhopp/.conda/envs/mjs/lib/python3.8/site-packages/nilearn/masking.py:980: UserWarning: Data array used to create a new image contains 64-bit ints. This is likely due to creating the array with numpy and passing `int` as the `dtype`. Many tools such as FSL and SPM cannot deal with int64 in Nifti images, so for compatibility the data has been converted to int32.
  return new_img_like(mask_img, unmasked, affine)
Network 5 - Frontoparietal: 50 voxels done Correlation: 0.1557970851149671
Network 5 - Frontoparietal: 150 voxels done Correlation: 0.14232154475583275
Network 5 - Frontoparietal: 250 voxels done Correlation: 0.15687726176585037
Network 5 - Frontoparietal: 500 voxels done Correlation: 0.27850993576407684
Network 5 - Frontoparietal: 750 voxels done Correlation: 0.21285921311523248
Network 5 - Frontoparietal: 1000 voxels done Correlation: 0.17042540687831753
Network 5 - Frontoparietal: 1500 voxels done Correlation: 0.22848478839344827
Network 5 - Frontoparietal: 3000 voxels done Correlation: 0.24328613346971856
Network 5 - Frontoparietal: 5000 voxels done Correlation: 0.23370129704918594
Network 5 - Frontoparietal: 6500 voxels done Correlation: 0.2317579033899887
Network 5 - Frontoparietal: 10000 voxels done Correlation: 0.25001773019864604
Network 5 - Frontoparietal: 15000 voxels done Correlation: 0.2400124543162386
/home/fhopp/.conda/envs/mjs/lib/python3.8/site-packages/nilearn/masking.py:980: UserWarning: Data array used to create a new image contains 64-bit ints. This is likely due to creating the array with numpy and passing `int` as the `dtype`. Many tools such as FSL and SPM cannot deal with int64 in Nifti images, so for compatibility the data has been converted to int32.
  return new_img_like(mask_img, unmasked, affine)
Network 6 - Default Mode: 50 voxels done Correlation: 0.3134304123687455
Network 6 - Default Mode: 150 voxels done Correlation: 0.3526449414481281
Network 6 - Default Mode: 250 voxels done Correlation: 0.38432891548943704
Network 6 - Default Mode: 500 voxels done Correlation: 0.4592658848862078
Network 6 - Default Mode: 750 voxels done Correlation: 0.39941284893402984
Network 6 - Default Mode: 1000 voxels done Correlation: 0.32553643160044243
Network 6 - Default Mode: 1500 voxels done Correlation: 0.41127233088671183
Network 6 - Default Mode: 3000 voxels done Correlation: 0.37303897343921955
Network 6 - Default Mode: 5000 voxels done Correlation: 0.3764316488610339
Network 6 - Default Mode: 6500 voxels done Correlation: 0.41608049973038674
Network 6 - Default Mode: 10000 voxels done Correlation: 0.3956958695943203
Network 6 - Default Mode: 15000 voxels done Correlation: 0.39789733655889264
Network 6 - Default Mode: 25000 voxels done Correlation: 0.40819133625591886
/home/fhopp/.conda/envs/mjs/lib/python3.8/site-packages/nilearn/masking.py:980: UserWarning: Data array used to create a new image contains 64-bit ints. This is likely due to creating the array with numpy and passing `int` as the `dtype`. Many tools such as FSL and SPM cannot deal with int64 in Nifti images, so for compatibility the data has been converted to int32.
  return new_img_like(mask_img, unmasked, affine)
Network 7 - Subcortical: 50 voxels done Correlation: 0.12306605115722968
Network 7 - Subcortical: 150 voxels done Correlation: 0.2381076780494693
Network 7 - Subcortical: 250 voxels done Correlation: 0.19078887181009707
Network 7 - Subcortical: 500 voxels done Correlation: 0.1614080614537096
Network 7 - Subcortical: 750 voxels done Correlation: 0.22824226714003923
Network 7 - Subcortical: 1000 voxels done Correlation: 0.21634798119237633
Network 7 - Subcortical: 1500 voxels done Correlation: 0.2215957967902475
Network 7 - Subcortical: 3000 voxels done Correlation: 0.16565508356302872
Network 7 - Subcortical: 5000 voxels done Correlation: 0.18545536966271536
Network 7 - Subcortical: 6500 voxels done Correlation: 0.17517462406437273
Network 7 - Subcortical: 10000 voxels done Correlation: 0.16849108313393302
Network 8 - Consciousness: 50 voxels done Correlation: 0.23275530988241516
Network 8 - Consciousness: 150 voxels done Correlation: 0.26403462720878196
Network 8 - Consciousness: 250 voxels done Correlation: 0.3692023477878865
Network 8 - Consciousness: 500 voxels done Correlation: 0.3738227900369384
Network 8 - Consciousness: 750 voxels done Correlation: 0.4616202714401626
Network 8 - Consciousness: 1000 voxels done Correlation: 0.43958414770896015
Network 8 - Consciousness: 1500 voxels done Correlation: 0.43732615795172824
Network 8 - Consciousness: 3000 voxels done Correlation: 0.4705822218233291
Network 8 - Consciousness: 5000 voxels done Correlation: 0.4402134976722404
Network 8 - Consciousness: 6500 voxels done Correlation: 0.4754245309911468
Network 8 - Consciousness: 10000 voxels done Correlation: 0.46077368947903663
Network 8 - Consciousness: 15000 voxels done Correlation: 0.46760780139662095
Network 8 - Consciousness: 25000 voxels done Correlation: 0.4686002863070843
Network 8 - Consciousness: 50000 voxels done Correlation: 0.4659438970619046
