Running job on: wood
Iteration: 624
Starting spatial evaluation...
/home/fhopp/.conda/envs/mjs/lib/python3.8/site-packages/nilearn/maskers/nifti_masker.py:110: UserWarning: imgs are being resampled to the mask_img resolution. This process is memory intensive. You might want to provide a target_affine that is equal to the affine of the imgs or resample the mask beforehand to save memory and computation time.
  warnings.warn(
/home/fhopp/.conda/envs/mjs/lib/python3.8/site-packages/nilearn/masking.py:980: UserWarning: Data array used to create a new image contains 64-bit ints. This is likely due to creating the array with numpy and passing `int` as the `dtype`. Many tools such as FSL and SPM cannot deal with int64 in Nifti images, so for compatibility the data has been converted to int32.
  return new_img_like(mask_img, unmasked, affine)
Network 0 - Visual: 50 voxels done Correlation: 0.5012321426805755
Network 0 - Visual: 150 voxels done Correlation: 0.6482255750491867
Network 0 - Visual: 250 voxels done Correlation: 0.5296828155718777
Network 0 - Visual: 500 voxels done Correlation: 0.6063136565593971
Network 0 - Visual: 750 voxels done Correlation: 0.5707220838815662
Network 0 - Visual: 1000 voxels done Correlation: 0.5845895442939002
Network 0 - Visual: 1500 voxels done Correlation: 0.6006167137965699
Network 0 - Visual: 3000 voxels done Correlation: 0.6167314717155592
Network 0 - Visual: 5000 voxels done Correlation: 0.6146761684867154
Network 0 - Visual: 6500 voxels done Correlation: 0.6324102772975717
Network 0 - Visual: 10000 voxels done Correlation: 0.6255074907352498
Network 0 - Visual: 15000 voxels done Correlation: 0.6267173925227487
/home/fhopp/.conda/envs/mjs/lib/python3.8/site-packages/nilearn/masking.py:980: UserWarning: Data array used to create a new image contains 64-bit ints. This is likely due to creating the array with numpy and passing `int` as the `dtype`. Many tools such as FSL and SPM cannot deal with int64 in Nifti images, so for compatibility the data has been converted to int32.
  return new_img_like(mask_img, unmasked, affine)
Network 1 - Somatomotor: 50 voxels done Correlation: 0.2846270265671852
Network 1 - Somatomotor: 150 voxels done Correlation: 0.2822586820775834
Network 1 - Somatomotor: 250 voxels done Correlation: 0.41512813837385354
Network 1 - Somatomotor: 500 voxels done Correlation: 0.33377872978137796
Network 1 - Somatomotor: 750 voxels done Correlation: 0.3379111044784352
Network 1 - Somatomotor: 1000 voxels done Correlation: 0.3410128548240421
Network 1 - Somatomotor: 1500 voxels done Correlation: 0.36767868205490695
Network 1 - Somatomotor: 3000 voxels done Correlation: 0.34637890922110676
Network 1 - Somatomotor: 5000 voxels done Correlation: 0.34266194089427604
Network 1 - Somatomotor: 6500 voxels done Correlation: 0.33077065713827636
Network 1 - Somatomotor: 10000 voxels done Correlation: 0.34539458461531214
Network 1 - Somatomotor: 15000 voxels done Correlation: 0.34365392058345634
/home/fhopp/.conda/envs/mjs/lib/python3.8/site-packages/nilearn/masking.py:980: UserWarning: Data array used to create a new image contains 64-bit ints. This is likely due to creating the array with numpy and passing `int` as the `dtype`. Many tools such as FSL and SPM cannot deal with int64 in Nifti images, so for compatibility the data has been converted to int32.
  return new_img_like(mask_img, unmasked, affine)
Network 2 - dAttention: 50 voxels done Correlation: 0.2601668866601798
Network 2 - dAttention: 150 voxels done Correlation: 0.32709752927152524
Network 2 - dAttention: 250 voxels done Correlation: 0.29025163875218796
Network 2 - dAttention: 500 voxels done Correlation: 0.2619757073463501
Network 2 - dAttention: 750 voxels done Correlation: 0.3164201636516869
Network 2 - dAttention: 1000 voxels done Correlation: 0.32979758712561325
Network 2 - dAttention: 1500 voxels done Correlation: 0.3227482339152469
Network 2 - dAttention: 3000 voxels done Correlation: 0.31191016328609256
Network 2 - dAttention: 5000 voxels done Correlation: 0.33151806251101634
Network 2 - dAttention: 6500 voxels done Correlation: 0.34080265026121664
Network 2 - dAttention: 10000 voxels done Correlation: 0.3344727840761417
Network 2 - dAttention: 15000 voxels done Correlation: 0.33434025899533304
/home/fhopp/.conda/envs/mjs/lib/python3.8/site-packages/nilearn/masking.py:980: UserWarning: Data array used to create a new image contains 64-bit ints. This is likely due to creating the array with numpy and passing `int` as the `dtype`. Many tools such as FSL and SPM cannot deal with int64 in Nifti images, so for compatibility the data has been converted to int32.
  return new_img_like(mask_img, unmasked, affine)
Network 3 - vAttention: 50 voxels done Correlation: 0.1405216923411115
Network 3 - vAttention: 150 voxels done Correlation: 0.24470369662412408
Network 3 - vAttention: 250 voxels done Correlation: 0.3074687467878797
Network 3 - vAttention: 500 voxels done Correlation: 0.2725675096490665
Network 3 - vAttention: 750 voxels done Correlation: 0.3608557951103101
Network 3 - vAttention: 1000 voxels done Correlation: 0.3616039004174796
Network 3 - vAttention: 1500 voxels done Correlation: 0.33196286840375383
Network 3 - vAttention: 3000 voxels done Correlation: 0.3306775488177119
Network 3 - vAttention: 5000 voxels done Correlation: 0.3836551781999828
Network 3 - vAttention: 6500 voxels done Correlation: 0.38295622009272234
Network 3 - vAttention: 10000 voxels done Correlation: 0.3858201937760351
Network 3 - vAttention: 15000 voxels done Correlation: 0.3886705064403208
/home/fhopp/.conda/envs/mjs/lib/python3.8/site-packages/nilearn/masking.py:980: UserWarning: Data array used to create a new image contains 64-bit ints. This is likely due to creating the array with numpy and passing `int` as the `dtype`. Many tools such as FSL and SPM cannot deal with int64 in Nifti images, so for compatibility the data has been converted to int32.
  return new_img_like(mask_img, unmasked, affine)
Network 4 - Limbic: 50 voxels done Correlation: 0.22042347074228102
Network 4 - Limbic: 150 voxels done Correlation: 0.24613584797254748
Network 4 - Limbic: 250 voxels done Correlation: 0.18135394559188214
Network 4 - Limbic: 500 voxels done Correlation: 0.2430569084402298
Network 4 - Limbic: 750 voxels done Correlation: 0.2779906481780323
Network 4 - Limbic: 1000 voxels done Correlation: 0.26789470849369373
Network 4 - Limbic: 1500 voxels done Correlation: 0.25724687644986827
Network 4 - Limbic: 3000 voxels done Correlation: 0.24860335246149173
Network 4 - Limbic: 5000 voxels done Correlation: 0.27633248118621323
Network 4 - Limbic: 6500 voxels done Correlation: 0.29360510182357213
Network 4 - Limbic: 10000 voxels done Correlation: 0.27706570286189613
/home/fhopp/.conda/envs/mjs/lib/python3.8/site-packages/nilearn/masking.py:980: UserWarning: Data array used to create a new image contains 64-bit ints. This is likely due to creating the array with numpy and passing `int` as the `dtype`. Many tools such as FSL and SPM cannot deal with int64 in Nifti images, so for compatibility the data has been converted to int32.
  return new_img_like(mask_img, unmasked, affine)
Network 5 - Frontoparietal: 50 voxels done Correlation: 0.19814822108249036
Network 5 - Frontoparietal: 150 voxels done Correlation: 0.1990376533457045
Network 5 - Frontoparietal: 250 voxels done Correlation: 0.20039530178130804
Network 5 - Frontoparietal: 500 voxels done Correlation: 0.28602054629997004
Network 5 - Frontoparietal: 750 voxels done Correlation: 0.2427712280741973
Network 5 - Frontoparietal: 1000 voxels done Correlation: 0.20677417169958145
Network 5 - Frontoparietal: 1500 voxels done Correlation: 0.240191229955855
Network 5 - Frontoparietal: 3000 voxels done Correlation: 0.2360926990795906
Network 5 - Frontoparietal: 5000 voxels done Correlation: 0.2337115289132724
Network 5 - Frontoparietal: 6500 voxels done Correlation: 0.22783343562821234
Network 5 - Frontoparietal: 10000 voxels done Correlation: 0.23829500564734798
Network 5 - Frontoparietal: 15000 voxels done Correlation: 0.23753999503669182
/home/fhopp/.conda/envs/mjs/lib/python3.8/site-packages/nilearn/masking.py:980: UserWarning: Data array used to create a new image contains 64-bit ints. This is likely due to creating the array with numpy and passing `int` as the `dtype`. Many tools such as FSL and SPM cannot deal with int64 in Nifti images, so for compatibility the data has been converted to int32.
  return new_img_like(mask_img, unmasked, affine)
Network 6 - Default Mode: 50 voxels done Correlation: 0.29438453493379635
Network 6 - Default Mode: 150 voxels done Correlation: 0.3237733983252822
Network 6 - Default Mode: 250 voxels done Correlation: 0.28032351381552834
Network 6 - Default Mode: 500 voxels done Correlation: 0.34987546796595176
Network 6 - Default Mode: 750 voxels done Correlation: 0.3609426615253525
Network 6 - Default Mode: 1000 voxels done Correlation: 0.40614275117494014
Network 6 - Default Mode: 1500 voxels done Correlation: 0.3923120242195635
Network 6 - Default Mode: 3000 voxels done Correlation: 0.37924221386912893
Network 6 - Default Mode: 5000 voxels done Correlation: 0.4164514261100085
Network 6 - Default Mode: 6500 voxels done Correlation: 0.41374269038550054
Network 6 - Default Mode: 10000 voxels done Correlation: 0.4128848635917812
Network 6 - Default Mode: 15000 voxels done Correlation: 0.4061060154386731
Network 6 - Default Mode: 25000 voxels done Correlation: 0.4096650536329852
/home/fhopp/.conda/envs/mjs/lib/python3.8/site-packages/nilearn/masking.py:980: UserWarning: Data array used to create a new image contains 64-bit ints. This is likely due to creating the array with numpy and passing `int` as the `dtype`. Many tools such as FSL and SPM cannot deal with int64 in Nifti images, so for compatibility the data has been converted to int32.
  return new_img_like(mask_img, unmasked, affine)
Network 7 - Subcortical: 50 voxels done Correlation: 0.21232727039271296
Network 7 - Subcortical: 150 voxels done Correlation: 0.12199702684176172
Network 7 - Subcortical: 250 voxels done Correlation: 0.22692274868306028
Network 7 - Subcortical: 500 voxels done Correlation: 0.21333387794183525
Network 7 - Subcortical: 750 voxels done Correlation: 0.2332714426100649
Network 7 - Subcortical: 1000 voxels done Correlation: 0.23963541132062788
Network 7 - Subcortical: 1500 voxels done Correlation: 0.2438887897603887
Network 7 - Subcortical: 3000 voxels done Correlation: 0.15952202996122403
Network 7 - Subcortical: 5000 voxels done Correlation: 0.1744465540161278
Network 7 - Subcortical: 6500 voxels done Correlation: 0.1722046737693329
Network 7 - Subcortical: 10000 voxels done Correlation: 0.16534178968342944
Network 8 - Consciousness: 50 voxels done Correlation: 0.2395657576429854
Network 8 - Consciousness: 150 voxels done Correlation: 0.34509259866211883
Network 8 - Consciousness: 250 voxels done Correlation: 0.33341636202039504
Network 8 - Consciousness: 500 voxels done Correlation: 0.30514045166384035
Network 8 - Consciousness: 750 voxels done Correlation: 0.34939172121860873
Network 8 - Consciousness: 1000 voxels done Correlation: 0.3692503808952081
Network 8 - Consciousness: 1500 voxels done Correlation: 0.3900452717644322
Network 8 - Consciousness: 3000 voxels done Correlation: 0.4441077328014962
Network 8 - Consciousness: 5000 voxels done Correlation: 0.4545808353573746
Network 8 - Consciousness: 6500 voxels done Correlation: 0.4707964814323483
Network 8 - Consciousness: 10000 voxels done Correlation: 0.4694246836874438
Network 8 - Consciousness: 15000 voxels done Correlation: 0.47104447747513717
Network 8 - Consciousness: 25000 voxels done Correlation: 0.46485556144580537
Network 8 - Consciousness: 50000 voxels done Correlation: 0.4663060785967698
