Running job on: wood
Iteration: 849
Starting spatial evaluation...
/home/fhopp/.conda/envs/mjs/lib/python3.8/site-packages/nilearn/maskers/nifti_masker.py:110: UserWarning: imgs are being resampled to the mask_img resolution. This process is memory intensive. You might want to provide a target_affine that is equal to the affine of the imgs or resample the mask beforehand to save memory and computation time.
  warnings.warn(
/home/fhopp/.conda/envs/mjs/lib/python3.8/site-packages/nilearn/masking.py:980: UserWarning: Data array used to create a new image contains 64-bit ints. This is likely due to creating the array with numpy and passing `int` as the `dtype`. Many tools such as FSL and SPM cannot deal with int64 in Nifti images, so for compatibility the data has been converted to int32.
  return new_img_like(mask_img, unmasked, affine)
Network 0 - Visual: 50 voxels done Correlation: 0.5366829844169156
Network 0 - Visual: 150 voxels done Correlation: 0.6800260691335055
Network 0 - Visual: 250 voxels done Correlation: 0.5286397431703103
Network 0 - Visual: 500 voxels done Correlation: 0.5838395565486459
Network 0 - Visual: 750 voxels done Correlation: 0.6356612838164077
Network 0 - Visual: 1000 voxels done Correlation: 0.6077918992286703
Network 0 - Visual: 1500 voxels done Correlation: 0.6222871669238577
Network 0 - Visual: 3000 voxels done Correlation: 0.6385484372025461
Network 0 - Visual: 5000 voxels done Correlation: 0.6336811344106856
Network 0 - Visual: 6500 voxels done Correlation: 0.6165109543437794
Network 0 - Visual: 10000 voxels done Correlation: 0.6262250270661787
Network 0 - Visual: 15000 voxels done Correlation: 0.6322675587045216
/home/fhopp/.conda/envs/mjs/lib/python3.8/site-packages/nilearn/masking.py:980: UserWarning: Data array used to create a new image contains 64-bit ints. This is likely due to creating the array with numpy and passing `int` as the `dtype`. Many tools such as FSL and SPM cannot deal with int64 in Nifti images, so for compatibility the data has been converted to int32.
  return new_img_like(mask_img, unmasked, affine)
Network 1 - Somatomotor: 50 voxels done Correlation: 0.26407743175363274
Network 1 - Somatomotor: 150 voxels done Correlation: 0.3114046400222937
Network 1 - Somatomotor: 250 voxels done Correlation: 0.3652895661294602
Network 1 - Somatomotor: 500 voxels done Correlation: 0.3481413747740848
Network 1 - Somatomotor: 750 voxels done Correlation: 0.33813844118476966
Network 1 - Somatomotor: 1000 voxels done Correlation: 0.342202201406209
Network 1 - Somatomotor: 1500 voxels done Correlation: 0.3417889251274898
Network 1 - Somatomotor: 3000 voxels done Correlation: 0.33083517121577805
Network 1 - Somatomotor: 5000 voxels done Correlation: 0.3582212702509827
Network 1 - Somatomotor: 6500 voxels done Correlation: 0.35096348287670975
Network 1 - Somatomotor: 10000 voxels done Correlation: 0.33725302605321483
Network 1 - Somatomotor: 15000 voxels done Correlation: 0.3431319742274964
/home/fhopp/.conda/envs/mjs/lib/python3.8/site-packages/nilearn/masking.py:980: UserWarning: Data array used to create a new image contains 64-bit ints. This is likely due to creating the array with numpy and passing `int` as the `dtype`. Many tools such as FSL and SPM cannot deal with int64 in Nifti images, so for compatibility the data has been converted to int32.
  return new_img_like(mask_img, unmasked, affine)
Network 2 - dAttention: 50 voxels done Correlation: 0.28756092150341306
Network 2 - dAttention: 150 voxels done Correlation: 0.344741832651364
Network 2 - dAttention: 250 voxels done Correlation: 0.32765983832061385
Network 2 - dAttention: 500 voxels done Correlation: 0.27999296891555925
Network 2 - dAttention: 750 voxels done Correlation: 0.30215875810336346
Network 2 - dAttention: 1000 voxels done Correlation: 0.3255483777418767
Network 2 - dAttention: 1500 voxels done Correlation: 0.3138803358721153
Network 2 - dAttention: 3000 voxels done Correlation: 0.3203671317965018
Network 2 - dAttention: 5000 voxels done Correlation: 0.3389423676534025
Network 2 - dAttention: 6500 voxels done Correlation: 0.331324390701604
Network 2 - dAttention: 10000 voxels done Correlation: 0.3377600828458884
Network 2 - dAttention: 15000 voxels done Correlation: 0.3324969252223178
/home/fhopp/.conda/envs/mjs/lib/python3.8/site-packages/nilearn/masking.py:980: UserWarning: Data array used to create a new image contains 64-bit ints. This is likely due to creating the array with numpy and passing `int` as the `dtype`. Many tools such as FSL and SPM cannot deal with int64 in Nifti images, so for compatibility the data has been converted to int32.
  return new_img_like(mask_img, unmasked, affine)
Network 3 - vAttention: 50 voxels done Correlation: 0.2745719874804916
Network 3 - vAttention: 150 voxels done Correlation: 0.2514321340332436
Network 3 - vAttention: 250 voxels done Correlation: 0.280846700535684
Network 3 - vAttention: 500 voxels done Correlation: 0.29807520390351416
Network 3 - vAttention: 750 voxels done Correlation: 0.3331224158970499
Network 3 - vAttention: 1000 voxels done Correlation: 0.31084609567944743
Network 3 - vAttention: 1500 voxels done Correlation: 0.3647291987105631
Network 3 - vAttention: 3000 voxels done Correlation: 0.3848407493285554
Network 3 - vAttention: 5000 voxels done Correlation: 0.3792654003014453
Network 3 - vAttention: 6500 voxels done Correlation: 0.37474257512754205
Network 3 - vAttention: 10000 voxels done Correlation: 0.3706172082005877
Network 3 - vAttention: 15000 voxels done Correlation: 0.38564154576053017
/home/fhopp/.conda/envs/mjs/lib/python3.8/site-packages/nilearn/masking.py:980: UserWarning: Data array used to create a new image contains 64-bit ints. This is likely due to creating the array with numpy and passing `int` as the `dtype`. Many tools such as FSL and SPM cannot deal with int64 in Nifti images, so for compatibility the data has been converted to int32.
  return new_img_like(mask_img, unmasked, affine)
Network 4 - Limbic: 50 voxels done Correlation: 0.23557936836733448
Network 4 - Limbic: 150 voxels done Correlation: 0.19951472289556868
Network 4 - Limbic: 250 voxels done Correlation: 0.17958506404143465
Network 4 - Limbic: 500 voxels done Correlation: 0.27743752705575253
Network 4 - Limbic: 750 voxels done Correlation: 0.29505336225783985
Network 4 - Limbic: 1000 voxels done Correlation: 0.2597131214943858
Network 4 - Limbic: 1500 voxels done Correlation: 0.25317858773880125
Network 4 - Limbic: 3000 voxels done Correlation: 0.2628413725967369
Network 4 - Limbic: 5000 voxels done Correlation: 0.2928493369468544
Network 4 - Limbic: 6500 voxels done Correlation: 0.27835584633994925
Network 4 - Limbic: 10000 voxels done Correlation: 0.2821011669635902
/home/fhopp/.conda/envs/mjs/lib/python3.8/site-packages/nilearn/masking.py:980: UserWarning: Data array used to create a new image contains 64-bit ints. This is likely due to creating the array with numpy and passing `int` as the `dtype`. Many tools such as FSL and SPM cannot deal with int64 in Nifti images, so for compatibility the data has been converted to int32.
  return new_img_like(mask_img, unmasked, affine)
Network 5 - Frontoparietal: 50 voxels done Correlation: 0.12239093735366319
Network 5 - Frontoparietal: 150 voxels done Correlation: 0.20021453329755806
Network 5 - Frontoparietal: 250 voxels done Correlation: 0.23629534756279832
Network 5 - Frontoparietal: 500 voxels done Correlation: 0.24799160563884004
Network 5 - Frontoparietal: 750 voxels done Correlation: 0.2088894888477134
Network 5 - Frontoparietal: 1000 voxels done Correlation: 0.188960996693322
Network 5 - Frontoparietal: 1500 voxels done Correlation: 0.23678046012176962
Network 5 - Frontoparietal: 3000 voxels done Correlation: 0.24095485323166216
Network 5 - Frontoparietal: 5000 voxels done Correlation: 0.22447364292754995
Network 5 - Frontoparietal: 6500 voxels done Correlation: 0.23894711654093825
Network 5 - Frontoparietal: 10000 voxels done Correlation: 0.24336616269532288
Network 5 - Frontoparietal: 15000 voxels done Correlation: 0.23821621254627595
/home/fhopp/.conda/envs/mjs/lib/python3.8/site-packages/nilearn/masking.py:980: UserWarning: Data array used to create a new image contains 64-bit ints. This is likely due to creating the array with numpy and passing `int` as the `dtype`. Many tools such as FSL and SPM cannot deal with int64 in Nifti images, so for compatibility the data has been converted to int32.
  return new_img_like(mask_img, unmasked, affine)
Network 6 - Default Mode: 50 voxels done Correlation: 0.3429576517172548
Network 6 - Default Mode: 150 voxels done Correlation: 0.3201631895117376
Network 6 - Default Mode: 250 voxels done Correlation: 0.29042512711542356
Network 6 - Default Mode: 500 voxels done Correlation: 0.3526253580141051
Network 6 - Default Mode: 750 voxels done Correlation: 0.37090487461690874
Network 6 - Default Mode: 1000 voxels done Correlation: 0.40680874128830313
Network 6 - Default Mode: 1500 voxels done Correlation: 0.37230142375838415
Network 6 - Default Mode: 3000 voxels done Correlation: 0.3913967726371641
Network 6 - Default Mode: 5000 voxels done Correlation: 0.4161562226100629
Network 6 - Default Mode: 6500 voxels done Correlation: 0.38416386349973997
Network 6 - Default Mode: 10000 voxels done Correlation: 0.4129121451529554
Network 6 - Default Mode: 15000 voxels done Correlation: 0.4083375549298871
Network 6 - Default Mode: 25000 voxels done Correlation: 0.41133171355558557
/home/fhopp/.conda/envs/mjs/lib/python3.8/site-packages/nilearn/masking.py:980: UserWarning: Data array used to create a new image contains 64-bit ints. This is likely due to creating the array with numpy and passing `int` as the `dtype`. Many tools such as FSL and SPM cannot deal with int64 in Nifti images, so for compatibility the data has been converted to int32.
  return new_img_like(mask_img, unmasked, affine)
Network 7 - Subcortical: 50 voxels done Correlation: 0.2088593864103572
Network 7 - Subcortical: 150 voxels done Correlation: 0.19987768677891293
Network 7 - Subcortical: 250 voxels done Correlation: 0.17387761398888704
Network 7 - Subcortical: 500 voxels done Correlation: 0.1824276929526451
Network 7 - Subcortical: 750 voxels done Correlation: 0.19293738519211603
Network 7 - Subcortical: 1000 voxels done Correlation: 0.26819560298783374
Network 7 - Subcortical: 1500 voxels done Correlation: 0.21603529764441215
Network 7 - Subcortical: 3000 voxels done Correlation: 0.17417517672332386
Network 7 - Subcortical: 5000 voxels done Correlation: 0.17571350692029528
Network 7 - Subcortical: 6500 voxels done Correlation: 0.17198072134455572
Network 7 - Subcortical: 10000 voxels done Correlation: 0.16773589456968055
Network 8 - Consciousness: 50 voxels done Correlation: 0.2697439276705009
Network 8 - Consciousness: 150 voxels done Correlation: 0.35220094582642447
Network 8 - Consciousness: 250 voxels done Correlation: 0.34060692285858496
Network 8 - Consciousness: 500 voxels done Correlation: 0.4266100649966952
Network 8 - Consciousness: 750 voxels done Correlation: 0.4128925036770359
Network 8 - Consciousness: 1000 voxels done Correlation: 0.4525630937111156
Network 8 - Consciousness: 1500 voxels done Correlation: 0.4156847769024732
Network 8 - Consciousness: 3000 voxels done Correlation: 0.4279790669937181
Network 8 - Consciousness: 5000 voxels done Correlation: 0.4627257527389914
Network 8 - Consciousness: 6500 voxels done Correlation: 0.4689133542545671
Network 8 - Consciousness: 10000 voxels done Correlation: 0.44571994059421316
Network 8 - Consciousness: 15000 voxels done Correlation: 0.46441368503631475
Network 8 - Consciousness: 25000 voxels done Correlation: 0.4592684398561727
Network 8 - Consciousness: 50000 voxels done Correlation: 0.46571655449613464
