Running job on: wood
Iteration: 534
Starting spatial evaluation...
/home/fhopp/.conda/envs/mjs/lib/python3.8/site-packages/nilearn/maskers/nifti_masker.py:110: UserWarning: imgs are being resampled to the mask_img resolution. This process is memory intensive. You might want to provide a target_affine that is equal to the affine of the imgs or resample the mask beforehand to save memory and computation time.
  warnings.warn(
/home/fhopp/.conda/envs/mjs/lib/python3.8/site-packages/nilearn/masking.py:980: UserWarning: Data array used to create a new image contains 64-bit ints. This is likely due to creating the array with numpy and passing `int` as the `dtype`. Many tools such as FSL and SPM cannot deal with int64 in Nifti images, so for compatibility the data has been converted to int32.
  return new_img_like(mask_img, unmasked, affine)
Network 0 - Visual: 50 voxels done Correlation: 0.5068538304942061
Network 0 - Visual: 150 voxels done Correlation: 0.6517115185773581
Network 0 - Visual: 250 voxels done Correlation: 0.6059743757932095
Network 0 - Visual: 500 voxels done Correlation: 0.5745620064596877
Network 0 - Visual: 750 voxels done Correlation: 0.5495332792090618
Network 0 - Visual: 1000 voxels done Correlation: 0.6161035250456883
Network 0 - Visual: 1500 voxels done Correlation: 0.6301474167636664
Network 0 - Visual: 3000 voxels done Correlation: 0.6181173353735131
Network 0 - Visual: 5000 voxels done Correlation: 0.6265819796938288
Network 0 - Visual: 6500 voxels done Correlation: 0.6318232674433875
Network 0 - Visual: 10000 voxels done Correlation: 0.6306758249328321
Network 0 - Visual: 15000 voxels done Correlation: 0.6312554041796572
/home/fhopp/.conda/envs/mjs/lib/python3.8/site-packages/nilearn/masking.py:980: UserWarning: Data array used to create a new image contains 64-bit ints. This is likely due to creating the array with numpy and passing `int` as the `dtype`. Many tools such as FSL and SPM cannot deal with int64 in Nifti images, so for compatibility the data has been converted to int32.
  return new_img_like(mask_img, unmasked, affine)
Network 1 - Somatomotor: 50 voxels done Correlation: 0.2476935036063239
Network 1 - Somatomotor: 150 voxels done Correlation: 0.28409733135399357
Network 1 - Somatomotor: 250 voxels done Correlation: 0.28713441623417413
Network 1 - Somatomotor: 500 voxels done Correlation: 0.32445524403296544
Network 1 - Somatomotor: 750 voxels done Correlation: 0.33568914595451066
Network 1 - Somatomotor: 1000 voxels done Correlation: 0.39158483405538824
Network 1 - Somatomotor: 1500 voxels done Correlation: 0.3185527759891951
Network 1 - Somatomotor: 3000 voxels done Correlation: 0.34673587729636624
Network 1 - Somatomotor: 5000 voxels done Correlation: 0.3236931181317728
Network 1 - Somatomotor: 6500 voxels done Correlation: 0.35311474211245986
Network 1 - Somatomotor: 10000 voxels done Correlation: 0.35179435797743475
Network 1 - Somatomotor: 15000 voxels done Correlation: 0.34204429975442485
/home/fhopp/.conda/envs/mjs/lib/python3.8/site-packages/nilearn/masking.py:980: UserWarning: Data array used to create a new image contains 64-bit ints. This is likely due to creating the array with numpy and passing `int` as the `dtype`. Many tools such as FSL and SPM cannot deal with int64 in Nifti images, so for compatibility the data has been converted to int32.
  return new_img_like(mask_img, unmasked, affine)
Network 2 - dAttention: 50 voxels done Correlation: 0.2544986828485041
Network 2 - dAttention: 150 voxels done Correlation: 0.27368557853022113
Network 2 - dAttention: 250 voxels done Correlation: 0.35944066696955324
Network 2 - dAttention: 500 voxels done Correlation: 0.28904327569994825
Network 2 - dAttention: 750 voxels done Correlation: 0.31441192347066793
Network 2 - dAttention: 1000 voxels done Correlation: 0.26566529269309924
Network 2 - dAttention: 1500 voxels done Correlation: 0.3546227914098579
Network 2 - dAttention: 3000 voxels done Correlation: 0.341894023234697
Network 2 - dAttention: 5000 voxels done Correlation: 0.29592475433131665
Network 2 - dAttention: 6500 voxels done Correlation: 0.33134611651069684
Network 2 - dAttention: 10000 voxels done Correlation: 0.3394044826804493
Network 2 - dAttention: 15000 voxels done Correlation: 0.33378156191579084
/home/fhopp/.conda/envs/mjs/lib/python3.8/site-packages/nilearn/masking.py:980: UserWarning: Data array used to create a new image contains 64-bit ints. This is likely due to creating the array with numpy and passing `int` as the `dtype`. Many tools such as FSL and SPM cannot deal with int64 in Nifti images, so for compatibility the data has been converted to int32.
  return new_img_like(mask_img, unmasked, affine)
Network 3 - vAttention: 50 voxels done Correlation: 0.1868325573154937
Network 3 - vAttention: 150 voxels done Correlation: 0.310698237682013
Network 3 - vAttention: 250 voxels done Correlation: 0.28016273465491204
Network 3 - vAttention: 500 voxels done Correlation: 0.4216331536959338
Network 3 - vAttention: 750 voxels done Correlation: 0.3937865996365125
Network 3 - vAttention: 1000 voxels done Correlation: 0.36153871137347376
Network 3 - vAttention: 1500 voxels done Correlation: 0.3592055804693036
Network 3 - vAttention: 3000 voxels done Correlation: 0.35844313776106657
Network 3 - vAttention: 5000 voxels done Correlation: 0.3938822553889085
Network 3 - vAttention: 6500 voxels done Correlation: 0.38522514898434673
Network 3 - vAttention: 10000 voxels done Correlation: 0.38058018231276136
Network 3 - vAttention: 15000 voxels done Correlation: 0.39030385675831997
/home/fhopp/.conda/envs/mjs/lib/python3.8/site-packages/nilearn/masking.py:980: UserWarning: Data array used to create a new image contains 64-bit ints. This is likely due to creating the array with numpy and passing `int` as the `dtype`. Many tools such as FSL and SPM cannot deal with int64 in Nifti images, so for compatibility the data has been converted to int32.
  return new_img_like(mask_img, unmasked, affine)
Network 4 - Limbic: 50 voxels done Correlation: 0.21223700642244092
Network 4 - Limbic: 150 voxels done Correlation: 0.21741035001761935
Network 4 - Limbic: 250 voxels done Correlation: 0.25554373897329496
Network 4 - Limbic: 500 voxels done Correlation: 0.263590154386332
Network 4 - Limbic: 750 voxels done Correlation: 0.2302803080338568
Network 4 - Limbic: 1000 voxels done Correlation: 0.3091740716191329
Network 4 - Limbic: 1500 voxels done Correlation: 0.2531199990065249
Network 4 - Limbic: 3000 voxels done Correlation: 0.279331721240357
Network 4 - Limbic: 5000 voxels done Correlation: 0.2896938957304633
Network 4 - Limbic: 6500 voxels done Correlation: 0.2788929504476887
Network 4 - Limbic: 10000 voxels done Correlation: 0.2828893034191502
/home/fhopp/.conda/envs/mjs/lib/python3.8/site-packages/nilearn/masking.py:980: UserWarning: Data array used to create a new image contains 64-bit ints. This is likely due to creating the array with numpy and passing `int` as the `dtype`. Many tools such as FSL and SPM cannot deal with int64 in Nifti images, so for compatibility the data has been converted to int32.
  return new_img_like(mask_img, unmasked, affine)
Network 5 - Frontoparietal: 50 voxels done Correlation: 0.10682087545732244
Network 5 - Frontoparietal: 150 voxels done Correlation: 0.15994179275729303
Network 5 - Frontoparietal: 250 voxels done Correlation: 0.1621187401096172
Network 5 - Frontoparietal: 500 voxels done Correlation: 0.199680372805266
Network 5 - Frontoparietal: 750 voxels done Correlation: 0.18146900872901345
Network 5 - Frontoparietal: 1000 voxels done Correlation: 0.25398946663383415
Network 5 - Frontoparietal: 1500 voxels done Correlation: 0.24613920637168504
Network 5 - Frontoparietal: 3000 voxels done Correlation: 0.2203300433427438
Network 5 - Frontoparietal: 5000 voxels done Correlation: 0.230130906755743
Network 5 - Frontoparietal: 6500 voxels done Correlation: 0.23049805945190444
Network 5 - Frontoparietal: 10000 voxels done Correlation: 0.23071992887984522
Network 5 - Frontoparietal: 15000 voxels done Correlation: 0.23887301074743794
/home/fhopp/.conda/envs/mjs/lib/python3.8/site-packages/nilearn/masking.py:980: UserWarning: Data array used to create a new image contains 64-bit ints. This is likely due to creating the array with numpy and passing `int` as the `dtype`. Many tools such as FSL and SPM cannot deal with int64 in Nifti images, so for compatibility the data has been converted to int32.
  return new_img_like(mask_img, unmasked, affine)
Network 6 - Default Mode: 50 voxels done Correlation: 0.2339880235275069
Network 6 - Default Mode: 150 voxels done Correlation: 0.3512704101178571
Network 6 - Default Mode: 250 voxels done Correlation: 0.3638838015933316
Network 6 - Default Mode: 500 voxels done Correlation: 0.34213820250943144
Network 6 - Default Mode: 750 voxels done Correlation: 0.39391567800535576
Network 6 - Default Mode: 1000 voxels done Correlation: 0.3309377895391263
Network 6 - Default Mode: 1500 voxels done Correlation: 0.39093588429574044
Network 6 - Default Mode: 3000 voxels done Correlation: 0.3746554759575657
Network 6 - Default Mode: 5000 voxels done Correlation: 0.42332277932198403
Network 6 - Default Mode: 6500 voxels done Correlation: 0.3908689585283831
Network 6 - Default Mode: 10000 voxels done Correlation: 0.4094716942518691
Network 6 - Default Mode: 15000 voxels done Correlation: 0.40459736113587436
Network 6 - Default Mode: 25000 voxels done Correlation: 0.4078610109495763
/home/fhopp/.conda/envs/mjs/lib/python3.8/site-packages/nilearn/masking.py:980: UserWarning: Data array used to create a new image contains 64-bit ints. This is likely due to creating the array with numpy and passing `int` as the `dtype`. Many tools such as FSL and SPM cannot deal with int64 in Nifti images, so for compatibility the data has been converted to int32.
  return new_img_like(mask_img, unmasked, affine)
Network 7 - Subcortical: 50 voxels done Correlation: 0.06038133718023296
Network 7 - Subcortical: 150 voxels done Correlation: 0.19644385574892165
Network 7 - Subcortical: 250 voxels done Correlation: 0.24155140455796026
Network 7 - Subcortical: 500 voxels done Correlation: 0.22192999396750324
Network 7 - Subcortical: 750 voxels done Correlation: 0.2600559870408659
Network 7 - Subcortical: 1000 voxels done Correlation: 0.2040684224107479
Network 7 - Subcortical: 1500 voxels done Correlation: 0.1965136091454933
Network 7 - Subcortical: 3000 voxels done Correlation: 0.17314208245891383
Network 7 - Subcortical: 5000 voxels done Correlation: 0.15784632508082969
Network 7 - Subcortical: 6500 voxels done Correlation: 0.18165558081432687
Network 7 - Subcortical: 10000 voxels done Correlation: 0.16570741151922425
Network 8 - Consciousness: 50 voxels done Correlation: 0.3582109205334312
Network 8 - Consciousness: 150 voxels done Correlation: 0.3871546844280082
Network 8 - Consciousness: 250 voxels done Correlation: 0.3982082560724134
Network 8 - Consciousness: 500 voxels done Correlation: 0.29244779272441745
Network 8 - Consciousness: 750 voxels done Correlation: 0.4147766769706437
Network 8 - Consciousness: 1000 voxels done Correlation: 0.41018034132933767
Network 8 - Consciousness: 1500 voxels done Correlation: 0.38694024396700555
Network 8 - Consciousness: 3000 voxels done Correlation: 0.48140275093477086
Network 8 - Consciousness: 5000 voxels done Correlation: 0.4664998115521644
Network 8 - Consciousness: 6500 voxels done Correlation: 0.45765637593101927
Network 8 - Consciousness: 10000 voxels done Correlation: 0.4521101618443556
Network 8 - Consciousness: 15000 voxels done Correlation: 0.45840222596227903
Network 8 - Consciousness: 25000 voxels done Correlation: 0.4669501219550768
Network 8 - Consciousness: 50000 voxels done Correlation: 0.46638097943653667
