Running job on: wood
Iteration: 366
Starting spatial evaluation...
/home/fhopp/.conda/envs/mjs/lib/python3.8/site-packages/nilearn/maskers/nifti_masker.py:110: UserWarning: imgs are being resampled to the mask_img resolution. This process is memory intensive. You might want to provide a target_affine that is equal to the affine of the imgs or resample the mask beforehand to save memory and computation time.
  warnings.warn(
/home/fhopp/.conda/envs/mjs/lib/python3.8/site-packages/nilearn/masking.py:980: UserWarning: Data array used to create a new image contains 64-bit ints. This is likely due to creating the array with numpy and passing `int` as the `dtype`. Many tools such as FSL and SPM cannot deal with int64 in Nifti images, so for compatibility the data has been converted to int32.
  return new_img_like(mask_img, unmasked, affine)
Network 0 - Visual: 50 voxels done Correlation: 0.6178289978910214
Network 0 - Visual: 150 voxels done Correlation: 0.6721663554484567
Network 0 - Visual: 250 voxels done Correlation: 0.5673382779230995
Network 0 - Visual: 500 voxels done Correlation: 0.5681543102833695
Network 0 - Visual: 750 voxels done Correlation: 0.5208446139303162
Network 0 - Visual: 1000 voxels done Correlation: 0.5592772816193474
Network 0 - Visual: 1500 voxels done Correlation: 0.6088631329098846
Network 0 - Visual: 3000 voxels done Correlation: 0.6124211790905036
Network 0 - Visual: 5000 voxels done Correlation: 0.6393464660698703
Network 0 - Visual: 6500 voxels done Correlation: 0.6340995110198672
Network 0 - Visual: 10000 voxels done Correlation: 0.6294527588990232
Network 0 - Visual: 15000 voxels done Correlation: 0.6312577766180211
/home/fhopp/.conda/envs/mjs/lib/python3.8/site-packages/nilearn/masking.py:980: UserWarning: Data array used to create a new image contains 64-bit ints. This is likely due to creating the array with numpy and passing `int` as the `dtype`. Many tools such as FSL and SPM cannot deal with int64 in Nifti images, so for compatibility the data has been converted to int32.
  return new_img_like(mask_img, unmasked, affine)
Network 1 - Somatomotor: 50 voxels done Correlation: 0.24452168739559793
Network 1 - Somatomotor: 150 voxels done Correlation: 0.3510975951979488
Network 1 - Somatomotor: 250 voxels done Correlation: 0.32603409471898664
Network 1 - Somatomotor: 500 voxels done Correlation: 0.32234275983822913
Network 1 - Somatomotor: 750 voxels done Correlation: 0.35533100923917144
Network 1 - Somatomotor: 1000 voxels done Correlation: 0.3413806714158464
Network 1 - Somatomotor: 1500 voxels done Correlation: 0.32682528627426755
Network 1 - Somatomotor: 3000 voxels done Correlation: 0.33049359707745135
Network 1 - Somatomotor: 5000 voxels done Correlation: 0.35333278609210317
Network 1 - Somatomotor: 6500 voxels done Correlation: 0.3238763521082274
Network 1 - Somatomotor: 10000 voxels done Correlation: 0.3285124676191554
Network 1 - Somatomotor: 15000 voxels done Correlation: 0.3469501018112592
/home/fhopp/.conda/envs/mjs/lib/python3.8/site-packages/nilearn/masking.py:980: UserWarning: Data array used to create a new image contains 64-bit ints. This is likely due to creating the array with numpy and passing `int` as the `dtype`. Many tools such as FSL and SPM cannot deal with int64 in Nifti images, so for compatibility the data has been converted to int32.
  return new_img_like(mask_img, unmasked, affine)
Network 2 - dAttention: 50 voxels done Correlation: 0.26092115497172386
Network 2 - dAttention: 150 voxels done Correlation: 0.2837405625660192
Network 2 - dAttention: 250 voxels done Correlation: 0.2943965437056442
Network 2 - dAttention: 500 voxels done Correlation: 0.24851755031188882
Network 2 - dAttention: 750 voxels done Correlation: 0.340520414450184
Network 2 - dAttention: 1000 voxels done Correlation: 0.3357106716935081
Network 2 - dAttention: 1500 voxels done Correlation: 0.3401700859236602
Network 2 - dAttention: 3000 voxels done Correlation: 0.3467061678515341
Network 2 - dAttention: 5000 voxels done Correlation: 0.32419486918424534
Network 2 - dAttention: 6500 voxels done Correlation: 0.3430836885041065
Network 2 - dAttention: 10000 voxels done Correlation: 0.34199089056177556
Network 2 - dAttention: 15000 voxels done Correlation: 0.33018278499992815
/home/fhopp/.conda/envs/mjs/lib/python3.8/site-packages/nilearn/masking.py:980: UserWarning: Data array used to create a new image contains 64-bit ints. This is likely due to creating the array with numpy and passing `int` as the `dtype`. Many tools such as FSL and SPM cannot deal with int64 in Nifti images, so for compatibility the data has been converted to int32.
  return new_img_like(mask_img, unmasked, affine)
Network 3 - vAttention: 50 voxels done Correlation: 0.24200525450511493
Network 3 - vAttention: 150 voxels done Correlation: 0.21933968940296525
Network 3 - vAttention: 250 voxels done Correlation: 0.2877736189408998
Network 3 - vAttention: 500 voxels done Correlation: 0.2873631664759898
Network 3 - vAttention: 750 voxels done Correlation: 0.31476153213485697
Network 3 - vAttention: 1000 voxels done Correlation: 0.27911303662650555
Network 3 - vAttention: 1500 voxels done Correlation: 0.3224099983376578
Network 3 - vAttention: 3000 voxels done Correlation: 0.34532522372754015
Network 3 - vAttention: 5000 voxels done Correlation: 0.3641636880053428
Network 3 - vAttention: 6500 voxels done Correlation: 0.39385035423751025
Network 3 - vAttention: 10000 voxels done Correlation: 0.38703017819215846
Network 3 - vAttention: 15000 voxels done Correlation: 0.3874066948599134
/home/fhopp/.conda/envs/mjs/lib/python3.8/site-packages/nilearn/masking.py:980: UserWarning: Data array used to create a new image contains 64-bit ints. This is likely due to creating the array with numpy and passing `int` as the `dtype`. Many tools such as FSL and SPM cannot deal with int64 in Nifti images, so for compatibility the data has been converted to int32.
  return new_img_like(mask_img, unmasked, affine)
Network 4 - Limbic: 50 voxels done Correlation: 0.2185804600486872
Network 4 - Limbic: 150 voxels done Correlation: 0.278628062156405
Network 4 - Limbic: 250 voxels done Correlation: 0.19633465123746047
Network 4 - Limbic: 500 voxels done Correlation: 0.29070161911772074
Network 4 - Limbic: 750 voxels done Correlation: 0.3324120374795494
Network 4 - Limbic: 1000 voxels done Correlation: 0.26376885608735673
Network 4 - Limbic: 1500 voxels done Correlation: 0.2724872911785936
Network 4 - Limbic: 3000 voxels done Correlation: 0.27513077828497934
Network 4 - Limbic: 5000 voxels done Correlation: 0.2844878948291729
Network 4 - Limbic: 6500 voxels done Correlation: 0.27602929976555923
Network 4 - Limbic: 10000 voxels done Correlation: 0.28841259952300957
/home/fhopp/.conda/envs/mjs/lib/python3.8/site-packages/nilearn/masking.py:980: UserWarning: Data array used to create a new image contains 64-bit ints. This is likely due to creating the array with numpy and passing `int` as the `dtype`. Many tools such as FSL and SPM cannot deal with int64 in Nifti images, so for compatibility the data has been converted to int32.
  return new_img_like(mask_img, unmasked, affine)
Network 5 - Frontoparietal: 50 voxels done Correlation: 0.20795562699957418
Network 5 - Frontoparietal: 150 voxels done Correlation: 0.14415767191493975
Network 5 - Frontoparietal: 250 voxels done Correlation: 0.18720513318153967
Network 5 - Frontoparietal: 500 voxels done Correlation: 0.19730841021824416
Network 5 - Frontoparietal: 750 voxels done Correlation: 0.24648160251158507
Network 5 - Frontoparietal: 1000 voxels done Correlation: 0.22954451889390298
Network 5 - Frontoparietal: 1500 voxels done Correlation: 0.24939019106046784
Network 5 - Frontoparietal: 3000 voxels done Correlation: 0.25650940262022404
Network 5 - Frontoparietal: 5000 voxels done Correlation: 0.22046322611071179
Network 5 - Frontoparietal: 6500 voxels done Correlation: 0.2239426884156351
Network 5 - Frontoparietal: 10000 voxels done Correlation: 0.23437474432778926
Network 5 - Frontoparietal: 15000 voxels done Correlation: 0.24029292474165873
/home/fhopp/.conda/envs/mjs/lib/python3.8/site-packages/nilearn/masking.py:980: UserWarning: Data array used to create a new image contains 64-bit ints. This is likely due to creating the array with numpy and passing `int` as the `dtype`. Many tools such as FSL and SPM cannot deal with int64 in Nifti images, so for compatibility the data has been converted to int32.
  return new_img_like(mask_img, unmasked, affine)
Network 6 - Default Mode: 50 voxels done Correlation: 0.3215163185529766
Network 6 - Default Mode: 150 voxels done Correlation: 0.30731686934787206
Network 6 - Default Mode: 250 voxels done Correlation: 0.37199674147072476
Network 6 - Default Mode: 500 voxels done Correlation: 0.25845070362532546
Network 6 - Default Mode: 750 voxels done Correlation: 0.3305468819286861
Network 6 - Default Mode: 1000 voxels done Correlation: 0.3822634586452701
Network 6 - Default Mode: 1500 voxels done Correlation: 0.4021548706052662
Network 6 - Default Mode: 3000 voxels done Correlation: 0.3475364160435255
Network 6 - Default Mode: 5000 voxels done Correlation: 0.4018239786189567
Network 6 - Default Mode: 6500 voxels done Correlation: 0.40334889135580754
Network 6 - Default Mode: 10000 voxels done Correlation: 0.39541301256936934
Network 6 - Default Mode: 15000 voxels done Correlation: 0.40027714350744614
Network 6 - Default Mode: 25000 voxels done Correlation: 0.4137805450763944
/home/fhopp/.conda/envs/mjs/lib/python3.8/site-packages/nilearn/masking.py:980: UserWarning: Data array used to create a new image contains 64-bit ints. This is likely due to creating the array with numpy and passing `int` as the `dtype`. Many tools such as FSL and SPM cannot deal with int64 in Nifti images, so for compatibility the data has been converted to int32.
  return new_img_like(mask_img, unmasked, affine)
Network 7 - Subcortical: 50 voxels done Correlation: 0.11120765696378311
Network 7 - Subcortical: 150 voxels done Correlation: 0.1479567424488612
Network 7 - Subcortical: 250 voxels done Correlation: 0.26626201128860594
Network 7 - Subcortical: 500 voxels done Correlation: 0.21916925552535588
Network 7 - Subcortical: 750 voxels done Correlation: 0.30101390953704354
Network 7 - Subcortical: 1000 voxels done Correlation: 0.2306620754264352
Network 7 - Subcortical: 1500 voxels done Correlation: 0.19563296683363732
Network 7 - Subcortical: 3000 voxels done Correlation: 0.18253071505172136
Network 7 - Subcortical: 5000 voxels done Correlation: 0.1627855421254657
Network 7 - Subcortical: 6500 voxels done Correlation: 0.1697828736739057
Network 7 - Subcortical: 10000 voxels done Correlation: 0.1667916094290588
Network 8 - Consciousness: 50 voxels done Correlation: 0.2496068617081515
Network 8 - Consciousness: 150 voxels done Correlation: 0.4017652218786564
Network 8 - Consciousness: 250 voxels done Correlation: 0.42893988311520515
Network 8 - Consciousness: 500 voxels done Correlation: 0.34177701787040815
Network 8 - Consciousness: 750 voxels done Correlation: 0.26953271955263136
Network 8 - Consciousness: 1000 voxels done Correlation: 0.4160164918179194
Network 8 - Consciousness: 1500 voxels done Correlation: 0.41501525895405444
Network 8 - Consciousness: 3000 voxels done Correlation: 0.46494423111787697
Network 8 - Consciousness: 5000 voxels done Correlation: 0.44978688931752075
Network 8 - Consciousness: 6500 voxels done Correlation: 0.4425985307996431
Network 8 - Consciousness: 10000 voxels done Correlation: 0.4357981702056287
Network 8 - Consciousness: 15000 voxels done Correlation: 0.46417893506597835
Network 8 - Consciousness: 25000 voxels done Correlation: 0.471648713265026
Network 8 - Consciousness: 50000 voxels done Correlation: 0.4652465728865832
