Running job on: wood
Iteration: 281
Starting spatial evaluation...
/home/fhopp/.conda/envs/mjs/lib/python3.8/site-packages/nilearn/maskers/nifti_masker.py:110: UserWarning: imgs are being resampled to the mask_img resolution. This process is memory intensive. You might want to provide a target_affine that is equal to the affine of the imgs or resample the mask beforehand to save memory and computation time.
  warnings.warn(
/home/fhopp/.conda/envs/mjs/lib/python3.8/site-packages/nilearn/masking.py:980: UserWarning: Data array used to create a new image contains 64-bit ints. This is likely due to creating the array with numpy and passing `int` as the `dtype`. Many tools such as FSL and SPM cannot deal with int64 in Nifti images, so for compatibility the data has been converted to int32.
  return new_img_like(mask_img, unmasked, affine)
Network 0 - Visual: 50 voxels done Correlation: 0.5961676590037537
Network 0 - Visual: 150 voxels done Correlation: 0.6572785874847664
Network 0 - Visual: 250 voxels done Correlation: 0.5305233481511706
Network 0 - Visual: 500 voxels done Correlation: 0.5730385221064971
Network 0 - Visual: 750 voxels done Correlation: 0.6207348098722199
Network 0 - Visual: 1000 voxels done Correlation: 0.6155071818184608
Network 0 - Visual: 1500 voxels done Correlation: 0.6161887521439298
Network 0 - Visual: 3000 voxels done Correlation: 0.6246533956464155
Network 0 - Visual: 5000 voxels done Correlation: 0.6341698298032887
Network 0 - Visual: 6500 voxels done Correlation: 0.6179424740389856
Network 0 - Visual: 10000 voxels done Correlation: 0.6303965328164178
Network 0 - Visual: 15000 voxels done Correlation: 0.6238051948216805
/home/fhopp/.conda/envs/mjs/lib/python3.8/site-packages/nilearn/masking.py:980: UserWarning: Data array used to create a new image contains 64-bit ints. This is likely due to creating the array with numpy and passing `int` as the `dtype`. Many tools such as FSL and SPM cannot deal with int64 in Nifti images, so for compatibility the data has been converted to int32.
  return new_img_like(mask_img, unmasked, affine)
Network 1 - Somatomotor: 50 voxels done Correlation: 0.2896230416308431
Network 1 - Somatomotor: 150 voxels done Correlation: 0.27017649975484975
Network 1 - Somatomotor: 250 voxels done Correlation: 0.2929089216689864
Network 1 - Somatomotor: 500 voxels done Correlation: 0.3663716893795794
Network 1 - Somatomotor: 750 voxels done Correlation: 0.33777284057361245
Network 1 - Somatomotor: 1000 voxels done Correlation: 0.32618528168683203
Network 1 - Somatomotor: 1500 voxels done Correlation: 0.31869819368508423
Network 1 - Somatomotor: 3000 voxels done Correlation: 0.3394066956095104
Network 1 - Somatomotor: 5000 voxels done Correlation: 0.3297160557069032
Network 1 - Somatomotor: 6500 voxels done Correlation: 0.33464053993322335
Network 1 - Somatomotor: 10000 voxels done Correlation: 0.3406897777489568
Network 1 - Somatomotor: 15000 voxels done Correlation: 0.3452933079788726
/home/fhopp/.conda/envs/mjs/lib/python3.8/site-packages/nilearn/masking.py:980: UserWarning: Data array used to create a new image contains 64-bit ints. This is likely due to creating the array with numpy and passing `int` as the `dtype`. Many tools such as FSL and SPM cannot deal with int64 in Nifti images, so for compatibility the data has been converted to int32.
  return new_img_like(mask_img, unmasked, affine)
Network 2 - dAttention: 50 voxels done Correlation: 0.3000573333233094
Network 2 - dAttention: 150 voxels done Correlation: 0.2948557351047984
Network 2 - dAttention: 250 voxels done Correlation: 0.40564278599224723
Network 2 - dAttention: 500 voxels done Correlation: 0.3470936202659509
Network 2 - dAttention: 750 voxels done Correlation: 0.35092107718298976
Network 2 - dAttention: 1000 voxels done Correlation: 0.36361959264203214
Network 2 - dAttention: 1500 voxels done Correlation: 0.2839325738851898
Network 2 - dAttention: 3000 voxels done Correlation: 0.33806066017915193
Network 2 - dAttention: 5000 voxels done Correlation: 0.32036165747119805
Network 2 - dAttention: 6500 voxels done Correlation: 0.32822567688563165
Network 2 - dAttention: 10000 voxels done Correlation: 0.32600985966827195
Network 2 - dAttention: 15000 voxels done Correlation: 0.3347322989919493
/home/fhopp/.conda/envs/mjs/lib/python3.8/site-packages/nilearn/masking.py:980: UserWarning: Data array used to create a new image contains 64-bit ints. This is likely due to creating the array with numpy and passing `int` as the `dtype`. Many tools such as FSL and SPM cannot deal with int64 in Nifti images, so for compatibility the data has been converted to int32.
  return new_img_like(mask_img, unmasked, affine)
Network 3 - vAttention: 50 voxels done Correlation: 0.22676732522723073
Network 3 - vAttention: 150 voxels done Correlation: 0.299892450554022
Network 3 - vAttention: 250 voxels done Correlation: 0.27265414140867017
Network 3 - vAttention: 500 voxels done Correlation: 0.3150566031710923
Network 3 - vAttention: 750 voxels done Correlation: 0.28722694193134984
Network 3 - vAttention: 1000 voxels done Correlation: 0.393360065754239
Network 3 - vAttention: 1500 voxels done Correlation: 0.32226943964716803
Network 3 - vAttention: 3000 voxels done Correlation: 0.38653400724109366
Network 3 - vAttention: 5000 voxels done Correlation: 0.3499003627452215
Network 3 - vAttention: 6500 voxels done Correlation: 0.3785974172091341
Network 3 - vAttention: 10000 voxels done Correlation: 0.38897083904721286
Network 3 - vAttention: 15000 voxels done Correlation: 0.38813479400743217
/home/fhopp/.conda/envs/mjs/lib/python3.8/site-packages/nilearn/masking.py:980: UserWarning: Data array used to create a new image contains 64-bit ints. This is likely due to creating the array with numpy and passing `int` as the `dtype`. Many tools such as FSL and SPM cannot deal with int64 in Nifti images, so for compatibility the data has been converted to int32.
  return new_img_like(mask_img, unmasked, affine)
Network 4 - Limbic: 50 voxels done Correlation: 0.1749541477658444
Network 4 - Limbic: 150 voxels done Correlation: 0.3007573401601079
Network 4 - Limbic: 250 voxels done Correlation: 0.246149244639003
Network 4 - Limbic: 500 voxels done Correlation: 0.255732877208436
Network 4 - Limbic: 750 voxels done Correlation: 0.2340017079208025
Network 4 - Limbic: 1000 voxels done Correlation: 0.24037289676736154
Network 4 - Limbic: 1500 voxels done Correlation: 0.24734236637601417
Network 4 - Limbic: 3000 voxels done Correlation: 0.2628768352296166
Network 4 - Limbic: 5000 voxels done Correlation: 0.2802243249582964
Network 4 - Limbic: 6500 voxels done Correlation: 0.290199790433297
Network 4 - Limbic: 10000 voxels done Correlation: 0.2939172313141256
/home/fhopp/.conda/envs/mjs/lib/python3.8/site-packages/nilearn/masking.py:980: UserWarning: Data array used to create a new image contains 64-bit ints. This is likely due to creating the array with numpy and passing `int` as the `dtype`. Many tools such as FSL and SPM cannot deal with int64 in Nifti images, so for compatibility the data has been converted to int32.
  return new_img_like(mask_img, unmasked, affine)
Network 5 - Frontoparietal: 50 voxels done Correlation: 0.21207645598311278
Network 5 - Frontoparietal: 150 voxels done Correlation: 0.2243152211330906
Network 5 - Frontoparietal: 250 voxels done Correlation: 0.22458361031653584
Network 5 - Frontoparietal: 500 voxels done Correlation: 0.20519866863776876
Network 5 - Frontoparietal: 750 voxels done Correlation: 0.2396432227818438
Network 5 - Frontoparietal: 1000 voxels done Correlation: 0.22950935531923367
Network 5 - Frontoparietal: 1500 voxels done Correlation: 0.2596339084248781
Network 5 - Frontoparietal: 3000 voxels done Correlation: 0.216681874811542
Network 5 - Frontoparietal: 5000 voxels done Correlation: 0.24348656008429867
Network 5 - Frontoparietal: 6500 voxels done Correlation: 0.2424482093835316
Network 5 - Frontoparietal: 10000 voxels done Correlation: 0.2399627162681322
Network 5 - Frontoparietal: 15000 voxels done Correlation: 0.240941661711979
/home/fhopp/.conda/envs/mjs/lib/python3.8/site-packages/nilearn/masking.py:980: UserWarning: Data array used to create a new image contains 64-bit ints. This is likely due to creating the array with numpy and passing `int` as the `dtype`. Many tools such as FSL and SPM cannot deal with int64 in Nifti images, so for compatibility the data has been converted to int32.
  return new_img_like(mask_img, unmasked, affine)
Network 6 - Default Mode: 50 voxels done Correlation: 0.2296849833436916
Network 6 - Default Mode: 150 voxels done Correlation: 0.3535679680632694
Network 6 - Default Mode: 250 voxels done Correlation: 0.3669825405693896
Network 6 - Default Mode: 500 voxels done Correlation: 0.3778054289548852
Network 6 - Default Mode: 750 voxels done Correlation: 0.39386101219253167
Network 6 - Default Mode: 1000 voxels done Correlation: 0.35513438154465865
Network 6 - Default Mode: 1500 voxels done Correlation: 0.38052030110658036
Network 6 - Default Mode: 3000 voxels done Correlation: 0.38390939931966533
Network 6 - Default Mode: 5000 voxels done Correlation: 0.38026884938010586
Network 6 - Default Mode: 6500 voxels done Correlation: 0.40644875478437914
Network 6 - Default Mode: 10000 voxels done Correlation: 0.41518267555640914
Network 6 - Default Mode: 15000 voxels done Correlation: 0.41418010950849715
Network 6 - Default Mode: 25000 voxels done Correlation: 0.4045376867140022
/home/fhopp/.conda/envs/mjs/lib/python3.8/site-packages/nilearn/masking.py:980: UserWarning: Data array used to create a new image contains 64-bit ints. This is likely due to creating the array with numpy and passing `int` as the `dtype`. Many tools such as FSL and SPM cannot deal with int64 in Nifti images, so for compatibility the data has been converted to int32.
  return new_img_like(mask_img, unmasked, affine)
Network 7 - Subcortical: 50 voxels done Correlation: 0.14924451571534278
Network 7 - Subcortical: 150 voxels done Correlation: 0.300582839252443
Network 7 - Subcortical: 250 voxels done Correlation: 0.24161316566647426
Network 7 - Subcortical: 500 voxels done Correlation: 0.2764307385613826
Network 7 - Subcortical: 750 voxels done Correlation: 0.19514699508680766
Network 7 - Subcortical: 1000 voxels done Correlation: 0.253434268189335
Network 7 - Subcortical: 1500 voxels done Correlation: 0.19631066925628837
Network 7 - Subcortical: 3000 voxels done Correlation: 0.1678150990149827
Network 7 - Subcortical: 5000 voxels done Correlation: 0.17673458407293596
Network 7 - Subcortical: 6500 voxels done Correlation: 0.15800125209589994
Network 7 - Subcortical: 10000 voxels done Correlation: 0.1692315841202264
Network 8 - Consciousness: 50 voxels done Correlation: 0.3662978935140172
Network 8 - Consciousness: 150 voxels done Correlation: 0.41718624705325735
Network 8 - Consciousness: 250 voxels done Correlation: 0.3443108017185284
Network 8 - Consciousness: 500 voxels done Correlation: 0.29930919581297033
Network 8 - Consciousness: 750 voxels done Correlation: 0.4008833438070213
Network 8 - Consciousness: 1000 voxels done Correlation: 0.414097238707801
Network 8 - Consciousness: 1500 voxels done Correlation: 0.4462002349603733
Network 8 - Consciousness: 3000 voxels done Correlation: 0.4430425404403333
Network 8 - Consciousness: 5000 voxels done Correlation: 0.4634419167416357
Network 8 - Consciousness: 6500 voxels done Correlation: 0.4521396715887789
Network 8 - Consciousness: 10000 voxels done Correlation: 0.46845776684027723
Network 8 - Consciousness: 15000 voxels done Correlation: 0.4584271320963152
Network 8 - Consciousness: 25000 voxels done Correlation: 0.46603801208448375
Network 8 - Consciousness: 50000 voxels done Correlation: 0.4648672146621871
