Running job on: cox
Iteration: 811
Starting spatial evaluation...
/home/fhopp/.conda/envs/mjs/lib/python3.8/site-packages/nilearn/maskers/nifti_masker.py:110: UserWarning: imgs are being resampled to the mask_img resolution. This process is memory intensive. You might want to provide a target_affine that is equal to the affine of the imgs or resample the mask beforehand to save memory and computation time.
  warnings.warn(
/home/fhopp/.conda/envs/mjs/lib/python3.8/site-packages/nilearn/masking.py:980: UserWarning: Data array used to create a new image contains 64-bit ints. This is likely due to creating the array with numpy and passing `int` as the `dtype`. Many tools such as FSL and SPM cannot deal with int64 in Nifti images, so for compatibility the data has been converted to int32.
  return new_img_like(mask_img, unmasked, affine)
Network 0 - Visual: 50 voxels done Correlation: 0.5624803215044263
Network 0 - Visual: 150 voxels done Correlation: 0.6918560330006723
Network 0 - Visual: 250 voxels done Correlation: 0.6451191792933373
Network 0 - Visual: 500 voxels done Correlation: 0.6272219495186462
Network 0 - Visual: 750 voxels done Correlation: 0.5986362287198081
Network 0 - Visual: 1000 voxels done Correlation: 0.6038370140141898
Network 0 - Visual: 1500 voxels done Correlation: 0.6384817685380813
Network 0 - Visual: 3000 voxels done Correlation: 0.608209760773293
Network 0 - Visual: 5000 voxels done Correlation: 0.621258165138759
Network 0 - Visual: 6500 voxels done Correlation: 0.6300284653085417
Network 0 - Visual: 10000 voxels done Correlation: 0.6182076676449797
Network 0 - Visual: 15000 voxels done Correlation: 0.626568883738805
/home/fhopp/.conda/envs/mjs/lib/python3.8/site-packages/nilearn/masking.py:980: UserWarning: Data array used to create a new image contains 64-bit ints. This is likely due to creating the array with numpy and passing `int` as the `dtype`. Many tools such as FSL and SPM cannot deal with int64 in Nifti images, so for compatibility the data has been converted to int32.
  return new_img_like(mask_img, unmasked, affine)
Network 1 - Somatomotor: 50 voxels done Correlation: 0.19155173532328973
Network 1 - Somatomotor: 150 voxels done Correlation: 0.28440981546662025
Network 1 - Somatomotor: 250 voxels done Correlation: 0.3477594137837497
Network 1 - Somatomotor: 500 voxels done Correlation: 0.3152043355798758
Network 1 - Somatomotor: 750 voxels done Correlation: 0.2648313675598004
Network 1 - Somatomotor: 1000 voxels done Correlation: 0.32101527672835417
Network 1 - Somatomotor: 1500 voxels done Correlation: 0.3495666644319547
Network 1 - Somatomotor: 3000 voxels done Correlation: 0.3202740886121316
Network 1 - Somatomotor: 5000 voxels done Correlation: 0.33195692007623767
Network 1 - Somatomotor: 6500 voxels done Correlation: 0.3439813332428177
Network 1 - Somatomotor: 10000 voxels done Correlation: 0.33819193161045186
Network 1 - Somatomotor: 15000 voxels done Correlation: 0.34647993193759397
/home/fhopp/.conda/envs/mjs/lib/python3.8/site-packages/nilearn/masking.py:980: UserWarning: Data array used to create a new image contains 64-bit ints. This is likely due to creating the array with numpy and passing `int` as the `dtype`. Many tools such as FSL and SPM cannot deal with int64 in Nifti images, so for compatibility the data has been converted to int32.
  return new_img_like(mask_img, unmasked, affine)
Network 2 - dAttention: 50 voxels done Correlation: 0.3287708039173598
Network 2 - dAttention: 150 voxels done Correlation: 0.35652637205220017
Network 2 - dAttention: 250 voxels done Correlation: 0.29673144026793036
Network 2 - dAttention: 500 voxels done Correlation: 0.2968600532342671
Network 2 - dAttention: 750 voxels done Correlation: 0.34078491181535997
Network 2 - dAttention: 1000 voxels done Correlation: 0.2907602569403537
Network 2 - dAttention: 1500 voxels done Correlation: 0.2890129253167817
Network 2 - dAttention: 3000 voxels done Correlation: 0.3054534955163527
Network 2 - dAttention: 5000 voxels done Correlation: 0.3255986035505536
Network 2 - dAttention: 6500 voxels done Correlation: 0.335344307312235
Network 2 - dAttention: 10000 voxels done Correlation: 0.3257715621798146
Network 2 - dAttention: 15000 voxels done Correlation: 0.3353595882092267
/home/fhopp/.conda/envs/mjs/lib/python3.8/site-packages/nilearn/masking.py:980: UserWarning: Data array used to create a new image contains 64-bit ints. This is likely due to creating the array with numpy and passing `int` as the `dtype`. Many tools such as FSL and SPM cannot deal with int64 in Nifti images, so for compatibility the data has been converted to int32.
  return new_img_like(mask_img, unmasked, affine)
Network 3 - vAttention: 50 voxels done Correlation: 0.18798052968413453
Network 3 - vAttention: 150 voxels done Correlation: 0.21672408794800962
Network 3 - vAttention: 250 voxels done Correlation: 0.35233471382143244
Network 3 - vAttention: 500 voxels done Correlation: 0.37191587950898314
Network 3 - vAttention: 750 voxels done Correlation: 0.3278939158153755
Network 3 - vAttention: 1000 voxels done Correlation: 0.35072355102941705
Network 3 - vAttention: 1500 voxels done Correlation: 0.3411128977529577
Network 3 - vAttention: 3000 voxels done Correlation: 0.38707686447132694
Network 3 - vAttention: 5000 voxels done Correlation: 0.38507619192315695
Network 3 - vAttention: 6500 voxels done Correlation: 0.37788467520976854
Network 3 - vAttention: 10000 voxels done Correlation: 0.3886686488851717
Network 3 - vAttention: 15000 voxels done Correlation: 0.38945698626209446
/home/fhopp/.conda/envs/mjs/lib/python3.8/site-packages/nilearn/masking.py:980: UserWarning: Data array used to create a new image contains 64-bit ints. This is likely due to creating the array with numpy and passing `int` as the `dtype`. Many tools such as FSL and SPM cannot deal with int64 in Nifti images, so for compatibility the data has been converted to int32.
  return new_img_like(mask_img, unmasked, affine)
Network 4 - Limbic: 50 voxels done Correlation: 0.14023619583950975
Network 4 - Limbic: 150 voxels done Correlation: 0.18943005284475872
Network 4 - Limbic: 250 voxels done Correlation: 0.2096187865810778
Network 4 - Limbic: 500 voxels done Correlation: 0.3528261122708167
Network 4 - Limbic: 750 voxels done Correlation: 0.25628159752224566
Network 4 - Limbic: 1000 voxels done Correlation: 0.2569632733842263
Network 4 - Limbic: 1500 voxels done Correlation: 0.27620651056478673
Network 4 - Limbic: 3000 voxels done Correlation: 0.28222287996637685
Network 4 - Limbic: 5000 voxels done Correlation: 0.2872908769789647
Network 4 - Limbic: 6500 voxels done Correlation: 0.28074729322339276
Network 4 - Limbic: 10000 voxels done Correlation: 0.28088862739156306
/home/fhopp/.conda/envs/mjs/lib/python3.8/site-packages/nilearn/masking.py:980: UserWarning: Data array used to create a new image contains 64-bit ints. This is likely due to creating the array with numpy and passing `int` as the `dtype`. Many tools such as FSL and SPM cannot deal with int64 in Nifti images, so for compatibility the data has been converted to int32.
  return new_img_like(mask_img, unmasked, affine)
Network 5 - Frontoparietal: 50 voxels done Correlation: 0.1821686820937793
Network 5 - Frontoparietal: 150 voxels done Correlation: 0.23451256630254286
Network 5 - Frontoparietal: 250 voxels done Correlation: 0.15800911550600716
Network 5 - Frontoparietal: 500 voxels done Correlation: 0.255298998021146
Network 5 - Frontoparietal: 750 voxels done Correlation: 0.2590177487339753
Network 5 - Frontoparietal: 1000 voxels done Correlation: 0.23682652306827923
Network 5 - Frontoparietal: 1500 voxels done Correlation: 0.20584993606807006
Network 5 - Frontoparietal: 3000 voxels done Correlation: 0.2188773792444251
Network 5 - Frontoparietal: 5000 voxels done Correlation: 0.23542158583511244
Network 5 - Frontoparietal: 6500 voxels done Correlation: 0.2370205070514934
Network 5 - Frontoparietal: 10000 voxels done Correlation: 0.23664187966885003
Network 5 - Frontoparietal: 15000 voxels done Correlation: 0.24000797325362783
/home/fhopp/.conda/envs/mjs/lib/python3.8/site-packages/nilearn/masking.py:980: UserWarning: Data array used to create a new image contains 64-bit ints. This is likely due to creating the array with numpy and passing `int` as the `dtype`. Many tools such as FSL and SPM cannot deal with int64 in Nifti images, so for compatibility the data has been converted to int32.
  return new_img_like(mask_img, unmasked, affine)
Network 6 - Default Mode: 50 voxels done Correlation: 0.3015821001785456
Network 6 - Default Mode: 150 voxels done Correlation: 0.3299382626193471
Network 6 - Default Mode: 250 voxels done Correlation: 0.3761168363295956
Network 6 - Default Mode: 500 voxels done Correlation: 0.3573162741948852
Network 6 - Default Mode: 750 voxels done Correlation: 0.34254485534680956
Network 6 - Default Mode: 1000 voxels done Correlation: 0.4530593080617213
Network 6 - Default Mode: 1500 voxels done Correlation: 0.37207009624458515
Network 6 - Default Mode: 3000 voxels done Correlation: 0.39265289173039525
Network 6 - Default Mode: 5000 voxels done Correlation: 0.37789709575760966
Network 6 - Default Mode: 6500 voxels done Correlation: 0.4151005394770295
Network 6 - Default Mode: 10000 voxels done Correlation: 0.408672896193898
Network 6 - Default Mode: 15000 voxels done Correlation: 0.4162664498147962
Network 6 - Default Mode: 25000 voxels done Correlation: 0.4082430344052912
/home/fhopp/.conda/envs/mjs/lib/python3.8/site-packages/nilearn/masking.py:980: UserWarning: Data array used to create a new image contains 64-bit ints. This is likely due to creating the array with numpy and passing `int` as the `dtype`. Many tools such as FSL and SPM cannot deal with int64 in Nifti images, so for compatibility the data has been converted to int32.
  return new_img_like(mask_img, unmasked, affine)
Network 7 - Subcortical: 50 voxels done Correlation: 0.23707753970993595
Network 7 - Subcortical: 150 voxels done Correlation: 0.1294345245540265
Network 7 - Subcortical: 250 voxels done Correlation: 0.1633226311535861
Network 7 - Subcortical: 500 voxels done Correlation: 0.2647557835063071
Network 7 - Subcortical: 750 voxels done Correlation: 0.23738657202411448
Network 7 - Subcortical: 1000 voxels done Correlation: 0.2194386705360843
Network 7 - Subcortical: 1500 voxels done Correlation: 0.20771008249129053
Network 7 - Subcortical: 3000 voxels done Correlation: 0.15786416210388168
Network 7 - Subcortical: 5000 voxels done Correlation: 0.16471074010256498
Network 7 - Subcortical: 6500 voxels done Correlation: 0.16215355063298192
Network 7 - Subcortical: 10000 voxels done Correlation: 0.16749165677540967
Network 8 - Consciousness: 50 voxels done Correlation: 0.27316730666006317
Network 8 - Consciousness: 150 voxels done Correlation: 0.21236995627056565
Network 8 - Consciousness: 250 voxels done Correlation: 0.44616091180926654
Network 8 - Consciousness: 500 voxels done Correlation: 0.2843969175298333
Network 8 - Consciousness: 750 voxels done Correlation: 0.32854057870510966
Network 8 - Consciousness: 1000 voxels done Correlation: 0.36308667431112385
Network 8 - Consciousness: 1500 voxels done Correlation: 0.42145042083689
Network 8 - Consciousness: 3000 voxels done Correlation: 0.49065952547994374
Network 8 - Consciousness: 5000 voxels done Correlation: 0.4646746041976558
Network 8 - Consciousness: 6500 voxels done Correlation: 0.45468564782527154
Network 8 - Consciousness: 10000 voxels done Correlation: 0.4689676036583966
Network 8 - Consciousness: 15000 voxels done Correlation: 0.45123661024974426
Network 8 - Consciousness: 25000 voxels done Correlation: 0.4649985709019347
Network 8 - Consciousness: 50000 voxels done Correlation: 0.4646402017240667
