Running job on: wood
Iteration: 917
Starting spatial evaluation...
/home/fhopp/.conda/envs/mjs/lib/python3.8/site-packages/nilearn/maskers/nifti_masker.py:110: UserWarning: imgs are being resampled to the mask_img resolution. This process is memory intensive. You might want to provide a target_affine that is equal to the affine of the imgs or resample the mask beforehand to save memory and computation time.
  warnings.warn(
/home/fhopp/.conda/envs/mjs/lib/python3.8/site-packages/nilearn/masking.py:980: UserWarning: Data array used to create a new image contains 64-bit ints. This is likely due to creating the array with numpy and passing `int` as the `dtype`. Many tools such as FSL and SPM cannot deal with int64 in Nifti images, so for compatibility the data has been converted to int32.
  return new_img_like(mask_img, unmasked, affine)
Network 0 - Visual: 50 voxels done Correlation: 0.6944894716157537
Network 0 - Visual: 150 voxels done Correlation: 0.5461132731686335
Network 0 - Visual: 250 voxels done Correlation: 0.5614227997569763
Network 0 - Visual: 500 voxels done Correlation: 0.589210305378563
Network 0 - Visual: 750 voxels done Correlation: 0.6033414622008173
Network 0 - Visual: 1000 voxels done Correlation: 0.6278766431094951
Network 0 - Visual: 1500 voxels done Correlation: 0.6068763826145693
Network 0 - Visual: 3000 voxels done Correlation: 0.6310673444488595
Network 0 - Visual: 5000 voxels done Correlation: 0.6276212753078714
Network 0 - Visual: 6500 voxels done Correlation: 0.6124400768250134
Network 0 - Visual: 10000 voxels done Correlation: 0.6247576316937847
Network 0 - Visual: 15000 voxels done Correlation: 0.6253481664573344
/home/fhopp/.conda/envs/mjs/lib/python3.8/site-packages/nilearn/masking.py:980: UserWarning: Data array used to create a new image contains 64-bit ints. This is likely due to creating the array with numpy and passing `int` as the `dtype`. Many tools such as FSL and SPM cannot deal with int64 in Nifti images, so for compatibility the data has been converted to int32.
  return new_img_like(mask_img, unmasked, affine)
Network 1 - Somatomotor: 50 voxels done Correlation: 0.1209519353055266
Network 1 - Somatomotor: 150 voxels done Correlation: 0.3172972715592347
Network 1 - Somatomotor: 250 voxels done Correlation: 0.2482488848623386
Network 1 - Somatomotor: 500 voxels done Correlation: 0.3811385527921073
Network 1 - Somatomotor: 750 voxels done Correlation: 0.3383977604590972
Network 1 - Somatomotor: 1000 voxels done Correlation: 0.34535437650657397
Network 1 - Somatomotor: 1500 voxels done Correlation: 0.3425068819638646
Network 1 - Somatomotor: 3000 voxels done Correlation: 0.3260160767017133
Network 1 - Somatomotor: 5000 voxels done Correlation: 0.34001572813506054
Network 1 - Somatomotor: 6500 voxels done Correlation: 0.35566935470964833
Network 1 - Somatomotor: 10000 voxels done Correlation: 0.34106927550079813
Network 1 - Somatomotor: 15000 voxels done Correlation: 0.3439347318557755
/home/fhopp/.conda/envs/mjs/lib/python3.8/site-packages/nilearn/masking.py:980: UserWarning: Data array used to create a new image contains 64-bit ints. This is likely due to creating the array with numpy and passing `int` as the `dtype`. Many tools such as FSL and SPM cannot deal with int64 in Nifti images, so for compatibility the data has been converted to int32.
  return new_img_like(mask_img, unmasked, affine)
Network 2 - dAttention: 50 voxels done Correlation: 0.18128784765801
Network 2 - dAttention: 150 voxels done Correlation: 0.3377872378422076
Network 2 - dAttention: 250 voxels done Correlation: 0.285586937313827
Network 2 - dAttention: 500 voxels done Correlation: 0.2943064805349874
Network 2 - dAttention: 750 voxels done Correlation: 0.34163949645187863
Network 2 - dAttention: 1000 voxels done Correlation: 0.29776134116196085
Network 2 - dAttention: 1500 voxels done Correlation: 0.29477151865429774
Network 2 - dAttention: 3000 voxels done Correlation: 0.341122349686823
Network 2 - dAttention: 5000 voxels done Correlation: 0.31900122673615483
Network 2 - dAttention: 6500 voxels done Correlation: 0.34581244578190445
Network 2 - dAttention: 10000 voxels done Correlation: 0.32891387316290643
Network 2 - dAttention: 15000 voxels done Correlation: 0.33687996506630724
/home/fhopp/.conda/envs/mjs/lib/python3.8/site-packages/nilearn/masking.py:980: UserWarning: Data array used to create a new image contains 64-bit ints. This is likely due to creating the array with numpy and passing `int` as the `dtype`. Many tools such as FSL and SPM cannot deal with int64 in Nifti images, so for compatibility the data has been converted to int32.
  return new_img_like(mask_img, unmasked, affine)
Network 3 - vAttention: 50 voxels done Correlation: 0.20697691536159113
Network 3 - vAttention: 150 voxels done Correlation: 0.32247762996879065
Network 3 - vAttention: 250 voxels done Correlation: 0.23463608016828683
Network 3 - vAttention: 500 voxels done Correlation: 0.3324341111369701
Network 3 - vAttention: 750 voxels done Correlation: 0.311942934993284
Network 3 - vAttention: 1000 voxels done Correlation: 0.3231467520310915
Network 3 - vAttention: 1500 voxels done Correlation: 0.3971274277685748
Network 3 - vAttention: 3000 voxels done Correlation: 0.3364204906206464
Network 3 - vAttention: 5000 voxels done Correlation: 0.3679731789711297
Network 3 - vAttention: 6500 voxels done Correlation: 0.3877094288336307
Network 3 - vAttention: 10000 voxels done Correlation: 0.38587611825957785
Network 3 - vAttention: 15000 voxels done Correlation: 0.38736720494242505
/home/fhopp/.conda/envs/mjs/lib/python3.8/site-packages/nilearn/masking.py:980: UserWarning: Data array used to create a new image contains 64-bit ints. This is likely due to creating the array with numpy and passing `int` as the `dtype`. Many tools such as FSL and SPM cannot deal with int64 in Nifti images, so for compatibility the data has been converted to int32.
  return new_img_like(mask_img, unmasked, affine)
Network 4 - Limbic: 50 voxels done Correlation: 0.16730528884507986
Network 4 - Limbic: 150 voxels done Correlation: 0.20910191403830075
Network 4 - Limbic: 250 voxels done Correlation: 0.23350759642136876
Network 4 - Limbic: 500 voxels done Correlation: 0.30375326100505107
Network 4 - Limbic: 750 voxels done Correlation: 0.30652781215623737
Network 4 - Limbic: 1000 voxels done Correlation: 0.270273121404462
Network 4 - Limbic: 1500 voxels done Correlation: 0.2953684343166284
Network 4 - Limbic: 3000 voxels done Correlation: 0.2706165901188329
Network 4 - Limbic: 5000 voxels done Correlation: 0.2830072048407727
Network 4 - Limbic: 6500 voxels done Correlation: 0.28337928623936526
Network 4 - Limbic: 10000 voxels done Correlation: 0.2824067246069304
/home/fhopp/.conda/envs/mjs/lib/python3.8/site-packages/nilearn/masking.py:980: UserWarning: Data array used to create a new image contains 64-bit ints. This is likely due to creating the array with numpy and passing `int` as the `dtype`. Many tools such as FSL and SPM cannot deal with int64 in Nifti images, so for compatibility the data has been converted to int32.
  return new_img_like(mask_img, unmasked, affine)
Network 5 - Frontoparietal: 50 voxels done Correlation: 0.23628182955729576
Network 5 - Frontoparietal: 150 voxels done Correlation: 0.17774874361132137
Network 5 - Frontoparietal: 250 voxels done Correlation: 0.13268950371373095
Network 5 - Frontoparietal: 500 voxels done Correlation: 0.22440374394183812
Network 5 - Frontoparietal: 750 voxels done Correlation: 0.2623801993619853
Network 5 - Frontoparietal: 1000 voxels done Correlation: 0.2042258144116873
Network 5 - Frontoparietal: 1500 voxels done Correlation: 0.2408222202646147
Network 5 - Frontoparietal: 3000 voxels done Correlation: 0.24531095202651343
Network 5 - Frontoparietal: 5000 voxels done Correlation: 0.2131485468892696
Network 5 - Frontoparietal: 6500 voxels done Correlation: 0.22567127661514325
Network 5 - Frontoparietal: 10000 voxels done Correlation: 0.2441018084295239
Network 5 - Frontoparietal: 15000 voxels done Correlation: 0.23840306987674703
/home/fhopp/.conda/envs/mjs/lib/python3.8/site-packages/nilearn/masking.py:980: UserWarning: Data array used to create a new image contains 64-bit ints. This is likely due to creating the array with numpy and passing `int` as the `dtype`. Many tools such as FSL and SPM cannot deal with int64 in Nifti images, so for compatibility the data has been converted to int32.
  return new_img_like(mask_img, unmasked, affine)
Network 6 - Default Mode: 50 voxels done Correlation: 0.20778318309607527
Network 6 - Default Mode: 150 voxels done Correlation: 0.33740315565619816
Network 6 - Default Mode: 250 voxels done Correlation: 0.3381638486261481
Network 6 - Default Mode: 500 voxels done Correlation: 0.3327579096387151
Network 6 - Default Mode: 750 voxels done Correlation: 0.3752937014548479
Network 6 - Default Mode: 1000 voxels done Correlation: 0.37833508300022056
Network 6 - Default Mode: 1500 voxels done Correlation: 0.3603276869528189
Network 6 - Default Mode: 3000 voxels done Correlation: 0.4231708741738538
Network 6 - Default Mode: 5000 voxels done Correlation: 0.4015426884033225
Network 6 - Default Mode: 6500 voxels done Correlation: 0.3970111034201791
Network 6 - Default Mode: 10000 voxels done Correlation: 0.4091309625140295
Network 6 - Default Mode: 15000 voxels done Correlation: 0.4147913253955585
Network 6 - Default Mode: 25000 voxels done Correlation: 0.40942824291640256
/home/fhopp/.conda/envs/mjs/lib/python3.8/site-packages/nilearn/masking.py:980: UserWarning: Data array used to create a new image contains 64-bit ints. This is likely due to creating the array with numpy and passing `int` as the `dtype`. Many tools such as FSL and SPM cannot deal with int64 in Nifti images, so for compatibility the data has been converted to int32.
  return new_img_like(mask_img, unmasked, affine)
Network 7 - Subcortical: 50 voxels done Correlation: 0.0965264192300472
Network 7 - Subcortical: 150 voxels done Correlation: 0.19934230759220356
Network 7 - Subcortical: 250 voxels done Correlation: 0.17675226731307375
Network 7 - Subcortical: 500 voxels done Correlation: 0.20804080134797318
Network 7 - Subcortical: 750 voxels done Correlation: 0.1980304637742745
Network 7 - Subcortical: 1000 voxels done Correlation: 0.2490401314913031
Network 7 - Subcortical: 1500 voxels done Correlation: 0.21295704787047356
Network 7 - Subcortical: 3000 voxels done Correlation: 0.18430540711228904
Network 7 - Subcortical: 5000 voxels done Correlation: 0.16458265231155716
Network 7 - Subcortical: 6500 voxels done Correlation: 0.16353477621959261
Network 7 - Subcortical: 10000 voxels done Correlation: 0.16433305635110473
Network 8 - Consciousness: 50 voxels done Correlation: 0.24365859731365522
Network 8 - Consciousness: 150 voxels done Correlation: 0.4119788156615374
Network 8 - Consciousness: 250 voxels done Correlation: 0.3740409399103824
Network 8 - Consciousness: 500 voxels done Correlation: 0.3079910252700467
Network 8 - Consciousness: 750 voxels done Correlation: 0.3904355823201306
Network 8 - Consciousness: 1000 voxels done Correlation: 0.36011369751177724
Network 8 - Consciousness: 1500 voxels done Correlation: 0.36550059613726815
Network 8 - Consciousness: 3000 voxels done Correlation: 0.4344452169560026
Network 8 - Consciousness: 5000 voxels done Correlation: 0.4324347771277882
Network 8 - Consciousness: 6500 voxels done Correlation: 0.4849219086331258
Network 8 - Consciousness: 10000 voxels done Correlation: 0.47196941154940997
Network 8 - Consciousness: 15000 voxels done Correlation: 0.47386313125996016
Network 8 - Consciousness: 25000 voxels done Correlation: 0.4712082441222112
Network 8 - Consciousness: 50000 voxels done Correlation: 0.4673281827462682
