Running job on: nash
Iteration: 782
Starting spatial evaluation...
/home/fhopp/.conda/envs/mjs/lib/python3.8/site-packages/nilearn/maskers/nifti_masker.py:110: UserWarning: imgs are being resampled to the mask_img resolution. This process is memory intensive. You might want to provide a target_affine that is equal to the affine of the imgs or resample the mask beforehand to save memory and computation time.
  warnings.warn(
/home/fhopp/.conda/envs/mjs/lib/python3.8/site-packages/nilearn/masking.py:980: UserWarning: Data array used to create a new image contains 64-bit ints. This is likely due to creating the array with numpy and passing `int` as the `dtype`. Many tools such as FSL and SPM cannot deal with int64 in Nifti images, so for compatibility the data has been converted to int32.
  return new_img_like(mask_img, unmasked, affine)
Network 0 - Visual: 50 voxels done Correlation: 0.71138946248264
Network 0 - Visual: 150 voxels done Correlation: 0.7296413243434668
Network 0 - Visual: 250 voxels done Correlation: 0.5149609544269607
Network 0 - Visual: 500 voxels done Correlation: 0.552042209967407
Network 0 - Visual: 750 voxels done Correlation: 0.5828763311187186
Network 0 - Visual: 1000 voxels done Correlation: 0.6127752629540224
Network 0 - Visual: 1500 voxels done Correlation: 0.6087278893543403
Network 0 - Visual: 3000 voxels done Correlation: 0.6346950407013261
Network 0 - Visual: 5000 voxels done Correlation: 0.6298360990057573
Network 0 - Visual: 6500 voxels done Correlation: 0.6222845021046253
Network 0 - Visual: 10000 voxels done Correlation: 0.6230505070080454
Network 0 - Visual: 15000 voxels done Correlation: 0.6243462741526575
/home/fhopp/.conda/envs/mjs/lib/python3.8/site-packages/nilearn/masking.py:980: UserWarning: Data array used to create a new image contains 64-bit ints. This is likely due to creating the array with numpy and passing `int` as the `dtype`. Many tools such as FSL and SPM cannot deal with int64 in Nifti images, so for compatibility the data has been converted to int32.
  return new_img_like(mask_img, unmasked, affine)
Network 1 - Somatomotor: 50 voxels done Correlation: 0.279523350227957
Network 1 - Somatomotor: 150 voxels done Correlation: 0.2995040839491402
Network 1 - Somatomotor: 250 voxels done Correlation: 0.39518122303141723
Network 1 - Somatomotor: 500 voxels done Correlation: 0.32526636440680523
Network 1 - Somatomotor: 750 voxels done Correlation: 0.3593890370528344
Network 1 - Somatomotor: 1000 voxels done Correlation: 0.3593066015989041
Network 1 - Somatomotor: 1500 voxels done Correlation: 0.3509689981016015
Network 1 - Somatomotor: 3000 voxels done Correlation: 0.3392169850793228
Network 1 - Somatomotor: 5000 voxels done Correlation: 0.35403956289492916
Network 1 - Somatomotor: 6500 voxels done Correlation: 0.3321751110602228
Network 1 - Somatomotor: 10000 voxels done Correlation: 0.33570480140638465
Network 1 - Somatomotor: 15000 voxels done Correlation: 0.3442453326125734
/home/fhopp/.conda/envs/mjs/lib/python3.8/site-packages/nilearn/masking.py:980: UserWarning: Data array used to create a new image contains 64-bit ints. This is likely due to creating the array with numpy and passing `int` as the `dtype`. Many tools such as FSL and SPM cannot deal with int64 in Nifti images, so for compatibility the data has been converted to int32.
  return new_img_like(mask_img, unmasked, affine)
Network 2 - dAttention: 50 voxels done Correlation: 0.24004544651842485
Network 2 - dAttention: 150 voxels done Correlation: 0.3612891407046426
Network 2 - dAttention: 250 voxels done Correlation: 0.36303875237330724
Network 2 - dAttention: 500 voxels done Correlation: 0.29284756242980836
Network 2 - dAttention: 750 voxels done Correlation: 0.3131657606249427
Network 2 - dAttention: 1000 voxels done Correlation: 0.30769274323815765
Network 2 - dAttention: 1500 voxels done Correlation: 0.344830563681816
Network 2 - dAttention: 3000 voxels done Correlation: 0.3177585111015637
Network 2 - dAttention: 5000 voxels done Correlation: 0.32712666419284453
Network 2 - dAttention: 6500 voxels done Correlation: 0.35498145351021365
Network 2 - dAttention: 10000 voxels done Correlation: 0.334937292571431
Network 2 - dAttention: 15000 voxels done Correlation: 0.33681587032052407
/home/fhopp/.conda/envs/mjs/lib/python3.8/site-packages/nilearn/masking.py:980: UserWarning: Data array used to create a new image contains 64-bit ints. This is likely due to creating the array with numpy and passing `int` as the `dtype`. Many tools such as FSL and SPM cannot deal with int64 in Nifti images, so for compatibility the data has been converted to int32.
  return new_img_like(mask_img, unmasked, affine)
Network 3 - vAttention: 50 voxels done Correlation: 0.20044562056579437
Network 3 - vAttention: 150 voxels done Correlation: 0.2919396905288498
Network 3 - vAttention: 250 voxels done Correlation: 0.31167871635160205
Network 3 - vAttention: 500 voxels done Correlation: 0.3377113374259498
Network 3 - vAttention: 750 voxels done Correlation: 0.29037237060318666
Network 3 - vAttention: 1000 voxels done Correlation: 0.32539682241018686
Network 3 - vAttention: 1500 voxels done Correlation: 0.357470681128395
Network 3 - vAttention: 3000 voxels done Correlation: 0.36767394530166575
Network 3 - vAttention: 5000 voxels done Correlation: 0.3800885736801356
Network 3 - vAttention: 6500 voxels done Correlation: 0.38482542594234737
Network 3 - vAttention: 10000 voxels done Correlation: 0.4006469337886166
Network 3 - vAttention: 15000 voxels done Correlation: 0.38987818288609155
/home/fhopp/.conda/envs/mjs/lib/python3.8/site-packages/nilearn/masking.py:980: UserWarning: Data array used to create a new image contains 64-bit ints. This is likely due to creating the array with numpy and passing `int` as the `dtype`. Many tools such as FSL and SPM cannot deal with int64 in Nifti images, so for compatibility the data has been converted to int32.
  return new_img_like(mask_img, unmasked, affine)
Network 4 - Limbic: 50 voxels done Correlation: 0.1537486348389524
Network 4 - Limbic: 150 voxels done Correlation: 0.27444532682997125
Network 4 - Limbic: 250 voxels done Correlation: 0.2976000610422132
Network 4 - Limbic: 500 voxels done Correlation: 0.23617483816736112
Network 4 - Limbic: 750 voxels done Correlation: 0.1716461480341659
Network 4 - Limbic: 1000 voxels done Correlation: 0.2684185418503847
Network 4 - Limbic: 1500 voxels done Correlation: 0.27089784232357667
Network 4 - Limbic: 3000 voxels done Correlation: 0.2551058004033876
Network 4 - Limbic: 5000 voxels done Correlation: 0.2811966023675081
Network 4 - Limbic: 6500 voxels done Correlation: 0.273041530900197
Network 4 - Limbic: 10000 voxels done Correlation: 0.28796137953930634
/home/fhopp/.conda/envs/mjs/lib/python3.8/site-packages/nilearn/masking.py:980: UserWarning: Data array used to create a new image contains 64-bit ints. This is likely due to creating the array with numpy and passing `int` as the `dtype`. Many tools such as FSL and SPM cannot deal with int64 in Nifti images, so for compatibility the data has been converted to int32.
  return new_img_like(mask_img, unmasked, affine)
Network 5 - Frontoparietal: 50 voxels done Correlation: 0.12165957701672916
Network 5 - Frontoparietal: 150 voxels done Correlation: 0.29249394061291195
Network 5 - Frontoparietal: 250 voxels done Correlation: 0.2627644011547797
Network 5 - Frontoparietal: 500 voxels done Correlation: 0.1591451740131582
Network 5 - Frontoparietal: 750 voxels done Correlation: 0.22383237257872357
Network 5 - Frontoparietal: 1000 voxels done Correlation: 0.21422541924614552
Network 5 - Frontoparietal: 1500 voxels done Correlation: 0.2114555785548054
Network 5 - Frontoparietal: 3000 voxels done Correlation: 0.26017143767825807
Network 5 - Frontoparietal: 5000 voxels done Correlation: 0.2399528798080619
Network 5 - Frontoparietal: 6500 voxels done Correlation: 0.22415880652978987
Network 5 - Frontoparietal: 10000 voxels done Correlation: 0.2413655110235184
Network 5 - Frontoparietal: 15000 voxels done Correlation: 0.237230018325381
/home/fhopp/.conda/envs/mjs/lib/python3.8/site-packages/nilearn/masking.py:980: UserWarning: Data array used to create a new image contains 64-bit ints. This is likely due to creating the array with numpy and passing `int` as the `dtype`. Many tools such as FSL and SPM cannot deal with int64 in Nifti images, so for compatibility the data has been converted to int32.
  return new_img_like(mask_img, unmasked, affine)
Network 6 - Default Mode: 50 voxels done Correlation: 0.3147694455863217
Network 6 - Default Mode: 150 voxels done Correlation: 0.44323818188769093
Network 6 - Default Mode: 250 voxels done Correlation: 0.34258350673551763
Network 6 - Default Mode: 500 voxels done Correlation: 0.3365963230817811
Network 6 - Default Mode: 750 voxels done Correlation: 0.34672567504531404
Network 6 - Default Mode: 1000 voxels done Correlation: 0.4222742887367844
Network 6 - Default Mode: 1500 voxels done Correlation: 0.3506523110758589
Network 6 - Default Mode: 3000 voxels done Correlation: 0.3896758607338566
Network 6 - Default Mode: 5000 voxels done Correlation: 0.38831079246342365
Network 6 - Default Mode: 6500 voxels done Correlation: 0.400483316348866
Network 6 - Default Mode: 10000 voxels done Correlation: 0.42145258337188574
Network 6 - Default Mode: 15000 voxels done Correlation: 0.41650669137751645
Network 6 - Default Mode: 25000 voxels done Correlation: 0.4049272384768582
/home/fhopp/.conda/envs/mjs/lib/python3.8/site-packages/nilearn/masking.py:980: UserWarning: Data array used to create a new image contains 64-bit ints. This is likely due to creating the array with numpy and passing `int` as the `dtype`. Many tools such as FSL and SPM cannot deal with int64 in Nifti images, so for compatibility the data has been converted to int32.
  return new_img_like(mask_img, unmasked, affine)
Network 7 - Subcortical: 50 voxels done Correlation: 0.22086965534565386
Network 7 - Subcortical: 150 voxels done Correlation: 0.23123733977945019
Network 7 - Subcortical: 250 voxels done Correlation: 0.21305326774907965
Network 7 - Subcortical: 500 voxels done Correlation: 0.21998656476868766
Network 7 - Subcortical: 750 voxels done Correlation: 0.22523676188733624
Network 7 - Subcortical: 1000 voxels done Correlation: 0.24380584495109595
Network 7 - Subcortical: 1500 voxels done Correlation: 0.21899856693443237
Network 7 - Subcortical: 3000 voxels done Correlation: 0.1589163541745041
Network 7 - Subcortical: 5000 voxels done Correlation: 0.17009718086726305
Network 7 - Subcortical: 6500 voxels done Correlation: 0.1593085772658827
Network 7 - Subcortical: 10000 voxels done Correlation: 0.1658111014561161
Network 8 - Consciousness: 50 voxels done Correlation: 0.24840279960822848
Network 8 - Consciousness: 150 voxels done Correlation: 0.2793598280017019
Network 8 - Consciousness: 250 voxels done Correlation: 0.32785415235350784
Network 8 - Consciousness: 500 voxels done Correlation: 0.40837396533525916
Network 8 - Consciousness: 750 voxels done Correlation: 0.38440792673659263
Network 8 - Consciousness: 1000 voxels done Correlation: 0.3990274990353127
Network 8 - Consciousness: 1500 voxels done Correlation: 0.39751278192610306
Network 8 - Consciousness: 3000 voxels done Correlation: 0.41731725617169957
Network 8 - Consciousness: 5000 voxels done Correlation: 0.48920444461978296
Network 8 - Consciousness: 6500 voxels done Correlation: 0.42451035710927343
Network 8 - Consciousness: 10000 voxels done Correlation: 0.4631575917685191
Network 8 - Consciousness: 15000 voxels done Correlation: 0.4594341074435814
Network 8 - Consciousness: 25000 voxels done Correlation: 0.4753693730093258
Network 8 - Consciousness: 50000 voxels done Correlation: 0.46511522491089374
