Running job on: wood
Iteration: 289
Starting spatial evaluation...
/home/fhopp/.conda/envs/mjs/lib/python3.8/site-packages/nilearn/maskers/nifti_masker.py:110: UserWarning: imgs are being resampled to the mask_img resolution. This process is memory intensive. You might want to provide a target_affine that is equal to the affine of the imgs or resample the mask beforehand to save memory and computation time.
  warnings.warn(
/home/fhopp/.conda/envs/mjs/lib/python3.8/site-packages/nilearn/masking.py:980: UserWarning: Data array used to create a new image contains 64-bit ints. This is likely due to creating the array with numpy and passing `int` as the `dtype`. Many tools such as FSL and SPM cannot deal with int64 in Nifti images, so for compatibility the data has been converted to int32.
  return new_img_like(mask_img, unmasked, affine)
Network 0 - Visual: 50 voxels done Correlation: 0.6103672226019448
Network 0 - Visual: 150 voxels done Correlation: 0.5349770659864481
Network 0 - Visual: 250 voxels done Correlation: 0.6228202686808484
Network 0 - Visual: 500 voxels done Correlation: 0.5457074065330229
Network 0 - Visual: 750 voxels done Correlation: 0.6104950183060155
Network 0 - Visual: 1000 voxels done Correlation: 0.6040535638649642
Network 0 - Visual: 1500 voxels done Correlation: 0.6107515523045604
Network 0 - Visual: 3000 voxels done Correlation: 0.621992356895749
Network 0 - Visual: 5000 voxels done Correlation: 0.6052357577554248
Network 0 - Visual: 6500 voxels done Correlation: 0.6254837656133039
Network 0 - Visual: 10000 voxels done Correlation: 0.6300976466859145
Network 0 - Visual: 15000 voxels done Correlation: 0.6310193739471409
/home/fhopp/.conda/envs/mjs/lib/python3.8/site-packages/nilearn/masking.py:980: UserWarning: Data array used to create a new image contains 64-bit ints. This is likely due to creating the array with numpy and passing `int` as the `dtype`. Many tools such as FSL and SPM cannot deal with int64 in Nifti images, so for compatibility the data has been converted to int32.
  return new_img_like(mask_img, unmasked, affine)
Network 1 - Somatomotor: 50 voxels done Correlation: 0.19344582446892503
Network 1 - Somatomotor: 150 voxels done Correlation: 0.2998318478308958
Network 1 - Somatomotor: 250 voxels done Correlation: 0.3551388383336164
Network 1 - Somatomotor: 500 voxels done Correlation: 0.3711663280163218
Network 1 - Somatomotor: 750 voxels done Correlation: 0.3463626262496344
Network 1 - Somatomotor: 1000 voxels done Correlation: 0.3162942955172357
Network 1 - Somatomotor: 1500 voxels done Correlation: 0.3400170534577609
Network 1 - Somatomotor: 3000 voxels done Correlation: 0.3272252825567027
Network 1 - Somatomotor: 5000 voxels done Correlation: 0.3396724617816734
Network 1 - Somatomotor: 6500 voxels done Correlation: 0.3318285750512536
Network 1 - Somatomotor: 10000 voxels done Correlation: 0.34861325787576614
Network 1 - Somatomotor: 15000 voxels done Correlation: 0.34548993856595045
/home/fhopp/.conda/envs/mjs/lib/python3.8/site-packages/nilearn/masking.py:980: UserWarning: Data array used to create a new image contains 64-bit ints. This is likely due to creating the array with numpy and passing `int` as the `dtype`. Many tools such as FSL and SPM cannot deal with int64 in Nifti images, so for compatibility the data has been converted to int32.
  return new_img_like(mask_img, unmasked, affine)
Network 2 - dAttention: 50 voxels done Correlation: 0.23186296111395593
Network 2 - dAttention: 150 voxels done Correlation: 0.3294162982180597
Network 2 - dAttention: 250 voxels done Correlation: 0.3400526776934132
Network 2 - dAttention: 500 voxels done Correlation: 0.2697429252886744
Network 2 - dAttention: 750 voxels done Correlation: 0.29869010550444597
Network 2 - dAttention: 1000 voxels done Correlation: 0.30922806541964537
Network 2 - dAttention: 1500 voxels done Correlation: 0.3659002342423565
Network 2 - dAttention: 3000 voxels done Correlation: 0.30795150115175507
Network 2 - dAttention: 5000 voxels done Correlation: 0.3198977973331398
Network 2 - dAttention: 6500 voxels done Correlation: 0.33168794546221103
Network 2 - dAttention: 10000 voxels done Correlation: 0.33054781351732726
Network 2 - dAttention: 15000 voxels done Correlation: 0.3290417038440016
/home/fhopp/.conda/envs/mjs/lib/python3.8/site-packages/nilearn/masking.py:980: UserWarning: Data array used to create a new image contains 64-bit ints. This is likely due to creating the array with numpy and passing `int` as the `dtype`. Many tools such as FSL and SPM cannot deal with int64 in Nifti images, so for compatibility the data has been converted to int32.
  return new_img_like(mask_img, unmasked, affine)
Network 3 - vAttention: 50 voxels done Correlation: 0.1563495903550168
Network 3 - vAttention: 150 voxels done Correlation: 0.33131416200082775
Network 3 - vAttention: 250 voxels done Correlation: 0.3038999598051191
Network 3 - vAttention: 500 voxels done Correlation: 0.2864725137049896
Network 3 - vAttention: 750 voxels done Correlation: 0.3708776772045463
Network 3 - vAttention: 1000 voxels done Correlation: 0.3136186174113615
Network 3 - vAttention: 1500 voxels done Correlation: 0.40153286051283116
Network 3 - vAttention: 3000 voxels done Correlation: 0.37416475394508536
Network 3 - vAttention: 5000 voxels done Correlation: 0.4078321889681192
Network 3 - vAttention: 6500 voxels done Correlation: 0.39032923997461777
Network 3 - vAttention: 10000 voxels done Correlation: 0.3859307657275979
Network 3 - vAttention: 15000 voxels done Correlation: 0.3879266128068667
/home/fhopp/.conda/envs/mjs/lib/python3.8/site-packages/nilearn/masking.py:980: UserWarning: Data array used to create a new image contains 64-bit ints. This is likely due to creating the array with numpy and passing `int` as the `dtype`. Many tools such as FSL and SPM cannot deal with int64 in Nifti images, so for compatibility the data has been converted to int32.
  return new_img_like(mask_img, unmasked, affine)
Network 4 - Limbic: 50 voxels done Correlation: 0.23646205801343995
Network 4 - Limbic: 150 voxels done Correlation: 0.2558337832071268
Network 4 - Limbic: 250 voxels done Correlation: 0.30667590641704456
Network 4 - Limbic: 500 voxels done Correlation: 0.2108788671408789
Network 4 - Limbic: 750 voxels done Correlation: 0.2846936538510557
Network 4 - Limbic: 1000 voxels done Correlation: 0.2655739468200363
Network 4 - Limbic: 1500 voxels done Correlation: 0.27597018191462774
Network 4 - Limbic: 3000 voxels done Correlation: 0.28532946182806856
Network 4 - Limbic: 5000 voxels done Correlation: 0.2914268456943808
Network 4 - Limbic: 6500 voxels done Correlation: 0.29738692033394454
Network 4 - Limbic: 10000 voxels done Correlation: 0.27945925571611463
/home/fhopp/.conda/envs/mjs/lib/python3.8/site-packages/nilearn/masking.py:980: UserWarning: Data array used to create a new image contains 64-bit ints. This is likely due to creating the array with numpy and passing `int` as the `dtype`. Many tools such as FSL and SPM cannot deal with int64 in Nifti images, so for compatibility the data has been converted to int32.
  return new_img_like(mask_img, unmasked, affine)
Network 5 - Frontoparietal: 50 voxels done Correlation: 0.09838005230127807
Network 5 - Frontoparietal: 150 voxels done Correlation: 0.18070288552858313
Network 5 - Frontoparietal: 250 voxels done Correlation: 0.19320051555700773
Network 5 - Frontoparietal: 500 voxels done Correlation: 0.2509731856732405
Network 5 - Frontoparietal: 750 voxels done Correlation: 0.18776636564324556
Network 5 - Frontoparietal: 1000 voxels done Correlation: 0.26572322933225156
Network 5 - Frontoparietal: 1500 voxels done Correlation: 0.20731172183666352
Network 5 - Frontoparietal: 3000 voxels done Correlation: 0.2300340033779733
Network 5 - Frontoparietal: 5000 voxels done Correlation: 0.20633989821832283
Network 5 - Frontoparietal: 6500 voxels done Correlation: 0.24434759284334062
Network 5 - Frontoparietal: 10000 voxels done Correlation: 0.23653634911493182
Network 5 - Frontoparietal: 15000 voxels done Correlation: 0.23746579178213367
/home/fhopp/.conda/envs/mjs/lib/python3.8/site-packages/nilearn/masking.py:980: UserWarning: Data array used to create a new image contains 64-bit ints. This is likely due to creating the array with numpy and passing `int` as the `dtype`. Many tools such as FSL and SPM cannot deal with int64 in Nifti images, so for compatibility the data has been converted to int32.
  return new_img_like(mask_img, unmasked, affine)
Network 6 - Default Mode: 50 voxels done Correlation: 0.18111173874513298
Network 6 - Default Mode: 150 voxels done Correlation: 0.30655986068496077
Network 6 - Default Mode: 250 voxels done Correlation: 0.38596466969344845
Network 6 - Default Mode: 500 voxels done Correlation: 0.3287241747835203
Network 6 - Default Mode: 750 voxels done Correlation: 0.41311632418471755
Network 6 - Default Mode: 1000 voxels done Correlation: 0.39404261864915774
Network 6 - Default Mode: 1500 voxels done Correlation: 0.41209400311067457
Network 6 - Default Mode: 3000 voxels done Correlation: 0.3964323773197721
Network 6 - Default Mode: 5000 voxels done Correlation: 0.3890473988656138
Network 6 - Default Mode: 6500 voxels done Correlation: 0.3748391858959747
Network 6 - Default Mode: 10000 voxels done Correlation: 0.4048920725971056
Network 6 - Default Mode: 15000 voxels done Correlation: 0.39779414020894965
Network 6 - Default Mode: 25000 voxels done Correlation: 0.4075296946082179
/home/fhopp/.conda/envs/mjs/lib/python3.8/site-packages/nilearn/masking.py:980: UserWarning: Data array used to create a new image contains 64-bit ints. This is likely due to creating the array with numpy and passing `int` as the `dtype`. Many tools such as FSL and SPM cannot deal with int64 in Nifti images, so for compatibility the data has been converted to int32.
  return new_img_like(mask_img, unmasked, affine)
Network 7 - Subcortical: 50 voxels done Correlation: 0.11253986552017828
Network 7 - Subcortical: 150 voxels done Correlation: 0.19993945244667938
Network 7 - Subcortical: 250 voxels done Correlation: 0.24879453537583643
Network 7 - Subcortical: 500 voxels done Correlation: 0.2519805397314996
Network 7 - Subcortical: 750 voxels done Correlation: 0.22412158864532244
Network 7 - Subcortical: 1000 voxels done Correlation: 0.1792414209646605
Network 7 - Subcortical: 1500 voxels done Correlation: 0.21971121448962383
Network 7 - Subcortical: 3000 voxels done Correlation: 0.20247049227056757
Network 7 - Subcortical: 5000 voxels done Correlation: 0.15633227923965454
Network 7 - Subcortical: 6500 voxels done Correlation: 0.16822700592559764
Network 7 - Subcortical: 10000 voxels done Correlation: 0.16199392281813738
Network 8 - Consciousness: 50 voxels done Correlation: 0.2530426694054203
Network 8 - Consciousness: 150 voxels done Correlation: 0.42914517238004024
Network 8 - Consciousness: 250 voxels done Correlation: 0.29994547507586294
Network 8 - Consciousness: 500 voxels done Correlation: 0.37508544885075024
Network 8 - Consciousness: 750 voxels done Correlation: 0.36818324481065784
Network 8 - Consciousness: 1000 voxels done Correlation: 0.39564289657471885
Network 8 - Consciousness: 1500 voxels done Correlation: 0.4227565020501711
Network 8 - Consciousness: 3000 voxels done Correlation: 0.44831561158433186
Network 8 - Consciousness: 5000 voxels done Correlation: 0.4644440782785799
Network 8 - Consciousness: 6500 voxels done Correlation: 0.451461323593161
Network 8 - Consciousness: 10000 voxels done Correlation: 0.46948534725670577
Network 8 - Consciousness: 15000 voxels done Correlation: 0.470060153630553
Network 8 - Consciousness: 25000 voxels done Correlation: 0.4594372421840316
Network 8 - Consciousness: 50000 voxels done Correlation: 0.46630351029052464
