Running job on: ada
Iteration: 695
Starting spatial evaluation...
/home/fhopp/.conda/envs/mjs/lib/python3.8/site-packages/nilearn/maskers/nifti_masker.py:110: UserWarning: imgs are being resampled to the mask_img resolution. This process is memory intensive. You might want to provide a target_affine that is equal to the affine of the imgs or resample the mask beforehand to save memory and computation time.
  warnings.warn(
/home/fhopp/.conda/envs/mjs/lib/python3.8/site-packages/nilearn/masking.py:980: UserWarning: Data array used to create a new image contains 64-bit ints. This is likely due to creating the array with numpy and passing `int` as the `dtype`. Many tools such as FSL and SPM cannot deal with int64 in Nifti images, so for compatibility the data has been converted to int32.
  return new_img_like(mask_img, unmasked, affine)
Network 0 - Visual: 50 voxels done Correlation: 0.6453067809086048
Network 0 - Visual: 150 voxels done Correlation: 0.6331303885782034
Network 0 - Visual: 250 voxels done Correlation: 0.5854991296029224
Network 0 - Visual: 500 voxels done Correlation: 0.6099916040367692
Network 0 - Visual: 750 voxels done Correlation: 0.5715912007422455
Network 0 - Visual: 1000 voxels done Correlation: 0.5991298803562711
Network 0 - Visual: 1500 voxels done Correlation: 0.5997110343078049
Network 0 - Visual: 3000 voxels done Correlation: 0.6230987376943888
Network 0 - Visual: 5000 voxels done Correlation: 0.6144208293407083
Network 0 - Visual: 6500 voxels done Correlation: 0.624611483078509
Network 0 - Visual: 10000 voxels done Correlation: 0.6322008780089154
Network 0 - Visual: 15000 voxels done Correlation: 0.6257228703424063
/home/fhopp/.conda/envs/mjs/lib/python3.8/site-packages/nilearn/masking.py:980: UserWarning: Data array used to create a new image contains 64-bit ints. This is likely due to creating the array with numpy and passing `int` as the `dtype`. Many tools such as FSL and SPM cannot deal with int64 in Nifti images, so for compatibility the data has been converted to int32.
  return new_img_like(mask_img, unmasked, affine)
Network 1 - Somatomotor: 50 voxels done Correlation: 0.13692409072247297
Network 1 - Somatomotor: 150 voxels done Correlation: 0.3419573887041878
Network 1 - Somatomotor: 250 voxels done Correlation: 0.3894715576658981
Network 1 - Somatomotor: 500 voxels done Correlation: 0.32155191505265435
Network 1 - Somatomotor: 750 voxels done Correlation: 0.3448589160861444
Network 1 - Somatomotor: 1000 voxels done Correlation: 0.3608497675619693
Network 1 - Somatomotor: 1500 voxels done Correlation: 0.32727473069928037
Network 1 - Somatomotor: 3000 voxels done Correlation: 0.3246091128621825
Network 1 - Somatomotor: 5000 voxels done Correlation: 0.33962081966675395
Network 1 - Somatomotor: 6500 voxels done Correlation: 0.3464629068408533
Network 1 - Somatomotor: 10000 voxels done Correlation: 0.3438453225755337
Network 1 - Somatomotor: 15000 voxels done Correlation: 0.3451991582198851
/home/fhopp/.conda/envs/mjs/lib/python3.8/site-packages/nilearn/masking.py:980: UserWarning: Data array used to create a new image contains 64-bit ints. This is likely due to creating the array with numpy and passing `int` as the `dtype`. Many tools such as FSL and SPM cannot deal with int64 in Nifti images, so for compatibility the data has been converted to int32.
  return new_img_like(mask_img, unmasked, affine)
Network 2 - dAttention: 50 voxels done Correlation: 0.26968836564287063
Network 2 - dAttention: 150 voxels done Correlation: 0.3143731314598072
Network 2 - dAttention: 250 voxels done Correlation: 0.3326728050075826
Network 2 - dAttention: 500 voxels done Correlation: 0.3576980726028809
Network 2 - dAttention: 750 voxels done Correlation: 0.2863552976771164
Network 2 - dAttention: 1000 voxels done Correlation: 0.3624218771420893
Network 2 - dAttention: 1500 voxels done Correlation: 0.2961478049202214
Network 2 - dAttention: 3000 voxels done Correlation: 0.32575332588975303
Network 2 - dAttention: 5000 voxels done Correlation: 0.3167205081916805
Network 2 - dAttention: 6500 voxels done Correlation: 0.32704807769174116
Network 2 - dAttention: 10000 voxels done Correlation: 0.33022256999751015
Network 2 - dAttention: 15000 voxels done Correlation: 0.3342421523215455
/home/fhopp/.conda/envs/mjs/lib/python3.8/site-packages/nilearn/masking.py:980: UserWarning: Data array used to create a new image contains 64-bit ints. This is likely due to creating the array with numpy and passing `int` as the `dtype`. Many tools such as FSL and SPM cannot deal with int64 in Nifti images, so for compatibility the data has been converted to int32.
  return new_img_like(mask_img, unmasked, affine)
Network 3 - vAttention: 50 voxels done Correlation: 0.24810302509879867
Network 3 - vAttention: 150 voxels done Correlation: 0.32756225487807566
Network 3 - vAttention: 250 voxels done Correlation: 0.33301260092994417
Network 3 - vAttention: 500 voxels done Correlation: 0.30575336269176323
Network 3 - vAttention: 750 voxels done Correlation: 0.3260850168507132
Network 3 - vAttention: 1000 voxels done Correlation: 0.3302862353664542
Network 3 - vAttention: 1500 voxels done Correlation: 0.32114394902996696
Network 3 - vAttention: 3000 voxels done Correlation: 0.38980705078142364
Network 3 - vAttention: 5000 voxels done Correlation: 0.3986486760928779
Network 3 - vAttention: 6500 voxels done Correlation: 0.3842639881573028
Network 3 - vAttention: 10000 voxels done Correlation: 0.3895150007336632
Network 3 - vAttention: 15000 voxels done Correlation: 0.3893719611944432
/home/fhopp/.conda/envs/mjs/lib/python3.8/site-packages/nilearn/masking.py:980: UserWarning: Data array used to create a new image contains 64-bit ints. This is likely due to creating the array with numpy and passing `int` as the `dtype`. Many tools such as FSL and SPM cannot deal with int64 in Nifti images, so for compatibility the data has been converted to int32.
  return new_img_like(mask_img, unmasked, affine)
Network 4 - Limbic: 50 voxels done Correlation: 0.21517729370651428
Network 4 - Limbic: 150 voxels done Correlation: 0.19709175032016213
Network 4 - Limbic: 250 voxels done Correlation: 0.2258931070609833
Network 4 - Limbic: 500 voxels done Correlation: 0.26269286858961177
Network 4 - Limbic: 750 voxels done Correlation: 0.2402510385497567
Network 4 - Limbic: 1000 voxels done Correlation: 0.25091403322224215
Network 4 - Limbic: 1500 voxels done Correlation: 0.2895544398182153
Network 4 - Limbic: 3000 voxels done Correlation: 0.2457743846860141
Network 4 - Limbic: 5000 voxels done Correlation: 0.2510070949004157
Network 4 - Limbic: 6500 voxels done Correlation: 0.27304687097193714
Network 4 - Limbic: 10000 voxels done Correlation: 0.290998922719629
/home/fhopp/.conda/envs/mjs/lib/python3.8/site-packages/nilearn/masking.py:980: UserWarning: Data array used to create a new image contains 64-bit ints. This is likely due to creating the array with numpy and passing `int` as the `dtype`. Many tools such as FSL and SPM cannot deal with int64 in Nifti images, so for compatibility the data has been converted to int32.
  return new_img_like(mask_img, unmasked, affine)
Network 5 - Frontoparietal: 50 voxels done Correlation: 0.16124970414714304
Network 5 - Frontoparietal: 150 voxels done Correlation: 0.21692419803992735
Network 5 - Frontoparietal: 250 voxels done Correlation: 0.22247603211176908
Network 5 - Frontoparietal: 500 voxels done Correlation: 0.20272164189766148
Network 5 - Frontoparietal: 750 voxels done Correlation: 0.23792698943618917
Network 5 - Frontoparietal: 1000 voxels done Correlation: 0.2271911467653029
Network 5 - Frontoparietal: 1500 voxels done Correlation: 0.25460419486497404
Network 5 - Frontoparietal: 3000 voxels done Correlation: 0.26644300346965216
Network 5 - Frontoparietal: 5000 voxels done Correlation: 0.22552587037603772
Network 5 - Frontoparietal: 6500 voxels done Correlation: 0.24464541072335294
Network 5 - Frontoparietal: 10000 voxels done Correlation: 0.24320000209419418
Network 5 - Frontoparietal: 15000 voxels done Correlation: 0.24166675499859527
/home/fhopp/.conda/envs/mjs/lib/python3.8/site-packages/nilearn/masking.py:980: UserWarning: Data array used to create a new image contains 64-bit ints. This is likely due to creating the array with numpy and passing `int` as the `dtype`. Many tools such as FSL and SPM cannot deal with int64 in Nifti images, so for compatibility the data has been converted to int32.
  return new_img_like(mask_img, unmasked, affine)
Network 6 - Default Mode: 50 voxels done Correlation: 0.26734460656708264
Network 6 - Default Mode: 150 voxels done Correlation: 0.24191832379612496
Network 6 - Default Mode: 250 voxels done Correlation: 0.3565810944324558
Network 6 - Default Mode: 500 voxels done Correlation: 0.27940347259399556
Network 6 - Default Mode: 750 voxels done Correlation: 0.3650860827610486
Network 6 - Default Mode: 1000 voxels done Correlation: 0.2688111262057412
Network 6 - Default Mode: 1500 voxels done Correlation: 0.370905532640614
Network 6 - Default Mode: 3000 voxels done Correlation: 0.3944288716140492
Network 6 - Default Mode: 5000 voxels done Correlation: 0.38188191017956563
Network 6 - Default Mode: 6500 voxels done Correlation: 0.3977467391911038
Network 6 - Default Mode: 10000 voxels done Correlation: 0.42075194198502763
Network 6 - Default Mode: 15000 voxels done Correlation: 0.4011769600034356
Network 6 - Default Mode: 25000 voxels done Correlation: 0.40652119878654547
/home/fhopp/.conda/envs/mjs/lib/python3.8/site-packages/nilearn/masking.py:980: UserWarning: Data array used to create a new image contains 64-bit ints. This is likely due to creating the array with numpy and passing `int` as the `dtype`. Many tools such as FSL and SPM cannot deal with int64 in Nifti images, so for compatibility the data has been converted to int32.
  return new_img_like(mask_img, unmasked, affine)
Network 7 - Subcortical: 50 voxels done Correlation: 0.16707565925048007
Network 7 - Subcortical: 150 voxels done Correlation: 0.1236000608999247
Network 7 - Subcortical: 250 voxels done Correlation: 0.20589368075499279
Network 7 - Subcortical: 500 voxels done Correlation: 0.17821287753021756
Network 7 - Subcortical: 750 voxels done Correlation: 0.24232919349102927
Network 7 - Subcortical: 1000 voxels done Correlation: 0.2463055856141565
Network 7 - Subcortical: 1500 voxels done Correlation: 0.22650407761869595
Network 7 - Subcortical: 3000 voxels done Correlation: 0.17497024458229068
Network 7 - Subcortical: 5000 voxels done Correlation: 0.1628919902101647
Network 7 - Subcortical: 6500 voxels done Correlation: 0.15363531573906614
Network 7 - Subcortical: 10000 voxels done Correlation: 0.16949675892030747
Network 8 - Consciousness: 50 voxels done Correlation: 0.3301620102943533
Network 8 - Consciousness: 150 voxels done Correlation: 0.24321880494151507
Network 8 - Consciousness: 250 voxels done Correlation: 0.4210347677590493
Network 8 - Consciousness: 500 voxels done Correlation: 0.3721204413311354
Network 8 - Consciousness: 750 voxels done Correlation: 0.41070229118812385
Network 8 - Consciousness: 1000 voxels done Correlation: 0.3751175191784115
Network 8 - Consciousness: 1500 voxels done Correlation: 0.4199039571388729
Network 8 - Consciousness: 3000 voxels done Correlation: 0.45584253566350424
Network 8 - Consciousness: 5000 voxels done Correlation: 0.4379494118465772
Network 8 - Consciousness: 6500 voxels done Correlation: 0.44365368506294167
Network 8 - Consciousness: 10000 voxels done Correlation: 0.4518112928705198
Network 8 - Consciousness: 15000 voxels done Correlation: 0.44998271134203643
Network 8 - Consciousness: 25000 voxels done Correlation: 0.4567137768409274
Network 8 - Consciousness: 50000 voxels done Correlation: 0.46654520670345345
