Running job on: wood
Iteration: 413
Starting spatial evaluation...
/home/fhopp/.conda/envs/mjs/lib/python3.8/site-packages/nilearn/maskers/nifti_masker.py:110: UserWarning: imgs are being resampled to the mask_img resolution. This process is memory intensive. You might want to provide a target_affine that is equal to the affine of the imgs or resample the mask beforehand to save memory and computation time.
  warnings.warn(
/home/fhopp/.conda/envs/mjs/lib/python3.8/site-packages/nilearn/masking.py:980: UserWarning: Data array used to create a new image contains 64-bit ints. This is likely due to creating the array with numpy and passing `int` as the `dtype`. Many tools such as FSL and SPM cannot deal with int64 in Nifti images, so for compatibility the data has been converted to int32.
  return new_img_like(mask_img, unmasked, affine)
Network 0 - Visual: 50 voxels done Correlation: 0.5384392871227477
Network 0 - Visual: 150 voxels done Correlation: 0.6423896024011075
Network 0 - Visual: 250 voxels done Correlation: 0.6642149102522483
Network 0 - Visual: 500 voxels done Correlation: 0.6091426142367202
Network 0 - Visual: 750 voxels done Correlation: 0.5872666299708338
Network 0 - Visual: 1000 voxels done Correlation: 0.5930559439163239
Network 0 - Visual: 1500 voxels done Correlation: 0.611847523593079
Network 0 - Visual: 3000 voxels done Correlation: 0.6080221993554024
Network 0 - Visual: 5000 voxels done Correlation: 0.6245428948939836
Network 0 - Visual: 6500 voxels done Correlation: 0.6381145137582631
Network 0 - Visual: 10000 voxels done Correlation: 0.6299550543183834
Network 0 - Visual: 15000 voxels done Correlation: 0.6322846880645295
/home/fhopp/.conda/envs/mjs/lib/python3.8/site-packages/nilearn/masking.py:980: UserWarning: Data array used to create a new image contains 64-bit ints. This is likely due to creating the array with numpy and passing `int` as the `dtype`. Many tools such as FSL and SPM cannot deal with int64 in Nifti images, so for compatibility the data has been converted to int32.
  return new_img_like(mask_img, unmasked, affine)
Network 1 - Somatomotor: 50 voxels done Correlation: 0.10687899674587338
Network 1 - Somatomotor: 150 voxels done Correlation: 0.3411870657708226
Network 1 - Somatomotor: 250 voxels done Correlation: 0.2062286789072775
Network 1 - Somatomotor: 500 voxels done Correlation: 0.35584047157146687
Network 1 - Somatomotor: 750 voxels done Correlation: 0.3270636743096659
Network 1 - Somatomotor: 1000 voxels done Correlation: 0.3402224731523018
Network 1 - Somatomotor: 1500 voxels done Correlation: 0.32590990809776216
Network 1 - Somatomotor: 3000 voxels done Correlation: 0.33623686857274293
Network 1 - Somatomotor: 5000 voxels done Correlation: 0.342912506361186
Network 1 - Somatomotor: 6500 voxels done Correlation: 0.34765725020433114
Network 1 - Somatomotor: 10000 voxels done Correlation: 0.338500459813832
Network 1 - Somatomotor: 15000 voxels done Correlation: 0.34461289644451587
/home/fhopp/.conda/envs/mjs/lib/python3.8/site-packages/nilearn/masking.py:980: UserWarning: Data array used to create a new image contains 64-bit ints. This is likely due to creating the array with numpy and passing `int` as the `dtype`. Many tools such as FSL and SPM cannot deal with int64 in Nifti images, so for compatibility the data has been converted to int32.
  return new_img_like(mask_img, unmasked, affine)
Network 2 - dAttention: 50 voxels done Correlation: 0.18442726810265717
Network 2 - dAttention: 150 voxels done Correlation: 0.3812998266005022
Network 2 - dAttention: 250 voxels done Correlation: 0.2964094425802605
Network 2 - dAttention: 500 voxels done Correlation: 0.2877942363981014
Network 2 - dAttention: 750 voxels done Correlation: 0.3586322517656433
Network 2 - dAttention: 1000 voxels done Correlation: 0.30765554455854505
Network 2 - dAttention: 1500 voxels done Correlation: 0.2758806460947589
Network 2 - dAttention: 3000 voxels done Correlation: 0.3251331395195409
Network 2 - dAttention: 5000 voxels done Correlation: 0.3388447505535878
Network 2 - dAttention: 6500 voxels done Correlation: 0.36005096797295477
Network 2 - dAttention: 10000 voxels done Correlation: 0.3300706676104092
Network 2 - dAttention: 15000 voxels done Correlation: 0.33558746376172155
/home/fhopp/.conda/envs/mjs/lib/python3.8/site-packages/nilearn/masking.py:980: UserWarning: Data array used to create a new image contains 64-bit ints. This is likely due to creating the array with numpy and passing `int` as the `dtype`. Many tools such as FSL and SPM cannot deal with int64 in Nifti images, so for compatibility the data has been converted to int32.
  return new_img_like(mask_img, unmasked, affine)
Network 3 - vAttention: 50 voxels done Correlation: 0.17968090350287236
Network 3 - vAttention: 150 voxels done Correlation: 0.35237558161069954
Network 3 - vAttention: 250 voxels done Correlation: 0.32078338738195555
Network 3 - vAttention: 500 voxels done Correlation: 0.286275396837114
Network 3 - vAttention: 750 voxels done Correlation: 0.30775963019635366
Network 3 - vAttention: 1000 voxels done Correlation: 0.3381420939408143
Network 3 - vAttention: 1500 voxels done Correlation: 0.32584244847573784
Network 3 - vAttention: 3000 voxels done Correlation: 0.3645124711675779
Network 3 - vAttention: 5000 voxels done Correlation: 0.3900982299186152
Network 3 - vAttention: 6500 voxels done Correlation: 0.3843751337031035
Network 3 - vAttention: 10000 voxels done Correlation: 0.38355189624206076
Network 3 - vAttention: 15000 voxels done Correlation: 0.389252255186185
/home/fhopp/.conda/envs/mjs/lib/python3.8/site-packages/nilearn/masking.py:980: UserWarning: Data array used to create a new image contains 64-bit ints. This is likely due to creating the array with numpy and passing `int` as the `dtype`. Many tools such as FSL and SPM cannot deal with int64 in Nifti images, so for compatibility the data has been converted to int32.
  return new_img_like(mask_img, unmasked, affine)
Network 4 - Limbic: 50 voxels done Correlation: 0.21411291735859736
Network 4 - Limbic: 150 voxels done Correlation: 0.2079769566877825
Network 4 - Limbic: 250 voxels done Correlation: 0.2744433223704139
Network 4 - Limbic: 500 voxels done Correlation: 0.24439741853919994
Network 4 - Limbic: 750 voxels done Correlation: 0.2543972018698582
Network 4 - Limbic: 1000 voxels done Correlation: 0.29698441926237107
Network 4 - Limbic: 1500 voxels done Correlation: 0.299784230364859
Network 4 - Limbic: 3000 voxels done Correlation: 0.27399234602100664
Network 4 - Limbic: 5000 voxels done Correlation: 0.28714835029058455
Network 4 - Limbic: 6500 voxels done Correlation: 0.27553124572914867
Network 4 - Limbic: 10000 voxels done Correlation: 0.28688218891425216
/home/fhopp/.conda/envs/mjs/lib/python3.8/site-packages/nilearn/masking.py:980: UserWarning: Data array used to create a new image contains 64-bit ints. This is likely due to creating the array with numpy and passing `int` as the `dtype`. Many tools such as FSL and SPM cannot deal with int64 in Nifti images, so for compatibility the data has been converted to int32.
  return new_img_like(mask_img, unmasked, affine)
Network 5 - Frontoparietal: 50 voxels done Correlation: 0.20455904906201886
Network 5 - Frontoparietal: 150 voxels done Correlation: 0.1234730671923284
Network 5 - Frontoparietal: 250 voxels done Correlation: 0.19506030224639348
Network 5 - Frontoparietal: 500 voxels done Correlation: 0.21296293638849556
Network 5 - Frontoparietal: 750 voxels done Correlation: 0.21208933156354123
Network 5 - Frontoparietal: 1000 voxels done Correlation: 0.2612455426973718
Network 5 - Frontoparietal: 1500 voxels done Correlation: 0.22448344248753344
Network 5 - Frontoparietal: 3000 voxels done Correlation: 0.210677263714716
Network 5 - Frontoparietal: 5000 voxels done Correlation: 0.22064778815405
Network 5 - Frontoparietal: 6500 voxels done Correlation: 0.24936543706634495
Network 5 - Frontoparietal: 10000 voxels done Correlation: 0.2405152224619318
Network 5 - Frontoparietal: 15000 voxels done Correlation: 0.23734790160504216
/home/fhopp/.conda/envs/mjs/lib/python3.8/site-packages/nilearn/masking.py:980: UserWarning: Data array used to create a new image contains 64-bit ints. This is likely due to creating the array with numpy and passing `int` as the `dtype`. Many tools such as FSL and SPM cannot deal with int64 in Nifti images, so for compatibility the data has been converted to int32.
  return new_img_like(mask_img, unmasked, affine)
Network 6 - Default Mode: 50 voxels done Correlation: 0.26521446467902576
Network 6 - Default Mode: 150 voxels done Correlation: 0.2741194613206954
Network 6 - Default Mode: 250 voxels done Correlation: 0.27833102089824646
Network 6 - Default Mode: 500 voxels done Correlation: 0.4008456555060871
Network 6 - Default Mode: 750 voxels done Correlation: 0.37658103013178823
Network 6 - Default Mode: 1000 voxels done Correlation: 0.27326421170067056
Network 6 - Default Mode: 1500 voxels done Correlation: 0.38751878692495917
Network 6 - Default Mode: 3000 voxels done Correlation: 0.3800771828935269
Network 6 - Default Mode: 5000 voxels done Correlation: 0.3818063929418417
Network 6 - Default Mode: 6500 voxels done Correlation: 0.40655955870174176
Network 6 - Default Mode: 10000 voxels done Correlation: 0.41234781950527916
Network 6 - Default Mode: 15000 voxels done Correlation: 0.4054220793506352
Network 6 - Default Mode: 25000 voxels done Correlation: 0.41121978790984953
/home/fhopp/.conda/envs/mjs/lib/python3.8/site-packages/nilearn/masking.py:980: UserWarning: Data array used to create a new image contains 64-bit ints. This is likely due to creating the array with numpy and passing `int` as the `dtype`. Many tools such as FSL and SPM cannot deal with int64 in Nifti images, so for compatibility the data has been converted to int32.
  return new_img_like(mask_img, unmasked, affine)
Network 7 - Subcortical: 50 voxels done Correlation: 0.09149314335597478
Network 7 - Subcortical: 150 voxels done Correlation: 0.11027107310360525
Network 7 - Subcortical: 250 voxels done Correlation: 0.16095144991245952
Network 7 - Subcortical: 500 voxels done Correlation: 0.18539713165504212
Network 7 - Subcortical: 750 voxels done Correlation: 0.19738756138207425
Network 7 - Subcortical: 1000 voxels done Correlation: 0.23142028518307223
Network 7 - Subcortical: 1500 voxels done Correlation: 0.21173929710646466
Network 7 - Subcortical: 3000 voxels done Correlation: 0.17472373835721036
Network 7 - Subcortical: 5000 voxels done Correlation: 0.16836384570238402
Network 7 - Subcortical: 6500 voxels done Correlation: 0.16901268458812763
Network 7 - Subcortical: 10000 voxels done Correlation: 0.16647296080954016
Network 8 - Consciousness: 50 voxels done Correlation: 0.19962590653293028
Network 8 - Consciousness: 150 voxels done Correlation: 0.31940648604212507
Network 8 - Consciousness: 250 voxels done Correlation: 0.38698075693309064
Network 8 - Consciousness: 500 voxels done Correlation: 0.3098731898467194
Network 8 - Consciousness: 750 voxels done Correlation: 0.4105890411599977
Network 8 - Consciousness: 1000 voxels done Correlation: 0.45233584871373844
Network 8 - Consciousness: 1500 voxels done Correlation: 0.4559128657377857
Network 8 - Consciousness: 3000 voxels done Correlation: 0.45571956747059994
Network 8 - Consciousness: 5000 voxels done Correlation: 0.41896868419946376
Network 8 - Consciousness: 6500 voxels done Correlation: 0.4567897039326968
Network 8 - Consciousness: 10000 voxels done Correlation: 0.44355664084737834
Network 8 - Consciousness: 15000 voxels done Correlation: 0.4647471119835219
Network 8 - Consciousness: 25000 voxels done Correlation: 0.46040257786640104
Network 8 - Consciousness: 50000 voxels done Correlation: 0.4641457687653041
