Running job on: wood
Iteration: 740
Starting spatial evaluation...
/home/fhopp/.conda/envs/mjs/lib/python3.8/site-packages/nilearn/maskers/nifti_masker.py:110: UserWarning: imgs are being resampled to the mask_img resolution. This process is memory intensive. You might want to provide a target_affine that is equal to the affine of the imgs or resample the mask beforehand to save memory and computation time.
  warnings.warn(
/home/fhopp/.conda/envs/mjs/lib/python3.8/site-packages/nilearn/masking.py:980: UserWarning: Data array used to create a new image contains 64-bit ints. This is likely due to creating the array with numpy and passing `int` as the `dtype`. Many tools such as FSL and SPM cannot deal with int64 in Nifti images, so for compatibility the data has been converted to int32.
  return new_img_like(mask_img, unmasked, affine)
Network 0 - Visual: 50 voxels done Correlation: 0.629496348506839
Network 0 - Visual: 150 voxels done Correlation: 0.6355737111493063
Network 0 - Visual: 250 voxels done Correlation: 0.5716095837515014
Network 0 - Visual: 500 voxels done Correlation: 0.6117092449413759
Network 0 - Visual: 750 voxels done Correlation: 0.6024474704739302
Network 0 - Visual: 1000 voxels done Correlation: 0.6217086276381627
Network 0 - Visual: 1500 voxels done Correlation: 0.6342549673240597
Network 0 - Visual: 3000 voxels done Correlation: 0.60887583621831
Network 0 - Visual: 5000 voxels done Correlation: 0.6091537904414777
Network 0 - Visual: 6500 voxels done Correlation: 0.6214374163504195
Network 0 - Visual: 10000 voxels done Correlation: 0.6366641627626686
Network 0 - Visual: 15000 voxels done Correlation: 0.6341732045780696
/home/fhopp/.conda/envs/mjs/lib/python3.8/site-packages/nilearn/masking.py:980: UserWarning: Data array used to create a new image contains 64-bit ints. This is likely due to creating the array with numpy and passing `int` as the `dtype`. Many tools such as FSL and SPM cannot deal with int64 in Nifti images, so for compatibility the data has been converted to int32.
  return new_img_like(mask_img, unmasked, affine)
Network 1 - Somatomotor: 50 voxels done Correlation: 0.16524234768354784
Network 1 - Somatomotor: 150 voxels done Correlation: 0.2011527076002027
Network 1 - Somatomotor: 250 voxels done Correlation: 0.3386570783811967
Network 1 - Somatomotor: 500 voxels done Correlation: 0.37568791540726776
Network 1 - Somatomotor: 750 voxels done Correlation: 0.32104562584265717
Network 1 - Somatomotor: 1000 voxels done Correlation: 0.3542502584119297
Network 1 - Somatomotor: 1500 voxels done Correlation: 0.30699057626205706
Network 1 - Somatomotor: 3000 voxels done Correlation: 0.35225394283338984
Network 1 - Somatomotor: 5000 voxels done Correlation: 0.3474842745893104
Network 1 - Somatomotor: 6500 voxels done Correlation: 0.3300658514917797
Network 1 - Somatomotor: 10000 voxels done Correlation: 0.3470579309882164
Network 1 - Somatomotor: 15000 voxels done Correlation: 0.3456572874375042
/home/fhopp/.conda/envs/mjs/lib/python3.8/site-packages/nilearn/masking.py:980: UserWarning: Data array used to create a new image contains 64-bit ints. This is likely due to creating the array with numpy and passing `int` as the `dtype`. Many tools such as FSL and SPM cannot deal with int64 in Nifti images, so for compatibility the data has been converted to int32.
  return new_img_like(mask_img, unmasked, affine)
Network 2 - dAttention: 50 voxels done Correlation: 0.3303269057996288
Network 2 - dAttention: 150 voxels done Correlation: 0.31415388272052597
Network 2 - dAttention: 250 voxels done Correlation: 0.33499105633964144
Network 2 - dAttention: 500 voxels done Correlation: 0.30313669457814607
Network 2 - dAttention: 750 voxels done Correlation: 0.3443602461902433
Network 2 - dAttention: 1000 voxels done Correlation: 0.3635108969691321
Network 2 - dAttention: 1500 voxels done Correlation: 0.29935714935216307
Network 2 - dAttention: 3000 voxels done Correlation: 0.31227956871340157
Network 2 - dAttention: 5000 voxels done Correlation: 0.313586978874551
Network 2 - dAttention: 6500 voxels done Correlation: 0.3451825741804673
Network 2 - dAttention: 10000 voxels done Correlation: 0.3410052401969503
Network 2 - dAttention: 15000 voxels done Correlation: 0.3347684802903708
/home/fhopp/.conda/envs/mjs/lib/python3.8/site-packages/nilearn/masking.py:980: UserWarning: Data array used to create a new image contains 64-bit ints. This is likely due to creating the array with numpy and passing `int` as the `dtype`. Many tools such as FSL and SPM cannot deal with int64 in Nifti images, so for compatibility the data has been converted to int32.
  return new_img_like(mask_img, unmasked, affine)
Network 3 - vAttention: 50 voxels done Correlation: 0.17805313810880213
Network 3 - vAttention: 150 voxels done Correlation: 0.253320267445738
Network 3 - vAttention: 250 voxels done Correlation: 0.30648435319294354
Network 3 - vAttention: 500 voxels done Correlation: 0.3285494662859475
Network 3 - vAttention: 750 voxels done Correlation: 0.4170450365192294
Network 3 - vAttention: 1000 voxels done Correlation: 0.3110413047077013
Network 3 - vAttention: 1500 voxels done Correlation: 0.3490403938842963
Network 3 - vAttention: 3000 voxels done Correlation: 0.3654321899573476
Network 3 - vAttention: 5000 voxels done Correlation: 0.3718190539192253
Network 3 - vAttention: 6500 voxels done Correlation: 0.37880429945392335
Network 3 - vAttention: 10000 voxels done Correlation: 0.38077432422982005
Network 3 - vAttention: 15000 voxels done Correlation: 0.3888076023467949
/home/fhopp/.conda/envs/mjs/lib/python3.8/site-packages/nilearn/masking.py:980: UserWarning: Data array used to create a new image contains 64-bit ints. This is likely due to creating the array with numpy and passing `int` as the `dtype`. Many tools such as FSL and SPM cannot deal with int64 in Nifti images, so for compatibility the data has been converted to int32.
  return new_img_like(mask_img, unmasked, affine)
Network 4 - Limbic: 50 voxels done Correlation: 0.08148261522822889
Network 4 - Limbic: 150 voxels done Correlation: 0.2149998778057827
Network 4 - Limbic: 250 voxels done Correlation: 0.26603459734548324
Network 4 - Limbic: 500 voxels done Correlation: 0.23652493703361843
Network 4 - Limbic: 750 voxels done Correlation: 0.2795690267723365
Network 4 - Limbic: 1000 voxels done Correlation: 0.2702407153540296
Network 4 - Limbic: 1500 voxels done Correlation: 0.2722359607503523
Network 4 - Limbic: 3000 voxels done Correlation: 0.2866329572743277
Network 4 - Limbic: 5000 voxels done Correlation: 0.2672955107262489
Network 4 - Limbic: 6500 voxels done Correlation: 0.2760664173712073
Network 4 - Limbic: 10000 voxels done Correlation: 0.2822035467610049
/home/fhopp/.conda/envs/mjs/lib/python3.8/site-packages/nilearn/masking.py:980: UserWarning: Data array used to create a new image contains 64-bit ints. This is likely due to creating the array with numpy and passing `int` as the `dtype`. Many tools such as FSL and SPM cannot deal with int64 in Nifti images, so for compatibility the data has been converted to int32.
  return new_img_like(mask_img, unmasked, affine)
Network 5 - Frontoparietal: 50 voxels done Correlation: 0.16255975745471032
Network 5 - Frontoparietal: 150 voxels done Correlation: 0.2628237665736225
Network 5 - Frontoparietal: 250 voxels done Correlation: 0.22419332988223245
Network 5 - Frontoparietal: 500 voxels done Correlation: 0.21288264734786647
Network 5 - Frontoparietal: 750 voxels done Correlation: 0.18602416131879912
Network 5 - Frontoparietal: 1000 voxels done Correlation: 0.21735290549641312
Network 5 - Frontoparietal: 1500 voxels done Correlation: 0.24050679448946877
Network 5 - Frontoparietal: 3000 voxels done Correlation: 0.2220447166063546
Network 5 - Frontoparietal: 5000 voxels done Correlation: 0.23247041676966806
Network 5 - Frontoparietal: 6500 voxels done Correlation: 0.21653531452726316
Network 5 - Frontoparietal: 10000 voxels done Correlation: 0.2390206885854113
Network 5 - Frontoparietal: 15000 voxels done Correlation: 0.24000500669924207
/home/fhopp/.conda/envs/mjs/lib/python3.8/site-packages/nilearn/masking.py:980: UserWarning: Data array used to create a new image contains 64-bit ints. This is likely due to creating the array with numpy and passing `int` as the `dtype`. Many tools such as FSL and SPM cannot deal with int64 in Nifti images, so for compatibility the data has been converted to int32.
  return new_img_like(mask_img, unmasked, affine)
Network 6 - Default Mode: 50 voxels done Correlation: 0.23091600611959234
Network 6 - Default Mode: 150 voxels done Correlation: 0.39442552674155285
Network 6 - Default Mode: 250 voxels done Correlation: 0.3083529035278739
Network 6 - Default Mode: 500 voxels done Correlation: 0.37816361072313054
Network 6 - Default Mode: 750 voxels done Correlation: 0.3381782856761154
Network 6 - Default Mode: 1000 voxels done Correlation: 0.37655052025234725
Network 6 - Default Mode: 1500 voxels done Correlation: 0.408784581037948
Network 6 - Default Mode: 3000 voxels done Correlation: 0.4019442775929459
Network 6 - Default Mode: 5000 voxels done Correlation: 0.4031127784555987
Network 6 - Default Mode: 6500 voxels done Correlation: 0.4116810867301681
Network 6 - Default Mode: 10000 voxels done Correlation: 0.40414776809868624
Network 6 - Default Mode: 15000 voxels done Correlation: 0.4094444408628619
Network 6 - Default Mode: 25000 voxels done Correlation: 0.40752817853717316
/home/fhopp/.conda/envs/mjs/lib/python3.8/site-packages/nilearn/masking.py:980: UserWarning: Data array used to create a new image contains 64-bit ints. This is likely due to creating the array with numpy and passing `int` as the `dtype`. Many tools such as FSL and SPM cannot deal with int64 in Nifti images, so for compatibility the data has been converted to int32.
  return new_img_like(mask_img, unmasked, affine)
Network 7 - Subcortical: 50 voxels done Correlation: 0.11982969302031124
Network 7 - Subcortical: 150 voxels done Correlation: 0.08159476349222464
Network 7 - Subcortical: 250 voxels done Correlation: 0.27559727217937796
Network 7 - Subcortical: 500 voxels done Correlation: 0.2087009339666802
Network 7 - Subcortical: 750 voxels done Correlation: 0.22606277887321063
Network 7 - Subcortical: 1000 voxels done Correlation: 0.2880125120431599
Network 7 - Subcortical: 1500 voxels done Correlation: 0.18030577335795514
Network 7 - Subcortical: 3000 voxels done Correlation: 0.17169242558659703
Network 7 - Subcortical: 5000 voxels done Correlation: 0.17707567380519124
Network 7 - Subcortical: 6500 voxels done Correlation: 0.16845442350785594
Network 7 - Subcortical: 10000 voxels done Correlation: 0.17004416923115867
Network 8 - Consciousness: 50 voxels done Correlation: 0.15532543095343715
Network 8 - Consciousness: 150 voxels done Correlation: 0.30893708388990015
Network 8 - Consciousness: 250 voxels done Correlation: 0.32516100247908974
Network 8 - Consciousness: 500 voxels done Correlation: 0.39662038953387624
Network 8 - Consciousness: 750 voxels done Correlation: 0.3911719433289248
Network 8 - Consciousness: 1000 voxels done Correlation: 0.3429566420184531
Network 8 - Consciousness: 1500 voxels done Correlation: 0.4313148581271059
Network 8 - Consciousness: 3000 voxels done Correlation: 0.46172450723912145
Network 8 - Consciousness: 5000 voxels done Correlation: 0.4560868329271619
Network 8 - Consciousness: 6500 voxels done Correlation: 0.48580309549040884
Network 8 - Consciousness: 10000 voxels done Correlation: 0.4504934535538002
Network 8 - Consciousness: 15000 voxels done Correlation: 0.45994734800509735
Network 8 - Consciousness: 25000 voxels done Correlation: 0.47264869250616437
Network 8 - Consciousness: 50000 voxels done Correlation: 0.46718099364068966
