Running job on: nash
Iteration: 137
Starting spatial evaluation...
/home/fhopp/.conda/envs/mjs/lib/python3.8/site-packages/nilearn/maskers/nifti_masker.py:110: UserWarning: imgs are being resampled to the mask_img resolution. This process is memory intensive. You might want to provide a target_affine that is equal to the affine of the imgs or resample the mask beforehand to save memory and computation time.
  warnings.warn(
/home/fhopp/.conda/envs/mjs/lib/python3.8/site-packages/nilearn/masking.py:980: UserWarning: Data array used to create a new image contains 64-bit ints. This is likely due to creating the array with numpy and passing `int` as the `dtype`. Many tools such as FSL and SPM cannot deal with int64 in Nifti images, so for compatibility the data has been converted to int32.
  return new_img_like(mask_img, unmasked, affine)
Network 0 - Visual: 50 voxels done Correlation: 0.6018620061241139
Network 0 - Visual: 150 voxels done Correlation: 0.6015086472024305
Network 0 - Visual: 250 voxels done Correlation: 0.6400146360905715
Network 0 - Visual: 500 voxels done Correlation: 0.5700653656945726
Network 0 - Visual: 750 voxels done Correlation: 0.6180311227335096
Network 0 - Visual: 1000 voxels done Correlation: 0.6151869559414189
Network 0 - Visual: 1500 voxels done Correlation: 0.5967021609211971
Network 0 - Visual: 3000 voxels done Correlation: 0.6029566095125983
Network 0 - Visual: 5000 voxels done Correlation: 0.644249101231197
Network 0 - Visual: 6500 voxels done Correlation: 0.6289990744513628
Network 0 - Visual: 10000 voxels done Correlation: 0.6272804291034767
Network 0 - Visual: 15000 voxels done Correlation: 0.6305282014894147
/home/fhopp/.conda/envs/mjs/lib/python3.8/site-packages/nilearn/masking.py:980: UserWarning: Data array used to create a new image contains 64-bit ints. This is likely due to creating the array with numpy and passing `int` as the `dtype`. Many tools such as FSL and SPM cannot deal with int64 in Nifti images, so for compatibility the data has been converted to int32.
  return new_img_like(mask_img, unmasked, affine)
Network 1 - Somatomotor: 50 voxels done Correlation: 0.45668913327006444
Network 1 - Somatomotor: 150 voxels done Correlation: 0.2755124922524911
Network 1 - Somatomotor: 250 voxels done Correlation: 0.3915951805093978
Network 1 - Somatomotor: 500 voxels done Correlation: 0.3939524154478801
Network 1 - Somatomotor: 750 voxels done Correlation: 0.2731933400827599
Network 1 - Somatomotor: 1000 voxels done Correlation: 0.34156964341931184
Network 1 - Somatomotor: 1500 voxels done Correlation: 0.3122102455416443
Network 1 - Somatomotor: 3000 voxels done Correlation: 0.334310104376213
Network 1 - Somatomotor: 5000 voxels done Correlation: 0.345113689099206
Network 1 - Somatomotor: 6500 voxels done Correlation: 0.34442264417489504
Network 1 - Somatomotor: 10000 voxels done Correlation: 0.3427581791869426
Network 1 - Somatomotor: 15000 voxels done Correlation: 0.34197579963875113
/home/fhopp/.conda/envs/mjs/lib/python3.8/site-packages/nilearn/masking.py:980: UserWarning: Data array used to create a new image contains 64-bit ints. This is likely due to creating the array with numpy and passing `int` as the `dtype`. Many tools such as FSL and SPM cannot deal with int64 in Nifti images, so for compatibility the data has been converted to int32.
  return new_img_like(mask_img, unmasked, affine)
Network 2 - dAttention: 50 voxels done Correlation: 0.30606819499210947
Network 2 - dAttention: 150 voxels done Correlation: 0.2279787415686556
Network 2 - dAttention: 250 voxels done Correlation: 0.2585330643117587
Network 2 - dAttention: 500 voxels done Correlation: 0.2796597105968879
Network 2 - dAttention: 750 voxels done Correlation: 0.26623416663495814
Network 2 - dAttention: 1000 voxels done Correlation: 0.3008098901126714
Network 2 - dAttention: 1500 voxels done Correlation: 0.3223409139223171
Network 2 - dAttention: 3000 voxels done Correlation: 0.31149652447601484
Network 2 - dAttention: 5000 voxels done Correlation: 0.35809642831175736
Network 2 - dAttention: 6500 voxels done Correlation: 0.33786899735681736
Network 2 - dAttention: 10000 voxels done Correlation: 0.3228780838436235
Network 2 - dAttention: 15000 voxels done Correlation: 0.3332940343404541
/home/fhopp/.conda/envs/mjs/lib/python3.8/site-packages/nilearn/masking.py:980: UserWarning: Data array used to create a new image contains 64-bit ints. This is likely due to creating the array with numpy and passing `int` as the `dtype`. Many tools such as FSL and SPM cannot deal with int64 in Nifti images, so for compatibility the data has been converted to int32.
  return new_img_like(mask_img, unmasked, affine)
Network 3 - vAttention: 50 voxels done Correlation: 0.23396728102811176
Network 3 - vAttention: 150 voxels done Correlation: 0.3412123022547089
Network 3 - vAttention: 250 voxels done Correlation: 0.3267530882841777
Network 3 - vAttention: 500 voxels done Correlation: 0.3253507035192361
Network 3 - vAttention: 750 voxels done Correlation: 0.32969891857108874
Network 3 - vAttention: 1000 voxels done Correlation: 0.3736638233306501
Network 3 - vAttention: 1500 voxels done Correlation: 0.36454957826481765
Network 3 - vAttention: 3000 voxels done Correlation: 0.39425963409010806
Network 3 - vAttention: 5000 voxels done Correlation: 0.3845217986586903
Network 3 - vAttention: 6500 voxels done Correlation: 0.39589151560102387
Network 3 - vAttention: 10000 voxels done Correlation: 0.382505567239288
Network 3 - vAttention: 15000 voxels done Correlation: 0.3891917395601858
/home/fhopp/.conda/envs/mjs/lib/python3.8/site-packages/nilearn/masking.py:980: UserWarning: Data array used to create a new image contains 64-bit ints. This is likely due to creating the array with numpy and passing `int` as the `dtype`. Many tools such as FSL and SPM cannot deal with int64 in Nifti images, so for compatibility the data has been converted to int32.
  return new_img_like(mask_img, unmasked, affine)
Network 4 - Limbic: 50 voxels done Correlation: 0.3289139225685531
Network 4 - Limbic: 150 voxels done Correlation: 0.28666291803131316
Network 4 - Limbic: 250 voxels done Correlation: 0.28174577780205545
Network 4 - Limbic: 500 voxels done Correlation: 0.31920606408605423
Network 4 - Limbic: 750 voxels done Correlation: 0.31039865915579434
Network 4 - Limbic: 1000 voxels done Correlation: 0.27529123399189004
Network 4 - Limbic: 1500 voxels done Correlation: 0.2610217677373458
Network 4 - Limbic: 3000 voxels done Correlation: 0.2768558957413112
Network 4 - Limbic: 5000 voxels done Correlation: 0.29724812522395083
Network 4 - Limbic: 6500 voxels done Correlation: 0.27605609916304663
Network 4 - Limbic: 10000 voxels done Correlation: 0.2868369494474773
/home/fhopp/.conda/envs/mjs/lib/python3.8/site-packages/nilearn/masking.py:980: UserWarning: Data array used to create a new image contains 64-bit ints. This is likely due to creating the array with numpy and passing `int` as the `dtype`. Many tools such as FSL and SPM cannot deal with int64 in Nifti images, so for compatibility the data has been converted to int32.
  return new_img_like(mask_img, unmasked, affine)
Network 5 - Frontoparietal: 50 voxels done Correlation: 0.11416653074081348
Network 5 - Frontoparietal: 150 voxels done Correlation: 0.19637762284457488
Network 5 - Frontoparietal: 250 voxels done Correlation: 0.31095710985129854
Network 5 - Frontoparietal: 500 voxels done Correlation: 0.17656264118730358
Network 5 - Frontoparietal: 750 voxels done Correlation: 0.2539293628448749
Network 5 - Frontoparietal: 1000 voxels done Correlation: 0.24790731507671604
Network 5 - Frontoparietal: 1500 voxels done Correlation: 0.20840300577167448
Network 5 - Frontoparietal: 3000 voxels done Correlation: 0.2004270376366935
Network 5 - Frontoparietal: 5000 voxels done Correlation: 0.23510164645613682
Network 5 - Frontoparietal: 6500 voxels done Correlation: 0.21100438432994137
Network 5 - Frontoparietal: 10000 voxels done Correlation: 0.25290563722525733
Network 5 - Frontoparietal: 15000 voxels done Correlation: 0.2391212050775837
/home/fhopp/.conda/envs/mjs/lib/python3.8/site-packages/nilearn/masking.py:980: UserWarning: Data array used to create a new image contains 64-bit ints. This is likely due to creating the array with numpy and passing `int` as the `dtype`. Many tools such as FSL and SPM cannot deal with int64 in Nifti images, so for compatibility the data has been converted to int32.
  return new_img_like(mask_img, unmasked, affine)
Network 6 - Default Mode: 50 voxels done Correlation: 0.2205142970623608
Network 6 - Default Mode: 150 voxels done Correlation: 0.3631548118413378
Network 6 - Default Mode: 250 voxels done Correlation: 0.4186992106521323
Network 6 - Default Mode: 500 voxels done Correlation: 0.3322295331043766
Network 6 - Default Mode: 750 voxels done Correlation: 0.4075183339015209
Network 6 - Default Mode: 1000 voxels done Correlation: 0.3321889815590006
Network 6 - Default Mode: 1500 voxels done Correlation: 0.388720140871583
Network 6 - Default Mode: 3000 voxels done Correlation: 0.4154741312585163
Network 6 - Default Mode: 5000 voxels done Correlation: 0.4198072095957385
Network 6 - Default Mode: 6500 voxels done Correlation: 0.41589053905199735
Network 6 - Default Mode: 10000 voxels done Correlation: 0.41973505898945795
Network 6 - Default Mode: 15000 voxels done Correlation: 0.41012077705809447
Network 6 - Default Mode: 25000 voxels done Correlation: 0.41179610223944063
/home/fhopp/.conda/envs/mjs/lib/python3.8/site-packages/nilearn/masking.py:980: UserWarning: Data array used to create a new image contains 64-bit ints. This is likely due to creating the array with numpy and passing `int` as the `dtype`. Many tools such as FSL and SPM cannot deal with int64 in Nifti images, so for compatibility the data has been converted to int32.
  return new_img_like(mask_img, unmasked, affine)
Network 7 - Subcortical: 50 voxels done Correlation: 0.18191240484750956
Network 7 - Subcortical: 150 voxels done Correlation: 0.17151555371898208
Network 7 - Subcortical: 250 voxels done Correlation: 0.17045995448143358
Network 7 - Subcortical: 500 voxels done Correlation: 0.22015460380234309
Network 7 - Subcortical: 750 voxels done Correlation: 0.270396761094636
Network 7 - Subcortical: 1000 voxels done Correlation: 0.17708393129164834
Network 7 - Subcortical: 1500 voxels done Correlation: 0.23659656461312908
Network 7 - Subcortical: 3000 voxels done Correlation: 0.1683277535420137
Network 7 - Subcortical: 5000 voxels done Correlation: 0.15347631935770292
Network 7 - Subcortical: 6500 voxels done Correlation: 0.1759319269734096
Network 7 - Subcortical: 10000 voxels done Correlation: 0.16872583621108234
Network 8 - Consciousness: 50 voxels done Correlation: 0.29248931661143207
Network 8 - Consciousness: 150 voxels done Correlation: 0.357754807123962
Network 8 - Consciousness: 250 voxels done Correlation: 0.3749536193825016
Network 8 - Consciousness: 500 voxels done Correlation: 0.37818627432645635
Network 8 - Consciousness: 750 voxels done Correlation: 0.2988780676595405
Network 8 - Consciousness: 1000 voxels done Correlation: 0.41301783584666396
Network 8 - Consciousness: 1500 voxels done Correlation: 0.3952239946300519
Network 8 - Consciousness: 3000 voxels done Correlation: 0.4163404360089169
Network 8 - Consciousness: 5000 voxels done Correlation: 0.4461716306980885
Network 8 - Consciousness: 6500 voxels done Correlation: 0.4243906758346504
Network 8 - Consciousness: 10000 voxels done Correlation: 0.4504457679399002
Network 8 - Consciousness: 15000 voxels done Correlation: 0.4595694939143176
Network 8 - Consciousness: 25000 voxels done Correlation: 0.45940020999142744
Network 8 - Consciousness: 50000 voxels done Correlation: 0.4649162369807376
