Running job on: ada
Iteration: 625
Starting spatial evaluation...
/home/fhopp/.conda/envs/mjs/lib/python3.8/site-packages/nilearn/maskers/nifti_masker.py:110: UserWarning: imgs are being resampled to the mask_img resolution. This process is memory intensive. You might want to provide a target_affine that is equal to the affine of the imgs or resample the mask beforehand to save memory and computation time.
  warnings.warn(
/home/fhopp/.conda/envs/mjs/lib/python3.8/site-packages/nilearn/masking.py:980: UserWarning: Data array used to create a new image contains 64-bit ints. This is likely due to creating the array with numpy and passing `int` as the `dtype`. Many tools such as FSL and SPM cannot deal with int64 in Nifti images, so for compatibility the data has been converted to int32.
  return new_img_like(mask_img, unmasked, affine)
Network 0 - Visual: 50 voxels done Correlation: 0.6321648979575112
Network 0 - Visual: 150 voxels done Correlation: 0.6002054106896846
Network 0 - Visual: 250 voxels done Correlation: 0.6088622948795559
Network 0 - Visual: 500 voxels done Correlation: 0.5428544765380576
Network 0 - Visual: 750 voxels done Correlation: 0.5594856521507865
Network 0 - Visual: 1000 voxels done Correlation: 0.5717354563805235
Network 0 - Visual: 1500 voxels done Correlation: 0.6447989472101971
Network 0 - Visual: 3000 voxels done Correlation: 0.6147863080268734
Network 0 - Visual: 5000 voxels done Correlation: 0.6212363062680162
Network 0 - Visual: 6500 voxels done Correlation: 0.6189301998020995
Network 0 - Visual: 10000 voxels done Correlation: 0.6300345398174623
Network 0 - Visual: 15000 voxels done Correlation: 0.6286081960556036
/home/fhopp/.conda/envs/mjs/lib/python3.8/site-packages/nilearn/masking.py:980: UserWarning: Data array used to create a new image contains 64-bit ints. This is likely due to creating the array with numpy and passing `int` as the `dtype`. Many tools such as FSL and SPM cannot deal with int64 in Nifti images, so for compatibility the data has been converted to int32.
  return new_img_like(mask_img, unmasked, affine)
Network 1 - Somatomotor: 50 voxels done Correlation: 0.2247070035125272
Network 1 - Somatomotor: 150 voxels done Correlation: 0.3506424924521464
Network 1 - Somatomotor: 250 voxels done Correlation: 0.3039138577233941
Network 1 - Somatomotor: 500 voxels done Correlation: 0.3677613058433047
Network 1 - Somatomotor: 750 voxels done Correlation: 0.3698428937392001
Network 1 - Somatomotor: 1000 voxels done Correlation: 0.37171205470714674
Network 1 - Somatomotor: 1500 voxels done Correlation: 0.3721384581250359
Network 1 - Somatomotor: 3000 voxels done Correlation: 0.3776308186399825
Network 1 - Somatomotor: 5000 voxels done Correlation: 0.3325075846953608
Network 1 - Somatomotor: 6500 voxels done Correlation: 0.3489405898700111
Network 1 - Somatomotor: 10000 voxels done Correlation: 0.3396432632516004
Network 1 - Somatomotor: 15000 voxels done Correlation: 0.34696468636159705
/home/fhopp/.conda/envs/mjs/lib/python3.8/site-packages/nilearn/masking.py:980: UserWarning: Data array used to create a new image contains 64-bit ints. This is likely due to creating the array with numpy and passing `int` as the `dtype`. Many tools such as FSL and SPM cannot deal with int64 in Nifti images, so for compatibility the data has been converted to int32.
  return new_img_like(mask_img, unmasked, affine)
Network 2 - dAttention: 50 voxels done Correlation: 0.21087136150168678
Network 2 - dAttention: 150 voxels done Correlation: 0.22474416827897248
Network 2 - dAttention: 250 voxels done Correlation: 0.3515750865959602
Network 2 - dAttention: 500 voxels done Correlation: 0.34591219365398923
Network 2 - dAttention: 750 voxels done Correlation: 0.22791849420124355
Network 2 - dAttention: 1000 voxels done Correlation: 0.30501340681660427
Network 2 - dAttention: 1500 voxels done Correlation: 0.29461625544298276
Network 2 - dAttention: 3000 voxels done Correlation: 0.32780414674037117
Network 2 - dAttention: 5000 voxels done Correlation: 0.32428457833628505
Network 2 - dAttention: 6500 voxels done Correlation: 0.3211280675881406
Network 2 - dAttention: 10000 voxels done Correlation: 0.33548191385704573
Network 2 - dAttention: 15000 voxels done Correlation: 0.3366121964604419
/home/fhopp/.conda/envs/mjs/lib/python3.8/site-packages/nilearn/masking.py:980: UserWarning: Data array used to create a new image contains 64-bit ints. This is likely due to creating the array with numpy and passing `int` as the `dtype`. Many tools such as FSL and SPM cannot deal with int64 in Nifti images, so for compatibility the data has been converted to int32.
  return new_img_like(mask_img, unmasked, affine)
Network 3 - vAttention: 50 voxels done Correlation: 0.15270336292946568
Network 3 - vAttention: 150 voxels done Correlation: 0.2876552049909542
Network 3 - vAttention: 250 voxels done Correlation: 0.33921331135737043
Network 3 - vAttention: 500 voxels done Correlation: 0.3020920152186301
Network 3 - vAttention: 750 voxels done Correlation: 0.32783637766599777
Network 3 - vAttention: 1000 voxels done Correlation: 0.3734244995760073
Network 3 - vAttention: 1500 voxels done Correlation: 0.38306693296159366
Network 3 - vAttention: 3000 voxels done Correlation: 0.3590673352537228
Network 3 - vAttention: 5000 voxels done Correlation: 0.39269472564518604
Network 3 - vAttention: 6500 voxels done Correlation: 0.3684348487283444
Network 3 - vAttention: 10000 voxels done Correlation: 0.37865556428702196
Network 3 - vAttention: 15000 voxels done Correlation: 0.38687034739049886
/home/fhopp/.conda/envs/mjs/lib/python3.8/site-packages/nilearn/masking.py:980: UserWarning: Data array used to create a new image contains 64-bit ints. This is likely due to creating the array with numpy and passing `int` as the `dtype`. Many tools such as FSL and SPM cannot deal with int64 in Nifti images, so for compatibility the data has been converted to int32.
  return new_img_like(mask_img, unmasked, affine)
Network 4 - Limbic: 50 voxels done Correlation: 0.15189614095606246
Network 4 - Limbic: 150 voxels done Correlation: 0.22719643079584612
Network 4 - Limbic: 250 voxels done Correlation: 0.19142844680349907
Network 4 - Limbic: 500 voxels done Correlation: 0.3048118137507828
Network 4 - Limbic: 750 voxels done Correlation: 0.29380493037322775
Network 4 - Limbic: 1000 voxels done Correlation: 0.29835458636357004
Network 4 - Limbic: 1500 voxels done Correlation: 0.2770092267372553
Network 4 - Limbic: 3000 voxels done Correlation: 0.2867141943056414
Network 4 - Limbic: 5000 voxels done Correlation: 0.30065112958888507
Network 4 - Limbic: 6500 voxels done Correlation: 0.2962188012946714
Network 4 - Limbic: 10000 voxels done Correlation: 0.28598093896498883
/home/fhopp/.conda/envs/mjs/lib/python3.8/site-packages/nilearn/masking.py:980: UserWarning: Data array used to create a new image contains 64-bit ints. This is likely due to creating the array with numpy and passing `int` as the `dtype`. Many tools such as FSL and SPM cannot deal with int64 in Nifti images, so for compatibility the data has been converted to int32.
  return new_img_like(mask_img, unmasked, affine)
Network 5 - Frontoparietal: 50 voxels done Correlation: 0.12448086826177406
Network 5 - Frontoparietal: 150 voxels done Correlation: 0.12823055972472297
Network 5 - Frontoparietal: 250 voxels done Correlation: 0.20806984463662082
Network 5 - Frontoparietal: 500 voxels done Correlation: 0.28322793395916956
Network 5 - Frontoparietal: 750 voxels done Correlation: 0.24045404721896718
Network 5 - Frontoparietal: 1000 voxels done Correlation: 0.23274343481756887
Network 5 - Frontoparietal: 1500 voxels done Correlation: 0.2171887127657059
Network 5 - Frontoparietal: 3000 voxels done Correlation: 0.23008210138443042
Network 5 - Frontoparietal: 5000 voxels done Correlation: 0.21224597046085786
Network 5 - Frontoparietal: 6500 voxels done Correlation: 0.23524821713578942
Network 5 - Frontoparietal: 10000 voxels done Correlation: 0.2399248486108318
Network 5 - Frontoparietal: 15000 voxels done Correlation: 0.2370208080461204
/home/fhopp/.conda/envs/mjs/lib/python3.8/site-packages/nilearn/masking.py:980: UserWarning: Data array used to create a new image contains 64-bit ints. This is likely due to creating the array with numpy and passing `int` as the `dtype`. Many tools such as FSL and SPM cannot deal with int64 in Nifti images, so for compatibility the data has been converted to int32.
  return new_img_like(mask_img, unmasked, affine)
Network 6 - Default Mode: 50 voxels done Correlation: 0.29707070831992627
Network 6 - Default Mode: 150 voxels done Correlation: 0.2858808732817618
Network 6 - Default Mode: 250 voxels done Correlation: 0.43607652090235993
Network 6 - Default Mode: 500 voxels done Correlation: 0.3752157874742218
Network 6 - Default Mode: 750 voxels done Correlation: 0.3926721624909689
Network 6 - Default Mode: 1000 voxels done Correlation: 0.31655333825538956
Network 6 - Default Mode: 1500 voxels done Correlation: 0.36814941156727243
Network 6 - Default Mode: 3000 voxels done Correlation: 0.39240453155064625
Network 6 - Default Mode: 5000 voxels done Correlation: 0.39747966595653145
Network 6 - Default Mode: 6500 voxels done Correlation: 0.3845889480773548
Network 6 - Default Mode: 10000 voxels done Correlation: 0.40464388896705406
Network 6 - Default Mode: 15000 voxels done Correlation: 0.4011177796405137
Network 6 - Default Mode: 25000 voxels done Correlation: 0.41247433793374577
/home/fhopp/.conda/envs/mjs/lib/python3.8/site-packages/nilearn/masking.py:980: UserWarning: Data array used to create a new image contains 64-bit ints. This is likely due to creating the array with numpy and passing `int` as the `dtype`. Many tools such as FSL and SPM cannot deal with int64 in Nifti images, so for compatibility the data has been converted to int32.
  return new_img_like(mask_img, unmasked, affine)
Network 7 - Subcortical: 50 voxels done Correlation: 0.09043198327470399
Network 7 - Subcortical: 150 voxels done Correlation: 0.18335760961970668
Network 7 - Subcortical: 250 voxels done Correlation: 0.17993825102044916
Network 7 - Subcortical: 500 voxels done Correlation: 0.16517197431943442
Network 7 - Subcortical: 750 voxels done Correlation: 0.2033936937012234
Network 7 - Subcortical: 1000 voxels done Correlation: 0.20064963786656323
Network 7 - Subcortical: 1500 voxels done Correlation: 0.20535042491912364
Network 7 - Subcortical: 3000 voxels done Correlation: 0.17152380707321507
Network 7 - Subcortical: 5000 voxels done Correlation: 0.15880723761524373
Network 7 - Subcortical: 6500 voxels done Correlation: 0.16545450068532136
Network 7 - Subcortical: 10000 voxels done Correlation: 0.1663180843213971
Network 8 - Consciousness: 50 voxels done Correlation: 0.26528277661576183
Network 8 - Consciousness: 150 voxels done Correlation: 0.3920570084773464
Network 8 - Consciousness: 250 voxels done Correlation: 0.38335378684139154
Network 8 - Consciousness: 500 voxels done Correlation: 0.45450922697246865
Network 8 - Consciousness: 750 voxels done Correlation: 0.3945856728850605
Network 8 - Consciousness: 1000 voxels done Correlation: 0.3700150410638286
Network 8 - Consciousness: 1500 voxels done Correlation: 0.39007821206042603
Network 8 - Consciousness: 3000 voxels done Correlation: 0.43678933800417036
Network 8 - Consciousness: 5000 voxels done Correlation: 0.4747876833636032
Network 8 - Consciousness: 6500 voxels done Correlation: 0.4646495218299058
Network 8 - Consciousness: 10000 voxels done Correlation: 0.4437414173111627
Network 8 - Consciousness: 15000 voxels done Correlation: 0.48095845752540534
Network 8 - Consciousness: 25000 voxels done Correlation: 0.45372643741243635
Network 8 - Consciousness: 50000 voxels done Correlation: 0.46547491840991095
