Running job on: wood
Iteration: 831
Starting spatial evaluation...
/home/fhopp/.conda/envs/mjs/lib/python3.8/site-packages/nilearn/maskers/nifti_masker.py:110: UserWarning: imgs are being resampled to the mask_img resolution. This process is memory intensive. You might want to provide a target_affine that is equal to the affine of the imgs or resample the mask beforehand to save memory and computation time.
  warnings.warn(
/home/fhopp/.conda/envs/mjs/lib/python3.8/site-packages/nilearn/masking.py:980: UserWarning: Data array used to create a new image contains 64-bit ints. This is likely due to creating the array with numpy and passing `int` as the `dtype`. Many tools such as FSL and SPM cannot deal with int64 in Nifti images, so for compatibility the data has been converted to int32.
  return new_img_like(mask_img, unmasked, affine)
Network 0 - Visual: 50 voxels done Correlation: 0.5438953389638039
Network 0 - Visual: 150 voxels done Correlation: 0.6522452527396629
Network 0 - Visual: 250 voxels done Correlation: 0.5633919567072371
Network 0 - Visual: 500 voxels done Correlation: 0.6479871330047529
Network 0 - Visual: 750 voxels done Correlation: 0.6201759947250536
Network 0 - Visual: 1000 voxels done Correlation: 0.5766061843109802
Network 0 - Visual: 1500 voxels done Correlation: 0.5983621531480203
Network 0 - Visual: 3000 voxels done Correlation: 0.628098435126447
Network 0 - Visual: 5000 voxels done Correlation: 0.6320214631687924
Network 0 - Visual: 6500 voxels done Correlation: 0.628256604276276
Network 0 - Visual: 10000 voxels done Correlation: 0.6350349081022668
Network 0 - Visual: 15000 voxels done Correlation: 0.6252735645226366
/home/fhopp/.conda/envs/mjs/lib/python3.8/site-packages/nilearn/masking.py:980: UserWarning: Data array used to create a new image contains 64-bit ints. This is likely due to creating the array with numpy and passing `int` as the `dtype`. Many tools such as FSL and SPM cannot deal with int64 in Nifti images, so for compatibility the data has been converted to int32.
  return new_img_like(mask_img, unmasked, affine)
Network 1 - Somatomotor: 50 voxels done Correlation: 0.39102719503838224
Network 1 - Somatomotor: 150 voxels done Correlation: 0.2922933548547653
Network 1 - Somatomotor: 250 voxels done Correlation: 0.30238647151497533
Network 1 - Somatomotor: 500 voxels done Correlation: 0.41619808893815036
Network 1 - Somatomotor: 750 voxels done Correlation: 0.38972440134498065
Network 1 - Somatomotor: 1000 voxels done Correlation: 0.3900335429037563
Network 1 - Somatomotor: 1500 voxels done Correlation: 0.3300112169280956
Network 1 - Somatomotor: 3000 voxels done Correlation: 0.3358888834691526
Network 1 - Somatomotor: 5000 voxels done Correlation: 0.3422003882218847
Network 1 - Somatomotor: 6500 voxels done Correlation: 0.3413951458545964
Network 1 - Somatomotor: 10000 voxels done Correlation: 0.33873993661173396
Network 1 - Somatomotor: 15000 voxels done Correlation: 0.3440560159141163
/home/fhopp/.conda/envs/mjs/lib/python3.8/site-packages/nilearn/masking.py:980: UserWarning: Data array used to create a new image contains 64-bit ints. This is likely due to creating the array with numpy and passing `int` as the `dtype`. Many tools such as FSL and SPM cannot deal with int64 in Nifti images, so for compatibility the data has been converted to int32.
  return new_img_like(mask_img, unmasked, affine)
Network 2 - dAttention: 50 voxels done Correlation: 0.21459913280798998
Network 2 - dAttention: 150 voxels done Correlation: 0.20428539718801025
Network 2 - dAttention: 250 voxels done Correlation: 0.29981659600258137
Network 2 - dAttention: 500 voxels done Correlation: 0.3139448571339887
Network 2 - dAttention: 750 voxels done Correlation: 0.3220237713412105
Network 2 - dAttention: 1000 voxels done Correlation: 0.32027508891744816
Network 2 - dAttention: 1500 voxels done Correlation: 0.3099058799526069
Network 2 - dAttention: 3000 voxels done Correlation: 0.3410257636143755
Network 2 - dAttention: 5000 voxels done Correlation: 0.32180023819896286
Network 2 - dAttention: 6500 voxels done Correlation: 0.3298186585550794
Network 2 - dAttention: 10000 voxels done Correlation: 0.34793633706733074
Network 2 - dAttention: 15000 voxels done Correlation: 0.330063873065515
/home/fhopp/.conda/envs/mjs/lib/python3.8/site-packages/nilearn/masking.py:980: UserWarning: Data array used to create a new image contains 64-bit ints. This is likely due to creating the array with numpy and passing `int` as the `dtype`. Many tools such as FSL and SPM cannot deal with int64 in Nifti images, so for compatibility the data has been converted to int32.
  return new_img_like(mask_img, unmasked, affine)
Network 3 - vAttention: 50 voxels done Correlation: 0.20584835867828905
Network 3 - vAttention: 150 voxels done Correlation: 0.28333707843839173
Network 3 - vAttention: 250 voxels done Correlation: 0.2914411513500588
Network 3 - vAttention: 500 voxels done Correlation: 0.31124072060759267
Network 3 - vAttention: 750 voxels done Correlation: 0.3187440304790302
Network 3 - vAttention: 1000 voxels done Correlation: 0.3741934854188184
Network 3 - vAttention: 1500 voxels done Correlation: 0.3698975494612924
Network 3 - vAttention: 3000 voxels done Correlation: 0.378608268903466
Network 3 - vAttention: 5000 voxels done Correlation: 0.39708243595398074
Network 3 - vAttention: 6500 voxels done Correlation: 0.39059975421561777
Network 3 - vAttention: 10000 voxels done Correlation: 0.3864293193018623
Network 3 - vAttention: 15000 voxels done Correlation: 0.3872610245977812
/home/fhopp/.conda/envs/mjs/lib/python3.8/site-packages/nilearn/masking.py:980: UserWarning: Data array used to create a new image contains 64-bit ints. This is likely due to creating the array with numpy and passing `int` as the `dtype`. Many tools such as FSL and SPM cannot deal with int64 in Nifti images, so for compatibility the data has been converted to int32.
  return new_img_like(mask_img, unmasked, affine)
Network 4 - Limbic: 50 voxels done Correlation: 0.25644576998247676
Network 4 - Limbic: 150 voxels done Correlation: 0.2840238226373212
Network 4 - Limbic: 250 voxels done Correlation: 0.21381893846893427
Network 4 - Limbic: 500 voxels done Correlation: 0.19396336311656479
Network 4 - Limbic: 750 voxels done Correlation: 0.2766341984135134
Network 4 - Limbic: 1000 voxels done Correlation: 0.3013603422757095
Network 4 - Limbic: 1500 voxels done Correlation: 0.28508360588461973
Network 4 - Limbic: 3000 voxels done Correlation: 0.2874005431026675
Network 4 - Limbic: 5000 voxels done Correlation: 0.29529065480856276
Network 4 - Limbic: 6500 voxels done Correlation: 0.2915917154218233
Network 4 - Limbic: 10000 voxels done Correlation: 0.284019299478888
/home/fhopp/.conda/envs/mjs/lib/python3.8/site-packages/nilearn/masking.py:980: UserWarning: Data array used to create a new image contains 64-bit ints. This is likely due to creating the array with numpy and passing `int` as the `dtype`. Many tools such as FSL and SPM cannot deal with int64 in Nifti images, so for compatibility the data has been converted to int32.
  return new_img_like(mask_img, unmasked, affine)
Network 5 - Frontoparietal: 50 voxels done Correlation: 0.23352755582025542
Network 5 - Frontoparietal: 150 voxels done Correlation: 0.23393909201059032
Network 5 - Frontoparietal: 250 voxels done Correlation: 0.25673093852041606
Network 5 - Frontoparietal: 500 voxels done Correlation: 0.2030943116395782
Network 5 - Frontoparietal: 750 voxels done Correlation: 0.22387013620959345
Network 5 - Frontoparietal: 1000 voxels done Correlation: 0.2290358500787826
Network 5 - Frontoparietal: 1500 voxels done Correlation: 0.2492830579423777
Network 5 - Frontoparietal: 3000 voxels done Correlation: 0.22181806663634032
Network 5 - Frontoparietal: 5000 voxels done Correlation: 0.22897090940443393
Network 5 - Frontoparietal: 6500 voxels done Correlation: 0.237561398599058
Network 5 - Frontoparietal: 10000 voxels done Correlation: 0.23418554129477828
Network 5 - Frontoparietal: 15000 voxels done Correlation: 0.2343965398578431
/home/fhopp/.conda/envs/mjs/lib/python3.8/site-packages/nilearn/masking.py:980: UserWarning: Data array used to create a new image contains 64-bit ints. This is likely due to creating the array with numpy and passing `int` as the `dtype`. Many tools such as FSL and SPM cannot deal with int64 in Nifti images, so for compatibility the data has been converted to int32.
  return new_img_like(mask_img, unmasked, affine)
Network 6 - Default Mode: 50 voxels done Correlation: 0.16683160462657814
Network 6 - Default Mode: 150 voxels done Correlation: 0.30096202232368174
Network 6 - Default Mode: 250 voxels done Correlation: 0.3693297103823885
Network 6 - Default Mode: 500 voxels done Correlation: 0.37716392934930143
Network 6 - Default Mode: 750 voxels done Correlation: 0.37215520008277403
Network 6 - Default Mode: 1000 voxels done Correlation: 0.4255890058146547
Network 6 - Default Mode: 1500 voxels done Correlation: 0.3610653412205757
Network 6 - Default Mode: 3000 voxels done Correlation: 0.38722114264075647
Network 6 - Default Mode: 5000 voxels done Correlation: 0.3793081541515163
Network 6 - Default Mode: 6500 voxels done Correlation: 0.4092222305944593
Network 6 - Default Mode: 10000 voxels done Correlation: 0.38486884013261546
Network 6 - Default Mode: 15000 voxels done Correlation: 0.4061439533346407
Network 6 - Default Mode: 25000 voxels done Correlation: 0.41022256810057134
/home/fhopp/.conda/envs/mjs/lib/python3.8/site-packages/nilearn/masking.py:980: UserWarning: Data array used to create a new image contains 64-bit ints. This is likely due to creating the array with numpy and passing `int` as the `dtype`. Many tools such as FSL and SPM cannot deal with int64 in Nifti images, so for compatibility the data has been converted to int32.
  return new_img_like(mask_img, unmasked, affine)
Network 7 - Subcortical: 50 voxels done Correlation: 0.17688152791887557
Network 7 - Subcortical: 150 voxels done Correlation: 0.07910646238139163
Network 7 - Subcortical: 250 voxels done Correlation: 0.11223012635669444
Network 7 - Subcortical: 500 voxels done Correlation: 0.2639896858961377
Network 7 - Subcortical: 750 voxels done Correlation: 0.25355647708888207
Network 7 - Subcortical: 1000 voxels done Correlation: 0.22325608397532562
Network 7 - Subcortical: 1500 voxels done Correlation: 0.230599606576894
Network 7 - Subcortical: 3000 voxels done Correlation: 0.17856395376049178
Network 7 - Subcortical: 5000 voxels done Correlation: 0.17363031325676923
Network 7 - Subcortical: 6500 voxels done Correlation: 0.17045163600228408
Network 7 - Subcortical: 10000 voxels done Correlation: 0.16519253807389583
Network 8 - Consciousness: 50 voxels done Correlation: 0.26599349976215136
Network 8 - Consciousness: 150 voxels done Correlation: 0.4006787533221938
Network 8 - Consciousness: 250 voxels done Correlation: 0.3344802158391206
Network 8 - Consciousness: 500 voxels done Correlation: 0.40905810395770525
Network 8 - Consciousness: 750 voxels done Correlation: 0.29576761996016737
Network 8 - Consciousness: 1000 voxels done Correlation: 0.3552446284180075
Network 8 - Consciousness: 1500 voxels done Correlation: 0.42201953253073754
Network 8 - Consciousness: 3000 voxels done Correlation: 0.4935215052194757
Network 8 - Consciousness: 5000 voxels done Correlation: 0.4403209017441301
Network 8 - Consciousness: 6500 voxels done Correlation: 0.44887468274769354
Network 8 - Consciousness: 10000 voxels done Correlation: 0.4657048364517402
Network 8 - Consciousness: 15000 voxels done Correlation: 0.45911766682512867
Network 8 - Consciousness: 25000 voxels done Correlation: 0.46613886688572403
Network 8 - Consciousness: 50000 voxels done Correlation: 0.4654356861235203
