Running job on: wood
Iteration: 251
Starting spatial evaluation...
/home/fhopp/.conda/envs/mjs/lib/python3.8/site-packages/nilearn/maskers/nifti_masker.py:110: UserWarning: imgs are being resampled to the mask_img resolution. This process is memory intensive. You might want to provide a target_affine that is equal to the affine of the imgs or resample the mask beforehand to save memory and computation time.
  warnings.warn(
/home/fhopp/.conda/envs/mjs/lib/python3.8/site-packages/nilearn/masking.py:980: UserWarning: Data array used to create a new image contains 64-bit ints. This is likely due to creating the array with numpy and passing `int` as the `dtype`. Many tools such as FSL and SPM cannot deal with int64 in Nifti images, so for compatibility the data has been converted to int32.
  return new_img_like(mask_img, unmasked, affine)
Network 0 - Visual: 50 voxels done Correlation: 0.6495467292925141
Network 0 - Visual: 150 voxels done Correlation: 0.5486959846525925
Network 0 - Visual: 250 voxels done Correlation: 0.5993586270001582
Network 0 - Visual: 500 voxels done Correlation: 0.5891120894028952
Network 0 - Visual: 750 voxels done Correlation: 0.5457612329578423
Network 0 - Visual: 1000 voxels done Correlation: 0.5749630376128811
Network 0 - Visual: 1500 voxels done Correlation: 0.6334099135851324
Network 0 - Visual: 3000 voxels done Correlation: 0.6250599241993615
Network 0 - Visual: 5000 voxels done Correlation: 0.6272548013868542
Network 0 - Visual: 6500 voxels done Correlation: 0.6240208685493326
Network 0 - Visual: 10000 voxels done Correlation: 0.6274251966903985
Network 0 - Visual: 15000 voxels done Correlation: 0.6294353898528993
/home/fhopp/.conda/envs/mjs/lib/python3.8/site-packages/nilearn/masking.py:980: UserWarning: Data array used to create a new image contains 64-bit ints. This is likely due to creating the array with numpy and passing `int` as the `dtype`. Many tools such as FSL and SPM cannot deal with int64 in Nifti images, so for compatibility the data has been converted to int32.
  return new_img_like(mask_img, unmasked, affine)
Network 1 - Somatomotor: 50 voxels done Correlation: 0.2089286619152177
Network 1 - Somatomotor: 150 voxels done Correlation: 0.3662169671601444
Network 1 - Somatomotor: 250 voxels done Correlation: 0.3192625074396286
Network 1 - Somatomotor: 500 voxels done Correlation: 0.3323122792579262
Network 1 - Somatomotor: 750 voxels done Correlation: 0.2940322853968904
Network 1 - Somatomotor: 1000 voxels done Correlation: 0.3378469642578249
Network 1 - Somatomotor: 1500 voxels done Correlation: 0.3857217633639136
Network 1 - Somatomotor: 3000 voxels done Correlation: 0.34026879361697215
Network 1 - Somatomotor: 5000 voxels done Correlation: 0.3109111536405305
Network 1 - Somatomotor: 6500 voxels done Correlation: 0.34434259957733
Network 1 - Somatomotor: 10000 voxels done Correlation: 0.35222544303942027
Network 1 - Somatomotor: 15000 voxels done Correlation: 0.345254609509006
/home/fhopp/.conda/envs/mjs/lib/python3.8/site-packages/nilearn/masking.py:980: UserWarning: Data array used to create a new image contains 64-bit ints. This is likely due to creating the array with numpy and passing `int` as the `dtype`. Many tools such as FSL and SPM cannot deal with int64 in Nifti images, so for compatibility the data has been converted to int32.
  return new_img_like(mask_img, unmasked, affine)
Network 2 - dAttention: 50 voxels done Correlation: 0.17789386034713062
Network 2 - dAttention: 150 voxels done Correlation: 0.2611568055779694
Network 2 - dAttention: 250 voxels done Correlation: 0.2376798576303605
Network 2 - dAttention: 500 voxels done Correlation: 0.280245833003083
Network 2 - dAttention: 750 voxels done Correlation: 0.341645191987413
Network 2 - dAttention: 1000 voxels done Correlation: 0.3828979176707855
Network 2 - dAttention: 1500 voxels done Correlation: 0.3423975822437971
Network 2 - dAttention: 3000 voxels done Correlation: 0.3247927990920257
Network 2 - dAttention: 5000 voxels done Correlation: 0.30140238708367073
Network 2 - dAttention: 6500 voxels done Correlation: 0.32086773015965697
Network 2 - dAttention: 10000 voxels done Correlation: 0.33580646563210637
Network 2 - dAttention: 15000 voxels done Correlation: 0.33472923172261027
/home/fhopp/.conda/envs/mjs/lib/python3.8/site-packages/nilearn/masking.py:980: UserWarning: Data array used to create a new image contains 64-bit ints. This is likely due to creating the array with numpy and passing `int` as the `dtype`. Many tools such as FSL and SPM cannot deal with int64 in Nifti images, so for compatibility the data has been converted to int32.
  return new_img_like(mask_img, unmasked, affine)
Network 3 - vAttention: 50 voxels done Correlation: 0.16401459633942875
Network 3 - vAttention: 150 voxels done Correlation: 0.2676536145579975
Network 3 - vAttention: 250 voxels done Correlation: 0.1989396955462383
Network 3 - vAttention: 500 voxels done Correlation: 0.3250451568111804
Network 3 - vAttention: 750 voxels done Correlation: 0.32510492725161266
Network 3 - vAttention: 1000 voxels done Correlation: 0.35446817320408686
Network 3 - vAttention: 1500 voxels done Correlation: 0.3089914792183166
Network 3 - vAttention: 3000 voxels done Correlation: 0.34941457167058076
Network 3 - vAttention: 5000 voxels done Correlation: 0.37603490743271273
Network 3 - vAttention: 6500 voxels done Correlation: 0.37108327211165737
Network 3 - vAttention: 10000 voxels done Correlation: 0.38390562639698844
Network 3 - vAttention: 15000 voxels done Correlation: 0.38952046644380733
/home/fhopp/.conda/envs/mjs/lib/python3.8/site-packages/nilearn/masking.py:980: UserWarning: Data array used to create a new image contains 64-bit ints. This is likely due to creating the array with numpy and passing `int` as the `dtype`. Many tools such as FSL and SPM cannot deal with int64 in Nifti images, so for compatibility the data has been converted to int32.
  return new_img_like(mask_img, unmasked, affine)
Network 4 - Limbic: 50 voxels done Correlation: 0.1381567527418453
Network 4 - Limbic: 150 voxels done Correlation: 0.27314015015444626
Network 4 - Limbic: 250 voxels done Correlation: 0.2220201059200506
Network 4 - Limbic: 500 voxels done Correlation: 0.23442123020571556
Network 4 - Limbic: 750 voxels done Correlation: 0.24407375729601333
Network 4 - Limbic: 1000 voxels done Correlation: 0.2787781333537408
Network 4 - Limbic: 1500 voxels done Correlation: 0.2554175297565453
Network 4 - Limbic: 3000 voxels done Correlation: 0.2688327742157866
Network 4 - Limbic: 5000 voxels done Correlation: 0.28191582692951656
Network 4 - Limbic: 6500 voxels done Correlation: 0.28476405186391535
Network 4 - Limbic: 10000 voxels done Correlation: 0.28522272895631384
/home/fhopp/.conda/envs/mjs/lib/python3.8/site-packages/nilearn/masking.py:980: UserWarning: Data array used to create a new image contains 64-bit ints. This is likely due to creating the array with numpy and passing `int` as the `dtype`. Many tools such as FSL and SPM cannot deal with int64 in Nifti images, so for compatibility the data has been converted to int32.
  return new_img_like(mask_img, unmasked, affine)
Network 5 - Frontoparietal: 50 voxels done Correlation: 0.16741109028650253
Network 5 - Frontoparietal: 150 voxels done Correlation: 0.23506089355935067
Network 5 - Frontoparietal: 250 voxels done Correlation: 0.1308532885438426
Network 5 - Frontoparietal: 500 voxels done Correlation: 0.18368097030698266
Network 5 - Frontoparietal: 750 voxels done Correlation: 0.21225938685539877
Network 5 - Frontoparietal: 1000 voxels done Correlation: 0.1890600083816903
Network 5 - Frontoparietal: 1500 voxels done Correlation: 0.21549368373613928
Network 5 - Frontoparietal: 3000 voxels done Correlation: 0.2253194845570716
Network 5 - Frontoparietal: 5000 voxels done Correlation: 0.21178954388627474
Network 5 - Frontoparietal: 6500 voxels done Correlation: 0.2274205866231971
Network 5 - Frontoparietal: 10000 voxels done Correlation: 0.2390123643690481
Network 5 - Frontoparietal: 15000 voxels done Correlation: 0.23659114243235319
/home/fhopp/.conda/envs/mjs/lib/python3.8/site-packages/nilearn/masking.py:980: UserWarning: Data array used to create a new image contains 64-bit ints. This is likely due to creating the array with numpy and passing `int` as the `dtype`. Many tools such as FSL and SPM cannot deal with int64 in Nifti images, so for compatibility the data has been converted to int32.
  return new_img_like(mask_img, unmasked, affine)
Network 6 - Default Mode: 50 voxels done Correlation: 0.2917667631236077
Network 6 - Default Mode: 150 voxels done Correlation: 0.31662708203256806
Network 6 - Default Mode: 250 voxels done Correlation: 0.4423622972144362
Network 6 - Default Mode: 500 voxels done Correlation: 0.3407666242842071
Network 6 - Default Mode: 750 voxels done Correlation: 0.3558674805376011
Network 6 - Default Mode: 1000 voxels done Correlation: 0.37400883530553986
Network 6 - Default Mode: 1500 voxels done Correlation: 0.3071072975746785
Network 6 - Default Mode: 3000 voxels done Correlation: 0.36040596823070437
Network 6 - Default Mode: 5000 voxels done Correlation: 0.38949419039088773
Network 6 - Default Mode: 6500 voxels done Correlation: 0.39909631259181444
Network 6 - Default Mode: 10000 voxels done Correlation: 0.41404453052812196
Network 6 - Default Mode: 15000 voxels done Correlation: 0.40191073240057373
Network 6 - Default Mode: 25000 voxels done Correlation: 0.40734023735884023
/home/fhopp/.conda/envs/mjs/lib/python3.8/site-packages/nilearn/masking.py:980: UserWarning: Data array used to create a new image contains 64-bit ints. This is likely due to creating the array with numpy and passing `int` as the `dtype`. Many tools such as FSL and SPM cannot deal with int64 in Nifti images, so for compatibility the data has been converted to int32.
  return new_img_like(mask_img, unmasked, affine)
Network 7 - Subcortical: 50 voxels done Correlation: 0.12961013981962036
Network 7 - Subcortical: 150 voxels done Correlation: 0.19902875479791046
Network 7 - Subcortical: 250 voxels done Correlation: 0.20929897651149587
Network 7 - Subcortical: 500 voxels done Correlation: 0.17444552268359267
Network 7 - Subcortical: 750 voxels done Correlation: 0.24645070040405892
Network 7 - Subcortical: 1000 voxels done Correlation: 0.23061230308406427
Network 7 - Subcortical: 1500 voxels done Correlation: 0.22065557998791424
Network 7 - Subcortical: 3000 voxels done Correlation: 0.1707340844433561
Network 7 - Subcortical: 5000 voxels done Correlation: 0.17559749504470248
Network 7 - Subcortical: 6500 voxels done Correlation: 0.1644450714833211
Network 7 - Subcortical: 10000 voxels done Correlation: 0.16800934787693386
Network 8 - Consciousness: 50 voxels done Correlation: 0.3350470339764603
Network 8 - Consciousness: 150 voxels done Correlation: 0.35739178270213945
Network 8 - Consciousness: 250 voxels done Correlation: 0.40603994707038416
Network 8 - Consciousness: 500 voxels done Correlation: 0.39493701226082045
Network 8 - Consciousness: 750 voxels done Correlation: 0.3895372736361382
Network 8 - Consciousness: 1000 voxels done Correlation: 0.3679924998167986
Network 8 - Consciousness: 1500 voxels done Correlation: 0.41870443323110884
Network 8 - Consciousness: 3000 voxels done Correlation: 0.4951155552003963
Network 8 - Consciousness: 5000 voxels done Correlation: 0.4706563221792853
Network 8 - Consciousness: 6500 voxels done Correlation: 0.47625040411995273
Network 8 - Consciousness: 10000 voxels done Correlation: 0.4899336871580518
Network 8 - Consciousness: 15000 voxels done Correlation: 0.46286573304570633
Network 8 - Consciousness: 25000 voxels done Correlation: 0.4751534265920462
Network 8 - Consciousness: 50000 voxels done Correlation: 0.46606637874195245
