Running job on: nash
Iteration: 944
Starting spatial evaluation...
/home/fhopp/.conda/envs/mjs/lib/python3.8/site-packages/nilearn/maskers/nifti_masker.py:110: UserWarning: imgs are being resampled to the mask_img resolution. This process is memory intensive. You might want to provide a target_affine that is equal to the affine of the imgs or resample the mask beforehand to save memory and computation time.
  warnings.warn(
/home/fhopp/.conda/envs/mjs/lib/python3.8/site-packages/nilearn/masking.py:980: UserWarning: Data array used to create a new image contains 64-bit ints. This is likely due to creating the array with numpy and passing `int` as the `dtype`. Many tools such as FSL and SPM cannot deal with int64 in Nifti images, so for compatibility the data has been converted to int32.
  return new_img_like(mask_img, unmasked, affine)
Network 0 - Visual: 50 voxels done Correlation: 0.7156328105542183
Network 0 - Visual: 150 voxels done Correlation: 0.5334101230072694
Network 0 - Visual: 250 voxels done Correlation: 0.5741622592298932
Network 0 - Visual: 500 voxels done Correlation: 0.6161016138896473
Network 0 - Visual: 750 voxels done Correlation: 0.5684756479954562
Network 0 - Visual: 1000 voxels done Correlation: 0.5898168742955654
Network 0 - Visual: 1500 voxels done Correlation: 0.6104941306853462
Network 0 - Visual: 3000 voxels done Correlation: 0.6077314397964193
Network 0 - Visual: 5000 voxels done Correlation: 0.6303336882103019
Network 0 - Visual: 6500 voxels done Correlation: 0.6260795491300428
Network 0 - Visual: 10000 voxels done Correlation: 0.6198418634702019
Network 0 - Visual: 15000 voxels done Correlation: 0.6316868435087375
/home/fhopp/.conda/envs/mjs/lib/python3.8/site-packages/nilearn/masking.py:980: UserWarning: Data array used to create a new image contains 64-bit ints. This is likely due to creating the array with numpy and passing `int` as the `dtype`. Many tools such as FSL and SPM cannot deal with int64 in Nifti images, so for compatibility the data has been converted to int32.
  return new_img_like(mask_img, unmasked, affine)
Network 1 - Somatomotor: 50 voxels done Correlation: 0.2089175843883566
Network 1 - Somatomotor: 150 voxels done Correlation: 0.32689964809475414
Network 1 - Somatomotor: 250 voxels done Correlation: 0.23334884495372127
Network 1 - Somatomotor: 500 voxels done Correlation: 0.3684150449123512
Network 1 - Somatomotor: 750 voxels done Correlation: 0.36032677182725126
Network 1 - Somatomotor: 1000 voxels done Correlation: 0.3130854201627789
Network 1 - Somatomotor: 1500 voxels done Correlation: 0.3266293783860337
Network 1 - Somatomotor: 3000 voxels done Correlation: 0.32529020251584434
Network 1 - Somatomotor: 5000 voxels done Correlation: 0.3665517128393257
Network 1 - Somatomotor: 6500 voxels done Correlation: 0.33830032363884066
Network 1 - Somatomotor: 10000 voxels done Correlation: 0.3341062757099496
Network 1 - Somatomotor: 15000 voxels done Correlation: 0.34543438260715065
/home/fhopp/.conda/envs/mjs/lib/python3.8/site-packages/nilearn/masking.py:980: UserWarning: Data array used to create a new image contains 64-bit ints. This is likely due to creating the array with numpy and passing `int` as the `dtype`. Many tools such as FSL and SPM cannot deal with int64 in Nifti images, so for compatibility the data has been converted to int32.
  return new_img_like(mask_img, unmasked, affine)
Network 2 - dAttention: 50 voxels done Correlation: 0.1433447658108674
Network 2 - dAttention: 150 voxels done Correlation: 0.4578654735923401
Network 2 - dAttention: 250 voxels done Correlation: 0.3067067598813871
Network 2 - dAttention: 500 voxels done Correlation: 0.27616158668228563
Network 2 - dAttention: 750 voxels done Correlation: 0.32644357843708555
Network 2 - dAttention: 1000 voxels done Correlation: 0.30771222413972954
Network 2 - dAttention: 1500 voxels done Correlation: 0.2828005711245948
Network 2 - dAttention: 3000 voxels done Correlation: 0.3379731805392848
Network 2 - dAttention: 5000 voxels done Correlation: 0.33554574588512237
Network 2 - dAttention: 6500 voxels done Correlation: 0.33914993527141407
Network 2 - dAttention: 10000 voxels done Correlation: 0.33815337483758723
Network 2 - dAttention: 15000 voxels done Correlation: 0.3299089625543708
/home/fhopp/.conda/envs/mjs/lib/python3.8/site-packages/nilearn/masking.py:980: UserWarning: Data array used to create a new image contains 64-bit ints. This is likely due to creating the array with numpy and passing `int` as the `dtype`. Many tools such as FSL and SPM cannot deal with int64 in Nifti images, so for compatibility the data has been converted to int32.
  return new_img_like(mask_img, unmasked, affine)
Network 3 - vAttention: 50 voxels done Correlation: 0.3251363653614407
Network 3 - vAttention: 150 voxels done Correlation: 0.15733023228450235
Network 3 - vAttention: 250 voxels done Correlation: 0.226987293306603
Network 3 - vAttention: 500 voxels done Correlation: 0.30168155332262636
Network 3 - vAttention: 750 voxels done Correlation: 0.34560094125605284
Network 3 - vAttention: 1000 voxels done Correlation: 0.35768634884310246
Network 3 - vAttention: 1500 voxels done Correlation: 0.33945323176861675
Network 3 - vAttention: 3000 voxels done Correlation: 0.3584186299266827
Network 3 - vAttention: 5000 voxels done Correlation: 0.38272733700640627
Network 3 - vAttention: 6500 voxels done Correlation: 0.37313517917453864
Network 3 - vAttention: 10000 voxels done Correlation: 0.3858443695122319
Network 3 - vAttention: 15000 voxels done Correlation: 0.38686601460685033
/home/fhopp/.conda/envs/mjs/lib/python3.8/site-packages/nilearn/masking.py:980: UserWarning: Data array used to create a new image contains 64-bit ints. This is likely due to creating the array with numpy and passing `int` as the `dtype`. Many tools such as FSL and SPM cannot deal with int64 in Nifti images, so for compatibility the data has been converted to int32.
  return new_img_like(mask_img, unmasked, affine)
Network 4 - Limbic: 50 voxels done Correlation: 0.13842373712424694
Network 4 - Limbic: 150 voxels done Correlation: 0.2406444850264695
Network 4 - Limbic: 250 voxels done Correlation: 0.25388029831966374
Network 4 - Limbic: 500 voxels done Correlation: 0.28033783876437574
Network 4 - Limbic: 750 voxels done Correlation: 0.2520679088260356
Network 4 - Limbic: 1000 voxels done Correlation: 0.24040513658959586
Network 4 - Limbic: 1500 voxels done Correlation: 0.3014349895022984
Network 4 - Limbic: 3000 voxels done Correlation: 0.2814576075740373
Network 4 - Limbic: 5000 voxels done Correlation: 0.2961674150394974
Network 4 - Limbic: 6500 voxels done Correlation: 0.2898560447016009
Network 4 - Limbic: 10000 voxels done Correlation: 0.2904126551963318
/home/fhopp/.conda/envs/mjs/lib/python3.8/site-packages/nilearn/masking.py:980: UserWarning: Data array used to create a new image contains 64-bit ints. This is likely due to creating the array with numpy and passing `int` as the `dtype`. Many tools such as FSL and SPM cannot deal with int64 in Nifti images, so for compatibility the data has been converted to int32.
  return new_img_like(mask_img, unmasked, affine)
Network 5 - Frontoparietal: 50 voxels done Correlation: 0.18855532589840812
Network 5 - Frontoparietal: 150 voxels done Correlation: 0.20813474466557724
Network 5 - Frontoparietal: 250 voxels done Correlation: 0.1810453859510327
Network 5 - Frontoparietal: 500 voxels done Correlation: 0.20834922738780123
Network 5 - Frontoparietal: 750 voxels done Correlation: 0.22985399623831315
Network 5 - Frontoparietal: 1000 voxels done Correlation: 0.21227627908508392
Network 5 - Frontoparietal: 1500 voxels done Correlation: 0.22019909123052017
Network 5 - Frontoparietal: 3000 voxels done Correlation: 0.2292918278066503
Network 5 - Frontoparietal: 5000 voxels done Correlation: 0.2306566095690339
Network 5 - Frontoparietal: 6500 voxels done Correlation: 0.23641660742845114
Network 5 - Frontoparietal: 10000 voxels done Correlation: 0.25216260394440326
Network 5 - Frontoparietal: 15000 voxels done Correlation: 0.23835939289983268
/home/fhopp/.conda/envs/mjs/lib/python3.8/site-packages/nilearn/masking.py:980: UserWarning: Data array used to create a new image contains 64-bit ints. This is likely due to creating the array with numpy and passing `int` as the `dtype`. Many tools such as FSL and SPM cannot deal with int64 in Nifti images, so for compatibility the data has been converted to int32.
  return new_img_like(mask_img, unmasked, affine)
Network 6 - Default Mode: 50 voxels done Correlation: 0.13157636089388738
Network 6 - Default Mode: 150 voxels done Correlation: 0.34068341928872825
Network 6 - Default Mode: 250 voxels done Correlation: 0.3734526689779797
Network 6 - Default Mode: 500 voxels done Correlation: 0.42632020203814874
Network 6 - Default Mode: 750 voxels done Correlation: 0.39647288048719753
Network 6 - Default Mode: 1000 voxels done Correlation: 0.34345285375095314
Network 6 - Default Mode: 1500 voxels done Correlation: 0.3658514886434949
Network 6 - Default Mode: 3000 voxels done Correlation: 0.38410471466183804
Network 6 - Default Mode: 5000 voxels done Correlation: 0.41251957716281706
Network 6 - Default Mode: 6500 voxels done Correlation: 0.4174204286607055
Network 6 - Default Mode: 10000 voxels done Correlation: 0.40126935011376397
Network 6 - Default Mode: 15000 voxels done Correlation: 0.4068519655055406
Network 6 - Default Mode: 25000 voxels done Correlation: 0.41209022480106083
/home/fhopp/.conda/envs/mjs/lib/python3.8/site-packages/nilearn/masking.py:980: UserWarning: Data array used to create a new image contains 64-bit ints. This is likely due to creating the array with numpy and passing `int` as the `dtype`. Many tools such as FSL and SPM cannot deal with int64 in Nifti images, so for compatibility the data has been converted to int32.
  return new_img_like(mask_img, unmasked, affine)
Network 7 - Subcortical: 50 voxels done Correlation: 0.20492735085156816
Network 7 - Subcortical: 150 voxels done Correlation: 0.15223645878066516
Network 7 - Subcortical: 250 voxels done Correlation: 0.18092627627334973
Network 7 - Subcortical: 500 voxels done Correlation: 0.3032755262663939
Network 7 - Subcortical: 750 voxels done Correlation: 0.21877052032733213
Network 7 - Subcortical: 1000 voxels done Correlation: 0.21433917413632847
Network 7 - Subcortical: 1500 voxels done Correlation: 0.2088457957475618
Network 7 - Subcortical: 3000 voxels done Correlation: 0.16277043647346157
Network 7 - Subcortical: 5000 voxels done Correlation: 0.14953317602469035
Network 7 - Subcortical: 6500 voxels done Correlation: 0.16108778269325935
Network 7 - Subcortical: 10000 voxels done Correlation: 0.16910601224567715
Network 8 - Consciousness: 50 voxels done Correlation: 0.1583102240910388
Network 8 - Consciousness: 150 voxels done Correlation: 0.3212626204230291
Network 8 - Consciousness: 250 voxels done Correlation: 0.35789269094108345
Network 8 - Consciousness: 500 voxels done Correlation: 0.3965451157773858
Network 8 - Consciousness: 750 voxels done Correlation: 0.39317716994709195
Network 8 - Consciousness: 1000 voxels done Correlation: 0.42142090336012006
Network 8 - Consciousness: 1500 voxels done Correlation: 0.4198302123715516
Network 8 - Consciousness: 3000 voxels done Correlation: 0.46477529644054866
Network 8 - Consciousness: 5000 voxels done Correlation: 0.4538520158694984
Network 8 - Consciousness: 6500 voxels done Correlation: 0.48198016865032833
Network 8 - Consciousness: 10000 voxels done Correlation: 0.45148038038534244
Network 8 - Consciousness: 15000 voxels done Correlation: 0.44918648364120306
Network 8 - Consciousness: 25000 voxels done Correlation: 0.464718788814242
Network 8 - Consciousness: 50000 voxels done Correlation: 0.46529007546203416
