Running job on: wood
Iteration: 222
Starting spatial evaluation...
/home/fhopp/.conda/envs/mjs/lib/python3.8/site-packages/nilearn/maskers/nifti_masker.py:110: UserWarning: imgs are being resampled to the mask_img resolution. This process is memory intensive. You might want to provide a target_affine that is equal to the affine of the imgs or resample the mask beforehand to save memory and computation time.
  warnings.warn(
/home/fhopp/.conda/envs/mjs/lib/python3.8/site-packages/nilearn/masking.py:980: UserWarning: Data array used to create a new image contains 64-bit ints. This is likely due to creating the array with numpy and passing `int` as the `dtype`. Many tools such as FSL and SPM cannot deal with int64 in Nifti images, so for compatibility the data has been converted to int32.
  return new_img_like(mask_img, unmasked, affine)
Network 0 - Visual: 50 voxels done Correlation: 0.5269657078539018
Network 0 - Visual: 150 voxels done Correlation: 0.6199750122603949
Network 0 - Visual: 250 voxels done Correlation: 0.6475059391035156
Network 0 - Visual: 500 voxels done Correlation: 0.5564113517119995
Network 0 - Visual: 750 voxels done Correlation: 0.5805054683972665
Network 0 - Visual: 1000 voxels done Correlation: 0.6299377858713191
Network 0 - Visual: 1500 voxels done Correlation: 0.5986329282226264
Network 0 - Visual: 3000 voxels done Correlation: 0.6367854085970079
Network 0 - Visual: 5000 voxels done Correlation: 0.6150319616726245
Network 0 - Visual: 6500 voxels done Correlation: 0.6314133900517709
Network 0 - Visual: 10000 voxels done Correlation: 0.6304380850147873
Network 0 - Visual: 15000 voxels done Correlation: 0.633594444671806
/home/fhopp/.conda/envs/mjs/lib/python3.8/site-packages/nilearn/masking.py:980: UserWarning: Data array used to create a new image contains 64-bit ints. This is likely due to creating the array with numpy and passing `int` as the `dtype`. Many tools such as FSL and SPM cannot deal with int64 in Nifti images, so for compatibility the data has been converted to int32.
  return new_img_like(mask_img, unmasked, affine)
Network 1 - Somatomotor: 50 voxels done Correlation: 0.19146804654919686
Network 1 - Somatomotor: 150 voxels done Correlation: 0.2822091543019284
Network 1 - Somatomotor: 250 voxels done Correlation: 0.21434874577284568
Network 1 - Somatomotor: 500 voxels done Correlation: 0.4042267454863583
Network 1 - Somatomotor: 750 voxels done Correlation: 0.3400720105880738
Network 1 - Somatomotor: 1000 voxels done Correlation: 0.3480640975710462
Network 1 - Somatomotor: 1500 voxels done Correlation: 0.3060910894891423
Network 1 - Somatomotor: 3000 voxels done Correlation: 0.3611429469822072
Network 1 - Somatomotor: 5000 voxels done Correlation: 0.3272353753552257
Network 1 - Somatomotor: 6500 voxels done Correlation: 0.3608508040415752
Network 1 - Somatomotor: 10000 voxels done Correlation: 0.35420454870623175
Network 1 - Somatomotor: 15000 voxels done Correlation: 0.34008986763313154
/home/fhopp/.conda/envs/mjs/lib/python3.8/site-packages/nilearn/masking.py:980: UserWarning: Data array used to create a new image contains 64-bit ints. This is likely due to creating the array with numpy and passing `int` as the `dtype`. Many tools such as FSL and SPM cannot deal with int64 in Nifti images, so for compatibility the data has been converted to int32.
  return new_img_like(mask_img, unmasked, affine)
Network 2 - dAttention: 50 voxels done Correlation: 0.16192062573019675
Network 2 - dAttention: 150 voxels done Correlation: 0.2719114067949101
Network 2 - dAttention: 250 voxels done Correlation: 0.350301303843927
Network 2 - dAttention: 500 voxels done Correlation: 0.30718296752351937
Network 2 - dAttention: 750 voxels done Correlation: 0.3271499302064938
Network 2 - dAttention: 1000 voxels done Correlation: 0.3506871109648576
Network 2 - dAttention: 1500 voxels done Correlation: 0.3297332643041003
Network 2 - dAttention: 3000 voxels done Correlation: 0.3618447036074725
Network 2 - dAttention: 5000 voxels done Correlation: 0.32348663713183046
Network 2 - dAttention: 6500 voxels done Correlation: 0.3376472382869463
Network 2 - dAttention: 10000 voxels done Correlation: 0.3392607199604196
Network 2 - dAttention: 15000 voxels done Correlation: 0.3346967609198367
/home/fhopp/.conda/envs/mjs/lib/python3.8/site-packages/nilearn/masking.py:980: UserWarning: Data array used to create a new image contains 64-bit ints. This is likely due to creating the array with numpy and passing `int` as the `dtype`. Many tools such as FSL and SPM cannot deal with int64 in Nifti images, so for compatibility the data has been converted to int32.
  return new_img_like(mask_img, unmasked, affine)
Network 3 - vAttention: 50 voxels done Correlation: 0.2554679994735274
Network 3 - vAttention: 150 voxels done Correlation: 0.2748535497646626
Network 3 - vAttention: 250 voxels done Correlation: 0.3699684336868645
Network 3 - vAttention: 500 voxels done Correlation: 0.31476361848280093
Network 3 - vAttention: 750 voxels done Correlation: 0.3418384231982171
Network 3 - vAttention: 1000 voxels done Correlation: 0.3187992550277409
Network 3 - vAttention: 1500 voxels done Correlation: 0.3274833971017327
Network 3 - vAttention: 3000 voxels done Correlation: 0.3746404688809172
Network 3 - vAttention: 5000 voxels done Correlation: 0.3893505481980051
Network 3 - vAttention: 6500 voxels done Correlation: 0.37621189017800827
Network 3 - vAttention: 10000 voxels done Correlation: 0.3763803006544552
Network 3 - vAttention: 15000 voxels done Correlation: 0.38737571747631205
/home/fhopp/.conda/envs/mjs/lib/python3.8/site-packages/nilearn/masking.py:980: UserWarning: Data array used to create a new image contains 64-bit ints. This is likely due to creating the array with numpy and passing `int` as the `dtype`. Many tools such as FSL and SPM cannot deal with int64 in Nifti images, so for compatibility the data has been converted to int32.
  return new_img_like(mask_img, unmasked, affine)
Network 4 - Limbic: 50 voxels done Correlation: 0.19730211229049915
Network 4 - Limbic: 150 voxels done Correlation: 0.2749709881748584
Network 4 - Limbic: 250 voxels done Correlation: 0.21651886522053593
Network 4 - Limbic: 500 voxels done Correlation: 0.23517516679913303
Network 4 - Limbic: 750 voxels done Correlation: 0.2474405015504397
Network 4 - Limbic: 1000 voxels done Correlation: 0.2931632609444589
Network 4 - Limbic: 1500 voxels done Correlation: 0.2931943223279649
Network 4 - Limbic: 3000 voxels done Correlation: 0.2925682037058869
Network 4 - Limbic: 5000 voxels done Correlation: 0.28114702720757506
Network 4 - Limbic: 6500 voxels done Correlation: 0.2843281279776982
Network 4 - Limbic: 10000 voxels done Correlation: 0.2846333958850182
/home/fhopp/.conda/envs/mjs/lib/python3.8/site-packages/nilearn/masking.py:980: UserWarning: Data array used to create a new image contains 64-bit ints. This is likely due to creating the array with numpy and passing `int` as the `dtype`. Many tools such as FSL and SPM cannot deal with int64 in Nifti images, so for compatibility the data has been converted to int32.
  return new_img_like(mask_img, unmasked, affine)
Network 5 - Frontoparietal: 50 voxels done Correlation: 0.15997736705963495
Network 5 - Frontoparietal: 150 voxels done Correlation: 0.15694547067776388
Network 5 - Frontoparietal: 250 voxels done Correlation: 0.1310497009115697
Network 5 - Frontoparietal: 500 voxels done Correlation: 0.19806944828781303
Network 5 - Frontoparietal: 750 voxels done Correlation: 0.18941777188376718
Network 5 - Frontoparietal: 1000 voxels done Correlation: 0.21188903027080397
Network 5 - Frontoparietal: 1500 voxels done Correlation: 0.23794931561662302
Network 5 - Frontoparietal: 3000 voxels done Correlation: 0.23581870345863712
Network 5 - Frontoparietal: 5000 voxels done Correlation: 0.23295267550654813
Network 5 - Frontoparietal: 6500 voxels done Correlation: 0.2370595801306804
Network 5 - Frontoparietal: 10000 voxels done Correlation: 0.2315863464759219
Network 5 - Frontoparietal: 15000 voxels done Correlation: 0.24036482475520235
/home/fhopp/.conda/envs/mjs/lib/python3.8/site-packages/nilearn/masking.py:980: UserWarning: Data array used to create a new image contains 64-bit ints. This is likely due to creating the array with numpy and passing `int` as the `dtype`. Many tools such as FSL and SPM cannot deal with int64 in Nifti images, so for compatibility the data has been converted to int32.
  return new_img_like(mask_img, unmasked, affine)
Network 6 - Default Mode: 50 voxels done Correlation: 0.14812200827050942
Network 6 - Default Mode: 150 voxels done Correlation: 0.3584545479611253
Network 6 - Default Mode: 250 voxels done Correlation: 0.3126799998388434
Network 6 - Default Mode: 500 voxels done Correlation: 0.4191638905694787
Network 6 - Default Mode: 750 voxels done Correlation: 0.36114376830806594
Network 6 - Default Mode: 1000 voxels done Correlation: 0.36944687885803157
Network 6 - Default Mode: 1500 voxels done Correlation: 0.423947906412979
Network 6 - Default Mode: 3000 voxels done Correlation: 0.3857578271559934
Network 6 - Default Mode: 5000 voxels done Correlation: 0.41548788424642225
Network 6 - Default Mode: 6500 voxels done Correlation: 0.41167626063456253
Network 6 - Default Mode: 10000 voxels done Correlation: 0.410537058964935
Network 6 - Default Mode: 15000 voxels done Correlation: 0.4071635791485045
Network 6 - Default Mode: 25000 voxels done Correlation: 0.4136381730762586
/home/fhopp/.conda/envs/mjs/lib/python3.8/site-packages/nilearn/masking.py:980: UserWarning: Data array used to create a new image contains 64-bit ints. This is likely due to creating the array with numpy and passing `int` as the `dtype`. Many tools such as FSL and SPM cannot deal with int64 in Nifti images, so for compatibility the data has been converted to int32.
  return new_img_like(mask_img, unmasked, affine)
Network 7 - Subcortical: 50 voxels done Correlation: 0.07857780390048054
Network 7 - Subcortical: 150 voxels done Correlation: 0.19439695042169253
Network 7 - Subcortical: 250 voxels done Correlation: 0.12670317561848216
Network 7 - Subcortical: 500 voxels done Correlation: 0.20100732617831713
Network 7 - Subcortical: 750 voxels done Correlation: 0.23564690694924043
Network 7 - Subcortical: 1000 voxels done Correlation: 0.2246626746625781
Network 7 - Subcortical: 1500 voxels done Correlation: 0.20026384798617175
Network 7 - Subcortical: 3000 voxels done Correlation: 0.1663301034798678
Network 7 - Subcortical: 5000 voxels done Correlation: 0.167678959478677
Network 7 - Subcortical: 6500 voxels done Correlation: 0.1703050762769805
Network 7 - Subcortical: 10000 voxels done Correlation: 0.16502262246209934
Network 8 - Consciousness: 50 voxels done Correlation: 0.28325672887936193
Network 8 - Consciousness: 150 voxels done Correlation: 0.28723342300570276
Network 8 - Consciousness: 250 voxels done Correlation: 0.4083769792388181
Network 8 - Consciousness: 500 voxels done Correlation: 0.392696594547017
Network 8 - Consciousness: 750 voxels done Correlation: 0.3619277584352636
Network 8 - Consciousness: 1000 voxels done Correlation: 0.38283755192621904
Network 8 - Consciousness: 1500 voxels done Correlation: 0.4036509480958266
Network 8 - Consciousness: 3000 voxels done Correlation: 0.457830661719176
Network 8 - Consciousness: 5000 voxels done Correlation: 0.4551425093648944
Network 8 - Consciousness: 6500 voxels done Correlation: 0.463820912902966
Network 8 - Consciousness: 10000 voxels done Correlation: 0.471443381769586
Network 8 - Consciousness: 15000 voxels done Correlation: 0.4728823945214756
Network 8 - Consciousness: 25000 voxels done Correlation: 0.45345417332441385
Network 8 - Consciousness: 50000 voxels done Correlation: 0.46534215474449825
