Running job on: wood
Iteration: 105
Starting spatial evaluation...
/home/fhopp/.conda/envs/mjs/lib/python3.8/site-packages/nilearn/maskers/nifti_masker.py:110: UserWarning: imgs are being resampled to the mask_img resolution. This process is memory intensive. You might want to provide a target_affine that is equal to the affine of the imgs or resample the mask beforehand to save memory and computation time.
  warnings.warn(
/home/fhopp/.conda/envs/mjs/lib/python3.8/site-packages/nilearn/masking.py:980: UserWarning: Data array used to create a new image contains 64-bit ints. This is likely due to creating the array with numpy and passing `int` as the `dtype`. Many tools such as FSL and SPM cannot deal with int64 in Nifti images, so for compatibility the data has been converted to int32.
  return new_img_like(mask_img, unmasked, affine)
Network 0 - Visual: 50 voxels done Correlation: 0.5985936260434122
Network 0 - Visual: 150 voxels done Correlation: 0.6457018287820881
Network 0 - Visual: 250 voxels done Correlation: 0.5859152920601791
Network 0 - Visual: 500 voxels done Correlation: 0.5431090085471932
Network 0 - Visual: 750 voxels done Correlation: 0.5905596012737342
Network 0 - Visual: 1000 voxels done Correlation: 0.5805552334155609
Network 0 - Visual: 1500 voxels done Correlation: 0.6479450943363545
Network 0 - Visual: 3000 voxels done Correlation: 0.6398399543990141
Network 0 - Visual: 5000 voxels done Correlation: 0.6272124571692034
Network 0 - Visual: 6500 voxels done Correlation: 0.6260255037363553
Network 0 - Visual: 10000 voxels done Correlation: 0.6236365745490768
Network 0 - Visual: 15000 voxels done Correlation: 0.6289232057657201
/home/fhopp/.conda/envs/mjs/lib/python3.8/site-packages/nilearn/masking.py:980: UserWarning: Data array used to create a new image contains 64-bit ints. This is likely due to creating the array with numpy and passing `int` as the `dtype`. Many tools such as FSL and SPM cannot deal with int64 in Nifti images, so for compatibility the data has been converted to int32.
  return new_img_like(mask_img, unmasked, affine)
Network 1 - Somatomotor: 50 voxels done Correlation: 0.17026975471872752
Network 1 - Somatomotor: 150 voxels done Correlation: 0.35446217364802834
Network 1 - Somatomotor: 250 voxels done Correlation: 0.339346572863491
Network 1 - Somatomotor: 500 voxels done Correlation: 0.34561796217107466
Network 1 - Somatomotor: 750 voxels done Correlation: 0.310655315310291
Network 1 - Somatomotor: 1000 voxels done Correlation: 0.31791035476554963
Network 1 - Somatomotor: 1500 voxels done Correlation: 0.34424541968849637
Network 1 - Somatomotor: 3000 voxels done Correlation: 0.3362027162560145
Network 1 - Somatomotor: 5000 voxels done Correlation: 0.32282243313947323
Network 1 - Somatomotor: 6500 voxels done Correlation: 0.3473771046064902
Network 1 - Somatomotor: 10000 voxels done Correlation: 0.3458658131828911
Network 1 - Somatomotor: 15000 voxels done Correlation: 0.34600194516304306
/home/fhopp/.conda/envs/mjs/lib/python3.8/site-packages/nilearn/masking.py:980: UserWarning: Data array used to create a new image contains 64-bit ints. This is likely due to creating the array with numpy and passing `int` as the `dtype`. Many tools such as FSL and SPM cannot deal with int64 in Nifti images, so for compatibility the data has been converted to int32.
  return new_img_like(mask_img, unmasked, affine)
Network 2 - dAttention: 50 voxels done Correlation: 0.20485139644490735
Network 2 - dAttention: 150 voxels done Correlation: 0.2938545261513608
Network 2 - dAttention: 250 voxels done Correlation: 0.33163627109306937
Network 2 - dAttention: 500 voxels done Correlation: 0.2948841933599499
Network 2 - dAttention: 750 voxels done Correlation: 0.297304707516034
Network 2 - dAttention: 1000 voxels done Correlation: 0.3305674249954602
Network 2 - dAttention: 1500 voxels done Correlation: 0.3138687001043583
Network 2 - dAttention: 3000 voxels done Correlation: 0.31388339331381954
Network 2 - dAttention: 5000 voxels done Correlation: 0.31209835332147684
Network 2 - dAttention: 6500 voxels done Correlation: 0.31480015735435707
Network 2 - dAttention: 10000 voxels done Correlation: 0.3386925014346309
Network 2 - dAttention: 15000 voxels done Correlation: 0.3346386721838933
/home/fhopp/.conda/envs/mjs/lib/python3.8/site-packages/nilearn/masking.py:980: UserWarning: Data array used to create a new image contains 64-bit ints. This is likely due to creating the array with numpy and passing `int` as the `dtype`. Many tools such as FSL and SPM cannot deal with int64 in Nifti images, so for compatibility the data has been converted to int32.
  return new_img_like(mask_img, unmasked, affine)
Network 3 - vAttention: 50 voxels done Correlation: 0.15389987779440567
Network 3 - vAttention: 150 voxels done Correlation: 0.24394832600448046
Network 3 - vAttention: 250 voxels done Correlation: 0.3206158272230739
Network 3 - vAttention: 500 voxels done Correlation: 0.36894782817758837
Network 3 - vAttention: 750 voxels done Correlation: 0.2789203635434617
Network 3 - vAttention: 1000 voxels done Correlation: 0.29254851815519745
Network 3 - vAttention: 1500 voxels done Correlation: 0.3592162862619389
Network 3 - vAttention: 3000 voxels done Correlation: 0.37250129375708557
Network 3 - vAttention: 5000 voxels done Correlation: 0.3712914636607242
Network 3 - vAttention: 6500 voxels done Correlation: 0.37393340468703595
Network 3 - vAttention: 10000 voxels done Correlation: 0.3989924583567155
Network 3 - vAttention: 15000 voxels done Correlation: 0.3891787137760186
/home/fhopp/.conda/envs/mjs/lib/python3.8/site-packages/nilearn/masking.py:980: UserWarning: Data array used to create a new image contains 64-bit ints. This is likely due to creating the array with numpy and passing `int` as the `dtype`. Many tools such as FSL and SPM cannot deal with int64 in Nifti images, so for compatibility the data has been converted to int32.
  return new_img_like(mask_img, unmasked, affine)
Network 4 - Limbic: 50 voxels done Correlation: 0.23017096493914066
Network 4 - Limbic: 150 voxels done Correlation: 0.2482967594274397
Network 4 - Limbic: 250 voxels done Correlation: 0.2875616511490746
Network 4 - Limbic: 500 voxels done Correlation: 0.2493482416284426
Network 4 - Limbic: 750 voxels done Correlation: 0.21298826444807972
Network 4 - Limbic: 1000 voxels done Correlation: 0.3075584792553161
Network 4 - Limbic: 1500 voxels done Correlation: 0.26582804205672883
Network 4 - Limbic: 3000 voxels done Correlation: 0.28370074229822195
Network 4 - Limbic: 5000 voxels done Correlation: 0.2908516984656122
Network 4 - Limbic: 6500 voxels done Correlation: 0.2785151100263914
Network 4 - Limbic: 10000 voxels done Correlation: 0.2846253116090413
/home/fhopp/.conda/envs/mjs/lib/python3.8/site-packages/nilearn/masking.py:980: UserWarning: Data array used to create a new image contains 64-bit ints. This is likely due to creating the array with numpy and passing `int` as the `dtype`. Many tools such as FSL and SPM cannot deal with int64 in Nifti images, so for compatibility the data has been converted to int32.
  return new_img_like(mask_img, unmasked, affine)
Network 5 - Frontoparietal: 50 voxels done Correlation: 0.10899595639767144
Network 5 - Frontoparietal: 150 voxels done Correlation: 0.21359440759491857
Network 5 - Frontoparietal: 250 voxels done Correlation: 0.17956773667905263
Network 5 - Frontoparietal: 500 voxels done Correlation: 0.2121431066116642
Network 5 - Frontoparietal: 750 voxels done Correlation: 0.2149492681418178
Network 5 - Frontoparietal: 1000 voxels done Correlation: 0.23308453724572503
Network 5 - Frontoparietal: 1500 voxels done Correlation: 0.19041781648937775
Network 5 - Frontoparietal: 3000 voxels done Correlation: 0.25063632622110643
Network 5 - Frontoparietal: 5000 voxels done Correlation: 0.24944752666784126
Network 5 - Frontoparietal: 6500 voxels done Correlation: 0.23423104415022497
Network 5 - Frontoparietal: 10000 voxels done Correlation: 0.23265936108106106
Network 5 - Frontoparietal: 15000 voxels done Correlation: 0.23457866556107548
/home/fhopp/.conda/envs/mjs/lib/python3.8/site-packages/nilearn/masking.py:980: UserWarning: Data array used to create a new image contains 64-bit ints. This is likely due to creating the array with numpy and passing `int` as the `dtype`. Many tools such as FSL and SPM cannot deal with int64 in Nifti images, so for compatibility the data has been converted to int32.
  return new_img_like(mask_img, unmasked, affine)
Network 6 - Default Mode: 50 voxels done Correlation: 0.21845088100872276
Network 6 - Default Mode: 150 voxels done Correlation: 0.3949446810920987
Network 6 - Default Mode: 250 voxels done Correlation: 0.3003094417226889
Network 6 - Default Mode: 500 voxels done Correlation: 0.43068666885776585
Network 6 - Default Mode: 750 voxels done Correlation: 0.3754746257145995
Network 6 - Default Mode: 1000 voxels done Correlation: 0.3808188561423018
Network 6 - Default Mode: 1500 voxels done Correlation: 0.36521871363973246
Network 6 - Default Mode: 3000 voxels done Correlation: 0.4064182753494834
Network 6 - Default Mode: 5000 voxels done Correlation: 0.38657572381699545
Network 6 - Default Mode: 6500 voxels done Correlation: 0.3904744864924573
Network 6 - Default Mode: 10000 voxels done Correlation: 0.39609788734569407
Network 6 - Default Mode: 15000 voxels done Correlation: 0.4098636446328532
Network 6 - Default Mode: 25000 voxels done Correlation: 0.4096318199150821
/home/fhopp/.conda/envs/mjs/lib/python3.8/site-packages/nilearn/masking.py:980: UserWarning: Data array used to create a new image contains 64-bit ints. This is likely due to creating the array with numpy and passing `int` as the `dtype`. Many tools such as FSL and SPM cannot deal with int64 in Nifti images, so for compatibility the data has been converted to int32.
  return new_img_like(mask_img, unmasked, affine)
Network 7 - Subcortical: 50 voxels done Correlation: 0.15071733079612992
Network 7 - Subcortical: 150 voxels done Correlation: 0.2294852672585912
Network 7 - Subcortical: 250 voxels done Correlation: 0.20839302309183858
Network 7 - Subcortical: 500 voxels done Correlation: 0.22306971498851624
Network 7 - Subcortical: 750 voxels done Correlation: 0.2959516424814682
Network 7 - Subcortical: 1000 voxels done Correlation: 0.16888163452027136
Network 7 - Subcortical: 1500 voxels done Correlation: 0.2338040407130969
Network 7 - Subcortical: 3000 voxels done Correlation: 0.15019561313136745
Network 7 - Subcortical: 5000 voxels done Correlation: 0.15206551443629046
Network 7 - Subcortical: 6500 voxels done Correlation: 0.17186311225365572
Network 7 - Subcortical: 10000 voxels done Correlation: 0.16877490755493263
Network 8 - Consciousness: 50 voxels done Correlation: 0.28094174726452187
Network 8 - Consciousness: 150 voxels done Correlation: 0.3279414846517923
Network 8 - Consciousness: 250 voxels done Correlation: 0.37182677589153224
Network 8 - Consciousness: 500 voxels done Correlation: 0.3132189691234532
Network 8 - Consciousness: 750 voxels done Correlation: 0.4036505300887089
Network 8 - Consciousness: 1000 voxels done Correlation: 0.3917461394154119
Network 8 - Consciousness: 1500 voxels done Correlation: 0.4282013207008879
Network 8 - Consciousness: 3000 voxels done Correlation: 0.41278746742925587
Network 8 - Consciousness: 5000 voxels done Correlation: 0.4469958542620381
Network 8 - Consciousness: 6500 voxels done Correlation: 0.464126093554345
Network 8 - Consciousness: 10000 voxels done Correlation: 0.47087646220151974
Network 8 - Consciousness: 15000 voxels done Correlation: 0.455115912435341
Network 8 - Consciousness: 25000 voxels done Correlation: 0.4605824736015164
Network 8 - Consciousness: 50000 voxels done Correlation: 0.46529667273184117
