Running job on: markov
Iteration: 890
Starting spatial evaluation...
/home/fhopp/.conda/envs/mjs/lib/python3.8/site-packages/nilearn/maskers/nifti_masker.py:110: UserWarning: imgs are being resampled to the mask_img resolution. This process is memory intensive. You might want to provide a target_affine that is equal to the affine of the imgs or resample the mask beforehand to save memory and computation time.
  warnings.warn(
/home/fhopp/.conda/envs/mjs/lib/python3.8/site-packages/nilearn/masking.py:980: UserWarning: Data array used to create a new image contains 64-bit ints. This is likely due to creating the array with numpy and passing `int` as the `dtype`. Many tools such as FSL and SPM cannot deal with int64 in Nifti images, so for compatibility the data has been converted to int32.
  return new_img_like(mask_img, unmasked, affine)
Network 0 - Visual: 50 voxels done Correlation: 0.6739737892460889
Network 0 - Visual: 150 voxels done Correlation: 0.6331216588491873
Network 0 - Visual: 250 voxels done Correlation: 0.6360351555110468
Network 0 - Visual: 500 voxels done Correlation: 0.6050437383505451
Network 0 - Visual: 750 voxels done Correlation: 0.590584716668958
Network 0 - Visual: 1000 voxels done Correlation: 0.5680846765133887
Network 0 - Visual: 1500 voxels done Correlation: 0.6018221832149099
Network 0 - Visual: 3000 voxels done Correlation: 0.6201118040175473
Network 0 - Visual: 5000 voxels done Correlation: 0.6348963333033812
Network 0 - Visual: 6500 voxels done Correlation: 0.6186688750002284
Network 0 - Visual: 10000 voxels done Correlation: 0.6361735945654244
Network 0 - Visual: 15000 voxels done Correlation: 0.629610157324648
/home/fhopp/.conda/envs/mjs/lib/python3.8/site-packages/nilearn/masking.py:980: UserWarning: Data array used to create a new image contains 64-bit ints. This is likely due to creating the array with numpy and passing `int` as the `dtype`. Many tools such as FSL and SPM cannot deal with int64 in Nifti images, so for compatibility the data has been converted to int32.
  return new_img_like(mask_img, unmasked, affine)
Network 1 - Somatomotor: 50 voxels done Correlation: 0.20283912904146123
Network 1 - Somatomotor: 150 voxels done Correlation: 0.29253791525389206
Network 1 - Somatomotor: 250 voxels done Correlation: 0.3526903667767481
Network 1 - Somatomotor: 500 voxels done Correlation: 0.4041875596534329
Network 1 - Somatomotor: 750 voxels done Correlation: 0.33558319010796406
Network 1 - Somatomotor: 1000 voxels done Correlation: 0.3501088171299407
Network 1 - Somatomotor: 1500 voxels done Correlation: 0.33854076640117015
Network 1 - Somatomotor: 3000 voxels done Correlation: 0.343783481959796
Network 1 - Somatomotor: 5000 voxels done Correlation: 0.34309433140276524
Network 1 - Somatomotor: 6500 voxels done Correlation: 0.3372877546126769
Network 1 - Somatomotor: 10000 voxels done Correlation: 0.3354138103980261
Network 1 - Somatomotor: 15000 voxels done Correlation: 0.3443698613634269
/home/fhopp/.conda/envs/mjs/lib/python3.8/site-packages/nilearn/masking.py:980: UserWarning: Data array used to create a new image contains 64-bit ints. This is likely due to creating the array with numpy and passing `int` as the `dtype`. Many tools such as FSL and SPM cannot deal with int64 in Nifti images, so for compatibility the data has been converted to int32.
  return new_img_like(mask_img, unmasked, affine)
Network 2 - dAttention: 50 voxels done Correlation: 0.23883967016347796
Network 2 - dAttention: 150 voxels done Correlation: 0.33414304395304517
Network 2 - dAttention: 250 voxels done Correlation: 0.32046758363128425
Network 2 - dAttention: 500 voxels done Correlation: 0.3095502348479171
Network 2 - dAttention: 750 voxels done Correlation: 0.2931271344605353
Network 2 - dAttention: 1000 voxels done Correlation: 0.34821006935027266
Network 2 - dAttention: 1500 voxels done Correlation: 0.2745255850547418
Network 2 - dAttention: 3000 voxels done Correlation: 0.3343315113511577
Network 2 - dAttention: 5000 voxels done Correlation: 0.3335605874327382
Network 2 - dAttention: 6500 voxels done Correlation: 0.3460898258614996
Network 2 - dAttention: 10000 voxels done Correlation: 0.3385938929777651
Network 2 - dAttention: 15000 voxels done Correlation: 0.33031745770029564
/home/fhopp/.conda/envs/mjs/lib/python3.8/site-packages/nilearn/masking.py:980: UserWarning: Data array used to create a new image contains 64-bit ints. This is likely due to creating the array with numpy and passing `int` as the `dtype`. Many tools such as FSL and SPM cannot deal with int64 in Nifti images, so for compatibility the data has been converted to int32.
  return new_img_like(mask_img, unmasked, affine)
Network 3 - vAttention: 50 voxels done Correlation: 0.22437670900351867
Network 3 - vAttention: 150 voxels done Correlation: 0.2695320122646701
Network 3 - vAttention: 250 voxels done Correlation: 0.3015361603850776
Network 3 - vAttention: 500 voxels done Correlation: 0.35678791413328975
Network 3 - vAttention: 750 voxels done Correlation: 0.30627929983450075
Network 3 - vAttention: 1000 voxels done Correlation: 0.30954126187793374
Network 3 - vAttention: 1500 voxels done Correlation: 0.3744414603765602
Network 3 - vAttention: 3000 voxels done Correlation: 0.3386410306574008
Network 3 - vAttention: 5000 voxels done Correlation: 0.3743462556337932
Network 3 - vAttention: 6500 voxels done Correlation: 0.36786725341669335
Network 3 - vAttention: 10000 voxels done Correlation: 0.3842990183206699
Network 3 - vAttention: 15000 voxels done Correlation: 0.38647531993774353
/home/fhopp/.conda/envs/mjs/lib/python3.8/site-packages/nilearn/masking.py:980: UserWarning: Data array used to create a new image contains 64-bit ints. This is likely due to creating the array with numpy and passing `int` as the `dtype`. Many tools such as FSL and SPM cannot deal with int64 in Nifti images, so for compatibility the data has been converted to int32.
  return new_img_like(mask_img, unmasked, affine)
Network 4 - Limbic: 50 voxels done Correlation: 0.11972390585681442
Network 4 - Limbic: 150 voxels done Correlation: 0.17167235247245888
Network 4 - Limbic: 250 voxels done Correlation: 0.22799076957756112
Network 4 - Limbic: 500 voxels done Correlation: 0.26355567119667245
Network 4 - Limbic: 750 voxels done Correlation: 0.2914501110254927
Network 4 - Limbic: 1000 voxels done Correlation: 0.27535241454098536
Network 4 - Limbic: 1500 voxels done Correlation: 0.26950058297133617
Network 4 - Limbic: 3000 voxels done Correlation: 0.29274739017311746
Network 4 - Limbic: 5000 voxels done Correlation: 0.27702675177744696
Network 4 - Limbic: 6500 voxels done Correlation: 0.28369321905675593
Network 4 - Limbic: 10000 voxels done Correlation: 0.28536575960025035
/home/fhopp/.conda/envs/mjs/lib/python3.8/site-packages/nilearn/masking.py:980: UserWarning: Data array used to create a new image contains 64-bit ints. This is likely due to creating the array with numpy and passing `int` as the `dtype`. Many tools such as FSL and SPM cannot deal with int64 in Nifti images, so for compatibility the data has been converted to int32.
  return new_img_like(mask_img, unmasked, affine)
Network 5 - Frontoparietal: 50 voxels done Correlation: 0.1338521068118075
Network 5 - Frontoparietal: 150 voxels done Correlation: 0.14687764953892532
Network 5 - Frontoparietal: 250 voxels done Correlation: 0.2195259913875232
Network 5 - Frontoparietal: 500 voxels done Correlation: 0.21624200077293837
Network 5 - Frontoparietal: 750 voxels done Correlation: 0.2588723440254308
Network 5 - Frontoparietal: 1000 voxels done Correlation: 0.24350214384084862
Network 5 - Frontoparietal: 1500 voxels done Correlation: 0.23716167447807396
Network 5 - Frontoparietal: 3000 voxels done Correlation: 0.22113741136165554
Network 5 - Frontoparietal: 5000 voxels done Correlation: 0.2283932830410929
Network 5 - Frontoparietal: 6500 voxels done Correlation: 0.22306201971886808
Network 5 - Frontoparietal: 10000 voxels done Correlation: 0.23638797925293448
Network 5 - Frontoparietal: 15000 voxels done Correlation: 0.23758272444006
/home/fhopp/.conda/envs/mjs/lib/python3.8/site-packages/nilearn/masking.py:980: UserWarning: Data array used to create a new image contains 64-bit ints. This is likely due to creating the array with numpy and passing `int` as the `dtype`. Many tools such as FSL and SPM cannot deal with int64 in Nifti images, so for compatibility the data has been converted to int32.
  return new_img_like(mask_img, unmasked, affine)
Network 6 - Default Mode: 50 voxels done Correlation: 0.340905280173563
Network 6 - Default Mode: 150 voxels done Correlation: 0.35410309903492
Network 6 - Default Mode: 250 voxels done Correlation: 0.2693083618436444
Network 6 - Default Mode: 500 voxels done Correlation: 0.37702713709374824
Network 6 - Default Mode: 750 voxels done Correlation: 0.37544372762995537
Network 6 - Default Mode: 1000 voxels done Correlation: 0.3839164083208888
Network 6 - Default Mode: 1500 voxels done Correlation: 0.34125726256582234
Network 6 - Default Mode: 3000 voxels done Correlation: 0.39440016798911953
Network 6 - Default Mode: 5000 voxels done Correlation: 0.4078900267398282
Network 6 - Default Mode: 6500 voxels done Correlation: 0.4151403793969678
Network 6 - Default Mode: 10000 voxels done Correlation: 0.39766362716340475
Network 6 - Default Mode: 15000 voxels done Correlation: 0.413150769339228
Network 6 - Default Mode: 25000 voxels done Correlation: 0.4077142753635657
/home/fhopp/.conda/envs/mjs/lib/python3.8/site-packages/nilearn/masking.py:980: UserWarning: Data array used to create a new image contains 64-bit ints. This is likely due to creating the array with numpy and passing `int` as the `dtype`. Many tools such as FSL and SPM cannot deal with int64 in Nifti images, so for compatibility the data has been converted to int32.
  return new_img_like(mask_img, unmasked, affine)
Network 7 - Subcortical: 50 voxels done Correlation: 0.12333993465060875
Network 7 - Subcortical: 150 voxels done Correlation: 0.22812659572682445
Network 7 - Subcortical: 250 voxels done Correlation: 0.2516100502413937
Network 7 - Subcortical: 500 voxels done Correlation: 0.20576192637411628
Network 7 - Subcortical: 750 voxels done Correlation: 0.20504563792285513
Network 7 - Subcortical: 1000 voxels done Correlation: 0.23462996640263994
Network 7 - Subcortical: 1500 voxels done Correlation: 0.18918619085791993
Network 7 - Subcortical: 3000 voxels done Correlation: 0.18787180855184743
Network 7 - Subcortical: 5000 voxels done Correlation: 0.1764494551992655
Network 7 - Subcortical: 6500 voxels done Correlation: 0.16794700467802653
Network 7 - Subcortical: 10000 voxels done Correlation: 0.16530017419458892
Network 8 - Consciousness: 50 voxels done Correlation: 0.1854738687810685
Network 8 - Consciousness: 150 voxels done Correlation: 0.33919322299965504
Network 8 - Consciousness: 250 voxels done Correlation: 0.38001869213330686
Network 8 - Consciousness: 500 voxels done Correlation: 0.3373112363780981
Network 8 - Consciousness: 750 voxels done Correlation: 0.4611930178600774
Network 8 - Consciousness: 1000 voxels done Correlation: 0.33617738545131265
Network 8 - Consciousness: 1500 voxels done Correlation: 0.4260850663796785
Network 8 - Consciousness: 3000 voxels done Correlation: 0.45497137796302134
Network 8 - Consciousness: 5000 voxels done Correlation: 0.4703428883756925
Network 8 - Consciousness: 6500 voxels done Correlation: 0.47540455966036504
Network 8 - Consciousness: 10000 voxels done Correlation: 0.48067591456022396
Network 8 - Consciousness: 15000 voxels done Correlation: 0.4786377993219867
Network 8 - Consciousness: 25000 voxels done Correlation: 0.4561491727868844
Network 8 - Consciousness: 50000 voxels done Correlation: 0.4652353666559885
