Running job on: ada
Iteration: 891
Starting spatial evaluation...
/home/fhopp/.conda/envs/mjs/lib/python3.8/site-packages/nilearn/maskers/nifti_masker.py:110: UserWarning: imgs are being resampled to the mask_img resolution. This process is memory intensive. You might want to provide a target_affine that is equal to the affine of the imgs or resample the mask beforehand to save memory and computation time.
  warnings.warn(
/home/fhopp/.conda/envs/mjs/lib/python3.8/site-packages/nilearn/masking.py:980: UserWarning: Data array used to create a new image contains 64-bit ints. This is likely due to creating the array with numpy and passing `int` as the `dtype`. Many tools such as FSL and SPM cannot deal with int64 in Nifti images, so for compatibility the data has been converted to int32.
  return new_img_like(mask_img, unmasked, affine)
Network 0 - Visual: 50 voxels done Correlation: 0.6571958830075488
Network 0 - Visual: 150 voxels done Correlation: 0.7077682961306548
Network 0 - Visual: 250 voxels done Correlation: 0.65208676065951
Network 0 - Visual: 500 voxels done Correlation: 0.5734058815745036
Network 0 - Visual: 750 voxels done Correlation: 0.6201202756230125
Network 0 - Visual: 1000 voxels done Correlation: 0.5801740670841946
Network 0 - Visual: 1500 voxels done Correlation: 0.6283259845401503
Network 0 - Visual: 3000 voxels done Correlation: 0.6201046456064436
Network 0 - Visual: 5000 voxels done Correlation: 0.6152756286263213
Network 0 - Visual: 6500 voxels done Correlation: 0.6271024635041402
Network 0 - Visual: 10000 voxels done Correlation: 0.6212281187252645
Network 0 - Visual: 15000 voxels done Correlation: 0.6269258359831589
/home/fhopp/.conda/envs/mjs/lib/python3.8/site-packages/nilearn/masking.py:980: UserWarning: Data array used to create a new image contains 64-bit ints. This is likely due to creating the array with numpy and passing `int` as the `dtype`. Many tools such as FSL and SPM cannot deal with int64 in Nifti images, so for compatibility the data has been converted to int32.
  return new_img_like(mask_img, unmasked, affine)
Network 1 - Somatomotor: 50 voxels done Correlation: 0.2910589520930501
Network 1 - Somatomotor: 150 voxels done Correlation: 0.22523650659018024
Network 1 - Somatomotor: 250 voxels done Correlation: 0.31010468608967023
Network 1 - Somatomotor: 500 voxels done Correlation: 0.36525682987022934
Network 1 - Somatomotor: 750 voxels done Correlation: 0.3745162524329861
Network 1 - Somatomotor: 1000 voxels done Correlation: 0.33666198894480115
Network 1 - Somatomotor: 1500 voxels done Correlation: 0.36032987179645304
Network 1 - Somatomotor: 3000 voxels done Correlation: 0.33880209440659237
Network 1 - Somatomotor: 5000 voxels done Correlation: 0.3348240635042542
Network 1 - Somatomotor: 6500 voxels done Correlation: 0.3476496277032206
Network 1 - Somatomotor: 10000 voxels done Correlation: 0.34826233695517905
Network 1 - Somatomotor: 15000 voxels done Correlation: 0.3459995345229787
/home/fhopp/.conda/envs/mjs/lib/python3.8/site-packages/nilearn/masking.py:980: UserWarning: Data array used to create a new image contains 64-bit ints. This is likely due to creating the array with numpy and passing `int` as the `dtype`. Many tools such as FSL and SPM cannot deal with int64 in Nifti images, so for compatibility the data has been converted to int32.
  return new_img_like(mask_img, unmasked, affine)
Network 2 - dAttention: 50 voxels done Correlation: 0.16207847573653578
Network 2 - dAttention: 150 voxels done Correlation: 0.28240764032089666
Network 2 - dAttention: 250 voxels done Correlation: 0.3043412269322987
Network 2 - dAttention: 500 voxels done Correlation: 0.27400612779254685
Network 2 - dAttention: 750 voxels done Correlation: 0.29419906825881426
Network 2 - dAttention: 1000 voxels done Correlation: 0.3091841738899502
Network 2 - dAttention: 1500 voxels done Correlation: 0.3456234030477272
Network 2 - dAttention: 3000 voxels done Correlation: 0.3155478113446335
Network 2 - dAttention: 5000 voxels done Correlation: 0.3265375549615408
Network 2 - dAttention: 6500 voxels done Correlation: 0.33053799412909923
Network 2 - dAttention: 10000 voxels done Correlation: 0.3375302760430682
Network 2 - dAttention: 15000 voxels done Correlation: 0.33301768867690795
/home/fhopp/.conda/envs/mjs/lib/python3.8/site-packages/nilearn/masking.py:980: UserWarning: Data array used to create a new image contains 64-bit ints. This is likely due to creating the array with numpy and passing `int` as the `dtype`. Many tools such as FSL and SPM cannot deal with int64 in Nifti images, so for compatibility the data has been converted to int32.
  return new_img_like(mask_img, unmasked, affine)
Network 3 - vAttention: 50 voxels done Correlation: 0.265991690033623
Network 3 - vAttention: 150 voxels done Correlation: 0.2996547230512653
Network 3 - vAttention: 250 voxels done Correlation: 0.37287461502899
Network 3 - vAttention: 500 voxels done Correlation: 0.2873439596719929
Network 3 - vAttention: 750 voxels done Correlation: 0.28407365383617084
Network 3 - vAttention: 1000 voxels done Correlation: 0.36087343874227784
Network 3 - vAttention: 1500 voxels done Correlation: 0.3110825117079462
Network 3 - vAttention: 3000 voxels done Correlation: 0.35510861305725583
Network 3 - vAttention: 5000 voxels done Correlation: 0.39270825699266304
Network 3 - vAttention: 6500 voxels done Correlation: 0.3933493699034575
Network 3 - vAttention: 10000 voxels done Correlation: 0.38443296079846145
Network 3 - vAttention: 15000 voxels done Correlation: 0.38770440133610823
/home/fhopp/.conda/envs/mjs/lib/python3.8/site-packages/nilearn/masking.py:980: UserWarning: Data array used to create a new image contains 64-bit ints. This is likely due to creating the array with numpy and passing `int` as the `dtype`. Many tools such as FSL and SPM cannot deal with int64 in Nifti images, so for compatibility the data has been converted to int32.
  return new_img_like(mask_img, unmasked, affine)
Network 4 - Limbic: 50 voxels done Correlation: 0.23972388323155094
Network 4 - Limbic: 150 voxels done Correlation: 0.27251743502965187
Network 4 - Limbic: 250 voxels done Correlation: 0.2768973788365654
Network 4 - Limbic: 500 voxels done Correlation: 0.2540697705917627
Network 4 - Limbic: 750 voxels done Correlation: 0.2515261141011372
Network 4 - Limbic: 1000 voxels done Correlation: 0.2299482899664184
Network 4 - Limbic: 1500 voxels done Correlation: 0.2814074598852726
Network 4 - Limbic: 3000 voxels done Correlation: 0.3028629636189801
Network 4 - Limbic: 5000 voxels done Correlation: 0.2879719531285033
Network 4 - Limbic: 6500 voxels done Correlation: 0.2892020101147437
Network 4 - Limbic: 10000 voxels done Correlation: 0.2859080039653693
/home/fhopp/.conda/envs/mjs/lib/python3.8/site-packages/nilearn/masking.py:980: UserWarning: Data array used to create a new image contains 64-bit ints. This is likely due to creating the array with numpy and passing `int` as the `dtype`. Many tools such as FSL and SPM cannot deal with int64 in Nifti images, so for compatibility the data has been converted to int32.
  return new_img_like(mask_img, unmasked, affine)
Network 5 - Frontoparietal: 50 voxels done Correlation: 0.1906617265008036
Network 5 - Frontoparietal: 150 voxels done Correlation: 0.16140581471318632
Network 5 - Frontoparietal: 250 voxels done Correlation: 0.19695663056720053
Network 5 - Frontoparietal: 500 voxels done Correlation: 0.2599349678946892
Network 5 - Frontoparietal: 750 voxels done Correlation: 0.16944964755455239
Network 5 - Frontoparietal: 1000 voxels done Correlation: 0.22643630156130784
Network 5 - Frontoparietal: 1500 voxels done Correlation: 0.23685831157089593
Network 5 - Frontoparietal: 3000 voxels done Correlation: 0.22155559588135357
Network 5 - Frontoparietal: 5000 voxels done Correlation: 0.2143027448048267
Network 5 - Frontoparietal: 6500 voxels done Correlation: 0.2595997271305168
Network 5 - Frontoparietal: 10000 voxels done Correlation: 0.2346247642125991
Network 5 - Frontoparietal: 15000 voxels done Correlation: 0.2367796089715546
/home/fhopp/.conda/envs/mjs/lib/python3.8/site-packages/nilearn/masking.py:980: UserWarning: Data array used to create a new image contains 64-bit ints. This is likely due to creating the array with numpy and passing `int` as the `dtype`. Many tools such as FSL and SPM cannot deal with int64 in Nifti images, so for compatibility the data has been converted to int32.
  return new_img_like(mask_img, unmasked, affine)
Network 6 - Default Mode: 50 voxels done Correlation: 0.275540013632758
Network 6 - Default Mode: 150 voxels done Correlation: 0.36529754444614315
Network 6 - Default Mode: 250 voxels done Correlation: 0.350335775208671
Network 6 - Default Mode: 500 voxels done Correlation: 0.34918742291237925
Network 6 - Default Mode: 750 voxels done Correlation: 0.3583633511259988
Network 6 - Default Mode: 1000 voxels done Correlation: 0.33311204156991947
Network 6 - Default Mode: 1500 voxels done Correlation: 0.3512967135178878
Network 6 - Default Mode: 3000 voxels done Correlation: 0.39358031341635014
Network 6 - Default Mode: 5000 voxels done Correlation: 0.37445086164256636
Network 6 - Default Mode: 6500 voxels done Correlation: 0.41915300069316747
Network 6 - Default Mode: 10000 voxels done Correlation: 0.40148910912838104
Network 6 - Default Mode: 15000 voxels done Correlation: 0.4146010234284263
Network 6 - Default Mode: 25000 voxels done Correlation: 0.4067331800757431
/home/fhopp/.conda/envs/mjs/lib/python3.8/site-packages/nilearn/masking.py:980: UserWarning: Data array used to create a new image contains 64-bit ints. This is likely due to creating the array with numpy and passing `int` as the `dtype`. Many tools such as FSL and SPM cannot deal with int64 in Nifti images, so for compatibility the data has been converted to int32.
  return new_img_like(mask_img, unmasked, affine)
Network 7 - Subcortical: 50 voxels done Correlation: 0.18281088132371548
Network 7 - Subcortical: 150 voxels done Correlation: 0.23797885752433628
Network 7 - Subcortical: 250 voxels done Correlation: 0.22746885119209537
Network 7 - Subcortical: 500 voxels done Correlation: 0.2493399766553259
Network 7 - Subcortical: 750 voxels done Correlation: 0.278608928503665
Network 7 - Subcortical: 1000 voxels done Correlation: 0.2623085176615836
Network 7 - Subcortical: 1500 voxels done Correlation: 0.20812504358609102
Network 7 - Subcortical: 3000 voxels done Correlation: 0.19969174976784132
Network 7 - Subcortical: 5000 voxels done Correlation: 0.16858404432496144
Network 7 - Subcortical: 6500 voxels done Correlation: 0.16190553538036967
Network 7 - Subcortical: 10000 voxels done Correlation: 0.17195240898395714
Network 8 - Consciousness: 50 voxels done Correlation: 0.2894984868861924
Network 8 - Consciousness: 150 voxels done Correlation: 0.2794717748295779
Network 8 - Consciousness: 250 voxels done Correlation: 0.43126898318029433
Network 8 - Consciousness: 500 voxels done Correlation: 0.3251828097936855
Network 8 - Consciousness: 750 voxels done Correlation: 0.4275169032641804
Network 8 - Consciousness: 1000 voxels done Correlation: 0.4477764736830474
Network 8 - Consciousness: 1500 voxels done Correlation: 0.42120025935496214
Network 8 - Consciousness: 3000 voxels done Correlation: 0.4438651392960887
Network 8 - Consciousness: 5000 voxels done Correlation: 0.478334180643514
Network 8 - Consciousness: 6500 voxels done Correlation: 0.44041313147004385
Network 8 - Consciousness: 10000 voxels done Correlation: 0.45547404770485
Network 8 - Consciousness: 15000 voxels done Correlation: 0.4731218957079787
Network 8 - Consciousness: 25000 voxels done Correlation: 0.45921101679531606
Network 8 - Consciousness: 50000 voxels done Correlation: 0.4649965636647285
