Running job on: wood
Iteration: 623
Starting spatial evaluation...
/home/fhopp/.conda/envs/mjs/lib/python3.8/site-packages/nilearn/maskers/nifti_masker.py:110: UserWarning: imgs are being resampled to the mask_img resolution. This process is memory intensive. You might want to provide a target_affine that is equal to the affine of the imgs or resample the mask beforehand to save memory and computation time.
  warnings.warn(
/home/fhopp/.conda/envs/mjs/lib/python3.8/site-packages/nilearn/masking.py:980: UserWarning: Data array used to create a new image contains 64-bit ints. This is likely due to creating the array with numpy and passing `int` as the `dtype`. Many tools such as FSL and SPM cannot deal with int64 in Nifti images, so for compatibility the data has been converted to int32.
  return new_img_like(mask_img, unmasked, affine)
Network 0 - Visual: 50 voxels done Correlation: 0.6866054882631139
Network 0 - Visual: 150 voxels done Correlation: 0.5466714042922634
Network 0 - Visual: 250 voxels done Correlation: 0.6469374474455947
Network 0 - Visual: 500 voxels done Correlation: 0.5479793323815654
Network 0 - Visual: 750 voxels done Correlation: 0.6226671040165599
Network 0 - Visual: 1000 voxels done Correlation: 0.664913651413352
Network 0 - Visual: 1500 voxels done Correlation: 0.6207222214909908
Network 0 - Visual: 3000 voxels done Correlation: 0.6087637334662439
Network 0 - Visual: 5000 voxels done Correlation: 0.6369525782584435
Network 0 - Visual: 6500 voxels done Correlation: 0.6207877391300054
Network 0 - Visual: 10000 voxels done Correlation: 0.6310588795173719
Network 0 - Visual: 15000 voxels done Correlation: 0.6268114234796139
/home/fhopp/.conda/envs/mjs/lib/python3.8/site-packages/nilearn/masking.py:980: UserWarning: Data array used to create a new image contains 64-bit ints. This is likely due to creating the array with numpy and passing `int` as the `dtype`. Many tools such as FSL and SPM cannot deal with int64 in Nifti images, so for compatibility the data has been converted to int32.
  return new_img_like(mask_img, unmasked, affine)
Network 1 - Somatomotor: 50 voxels done Correlation: 0.27639716450721274
Network 1 - Somatomotor: 150 voxels done Correlation: 0.29874192783433157
Network 1 - Somatomotor: 250 voxels done Correlation: 0.43073554090178867
Network 1 - Somatomotor: 500 voxels done Correlation: 0.3282704972504656
Network 1 - Somatomotor: 750 voxels done Correlation: 0.376803958583493
Network 1 - Somatomotor: 1000 voxels done Correlation: 0.29474502846715545
Network 1 - Somatomotor: 1500 voxels done Correlation: 0.3199056731522787
Network 1 - Somatomotor: 3000 voxels done Correlation: 0.33199455928944677
Network 1 - Somatomotor: 5000 voxels done Correlation: 0.34171689737989064
Network 1 - Somatomotor: 6500 voxels done Correlation: 0.3439994099275919
Network 1 - Somatomotor: 10000 voxels done Correlation: 0.3396292627566493
Network 1 - Somatomotor: 15000 voxels done Correlation: 0.34515191714954024
/home/fhopp/.conda/envs/mjs/lib/python3.8/site-packages/nilearn/masking.py:980: UserWarning: Data array used to create a new image contains 64-bit ints. This is likely due to creating the array with numpy and passing `int` as the `dtype`. Many tools such as FSL and SPM cannot deal with int64 in Nifti images, so for compatibility the data has been converted to int32.
  return new_img_like(mask_img, unmasked, affine)
Network 2 - dAttention: 50 voxels done Correlation: 0.2520798482798542
Network 2 - dAttention: 150 voxels done Correlation: 0.24040893314625056
Network 2 - dAttention: 250 voxels done Correlation: 0.2519236340671992
Network 2 - dAttention: 500 voxels done Correlation: 0.3179991890591946
Network 2 - dAttention: 750 voxels done Correlation: 0.34324152630097265
Network 2 - dAttention: 1000 voxels done Correlation: 0.3155795766062598
Network 2 - dAttention: 1500 voxels done Correlation: 0.277467816751814
Network 2 - dAttention: 3000 voxels done Correlation: 0.31837554072558516
Network 2 - dAttention: 5000 voxels done Correlation: 0.3076589224598496
Network 2 - dAttention: 6500 voxels done Correlation: 0.32323542253275694
Network 2 - dAttention: 10000 voxels done Correlation: 0.3302745290503471
Network 2 - dAttention: 15000 voxels done Correlation: 0.33315861723389223
/home/fhopp/.conda/envs/mjs/lib/python3.8/site-packages/nilearn/masking.py:980: UserWarning: Data array used to create a new image contains 64-bit ints. This is likely due to creating the array with numpy and passing `int` as the `dtype`. Many tools such as FSL and SPM cannot deal with int64 in Nifti images, so for compatibility the data has been converted to int32.
  return new_img_like(mask_img, unmasked, affine)
Network 3 - vAttention: 50 voxels done Correlation: 0.16984685909601457
Network 3 - vAttention: 150 voxels done Correlation: 0.2858413287585513
Network 3 - vAttention: 250 voxels done Correlation: 0.28134399070781857
Network 3 - vAttention: 500 voxels done Correlation: 0.3349343819514615
Network 3 - vAttention: 750 voxels done Correlation: 0.3225913915004167
Network 3 - vAttention: 1000 voxels done Correlation: 0.34424109509945555
Network 3 - vAttention: 1500 voxels done Correlation: 0.35105025817039903
Network 3 - vAttention: 3000 voxels done Correlation: 0.3768335014293459
Network 3 - vAttention: 5000 voxels done Correlation: 0.37987200429368173
Network 3 - vAttention: 6500 voxels done Correlation: 0.3868445417715253
Network 3 - vAttention: 10000 voxels done Correlation: 0.3814532874804035
Network 3 - vAttention: 15000 voxels done Correlation: 0.38912321732282984
/home/fhopp/.conda/envs/mjs/lib/python3.8/site-packages/nilearn/masking.py:980: UserWarning: Data array used to create a new image contains 64-bit ints. This is likely due to creating the array with numpy and passing `int` as the `dtype`. Many tools such as FSL and SPM cannot deal with int64 in Nifti images, so for compatibility the data has been converted to int32.
  return new_img_like(mask_img, unmasked, affine)
Network 4 - Limbic: 50 voxels done Correlation: 0.003362556583222636
Network 4 - Limbic: 150 voxels done Correlation: 0.21159504366927318
Network 4 - Limbic: 250 voxels done Correlation: 0.2256327211946839
Network 4 - Limbic: 500 voxels done Correlation: 0.28885293916911936
Network 4 - Limbic: 750 voxels done Correlation: 0.29890485744991335
Network 4 - Limbic: 1000 voxels done Correlation: 0.2687100924151552
Network 4 - Limbic: 1500 voxels done Correlation: 0.2759621897996797
Network 4 - Limbic: 3000 voxels done Correlation: 0.2591485472060658
Network 4 - Limbic: 5000 voxels done Correlation: 0.28550458539721796
Network 4 - Limbic: 6500 voxels done Correlation: 0.2830245085312516
Network 4 - Limbic: 10000 voxels done Correlation: 0.2876057386838442
/home/fhopp/.conda/envs/mjs/lib/python3.8/site-packages/nilearn/masking.py:980: UserWarning: Data array used to create a new image contains 64-bit ints. This is likely due to creating the array with numpy and passing `int` as the `dtype`. Many tools such as FSL and SPM cannot deal with int64 in Nifti images, so for compatibility the data has been converted to int32.
  return new_img_like(mask_img, unmasked, affine)
Network 5 - Frontoparietal: 50 voxels done Correlation: 0.19676940207245192
Network 5 - Frontoparietal: 150 voxels done Correlation: 0.1914186641720385
Network 5 - Frontoparietal: 250 voxels done Correlation: 0.1796256849818082
Network 5 - Frontoparietal: 500 voxels done Correlation: 0.19306942049821413
Network 5 - Frontoparietal: 750 voxels done Correlation: 0.2331754941314681
Network 5 - Frontoparietal: 1000 voxels done Correlation: 0.16994692309421328
Network 5 - Frontoparietal: 1500 voxels done Correlation: 0.24584761987017278
Network 5 - Frontoparietal: 3000 voxels done Correlation: 0.23262368701110564
Network 5 - Frontoparietal: 5000 voxels done Correlation: 0.24723287252367304
Network 5 - Frontoparietal: 6500 voxels done Correlation: 0.2356273195277283
Network 5 - Frontoparietal: 10000 voxels done Correlation: 0.2320967194004852
Network 5 - Frontoparietal: 15000 voxels done Correlation: 0.2390707199691232
/home/fhopp/.conda/envs/mjs/lib/python3.8/site-packages/nilearn/masking.py:980: UserWarning: Data array used to create a new image contains 64-bit ints. This is likely due to creating the array with numpy and passing `int` as the `dtype`. Many tools such as FSL and SPM cannot deal with int64 in Nifti images, so for compatibility the data has been converted to int32.
  return new_img_like(mask_img, unmasked, affine)
Network 6 - Default Mode: 50 voxels done Correlation: 0.22900634551165838
Network 6 - Default Mode: 150 voxels done Correlation: 0.36978220570854703
Network 6 - Default Mode: 250 voxels done Correlation: 0.46368875730897813
Network 6 - Default Mode: 500 voxels done Correlation: 0.41608066404354627
Network 6 - Default Mode: 750 voxels done Correlation: 0.3885869274761473
Network 6 - Default Mode: 1000 voxels done Correlation: 0.38777455455412313
Network 6 - Default Mode: 1500 voxels done Correlation: 0.381185405706067
Network 6 - Default Mode: 3000 voxels done Correlation: 0.3697056291340749
Network 6 - Default Mode: 5000 voxels done Correlation: 0.4239509855123944
Network 6 - Default Mode: 6500 voxels done Correlation: 0.40875333567173666
Network 6 - Default Mode: 10000 voxels done Correlation: 0.4015015441491836
Network 6 - Default Mode: 15000 voxels done Correlation: 0.4079463065348772
Network 6 - Default Mode: 25000 voxels done Correlation: 0.40766900200559325
/home/fhopp/.conda/envs/mjs/lib/python3.8/site-packages/nilearn/masking.py:980: UserWarning: Data array used to create a new image contains 64-bit ints. This is likely due to creating the array with numpy and passing `int` as the `dtype`. Many tools such as FSL and SPM cannot deal with int64 in Nifti images, so for compatibility the data has been converted to int32.
  return new_img_like(mask_img, unmasked, affine)
Network 7 - Subcortical: 50 voxels done Correlation: 0.1359904007417551
Network 7 - Subcortical: 150 voxels done Correlation: 0.20215278930198674
Network 7 - Subcortical: 250 voxels done Correlation: 0.21895984359312684
Network 7 - Subcortical: 500 voxels done Correlation: 0.20403014885731718
Network 7 - Subcortical: 750 voxels done Correlation: 0.2469522502004034
Network 7 - Subcortical: 1000 voxels done Correlation: 0.18438943768975227
Network 7 - Subcortical: 1500 voxels done Correlation: 0.21175857077602747
Network 7 - Subcortical: 3000 voxels done Correlation: 0.16068453814976838
Network 7 - Subcortical: 5000 voxels done Correlation: 0.15866513194120946
Network 7 - Subcortical: 6500 voxels done Correlation: 0.15414129100063934
Network 7 - Subcortical: 10000 voxels done Correlation: 0.16960922901345
Network 8 - Consciousness: 50 voxels done Correlation: 0.3270802829645342
Network 8 - Consciousness: 150 voxels done Correlation: 0.397857182611497
Network 8 - Consciousness: 250 voxels done Correlation: 0.35983611423912354
Network 8 - Consciousness: 500 voxels done Correlation: 0.38352875249706486
Network 8 - Consciousness: 750 voxels done Correlation: 0.36255169350471317
Network 8 - Consciousness: 1000 voxels done Correlation: 0.3170960097419899
Network 8 - Consciousness: 1500 voxels done Correlation: 0.4115599841358438
Network 8 - Consciousness: 3000 voxels done Correlation: 0.44315051916210674
Network 8 - Consciousness: 5000 voxels done Correlation: 0.4315313257935441
Network 8 - Consciousness: 6500 voxels done Correlation: 0.43638016076934016
Network 8 - Consciousness: 10000 voxels done Correlation: 0.47036186919149836
Network 8 - Consciousness: 15000 voxels done Correlation: 0.46561934231996827
Network 8 - Consciousness: 25000 voxels done Correlation: 0.45801716810532134
Network 8 - Consciousness: 50000 voxels done Correlation: 0.46753467951990635
