Running job on: wood
Iteration: 241
Starting spatial evaluation...
/home/fhopp/.conda/envs/mjs/lib/python3.8/site-packages/nilearn/maskers/nifti_masker.py:110: UserWarning: imgs are being resampled to the mask_img resolution. This process is memory intensive. You might want to provide a target_affine that is equal to the affine of the imgs or resample the mask beforehand to save memory and computation time.
  warnings.warn(
/home/fhopp/.conda/envs/mjs/lib/python3.8/site-packages/nilearn/masking.py:980: UserWarning: Data array used to create a new image contains 64-bit ints. This is likely due to creating the array with numpy and passing `int` as the `dtype`. Many tools such as FSL and SPM cannot deal with int64 in Nifti images, so for compatibility the data has been converted to int32.
  return new_img_like(mask_img, unmasked, affine)
Network 0 - Visual: 50 voxels done Correlation: 0.7386929824328429
Network 0 - Visual: 150 voxels done Correlation: 0.6466127545475517
Network 0 - Visual: 250 voxels done Correlation: 0.6198751973467743
Network 0 - Visual: 500 voxels done Correlation: 0.5536112538746745
Network 0 - Visual: 750 voxels done Correlation: 0.5380659515149642
Network 0 - Visual: 1000 voxels done Correlation: 0.638603879609702
Network 0 - Visual: 1500 voxels done Correlation: 0.6360098257111926
Network 0 - Visual: 3000 voxels done Correlation: 0.656056392272871
Network 0 - Visual: 5000 voxels done Correlation: 0.6156676924881812
Network 0 - Visual: 6500 voxels done Correlation: 0.6285819423739352
Network 0 - Visual: 10000 voxels done Correlation: 0.6330344395049425
Network 0 - Visual: 15000 voxels done Correlation: 0.6314070436564894
/home/fhopp/.conda/envs/mjs/lib/python3.8/site-packages/nilearn/masking.py:980: UserWarning: Data array used to create a new image contains 64-bit ints. This is likely due to creating the array with numpy and passing `int` as the `dtype`. Many tools such as FSL and SPM cannot deal with int64 in Nifti images, so for compatibility the data has been converted to int32.
  return new_img_like(mask_img, unmasked, affine)
Network 1 - Somatomotor: 50 voxels done Correlation: 0.365796159071909
Network 1 - Somatomotor: 150 voxels done Correlation: 0.2711650895600077
Network 1 - Somatomotor: 250 voxels done Correlation: 0.3256238954994443
Network 1 - Somatomotor: 500 voxels done Correlation: 0.34134285775404427
Network 1 - Somatomotor: 750 voxels done Correlation: 0.34256408797783977
Network 1 - Somatomotor: 1000 voxels done Correlation: 0.34024412605178656
Network 1 - Somatomotor: 1500 voxels done Correlation: 0.3626200965745693
Network 1 - Somatomotor: 3000 voxels done Correlation: 0.3287846839526306
Network 1 - Somatomotor: 5000 voxels done Correlation: 0.3267981235009897
Network 1 - Somatomotor: 6500 voxels done Correlation: 0.3589443259397152
Network 1 - Somatomotor: 10000 voxels done Correlation: 0.3486265669567611
Network 1 - Somatomotor: 15000 voxels done Correlation: 0.34650089147436347
/home/fhopp/.conda/envs/mjs/lib/python3.8/site-packages/nilearn/masking.py:980: UserWarning: Data array used to create a new image contains 64-bit ints. This is likely due to creating the array with numpy and passing `int` as the `dtype`. Many tools such as FSL and SPM cannot deal with int64 in Nifti images, so for compatibility the data has been converted to int32.
  return new_img_like(mask_img, unmasked, affine)
Network 2 - dAttention: 50 voxels done Correlation: 0.25243320810618325
Network 2 - dAttention: 150 voxels done Correlation: 0.2756913981266876
Network 2 - dAttention: 250 voxels done Correlation: 0.3141642943355921
Network 2 - dAttention: 500 voxels done Correlation: 0.3113008734186673
Network 2 - dAttention: 750 voxels done Correlation: 0.3514747130988329
Network 2 - dAttention: 1000 voxels done Correlation: 0.31037718482077536
Network 2 - dAttention: 1500 voxels done Correlation: 0.27376442219814173
Network 2 - dAttention: 3000 voxels done Correlation: 0.3122669841361585
Network 2 - dAttention: 5000 voxels done Correlation: 0.3205005586217719
Network 2 - dAttention: 6500 voxels done Correlation: 0.3441112236945868
Network 2 - dAttention: 10000 voxels done Correlation: 0.3413677193866629
Network 2 - dAttention: 15000 voxels done Correlation: 0.33313018268879324
/home/fhopp/.conda/envs/mjs/lib/python3.8/site-packages/nilearn/masking.py:980: UserWarning: Data array used to create a new image contains 64-bit ints. This is likely due to creating the array with numpy and passing `int` as the `dtype`. Many tools such as FSL and SPM cannot deal with int64 in Nifti images, so for compatibility the data has been converted to int32.
  return new_img_like(mask_img, unmasked, affine)
Network 3 - vAttention: 50 voxels done Correlation: 0.12285128584251293
Network 3 - vAttention: 150 voxels done Correlation: 0.287746396826835
Network 3 - vAttention: 250 voxels done Correlation: 0.3123644122679299
Network 3 - vAttention: 500 voxels done Correlation: 0.3228804292676828
Network 3 - vAttention: 750 voxels done Correlation: 0.28810953268261674
Network 3 - vAttention: 1000 voxels done Correlation: 0.3589842740162369
Network 3 - vAttention: 1500 voxels done Correlation: 0.34352423652668285
Network 3 - vAttention: 3000 voxels done Correlation: 0.3786871609997069
Network 3 - vAttention: 5000 voxels done Correlation: 0.37355510507491496
Network 3 - vAttention: 6500 voxels done Correlation: 0.3796806985537974
Network 3 - vAttention: 10000 voxels done Correlation: 0.3851321074678564
Network 3 - vAttention: 15000 voxels done Correlation: 0.389880738217496
/home/fhopp/.conda/envs/mjs/lib/python3.8/site-packages/nilearn/masking.py:980: UserWarning: Data array used to create a new image contains 64-bit ints. This is likely due to creating the array with numpy and passing `int` as the `dtype`. Many tools such as FSL and SPM cannot deal with int64 in Nifti images, so for compatibility the data has been converted to int32.
  return new_img_like(mask_img, unmasked, affine)
Network 4 - Limbic: 50 voxels done Correlation: 0.2229098143847436
Network 4 - Limbic: 150 voxels done Correlation: 0.2073358106614581
Network 4 - Limbic: 250 voxels done Correlation: 0.23130914046584578
Network 4 - Limbic: 500 voxels done Correlation: 0.2516444359346518
Network 4 - Limbic: 750 voxels done Correlation: 0.300201724137325
Network 4 - Limbic: 1000 voxels done Correlation: 0.32545730609135215
Network 4 - Limbic: 1500 voxels done Correlation: 0.2672308898464718
Network 4 - Limbic: 3000 voxels done Correlation: 0.2796383399601011
Network 4 - Limbic: 5000 voxels done Correlation: 0.287170126925671
Network 4 - Limbic: 6500 voxels done Correlation: 0.27705287016500246
Network 4 - Limbic: 10000 voxels done Correlation: 0.2865595101817248
/home/fhopp/.conda/envs/mjs/lib/python3.8/site-packages/nilearn/masking.py:980: UserWarning: Data array used to create a new image contains 64-bit ints. This is likely due to creating the array with numpy and passing `int` as the `dtype`. Many tools such as FSL and SPM cannot deal with int64 in Nifti images, so for compatibility the data has been converted to int32.
  return new_img_like(mask_img, unmasked, affine)
Network 5 - Frontoparietal: 50 voxels done Correlation: 0.15372382197786247
Network 5 - Frontoparietal: 150 voxels done Correlation: 0.13728454563362147
Network 5 - Frontoparietal: 250 voxels done Correlation: 0.22219931688230074
Network 5 - Frontoparietal: 500 voxels done Correlation: 0.23022402413272003
Network 5 - Frontoparietal: 750 voxels done Correlation: 0.19713876440078262
Network 5 - Frontoparietal: 1000 voxels done Correlation: 0.19535362369653986
Network 5 - Frontoparietal: 1500 voxels done Correlation: 0.23659851102422286
Network 5 - Frontoparietal: 3000 voxels done Correlation: 0.22322284077661425
Network 5 - Frontoparietal: 5000 voxels done Correlation: 0.21368670167392717
Network 5 - Frontoparietal: 6500 voxels done Correlation: 0.23907610502606658
Network 5 - Frontoparietal: 10000 voxels done Correlation: 0.2423282822761965
Network 5 - Frontoparietal: 15000 voxels done Correlation: 0.24242088686979074
/home/fhopp/.conda/envs/mjs/lib/python3.8/site-packages/nilearn/masking.py:980: UserWarning: Data array used to create a new image contains 64-bit ints. This is likely due to creating the array with numpy and passing `int` as the `dtype`. Many tools such as FSL and SPM cannot deal with int64 in Nifti images, so for compatibility the data has been converted to int32.
  return new_img_like(mask_img, unmasked, affine)
Network 6 - Default Mode: 50 voxels done Correlation: 0.2850579505277139
Network 6 - Default Mode: 150 voxels done Correlation: 0.24847067388166055
Network 6 - Default Mode: 250 voxels done Correlation: 0.2988008368679284
Network 6 - Default Mode: 500 voxels done Correlation: 0.3372309142240928
Network 6 - Default Mode: 750 voxels done Correlation: 0.33191657202771596
Network 6 - Default Mode: 1000 voxels done Correlation: 0.3619534253329756
Network 6 - Default Mode: 1500 voxels done Correlation: 0.3631767971217726
Network 6 - Default Mode: 3000 voxels done Correlation: 0.40555938378883266
Network 6 - Default Mode: 5000 voxels done Correlation: 0.4123782118815105
Network 6 - Default Mode: 6500 voxels done Correlation: 0.39662090410073775
Network 6 - Default Mode: 10000 voxels done Correlation: 0.4109996430731802
Network 6 - Default Mode: 15000 voxels done Correlation: 0.4105763871933181
Network 6 - Default Mode: 25000 voxels done Correlation: 0.4070342111555251
/home/fhopp/.conda/envs/mjs/lib/python3.8/site-packages/nilearn/masking.py:980: UserWarning: Data array used to create a new image contains 64-bit ints. This is likely due to creating the array with numpy and passing `int` as the `dtype`. Many tools such as FSL and SPM cannot deal with int64 in Nifti images, so for compatibility the data has been converted to int32.
  return new_img_like(mask_img, unmasked, affine)
Network 7 - Subcortical: 50 voxels done Correlation: 0.14531421874372846
Network 7 - Subcortical: 150 voxels done Correlation: 0.14221723315141258
Network 7 - Subcortical: 250 voxels done Correlation: 0.2163640060927167
Network 7 - Subcortical: 500 voxels done Correlation: 0.23045485428377444
Network 7 - Subcortical: 750 voxels done Correlation: 0.17223580251436235
Network 7 - Subcortical: 1000 voxels done Correlation: 0.22740028337745127
Network 7 - Subcortical: 1500 voxels done Correlation: 0.14441465082631505
Network 7 - Subcortical: 3000 voxels done Correlation: 0.16146976230966792
Network 7 - Subcortical: 5000 voxels done Correlation: 0.17999664484684785
Network 7 - Subcortical: 6500 voxels done Correlation: 0.1615958905754829
Network 7 - Subcortical: 10000 voxels done Correlation: 0.16337170815302174
Network 8 - Consciousness: 50 voxels done Correlation: 0.33233319156244534
Network 8 - Consciousness: 150 voxels done Correlation: 0.31891268933631234
Network 8 - Consciousness: 250 voxels done Correlation: 0.42405235766368365
Network 8 - Consciousness: 500 voxels done Correlation: 0.38006050871223646
Network 8 - Consciousness: 750 voxels done Correlation: 0.3126869126566199
Network 8 - Consciousness: 1000 voxels done Correlation: 0.34243302577579593
Network 8 - Consciousness: 1500 voxels done Correlation: 0.4348526455651236
Network 8 - Consciousness: 3000 voxels done Correlation: 0.4451975601406887
Network 8 - Consciousness: 5000 voxels done Correlation: 0.42224085020793267
Network 8 - Consciousness: 6500 voxels done Correlation: 0.455505476407852
Network 8 - Consciousness: 10000 voxels done Correlation: 0.4335096318153143
Network 8 - Consciousness: 15000 voxels done Correlation: 0.47600788377753034
Network 8 - Consciousness: 25000 voxels done Correlation: 0.46521109967734464
Network 8 - Consciousness: 50000 voxels done Correlation: 0.4658133967001379
