Running job on: cox
Iteration: 988
Starting spatial evaluation...
/home/fhopp/.conda/envs/mjs/lib/python3.8/site-packages/nilearn/maskers/nifti_masker.py:110: UserWarning: imgs are being resampled to the mask_img resolution. This process is memory intensive. You might want to provide a target_affine that is equal to the affine of the imgs or resample the mask beforehand to save memory and computation time.
  warnings.warn(
/home/fhopp/.conda/envs/mjs/lib/python3.8/site-packages/nilearn/masking.py:980: UserWarning: Data array used to create a new image contains 64-bit ints. This is likely due to creating the array with numpy and passing `int` as the `dtype`. Many tools such as FSL and SPM cannot deal with int64 in Nifti images, so for compatibility the data has been converted to int32.
  return new_img_like(mask_img, unmasked, affine)
Network 0 - Visual: 50 voxels done Correlation: 0.5203559096091522
Network 0 - Visual: 150 voxels done Correlation: 0.6520158817096986
Network 0 - Visual: 250 voxels done Correlation: 0.5980866404818034
Network 0 - Visual: 500 voxels done Correlation: 0.619924175290129
Network 0 - Visual: 750 voxels done Correlation: 0.6250569041462682
Network 0 - Visual: 1000 voxels done Correlation: 0.5740474455702967
Network 0 - Visual: 1500 voxels done Correlation: 0.5944656180683965
Network 0 - Visual: 3000 voxels done Correlation: 0.6250039966196868
Network 0 - Visual: 5000 voxels done Correlation: 0.6286185327389089
Network 0 - Visual: 6500 voxels done Correlation: 0.6294727848610507
Network 0 - Visual: 10000 voxels done Correlation: 0.6338573645957146
Network 0 - Visual: 15000 voxels done Correlation: 0.6276148234276444
/home/fhopp/.conda/envs/mjs/lib/python3.8/site-packages/nilearn/masking.py:980: UserWarning: Data array used to create a new image contains 64-bit ints. This is likely due to creating the array with numpy and passing `int` as the `dtype`. Many tools such as FSL and SPM cannot deal with int64 in Nifti images, so for compatibility the data has been converted to int32.
  return new_img_like(mask_img, unmasked, affine)
Network 1 - Somatomotor: 50 voxels done Correlation: 0.12158576005222847
Network 1 - Somatomotor: 150 voxels done Correlation: 0.26483433877460716
Network 1 - Somatomotor: 250 voxels done Correlation: 0.363600627631929
Network 1 - Somatomotor: 500 voxels done Correlation: 0.339034731441924
Network 1 - Somatomotor: 750 voxels done Correlation: 0.34203482463275836
Network 1 - Somatomotor: 1000 voxels done Correlation: 0.3301565396309424
Network 1 - Somatomotor: 1500 voxels done Correlation: 0.32332432161077596
Network 1 - Somatomotor: 3000 voxels done Correlation: 0.3371311197273239
Network 1 - Somatomotor: 5000 voxels done Correlation: 0.3275454742873186
Network 1 - Somatomotor: 6500 voxels done Correlation: 0.33781510090908695
Network 1 - Somatomotor: 10000 voxels done Correlation: 0.3394416389495671
Network 1 - Somatomotor: 15000 voxels done Correlation: 0.34254417323519437
/home/fhopp/.conda/envs/mjs/lib/python3.8/site-packages/nilearn/masking.py:980: UserWarning: Data array used to create a new image contains 64-bit ints. This is likely due to creating the array with numpy and passing `int` as the `dtype`. Many tools such as FSL and SPM cannot deal with int64 in Nifti images, so for compatibility the data has been converted to int32.
  return new_img_like(mask_img, unmasked, affine)
Network 2 - dAttention: 50 voxels done Correlation: 0.260253375513131
Network 2 - dAttention: 150 voxels done Correlation: 0.25547214439775917
Network 2 - dAttention: 250 voxels done Correlation: 0.3817765680818361
Network 2 - dAttention: 500 voxels done Correlation: 0.3401865089925609
Network 2 - dAttention: 750 voxels done Correlation: 0.34572513215858364
Network 2 - dAttention: 1000 voxels done Correlation: 0.30848389417911903
Network 2 - dAttention: 1500 voxels done Correlation: 0.29741686066401524
Network 2 - dAttention: 3000 voxels done Correlation: 0.35811751832295435
Network 2 - dAttention: 5000 voxels done Correlation: 0.31693202458591674
Network 2 - dAttention: 6500 voxels done Correlation: 0.33989539185425033
Network 2 - dAttention: 10000 voxels done Correlation: 0.32881145267103945
Network 2 - dAttention: 15000 voxels done Correlation: 0.3347695606031551
/home/fhopp/.conda/envs/mjs/lib/python3.8/site-packages/nilearn/masking.py:980: UserWarning: Data array used to create a new image contains 64-bit ints. This is likely due to creating the array with numpy and passing `int` as the `dtype`. Many tools such as FSL and SPM cannot deal with int64 in Nifti images, so for compatibility the data has been converted to int32.
  return new_img_like(mask_img, unmasked, affine)
Network 3 - vAttention: 50 voxels done Correlation: 0.24234127851232845
Network 3 - vAttention: 150 voxels done Correlation: 0.22677979406210372
Network 3 - vAttention: 250 voxels done Correlation: 0.30102013064575783
Network 3 - vAttention: 500 voxels done Correlation: 0.33155953433668384
Network 3 - vAttention: 750 voxels done Correlation: 0.2899586474821877
Network 3 - vAttention: 1000 voxels done Correlation: 0.3300307032127825
Network 3 - vAttention: 1500 voxels done Correlation: 0.33876989082410636
Network 3 - vAttention: 3000 voxels done Correlation: 0.38296314047341207
Network 3 - vAttention: 5000 voxels done Correlation: 0.3924947835013245
Network 3 - vAttention: 6500 voxels done Correlation: 0.37092283009470944
Network 3 - vAttention: 10000 voxels done Correlation: 0.3851971874873316
Network 3 - vAttention: 15000 voxels done Correlation: 0.38855544742434484
/home/fhopp/.conda/envs/mjs/lib/python3.8/site-packages/nilearn/masking.py:980: UserWarning: Data array used to create a new image contains 64-bit ints. This is likely due to creating the array with numpy and passing `int` as the `dtype`. Many tools such as FSL and SPM cannot deal with int64 in Nifti images, so for compatibility the data has been converted to int32.
  return new_img_like(mask_img, unmasked, affine)
Network 4 - Limbic: 50 voxels done Correlation: 0.22013559484738265
Network 4 - Limbic: 150 voxels done Correlation: 0.30280692958056066
Network 4 - Limbic: 250 voxels done Correlation: 0.2981453790959494
Network 4 - Limbic: 500 voxels done Correlation: 0.21606570349710785
Network 4 - Limbic: 750 voxels done Correlation: 0.22109931766786087
Network 4 - Limbic: 1000 voxels done Correlation: 0.2906529689551731
Network 4 - Limbic: 1500 voxels done Correlation: 0.2903148742582152
Network 4 - Limbic: 3000 voxels done Correlation: 0.2824552857968116
Network 4 - Limbic: 5000 voxels done Correlation: 0.2898236264526077
Network 4 - Limbic: 6500 voxels done Correlation: 0.2637617343023399
Network 4 - Limbic: 10000 voxels done Correlation: 0.28541472390898703
/home/fhopp/.conda/envs/mjs/lib/python3.8/site-packages/nilearn/masking.py:980: UserWarning: Data array used to create a new image contains 64-bit ints. This is likely due to creating the array with numpy and passing `int` as the `dtype`. Many tools such as FSL and SPM cannot deal with int64 in Nifti images, so for compatibility the data has been converted to int32.
  return new_img_like(mask_img, unmasked, affine)
Network 5 - Frontoparietal: 50 voxels done Correlation: 0.22929008779917487
Network 5 - Frontoparietal: 150 voxels done Correlation: 0.14191050060498095
Network 5 - Frontoparietal: 250 voxels done Correlation: 0.2364406561208544
Network 5 - Frontoparietal: 500 voxels done Correlation: 0.21134542062034783
Network 5 - Frontoparietal: 750 voxels done Correlation: 0.21913473298950686
Network 5 - Frontoparietal: 1000 voxels done Correlation: 0.18817742835967566
Network 5 - Frontoparietal: 1500 voxels done Correlation: 0.18978488781136382
Network 5 - Frontoparietal: 3000 voxels done Correlation: 0.228263610572362
Network 5 - Frontoparietal: 5000 voxels done Correlation: 0.222649705733797
Network 5 - Frontoparietal: 6500 voxels done Correlation: 0.2379988481736678
Network 5 - Frontoparietal: 10000 voxels done Correlation: 0.22665166479866566
Network 5 - Frontoparietal: 15000 voxels done Correlation: 0.24090276672090652
/home/fhopp/.conda/envs/mjs/lib/python3.8/site-packages/nilearn/masking.py:980: UserWarning: Data array used to create a new image contains 64-bit ints. This is likely due to creating the array with numpy and passing `int` as the `dtype`. Many tools such as FSL and SPM cannot deal with int64 in Nifti images, so for compatibility the data has been converted to int32.
  return new_img_like(mask_img, unmasked, affine)
Network 6 - Default Mode: 50 voxels done Correlation: 0.19304119427716232
Network 6 - Default Mode: 150 voxels done Correlation: 0.25704041357577967
Network 6 - Default Mode: 250 voxels done Correlation: 0.3966499124248015
Network 6 - Default Mode: 500 voxels done Correlation: 0.32625805889246295
Network 6 - Default Mode: 750 voxels done Correlation: 0.3748291392822756
Network 6 - Default Mode: 1000 voxels done Correlation: 0.33802315045510833
Network 6 - Default Mode: 1500 voxels done Correlation: 0.3523298483332489
Network 6 - Default Mode: 3000 voxels done Correlation: 0.39197488347895193
Network 6 - Default Mode: 5000 voxels done Correlation: 0.40253640759214415
Network 6 - Default Mode: 6500 voxels done Correlation: 0.39248435313447977
Network 6 - Default Mode: 10000 voxels done Correlation: 0.3966653180527627
Network 6 - Default Mode: 15000 voxels done Correlation: 0.41100244155843346
Network 6 - Default Mode: 25000 voxels done Correlation: 0.4068167914403128
/home/fhopp/.conda/envs/mjs/lib/python3.8/site-packages/nilearn/masking.py:980: UserWarning: Data array used to create a new image contains 64-bit ints. This is likely due to creating the array with numpy and passing `int` as the `dtype`. Many tools such as FSL and SPM cannot deal with int64 in Nifti images, so for compatibility the data has been converted to int32.
  return new_img_like(mask_img, unmasked, affine)
Network 7 - Subcortical: 50 voxels done Correlation: 0.0793924970605823
Network 7 - Subcortical: 150 voxels done Correlation: 0.2399479996091236
Network 7 - Subcortical: 250 voxels done Correlation: 0.21270068574425133
Network 7 - Subcortical: 500 voxels done Correlation: 0.23865728697156588
Network 7 - Subcortical: 750 voxels done Correlation: 0.2533860445863576
Network 7 - Subcortical: 1000 voxels done Correlation: 0.2350415692571855
Network 7 - Subcortical: 1500 voxels done Correlation: 0.24707768593294072
Network 7 - Subcortical: 3000 voxels done Correlation: 0.18700778226715337
Network 7 - Subcortical: 5000 voxels done Correlation: 0.16642620223811788
Network 7 - Subcortical: 6500 voxels done Correlation: 0.1716882154712258
Network 7 - Subcortical: 10000 voxels done Correlation: 0.16431344350869198
Network 8 - Consciousness: 50 voxels done Correlation: 0.33928900707618914
Network 8 - Consciousness: 150 voxels done Correlation: 0.26442302458879263
Network 8 - Consciousness: 250 voxels done Correlation: 0.29036422487190783
Network 8 - Consciousness: 500 voxels done Correlation: 0.41182964622845325
Network 8 - Consciousness: 750 voxels done Correlation: 0.3800917673725406
Network 8 - Consciousness: 1000 voxels done Correlation: 0.4262324296241479
Network 8 - Consciousness: 1500 voxels done Correlation: 0.396192846187296
Network 8 - Consciousness: 3000 voxels done Correlation: 0.4259352840423572
Network 8 - Consciousness: 5000 voxels done Correlation: 0.46681625394790877
Network 8 - Consciousness: 6500 voxels done Correlation: 0.4621833951782339
Network 8 - Consciousness: 10000 voxels done Correlation: 0.4511888615982988
Network 8 - Consciousness: 15000 voxels done Correlation: 0.455696718347676
Network 8 - Consciousness: 25000 voxels done Correlation: 0.4667133393697046
Network 8 - Consciousness: 50000 voxels done Correlation: 0.4658191856776813
