Running job on: wood
Iteration: 31
Starting spatial evaluation...
/home/fhopp/.conda/envs/mjs/lib/python3.8/site-packages/nilearn/maskers/nifti_masker.py:110: UserWarning: imgs are being resampled to the mask_img resolution. This process is memory intensive. You might want to provide a target_affine that is equal to the affine of the imgs or resample the mask beforehand to save memory and computation time.
  warnings.warn(
/home/fhopp/.conda/envs/mjs/lib/python3.8/site-packages/nilearn/masking.py:980: UserWarning: Data array used to create a new image contains 64-bit ints. This is likely due to creating the array with numpy and passing `int` as the `dtype`. Many tools such as FSL and SPM cannot deal with int64 in Nifti images, so for compatibility the data has been converted to int32.
  return new_img_like(mask_img, unmasked, affine)
Network 0 - Visual: 50 voxels done Correlation: 0.722875443067233
Network 0 - Visual: 150 voxels done Correlation: 0.5459302781464463
Network 0 - Visual: 250 voxels done Correlation: 0.6318900483627954
Network 0 - Visual: 500 voxels done Correlation: 0.588335637661709
Network 0 - Visual: 750 voxels done Correlation: 0.6683306097627616
Network 0 - Visual: 1000 voxels done Correlation: 0.6283291898391756
Network 0 - Visual: 1500 voxels done Correlation: 0.6386865114425906
Network 0 - Visual: 3000 voxels done Correlation: 0.6371569775646864
Network 0 - Visual: 5000 voxels done Correlation: 0.6229962102085576
Network 0 - Visual: 6500 voxels done Correlation: 0.6174384555171535
Network 0 - Visual: 10000 voxels done Correlation: 0.6244504742134065
Network 0 - Visual: 15000 voxels done Correlation: 0.6295543605276688
/home/fhopp/.conda/envs/mjs/lib/python3.8/site-packages/nilearn/masking.py:980: UserWarning: Data array used to create a new image contains 64-bit ints. This is likely due to creating the array with numpy and passing `int` as the `dtype`. Many tools such as FSL and SPM cannot deal with int64 in Nifti images, so for compatibility the data has been converted to int32.
  return new_img_like(mask_img, unmasked, affine)
Network 1 - Somatomotor: 50 voxels done Correlation: 0.16296141170307327
Network 1 - Somatomotor: 150 voxels done Correlation: 0.29551967271071333
Network 1 - Somatomotor: 250 voxels done Correlation: 0.38068272948358634
Network 1 - Somatomotor: 500 voxels done Correlation: 0.3213892338207095
Network 1 - Somatomotor: 750 voxels done Correlation: 0.36425336553366916
Network 1 - Somatomotor: 1000 voxels done Correlation: 0.3695417120478519
Network 1 - Somatomotor: 1500 voxels done Correlation: 0.31151869301872037
Network 1 - Somatomotor: 3000 voxels done Correlation: 0.3372481541285042
Network 1 - Somatomotor: 5000 voxels done Correlation: 0.36403432024205884
Network 1 - Somatomotor: 6500 voxels done Correlation: 0.35164819888795573
Network 1 - Somatomotor: 10000 voxels done Correlation: 0.339623426414495
Network 1 - Somatomotor: 15000 voxels done Correlation: 0.3444987984065613
/home/fhopp/.conda/envs/mjs/lib/python3.8/site-packages/nilearn/masking.py:980: UserWarning: Data array used to create a new image contains 64-bit ints. This is likely due to creating the array with numpy and passing `int` as the `dtype`. Many tools such as FSL and SPM cannot deal with int64 in Nifti images, so for compatibility the data has been converted to int32.
  return new_img_like(mask_img, unmasked, affine)
Network 2 - dAttention: 50 voxels done Correlation: 0.21173587357728016
Network 2 - dAttention: 150 voxels done Correlation: 0.251462099420083
Network 2 - dAttention: 250 voxels done Correlation: 0.25665550217913985
Network 2 - dAttention: 500 voxels done Correlation: 0.29306638203352164
Network 2 - dAttention: 750 voxels done Correlation: 0.35361775879743995
Network 2 - dAttention: 1000 voxels done Correlation: 0.2796492251075742
Network 2 - dAttention: 1500 voxels done Correlation: 0.34145964813865914
Network 2 - dAttention: 3000 voxels done Correlation: 0.3245694503584621
Network 2 - dAttention: 5000 voxels done Correlation: 0.33194615171636976
Network 2 - dAttention: 6500 voxels done Correlation: 0.33492262245024573
Network 2 - dAttention: 10000 voxels done Correlation: 0.33363624053584545
Network 2 - dAttention: 15000 voxels done Correlation: 0.3338429466798701
/home/fhopp/.conda/envs/mjs/lib/python3.8/site-packages/nilearn/masking.py:980: UserWarning: Data array used to create a new image contains 64-bit ints. This is likely due to creating the array with numpy and passing `int` as the `dtype`. Many tools such as FSL and SPM cannot deal with int64 in Nifti images, so for compatibility the data has been converted to int32.
  return new_img_like(mask_img, unmasked, affine)
Network 3 - vAttention: 50 voxels done Correlation: 0.11043326112487595
Network 3 - vAttention: 150 voxels done Correlation: 0.2236753931379734
Network 3 - vAttention: 250 voxels done Correlation: 0.311107080107093
Network 3 - vAttention: 500 voxels done Correlation: 0.3339991443407275
Network 3 - vAttention: 750 voxels done Correlation: 0.3234106467212709
Network 3 - vAttention: 1000 voxels done Correlation: 0.36500854094394003
Network 3 - vAttention: 1500 voxels done Correlation: 0.3589184414024391
Network 3 - vAttention: 3000 voxels done Correlation: 0.37396162549469125
Network 3 - vAttention: 5000 voxels done Correlation: 0.3780095037751605
Network 3 - vAttention: 6500 voxels done Correlation: 0.38715343575774486
Network 3 - vAttention: 10000 voxels done Correlation: 0.3819728099017446
Network 3 - vAttention: 15000 voxels done Correlation: 0.38707050257771725
/home/fhopp/.conda/envs/mjs/lib/python3.8/site-packages/nilearn/masking.py:980: UserWarning: Data array used to create a new image contains 64-bit ints. This is likely due to creating the array with numpy and passing `int` as the `dtype`. Many tools such as FSL and SPM cannot deal with int64 in Nifti images, so for compatibility the data has been converted to int32.
  return new_img_like(mask_img, unmasked, affine)
Network 4 - Limbic: 50 voxels done Correlation: 0.2587219177189352
Network 4 - Limbic: 150 voxels done Correlation: 0.11854561463884083
Network 4 - Limbic: 250 voxels done Correlation: 0.2740658827521996
Network 4 - Limbic: 500 voxels done Correlation: 0.29668741061870973
Network 4 - Limbic: 750 voxels done Correlation: 0.36384728753133744
Network 4 - Limbic: 1000 voxels done Correlation: 0.2735295964884157
Network 4 - Limbic: 1500 voxels done Correlation: 0.27419361637062223
Network 4 - Limbic: 3000 voxels done Correlation: 0.2773840178385275
Network 4 - Limbic: 5000 voxels done Correlation: 0.3027650427348024
Network 4 - Limbic: 6500 voxels done Correlation: 0.2837633963536033
Network 4 - Limbic: 10000 voxels done Correlation: 0.28677576383330317
/home/fhopp/.conda/envs/mjs/lib/python3.8/site-packages/nilearn/masking.py:980: UserWarning: Data array used to create a new image contains 64-bit ints. This is likely due to creating the array with numpy and passing `int` as the `dtype`. Many tools such as FSL and SPM cannot deal with int64 in Nifti images, so for compatibility the data has been converted to int32.
  return new_img_like(mask_img, unmasked, affine)
Network 5 - Frontoparietal: 50 voxels done Correlation: 0.17027456953597306
Network 5 - Frontoparietal: 150 voxels done Correlation: 0.17379589588195013
Network 5 - Frontoparietal: 250 voxels done Correlation: 0.15804196963148728
Network 5 - Frontoparietal: 500 voxels done Correlation: 0.1784358725504954
Network 5 - Frontoparietal: 750 voxels done Correlation: 0.14104643198017186
Network 5 - Frontoparietal: 1000 voxels done Correlation: 0.2116375490520003
Network 5 - Frontoparietal: 1500 voxels done Correlation: 0.2642150965808241
Network 5 - Frontoparietal: 3000 voxels done Correlation: 0.2508011741510069
Network 5 - Frontoparietal: 5000 voxels done Correlation: 0.24059828465261998
Network 5 - Frontoparietal: 6500 voxels done Correlation: 0.22868531540939047
Network 5 - Frontoparietal: 10000 voxels done Correlation: 0.2376188326147001
Network 5 - Frontoparietal: 15000 voxels done Correlation: 0.23897791987175881
/home/fhopp/.conda/envs/mjs/lib/python3.8/site-packages/nilearn/masking.py:980: UserWarning: Data array used to create a new image contains 64-bit ints. This is likely due to creating the array with numpy and passing `int` as the `dtype`. Many tools such as FSL and SPM cannot deal with int64 in Nifti images, so for compatibility the data has been converted to int32.
  return new_img_like(mask_img, unmasked, affine)
Network 6 - Default Mode: 50 voxels done Correlation: 0.26564521260594054
Network 6 - Default Mode: 150 voxels done Correlation: 0.420660674174797
Network 6 - Default Mode: 250 voxels done Correlation: 0.33707118577618833
Network 6 - Default Mode: 500 voxels done Correlation: 0.36010399050805164
Network 6 - Default Mode: 750 voxels done Correlation: 0.37477015864634133
Network 6 - Default Mode: 1000 voxels done Correlation: 0.36580896433947063
Network 6 - Default Mode: 1500 voxels done Correlation: 0.37057554010004046
Network 6 - Default Mode: 3000 voxels done Correlation: 0.39217013761618913
Network 6 - Default Mode: 5000 voxels done Correlation: 0.3971344907545622
Network 6 - Default Mode: 6500 voxels done Correlation: 0.40264442835610037
Network 6 - Default Mode: 10000 voxels done Correlation: 0.4097487030161109
Network 6 - Default Mode: 15000 voxels done Correlation: 0.4014156928850267
Network 6 - Default Mode: 25000 voxels done Correlation: 0.40690744698669323
/home/fhopp/.conda/envs/mjs/lib/python3.8/site-packages/nilearn/masking.py:980: UserWarning: Data array used to create a new image contains 64-bit ints. This is likely due to creating the array with numpy and passing `int` as the `dtype`. Many tools such as FSL and SPM cannot deal with int64 in Nifti images, so for compatibility the data has been converted to int32.
  return new_img_like(mask_img, unmasked, affine)
Network 7 - Subcortical: 50 voxels done Correlation: 0.07042338805839957
Network 7 - Subcortical: 150 voxels done Correlation: 0.25740320095761043
Network 7 - Subcortical: 250 voxels done Correlation: 0.1803772290980109
Network 7 - Subcortical: 500 voxels done Correlation: 0.18294135971939193
Network 7 - Subcortical: 750 voxels done Correlation: 0.24865221969059167
Network 7 - Subcortical: 1000 voxels done Correlation: 0.24306591678229245
Network 7 - Subcortical: 1500 voxels done Correlation: 0.24369101385748743
Network 7 - Subcortical: 3000 voxels done Correlation: 0.1875134812349985
Network 7 - Subcortical: 5000 voxels done Correlation: 0.17462000804117728
Network 7 - Subcortical: 6500 voxels done Correlation: 0.1671963327227433
Network 7 - Subcortical: 10000 voxels done Correlation: 0.165785308055769
Network 8 - Consciousness: 50 voxels done Correlation: 0.30889265411115396
Network 8 - Consciousness: 150 voxels done Correlation: 0.39590349489739124
Network 8 - Consciousness: 250 voxels done Correlation: 0.35158540511256653
Network 8 - Consciousness: 500 voxels done Correlation: 0.3399878073189039
Network 8 - Consciousness: 750 voxels done Correlation: 0.2777546465762494
Network 8 - Consciousness: 1000 voxels done Correlation: 0.34681602948405127
Network 8 - Consciousness: 1500 voxels done Correlation: 0.4274826446777696
Network 8 - Consciousness: 3000 voxels done Correlation: 0.46166890147682016
Network 8 - Consciousness: 5000 voxels done Correlation: 0.42367052625506546
Network 8 - Consciousness: 6500 voxels done Correlation: 0.46470284818819113
Network 8 - Consciousness: 10000 voxels done Correlation: 0.4398670611110824
Network 8 - Consciousness: 15000 voxels done Correlation: 0.46640631291789925
Network 8 - Consciousness: 25000 voxels done Correlation: 0.46124172701291605
Network 8 - Consciousness: 50000 voxels done Correlation: 0.46552293658613964
