Running job on: wood
Iteration: 772
Starting spatial evaluation...
/home/fhopp/.conda/envs/mjs/lib/python3.8/site-packages/nilearn/maskers/nifti_masker.py:110: UserWarning: imgs are being resampled to the mask_img resolution. This process is memory intensive. You might want to provide a target_affine that is equal to the affine of the imgs or resample the mask beforehand to save memory and computation time.
  warnings.warn(
/home/fhopp/.conda/envs/mjs/lib/python3.8/site-packages/nilearn/masking.py:980: UserWarning: Data array used to create a new image contains 64-bit ints. This is likely due to creating the array with numpy and passing `int` as the `dtype`. Many tools such as FSL and SPM cannot deal with int64 in Nifti images, so for compatibility the data has been converted to int32.
  return new_img_like(mask_img, unmasked, affine)
Network 0 - Visual: 50 voxels done Correlation: 0.5260060903966401
Network 0 - Visual: 150 voxels done Correlation: 0.6819098274307167
Network 0 - Visual: 250 voxels done Correlation: 0.5570102477054142
Network 0 - Visual: 500 voxels done Correlation: 0.5466581075916455
Network 0 - Visual: 750 voxels done Correlation: 0.5823793179043197
Network 0 - Visual: 1000 voxels done Correlation: 0.5932659664109559
Network 0 - Visual: 1500 voxels done Correlation: 0.5813387631795072
Network 0 - Visual: 3000 voxels done Correlation: 0.6314665629221949
Network 0 - Visual: 5000 voxels done Correlation: 0.6440466015443789
Network 0 - Visual: 6500 voxels done Correlation: 0.624035814038807
Network 0 - Visual: 10000 voxels done Correlation: 0.6282766283277865
Network 0 - Visual: 15000 voxels done Correlation: 0.631790530058689
/home/fhopp/.conda/envs/mjs/lib/python3.8/site-packages/nilearn/masking.py:980: UserWarning: Data array used to create a new image contains 64-bit ints. This is likely due to creating the array with numpy and passing `int` as the `dtype`. Many tools such as FSL and SPM cannot deal with int64 in Nifti images, so for compatibility the data has been converted to int32.
  return new_img_like(mask_img, unmasked, affine)
Network 1 - Somatomotor: 50 voxels done Correlation: 0.2442420980040771
Network 1 - Somatomotor: 150 voxels done Correlation: 0.35388808908570796
Network 1 - Somatomotor: 250 voxels done Correlation: 0.3512158423793128
Network 1 - Somatomotor: 500 voxels done Correlation: 0.3403740334007286
Network 1 - Somatomotor: 750 voxels done Correlation: 0.2985254857015691
Network 1 - Somatomotor: 1000 voxels done Correlation: 0.3284140027409354
Network 1 - Somatomotor: 1500 voxels done Correlation: 0.30692753363146397
Network 1 - Somatomotor: 3000 voxels done Correlation: 0.3540851055182098
Network 1 - Somatomotor: 5000 voxels done Correlation: 0.3343242261752568
Network 1 - Somatomotor: 6500 voxels done Correlation: 0.3349717516903741
Network 1 - Somatomotor: 10000 voxels done Correlation: 0.33952890445114414
Network 1 - Somatomotor: 15000 voxels done Correlation: 0.34227416683447864
/home/fhopp/.conda/envs/mjs/lib/python3.8/site-packages/nilearn/masking.py:980: UserWarning: Data array used to create a new image contains 64-bit ints. This is likely due to creating the array with numpy and passing `int` as the `dtype`. Many tools such as FSL and SPM cannot deal with int64 in Nifti images, so for compatibility the data has been converted to int32.
  return new_img_like(mask_img, unmasked, affine)
Network 2 - dAttention: 50 voxels done Correlation: 0.22418127808066732
Network 2 - dAttention: 150 voxels done Correlation: 0.28342175201728226
Network 2 - dAttention: 250 voxels done Correlation: 0.35006371759875465
Network 2 - dAttention: 500 voxels done Correlation: 0.34147911751840737
Network 2 - dAttention: 750 voxels done Correlation: 0.3438066421347126
Network 2 - dAttention: 1000 voxels done Correlation: 0.3321657785228622
Network 2 - dAttention: 1500 voxels done Correlation: 0.29698890200201844
Network 2 - dAttention: 3000 voxels done Correlation: 0.34448294030867044
Network 2 - dAttention: 5000 voxels done Correlation: 0.34327216879427214
Network 2 - dAttention: 6500 voxels done Correlation: 0.35086428004612014
Network 2 - dAttention: 10000 voxels done Correlation: 0.33566649644720714
Network 2 - dAttention: 15000 voxels done Correlation: 0.33317599852905977
/home/fhopp/.conda/envs/mjs/lib/python3.8/site-packages/nilearn/masking.py:980: UserWarning: Data array used to create a new image contains 64-bit ints. This is likely due to creating the array with numpy and passing `int` as the `dtype`. Many tools such as FSL and SPM cannot deal with int64 in Nifti images, so for compatibility the data has been converted to int32.
  return new_img_like(mask_img, unmasked, affine)
Network 3 - vAttention: 50 voxels done Correlation: 0.24187369965585198
Network 3 - vAttention: 150 voxels done Correlation: 0.26050574720826203
Network 3 - vAttention: 250 voxels done Correlation: 0.3111560524859497
Network 3 - vAttention: 500 voxels done Correlation: 0.3065496447660875
Network 3 - vAttention: 750 voxels done Correlation: 0.40317245636313337
Network 3 - vAttention: 1000 voxels done Correlation: 0.36653213740946683
Network 3 - vAttention: 1500 voxels done Correlation: 0.3788275718295691
Network 3 - vAttention: 3000 voxels done Correlation: 0.36663437374607677
Network 3 - vAttention: 5000 voxels done Correlation: 0.3779356243456531
Network 3 - vAttention: 6500 voxels done Correlation: 0.36770365267198535
Network 3 - vAttention: 10000 voxels done Correlation: 0.3942097040209615
Network 3 - vAttention: 15000 voxels done Correlation: 0.387044094547839
/home/fhopp/.conda/envs/mjs/lib/python3.8/site-packages/nilearn/masking.py:980: UserWarning: Data array used to create a new image contains 64-bit ints. This is likely due to creating the array with numpy and passing `int` as the `dtype`. Many tools such as FSL and SPM cannot deal with int64 in Nifti images, so for compatibility the data has been converted to int32.
  return new_img_like(mask_img, unmasked, affine)
Network 4 - Limbic: 50 voxels done Correlation: 0.16596651945097934
Network 4 - Limbic: 150 voxels done Correlation: 0.24545936021270331
Network 4 - Limbic: 250 voxels done Correlation: 0.27990956410381085
Network 4 - Limbic: 500 voxels done Correlation: 0.29872216630896653
Network 4 - Limbic: 750 voxels done Correlation: 0.30102319090113827
Network 4 - Limbic: 1000 voxels done Correlation: 0.28307089127300344
Network 4 - Limbic: 1500 voxels done Correlation: 0.22828318147548676
Network 4 - Limbic: 3000 voxels done Correlation: 0.2880809380238156
Network 4 - Limbic: 5000 voxels done Correlation: 0.27214509420897315
Network 4 - Limbic: 6500 voxels done Correlation: 0.2797729993333321
Network 4 - Limbic: 10000 voxels done Correlation: 0.28210688572130715
/home/fhopp/.conda/envs/mjs/lib/python3.8/site-packages/nilearn/masking.py:980: UserWarning: Data array used to create a new image contains 64-bit ints. This is likely due to creating the array with numpy and passing `int` as the `dtype`. Many tools such as FSL and SPM cannot deal with int64 in Nifti images, so for compatibility the data has been converted to int32.
  return new_img_like(mask_img, unmasked, affine)
Network 5 - Frontoparietal: 50 voxels done Correlation: 0.23323728517059014
Network 5 - Frontoparietal: 150 voxels done Correlation: 0.2034672502509575
Network 5 - Frontoparietal: 250 voxels done Correlation: 0.241140471241029
Network 5 - Frontoparietal: 500 voxels done Correlation: 0.17532527981257323
Network 5 - Frontoparietal: 750 voxels done Correlation: 0.24138338204467258
Network 5 - Frontoparietal: 1000 voxels done Correlation: 0.26631182231757317
Network 5 - Frontoparietal: 1500 voxels done Correlation: 0.22710599358070377
Network 5 - Frontoparietal: 3000 voxels done Correlation: 0.23624892679686826
Network 5 - Frontoparietal: 5000 voxels done Correlation: 0.24490777776002146
Network 5 - Frontoparietal: 6500 voxels done Correlation: 0.23136822445245953
Network 5 - Frontoparietal: 10000 voxels done Correlation: 0.24087239907692246
Network 5 - Frontoparietal: 15000 voxels done Correlation: 0.24274235714637526
/home/fhopp/.conda/envs/mjs/lib/python3.8/site-packages/nilearn/masking.py:980: UserWarning: Data array used to create a new image contains 64-bit ints. This is likely due to creating the array with numpy and passing `int` as the `dtype`. Many tools such as FSL and SPM cannot deal with int64 in Nifti images, so for compatibility the data has been converted to int32.
  return new_img_like(mask_img, unmasked, affine)
Network 6 - Default Mode: 50 voxels done Correlation: 0.26341140020704473
Network 6 - Default Mode: 150 voxels done Correlation: 0.26172311676821775
Network 6 - Default Mode: 250 voxels done Correlation: 0.3037665102704389
Network 6 - Default Mode: 500 voxels done Correlation: 0.2654028984952707
Network 6 - Default Mode: 750 voxels done Correlation: 0.33433675715090705
Network 6 - Default Mode: 1000 voxels done Correlation: 0.3847579057520538
Network 6 - Default Mode: 1500 voxels done Correlation: 0.41944094268650195
Network 6 - Default Mode: 3000 voxels done Correlation: 0.377265570357535
Network 6 - Default Mode: 5000 voxels done Correlation: 0.3982292993172173
Network 6 - Default Mode: 6500 voxels done Correlation: 0.4086257813213406
Network 6 - Default Mode: 10000 voxels done Correlation: 0.40494093547357346
Network 6 - Default Mode: 15000 voxels done Correlation: 0.40877616595706306
Network 6 - Default Mode: 25000 voxels done Correlation: 0.40993719555873726
/home/fhopp/.conda/envs/mjs/lib/python3.8/site-packages/nilearn/masking.py:980: UserWarning: Data array used to create a new image contains 64-bit ints. This is likely due to creating the array with numpy and passing `int` as the `dtype`. Many tools such as FSL and SPM cannot deal with int64 in Nifti images, so for compatibility the data has been converted to int32.
  return new_img_like(mask_img, unmasked, affine)
Network 7 - Subcortical: 50 voxels done Correlation: 0.16897178033546695
Network 7 - Subcortical: 150 voxels done Correlation: 0.11311938468507382
Network 7 - Subcortical: 250 voxels done Correlation: 0.20126192515937408
Network 7 - Subcortical: 500 voxels done Correlation: 0.20774042167120244
Network 7 - Subcortical: 750 voxels done Correlation: 0.2266436701894823
Network 7 - Subcortical: 1000 voxels done Correlation: 0.24112514185190873
Network 7 - Subcortical: 1500 voxels done Correlation: 0.1802069754990635
Network 7 - Subcortical: 3000 voxels done Correlation: 0.1676337846743884
Network 7 - Subcortical: 5000 voxels done Correlation: 0.1567747234285039
Network 7 - Subcortical: 6500 voxels done Correlation: 0.163040148215296
Network 7 - Subcortical: 10000 voxels done Correlation: 0.16963234854388387
Network 8 - Consciousness: 50 voxels done Correlation: 0.32181651306459313
Network 8 - Consciousness: 150 voxels done Correlation: 0.30537097108237266
Network 8 - Consciousness: 250 voxels done Correlation: 0.3919806529652963
Network 8 - Consciousness: 500 voxels done Correlation: 0.32357117321816986
Network 8 - Consciousness: 750 voxels done Correlation: 0.4202645836325829
Network 8 - Consciousness: 1000 voxels done Correlation: 0.40371219226352006
Network 8 - Consciousness: 1500 voxels done Correlation: 0.45192723981106175
Network 8 - Consciousness: 3000 voxels done Correlation: 0.40271556213760024
Network 8 - Consciousness: 5000 voxels done Correlation: 0.4450474871828004
Network 8 - Consciousness: 6500 voxels done Correlation: 0.4269751472465436
Network 8 - Consciousness: 10000 voxels done Correlation: 0.46322678040607035
Network 8 - Consciousness: 15000 voxels done Correlation: 0.4584033860013096
Network 8 - Consciousness: 25000 voxels done Correlation: 0.46563930984069457
Network 8 - Consciousness: 50000 voxels done Correlation: 0.4664358299839275
