Running job on: nash
Iteration: 977
Starting spatial evaluation...
/home/fhopp/.conda/envs/mjs/lib/python3.8/site-packages/nilearn/maskers/nifti_masker.py:110: UserWarning: imgs are being resampled to the mask_img resolution. This process is memory intensive. You might want to provide a target_affine that is equal to the affine of the imgs or resample the mask beforehand to save memory and computation time.
  warnings.warn(
/home/fhopp/.conda/envs/mjs/lib/python3.8/site-packages/nilearn/masking.py:980: UserWarning: Data array used to create a new image contains 64-bit ints. This is likely due to creating the array with numpy and passing `int` as the `dtype`. Many tools such as FSL and SPM cannot deal with int64 in Nifti images, so for compatibility the data has been converted to int32.
  return new_img_like(mask_img, unmasked, affine)
Network 0 - Visual: 50 voxels done Correlation: 0.536166772812448
Network 0 - Visual: 150 voxels done Correlation: 0.6783421071767495
Network 0 - Visual: 250 voxels done Correlation: 0.6666458342116313
Network 0 - Visual: 500 voxels done Correlation: 0.6571180074669392
Network 0 - Visual: 750 voxels done Correlation: 0.608127420066656
Network 0 - Visual: 1000 voxels done Correlation: 0.6007010069233365
Network 0 - Visual: 1500 voxels done Correlation: 0.5910263764340622
Network 0 - Visual: 3000 voxels done Correlation: 0.6316353851817718
Network 0 - Visual: 5000 voxels done Correlation: 0.6363215058574172
Network 0 - Visual: 6500 voxels done Correlation: 0.6217745436080692
Network 0 - Visual: 10000 voxels done Correlation: 0.6235716496397603
Network 0 - Visual: 15000 voxels done Correlation: 0.6308996810554248
/home/fhopp/.conda/envs/mjs/lib/python3.8/site-packages/nilearn/masking.py:980: UserWarning: Data array used to create a new image contains 64-bit ints. This is likely due to creating the array with numpy and passing `int` as the `dtype`. Many tools such as FSL and SPM cannot deal with int64 in Nifti images, so for compatibility the data has been converted to int32.
  return new_img_like(mask_img, unmasked, affine)
Network 1 - Somatomotor: 50 voxels done Correlation: 0.12906965772710807
Network 1 - Somatomotor: 150 voxels done Correlation: 0.22361075734842528
Network 1 - Somatomotor: 250 voxels done Correlation: 0.29310484470978543
Network 1 - Somatomotor: 500 voxels done Correlation: 0.385436505581766
Network 1 - Somatomotor: 750 voxels done Correlation: 0.3207986256157974
Network 1 - Somatomotor: 1000 voxels done Correlation: 0.33619278029766914
Network 1 - Somatomotor: 1500 voxels done Correlation: 0.37460733144956326
Network 1 - Somatomotor: 3000 voxels done Correlation: 0.33091823096262873
Network 1 - Somatomotor: 5000 voxels done Correlation: 0.3411624354219466
Network 1 - Somatomotor: 6500 voxels done Correlation: 0.3392297118179697
Network 1 - Somatomotor: 10000 voxels done Correlation: 0.3415742268714104
Network 1 - Somatomotor: 15000 voxels done Correlation: 0.3421846407609965
/home/fhopp/.conda/envs/mjs/lib/python3.8/site-packages/nilearn/masking.py:980: UserWarning: Data array used to create a new image contains 64-bit ints. This is likely due to creating the array with numpy and passing `int` as the `dtype`. Many tools such as FSL and SPM cannot deal with int64 in Nifti images, so for compatibility the data has been converted to int32.
  return new_img_like(mask_img, unmasked, affine)
Network 2 - dAttention: 50 voxels done Correlation: 0.28240445965080396
Network 2 - dAttention: 150 voxels done Correlation: 0.23179784651414576
Network 2 - dAttention: 250 voxels done Correlation: 0.3110657959722919
Network 2 - dAttention: 500 voxels done Correlation: 0.32382862559509523
Network 2 - dAttention: 750 voxels done Correlation: 0.3193164331031408
Network 2 - dAttention: 1000 voxels done Correlation: 0.35283984119988454
Network 2 - dAttention: 1500 voxels done Correlation: 0.31407185996820786
Network 2 - dAttention: 3000 voxels done Correlation: 0.3308370966323977
Network 2 - dAttention: 5000 voxels done Correlation: 0.3190284623684537
Network 2 - dAttention: 6500 voxels done Correlation: 0.33191308924899265
Network 2 - dAttention: 10000 voxels done Correlation: 0.32512821741934905
Network 2 - dAttention: 15000 voxels done Correlation: 0.336080892191687
/home/fhopp/.conda/envs/mjs/lib/python3.8/site-packages/nilearn/masking.py:980: UserWarning: Data array used to create a new image contains 64-bit ints. This is likely due to creating the array with numpy and passing `int` as the `dtype`. Many tools such as FSL and SPM cannot deal with int64 in Nifti images, so for compatibility the data has been converted to int32.
  return new_img_like(mask_img, unmasked, affine)
Network 3 - vAttention: 50 voxels done Correlation: 0.24495031330516762
Network 3 - vAttention: 150 voxels done Correlation: 0.32244424631147406
Network 3 - vAttention: 250 voxels done Correlation: 0.3633584835840885
Network 3 - vAttention: 500 voxels done Correlation: 0.3802823103818006
Network 3 - vAttention: 750 voxels done Correlation: 0.3113526246462752
Network 3 - vAttention: 1000 voxels done Correlation: 0.346819138503095
Network 3 - vAttention: 1500 voxels done Correlation: 0.3453178795997555
Network 3 - vAttention: 3000 voxels done Correlation: 0.3680281798211442
Network 3 - vAttention: 5000 voxels done Correlation: 0.3929031720326479
Network 3 - vAttention: 6500 voxels done Correlation: 0.38972053505578536
Network 3 - vAttention: 10000 voxels done Correlation: 0.3914622103674793
Network 3 - vAttention: 15000 voxels done Correlation: 0.38759511961258963
/home/fhopp/.conda/envs/mjs/lib/python3.8/site-packages/nilearn/masking.py:980: UserWarning: Data array used to create a new image contains 64-bit ints. This is likely due to creating the array with numpy and passing `int` as the `dtype`. Many tools such as FSL and SPM cannot deal with int64 in Nifti images, so for compatibility the data has been converted to int32.
  return new_img_like(mask_img, unmasked, affine)
Network 4 - Limbic: 50 voxels done Correlation: 0.2248515147447464
Network 4 - Limbic: 150 voxels done Correlation: 0.231986408941281
Network 4 - Limbic: 250 voxels done Correlation: 0.33695652333074066
Network 4 - Limbic: 500 voxels done Correlation: 0.27406590141129955
Network 4 - Limbic: 750 voxels done Correlation: 0.24458756990692457
Network 4 - Limbic: 1000 voxels done Correlation: 0.27162549492733745
Network 4 - Limbic: 1500 voxels done Correlation: 0.2792439704740677
Network 4 - Limbic: 3000 voxels done Correlation: 0.2865079875579093
Network 4 - Limbic: 5000 voxels done Correlation: 0.26171025434582784
Network 4 - Limbic: 6500 voxels done Correlation: 0.2924846608139746
Network 4 - Limbic: 10000 voxels done Correlation: 0.2925426062507022
/home/fhopp/.conda/envs/mjs/lib/python3.8/site-packages/nilearn/masking.py:980: UserWarning: Data array used to create a new image contains 64-bit ints. This is likely due to creating the array with numpy and passing `int` as the `dtype`. Many tools such as FSL and SPM cannot deal with int64 in Nifti images, so for compatibility the data has been converted to int32.
  return new_img_like(mask_img, unmasked, affine)
Network 5 - Frontoparietal: 50 voxels done Correlation: 0.19835523586205517
Network 5 - Frontoparietal: 150 voxels done Correlation: 0.14956675015640747
Network 5 - Frontoparietal: 250 voxels done Correlation: 0.17454615556805125
Network 5 - Frontoparietal: 500 voxels done Correlation: 0.21353774265191267
Network 5 - Frontoparietal: 750 voxels done Correlation: 0.22250361291197077
Network 5 - Frontoparietal: 1000 voxels done Correlation: 0.2230339328847121
Network 5 - Frontoparietal: 1500 voxels done Correlation: 0.21362628318551755
Network 5 - Frontoparietal: 3000 voxels done Correlation: 0.24817906251259705
Network 5 - Frontoparietal: 5000 voxels done Correlation: 0.23854701747947124
Network 5 - Frontoparietal: 6500 voxels done Correlation: 0.2355484806215148
Network 5 - Frontoparietal: 10000 voxels done Correlation: 0.240268022947717
Network 5 - Frontoparietal: 15000 voxels done Correlation: 0.23548439376448743
/home/fhopp/.conda/envs/mjs/lib/python3.8/site-packages/nilearn/masking.py:980: UserWarning: Data array used to create a new image contains 64-bit ints. This is likely due to creating the array with numpy and passing `int` as the `dtype`. Many tools such as FSL and SPM cannot deal with int64 in Nifti images, so for compatibility the data has been converted to int32.
  return new_img_like(mask_img, unmasked, affine)
Network 6 - Default Mode: 50 voxels done Correlation: 0.2701717462722904
Network 6 - Default Mode: 150 voxels done Correlation: 0.3652170799828247
Network 6 - Default Mode: 250 voxels done Correlation: 0.3454749296848516
Network 6 - Default Mode: 500 voxels done Correlation: 0.45904552240983265
Network 6 - Default Mode: 750 voxels done Correlation: 0.3802479358400258
Network 6 - Default Mode: 1000 voxels done Correlation: 0.39040150199339485
Network 6 - Default Mode: 1500 voxels done Correlation: 0.3487177323171736
Network 6 - Default Mode: 3000 voxels done Correlation: 0.38240466282851127
Network 6 - Default Mode: 5000 voxels done Correlation: 0.3931454439455825
Network 6 - Default Mode: 6500 voxels done Correlation: 0.4058611991209735
Network 6 - Default Mode: 10000 voxels done Correlation: 0.38380923497177455
Network 6 - Default Mode: 15000 voxels done Correlation: 0.39944209886901705
Network 6 - Default Mode: 25000 voxels done Correlation: 0.40670206725721486
/home/fhopp/.conda/envs/mjs/lib/python3.8/site-packages/nilearn/masking.py:980: UserWarning: Data array used to create a new image contains 64-bit ints. This is likely due to creating the array with numpy and passing `int` as the `dtype`. Many tools such as FSL and SPM cannot deal with int64 in Nifti images, so for compatibility the data has been converted to int32.
  return new_img_like(mask_img, unmasked, affine)
Network 7 - Subcortical: 50 voxels done Correlation: 0.04543870850053625
Network 7 - Subcortical: 150 voxels done Correlation: 0.16021430161382547
Network 7 - Subcortical: 250 voxels done Correlation: 0.22079470230087184
Network 7 - Subcortical: 500 voxels done Correlation: 0.21671810193928087
Network 7 - Subcortical: 750 voxels done Correlation: 0.23249872227077772
Network 7 - Subcortical: 1000 voxels done Correlation: 0.23082313663618612
Network 7 - Subcortical: 1500 voxels done Correlation: 0.24353241679990056
Network 7 - Subcortical: 3000 voxels done Correlation: 0.19419870294871722
Network 7 - Subcortical: 5000 voxels done Correlation: 0.16112322343018864
Network 7 - Subcortical: 6500 voxels done Correlation: 0.17303446961419197
Network 7 - Subcortical: 10000 voxels done Correlation: 0.16912254642729901
Network 8 - Consciousness: 50 voxels done Correlation: 0.28501295422942585
Network 8 - Consciousness: 150 voxels done Correlation: 0.298022302727049
Network 8 - Consciousness: 250 voxels done Correlation: 0.302436394725477
Network 8 - Consciousness: 500 voxels done Correlation: 0.27641680505713084
Network 8 - Consciousness: 750 voxels done Correlation: 0.46749638334612376
Network 8 - Consciousness: 1000 voxels done Correlation: 0.4037211576475315
Network 8 - Consciousness: 1500 voxels done Correlation: 0.46914652129479484
Network 8 - Consciousness: 3000 voxels done Correlation: 0.4670761450316727
Network 8 - Consciousness: 5000 voxels done Correlation: 0.43148845743717107
Network 8 - Consciousness: 6500 voxels done Correlation: 0.44487212261196424
Network 8 - Consciousness: 10000 voxels done Correlation: 0.46191479114766554
Network 8 - Consciousness: 15000 voxels done Correlation: 0.46474493416875473
Network 8 - Consciousness: 25000 voxels done Correlation: 0.45367629357294126
Network 8 - Consciousness: 50000 voxels done Correlation: 0.46673430450470377
