Running job on: wood
Iteration: 478
Starting spatial evaluation...
/home/fhopp/.conda/envs/mjs/lib/python3.8/site-packages/nilearn/maskers/nifti_masker.py:110: UserWarning: imgs are being resampled to the mask_img resolution. This process is memory intensive. You might want to provide a target_affine that is equal to the affine of the imgs or resample the mask beforehand to save memory and computation time.
  warnings.warn(
/home/fhopp/.conda/envs/mjs/lib/python3.8/site-packages/nilearn/masking.py:980: UserWarning: Data array used to create a new image contains 64-bit ints. This is likely due to creating the array with numpy and passing `int` as the `dtype`. Many tools such as FSL and SPM cannot deal with int64 in Nifti images, so for compatibility the data has been converted to int32.
  return new_img_like(mask_img, unmasked, affine)
Network 0 - Visual: 50 voxels done Correlation: 0.6575522460954597
Network 0 - Visual: 150 voxels done Correlation: 0.5964524759944052
Network 0 - Visual: 250 voxels done Correlation: 0.5940118315007721
Network 0 - Visual: 500 voxels done Correlation: 0.6046207431765875
Network 0 - Visual: 750 voxels done Correlation: 0.6218979438053518
Network 0 - Visual: 1000 voxels done Correlation: 0.5993137372443436
Network 0 - Visual: 1500 voxels done Correlation: 0.6023999690203584
Network 0 - Visual: 3000 voxels done Correlation: 0.6477569228653131
Network 0 - Visual: 5000 voxels done Correlation: 0.646469901694618
Network 0 - Visual: 6500 voxels done Correlation: 0.6306907209767654
Network 0 - Visual: 10000 voxels done Correlation: 0.613719742764451
Network 0 - Visual: 15000 voxels done Correlation: 0.6273420786103303
/home/fhopp/.conda/envs/mjs/lib/python3.8/site-packages/nilearn/masking.py:980: UserWarning: Data array used to create a new image contains 64-bit ints. This is likely due to creating the array with numpy and passing `int` as the `dtype`. Many tools such as FSL and SPM cannot deal with int64 in Nifti images, so for compatibility the data has been converted to int32.
  return new_img_like(mask_img, unmasked, affine)
Network 1 - Somatomotor: 50 voxels done Correlation: 0.18382631264714983
Network 1 - Somatomotor: 150 voxels done Correlation: 0.33795448147239415
Network 1 - Somatomotor: 250 voxels done Correlation: 0.3555513836209917
Network 1 - Somatomotor: 500 voxels done Correlation: 0.3584579952017539
Network 1 - Somatomotor: 750 voxels done Correlation: 0.3958549790178797
Network 1 - Somatomotor: 1000 voxels done Correlation: 0.3782024491755991
Network 1 - Somatomotor: 1500 voxels done Correlation: 0.34425842836823906
Network 1 - Somatomotor: 3000 voxels done Correlation: 0.3240813345172675
Network 1 - Somatomotor: 5000 voxels done Correlation: 0.3478019484818464
Network 1 - Somatomotor: 6500 voxels done Correlation: 0.3240338625978767
Network 1 - Somatomotor: 10000 voxels done Correlation: 0.3409951184309611
Network 1 - Somatomotor: 15000 voxels done Correlation: 0.3424312427294096
/home/fhopp/.conda/envs/mjs/lib/python3.8/site-packages/nilearn/masking.py:980: UserWarning: Data array used to create a new image contains 64-bit ints. This is likely due to creating the array with numpy and passing `int` as the `dtype`. Many tools such as FSL and SPM cannot deal with int64 in Nifti images, so for compatibility the data has been converted to int32.
  return new_img_like(mask_img, unmasked, affine)
Network 2 - dAttention: 50 voxels done Correlation: 0.2201790817923105
Network 2 - dAttention: 150 voxels done Correlation: 0.25453170742477743
Network 2 - dAttention: 250 voxels done Correlation: 0.26564333009571667
Network 2 - dAttention: 500 voxels done Correlation: 0.3347350719892691
Network 2 - dAttention: 750 voxels done Correlation: 0.3248052753550034
Network 2 - dAttention: 1000 voxels done Correlation: 0.3061287054448789
Network 2 - dAttention: 1500 voxels done Correlation: 0.3207856295157181
Network 2 - dAttention: 3000 voxels done Correlation: 0.31924191214137637
Network 2 - dAttention: 5000 voxels done Correlation: 0.3300660225006912
Network 2 - dAttention: 6500 voxels done Correlation: 0.31767136042007527
Network 2 - dAttention: 10000 voxels done Correlation: 0.33357393826591963
Network 2 - dAttention: 15000 voxels done Correlation: 0.33457675783212143
/home/fhopp/.conda/envs/mjs/lib/python3.8/site-packages/nilearn/masking.py:980: UserWarning: Data array used to create a new image contains 64-bit ints. This is likely due to creating the array with numpy and passing `int` as the `dtype`. Many tools such as FSL and SPM cannot deal with int64 in Nifti images, so for compatibility the data has been converted to int32.
  return new_img_like(mask_img, unmasked, affine)
Network 3 - vAttention: 50 voxels done Correlation: 0.19729129224024788
Network 3 - vAttention: 150 voxels done Correlation: 0.2644258105328159
Network 3 - vAttention: 250 voxels done Correlation: 0.2595835899573612
Network 3 - vAttention: 500 voxels done Correlation: 0.36834854632153
Network 3 - vAttention: 750 voxels done Correlation: 0.3553682451893229
Network 3 - vAttention: 1000 voxels done Correlation: 0.3928079891357447
Network 3 - vAttention: 1500 voxels done Correlation: 0.4165047104205418
Network 3 - vAttention: 3000 voxels done Correlation: 0.3749777879342814
Network 3 - vAttention: 5000 voxels done Correlation: 0.377261563522571
Network 3 - vAttention: 6500 voxels done Correlation: 0.3772196092612198
Network 3 - vAttention: 10000 voxels done Correlation: 0.38553373860113244
Network 3 - vAttention: 15000 voxels done Correlation: 0.3887227099721041
/home/fhopp/.conda/envs/mjs/lib/python3.8/site-packages/nilearn/masking.py:980: UserWarning: Data array used to create a new image contains 64-bit ints. This is likely due to creating the array with numpy and passing `int` as the `dtype`. Many tools such as FSL and SPM cannot deal with int64 in Nifti images, so for compatibility the data has been converted to int32.
  return new_img_like(mask_img, unmasked, affine)
Network 4 - Limbic: 50 voxels done Correlation: 0.1448227179727335
Network 4 - Limbic: 150 voxels done Correlation: 0.19099102921475153
Network 4 - Limbic: 250 voxels done Correlation: 0.20969025517893472
Network 4 - Limbic: 500 voxels done Correlation: 0.2423769133184156
Network 4 - Limbic: 750 voxels done Correlation: 0.18862737800556797
Network 4 - Limbic: 1000 voxels done Correlation: 0.2636936482030657
Network 4 - Limbic: 1500 voxels done Correlation: 0.26539623133220097
Network 4 - Limbic: 3000 voxels done Correlation: 0.2854554000143874
Network 4 - Limbic: 5000 voxels done Correlation: 0.2873565759547829
Network 4 - Limbic: 6500 voxels done Correlation: 0.2833945463166022
Network 4 - Limbic: 10000 voxels done Correlation: 0.28719722453824625
/home/fhopp/.conda/envs/mjs/lib/python3.8/site-packages/nilearn/masking.py:980: UserWarning: Data array used to create a new image contains 64-bit ints. This is likely due to creating the array with numpy and passing `int` as the `dtype`. Many tools such as FSL and SPM cannot deal with int64 in Nifti images, so for compatibility the data has been converted to int32.
  return new_img_like(mask_img, unmasked, affine)
Network 5 - Frontoparietal: 50 voxels done Correlation: 0.13507815805445245
Network 5 - Frontoparietal: 150 voxels done Correlation: 0.21270781497576752
Network 5 - Frontoparietal: 250 voxels done Correlation: 0.15942593978667435
Network 5 - Frontoparietal: 500 voxels done Correlation: 0.20298165048960587
Network 5 - Frontoparietal: 750 voxels done Correlation: 0.19026117669222073
Network 5 - Frontoparietal: 1000 voxels done Correlation: 0.24939794897127582
Network 5 - Frontoparietal: 1500 voxels done Correlation: 0.2393285097640891
Network 5 - Frontoparietal: 3000 voxels done Correlation: 0.22180870868755848
Network 5 - Frontoparietal: 5000 voxels done Correlation: 0.2512463903822978
Network 5 - Frontoparietal: 6500 voxels done Correlation: 0.23885778947297093
Network 5 - Frontoparietal: 10000 voxels done Correlation: 0.2352822528432275
Network 5 - Frontoparietal: 15000 voxels done Correlation: 0.2385766524998208
/home/fhopp/.conda/envs/mjs/lib/python3.8/site-packages/nilearn/masking.py:980: UserWarning: Data array used to create a new image contains 64-bit ints. This is likely due to creating the array with numpy and passing `int` as the `dtype`. Many tools such as FSL and SPM cannot deal with int64 in Nifti images, so for compatibility the data has been converted to int32.
  return new_img_like(mask_img, unmasked, affine)
Network 6 - Default Mode: 50 voxels done Correlation: 0.24848233447217444
Network 6 - Default Mode: 150 voxels done Correlation: 0.3273373348849175
Network 6 - Default Mode: 250 voxels done Correlation: 0.29764716262937263
Network 6 - Default Mode: 500 voxels done Correlation: 0.35191792832398266
Network 6 - Default Mode: 750 voxels done Correlation: 0.3644234916037917
Network 6 - Default Mode: 1000 voxels done Correlation: 0.36497298982618964
Network 6 - Default Mode: 1500 voxels done Correlation: 0.34644557759083494
Network 6 - Default Mode: 3000 voxels done Correlation: 0.398597277804605
Network 6 - Default Mode: 5000 voxels done Correlation: 0.4173177401603233
Network 6 - Default Mode: 6500 voxels done Correlation: 0.4007624224940832
Network 6 - Default Mode: 10000 voxels done Correlation: 0.40728004753087144
Network 6 - Default Mode: 15000 voxels done Correlation: 0.41024725647224397
Network 6 - Default Mode: 25000 voxels done Correlation: 0.4083423122481791
/home/fhopp/.conda/envs/mjs/lib/python3.8/site-packages/nilearn/masking.py:980: UserWarning: Data array used to create a new image contains 64-bit ints. This is likely due to creating the array with numpy and passing `int` as the `dtype`. Many tools such as FSL and SPM cannot deal with int64 in Nifti images, so for compatibility the data has been converted to int32.
  return new_img_like(mask_img, unmasked, affine)
Network 7 - Subcortical: 50 voxels done Correlation: 0.1262534879913661
Network 7 - Subcortical: 150 voxels done Correlation: 0.13588309165021017
Network 7 - Subcortical: 250 voxels done Correlation: 0.21870710553186426
Network 7 - Subcortical: 500 voxels done Correlation: 0.23557316073960274
Network 7 - Subcortical: 750 voxels done Correlation: 0.24336564806181205
Network 7 - Subcortical: 1000 voxels done Correlation: 0.22928558899613405
Network 7 - Subcortical: 1500 voxels done Correlation: 0.21567165548008826
Network 7 - Subcortical: 3000 voxels done Correlation: 0.1906122522624316
Network 7 - Subcortical: 5000 voxels done Correlation: 0.1676804681141702
Network 7 - Subcortical: 6500 voxels done Correlation: 0.16450709781559167
Network 7 - Subcortical: 10000 voxels done Correlation: 0.1651304586377509
Network 8 - Consciousness: 50 voxels done Correlation: 0.2462046942742314
Network 8 - Consciousness: 150 voxels done Correlation: 0.42662267418394667
Network 8 - Consciousness: 250 voxels done Correlation: 0.4133573047439938
Network 8 - Consciousness: 500 voxels done Correlation: 0.435765983515639
Network 8 - Consciousness: 750 voxels done Correlation: 0.35154040925853824
Network 8 - Consciousness: 1000 voxels done Correlation: 0.4215573860709253
Network 8 - Consciousness: 1500 voxels done Correlation: 0.4033002941923381
Network 8 - Consciousness: 3000 voxels done Correlation: 0.3912796100631307
Network 8 - Consciousness: 5000 voxels done Correlation: 0.4430197669699344
Network 8 - Consciousness: 6500 voxels done Correlation: 0.44130711782150017
Network 8 - Consciousness: 10000 voxels done Correlation: 0.4532181889740555
Network 8 - Consciousness: 15000 voxels done Correlation: 0.45869001589533753
Network 8 - Consciousness: 25000 voxels done Correlation: 0.4703679999096805
Network 8 - Consciousness: 50000 voxels done Correlation: 0.46517822404999726
