Running job on: wood
Iteration: 403
Starting spatial evaluation...
/home/fhopp/.conda/envs/mjs/lib/python3.8/site-packages/nilearn/maskers/nifti_masker.py:110: UserWarning: imgs are being resampled to the mask_img resolution. This process is memory intensive. You might want to provide a target_affine that is equal to the affine of the imgs or resample the mask beforehand to save memory and computation time.
  warnings.warn(
/home/fhopp/.conda/envs/mjs/lib/python3.8/site-packages/nilearn/masking.py:980: UserWarning: Data array used to create a new image contains 64-bit ints. This is likely due to creating the array with numpy and passing `int` as the `dtype`. Many tools such as FSL and SPM cannot deal with int64 in Nifti images, so for compatibility the data has been converted to int32.
  return new_img_like(mask_img, unmasked, affine)
Network 0 - Visual: 50 voxels done Correlation: 0.6769465219572017
Network 0 - Visual: 150 voxels done Correlation: 0.5985315708333494
Network 0 - Visual: 250 voxels done Correlation: 0.6439126655655454
Network 0 - Visual: 500 voxels done Correlation: 0.5907541844869417
Network 0 - Visual: 750 voxels done Correlation: 0.5995669808842558
Network 0 - Visual: 1000 voxels done Correlation: 0.5994482356230302
Network 0 - Visual: 1500 voxels done Correlation: 0.6143836657464269
Network 0 - Visual: 3000 voxels done Correlation: 0.6014499070738708
Network 0 - Visual: 5000 voxels done Correlation: 0.6323273247514518
Network 0 - Visual: 6500 voxels done Correlation: 0.6180797835835178
Network 0 - Visual: 10000 voxels done Correlation: 0.6244539148530536
Network 0 - Visual: 15000 voxels done Correlation: 0.6311338176442177
/home/fhopp/.conda/envs/mjs/lib/python3.8/site-packages/nilearn/masking.py:980: UserWarning: Data array used to create a new image contains 64-bit ints. This is likely due to creating the array with numpy and passing `int` as the `dtype`. Many tools such as FSL and SPM cannot deal with int64 in Nifti images, so for compatibility the data has been converted to int32.
  return new_img_like(mask_img, unmasked, affine)
Network 1 - Somatomotor: 50 voxels done Correlation: 0.21162077888768255
Network 1 - Somatomotor: 150 voxels done Correlation: 0.2830588588455939
Network 1 - Somatomotor: 250 voxels done Correlation: 0.25678398367938854
Network 1 - Somatomotor: 500 voxels done Correlation: 0.31366275261566195
Network 1 - Somatomotor: 750 voxels done Correlation: 0.3157397945774759
Network 1 - Somatomotor: 1000 voxels done Correlation: 0.2805845214510213
Network 1 - Somatomotor: 1500 voxels done Correlation: 0.3668988773502647
Network 1 - Somatomotor: 3000 voxels done Correlation: 0.344873873821658
Network 1 - Somatomotor: 5000 voxels done Correlation: 0.341565356000775
Network 1 - Somatomotor: 6500 voxels done Correlation: 0.34417254959790133
Network 1 - Somatomotor: 10000 voxels done Correlation: 0.33897810368462
Network 1 - Somatomotor: 15000 voxels done Correlation: 0.3461609443544197
/home/fhopp/.conda/envs/mjs/lib/python3.8/site-packages/nilearn/masking.py:980: UserWarning: Data array used to create a new image contains 64-bit ints. This is likely due to creating the array with numpy and passing `int` as the `dtype`. Many tools such as FSL and SPM cannot deal with int64 in Nifti images, so for compatibility the data has been converted to int32.
  return new_img_like(mask_img, unmasked, affine)
Network 2 - dAttention: 50 voxels done Correlation: 0.2394567833735106
Network 2 - dAttention: 150 voxels done Correlation: 0.23882314308484565
Network 2 - dAttention: 250 voxels done Correlation: 0.2545762758605564
Network 2 - dAttention: 500 voxels done Correlation: 0.32921178643704363
Network 2 - dAttention: 750 voxels done Correlation: 0.2858920807235448
Network 2 - dAttention: 1000 voxels done Correlation: 0.3459084945450449
Network 2 - dAttention: 1500 voxels done Correlation: 0.26894521639665375
Network 2 - dAttention: 3000 voxels done Correlation: 0.3373762874033823
Network 2 - dAttention: 5000 voxels done Correlation: 0.33961481825359824
Network 2 - dAttention: 6500 voxels done Correlation: 0.3323827341221675
Network 2 - dAttention: 10000 voxels done Correlation: 0.3223439966583567
Network 2 - dAttention: 15000 voxels done Correlation: 0.3364239322076861
/home/fhopp/.conda/envs/mjs/lib/python3.8/site-packages/nilearn/masking.py:980: UserWarning: Data array used to create a new image contains 64-bit ints. This is likely due to creating the array with numpy and passing `int` as the `dtype`. Many tools such as FSL and SPM cannot deal with int64 in Nifti images, so for compatibility the data has been converted to int32.
  return new_img_like(mask_img, unmasked, affine)
Network 3 - vAttention: 50 voxels done Correlation: 0.2529533428218129
Network 3 - vAttention: 150 voxels done Correlation: 0.332646628994003
Network 3 - vAttention: 250 voxels done Correlation: 0.3792626856444775
Network 3 - vAttention: 500 voxels done Correlation: 0.372044475628978
Network 3 - vAttention: 750 voxels done Correlation: 0.29590834578869796
Network 3 - vAttention: 1000 voxels done Correlation: 0.35528773644637396
Network 3 - vAttention: 1500 voxels done Correlation: 0.33455025556131923
Network 3 - vAttention: 3000 voxels done Correlation: 0.39425215570299516
Network 3 - vAttention: 5000 voxels done Correlation: 0.3839889778511727
Network 3 - vAttention: 6500 voxels done Correlation: 0.3796506340118939
Network 3 - vAttention: 10000 voxels done Correlation: 0.38467224985401793
Network 3 - vAttention: 15000 voxels done Correlation: 0.386468247208222
/home/fhopp/.conda/envs/mjs/lib/python3.8/site-packages/nilearn/masking.py:980: UserWarning: Data array used to create a new image contains 64-bit ints. This is likely due to creating the array with numpy and passing `int` as the `dtype`. Many tools such as FSL and SPM cannot deal with int64 in Nifti images, so for compatibility the data has been converted to int32.
  return new_img_like(mask_img, unmasked, affine)
Network 4 - Limbic: 50 voxels done Correlation: 0.15844233975754268
Network 4 - Limbic: 150 voxels done Correlation: 0.22981199976782574
Network 4 - Limbic: 250 voxels done Correlation: 0.23844470677749885
Network 4 - Limbic: 500 voxels done Correlation: 0.2583343739590884
Network 4 - Limbic: 750 voxels done Correlation: 0.24038370986477892
Network 4 - Limbic: 1000 voxels done Correlation: 0.22079433058610862
Network 4 - Limbic: 1500 voxels done Correlation: 0.2946761188806355
Network 4 - Limbic: 3000 voxels done Correlation: 0.28115492442899254
Network 4 - Limbic: 5000 voxels done Correlation: 0.26395546201741504
Network 4 - Limbic: 6500 voxels done Correlation: 0.2960201171028082
Network 4 - Limbic: 10000 voxels done Correlation: 0.29083952353613707
/home/fhopp/.conda/envs/mjs/lib/python3.8/site-packages/nilearn/masking.py:980: UserWarning: Data array used to create a new image contains 64-bit ints. This is likely due to creating the array with numpy and passing `int` as the `dtype`. Many tools such as FSL and SPM cannot deal with int64 in Nifti images, so for compatibility the data has been converted to int32.
  return new_img_like(mask_img, unmasked, affine)
Network 5 - Frontoparietal: 50 voxels done Correlation: 0.2097238548655087
Network 5 - Frontoparietal: 150 voxels done Correlation: 0.16417944900360967
Network 5 - Frontoparietal: 250 voxels done Correlation: 0.19072710098780227
Network 5 - Frontoparietal: 500 voxels done Correlation: 0.1922502607413843
Network 5 - Frontoparietal: 750 voxels done Correlation: 0.23354894110672703
Network 5 - Frontoparietal: 1000 voxels done Correlation: 0.28464057669854476
Network 5 - Frontoparietal: 1500 voxels done Correlation: 0.22250140355451997
Network 5 - Frontoparietal: 3000 voxels done Correlation: 0.22231933357141648
Network 5 - Frontoparietal: 5000 voxels done Correlation: 0.22486877637724223
Network 5 - Frontoparietal: 6500 voxels done Correlation: 0.22147649565497832
Network 5 - Frontoparietal: 10000 voxels done Correlation: 0.23785226986030705
Network 5 - Frontoparietal: 15000 voxels done Correlation: 0.24198594198793527
/home/fhopp/.conda/envs/mjs/lib/python3.8/site-packages/nilearn/masking.py:980: UserWarning: Data array used to create a new image contains 64-bit ints. This is likely due to creating the array with numpy and passing `int` as the `dtype`. Many tools such as FSL and SPM cannot deal with int64 in Nifti images, so for compatibility the data has been converted to int32.
  return new_img_like(mask_img, unmasked, affine)
Network 6 - Default Mode: 50 voxels done Correlation: 0.28943960792914303
Network 6 - Default Mode: 150 voxels done Correlation: 0.3328936185717783
Network 6 - Default Mode: 250 voxels done Correlation: 0.3558998938992429
Network 6 - Default Mode: 500 voxels done Correlation: 0.3886961112417916
Network 6 - Default Mode: 750 voxels done Correlation: 0.3750053283728174
Network 6 - Default Mode: 1000 voxels done Correlation: 0.3318504749453233
Network 6 - Default Mode: 1500 voxels done Correlation: 0.40825571045505427
Network 6 - Default Mode: 3000 voxels done Correlation: 0.40077042408641667
Network 6 - Default Mode: 5000 voxels done Correlation: 0.3996503798429708
Network 6 - Default Mode: 6500 voxels done Correlation: 0.3985116577162592
Network 6 - Default Mode: 10000 voxels done Correlation: 0.40719141982833806
Network 6 - Default Mode: 15000 voxels done Correlation: 0.39893989532197877
Network 6 - Default Mode: 25000 voxels done Correlation: 0.40550829259098686
/home/fhopp/.conda/envs/mjs/lib/python3.8/site-packages/nilearn/masking.py:980: UserWarning: Data array used to create a new image contains 64-bit ints. This is likely due to creating the array with numpy and passing `int` as the `dtype`. Many tools such as FSL and SPM cannot deal with int64 in Nifti images, so for compatibility the data has been converted to int32.
  return new_img_like(mask_img, unmasked, affine)
Network 7 - Subcortical: 50 voxels done Correlation: 0.16667742792479168
Network 7 - Subcortical: 150 voxels done Correlation: 0.18115818823517305
Network 7 - Subcortical: 250 voxels done Correlation: 0.2826909902170034
Network 7 - Subcortical: 500 voxels done Correlation: 0.11700215583962731
Network 7 - Subcortical: 750 voxels done Correlation: 0.19191461729989284
Network 7 - Subcortical: 1000 voxels done Correlation: 0.22990712010298844
Network 7 - Subcortical: 1500 voxels done Correlation: 0.23547962255327803
Network 7 - Subcortical: 3000 voxels done Correlation: 0.18465448510698657
Network 7 - Subcortical: 5000 voxels done Correlation: 0.17232887177928824
Network 7 - Subcortical: 6500 voxels done Correlation: 0.16682125373034778
Network 7 - Subcortical: 10000 voxels done Correlation: 0.16901549958013112
Network 8 - Consciousness: 50 voxels done Correlation: 0.2256557221917371
Network 8 - Consciousness: 150 voxels done Correlation: 0.32659338054957054
Network 8 - Consciousness: 250 voxels done Correlation: 0.3286402762923924
Network 8 - Consciousness: 500 voxels done Correlation: 0.35522975435265547
Network 8 - Consciousness: 750 voxels done Correlation: 0.3935807455399576
Network 8 - Consciousness: 1000 voxels done Correlation: 0.36449101451510235
Network 8 - Consciousness: 1500 voxels done Correlation: 0.4830620776160806
Network 8 - Consciousness: 3000 voxels done Correlation: 0.4270757706391699
Network 8 - Consciousness: 5000 voxels done Correlation: 0.46881199038676535
Network 8 - Consciousness: 6500 voxels done Correlation: 0.4291335207614957
Network 8 - Consciousness: 10000 voxels done Correlation: 0.46691499500334777
Network 8 - Consciousness: 15000 voxels done Correlation: 0.4627048676582407
Network 8 - Consciousness: 25000 voxels done Correlation: 0.45480648421167347
Network 8 - Consciousness: 50000 voxels done Correlation: 0.46541120753816945
