Running job on: wood
Iteration: 66
Starting spatial evaluation...
/home/fhopp/.conda/envs/mjs/lib/python3.8/site-packages/nilearn/maskers/nifti_masker.py:110: UserWarning: imgs are being resampled to the mask_img resolution. This process is memory intensive. You might want to provide a target_affine that is equal to the affine of the imgs or resample the mask beforehand to save memory and computation time.
  warnings.warn(
/home/fhopp/.conda/envs/mjs/lib/python3.8/site-packages/nilearn/masking.py:980: UserWarning: Data array used to create a new image contains 64-bit ints. This is likely due to creating the array with numpy and passing `int` as the `dtype`. Many tools such as FSL and SPM cannot deal with int64 in Nifti images, so for compatibility the data has been converted to int32.
  return new_img_like(mask_img, unmasked, affine)
Network 0 - Visual: 50 voxels done Correlation: 0.5084234895007549
Network 0 - Visual: 150 voxels done Correlation: 0.6838836445565109
Network 0 - Visual: 250 voxels done Correlation: 0.6356105769183078
Network 0 - Visual: 500 voxels done Correlation: 0.5623861800359983
Network 0 - Visual: 750 voxels done Correlation: 0.5518387652963479
Network 0 - Visual: 1000 voxels done Correlation: 0.5705011319325042
Network 0 - Visual: 1500 voxels done Correlation: 0.6297462623954275
Network 0 - Visual: 3000 voxels done Correlation: 0.6152979678221607
Network 0 - Visual: 5000 voxels done Correlation: 0.615350973129314
Network 0 - Visual: 6500 voxels done Correlation: 0.6259477927196566
Network 0 - Visual: 10000 voxels done Correlation: 0.6344029222962653
Network 0 - Visual: 15000 voxels done Correlation: 0.6327316910194657
/home/fhopp/.conda/envs/mjs/lib/python3.8/site-packages/nilearn/masking.py:980: UserWarning: Data array used to create a new image contains 64-bit ints. This is likely due to creating the array with numpy and passing `int` as the `dtype`. Many tools such as FSL and SPM cannot deal with int64 in Nifti images, so for compatibility the data has been converted to int32.
  return new_img_like(mask_img, unmasked, affine)
Network 1 - Somatomotor: 50 voxels done Correlation: 0.20981112799669727
Network 1 - Somatomotor: 150 voxels done Correlation: 0.3550672392023632
Network 1 - Somatomotor: 250 voxels done Correlation: 0.3452569987200954
Network 1 - Somatomotor: 500 voxels done Correlation: 0.35092459919260277
Network 1 - Somatomotor: 750 voxels done Correlation: 0.33173649027508034
Network 1 - Somatomotor: 1000 voxels done Correlation: 0.327872192973368
Network 1 - Somatomotor: 1500 voxels done Correlation: 0.3019029408308433
Network 1 - Somatomotor: 3000 voxels done Correlation: 0.36502416810482596
Network 1 - Somatomotor: 5000 voxels done Correlation: 0.33100452814901915
Network 1 - Somatomotor: 6500 voxels done Correlation: 0.3584685488607566
Network 1 - Somatomotor: 10000 voxels done Correlation: 0.33451122274158
Network 1 - Somatomotor: 15000 voxels done Correlation: 0.34417466141267006
/home/fhopp/.conda/envs/mjs/lib/python3.8/site-packages/nilearn/masking.py:980: UserWarning: Data array used to create a new image contains 64-bit ints. This is likely due to creating the array with numpy and passing `int` as the `dtype`. Many tools such as FSL and SPM cannot deal with int64 in Nifti images, so for compatibility the data has been converted to int32.
  return new_img_like(mask_img, unmasked, affine)
Network 2 - dAttention: 50 voxels done Correlation: 0.248519348460131
Network 2 - dAttention: 150 voxels done Correlation: 0.2985018839105723
Network 2 - dAttention: 250 voxels done Correlation: 0.1813137188867079
Network 2 - dAttention: 500 voxels done Correlation: 0.2870906163306813
Network 2 - dAttention: 750 voxels done Correlation: 0.24791743210469858
Network 2 - dAttention: 1000 voxels done Correlation: 0.29617699193958236
Network 2 - dAttention: 1500 voxels done Correlation: 0.31119002522457107
Network 2 - dAttention: 3000 voxels done Correlation: 0.33751638551798413
Network 2 - dAttention: 5000 voxels done Correlation: 0.32054195448293055
Network 2 - dAttention: 6500 voxels done Correlation: 0.3401388222089414
Network 2 - dAttention: 10000 voxels done Correlation: 0.31901387026773176
Network 2 - dAttention: 15000 voxels done Correlation: 0.33544208258285096
/home/fhopp/.conda/envs/mjs/lib/python3.8/site-packages/nilearn/masking.py:980: UserWarning: Data array used to create a new image contains 64-bit ints. This is likely due to creating the array with numpy and passing `int` as the `dtype`. Many tools such as FSL and SPM cannot deal with int64 in Nifti images, so for compatibility the data has been converted to int32.
  return new_img_like(mask_img, unmasked, affine)
Network 3 - vAttention: 50 voxels done Correlation: 0.2237155162854491
Network 3 - vAttention: 150 voxels done Correlation: 0.2897169480765787
Network 3 - vAttention: 250 voxels done Correlation: 0.243501550193729
Network 3 - vAttention: 500 voxels done Correlation: 0.32970457917871515
Network 3 - vAttention: 750 voxels done Correlation: 0.33935278864669405
Network 3 - vAttention: 1000 voxels done Correlation: 0.3178245163705715
Network 3 - vAttention: 1500 voxels done Correlation: 0.3517226200170768
Network 3 - vAttention: 3000 voxels done Correlation: 0.3908447537610837
Network 3 - vAttention: 5000 voxels done Correlation: 0.3805540258943254
Network 3 - vAttention: 6500 voxels done Correlation: 0.385452541055852
Network 3 - vAttention: 10000 voxels done Correlation: 0.381807733178762
Network 3 - vAttention: 15000 voxels done Correlation: 0.389759741698124
/home/fhopp/.conda/envs/mjs/lib/python3.8/site-packages/nilearn/masking.py:980: UserWarning: Data array used to create a new image contains 64-bit ints. This is likely due to creating the array with numpy and passing `int` as the `dtype`. Many tools such as FSL and SPM cannot deal with int64 in Nifti images, so for compatibility the data has been converted to int32.
  return new_img_like(mask_img, unmasked, affine)
Network 4 - Limbic: 50 voxels done Correlation: 0.1612264546755645
Network 4 - Limbic: 150 voxels done Correlation: 0.1490532534599737
Network 4 - Limbic: 250 voxels done Correlation: 0.2393907289071866
Network 4 - Limbic: 500 voxels done Correlation: 0.26303521091021287
Network 4 - Limbic: 750 voxels done Correlation: 0.3067685036540191
Network 4 - Limbic: 1000 voxels done Correlation: 0.27057966980081155
Network 4 - Limbic: 1500 voxels done Correlation: 0.2768600816745015
Network 4 - Limbic: 3000 voxels done Correlation: 0.27656935000539784
Network 4 - Limbic: 5000 voxels done Correlation: 0.269827570661411
Network 4 - Limbic: 6500 voxels done Correlation: 0.2895916312313718
Network 4 - Limbic: 10000 voxels done Correlation: 0.28219408328621115
/home/fhopp/.conda/envs/mjs/lib/python3.8/site-packages/nilearn/masking.py:980: UserWarning: Data array used to create a new image contains 64-bit ints. This is likely due to creating the array with numpy and passing `int` as the `dtype`. Many tools such as FSL and SPM cannot deal with int64 in Nifti images, so for compatibility the data has been converted to int32.
  return new_img_like(mask_img, unmasked, affine)
Network 5 - Frontoparietal: 50 voxels done Correlation: 0.17960494354684478
Network 5 - Frontoparietal: 150 voxels done Correlation: 0.15264366397515305
Network 5 - Frontoparietal: 250 voxels done Correlation: 0.2026101093618231
Network 5 - Frontoparietal: 500 voxels done Correlation: 0.196675405605333
Network 5 - Frontoparietal: 750 voxels done Correlation: 0.2259587149663894
Network 5 - Frontoparietal: 1000 voxels done Correlation: 0.23286572162560012
Network 5 - Frontoparietal: 1500 voxels done Correlation: 0.20122281759673244
Network 5 - Frontoparietal: 3000 voxels done Correlation: 0.2191074379633829
Network 5 - Frontoparietal: 5000 voxels done Correlation: 0.25840354933705734
Network 5 - Frontoparietal: 6500 voxels done Correlation: 0.23418279778784656
Network 5 - Frontoparietal: 10000 voxels done Correlation: 0.24616357103072783
Network 5 - Frontoparietal: 15000 voxels done Correlation: 0.23430894790683812
/home/fhopp/.conda/envs/mjs/lib/python3.8/site-packages/nilearn/masking.py:980: UserWarning: Data array used to create a new image contains 64-bit ints. This is likely due to creating the array with numpy and passing `int` as the `dtype`. Many tools such as FSL and SPM cannot deal with int64 in Nifti images, so for compatibility the data has been converted to int32.
  return new_img_like(mask_img, unmasked, affine)
Network 6 - Default Mode: 50 voxels done Correlation: 0.37092847682871616
Network 6 - Default Mode: 150 voxels done Correlation: 0.4122745470253024
Network 6 - Default Mode: 250 voxels done Correlation: 0.34849705084382165
Network 6 - Default Mode: 500 voxels done Correlation: 0.2983691998948318
Network 6 - Default Mode: 750 voxels done Correlation: 0.3375871547854432
Network 6 - Default Mode: 1000 voxels done Correlation: 0.4150174032413904
Network 6 - Default Mode: 1500 voxels done Correlation: 0.387487991936839
Network 6 - Default Mode: 3000 voxels done Correlation: 0.3976048748167291
Network 6 - Default Mode: 5000 voxels done Correlation: 0.3975089261473631
Network 6 - Default Mode: 6500 voxels done Correlation: 0.4012003969988821
Network 6 - Default Mode: 10000 voxels done Correlation: 0.4106927290060802
Network 6 - Default Mode: 15000 voxels done Correlation: 0.4115822727850139
Network 6 - Default Mode: 25000 voxels done Correlation: 0.4115639492411149
/home/fhopp/.conda/envs/mjs/lib/python3.8/site-packages/nilearn/masking.py:980: UserWarning: Data array used to create a new image contains 64-bit ints. This is likely due to creating the array with numpy and passing `int` as the `dtype`. Many tools such as FSL and SPM cannot deal with int64 in Nifti images, so for compatibility the data has been converted to int32.
  return new_img_like(mask_img, unmasked, affine)
Network 7 - Subcortical: 50 voxels done Correlation: 0.11235968531730847
Network 7 - Subcortical: 150 voxels done Correlation: 0.21302576970353687
Network 7 - Subcortical: 250 voxels done Correlation: 0.21727590594171112
Network 7 - Subcortical: 500 voxels done Correlation: 0.1822336355605278
Network 7 - Subcortical: 750 voxels done Correlation: 0.19628088150029818
Network 7 - Subcortical: 1000 voxels done Correlation: 0.20653252666864774
Network 7 - Subcortical: 1500 voxels done Correlation: 0.23096741681650934
Network 7 - Subcortical: 3000 voxels done Correlation: 0.16221286749052716
Network 7 - Subcortical: 5000 voxels done Correlation: 0.16395900429667462
Network 7 - Subcortical: 6500 voxels done Correlation: 0.17008072639630878
Network 7 - Subcortical: 10000 voxels done Correlation: 0.16134829020796781
Network 8 - Consciousness: 50 voxels done Correlation: 0.2821294307291218
Network 8 - Consciousness: 150 voxels done Correlation: 0.44163760920752465
Network 8 - Consciousness: 250 voxels done Correlation: 0.287545096195039
Network 8 - Consciousness: 500 voxels done Correlation: 0.28087777684960524
Network 8 - Consciousness: 750 voxels done Correlation: 0.37685767930275005
Network 8 - Consciousness: 1000 voxels done Correlation: 0.3623742310059957
Network 8 - Consciousness: 1500 voxels done Correlation: 0.4300792271340129
Network 8 - Consciousness: 3000 voxels done Correlation: 0.433815167506441
Network 8 - Consciousness: 5000 voxels done Correlation: 0.43734573821455724
Network 8 - Consciousness: 6500 voxels done Correlation: 0.47179834153232036
Network 8 - Consciousness: 10000 voxels done Correlation: 0.45432235769113827
Network 8 - Consciousness: 15000 voxels done Correlation: 0.47201450160770936
Network 8 - Consciousness: 25000 voxels done Correlation: 0.4744426006395633
Network 8 - Consciousness: 50000 voxels done Correlation: 0.46593398510004363
