Running job on: wood
Iteration: 199
Starting spatial evaluation...
/home/fhopp/.conda/envs/mjs/lib/python3.8/site-packages/nilearn/maskers/nifti_masker.py:110: UserWarning: imgs are being resampled to the mask_img resolution. This process is memory intensive. You might want to provide a target_affine that is equal to the affine of the imgs or resample the mask beforehand to save memory and computation time.
  warnings.warn(
/home/fhopp/.conda/envs/mjs/lib/python3.8/site-packages/nilearn/masking.py:980: UserWarning: Data array used to create a new image contains 64-bit ints. This is likely due to creating the array with numpy and passing `int` as the `dtype`. Many tools such as FSL and SPM cannot deal with int64 in Nifti images, so for compatibility the data has been converted to int32.
  return new_img_like(mask_img, unmasked, affine)
Network 0 - Visual: 50 voxels done Correlation: 0.6268544001593266
Network 0 - Visual: 150 voxels done Correlation: 0.6645950906344271
Network 0 - Visual: 250 voxels done Correlation: 0.5845930328844199
Network 0 - Visual: 500 voxels done Correlation: 0.5528206476732948
Network 0 - Visual: 750 voxels done Correlation: 0.5912498601200357
Network 0 - Visual: 1000 voxels done Correlation: 0.6152215313108721
Network 0 - Visual: 1500 voxels done Correlation: 0.6199229977805425
Network 0 - Visual: 3000 voxels done Correlation: 0.5963786602620984
Network 0 - Visual: 5000 voxels done Correlation: 0.6261486740489582
Network 0 - Visual: 6500 voxels done Correlation: 0.6222645308703727
Network 0 - Visual: 10000 voxels done Correlation: 0.6281093360773404
Network 0 - Visual: 15000 voxels done Correlation: 0.6308313691040175
/home/fhopp/.conda/envs/mjs/lib/python3.8/site-packages/nilearn/masking.py:980: UserWarning: Data array used to create a new image contains 64-bit ints. This is likely due to creating the array with numpy and passing `int` as the `dtype`. Many tools such as FSL and SPM cannot deal with int64 in Nifti images, so for compatibility the data has been converted to int32.
  return new_img_like(mask_img, unmasked, affine)
Network 1 - Somatomotor: 50 voxels done Correlation: 0.2321192651246446
Network 1 - Somatomotor: 150 voxels done Correlation: 0.3642194560780915
Network 1 - Somatomotor: 250 voxels done Correlation: 0.36551996210615545
Network 1 - Somatomotor: 500 voxels done Correlation: 0.4276904095963603
Network 1 - Somatomotor: 750 voxels done Correlation: 0.3843871539420087
Network 1 - Somatomotor: 1000 voxels done Correlation: 0.33305890137318783
Network 1 - Somatomotor: 1500 voxels done Correlation: 0.32529638404400785
Network 1 - Somatomotor: 3000 voxels done Correlation: 0.33608252559633134
Network 1 - Somatomotor: 5000 voxels done Correlation: 0.33699244450153665
Network 1 - Somatomotor: 6500 voxels done Correlation: 0.3308751968616799
Network 1 - Somatomotor: 10000 voxels done Correlation: 0.34419247447666
Network 1 - Somatomotor: 15000 voxels done Correlation: 0.3445401538599416
/home/fhopp/.conda/envs/mjs/lib/python3.8/site-packages/nilearn/masking.py:980: UserWarning: Data array used to create a new image contains 64-bit ints. This is likely due to creating the array with numpy and passing `int` as the `dtype`. Many tools such as FSL and SPM cannot deal with int64 in Nifti images, so for compatibility the data has been converted to int32.
  return new_img_like(mask_img, unmasked, affine)
Network 2 - dAttention: 50 voxels done Correlation: 0.28980449596122737
Network 2 - dAttention: 150 voxels done Correlation: 0.27371362461163934
Network 2 - dAttention: 250 voxels done Correlation: 0.2705019713115714
Network 2 - dAttention: 500 voxels done Correlation: 0.2759792525229302
Network 2 - dAttention: 750 voxels done Correlation: 0.3475145192302249
Network 2 - dAttention: 1000 voxels done Correlation: 0.31239322326706853
Network 2 - dAttention: 1500 voxels done Correlation: 0.3256656026307385
Network 2 - dAttention: 3000 voxels done Correlation: 0.32726437147977705
Network 2 - dAttention: 5000 voxels done Correlation: 0.33849369459334677
Network 2 - dAttention: 6500 voxels done Correlation: 0.3395628412335665
Network 2 - dAttention: 10000 voxels done Correlation: 0.3248303015190705
Network 2 - dAttention: 15000 voxels done Correlation: 0.33608560043019076
/home/fhopp/.conda/envs/mjs/lib/python3.8/site-packages/nilearn/masking.py:980: UserWarning: Data array used to create a new image contains 64-bit ints. This is likely due to creating the array with numpy and passing `int` as the `dtype`. Many tools such as FSL and SPM cannot deal with int64 in Nifti images, so for compatibility the data has been converted to int32.
  return new_img_like(mask_img, unmasked, affine)
Network 3 - vAttention: 50 voxels done Correlation: 0.2172248430287185
Network 3 - vAttention: 150 voxels done Correlation: 0.28942265543281026
Network 3 - vAttention: 250 voxels done Correlation: 0.28942171534520855
Network 3 - vAttention: 500 voxels done Correlation: 0.35000207820820783
Network 3 - vAttention: 750 voxels done Correlation: 0.3762556894286394
Network 3 - vAttention: 1000 voxels done Correlation: 0.3871463751338541
Network 3 - vAttention: 1500 voxels done Correlation: 0.34487024655388276
Network 3 - vAttention: 3000 voxels done Correlation: 0.3745956846828583
Network 3 - vAttention: 5000 voxels done Correlation: 0.3890206948569497
Network 3 - vAttention: 6500 voxels done Correlation: 0.37182712402155427
Network 3 - vAttention: 10000 voxels done Correlation: 0.3965143796718962
Network 3 - vAttention: 15000 voxels done Correlation: 0.3880889102746649
/home/fhopp/.conda/envs/mjs/lib/python3.8/site-packages/nilearn/masking.py:980: UserWarning: Data array used to create a new image contains 64-bit ints. This is likely due to creating the array with numpy and passing `int` as the `dtype`. Many tools such as FSL and SPM cannot deal with int64 in Nifti images, so for compatibility the data has been converted to int32.
  return new_img_like(mask_img, unmasked, affine)
Network 4 - Limbic: 50 voxels done Correlation: 0.18350183158096844
Network 4 - Limbic: 150 voxels done Correlation: 0.24208450045997804
Network 4 - Limbic: 250 voxels done Correlation: 0.1773689101373928
Network 4 - Limbic: 500 voxels done Correlation: 0.24197346378922177
Network 4 - Limbic: 750 voxels done Correlation: 0.272292323484056
Network 4 - Limbic: 1000 voxels done Correlation: 0.2706833691658155
Network 4 - Limbic: 1500 voxels done Correlation: 0.28065998345789334
Network 4 - Limbic: 3000 voxels done Correlation: 0.2885851131824589
Network 4 - Limbic: 5000 voxels done Correlation: 0.2990438846816451
Network 4 - Limbic: 6500 voxels done Correlation: 0.27192533040438405
Network 4 - Limbic: 10000 voxels done Correlation: 0.2889318042459616
/home/fhopp/.conda/envs/mjs/lib/python3.8/site-packages/nilearn/masking.py:980: UserWarning: Data array used to create a new image contains 64-bit ints. This is likely due to creating the array with numpy and passing `int` as the `dtype`. Many tools such as FSL and SPM cannot deal with int64 in Nifti images, so for compatibility the data has been converted to int32.
  return new_img_like(mask_img, unmasked, affine)
Network 5 - Frontoparietal: 50 voxels done Correlation: 0.13973979515435975
Network 5 - Frontoparietal: 150 voxels done Correlation: 0.21074425893072174
Network 5 - Frontoparietal: 250 voxels done Correlation: 0.19065729393631714
Network 5 - Frontoparietal: 500 voxels done Correlation: 0.2886644968033655
Network 5 - Frontoparietal: 750 voxels done Correlation: 0.22656821979299852
Network 5 - Frontoparietal: 1000 voxels done Correlation: 0.24222193513277274
Network 5 - Frontoparietal: 1500 voxels done Correlation: 0.2564321088257871
Network 5 - Frontoparietal: 3000 voxels done Correlation: 0.21168591859259298
Network 5 - Frontoparietal: 5000 voxels done Correlation: 0.22570214973916064
Network 5 - Frontoparietal: 6500 voxels done Correlation: 0.2229262397445665
Network 5 - Frontoparietal: 10000 voxels done Correlation: 0.24966320645635925
Network 5 - Frontoparietal: 15000 voxels done Correlation: 0.2379516116463049
/home/fhopp/.conda/envs/mjs/lib/python3.8/site-packages/nilearn/masking.py:980: UserWarning: Data array used to create a new image contains 64-bit ints. This is likely due to creating the array with numpy and passing `int` as the `dtype`. Many tools such as FSL and SPM cannot deal with int64 in Nifti images, so for compatibility the data has been converted to int32.
  return new_img_like(mask_img, unmasked, affine)
Network 6 - Default Mode: 50 voxels done Correlation: 0.2685036843097595
Network 6 - Default Mode: 150 voxels done Correlation: 0.3090783609934956
Network 6 - Default Mode: 250 voxels done Correlation: 0.2614899598752024
Network 6 - Default Mode: 500 voxels done Correlation: 0.36834992925299426
Network 6 - Default Mode: 750 voxels done Correlation: 0.3930795780348961
Network 6 - Default Mode: 1000 voxels done Correlation: 0.4053201731225984
Network 6 - Default Mode: 1500 voxels done Correlation: 0.3431623512480678
Network 6 - Default Mode: 3000 voxels done Correlation: 0.39193394335034804
Network 6 - Default Mode: 5000 voxels done Correlation: 0.40333499265749173
Network 6 - Default Mode: 6500 voxels done Correlation: 0.39820512547951986
Network 6 - Default Mode: 10000 voxels done Correlation: 0.3900169563525509
Network 6 - Default Mode: 15000 voxels done Correlation: 0.40398356553541626
Network 6 - Default Mode: 25000 voxels done Correlation: 0.4041382606828258
/home/fhopp/.conda/envs/mjs/lib/python3.8/site-packages/nilearn/masking.py:980: UserWarning: Data array used to create a new image contains 64-bit ints. This is likely due to creating the array with numpy and passing `int` as the `dtype`. Many tools such as FSL and SPM cannot deal with int64 in Nifti images, so for compatibility the data has been converted to int32.
  return new_img_like(mask_img, unmasked, affine)
Network 7 - Subcortical: 50 voxels done Correlation: 0.05245626564086328
Network 7 - Subcortical: 150 voxels done Correlation: 0.19786282700507007
Network 7 - Subcortical: 250 voxels done Correlation: 0.15719855236345057
Network 7 - Subcortical: 500 voxels done Correlation: 0.21294483609325976
Network 7 - Subcortical: 750 voxels done Correlation: 0.22921137696178703
Network 7 - Subcortical: 1000 voxels done Correlation: 0.2568546838629118
Network 7 - Subcortical: 1500 voxels done Correlation: 0.22645579107961705
Network 7 - Subcortical: 3000 voxels done Correlation: 0.18961636874451054
Network 7 - Subcortical: 5000 voxels done Correlation: 0.16426440156249567
Network 7 - Subcortical: 6500 voxels done Correlation: 0.15806939760500371
Network 7 - Subcortical: 10000 voxels done Correlation: 0.1654766252167364
Network 8 - Consciousness: 50 voxels done Correlation: 0.24932023062900965
Network 8 - Consciousness: 150 voxels done Correlation: 0.26999528438813486
Network 8 - Consciousness: 250 voxels done Correlation: 0.3811310180483882
Network 8 - Consciousness: 500 voxels done Correlation: 0.35914483326985575
Network 8 - Consciousness: 750 voxels done Correlation: 0.3390379712048198
Network 8 - Consciousness: 1000 voxels done Correlation: 0.387942304246069
Network 8 - Consciousness: 1500 voxels done Correlation: 0.4197273794374232
Network 8 - Consciousness: 3000 voxels done Correlation: 0.4420366049889281
Network 8 - Consciousness: 5000 voxels done Correlation: 0.4744056537116633
Network 8 - Consciousness: 6500 voxels done Correlation: 0.4369116559603432
Network 8 - Consciousness: 10000 voxels done Correlation: 0.4699223046947322
Network 8 - Consciousness: 15000 voxels done Correlation: 0.4567094861181909
Network 8 - Consciousness: 25000 voxels done Correlation: 0.4672792830500466
Network 8 - Consciousness: 50000 voxels done Correlation: 0.4646875655961289
