Running job on: wood
Iteration: 250
Starting spatial evaluation...
/home/fhopp/.conda/envs/mjs/lib/python3.8/site-packages/nilearn/maskers/nifti_masker.py:110: UserWarning: imgs are being resampled to the mask_img resolution. This process is memory intensive. You might want to provide a target_affine that is equal to the affine of the imgs or resample the mask beforehand to save memory and computation time.
  warnings.warn(
/home/fhopp/.conda/envs/mjs/lib/python3.8/site-packages/nilearn/masking.py:980: UserWarning: Data array used to create a new image contains 64-bit ints. This is likely due to creating the array with numpy and passing `int` as the `dtype`. Many tools such as FSL and SPM cannot deal with int64 in Nifti images, so for compatibility the data has been converted to int32.
  return new_img_like(mask_img, unmasked, affine)
Network 0 - Visual: 50 voxels done Correlation: 0.6417066046623124
Network 0 - Visual: 150 voxels done Correlation: 0.5807087544251549
Network 0 - Visual: 250 voxels done Correlation: 0.603936207814505
Network 0 - Visual: 500 voxels done Correlation: 0.5763388677402955
Network 0 - Visual: 750 voxels done Correlation: 0.6530585562232323
Network 0 - Visual: 1000 voxels done Correlation: 0.5596666557040484
Network 0 - Visual: 1500 voxels done Correlation: 0.5957595054760667
Network 0 - Visual: 3000 voxels done Correlation: 0.5978551989032582
Network 0 - Visual: 5000 voxels done Correlation: 0.6179006089117789
Network 0 - Visual: 6500 voxels done Correlation: 0.6298412538238944
Network 0 - Visual: 10000 voxels done Correlation: 0.624517453167929
Network 0 - Visual: 15000 voxels done Correlation: 0.6312076126731019
/home/fhopp/.conda/envs/mjs/lib/python3.8/site-packages/nilearn/masking.py:980: UserWarning: Data array used to create a new image contains 64-bit ints. This is likely due to creating the array with numpy and passing `int` as the `dtype`. Many tools such as FSL and SPM cannot deal with int64 in Nifti images, so for compatibility the data has been converted to int32.
  return new_img_like(mask_img, unmasked, affine)
Network 1 - Somatomotor: 50 voxels done Correlation: 0.22775147265246745
Network 1 - Somatomotor: 150 voxels done Correlation: 0.3289219745407762
Network 1 - Somatomotor: 250 voxels done Correlation: 0.35525733862599207
Network 1 - Somatomotor: 500 voxels done Correlation: 0.3967428461780055
Network 1 - Somatomotor: 750 voxels done Correlation: 0.2772325304139642
Network 1 - Somatomotor: 1000 voxels done Correlation: 0.37488174233610316
Network 1 - Somatomotor: 1500 voxels done Correlation: 0.33944150802741635
Network 1 - Somatomotor: 3000 voxels done Correlation: 0.3259009685481264
Network 1 - Somatomotor: 5000 voxels done Correlation: 0.3427871030622668
Network 1 - Somatomotor: 6500 voxels done Correlation: 0.337919796716981
Network 1 - Somatomotor: 10000 voxels done Correlation: 0.3394625665415991
Network 1 - Somatomotor: 15000 voxels done Correlation: 0.3462038164846622
/home/fhopp/.conda/envs/mjs/lib/python3.8/site-packages/nilearn/masking.py:980: UserWarning: Data array used to create a new image contains 64-bit ints. This is likely due to creating the array with numpy and passing `int` as the `dtype`. Many tools such as FSL and SPM cannot deal with int64 in Nifti images, so for compatibility the data has been converted to int32.
  return new_img_like(mask_img, unmasked, affine)
Network 2 - dAttention: 50 voxels done Correlation: 0.27269651370473824
Network 2 - dAttention: 150 voxels done Correlation: 0.2958745549431707
Network 2 - dAttention: 250 voxels done Correlation: 0.31348826805334606
Network 2 - dAttention: 500 voxels done Correlation: 0.30472402543798494
Network 2 - dAttention: 750 voxels done Correlation: 0.3327028529016565
Network 2 - dAttention: 1000 voxels done Correlation: 0.30685713150494587
Network 2 - dAttention: 1500 voxels done Correlation: 0.3332411947205561
Network 2 - dAttention: 3000 voxels done Correlation: 0.323502509438322
Network 2 - dAttention: 5000 voxels done Correlation: 0.33375441918568405
Network 2 - dAttention: 6500 voxels done Correlation: 0.33442342796175967
Network 2 - dAttention: 10000 voxels done Correlation: 0.33350741683738766
Network 2 - dAttention: 15000 voxels done Correlation: 0.3340478512619653
/home/fhopp/.conda/envs/mjs/lib/python3.8/site-packages/nilearn/masking.py:980: UserWarning: Data array used to create a new image contains 64-bit ints. This is likely due to creating the array with numpy and passing `int` as the `dtype`. Many tools such as FSL and SPM cannot deal with int64 in Nifti images, so for compatibility the data has been converted to int32.
  return new_img_like(mask_img, unmasked, affine)
Network 3 - vAttention: 50 voxels done Correlation: 0.2524860916128567
Network 3 - vAttention: 150 voxels done Correlation: 0.3008115530758896
Network 3 - vAttention: 250 voxels done Correlation: 0.2811827838741654
Network 3 - vAttention: 500 voxels done Correlation: 0.29665046466087674
Network 3 - vAttention: 750 voxels done Correlation: 0.3987878667445097
Network 3 - vAttention: 1000 voxels done Correlation: 0.3174328879550497
Network 3 - vAttention: 1500 voxels done Correlation: 0.36367608026745635
Network 3 - vAttention: 3000 voxels done Correlation: 0.37252905776604506
Network 3 - vAttention: 5000 voxels done Correlation: 0.37361875800185773
Network 3 - vAttention: 6500 voxels done Correlation: 0.3690708473022113
Network 3 - vAttention: 10000 voxels done Correlation: 0.39369343620690944
Network 3 - vAttention: 15000 voxels done Correlation: 0.3888188082393553
/home/fhopp/.conda/envs/mjs/lib/python3.8/site-packages/nilearn/masking.py:980: UserWarning: Data array used to create a new image contains 64-bit ints. This is likely due to creating the array with numpy and passing `int` as the `dtype`. Many tools such as FSL and SPM cannot deal with int64 in Nifti images, so for compatibility the data has been converted to int32.
  return new_img_like(mask_img, unmasked, affine)
Network 4 - Limbic: 50 voxels done Correlation: 0.17163436813996197
Network 4 - Limbic: 150 voxels done Correlation: 0.262551374519919
Network 4 - Limbic: 250 voxels done Correlation: 0.21386589021459268
Network 4 - Limbic: 500 voxels done Correlation: 0.21289290240471986
Network 4 - Limbic: 750 voxels done Correlation: 0.3176902567323138
Network 4 - Limbic: 1000 voxels done Correlation: 0.31262961970217834
Network 4 - Limbic: 1500 voxels done Correlation: 0.2572517677041215
Network 4 - Limbic: 3000 voxels done Correlation: 0.26712515173048623
Network 4 - Limbic: 5000 voxels done Correlation: 0.2824214537009093
Network 4 - Limbic: 6500 voxels done Correlation: 0.2800575713091389
Network 4 - Limbic: 10000 voxels done Correlation: 0.28387758243523975
/home/fhopp/.conda/envs/mjs/lib/python3.8/site-packages/nilearn/masking.py:980: UserWarning: Data array used to create a new image contains 64-bit ints. This is likely due to creating the array with numpy and passing `int` as the `dtype`. Many tools such as FSL and SPM cannot deal with int64 in Nifti images, so for compatibility the data has been converted to int32.
  return new_img_like(mask_img, unmasked, affine)
Network 5 - Frontoparietal: 50 voxels done Correlation: 0.17536336273852293
Network 5 - Frontoparietal: 150 voxels done Correlation: 0.16527492863592197
Network 5 - Frontoparietal: 250 voxels done Correlation: 0.2030975281723309
Network 5 - Frontoparietal: 500 voxels done Correlation: 0.20739364999562715
Network 5 - Frontoparietal: 750 voxels done Correlation: 0.26144751911525943
Network 5 - Frontoparietal: 1000 voxels done Correlation: 0.22465430420275295
Network 5 - Frontoparietal: 1500 voxels done Correlation: 0.20715115183835844
Network 5 - Frontoparietal: 3000 voxels done Correlation: 0.21164133746717795
Network 5 - Frontoparietal: 5000 voxels done Correlation: 0.24550291371510746
Network 5 - Frontoparietal: 6500 voxels done Correlation: 0.2369783227417101
Network 5 - Frontoparietal: 10000 voxels done Correlation: 0.23349147792739555
Network 5 - Frontoparietal: 15000 voxels done Correlation: 0.23772590059881443
/home/fhopp/.conda/envs/mjs/lib/python3.8/site-packages/nilearn/masking.py:980: UserWarning: Data array used to create a new image contains 64-bit ints. This is likely due to creating the array with numpy and passing `int` as the `dtype`. Many tools such as FSL and SPM cannot deal with int64 in Nifti images, so for compatibility the data has been converted to int32.
  return new_img_like(mask_img, unmasked, affine)
Network 6 - Default Mode: 50 voxels done Correlation: 0.27490363557341424
Network 6 - Default Mode: 150 voxels done Correlation: 0.42770435349915403
Network 6 - Default Mode: 250 voxels done Correlation: 0.31092843207154425
Network 6 - Default Mode: 500 voxels done Correlation: 0.33211790609387093
Network 6 - Default Mode: 750 voxels done Correlation: 0.4136144895341743
Network 6 - Default Mode: 1000 voxels done Correlation: 0.3427428544685634
Network 6 - Default Mode: 1500 voxels done Correlation: 0.39399903578778217
Network 6 - Default Mode: 3000 voxels done Correlation: 0.39031576718841676
Network 6 - Default Mode: 5000 voxels done Correlation: 0.4020810515011
Network 6 - Default Mode: 6500 voxels done Correlation: 0.4126108384721379
Network 6 - Default Mode: 10000 voxels done Correlation: 0.3934397077673867
Network 6 - Default Mode: 15000 voxels done Correlation: 0.4118622861583004
Network 6 - Default Mode: 25000 voxels done Correlation: 0.40838178742368203
/home/fhopp/.conda/envs/mjs/lib/python3.8/site-packages/nilearn/masking.py:980: UserWarning: Data array used to create a new image contains 64-bit ints. This is likely due to creating the array with numpy and passing `int` as the `dtype`. Many tools such as FSL and SPM cannot deal with int64 in Nifti images, so for compatibility the data has been converted to int32.
  return new_img_like(mask_img, unmasked, affine)
Network 7 - Subcortical: 50 voxels done Correlation: 0.16806756561223468
Network 7 - Subcortical: 150 voxels done Correlation: 0.14283783282624285
Network 7 - Subcortical: 250 voxels done Correlation: 0.21713000810545535
Network 7 - Subcortical: 500 voxels done Correlation: 0.22508967917395833
Network 7 - Subcortical: 750 voxels done Correlation: 0.28656947496422147
Network 7 - Subcortical: 1000 voxels done Correlation: 0.22212010409478106
Network 7 - Subcortical: 1500 voxels done Correlation: 0.210642717734169
Network 7 - Subcortical: 3000 voxels done Correlation: 0.16206371254686316
Network 7 - Subcortical: 5000 voxels done Correlation: 0.16803057877170952
Network 7 - Subcortical: 6500 voxels done Correlation: 0.16488529268377544
Network 7 - Subcortical: 10000 voxels done Correlation: 0.16973711566347677
Network 8 - Consciousness: 50 voxels done Correlation: 0.4003510063649398
Network 8 - Consciousness: 150 voxels done Correlation: 0.2665011178496812
Network 8 - Consciousness: 250 voxels done Correlation: 0.3380121025344376
Network 8 - Consciousness: 500 voxels done Correlation: 0.36094367704715136
Network 8 - Consciousness: 750 voxels done Correlation: 0.3895267843449423
Network 8 - Consciousness: 1000 voxels done Correlation: 0.4119239997810983
Network 8 - Consciousness: 1500 voxels done Correlation: 0.42744231999781146
Network 8 - Consciousness: 3000 voxels done Correlation: 0.44205682275935143
Network 8 - Consciousness: 5000 voxels done Correlation: 0.42625101927520825
Network 8 - Consciousness: 6500 voxels done Correlation: 0.47596118588363706
Network 8 - Consciousness: 10000 voxels done Correlation: 0.46027568687185666
Network 8 - Consciousness: 15000 voxels done Correlation: 0.45866797808244103
Network 8 - Consciousness: 25000 voxels done Correlation: 0.4702911584429032
Network 8 - Consciousness: 50000 voxels done Correlation: 0.46775085967640695
