Running job on: ada
Iteration: 460
Starting spatial evaluation...
/home/fhopp/.conda/envs/mjs/lib/python3.8/site-packages/nilearn/maskers/nifti_masker.py:110: UserWarning: imgs are being resampled to the mask_img resolution. This process is memory intensive. You might want to provide a target_affine that is equal to the affine of the imgs or resample the mask beforehand to save memory and computation time.
  warnings.warn(
/home/fhopp/.conda/envs/mjs/lib/python3.8/site-packages/nilearn/masking.py:980: UserWarning: Data array used to create a new image contains 64-bit ints. This is likely due to creating the array with numpy and passing `int` as the `dtype`. Many tools such as FSL and SPM cannot deal with int64 in Nifti images, so for compatibility the data has been converted to int32.
  return new_img_like(mask_img, unmasked, affine)
Network 0 - Visual: 50 voxels done Correlation: 0.6326903302495994
Network 0 - Visual: 150 voxels done Correlation: 0.5578666251151433
Network 0 - Visual: 250 voxels done Correlation: 0.5709662099196564
Network 0 - Visual: 500 voxels done Correlation: 0.5427165285281923
Network 0 - Visual: 750 voxels done Correlation: 0.5806983201706362
Network 0 - Visual: 1000 voxels done Correlation: 0.5987401854978135
Network 0 - Visual: 1500 voxels done Correlation: 0.6252348649268631
Network 0 - Visual: 3000 voxels done Correlation: 0.6340985431289159
Network 0 - Visual: 5000 voxels done Correlation: 0.6205266961188007
Network 0 - Visual: 6500 voxels done Correlation: 0.6177644477237048
Network 0 - Visual: 10000 voxels done Correlation: 0.6229453603460041
Network 0 - Visual: 15000 voxels done Correlation: 0.6274580016247948
/home/fhopp/.conda/envs/mjs/lib/python3.8/site-packages/nilearn/masking.py:980: UserWarning: Data array used to create a new image contains 64-bit ints. This is likely due to creating the array with numpy and passing `int` as the `dtype`. Many tools such as FSL and SPM cannot deal with int64 in Nifti images, so for compatibility the data has been converted to int32.
  return new_img_like(mask_img, unmasked, affine)
Network 1 - Somatomotor: 50 voxels done Correlation: 0.10189253906016847
Network 1 - Somatomotor: 150 voxels done Correlation: 0.2863504400580253
Network 1 - Somatomotor: 250 voxels done Correlation: 0.32602853755086014
Network 1 - Somatomotor: 500 voxels done Correlation: 0.3527019692231521
Network 1 - Somatomotor: 750 voxels done Correlation: 0.3096974736102528
Network 1 - Somatomotor: 1000 voxels done Correlation: 0.35281682266661263
Network 1 - Somatomotor: 1500 voxels done Correlation: 0.3238961599497243
Network 1 - Somatomotor: 3000 voxels done Correlation: 0.33721353961697026
Network 1 - Somatomotor: 5000 voxels done Correlation: 0.33449631322640494
Network 1 - Somatomotor: 6500 voxels done Correlation: 0.3452559232230248
Network 1 - Somatomotor: 10000 voxels done Correlation: 0.34303487444449604
Network 1 - Somatomotor: 15000 voxels done Correlation: 0.34560902079594774
/home/fhopp/.conda/envs/mjs/lib/python3.8/site-packages/nilearn/masking.py:980: UserWarning: Data array used to create a new image contains 64-bit ints. This is likely due to creating the array with numpy and passing `int` as the `dtype`. Many tools such as FSL and SPM cannot deal with int64 in Nifti images, so for compatibility the data has been converted to int32.
  return new_img_like(mask_img, unmasked, affine)
Network 2 - dAttention: 50 voxels done Correlation: 0.24938958199102593
Network 2 - dAttention: 150 voxels done Correlation: 0.2742680980976132
Network 2 - dAttention: 250 voxels done Correlation: 0.24855730543232166
Network 2 - dAttention: 500 voxels done Correlation: 0.40198885315446575
Network 2 - dAttention: 750 voxels done Correlation: 0.3189531515821742
Network 2 - dAttention: 1000 voxels done Correlation: 0.3583322115680944
Network 2 - dAttention: 1500 voxels done Correlation: 0.32865086475515026
Network 2 - dAttention: 3000 voxels done Correlation: 0.32290183471887923
Network 2 - dAttention: 5000 voxels done Correlation: 0.3312890059723712
Network 2 - dAttention: 6500 voxels done Correlation: 0.3315962837688882
Network 2 - dAttention: 10000 voxels done Correlation: 0.33223142676012196
Network 2 - dAttention: 15000 voxels done Correlation: 0.3303561848321213
/home/fhopp/.conda/envs/mjs/lib/python3.8/site-packages/nilearn/masking.py:980: UserWarning: Data array used to create a new image contains 64-bit ints. This is likely due to creating the array with numpy and passing `int` as the `dtype`. Many tools such as FSL and SPM cannot deal with int64 in Nifti images, so for compatibility the data has been converted to int32.
  return new_img_like(mask_img, unmasked, affine)
Network 3 - vAttention: 50 voxels done Correlation: 0.25927918857947163
Network 3 - vAttention: 150 voxels done Correlation: 0.23367437834631943
Network 3 - vAttention: 250 voxels done Correlation: 0.2633037148932731
Network 3 - vAttention: 500 voxels done Correlation: 0.3770072576519153
Network 3 - vAttention: 750 voxels done Correlation: 0.35047481709800055
Network 3 - vAttention: 1000 voxels done Correlation: 0.3269100084827113
Network 3 - vAttention: 1500 voxels done Correlation: 0.3723793499262332
Network 3 - vAttention: 3000 voxels done Correlation: 0.38800862912961964
Network 3 - vAttention: 5000 voxels done Correlation: 0.35811025462153256
Network 3 - vAttention: 6500 voxels done Correlation: 0.383008090091269
Network 3 - vAttention: 10000 voxels done Correlation: 0.3883569719720754
Network 3 - vAttention: 15000 voxels done Correlation: 0.38724155269881355
/home/fhopp/.conda/envs/mjs/lib/python3.8/site-packages/nilearn/masking.py:980: UserWarning: Data array used to create a new image contains 64-bit ints. This is likely due to creating the array with numpy and passing `int` as the `dtype`. Many tools such as FSL and SPM cannot deal with int64 in Nifti images, so for compatibility the data has been converted to int32.
  return new_img_like(mask_img, unmasked, affine)
Network 4 - Limbic: 50 voxels done Correlation: 0.18075230026772526
Network 4 - Limbic: 150 voxels done Correlation: 0.2669701783562378
Network 4 - Limbic: 250 voxels done Correlation: 0.24513709488066932
Network 4 - Limbic: 500 voxels done Correlation: 0.22664859370604218
Network 4 - Limbic: 750 voxels done Correlation: 0.25081189958939004
Network 4 - Limbic: 1000 voxels done Correlation: 0.2666891205225982
Network 4 - Limbic: 1500 voxels done Correlation: 0.2821517547643816
Network 4 - Limbic: 3000 voxels done Correlation: 0.30078994221372657
Network 4 - Limbic: 5000 voxels done Correlation: 0.2811829085203763
Network 4 - Limbic: 6500 voxels done Correlation: 0.28708944627422817
Network 4 - Limbic: 10000 voxels done Correlation: 0.27838199141333075
/home/fhopp/.conda/envs/mjs/lib/python3.8/site-packages/nilearn/masking.py:980: UserWarning: Data array used to create a new image contains 64-bit ints. This is likely due to creating the array with numpy and passing `int` as the `dtype`. Many tools such as FSL and SPM cannot deal with int64 in Nifti images, so for compatibility the data has been converted to int32.
  return new_img_like(mask_img, unmasked, affine)
Network 5 - Frontoparietal: 50 voxels done Correlation: 0.13214557137115507
Network 5 - Frontoparietal: 150 voxels done Correlation: 0.2247606171908994
Network 5 - Frontoparietal: 250 voxels done Correlation: 0.1661376595735236
Network 5 - Frontoparietal: 500 voxels done Correlation: 0.18359842780021468
Network 5 - Frontoparietal: 750 voxels done Correlation: 0.29243493265488063
Network 5 - Frontoparietal: 1000 voxels done Correlation: 0.21768227064984774
Network 5 - Frontoparietal: 1500 voxels done Correlation: 0.21685133325575978
Network 5 - Frontoparietal: 3000 voxels done Correlation: 0.22827133607927258
Network 5 - Frontoparietal: 5000 voxels done Correlation: 0.2418164563909438
Network 5 - Frontoparietal: 6500 voxels done Correlation: 0.23907963797511259
Network 5 - Frontoparietal: 10000 voxels done Correlation: 0.23833588400064049
Network 5 - Frontoparietal: 15000 voxels done Correlation: 0.23714315285118445
/home/fhopp/.conda/envs/mjs/lib/python3.8/site-packages/nilearn/masking.py:980: UserWarning: Data array used to create a new image contains 64-bit ints. This is likely due to creating the array with numpy and passing `int` as the `dtype`. Many tools such as FSL and SPM cannot deal with int64 in Nifti images, so for compatibility the data has been converted to int32.
  return new_img_like(mask_img, unmasked, affine)
Network 6 - Default Mode: 50 voxels done Correlation: 0.27934947051570047
Network 6 - Default Mode: 150 voxels done Correlation: 0.362896168643287
Network 6 - Default Mode: 250 voxels done Correlation: 0.3426349494508687
Network 6 - Default Mode: 500 voxels done Correlation: 0.35167717475234017
Network 6 - Default Mode: 750 voxels done Correlation: 0.381168760564009
Network 6 - Default Mode: 1000 voxels done Correlation: 0.3620480046452864
Network 6 - Default Mode: 1500 voxels done Correlation: 0.3541982301543979
Network 6 - Default Mode: 3000 voxels done Correlation: 0.3510275501516573
Network 6 - Default Mode: 5000 voxels done Correlation: 0.4032997958051878
Network 6 - Default Mode: 6500 voxels done Correlation: 0.39525350348269717
Network 6 - Default Mode: 10000 voxels done Correlation: 0.41306567952312234
Network 6 - Default Mode: 15000 voxels done Correlation: 0.417590926512021
Network 6 - Default Mode: 25000 voxels done Correlation: 0.41639582815540743
/home/fhopp/.conda/envs/mjs/lib/python3.8/site-packages/nilearn/masking.py:980: UserWarning: Data array used to create a new image contains 64-bit ints. This is likely due to creating the array with numpy and passing `int` as the `dtype`. Many tools such as FSL and SPM cannot deal with int64 in Nifti images, so for compatibility the data has been converted to int32.
  return new_img_like(mask_img, unmasked, affine)
Network 7 - Subcortical: 50 voxels done Correlation: 0.12068043926326917
Network 7 - Subcortical: 150 voxels done Correlation: 0.2649954266905214
Network 7 - Subcortical: 250 voxels done Correlation: 0.1786967667294433
Network 7 - Subcortical: 500 voxels done Correlation: 0.23157549424908663
Network 7 - Subcortical: 750 voxels done Correlation: 0.21097682594777156
Network 7 - Subcortical: 1000 voxels done Correlation: 0.22194942865778822
Network 7 - Subcortical: 1500 voxels done Correlation: 0.21498217578001774
Network 7 - Subcortical: 3000 voxels done Correlation: 0.18357524978535827
Network 7 - Subcortical: 5000 voxels done Correlation: 0.16781454806253085
Network 7 - Subcortical: 6500 voxels done Correlation: 0.17156506907656538
Network 7 - Subcortical: 10000 voxels done Correlation: 0.16642278844269248
Network 8 - Consciousness: 50 voxels done Correlation: 0.3311303611687442
Network 8 - Consciousness: 150 voxels done Correlation: 0.3569397102565786
Network 8 - Consciousness: 250 voxels done Correlation: 0.4628787198282419
Network 8 - Consciousness: 500 voxels done Correlation: 0.378533221145269
Network 8 - Consciousness: 750 voxels done Correlation: 0.3823037444181477
Network 8 - Consciousness: 1000 voxels done Correlation: 0.45445518107627847
Network 8 - Consciousness: 1500 voxels done Correlation: 0.43091458402194827
Network 8 - Consciousness: 3000 voxels done Correlation: 0.42055556812382966
Network 8 - Consciousness: 5000 voxels done Correlation: 0.4541395347668295
Network 8 - Consciousness: 6500 voxels done Correlation: 0.4449484059833663
Network 8 - Consciousness: 10000 voxels done Correlation: 0.4625566527885273
Network 8 - Consciousness: 15000 voxels done Correlation: 0.45684637114903803
Network 8 - Consciousness: 25000 voxels done Correlation: 0.4693520808454599
Network 8 - Consciousness: 50000 voxels done Correlation: 0.4646897913821275
