Running job on: easley
Iteration: 887
Starting spatial evaluation...
/home/fhopp/.conda/envs/mjs/lib/python3.8/site-packages/nilearn/maskers/nifti_masker.py:110: UserWarning: imgs are being resampled to the mask_img resolution. This process is memory intensive. You might want to provide a target_affine that is equal to the affine of the imgs or resample the mask beforehand to save memory and computation time.
  warnings.warn(
/home/fhopp/.conda/envs/mjs/lib/python3.8/site-packages/nilearn/masking.py:980: UserWarning: Data array used to create a new image contains 64-bit ints. This is likely due to creating the array with numpy and passing `int` as the `dtype`. Many tools such as FSL and SPM cannot deal with int64 in Nifti images, so for compatibility the data has been converted to int32.
  return new_img_like(mask_img, unmasked, affine)
Network 0 - Visual: 50 voxels done Correlation: 0.6228732609845622
Network 0 - Visual: 150 voxels done Correlation: 0.6307990248860753
Network 0 - Visual: 250 voxels done Correlation: 0.5187269967005204
Network 0 - Visual: 500 voxels done Correlation: 0.5197919417294328
Network 0 - Visual: 750 voxels done Correlation: 0.5990759112355111
Network 0 - Visual: 1000 voxels done Correlation: 0.5885859070730901
Network 0 - Visual: 1500 voxels done Correlation: 0.5845315121592897
Network 0 - Visual: 3000 voxels done Correlation: 0.6171404396327334
Network 0 - Visual: 5000 voxels done Correlation: 0.6255451892556744
Network 0 - Visual: 6500 voxels done Correlation: 0.6249479946496911
Network 0 - Visual: 10000 voxels done Correlation: 0.6278612430722543
Network 0 - Visual: 15000 voxels done Correlation: 0.6289502042645153
/home/fhopp/.conda/envs/mjs/lib/python3.8/site-packages/nilearn/masking.py:980: UserWarning: Data array used to create a new image contains 64-bit ints. This is likely due to creating the array with numpy and passing `int` as the `dtype`. Many tools such as FSL and SPM cannot deal with int64 in Nifti images, so for compatibility the data has been converted to int32.
  return new_img_like(mask_img, unmasked, affine)
Network 1 - Somatomotor: 50 voxels done Correlation: 0.14736113596056555
Network 1 - Somatomotor: 150 voxels done Correlation: 0.33432665042282717
Network 1 - Somatomotor: 250 voxels done Correlation: 0.261188276787595
Network 1 - Somatomotor: 500 voxels done Correlation: 0.3195338157915636
Network 1 - Somatomotor: 750 voxels done Correlation: 0.3375889985891357
Network 1 - Somatomotor: 1000 voxels done Correlation: 0.3451385668775643
Network 1 - Somatomotor: 1500 voxels done Correlation: 0.35468067139815107
Network 1 - Somatomotor: 3000 voxels done Correlation: 0.3245733887330885
Network 1 - Somatomotor: 5000 voxels done Correlation: 0.3354404261469721
Network 1 - Somatomotor: 6500 voxels done Correlation: 0.34420872148578596
Network 1 - Somatomotor: 10000 voxels done Correlation: 0.333523265787356
Network 1 - Somatomotor: 15000 voxels done Correlation: 0.3447246741293749
/home/fhopp/.conda/envs/mjs/lib/python3.8/site-packages/nilearn/masking.py:980: UserWarning: Data array used to create a new image contains 64-bit ints. This is likely due to creating the array with numpy and passing `int` as the `dtype`. Many tools such as FSL and SPM cannot deal with int64 in Nifti images, so for compatibility the data has been converted to int32.
  return new_img_like(mask_img, unmasked, affine)
Network 2 - dAttention: 50 voxels done Correlation: 0.16418222516553707
Network 2 - dAttention: 150 voxels done Correlation: 0.30071141895523223
Network 2 - dAttention: 250 voxels done Correlation: 0.23254696850191148
Network 2 - dAttention: 500 voxels done Correlation: 0.32107305796936614
Network 2 - dAttention: 750 voxels done Correlation: 0.31295876940543527
Network 2 - dAttention: 1000 voxels done Correlation: 0.3725125938724436
Network 2 - dAttention: 1500 voxels done Correlation: 0.276920976356681
Network 2 - dAttention: 3000 voxels done Correlation: 0.36376887522502416
Network 2 - dAttention: 5000 voxels done Correlation: 0.33348368181667437
Network 2 - dAttention: 6500 voxels done Correlation: 0.3406259052389211
Network 2 - dAttention: 10000 voxels done Correlation: 0.3351130667058716
Network 2 - dAttention: 15000 voxels done Correlation: 0.3338052328359288
/home/fhopp/.conda/envs/mjs/lib/python3.8/site-packages/nilearn/masking.py:980: UserWarning: Data array used to create a new image contains 64-bit ints. This is likely due to creating the array with numpy and passing `int` as the `dtype`. Many tools such as FSL and SPM cannot deal with int64 in Nifti images, so for compatibility the data has been converted to int32.
  return new_img_like(mask_img, unmasked, affine)
Network 3 - vAttention: 50 voxels done Correlation: 0.1694423617465646
Network 3 - vAttention: 150 voxels done Correlation: 0.3125138655734965
Network 3 - vAttention: 250 voxels done Correlation: 0.30070222867853597
Network 3 - vAttention: 500 voxels done Correlation: 0.30331869920938115
Network 3 - vAttention: 750 voxels done Correlation: 0.34279489893351706
Network 3 - vAttention: 1000 voxels done Correlation: 0.3432202796508368
Network 3 - vAttention: 1500 voxels done Correlation: 0.3207454718430598
Network 3 - vAttention: 3000 voxels done Correlation: 0.38811590026032877
Network 3 - vAttention: 5000 voxels done Correlation: 0.3766930581392187
Network 3 - vAttention: 6500 voxels done Correlation: 0.38802372001552654
Network 3 - vAttention: 10000 voxels done Correlation: 0.39094416624550765
Network 3 - vAttention: 15000 voxels done Correlation: 0.3891858831212474
/home/fhopp/.conda/envs/mjs/lib/python3.8/site-packages/nilearn/masking.py:980: UserWarning: Data array used to create a new image contains 64-bit ints. This is likely due to creating the array with numpy and passing `int` as the `dtype`. Many tools such as FSL and SPM cannot deal with int64 in Nifti images, so for compatibility the data has been converted to int32.
  return new_img_like(mask_img, unmasked, affine)
Network 4 - Limbic: 50 voxels done Correlation: 0.29365982081816566
Network 4 - Limbic: 150 voxels done Correlation: 0.29411484061328286
Network 4 - Limbic: 250 voxels done Correlation: 0.20099637185009778
Network 4 - Limbic: 500 voxels done Correlation: 0.2416175687855585
Network 4 - Limbic: 750 voxels done Correlation: 0.29202729356276674
Network 4 - Limbic: 1000 voxels done Correlation: 0.22115369005542124
Network 4 - Limbic: 1500 voxels done Correlation: 0.29108853890657693
Network 4 - Limbic: 3000 voxels done Correlation: 0.26788003525584675
Network 4 - Limbic: 5000 voxels done Correlation: 0.2830996007464931
Network 4 - Limbic: 6500 voxels done Correlation: 0.28259299334285065
Network 4 - Limbic: 10000 voxels done Correlation: 0.2794945009295693
/home/fhopp/.conda/envs/mjs/lib/python3.8/site-packages/nilearn/masking.py:980: UserWarning: Data array used to create a new image contains 64-bit ints. This is likely due to creating the array with numpy and passing `int` as the `dtype`. Many tools such as FSL and SPM cannot deal with int64 in Nifti images, so for compatibility the data has been converted to int32.
  return new_img_like(mask_img, unmasked, affine)
Network 5 - Frontoparietal: 50 voxels done Correlation: 0.18072432708389946
Network 5 - Frontoparietal: 150 voxels done Correlation: 0.2265330528134254
Network 5 - Frontoparietal: 250 voxels done Correlation: 0.17670640784775854
Network 5 - Frontoparietal: 500 voxels done Correlation: 0.2167195897461437
Network 5 - Frontoparietal: 750 voxels done Correlation: 0.19809715885534523
Network 5 - Frontoparietal: 1000 voxels done Correlation: 0.23404598007902577
Network 5 - Frontoparietal: 1500 voxels done Correlation: 0.22771471115052722
Network 5 - Frontoparietal: 3000 voxels done Correlation: 0.24023430430509682
Network 5 - Frontoparietal: 5000 voxels done Correlation: 0.23445530134790832
Network 5 - Frontoparietal: 6500 voxels done Correlation: 0.2346118803195932
Network 5 - Frontoparietal: 10000 voxels done Correlation: 0.23710325015923644
Network 5 - Frontoparietal: 15000 voxels done Correlation: 0.24090629607756248
/home/fhopp/.conda/envs/mjs/lib/python3.8/site-packages/nilearn/masking.py:980: UserWarning: Data array used to create a new image contains 64-bit ints. This is likely due to creating the array with numpy and passing `int` as the `dtype`. Many tools such as FSL and SPM cannot deal with int64 in Nifti images, so for compatibility the data has been converted to int32.
  return new_img_like(mask_img, unmasked, affine)
Network 6 - Default Mode: 50 voxels done Correlation: 0.34423971908445944
Network 6 - Default Mode: 150 voxels done Correlation: 0.34508843462132743
Network 6 - Default Mode: 250 voxels done Correlation: 0.3438380488624059
Network 6 - Default Mode: 500 voxels done Correlation: 0.35262567613752427
Network 6 - Default Mode: 750 voxels done Correlation: 0.3846778555795632
Network 6 - Default Mode: 1000 voxels done Correlation: 0.33237789119748984
Network 6 - Default Mode: 1500 voxels done Correlation: 0.398599045262094
Network 6 - Default Mode: 3000 voxels done Correlation: 0.37850127064360395
Network 6 - Default Mode: 5000 voxels done Correlation: 0.39491264292572525
Network 6 - Default Mode: 6500 voxels done Correlation: 0.4169383115117298
Network 6 - Default Mode: 10000 voxels done Correlation: 0.3898112927760943
Network 6 - Default Mode: 15000 voxels done Correlation: 0.4154063984143682
Network 6 - Default Mode: 25000 voxels done Correlation: 0.406583104493735
/home/fhopp/.conda/envs/mjs/lib/python3.8/site-packages/nilearn/masking.py:980: UserWarning: Data array used to create a new image contains 64-bit ints. This is likely due to creating the array with numpy and passing `int` as the `dtype`. Many tools such as FSL and SPM cannot deal with int64 in Nifti images, so for compatibility the data has been converted to int32.
  return new_img_like(mask_img, unmasked, affine)
Network 7 - Subcortical: 50 voxels done Correlation: 0.19266003509638166
Network 7 - Subcortical: 150 voxels done Correlation: 0.21305848792186774
Network 7 - Subcortical: 250 voxels done Correlation: 0.19511606594025793
Network 7 - Subcortical: 500 voxels done Correlation: 0.20264258817911096
Network 7 - Subcortical: 750 voxels done Correlation: 0.22383895441059065
Network 7 - Subcortical: 1000 voxels done Correlation: 0.1907296290154194
Network 7 - Subcortical: 1500 voxels done Correlation: 0.1979938149751353
Network 7 - Subcortical: 3000 voxels done Correlation: 0.18017068067496367
Network 7 - Subcortical: 5000 voxels done Correlation: 0.17992182535412105
Network 7 - Subcortical: 6500 voxels done Correlation: 0.18291650687522915
Network 7 - Subcortical: 10000 voxels done Correlation: 0.16421137558668703
Network 8 - Consciousness: 50 voxels done Correlation: 0.22813843073646756
Network 8 - Consciousness: 150 voxels done Correlation: 0.21422825200553364
Network 8 - Consciousness: 250 voxels done Correlation: 0.34539335507557767
Network 8 - Consciousness: 500 voxels done Correlation: 0.379697255350246
Network 8 - Consciousness: 750 voxels done Correlation: 0.38973372899728936
Network 8 - Consciousness: 1000 voxels done Correlation: 0.43802226715857484
Network 8 - Consciousness: 1500 voxels done Correlation: 0.4586374648585956
Network 8 - Consciousness: 3000 voxels done Correlation: 0.400899802667688
Network 8 - Consciousness: 5000 voxels done Correlation: 0.42555535147581125
Network 8 - Consciousness: 6500 voxels done Correlation: 0.46445471711429387
Network 8 - Consciousness: 10000 voxels done Correlation: 0.4802011268751296
Network 8 - Consciousness: 15000 voxels done Correlation: 0.45119886854992586
Network 8 - Consciousness: 25000 voxels done Correlation: 0.4494953649284678
Network 8 - Consciousness: 50000 voxels done Correlation: 0.4666802987202646
