Running job on: ada
Iteration: 364
Starting spatial evaluation...
/home/fhopp/.conda/envs/mjs/lib/python3.8/site-packages/nilearn/maskers/nifti_masker.py:110: UserWarning: imgs are being resampled to the mask_img resolution. This process is memory intensive. You might want to provide a target_affine that is equal to the affine of the imgs or resample the mask beforehand to save memory and computation time.
  warnings.warn(
/home/fhopp/.conda/envs/mjs/lib/python3.8/site-packages/nilearn/masking.py:980: UserWarning: Data array used to create a new image contains 64-bit ints. This is likely due to creating the array with numpy and passing `int` as the `dtype`. Many tools such as FSL and SPM cannot deal with int64 in Nifti images, so for compatibility the data has been converted to int32.
  return new_img_like(mask_img, unmasked, affine)
Network 0 - Visual: 50 voxels done Correlation: 0.5878413540980794
Network 0 - Visual: 150 voxels done Correlation: 0.6138102407747785
Network 0 - Visual: 250 voxels done Correlation: 0.5316889572046303
Network 0 - Visual: 500 voxels done Correlation: 0.5551590950379
Network 0 - Visual: 750 voxels done Correlation: 0.6349097088650336
Network 0 - Visual: 1000 voxels done Correlation: 0.6230711835498375
Network 0 - Visual: 1500 voxels done Correlation: 0.6170402793177352
Network 0 - Visual: 3000 voxels done Correlation: 0.6117704635854981
Network 0 - Visual: 5000 voxels done Correlation: 0.6233468048751012
Network 0 - Visual: 6500 voxels done Correlation: 0.6322625558579471
Network 0 - Visual: 10000 voxels done Correlation: 0.6335105626470245
Network 0 - Visual: 15000 voxels done Correlation: 0.6293988358260592
/home/fhopp/.conda/envs/mjs/lib/python3.8/site-packages/nilearn/masking.py:980: UserWarning: Data array used to create a new image contains 64-bit ints. This is likely due to creating the array with numpy and passing `int` as the `dtype`. Many tools such as FSL and SPM cannot deal with int64 in Nifti images, so for compatibility the data has been converted to int32.
  return new_img_like(mask_img, unmasked, affine)
Network 1 - Somatomotor: 50 voxels done Correlation: 0.3683651018056605
Network 1 - Somatomotor: 150 voxels done Correlation: 0.313354468050869
Network 1 - Somatomotor: 250 voxels done Correlation: 0.34253375277621867
Network 1 - Somatomotor: 500 voxels done Correlation: 0.36656157228873454
Network 1 - Somatomotor: 750 voxels done Correlation: 0.3765284752897763
Network 1 - Somatomotor: 1000 voxels done Correlation: 0.3616305226023492
Network 1 - Somatomotor: 1500 voxels done Correlation: 0.32513750259351587
Network 1 - Somatomotor: 3000 voxels done Correlation: 0.3369995615284468
Network 1 - Somatomotor: 5000 voxels done Correlation: 0.3269082651355484
Network 1 - Somatomotor: 6500 voxels done Correlation: 0.33099384258451275
Network 1 - Somatomotor: 10000 voxels done Correlation: 0.3335352232687527
Network 1 - Somatomotor: 15000 voxels done Correlation: 0.34346896802439475
/home/fhopp/.conda/envs/mjs/lib/python3.8/site-packages/nilearn/masking.py:980: UserWarning: Data array used to create a new image contains 64-bit ints. This is likely due to creating the array with numpy and passing `int` as the `dtype`. Many tools such as FSL and SPM cannot deal with int64 in Nifti images, so for compatibility the data has been converted to int32.
  return new_img_like(mask_img, unmasked, affine)
Network 2 - dAttention: 50 voxels done Correlation: 0.3425906026314093
Network 2 - dAttention: 150 voxels done Correlation: 0.3089797597672722
Network 2 - dAttention: 250 voxels done Correlation: 0.395424875978005
Network 2 - dAttention: 500 voxels done Correlation: 0.3232364898087217
Network 2 - dAttention: 750 voxels done Correlation: 0.3778584680431357
Network 2 - dAttention: 1000 voxels done Correlation: 0.27308180196030396
Network 2 - dAttention: 1500 voxels done Correlation: 0.26380042017687316
Network 2 - dAttention: 3000 voxels done Correlation: 0.30761330080324917
Network 2 - dAttention: 5000 voxels done Correlation: 0.3291594086217888
Network 2 - dAttention: 6500 voxels done Correlation: 0.33733458067934347
Network 2 - dAttention: 10000 voxels done Correlation: 0.34340628829106046
Network 2 - dAttention: 15000 voxels done Correlation: 0.3332187546433377
/home/fhopp/.conda/envs/mjs/lib/python3.8/site-packages/nilearn/masking.py:980: UserWarning: Data array used to create a new image contains 64-bit ints. This is likely due to creating the array with numpy and passing `int` as the `dtype`. Many tools such as FSL and SPM cannot deal with int64 in Nifti images, so for compatibility the data has been converted to int32.
  return new_img_like(mask_img, unmasked, affine)
Network 3 - vAttention: 50 voxels done Correlation: 0.14372400425775717
Network 3 - vAttention: 150 voxels done Correlation: 0.25053082203965604
Network 3 - vAttention: 250 voxels done Correlation: 0.27702905579588
Network 3 - vAttention: 500 voxels done Correlation: 0.40080993745228066
Network 3 - vAttention: 750 voxels done Correlation: 0.36254745365758695
Network 3 - vAttention: 1000 voxels done Correlation: 0.31778431519840694
Network 3 - vAttention: 1500 voxels done Correlation: 0.33067947803445996
Network 3 - vAttention: 3000 voxels done Correlation: 0.36871782080057064
Network 3 - vAttention: 5000 voxels done Correlation: 0.37391827085480245
Network 3 - vAttention: 6500 voxels done Correlation: 0.37488520904022515
Network 3 - vAttention: 10000 voxels done Correlation: 0.3852428364164999
Network 3 - vAttention: 15000 voxels done Correlation: 0.38805904116365125
/home/fhopp/.conda/envs/mjs/lib/python3.8/site-packages/nilearn/masking.py:980: UserWarning: Data array used to create a new image contains 64-bit ints. This is likely due to creating the array with numpy and passing `int` as the `dtype`. Many tools such as FSL and SPM cannot deal with int64 in Nifti images, so for compatibility the data has been converted to int32.
  return new_img_like(mask_img, unmasked, affine)
Network 4 - Limbic: 50 voxels done Correlation: 0.13514890732828172
Network 4 - Limbic: 150 voxels done Correlation: 0.23061375018362784
Network 4 - Limbic: 250 voxels done Correlation: 0.22795515837730146
Network 4 - Limbic: 500 voxels done Correlation: 0.24442695861509756
Network 4 - Limbic: 750 voxels done Correlation: 0.2789219804119133
Network 4 - Limbic: 1000 voxels done Correlation: 0.2498732317155858
Network 4 - Limbic: 1500 voxels done Correlation: 0.23253523836863724
Network 4 - Limbic: 3000 voxels done Correlation: 0.2730800038788336
Network 4 - Limbic: 5000 voxels done Correlation: 0.30626011651520735
Network 4 - Limbic: 6500 voxels done Correlation: 0.2763641246277224
Network 4 - Limbic: 10000 voxels done Correlation: 0.2802685300745652
/home/fhopp/.conda/envs/mjs/lib/python3.8/site-packages/nilearn/masking.py:980: UserWarning: Data array used to create a new image contains 64-bit ints. This is likely due to creating the array with numpy and passing `int` as the `dtype`. Many tools such as FSL and SPM cannot deal with int64 in Nifti images, so for compatibility the data has been converted to int32.
  return new_img_like(mask_img, unmasked, affine)
Network 5 - Frontoparietal: 50 voxels done Correlation: 0.1400411143128667
Network 5 - Frontoparietal: 150 voxels done Correlation: 0.18553478337212875
Network 5 - Frontoparietal: 250 voxels done Correlation: 0.21066838739563962
Network 5 - Frontoparietal: 500 voxels done Correlation: 0.2413725483766717
Network 5 - Frontoparietal: 750 voxels done Correlation: 0.25706865629009545
Network 5 - Frontoparietal: 1000 voxels done Correlation: 0.26869956454435207
Network 5 - Frontoparietal: 1500 voxels done Correlation: 0.1986121784589727
Network 5 - Frontoparietal: 3000 voxels done Correlation: 0.23560585290031066
Network 5 - Frontoparietal: 5000 voxels done Correlation: 0.215872121268965
Network 5 - Frontoparietal: 6500 voxels done Correlation: 0.23360324861979703
Network 5 - Frontoparietal: 10000 voxels done Correlation: 0.2327066415186829
Network 5 - Frontoparietal: 15000 voxels done Correlation: 0.23658396964337575
/home/fhopp/.conda/envs/mjs/lib/python3.8/site-packages/nilearn/masking.py:980: UserWarning: Data array used to create a new image contains 64-bit ints. This is likely due to creating the array with numpy and passing `int` as the `dtype`. Many tools such as FSL and SPM cannot deal with int64 in Nifti images, so for compatibility the data has been converted to int32.
  return new_img_like(mask_img, unmasked, affine)
Network 6 - Default Mode: 50 voxels done Correlation: 0.252290901566285
Network 6 - Default Mode: 150 voxels done Correlation: 0.3479934989901954
Network 6 - Default Mode: 250 voxels done Correlation: 0.3658460627794188
Network 6 - Default Mode: 500 voxels done Correlation: 0.38686978832915264
Network 6 - Default Mode: 750 voxels done Correlation: 0.3620919067683487
Network 6 - Default Mode: 1000 voxels done Correlation: 0.39675148662548443
Network 6 - Default Mode: 1500 voxels done Correlation: 0.40023918722752605
Network 6 - Default Mode: 3000 voxels done Correlation: 0.3997010448695075
Network 6 - Default Mode: 5000 voxels done Correlation: 0.399442262317949
Network 6 - Default Mode: 6500 voxels done Correlation: 0.4058842390044512
Network 6 - Default Mode: 10000 voxels done Correlation: 0.40905726415445065
Network 6 - Default Mode: 15000 voxels done Correlation: 0.4161282007484227
Network 6 - Default Mode: 25000 voxels done Correlation: 0.4006685426408183
/home/fhopp/.conda/envs/mjs/lib/python3.8/site-packages/nilearn/masking.py:980: UserWarning: Data array used to create a new image contains 64-bit ints. This is likely due to creating the array with numpy and passing `int` as the `dtype`. Many tools such as FSL and SPM cannot deal with int64 in Nifti images, so for compatibility the data has been converted to int32.
  return new_img_like(mask_img, unmasked, affine)
Network 7 - Subcortical: 50 voxels done Correlation: 0.12684269418939
Network 7 - Subcortical: 150 voxels done Correlation: 0.13753245571621422
Network 7 - Subcortical: 250 voxels done Correlation: 0.2014452478287755
Network 7 - Subcortical: 500 voxels done Correlation: 0.24820181505880085
Network 7 - Subcortical: 750 voxels done Correlation: 0.24812578100560795
Network 7 - Subcortical: 1000 voxels done Correlation: 0.23866127709914503
Network 7 - Subcortical: 1500 voxels done Correlation: 0.23460942581064909
Network 7 - Subcortical: 3000 voxels done Correlation: 0.18445822521756838
Network 7 - Subcortical: 5000 voxels done Correlation: 0.16214160951213014
Network 7 - Subcortical: 6500 voxels done Correlation: 0.16739792079251165
Network 7 - Subcortical: 10000 voxels done Correlation: 0.17014712304641974
Network 8 - Consciousness: 50 voxels done Correlation: 0.27759957591051043
Network 8 - Consciousness: 150 voxels done Correlation: 0.33176406500266087
Network 8 - Consciousness: 250 voxels done Correlation: 0.3507685387584648
Network 8 - Consciousness: 500 voxels done Correlation: 0.3592226632267146
Network 8 - Consciousness: 750 voxels done Correlation: 0.40069978049518845
Network 8 - Consciousness: 1000 voxels done Correlation: 0.4112677500326663
Network 8 - Consciousness: 1500 voxels done Correlation: 0.42190413738424043
Network 8 - Consciousness: 3000 voxels done Correlation: 0.468309449542626
Network 8 - Consciousness: 5000 voxels done Correlation: 0.4835322926602723
Network 8 - Consciousness: 6500 voxels done Correlation: 0.4577228363091652
Network 8 - Consciousness: 10000 voxels done Correlation: 0.46277147129386625
Network 8 - Consciousness: 15000 voxels done Correlation: 0.4739474923949895
Network 8 - Consciousness: 25000 voxels done Correlation: 0.4626217361319428
Network 8 - Consciousness: 50000 voxels done Correlation: 0.4666403797781951
