Running job on: easley
Iteration: 230
Starting spatial evaluation...
/home/fhopp/.conda/envs/mjs/lib/python3.8/site-packages/nilearn/maskers/nifti_masker.py:110: UserWarning: imgs are being resampled to the mask_img resolution. This process is memory intensive. You might want to provide a target_affine that is equal to the affine of the imgs or resample the mask beforehand to save memory and computation time.
  warnings.warn(
/home/fhopp/.conda/envs/mjs/lib/python3.8/site-packages/nilearn/masking.py:980: UserWarning: Data array used to create a new image contains 64-bit ints. This is likely due to creating the array with numpy and passing `int` as the `dtype`. Many tools such as FSL and SPM cannot deal with int64 in Nifti images, so for compatibility the data has been converted to int32.
  return new_img_like(mask_img, unmasked, affine)
Network 0 - Visual: 50 voxels done Correlation: 0.7016840214910975
Network 0 - Visual: 150 voxels done Correlation: 0.6330505797886952
Network 0 - Visual: 250 voxels done Correlation: 0.6003482609666797
Network 0 - Visual: 500 voxels done Correlation: 0.5927197806366331
Network 0 - Visual: 750 voxels done Correlation: 0.5599010556855109
Network 0 - Visual: 1000 voxels done Correlation: 0.6328083944933216
Network 0 - Visual: 1500 voxels done Correlation: 0.5742302060461606
Network 0 - Visual: 3000 voxels done Correlation: 0.6211272214228487
Network 0 - Visual: 5000 voxels done Correlation: 0.6332187302585732
Network 0 - Visual: 6500 voxels done Correlation: 0.6176862666495055
Network 0 - Visual: 10000 voxels done Correlation: 0.6289340448368714
Network 0 - Visual: 15000 voxels done Correlation: 0.6306100157697246
/home/fhopp/.conda/envs/mjs/lib/python3.8/site-packages/nilearn/masking.py:980: UserWarning: Data array used to create a new image contains 64-bit ints. This is likely due to creating the array with numpy and passing `int` as the `dtype`. Many tools such as FSL and SPM cannot deal with int64 in Nifti images, so for compatibility the data has been converted to int32.
  return new_img_like(mask_img, unmasked, affine)
Network 1 - Somatomotor: 50 voxels done Correlation: 0.1604135904823061
Network 1 - Somatomotor: 150 voxels done Correlation: 0.2843834162236647
Network 1 - Somatomotor: 250 voxels done Correlation: 0.31929531303272307
Network 1 - Somatomotor: 500 voxels done Correlation: 0.29648808921809755
Network 1 - Somatomotor: 750 voxels done Correlation: 0.3365987920091613
Network 1 - Somatomotor: 1000 voxels done Correlation: 0.33865560436969633
Network 1 - Somatomotor: 1500 voxels done Correlation: 0.3438350184477486
Network 1 - Somatomotor: 3000 voxels done Correlation: 0.33600763731540534
Network 1 - Somatomotor: 5000 voxels done Correlation: 0.3182343020176458
Network 1 - Somatomotor: 6500 voxels done Correlation: 0.3314895746493881
Network 1 - Somatomotor: 10000 voxels done Correlation: 0.3471325765618568
Network 1 - Somatomotor: 15000 voxels done Correlation: 0.3425391748582537
/home/fhopp/.conda/envs/mjs/lib/python3.8/site-packages/nilearn/masking.py:980: UserWarning: Data array used to create a new image contains 64-bit ints. This is likely due to creating the array with numpy and passing `int` as the `dtype`. Many tools such as FSL and SPM cannot deal with int64 in Nifti images, so for compatibility the data has been converted to int32.
  return new_img_like(mask_img, unmasked, affine)
Network 2 - dAttention: 50 voxels done Correlation: 0.23221468144606328
Network 2 - dAttention: 150 voxels done Correlation: 0.29065600858989327
Network 2 - dAttention: 250 voxels done Correlation: 0.3493567858006641
Network 2 - dAttention: 500 voxels done Correlation: 0.2752873739146529
Network 2 - dAttention: 750 voxels done Correlation: 0.3121706052473253
Network 2 - dAttention: 1000 voxels done Correlation: 0.24797554959749896
Network 2 - dAttention: 1500 voxels done Correlation: 0.30962332054111885
Network 2 - dAttention: 3000 voxels done Correlation: 0.3489722245237262
Network 2 - dAttention: 5000 voxels done Correlation: 0.326021822814452
Network 2 - dAttention: 6500 voxels done Correlation: 0.3320040331073266
Network 2 - dAttention: 10000 voxels done Correlation: 0.3287221785864819
Network 2 - dAttention: 15000 voxels done Correlation: 0.33475801068302813
/home/fhopp/.conda/envs/mjs/lib/python3.8/site-packages/nilearn/masking.py:980: UserWarning: Data array used to create a new image contains 64-bit ints. This is likely due to creating the array with numpy and passing `int` as the `dtype`. Many tools such as FSL and SPM cannot deal with int64 in Nifti images, so for compatibility the data has been converted to int32.
  return new_img_like(mask_img, unmasked, affine)
Network 3 - vAttention: 50 voxels done Correlation: 0.1807334159452451
Network 3 - vAttention: 150 voxels done Correlation: 0.35577974939914825
Network 3 - vAttention: 250 voxels done Correlation: 0.26821185939918024
Network 3 - vAttention: 500 voxels done Correlation: 0.33765157866545253
Network 3 - vAttention: 750 voxels done Correlation: 0.32796387810190325
Network 3 - vAttention: 1000 voxels done Correlation: 0.3709035315066101
Network 3 - vAttention: 1500 voxels done Correlation: 0.3211347656060796
Network 3 - vAttention: 3000 voxels done Correlation: 0.3732759644610286
Network 3 - vAttention: 5000 voxels done Correlation: 0.37343004630302534
Network 3 - vAttention: 6500 voxels done Correlation: 0.3746522256652617
Network 3 - vAttention: 10000 voxels done Correlation: 0.3851586640983093
Network 3 - vAttention: 15000 voxels done Correlation: 0.38712314360662436
/home/fhopp/.conda/envs/mjs/lib/python3.8/site-packages/nilearn/masking.py:980: UserWarning: Data array used to create a new image contains 64-bit ints. This is likely due to creating the array with numpy and passing `int` as the `dtype`. Many tools such as FSL and SPM cannot deal with int64 in Nifti images, so for compatibility the data has been converted to int32.
  return new_img_like(mask_img, unmasked, affine)
Network 4 - Limbic: 50 voxels done Correlation: 0.056523686850172644
Network 4 - Limbic: 150 voxels done Correlation: 0.2607667945853761
Network 4 - Limbic: 250 voxels done Correlation: 0.13700176715824253
Network 4 - Limbic: 500 voxels done Correlation: 0.262195941726867
Network 4 - Limbic: 750 voxels done Correlation: 0.2614448973294495
Network 4 - Limbic: 1000 voxels done Correlation: 0.2464734932665204
Network 4 - Limbic: 1500 voxels done Correlation: 0.22462118537367806
Network 4 - Limbic: 3000 voxels done Correlation: 0.2727440984488258
Network 4 - Limbic: 5000 voxels done Correlation: 0.2634585871373286
Network 4 - Limbic: 6500 voxels done Correlation: 0.2795859197940125
Network 4 - Limbic: 10000 voxels done Correlation: 0.2822620739038142
/home/fhopp/.conda/envs/mjs/lib/python3.8/site-packages/nilearn/masking.py:980: UserWarning: Data array used to create a new image contains 64-bit ints. This is likely due to creating the array with numpy and passing `int` as the `dtype`. Many tools such as FSL and SPM cannot deal with int64 in Nifti images, so for compatibility the data has been converted to int32.
  return new_img_like(mask_img, unmasked, affine)
Network 5 - Frontoparietal: 50 voxels done Correlation: 0.14891670463548468
Network 5 - Frontoparietal: 150 voxels done Correlation: 0.18927055833646317
Network 5 - Frontoparietal: 250 voxels done Correlation: 0.21370437221712635
Network 5 - Frontoparietal: 500 voxels done Correlation: 0.16999564944106405
Network 5 - Frontoparietal: 750 voxels done Correlation: 0.27288415427335455
Network 5 - Frontoparietal: 1000 voxels done Correlation: 0.2417807657022239
Network 5 - Frontoparietal: 1500 voxels done Correlation: 0.27115625903989254
Network 5 - Frontoparietal: 3000 voxels done Correlation: 0.24173762706635835
Network 5 - Frontoparietal: 5000 voxels done Correlation: 0.21953004164947593
Network 5 - Frontoparietal: 6500 voxels done Correlation: 0.25087451458968063
Network 5 - Frontoparietal: 10000 voxels done Correlation: 0.2415035262663316
Network 5 - Frontoparietal: 15000 voxels done Correlation: 0.24015203624375592
/home/fhopp/.conda/envs/mjs/lib/python3.8/site-packages/nilearn/masking.py:980: UserWarning: Data array used to create a new image contains 64-bit ints. This is likely due to creating the array with numpy and passing `int` as the `dtype`. Many tools such as FSL and SPM cannot deal with int64 in Nifti images, so for compatibility the data has been converted to int32.
  return new_img_like(mask_img, unmasked, affine)
Network 6 - Default Mode: 50 voxels done Correlation: 0.2922768990548544
Network 6 - Default Mode: 150 voxels done Correlation: 0.3780665674816518
Network 6 - Default Mode: 250 voxels done Correlation: 0.3612874883952488
Network 6 - Default Mode: 500 voxels done Correlation: 0.3702838739302424
Network 6 - Default Mode: 750 voxels done Correlation: 0.39406128386371325
Network 6 - Default Mode: 1000 voxels done Correlation: 0.36857286964453884
Network 6 - Default Mode: 1500 voxels done Correlation: 0.33175112424989917
Network 6 - Default Mode: 3000 voxels done Correlation: 0.3838122273995593
Network 6 - Default Mode: 5000 voxels done Correlation: 0.4247073733324758
Network 6 - Default Mode: 6500 voxels done Correlation: 0.4058031053968445
Network 6 - Default Mode: 10000 voxels done Correlation: 0.4142645744087455
Network 6 - Default Mode: 15000 voxels done Correlation: 0.4076785239658238
Network 6 - Default Mode: 25000 voxels done Correlation: 0.4118630691754458
/home/fhopp/.conda/envs/mjs/lib/python3.8/site-packages/nilearn/masking.py:980: UserWarning: Data array used to create a new image contains 64-bit ints. This is likely due to creating the array with numpy and passing `int` as the `dtype`. Many tools such as FSL and SPM cannot deal with int64 in Nifti images, so for compatibility the data has been converted to int32.
  return new_img_like(mask_img, unmasked, affine)
Network 7 - Subcortical: 50 voxels done Correlation: 0.16905174131496936
Network 7 - Subcortical: 150 voxels done Correlation: 0.1825234630123067
Network 7 - Subcortical: 250 voxels done Correlation: 0.21575822837518052
Network 7 - Subcortical: 500 voxels done Correlation: 0.21456119932627327
Network 7 - Subcortical: 750 voxels done Correlation: 0.23653157915631076
Network 7 - Subcortical: 1000 voxels done Correlation: 0.23006671800625872
Network 7 - Subcortical: 1500 voxels done Correlation: 0.2126090470719393
Network 7 - Subcortical: 3000 voxels done Correlation: 0.19187124046262205
Network 7 - Subcortical: 5000 voxels done Correlation: 0.16258920863539728
Network 7 - Subcortical: 6500 voxels done Correlation: 0.16577492258336846
Network 7 - Subcortical: 10000 voxels done Correlation: 0.1672086667890229
Network 8 - Consciousness: 50 voxels done Correlation: 0.2529454170272332
Network 8 - Consciousness: 150 voxels done Correlation: 0.4380908207034822
Network 8 - Consciousness: 250 voxels done Correlation: 0.3790751222155247
Network 8 - Consciousness: 500 voxels done Correlation: 0.396027353424905
Network 8 - Consciousness: 750 voxels done Correlation: 0.350866992128889
Network 8 - Consciousness: 1000 voxels done Correlation: 0.38210836858929703
Network 8 - Consciousness: 1500 voxels done Correlation: 0.40322005269313643
Network 8 - Consciousness: 3000 voxels done Correlation: 0.4077220522984545
Network 8 - Consciousness: 5000 voxels done Correlation: 0.49292393150740077
Network 8 - Consciousness: 6500 voxels done Correlation: 0.46047787183391664
Network 8 - Consciousness: 10000 voxels done Correlation: 0.4745874980884632
Network 8 - Consciousness: 15000 voxels done Correlation: 0.47302538276130335
Network 8 - Consciousness: 25000 voxels done Correlation: 0.46093795482807387
Network 8 - Consciousness: 50000 voxels done Correlation: 0.46513067045927026
