Running job on: cox
Iteration: 932
Starting spatial evaluation...
/home/fhopp/.conda/envs/mjs/lib/python3.8/site-packages/nilearn/maskers/nifti_masker.py:110: UserWarning: imgs are being resampled to the mask_img resolution. This process is memory intensive. You might want to provide a target_affine that is equal to the affine of the imgs or resample the mask beforehand to save memory and computation time.
  warnings.warn(
/home/fhopp/.conda/envs/mjs/lib/python3.8/site-packages/nilearn/masking.py:980: UserWarning: Data array used to create a new image contains 64-bit ints. This is likely due to creating the array with numpy and passing `int` as the `dtype`. Many tools such as FSL and SPM cannot deal with int64 in Nifti images, so for compatibility the data has been converted to int32.
  return new_img_like(mask_img, unmasked, affine)
Network 0 - Visual: 50 voxels done Correlation: 0.6252671167280313
Network 0 - Visual: 150 voxels done Correlation: 0.5723399091074577
Network 0 - Visual: 250 voxels done Correlation: 0.5640618915753794
Network 0 - Visual: 500 voxels done Correlation: 0.5625851135453641
Network 0 - Visual: 750 voxels done Correlation: 0.6133965120597986
Network 0 - Visual: 1000 voxels done Correlation: 0.5725738874030686
Network 0 - Visual: 1500 voxels done Correlation: 0.6310115119102238
Network 0 - Visual: 3000 voxels done Correlation: 0.6115401174006738
Network 0 - Visual: 5000 voxels done Correlation: 0.6306943432407179
Network 0 - Visual: 6500 voxels done Correlation: 0.6231160449295312
Network 0 - Visual: 10000 voxels done Correlation: 0.6242012183293293
Network 0 - Visual: 15000 voxels done Correlation: 0.6320492452747577
/home/fhopp/.conda/envs/mjs/lib/python3.8/site-packages/nilearn/masking.py:980: UserWarning: Data array used to create a new image contains 64-bit ints. This is likely due to creating the array with numpy and passing `int` as the `dtype`. Many tools such as FSL and SPM cannot deal with int64 in Nifti images, so for compatibility the data has been converted to int32.
  return new_img_like(mask_img, unmasked, affine)
Network 1 - Somatomotor: 50 voxels done Correlation: 0.13408516651624447
Network 1 - Somatomotor: 150 voxels done Correlation: 0.08427361454075628
Network 1 - Somatomotor: 250 voxels done Correlation: 0.3073618249147845
Network 1 - Somatomotor: 500 voxels done Correlation: 0.3504777473409426
Network 1 - Somatomotor: 750 voxels done Correlation: 0.32809001444661423
Network 1 - Somatomotor: 1000 voxels done Correlation: 0.2959842986210264
Network 1 - Somatomotor: 1500 voxels done Correlation: 0.3488710637424197
Network 1 - Somatomotor: 3000 voxels done Correlation: 0.3384238816670802
Network 1 - Somatomotor: 5000 voxels done Correlation: 0.3496202657966325
Network 1 - Somatomotor: 6500 voxels done Correlation: 0.35104454576143507
Network 1 - Somatomotor: 10000 voxels done Correlation: 0.34870443319971256
Network 1 - Somatomotor: 15000 voxels done Correlation: 0.3443673959660496
/home/fhopp/.conda/envs/mjs/lib/python3.8/site-packages/nilearn/masking.py:980: UserWarning: Data array used to create a new image contains 64-bit ints. This is likely due to creating the array with numpy and passing `int` as the `dtype`. Many tools such as FSL and SPM cannot deal with int64 in Nifti images, so for compatibility the data has been converted to int32.
  return new_img_like(mask_img, unmasked, affine)
Network 2 - dAttention: 50 voxels done Correlation: 0.25300808334669067
Network 2 - dAttention: 150 voxels done Correlation: 0.37174112841721474
Network 2 - dAttention: 250 voxels done Correlation: 0.27725504050179056
Network 2 - dAttention: 500 voxels done Correlation: 0.25380836057114436
Network 2 - dAttention: 750 voxels done Correlation: 0.3451211841435836
Network 2 - dAttention: 1000 voxels done Correlation: 0.2977486842997308
Network 2 - dAttention: 1500 voxels done Correlation: 0.28788784588092153
Network 2 - dAttention: 3000 voxels done Correlation: 0.3109988072999438
Network 2 - dAttention: 5000 voxels done Correlation: 0.33665751574827935
Network 2 - dAttention: 6500 voxels done Correlation: 0.33660056385919845
Network 2 - dAttention: 10000 voxels done Correlation: 0.3381221100815743
Network 2 - dAttention: 15000 voxels done Correlation: 0.3358571761228709
/home/fhopp/.conda/envs/mjs/lib/python3.8/site-packages/nilearn/masking.py:980: UserWarning: Data array used to create a new image contains 64-bit ints. This is likely due to creating the array with numpy and passing `int` as the `dtype`. Many tools such as FSL and SPM cannot deal with int64 in Nifti images, so for compatibility the data has been converted to int32.
  return new_img_like(mask_img, unmasked, affine)
Network 3 - vAttention: 50 voxels done Correlation: 0.16698382830794029
Network 3 - vAttention: 150 voxels done Correlation: 0.25930112291354335
Network 3 - vAttention: 250 voxels done Correlation: 0.3387964593612088
Network 3 - vAttention: 500 voxels done Correlation: 0.27929166138579425
Network 3 - vAttention: 750 voxels done Correlation: 0.33725016329628943
Network 3 - vAttention: 1000 voxels done Correlation: 0.32773069726987514
Network 3 - vAttention: 1500 voxels done Correlation: 0.35332549492534115
Network 3 - vAttention: 3000 voxels done Correlation: 0.3602956414376354
Network 3 - vAttention: 5000 voxels done Correlation: 0.4041668124853932
Network 3 - vAttention: 6500 voxels done Correlation: 0.37553769940727044
Network 3 - vAttention: 10000 voxels done Correlation: 0.39053964023704735
Network 3 - vAttention: 15000 voxels done Correlation: 0.3883005253410316
/home/fhopp/.conda/envs/mjs/lib/python3.8/site-packages/nilearn/masking.py:980: UserWarning: Data array used to create a new image contains 64-bit ints. This is likely due to creating the array with numpy and passing `int` as the `dtype`. Many tools such as FSL and SPM cannot deal with int64 in Nifti images, so for compatibility the data has been converted to int32.
  return new_img_like(mask_img, unmasked, affine)
Network 4 - Limbic: 50 voxels done Correlation: 0.23366532135329598
Network 4 - Limbic: 150 voxels done Correlation: 0.2518687508749649
Network 4 - Limbic: 250 voxels done Correlation: 0.2813900712542178
Network 4 - Limbic: 500 voxels done Correlation: 0.29260857907229787
Network 4 - Limbic: 750 voxels done Correlation: 0.3279003721169403
Network 4 - Limbic: 1000 voxels done Correlation: 0.27108539796700737
Network 4 - Limbic: 1500 voxels done Correlation: 0.2915169525643475
Network 4 - Limbic: 3000 voxels done Correlation: 0.28638330479464713
Network 4 - Limbic: 5000 voxels done Correlation: 0.27346166358853136
Network 4 - Limbic: 6500 voxels done Correlation: 0.2838793546044315
Network 4 - Limbic: 10000 voxels done Correlation: 0.2862905297952466
/home/fhopp/.conda/envs/mjs/lib/python3.8/site-packages/nilearn/masking.py:980: UserWarning: Data array used to create a new image contains 64-bit ints. This is likely due to creating the array with numpy and passing `int` as the `dtype`. Many tools such as FSL and SPM cannot deal with int64 in Nifti images, so for compatibility the data has been converted to int32.
  return new_img_like(mask_img, unmasked, affine)
Network 5 - Frontoparietal: 50 voxels done Correlation: 0.1320156608746278
Network 5 - Frontoparietal: 150 voxels done Correlation: 0.1726008241573399
Network 5 - Frontoparietal: 250 voxels done Correlation: 0.20313415983000752
Network 5 - Frontoparietal: 500 voxels done Correlation: 0.18465536349024003
Network 5 - Frontoparietal: 750 voxels done Correlation: 0.2444274148310503
Network 5 - Frontoparietal: 1000 voxels done Correlation: 0.24291402423577924
Network 5 - Frontoparietal: 1500 voxels done Correlation: 0.23653759696225912
Network 5 - Frontoparietal: 3000 voxels done Correlation: 0.22683506865788544
Network 5 - Frontoparietal: 5000 voxels done Correlation: 0.24387656609398828
Network 5 - Frontoparietal: 6500 voxels done Correlation: 0.21382607193254344
Network 5 - Frontoparietal: 10000 voxels done Correlation: 0.2398463770103461
Network 5 - Frontoparietal: 15000 voxels done Correlation: 0.2389890135425266
/home/fhopp/.conda/envs/mjs/lib/python3.8/site-packages/nilearn/masking.py:980: UserWarning: Data array used to create a new image contains 64-bit ints. This is likely due to creating the array with numpy and passing `int` as the `dtype`. Many tools such as FSL and SPM cannot deal with int64 in Nifti images, so for compatibility the data has been converted to int32.
  return new_img_like(mask_img, unmasked, affine)
Network 6 - Default Mode: 50 voxels done Correlation: 0.2676407624905603
Network 6 - Default Mode: 150 voxels done Correlation: 0.23727588147856565
Network 6 - Default Mode: 250 voxels done Correlation: 0.33800366309669494
Network 6 - Default Mode: 500 voxels done Correlation: 0.337591534983352
Network 6 - Default Mode: 750 voxels done Correlation: 0.35702697879782785
Network 6 - Default Mode: 1000 voxels done Correlation: 0.3528007646086764
Network 6 - Default Mode: 1500 voxels done Correlation: 0.39820109505900914
Network 6 - Default Mode: 3000 voxels done Correlation: 0.4077614908883349
Network 6 - Default Mode: 5000 voxels done Correlation: 0.39900486812774183
Network 6 - Default Mode: 6500 voxels done Correlation: 0.3983264550048736
Network 6 - Default Mode: 10000 voxels done Correlation: 0.39671428347379734
Network 6 - Default Mode: 15000 voxels done Correlation: 0.41012256174177947
Network 6 - Default Mode: 25000 voxels done Correlation: 0.4093062867000859
/home/fhopp/.conda/envs/mjs/lib/python3.8/site-packages/nilearn/masking.py:980: UserWarning: Data array used to create a new image contains 64-bit ints. This is likely due to creating the array with numpy and passing `int` as the `dtype`. Many tools such as FSL and SPM cannot deal with int64 in Nifti images, so for compatibility the data has been converted to int32.
  return new_img_like(mask_img, unmasked, affine)
Network 7 - Subcortical: 50 voxels done Correlation: 0.1992702635342275
Network 7 - Subcortical: 150 voxels done Correlation: 0.08173698076625673
Network 7 - Subcortical: 250 voxels done Correlation: 0.10851942673252507
Network 7 - Subcortical: 500 voxels done Correlation: 0.24694263687926804
Network 7 - Subcortical: 750 voxels done Correlation: 0.24227704647939513
Network 7 - Subcortical: 1000 voxels done Correlation: 0.23290119414545807
Network 7 - Subcortical: 1500 voxels done Correlation: 0.224013882967094
Network 7 - Subcortical: 3000 voxels done Correlation: 0.16940178858588253
Network 7 - Subcortical: 5000 voxels done Correlation: 0.17338945840518027
Network 7 - Subcortical: 6500 voxels done Correlation: 0.1393131868688552
Network 7 - Subcortical: 10000 voxels done Correlation: 0.16843753551186164
Network 8 - Consciousness: 50 voxels done Correlation: 0.21635793811698745
Network 8 - Consciousness: 150 voxels done Correlation: 0.3017203394988674
Network 8 - Consciousness: 250 voxels done Correlation: 0.28612675649470887
Network 8 - Consciousness: 500 voxels done Correlation: 0.3124121533820912
Network 8 - Consciousness: 750 voxels done Correlation: 0.3959517114508615
Network 8 - Consciousness: 1000 voxels done Correlation: 0.38126438310427124
Network 8 - Consciousness: 1500 voxels done Correlation: 0.45610115851909755
Network 8 - Consciousness: 3000 voxels done Correlation: 0.41229271875697515
Network 8 - Consciousness: 5000 voxels done Correlation: 0.4524712255578957
Network 8 - Consciousness: 6500 voxels done Correlation: 0.48018661389204775
Network 8 - Consciousness: 10000 voxels done Correlation: 0.4511826086574209
Network 8 - Consciousness: 15000 voxels done Correlation: 0.47734227730344625
Network 8 - Consciousness: 25000 voxels done Correlation: 0.4660938682998747
Network 8 - Consciousness: 50000 voxels done Correlation: 0.46506743699924247
