Running job on: cox
Iteration: 51
Starting spatial evaluation...
/home/fhopp/.conda/envs/mjs/lib/python3.8/site-packages/nilearn/maskers/nifti_masker.py:110: UserWarning: imgs are being resampled to the mask_img resolution. This process is memory intensive. You might want to provide a target_affine that is equal to the affine of the imgs or resample the mask beforehand to save memory and computation time.
  warnings.warn(
/home/fhopp/.conda/envs/mjs/lib/python3.8/site-packages/nilearn/masking.py:980: UserWarning: Data array used to create a new image contains 64-bit ints. This is likely due to creating the array with numpy and passing `int` as the `dtype`. Many tools such as FSL and SPM cannot deal with int64 in Nifti images, so for compatibility the data has been converted to int32.
  return new_img_like(mask_img, unmasked, affine)
Network 0 - Visual: 50 voxels done Correlation: 0.6389651082314445
Network 0 - Visual: 150 voxels done Correlation: 0.6887397456561701
Network 0 - Visual: 250 voxels done Correlation: 0.5798809433905292
Network 0 - Visual: 500 voxels done Correlation: 0.5803206384952576
Network 0 - Visual: 750 voxels done Correlation: 0.5766321263226676
Network 0 - Visual: 1000 voxels done Correlation: 0.5947972399517588
Network 0 - Visual: 1500 voxels done Correlation: 0.5831162176496196
Network 0 - Visual: 3000 voxels done Correlation: 0.6065329682048702
Network 0 - Visual: 5000 voxels done Correlation: 0.6139813886706186
Network 0 - Visual: 6500 voxels done Correlation: 0.6194812307260504
Network 0 - Visual: 10000 voxels done Correlation: 0.6207133878025689
Network 0 - Visual: 15000 voxels done Correlation: 0.6270226197073694
/home/fhopp/.conda/envs/mjs/lib/python3.8/site-packages/nilearn/masking.py:980: UserWarning: Data array used to create a new image contains 64-bit ints. This is likely due to creating the array with numpy and passing `int` as the `dtype`. Many tools such as FSL and SPM cannot deal with int64 in Nifti images, so for compatibility the data has been converted to int32.
  return new_img_like(mask_img, unmasked, affine)
Network 1 - Somatomotor: 50 voxels done Correlation: 0.24933017230509846
Network 1 - Somatomotor: 150 voxels done Correlation: 0.34807905659062954
Network 1 - Somatomotor: 250 voxels done Correlation: 0.3171138439148441
Network 1 - Somatomotor: 500 voxels done Correlation: 0.2691822841403156
Network 1 - Somatomotor: 750 voxels done Correlation: 0.3236768248594597
Network 1 - Somatomotor: 1000 voxels done Correlation: 0.3193664459763844
Network 1 - Somatomotor: 1500 voxels done Correlation: 0.3593352100115752
Network 1 - Somatomotor: 3000 voxels done Correlation: 0.31719892165038255
Network 1 - Somatomotor: 5000 voxels done Correlation: 0.33443460752933807
Network 1 - Somatomotor: 6500 voxels done Correlation: 0.34769806011216564
Network 1 - Somatomotor: 10000 voxels done Correlation: 0.3382456921913561
Network 1 - Somatomotor: 15000 voxels done Correlation: 0.34348075152942215
/home/fhopp/.conda/envs/mjs/lib/python3.8/site-packages/nilearn/masking.py:980: UserWarning: Data array used to create a new image contains 64-bit ints. This is likely due to creating the array with numpy and passing `int` as the `dtype`. Many tools such as FSL and SPM cannot deal with int64 in Nifti images, so for compatibility the data has been converted to int32.
  return new_img_like(mask_img, unmasked, affine)
Network 2 - dAttention: 50 voxels done Correlation: 0.23856415600615571
Network 2 - dAttention: 150 voxels done Correlation: 0.3838159435340591
Network 2 - dAttention: 250 voxels done Correlation: 0.35398134949736115
Network 2 - dAttention: 500 voxels done Correlation: 0.3847892275009244
Network 2 - dAttention: 750 voxels done Correlation: 0.31411632948476037
Network 2 - dAttention: 1000 voxels done Correlation: 0.31592047046974336
Network 2 - dAttention: 1500 voxels done Correlation: 0.33700608809905197
Network 2 - dAttention: 3000 voxels done Correlation: 0.29996722659444236
Network 2 - dAttention: 5000 voxels done Correlation: 0.32150673133643654
Network 2 - dAttention: 6500 voxels done Correlation: 0.32571943290662936
Network 2 - dAttention: 10000 voxels done Correlation: 0.33308730647985507
Network 2 - dAttention: 15000 voxels done Correlation: 0.33226493176716404
/home/fhopp/.conda/envs/mjs/lib/python3.8/site-packages/nilearn/masking.py:980: UserWarning: Data array used to create a new image contains 64-bit ints. This is likely due to creating the array with numpy and passing `int` as the `dtype`. Many tools such as FSL and SPM cannot deal with int64 in Nifti images, so for compatibility the data has been converted to int32.
  return new_img_like(mask_img, unmasked, affine)
Network 3 - vAttention: 50 voxels done Correlation: 0.2306794649495632
Network 3 - vAttention: 150 voxels done Correlation: 0.20497670342707444
Network 3 - vAttention: 250 voxels done Correlation: 0.36289781835265267
Network 3 - vAttention: 500 voxels done Correlation: 0.31414580892001975
Network 3 - vAttention: 750 voxels done Correlation: 0.36085715825063996
Network 3 - vAttention: 1000 voxels done Correlation: 0.38136095678687965
Network 3 - vAttention: 1500 voxels done Correlation: 0.3493099860430116
Network 3 - vAttention: 3000 voxels done Correlation: 0.3620688281304418
Network 3 - vAttention: 5000 voxels done Correlation: 0.36746013751269235
Network 3 - vAttention: 6500 voxels done Correlation: 0.3981751195522909
Network 3 - vAttention: 10000 voxels done Correlation: 0.3734356304213221
Network 3 - vAttention: 15000 voxels done Correlation: 0.3883997252502702
/home/fhopp/.conda/envs/mjs/lib/python3.8/site-packages/nilearn/masking.py:980: UserWarning: Data array used to create a new image contains 64-bit ints. This is likely due to creating the array with numpy and passing `int` as the `dtype`. Many tools such as FSL and SPM cannot deal with int64 in Nifti images, so for compatibility the data has been converted to int32.
  return new_img_like(mask_img, unmasked, affine)
Network 4 - Limbic: 50 voxels done Correlation: 0.15827997697903273
Network 4 - Limbic: 150 voxels done Correlation: 0.2650620753198736
Network 4 - Limbic: 250 voxels done Correlation: 0.2563816517263137
Network 4 - Limbic: 500 voxels done Correlation: 0.24439622974512124
Network 4 - Limbic: 750 voxels done Correlation: 0.250456241427227
Network 4 - Limbic: 1000 voxels done Correlation: 0.28172417870496064
Network 4 - Limbic: 1500 voxels done Correlation: 0.3121613000494346
Network 4 - Limbic: 3000 voxels done Correlation: 0.2880435513518366
Network 4 - Limbic: 5000 voxels done Correlation: 0.28799673986146
Network 4 - Limbic: 6500 voxels done Correlation: 0.29432979798360004
Network 4 - Limbic: 10000 voxels done Correlation: 0.2863881830506554
/home/fhopp/.conda/envs/mjs/lib/python3.8/site-packages/nilearn/masking.py:980: UserWarning: Data array used to create a new image contains 64-bit ints. This is likely due to creating the array with numpy and passing `int` as the `dtype`. Many tools such as FSL and SPM cannot deal with int64 in Nifti images, so for compatibility the data has been converted to int32.
  return new_img_like(mask_img, unmasked, affine)
Network 5 - Frontoparietal: 50 voxels done Correlation: 0.16039844062152875
Network 5 - Frontoparietal: 150 voxels done Correlation: 0.1497116815841414
Network 5 - Frontoparietal: 250 voxels done Correlation: 0.25054690698594567
Network 5 - Frontoparietal: 500 voxels done Correlation: 0.15604900389023685
Network 5 - Frontoparietal: 750 voxels done Correlation: 0.22656594931403384
Network 5 - Frontoparietal: 1000 voxels done Correlation: 0.23747194731917448
Network 5 - Frontoparietal: 1500 voxels done Correlation: 0.21988167532324945
Network 5 - Frontoparietal: 3000 voxels done Correlation: 0.23524989391834883
Network 5 - Frontoparietal: 5000 voxels done Correlation: 0.229153579014448
Network 5 - Frontoparietal: 6500 voxels done Correlation: 0.23373407806694294
Network 5 - Frontoparietal: 10000 voxels done Correlation: 0.24430874534056793
Network 5 - Frontoparietal: 15000 voxels done Correlation: 0.240387826477724
/home/fhopp/.conda/envs/mjs/lib/python3.8/site-packages/nilearn/masking.py:980: UserWarning: Data array used to create a new image contains 64-bit ints. This is likely due to creating the array with numpy and passing `int` as the `dtype`. Many tools such as FSL and SPM cannot deal with int64 in Nifti images, so for compatibility the data has been converted to int32.
  return new_img_like(mask_img, unmasked, affine)
Network 6 - Default Mode: 50 voxels done Correlation: 0.23551270567040264
Network 6 - Default Mode: 150 voxels done Correlation: 0.29529715823974656
Network 6 - Default Mode: 250 voxels done Correlation: 0.3636386851187271
Network 6 - Default Mode: 500 voxels done Correlation: 0.2862631339519056
Network 6 - Default Mode: 750 voxels done Correlation: 0.4371524820501099
Network 6 - Default Mode: 1000 voxels done Correlation: 0.33778147979965933
Network 6 - Default Mode: 1500 voxels done Correlation: 0.38359311994929024
Network 6 - Default Mode: 3000 voxels done Correlation: 0.3713354894639197
Network 6 - Default Mode: 5000 voxels done Correlation: 0.40328708879199926
Network 6 - Default Mode: 6500 voxels done Correlation: 0.3948662336690131
Network 6 - Default Mode: 10000 voxels done Correlation: 0.4052932267143187
Network 6 - Default Mode: 15000 voxels done Correlation: 0.4174069167935366
Network 6 - Default Mode: 25000 voxels done Correlation: 0.40900144917331704
/home/fhopp/.conda/envs/mjs/lib/python3.8/site-packages/nilearn/masking.py:980: UserWarning: Data array used to create a new image contains 64-bit ints. This is likely due to creating the array with numpy and passing `int` as the `dtype`. Many tools such as FSL and SPM cannot deal with int64 in Nifti images, so for compatibility the data has been converted to int32.
  return new_img_like(mask_img, unmasked, affine)
Network 7 - Subcortical: 50 voxels done Correlation: 0.13910598145839054
Network 7 - Subcortical: 150 voxels done Correlation: 0.1758133990354733
Network 7 - Subcortical: 250 voxels done Correlation: 0.18184073995258487
Network 7 - Subcortical: 500 voxels done Correlation: 0.22261013365407317
Network 7 - Subcortical: 750 voxels done Correlation: 0.21356213014293673
Network 7 - Subcortical: 1000 voxels done Correlation: 0.24456816151853106
Network 7 - Subcortical: 1500 voxels done Correlation: 0.199955531983663
Network 7 - Subcortical: 3000 voxels done Correlation: 0.18457473440623068
Network 7 - Subcortical: 5000 voxels done Correlation: 0.16547870888059762
Network 7 - Subcortical: 6500 voxels done Correlation: 0.18087828513425558
Network 7 - Subcortical: 10000 voxels done Correlation: 0.16796749119769794
Network 8 - Consciousness: 50 voxels done Correlation: 0.1415585880810126
Network 8 - Consciousness: 150 voxels done Correlation: 0.3219307921681622
Network 8 - Consciousness: 250 voxels done Correlation: 0.31600047725361935
Network 8 - Consciousness: 500 voxels done Correlation: 0.40938567672062054
Network 8 - Consciousness: 750 voxels done Correlation: 0.31664855610426035
Network 8 - Consciousness: 1000 voxels done Correlation: 0.38578418649315405
Network 8 - Consciousness: 1500 voxels done Correlation: 0.4312327687261157
Network 8 - Consciousness: 3000 voxels done Correlation: 0.412984453207871
Network 8 - Consciousness: 5000 voxels done Correlation: 0.47906851405631296
Network 8 - Consciousness: 6500 voxels done Correlation: 0.4744387371473512
Network 8 - Consciousness: 10000 voxels done Correlation: 0.44042862662800775
Network 8 - Consciousness: 15000 voxels done Correlation: 0.47775769871875406
Network 8 - Consciousness: 25000 voxels done Correlation: 0.46129105321195063
Network 8 - Consciousness: 50000 voxels done Correlation: 0.4665585353534619
