Running job on: wood
Iteration: 520
Starting spatial evaluation...
/home/fhopp/.conda/envs/mjs/lib/python3.8/site-packages/nilearn/maskers/nifti_masker.py:110: UserWarning: imgs are being resampled to the mask_img resolution. This process is memory intensive. You might want to provide a target_affine that is equal to the affine of the imgs or resample the mask beforehand to save memory and computation time.
  warnings.warn(
/home/fhopp/.conda/envs/mjs/lib/python3.8/site-packages/nilearn/masking.py:980: UserWarning: Data array used to create a new image contains 64-bit ints. This is likely due to creating the array with numpy and passing `int` as the `dtype`. Many tools such as FSL and SPM cannot deal with int64 in Nifti images, so for compatibility the data has been converted to int32.
  return new_img_like(mask_img, unmasked, affine)
Network 0 - Visual: 50 voxels done Correlation: 0.6338966916456543
Network 0 - Visual: 150 voxels done Correlation: 0.5480911784621572
Network 0 - Visual: 250 voxels done Correlation: 0.6580547166850226
Network 0 - Visual: 500 voxels done Correlation: 0.5529254235031205
Network 0 - Visual: 750 voxels done Correlation: 0.6310686541051066
Network 0 - Visual: 1000 voxels done Correlation: 0.5712685092097649
Network 0 - Visual: 1500 voxels done Correlation: 0.5947643276055727
Network 0 - Visual: 3000 voxels done Correlation: 0.623482516049847
Network 0 - Visual: 5000 voxels done Correlation: 0.6424773264278552
Network 0 - Visual: 6500 voxels done Correlation: 0.6193815334237687
Network 0 - Visual: 10000 voxels done Correlation: 0.6236530201140582
Network 0 - Visual: 15000 voxels done Correlation: 0.6323646528545317
/home/fhopp/.conda/envs/mjs/lib/python3.8/site-packages/nilearn/masking.py:980: UserWarning: Data array used to create a new image contains 64-bit ints. This is likely due to creating the array with numpy and passing `int` as the `dtype`. Many tools such as FSL and SPM cannot deal with int64 in Nifti images, so for compatibility the data has been converted to int32.
  return new_img_like(mask_img, unmasked, affine)
Network 1 - Somatomotor: 50 voxels done Correlation: 0.18526178040189514
Network 1 - Somatomotor: 150 voxels done Correlation: 0.2527759156718615
Network 1 - Somatomotor: 250 voxels done Correlation: 0.24671634538037876
Network 1 - Somatomotor: 500 voxels done Correlation: 0.36133539058918973
Network 1 - Somatomotor: 750 voxels done Correlation: 0.35562620674337575
Network 1 - Somatomotor: 1000 voxels done Correlation: 0.35831703797920517
Network 1 - Somatomotor: 1500 voxels done Correlation: 0.35070992006641477
Network 1 - Somatomotor: 3000 voxels done Correlation: 0.31466568824942726
Network 1 - Somatomotor: 5000 voxels done Correlation: 0.349799098038842
Network 1 - Somatomotor: 6500 voxels done Correlation: 0.34230367296882774
Network 1 - Somatomotor: 10000 voxels done Correlation: 0.34138158869980617
Network 1 - Somatomotor: 15000 voxels done Correlation: 0.3458123341688769
/home/fhopp/.conda/envs/mjs/lib/python3.8/site-packages/nilearn/masking.py:980: UserWarning: Data array used to create a new image contains 64-bit ints. This is likely due to creating the array with numpy and passing `int` as the `dtype`. Many tools such as FSL and SPM cannot deal with int64 in Nifti images, so for compatibility the data has been converted to int32.
  return new_img_like(mask_img, unmasked, affine)
Network 2 - dAttention: 50 voxels done Correlation: 0.22547709608716623
Network 2 - dAttention: 150 voxels done Correlation: 0.279652284861229
Network 2 - dAttention: 250 voxels done Correlation: 0.28855047846646736
Network 2 - dAttention: 500 voxels done Correlation: 0.33444683137944947
Network 2 - dAttention: 750 voxels done Correlation: 0.3211272266666726
Network 2 - dAttention: 1000 voxels done Correlation: 0.28993900833326314
Network 2 - dAttention: 1500 voxels done Correlation: 0.32359106703104124
Network 2 - dAttention: 3000 voxels done Correlation: 0.348668141354598
Network 2 - dAttention: 5000 voxels done Correlation: 0.3311299570390164
Network 2 - dAttention: 6500 voxels done Correlation: 0.32795084792049867
Network 2 - dAttention: 10000 voxels done Correlation: 0.3396172451940547
Network 2 - dAttention: 15000 voxels done Correlation: 0.3366179244527917
/home/fhopp/.conda/envs/mjs/lib/python3.8/site-packages/nilearn/masking.py:980: UserWarning: Data array used to create a new image contains 64-bit ints. This is likely due to creating the array with numpy and passing `int` as the `dtype`. Many tools such as FSL and SPM cannot deal with int64 in Nifti images, so for compatibility the data has been converted to int32.
  return new_img_like(mask_img, unmasked, affine)
Network 3 - vAttention: 50 voxels done Correlation: 0.24114923510505143
Network 3 - vAttention: 150 voxels done Correlation: 0.3433081456467687
Network 3 - vAttention: 250 voxels done Correlation: 0.3327087508075518
Network 3 - vAttention: 500 voxels done Correlation: 0.28601357862807475
Network 3 - vAttention: 750 voxels done Correlation: 0.31752667835556886
Network 3 - vAttention: 1000 voxels done Correlation: 0.3686874946306903
Network 3 - vAttention: 1500 voxels done Correlation: 0.37292174363639685
Network 3 - vAttention: 3000 voxels done Correlation: 0.3830489796502824
Network 3 - vAttention: 5000 voxels done Correlation: 0.37203874305677725
Network 3 - vAttention: 6500 voxels done Correlation: 0.3902195191055253
Network 3 - vAttention: 10000 voxels done Correlation: 0.3977555242375188
Network 3 - vAttention: 15000 voxels done Correlation: 0.38868128922554945
/home/fhopp/.conda/envs/mjs/lib/python3.8/site-packages/nilearn/masking.py:980: UserWarning: Data array used to create a new image contains 64-bit ints. This is likely due to creating the array with numpy and passing `int` as the `dtype`. Many tools such as FSL and SPM cannot deal with int64 in Nifti images, so for compatibility the data has been converted to int32.
  return new_img_like(mask_img, unmasked, affine)
Network 4 - Limbic: 50 voxels done Correlation: 0.26171748440875864
Network 4 - Limbic: 150 voxels done Correlation: 0.220248823387449
Network 4 - Limbic: 250 voxels done Correlation: 0.21231914061315776
Network 4 - Limbic: 500 voxels done Correlation: 0.36937115180973634
Network 4 - Limbic: 750 voxels done Correlation: 0.19917609569285522
Network 4 - Limbic: 1000 voxels done Correlation: 0.25331688966612537
Network 4 - Limbic: 1500 voxels done Correlation: 0.28118346435974917
Network 4 - Limbic: 3000 voxels done Correlation: 0.290405979842923
Network 4 - Limbic: 5000 voxels done Correlation: 0.2726464927926187
Network 4 - Limbic: 6500 voxels done Correlation: 0.2642153950829492
Network 4 - Limbic: 10000 voxels done Correlation: 0.288358960365405
/home/fhopp/.conda/envs/mjs/lib/python3.8/site-packages/nilearn/masking.py:980: UserWarning: Data array used to create a new image contains 64-bit ints. This is likely due to creating the array with numpy and passing `int` as the `dtype`. Many tools such as FSL and SPM cannot deal with int64 in Nifti images, so for compatibility the data has been converted to int32.
  return new_img_like(mask_img, unmasked, affine)
Network 5 - Frontoparietal: 50 voxels done Correlation: 0.20787882857622916
Network 5 - Frontoparietal: 150 voxels done Correlation: 0.2510410721208058
Network 5 - Frontoparietal: 250 voxels done Correlation: 0.20584525801215187
Network 5 - Frontoparietal: 500 voxels done Correlation: 0.2231511516023178
Network 5 - Frontoparietal: 750 voxels done Correlation: 0.22365174600475368
Network 5 - Frontoparietal: 1000 voxels done Correlation: 0.2442083734148317
Network 5 - Frontoparietal: 1500 voxels done Correlation: 0.25720262769842855
Network 5 - Frontoparietal: 3000 voxels done Correlation: 0.25084715280956965
Network 5 - Frontoparietal: 5000 voxels done Correlation: 0.2306261100418983
Network 5 - Frontoparietal: 6500 voxels done Correlation: 0.23702957407950476
Network 5 - Frontoparietal: 10000 voxels done Correlation: 0.2404913681437264
Network 5 - Frontoparietal: 15000 voxels done Correlation: 0.23427099448124136
/home/fhopp/.conda/envs/mjs/lib/python3.8/site-packages/nilearn/masking.py:980: UserWarning: Data array used to create a new image contains 64-bit ints. This is likely due to creating the array with numpy and passing `int` as the `dtype`. Many tools such as FSL and SPM cannot deal with int64 in Nifti images, so for compatibility the data has been converted to int32.
  return new_img_like(mask_img, unmasked, affine)
Network 6 - Default Mode: 50 voxels done Correlation: 0.3670673292120109
Network 6 - Default Mode: 150 voxels done Correlation: 0.28097880966027383
Network 6 - Default Mode: 250 voxels done Correlation: 0.39910931684815776
Network 6 - Default Mode: 500 voxels done Correlation: 0.4273946455453349
Network 6 - Default Mode: 750 voxels done Correlation: 0.39504906103333914
Network 6 - Default Mode: 1000 voxels done Correlation: 0.3768837364232177
Network 6 - Default Mode: 1500 voxels done Correlation: 0.3360642341772784
Network 6 - Default Mode: 3000 voxels done Correlation: 0.3786355679322526
Network 6 - Default Mode: 5000 voxels done Correlation: 0.388447072558304
Network 6 - Default Mode: 6500 voxels done Correlation: 0.4069248413032839
Network 6 - Default Mode: 10000 voxels done Correlation: 0.40199723378761976
Network 6 - Default Mode: 15000 voxels done Correlation: 0.40923670090962794
Network 6 - Default Mode: 25000 voxels done Correlation: 0.40996911033291206
/home/fhopp/.conda/envs/mjs/lib/python3.8/site-packages/nilearn/masking.py:980: UserWarning: Data array used to create a new image contains 64-bit ints. This is likely due to creating the array with numpy and passing `int` as the `dtype`. Many tools such as FSL and SPM cannot deal with int64 in Nifti images, so for compatibility the data has been converted to int32.
  return new_img_like(mask_img, unmasked, affine)
Network 7 - Subcortical: 50 voxels done Correlation: 0.15304266150928264
Network 7 - Subcortical: 150 voxels done Correlation: 0.21007750895984367
Network 7 - Subcortical: 250 voxels done Correlation: 0.17790026699408468
Network 7 - Subcortical: 500 voxels done Correlation: 0.28341302592607853
Network 7 - Subcortical: 750 voxels done Correlation: 0.22944441505379953
Network 7 - Subcortical: 1000 voxels done Correlation: 0.21618125149875408
Network 7 - Subcortical: 1500 voxels done Correlation: 0.21964759785225774
Network 7 - Subcortical: 3000 voxels done Correlation: 0.1636309319952315
Network 7 - Subcortical: 5000 voxels done Correlation: 0.1849647846909764
Network 7 - Subcortical: 6500 voxels done Correlation: 0.16490604197200914
Network 7 - Subcortical: 10000 voxels done Correlation: 0.16463693466537815
Network 8 - Consciousness: 50 voxels done Correlation: 0.3486006033096395
Network 8 - Consciousness: 150 voxels done Correlation: 0.32648651743769286
Network 8 - Consciousness: 250 voxels done Correlation: 0.3758635641097444
Network 8 - Consciousness: 500 voxels done Correlation: 0.3750376505000482
Network 8 - Consciousness: 750 voxels done Correlation: 0.3714023634757295
Network 8 - Consciousness: 1000 voxels done Correlation: 0.49941895832268124
Network 8 - Consciousness: 1500 voxels done Correlation: 0.4497996649122585
Network 8 - Consciousness: 3000 voxels done Correlation: 0.44212164143376476
Network 8 - Consciousness: 5000 voxels done Correlation: 0.4649493839866707
Network 8 - Consciousness: 6500 voxels done Correlation: 0.4515070113946106
Network 8 - Consciousness: 10000 voxels done Correlation: 0.45040536982176366
Network 8 - Consciousness: 15000 voxels done Correlation: 0.47425631663150497
Network 8 - Consciousness: 25000 voxels done Correlation: 0.46260808472328413
Network 8 - Consciousness: 50000 voxels done Correlation: 0.4677218568103682
