Running job on: nash
Iteration: 812
Starting spatial evaluation...
/home/fhopp/.conda/envs/mjs/lib/python3.8/site-packages/nilearn/maskers/nifti_masker.py:110: UserWarning: imgs are being resampled to the mask_img resolution. This process is memory intensive. You might want to provide a target_affine that is equal to the affine of the imgs or resample the mask beforehand to save memory and computation time.
  warnings.warn(
/home/fhopp/.conda/envs/mjs/lib/python3.8/site-packages/nilearn/masking.py:980: UserWarning: Data array used to create a new image contains 64-bit ints. This is likely due to creating the array with numpy and passing `int` as the `dtype`. Many tools such as FSL and SPM cannot deal with int64 in Nifti images, so for compatibility the data has been converted to int32.
  return new_img_like(mask_img, unmasked, affine)
Network 0 - Visual: 50 voxels done Correlation: 0.5793785947755866
Network 0 - Visual: 150 voxels done Correlation: 0.5088831203236049
Network 0 - Visual: 250 voxels done Correlation: 0.626285307357195
Network 0 - Visual: 500 voxels done Correlation: 0.5488212882124213
Network 0 - Visual: 750 voxels done Correlation: 0.5746000935064032
Network 0 - Visual: 1000 voxels done Correlation: 0.6363660761283398
Network 0 - Visual: 1500 voxels done Correlation: 0.6060193021449043
Network 0 - Visual: 3000 voxels done Correlation: 0.6526828730944625
Network 0 - Visual: 5000 voxels done Correlation: 0.6274647004525171
Network 0 - Visual: 6500 voxels done Correlation: 0.6266570636860389
Network 0 - Visual: 10000 voxels done Correlation: 0.6198321053345692
Network 0 - Visual: 15000 voxels done Correlation: 0.6261673350137106
/home/fhopp/.conda/envs/mjs/lib/python3.8/site-packages/nilearn/masking.py:980: UserWarning: Data array used to create a new image contains 64-bit ints. This is likely due to creating the array with numpy and passing `int` as the `dtype`. Many tools such as FSL and SPM cannot deal with int64 in Nifti images, so for compatibility the data has been converted to int32.
  return new_img_like(mask_img, unmasked, affine)
Network 1 - Somatomotor: 50 voxels done Correlation: 0.2147542188173121
Network 1 - Somatomotor: 150 voxels done Correlation: 0.3440681957860676
Network 1 - Somatomotor: 250 voxels done Correlation: 0.24205751004902548
Network 1 - Somatomotor: 500 voxels done Correlation: 0.3168793282967636
Network 1 - Somatomotor: 750 voxels done Correlation: 0.37586356083844596
Network 1 - Somatomotor: 1000 voxels done Correlation: 0.34401982399345943
Network 1 - Somatomotor: 1500 voxels done Correlation: 0.36975280901730334
Network 1 - Somatomotor: 3000 voxels done Correlation: 0.3357271222968084
Network 1 - Somatomotor: 5000 voxels done Correlation: 0.3402267330914137
Network 1 - Somatomotor: 6500 voxels done Correlation: 0.34399259901152046
Network 1 - Somatomotor: 10000 voxels done Correlation: 0.3398880483396314
Network 1 - Somatomotor: 15000 voxels done Correlation: 0.3421311959786757
/home/fhopp/.conda/envs/mjs/lib/python3.8/site-packages/nilearn/masking.py:980: UserWarning: Data array used to create a new image contains 64-bit ints. This is likely due to creating the array with numpy and passing `int` as the `dtype`. Many tools such as FSL and SPM cannot deal with int64 in Nifti images, so for compatibility the data has been converted to int32.
  return new_img_like(mask_img, unmasked, affine)
Network 2 - dAttention: 50 voxels done Correlation: 0.22959534446871516
Network 2 - dAttention: 150 voxels done Correlation: 0.36408183345276446
Network 2 - dAttention: 250 voxels done Correlation: 0.2922823681833646
Network 2 - dAttention: 500 voxels done Correlation: 0.3146503366180957
Network 2 - dAttention: 750 voxels done Correlation: 0.35075502634585987
Network 2 - dAttention: 1000 voxels done Correlation: 0.3316888457925623
Network 2 - dAttention: 1500 voxels done Correlation: 0.3288891582483472
Network 2 - dAttention: 3000 voxels done Correlation: 0.3569242749798439
Network 2 - dAttention: 5000 voxels done Correlation: 0.31849976608236635
Network 2 - dAttention: 6500 voxels done Correlation: 0.32121149227574736
Network 2 - dAttention: 10000 voxels done Correlation: 0.33060097705143743
Network 2 - dAttention: 15000 voxels done Correlation: 0.3324417485976937
/home/fhopp/.conda/envs/mjs/lib/python3.8/site-packages/nilearn/masking.py:980: UserWarning: Data array used to create a new image contains 64-bit ints. This is likely due to creating the array with numpy and passing `int` as the `dtype`. Many tools such as FSL and SPM cannot deal with int64 in Nifti images, so for compatibility the data has been converted to int32.
  return new_img_like(mask_img, unmasked, affine)
Network 3 - vAttention: 50 voxels done Correlation: 0.15745356546691572
Network 3 - vAttention: 150 voxels done Correlation: 0.22132310490015744
Network 3 - vAttention: 250 voxels done Correlation: 0.2893509982430798
Network 3 - vAttention: 500 voxels done Correlation: 0.28808300016863037
Network 3 - vAttention: 750 voxels done Correlation: 0.38707962029744764
Network 3 - vAttention: 1000 voxels done Correlation: 0.33499984933384785
Network 3 - vAttention: 1500 voxels done Correlation: 0.3618428239720256
Network 3 - vAttention: 3000 voxels done Correlation: 0.3703539071872216
Network 3 - vAttention: 5000 voxels done Correlation: 0.36574842356041604
Network 3 - vAttention: 6500 voxels done Correlation: 0.3646196131274689
Network 3 - vAttention: 10000 voxels done Correlation: 0.38291105080568955
Network 3 - vAttention: 15000 voxels done Correlation: 0.3861969043880331
/home/fhopp/.conda/envs/mjs/lib/python3.8/site-packages/nilearn/masking.py:980: UserWarning: Data array used to create a new image contains 64-bit ints. This is likely due to creating the array with numpy and passing `int` as the `dtype`. Many tools such as FSL and SPM cannot deal with int64 in Nifti images, so for compatibility the data has been converted to int32.
  return new_img_like(mask_img, unmasked, affine)
Network 4 - Limbic: 50 voxels done Correlation: 0.24544696775460095
Network 4 - Limbic: 150 voxels done Correlation: 0.2148051737556983
Network 4 - Limbic: 250 voxels done Correlation: 0.2175041806500736
Network 4 - Limbic: 500 voxels done Correlation: 0.2728105135101994
Network 4 - Limbic: 750 voxels done Correlation: 0.30264915245993196
Network 4 - Limbic: 1000 voxels done Correlation: 0.24559501183911683
Network 4 - Limbic: 1500 voxels done Correlation: 0.2717876471821258
Network 4 - Limbic: 3000 voxels done Correlation: 0.26765709046404335
Network 4 - Limbic: 5000 voxels done Correlation: 0.27146086356569343
Network 4 - Limbic: 6500 voxels done Correlation: 0.26920757328050543
Network 4 - Limbic: 10000 voxels done Correlation: 0.28569016267912817
/home/fhopp/.conda/envs/mjs/lib/python3.8/site-packages/nilearn/masking.py:980: UserWarning: Data array used to create a new image contains 64-bit ints. This is likely due to creating the array with numpy and passing `int` as the `dtype`. Many tools such as FSL and SPM cannot deal with int64 in Nifti images, so for compatibility the data has been converted to int32.
  return new_img_like(mask_img, unmasked, affine)
Network 5 - Frontoparietal: 50 voxels done Correlation: 0.2228940987206009
Network 5 - Frontoparietal: 150 voxels done Correlation: 0.24181755684771739
Network 5 - Frontoparietal: 250 voxels done Correlation: 0.19187428251530264
Network 5 - Frontoparietal: 500 voxels done Correlation: 0.19423203573865477
Network 5 - Frontoparietal: 750 voxels done Correlation: 0.2817619209149973
Network 5 - Frontoparietal: 1000 voxels done Correlation: 0.23059610236061903
Network 5 - Frontoparietal: 1500 voxels done Correlation: 0.2611882531054508
Network 5 - Frontoparietal: 3000 voxels done Correlation: 0.2247713310273304
Network 5 - Frontoparietal: 5000 voxels done Correlation: 0.24106745896125778
Network 5 - Frontoparietal: 6500 voxels done Correlation: 0.22196494918217718
Network 5 - Frontoparietal: 10000 voxels done Correlation: 0.23724233988158297
Network 5 - Frontoparietal: 15000 voxels done Correlation: 0.23712619300757498
/home/fhopp/.conda/envs/mjs/lib/python3.8/site-packages/nilearn/masking.py:980: UserWarning: Data array used to create a new image contains 64-bit ints. This is likely due to creating the array with numpy and passing `int` as the `dtype`. Many tools such as FSL and SPM cannot deal with int64 in Nifti images, so for compatibility the data has been converted to int32.
  return new_img_like(mask_img, unmasked, affine)
Network 6 - Default Mode: 50 voxels done Correlation: 0.23042174182306402
Network 6 - Default Mode: 150 voxels done Correlation: 0.35421306014741943
Network 6 - Default Mode: 250 voxels done Correlation: 0.34254808284388516
Network 6 - Default Mode: 500 voxels done Correlation: 0.3483473527717952
Network 6 - Default Mode: 750 voxels done Correlation: 0.3160941730975545
Network 6 - Default Mode: 1000 voxels done Correlation: 0.40786404130876097
Network 6 - Default Mode: 1500 voxels done Correlation: 0.4272698851189698
Network 6 - Default Mode: 3000 voxels done Correlation: 0.3814562169596726
Network 6 - Default Mode: 5000 voxels done Correlation: 0.37930746892022327
Network 6 - Default Mode: 6500 voxels done Correlation: 0.4304338251353246
Network 6 - Default Mode: 10000 voxels done Correlation: 0.4090631568251063
Network 6 - Default Mode: 15000 voxels done Correlation: 0.40773485328443027
Network 6 - Default Mode: 25000 voxels done Correlation: 0.40996670352161796
/home/fhopp/.conda/envs/mjs/lib/python3.8/site-packages/nilearn/masking.py:980: UserWarning: Data array used to create a new image contains 64-bit ints. This is likely due to creating the array with numpy and passing `int` as the `dtype`. Many tools such as FSL and SPM cannot deal with int64 in Nifti images, so for compatibility the data has been converted to int32.
  return new_img_like(mask_img, unmasked, affine)
Network 7 - Subcortical: 50 voxels done Correlation: 0.14185500796165407
Network 7 - Subcortical: 150 voxels done Correlation: 0.15303362021391728
Network 7 - Subcortical: 250 voxels done Correlation: 0.20164698900680844
Network 7 - Subcortical: 500 voxels done Correlation: 0.1569221254386694
Network 7 - Subcortical: 750 voxels done Correlation: 0.2601398650240892
Network 7 - Subcortical: 1000 voxels done Correlation: 0.2531483952327824
Network 7 - Subcortical: 1500 voxels done Correlation: 0.23269333567617548
Network 7 - Subcortical: 3000 voxels done Correlation: 0.1969445074099078
Network 7 - Subcortical: 5000 voxels done Correlation: 0.17356173948414222
Network 7 - Subcortical: 6500 voxels done Correlation: 0.17402822617914104
Network 7 - Subcortical: 10000 voxels done Correlation: 0.16832942211321147
Network 8 - Consciousness: 50 voxels done Correlation: 0.25757704904022705
Network 8 - Consciousness: 150 voxels done Correlation: 0.3556163949108471
Network 8 - Consciousness: 250 voxels done Correlation: 0.28829032980129404
Network 8 - Consciousness: 500 voxels done Correlation: 0.3767892620869959
Network 8 - Consciousness: 750 voxels done Correlation: 0.37904091841038495
Network 8 - Consciousness: 1000 voxels done Correlation: 0.4258598165395209
Network 8 - Consciousness: 1500 voxels done Correlation: 0.4349348925176631
Network 8 - Consciousness: 3000 voxels done Correlation: 0.4191853069654989
Network 8 - Consciousness: 5000 voxels done Correlation: 0.443404497063045
Network 8 - Consciousness: 6500 voxels done Correlation: 0.4743682304257534
Network 8 - Consciousness: 10000 voxels done Correlation: 0.4359686029188106
Network 8 - Consciousness: 15000 voxels done Correlation: 0.4481504608939089
Network 8 - Consciousness: 25000 voxels done Correlation: 0.46508079584505435
Network 8 - Consciousness: 50000 voxels done Correlation: 0.46495184288311825
