Running job on: wood
Iteration: 297
Starting spatial evaluation...
/home/fhopp/.conda/envs/mjs/lib/python3.8/site-packages/nilearn/maskers/nifti_masker.py:110: UserWarning: imgs are being resampled to the mask_img resolution. This process is memory intensive. You might want to provide a target_affine that is equal to the affine of the imgs or resample the mask beforehand to save memory and computation time.
  warnings.warn(
/home/fhopp/.conda/envs/mjs/lib/python3.8/site-packages/nilearn/masking.py:980: UserWarning: Data array used to create a new image contains 64-bit ints. This is likely due to creating the array with numpy and passing `int` as the `dtype`. Many tools such as FSL and SPM cannot deal with int64 in Nifti images, so for compatibility the data has been converted to int32.
  return new_img_like(mask_img, unmasked, affine)
Network 0 - Visual: 50 voxels done Correlation: 0.5151836411179231
Network 0 - Visual: 150 voxels done Correlation: 0.6400324143746593
Network 0 - Visual: 250 voxels done Correlation: 0.5464930376195096
Network 0 - Visual: 500 voxels done Correlation: 0.5737633912197094
Network 0 - Visual: 750 voxels done Correlation: 0.6454698693307439
Network 0 - Visual: 1000 voxels done Correlation: 0.5904664491391234
Network 0 - Visual: 1500 voxels done Correlation: 0.6253527351427395
Network 0 - Visual: 3000 voxels done Correlation: 0.6088714429758606
Network 0 - Visual: 5000 voxels done Correlation: 0.6273401146945663
Network 0 - Visual: 6500 voxels done Correlation: 0.6297980183230928
Network 0 - Visual: 10000 voxels done Correlation: 0.6377935781755164
Network 0 - Visual: 15000 voxels done Correlation: 0.6313292808192217
/home/fhopp/.conda/envs/mjs/lib/python3.8/site-packages/nilearn/masking.py:980: UserWarning: Data array used to create a new image contains 64-bit ints. This is likely due to creating the array with numpy and passing `int` as the `dtype`. Many tools such as FSL and SPM cannot deal with int64 in Nifti images, so for compatibility the data has been converted to int32.
  return new_img_like(mask_img, unmasked, affine)
Network 1 - Somatomotor: 50 voxels done Correlation: 0.30522622022853896
Network 1 - Somatomotor: 150 voxels done Correlation: 0.2583838129424554
Network 1 - Somatomotor: 250 voxels done Correlation: 0.3277096872445583
Network 1 - Somatomotor: 500 voxels done Correlation: 0.337396375945436
Network 1 - Somatomotor: 750 voxels done Correlation: 0.32710823673650913
Network 1 - Somatomotor: 1000 voxels done Correlation: 0.35575638408500576
Network 1 - Somatomotor: 1500 voxels done Correlation: 0.3488365743076976
Network 1 - Somatomotor: 3000 voxels done Correlation: 0.34381537025575626
Network 1 - Somatomotor: 5000 voxels done Correlation: 0.3466795228619728
Network 1 - Somatomotor: 6500 voxels done Correlation: 0.35630938321102373
Network 1 - Somatomotor: 10000 voxels done Correlation: 0.34920277041014064
Network 1 - Somatomotor: 15000 voxels done Correlation: 0.3435718056511182
/home/fhopp/.conda/envs/mjs/lib/python3.8/site-packages/nilearn/masking.py:980: UserWarning: Data array used to create a new image contains 64-bit ints. This is likely due to creating the array with numpy and passing `int` as the `dtype`. Many tools such as FSL and SPM cannot deal with int64 in Nifti images, so for compatibility the data has been converted to int32.
  return new_img_like(mask_img, unmasked, affine)
Network 2 - dAttention: 50 voxels done Correlation: 0.2698290309104389
Network 2 - dAttention: 150 voxels done Correlation: 0.317618303996534
Network 2 - dAttention: 250 voxels done Correlation: 0.33280776974484116
Network 2 - dAttention: 500 voxels done Correlation: 0.2755418003625638
Network 2 - dAttention: 750 voxels done Correlation: 0.3038100152134823
Network 2 - dAttention: 1000 voxels done Correlation: 0.2889568629184519
Network 2 - dAttention: 1500 voxels done Correlation: 0.3331294576781706
Network 2 - dAttention: 3000 voxels done Correlation: 0.34321395512428726
Network 2 - dAttention: 5000 voxels done Correlation: 0.35187335180059676
Network 2 - dAttention: 6500 voxels done Correlation: 0.31631995088085685
Network 2 - dAttention: 10000 voxels done Correlation: 0.32414963277595554
Network 2 - dAttention: 15000 voxels done Correlation: 0.3322771455821021
/home/fhopp/.conda/envs/mjs/lib/python3.8/site-packages/nilearn/masking.py:980: UserWarning: Data array used to create a new image contains 64-bit ints. This is likely due to creating the array with numpy and passing `int` as the `dtype`. Many tools such as FSL and SPM cannot deal with int64 in Nifti images, so for compatibility the data has been converted to int32.
  return new_img_like(mask_img, unmasked, affine)
Network 3 - vAttention: 50 voxels done Correlation: 0.18785514069604548
Network 3 - vAttention: 150 voxels done Correlation: 0.22046533660762999
Network 3 - vAttention: 250 voxels done Correlation: 0.29834887139428645
Network 3 - vAttention: 500 voxels done Correlation: 0.3045601831721484
Network 3 - vAttention: 750 voxels done Correlation: 0.3266914978980916
Network 3 - vAttention: 1000 voxels done Correlation: 0.3544767058927117
Network 3 - vAttention: 1500 voxels done Correlation: 0.3046943849928945
Network 3 - vAttention: 3000 voxels done Correlation: 0.3897311907865294
Network 3 - vAttention: 5000 voxels done Correlation: 0.37596968505096495
Network 3 - vAttention: 6500 voxels done Correlation: 0.3802455354148714
Network 3 - vAttention: 10000 voxels done Correlation: 0.37991398541057075
Network 3 - vAttention: 15000 voxels done Correlation: 0.389399057740325
/home/fhopp/.conda/envs/mjs/lib/python3.8/site-packages/nilearn/masking.py:980: UserWarning: Data array used to create a new image contains 64-bit ints. This is likely due to creating the array with numpy and passing `int` as the `dtype`. Many tools such as FSL and SPM cannot deal with int64 in Nifti images, so for compatibility the data has been converted to int32.
  return new_img_like(mask_img, unmasked, affine)
Network 4 - Limbic: 50 voxels done Correlation: 0.23963069897129782
Network 4 - Limbic: 150 voxels done Correlation: 0.20042155211508197
Network 4 - Limbic: 250 voxels done Correlation: 0.22753316606150853
Network 4 - Limbic: 500 voxels done Correlation: 0.24882804300584171
Network 4 - Limbic: 750 voxels done Correlation: 0.3148154276310018
Network 4 - Limbic: 1000 voxels done Correlation: 0.26278865487577185
Network 4 - Limbic: 1500 voxels done Correlation: 0.2599569164122178
Network 4 - Limbic: 3000 voxels done Correlation: 0.2868502890223558
Network 4 - Limbic: 5000 voxels done Correlation: 0.27975553456387015
Network 4 - Limbic: 6500 voxels done Correlation: 0.2854593426385832
Network 4 - Limbic: 10000 voxels done Correlation: 0.27697786956296533
/home/fhopp/.conda/envs/mjs/lib/python3.8/site-packages/nilearn/masking.py:980: UserWarning: Data array used to create a new image contains 64-bit ints. This is likely due to creating the array with numpy and passing `int` as the `dtype`. Many tools such as FSL and SPM cannot deal with int64 in Nifti images, so for compatibility the data has been converted to int32.
  return new_img_like(mask_img, unmasked, affine)
Network 5 - Frontoparietal: 50 voxels done Correlation: 0.19092661082874818
Network 5 - Frontoparietal: 150 voxels done Correlation: 0.15406554867821953
Network 5 - Frontoparietal: 250 voxels done Correlation: 0.24685077751934287
Network 5 - Frontoparietal: 500 voxels done Correlation: 0.2018525601417243
Network 5 - Frontoparietal: 750 voxels done Correlation: 0.21779684792051174
Network 5 - Frontoparietal: 1000 voxels done Correlation: 0.2503482683924538
Network 5 - Frontoparietal: 1500 voxels done Correlation: 0.24383680919030848
Network 5 - Frontoparietal: 3000 voxels done Correlation: 0.2293115143569926
Network 5 - Frontoparietal: 5000 voxels done Correlation: 0.23960606420755748
Network 5 - Frontoparietal: 6500 voxels done Correlation: 0.2358782265515485
Network 5 - Frontoparietal: 10000 voxels done Correlation: 0.2359952353883501
Network 5 - Frontoparietal: 15000 voxels done Correlation: 0.23813635146667828
/home/fhopp/.conda/envs/mjs/lib/python3.8/site-packages/nilearn/masking.py:980: UserWarning: Data array used to create a new image contains 64-bit ints. This is likely due to creating the array with numpy and passing `int` as the `dtype`. Many tools such as FSL and SPM cannot deal with int64 in Nifti images, so for compatibility the data has been converted to int32.
  return new_img_like(mask_img, unmasked, affine)
Network 6 - Default Mode: 50 voxels done Correlation: 0.31534076935934147
Network 6 - Default Mode: 150 voxels done Correlation: 0.2495582665317504
Network 6 - Default Mode: 250 voxels done Correlation: 0.32751182022517245
Network 6 - Default Mode: 500 voxels done Correlation: 0.31276834807692355
Network 6 - Default Mode: 750 voxels done Correlation: 0.4164042105013561
Network 6 - Default Mode: 1000 voxels done Correlation: 0.3683717380968373
Network 6 - Default Mode: 1500 voxels done Correlation: 0.3941704208417113
Network 6 - Default Mode: 3000 voxels done Correlation: 0.40031403362221973
Network 6 - Default Mode: 5000 voxels done Correlation: 0.40598698549037343
Network 6 - Default Mode: 6500 voxels done Correlation: 0.40025408364504056
Network 6 - Default Mode: 10000 voxels done Correlation: 0.4074900389385643
Network 6 - Default Mode: 15000 voxels done Correlation: 0.4049900396452807
Network 6 - Default Mode: 25000 voxels done Correlation: 0.4042636767552874
/home/fhopp/.conda/envs/mjs/lib/python3.8/site-packages/nilearn/masking.py:980: UserWarning: Data array used to create a new image contains 64-bit ints. This is likely due to creating the array with numpy and passing `int` as the `dtype`. Many tools such as FSL and SPM cannot deal with int64 in Nifti images, so for compatibility the data has been converted to int32.
  return new_img_like(mask_img, unmasked, affine)
Network 7 - Subcortical: 50 voxels done Correlation: 0.12322766280971453
Network 7 - Subcortical: 150 voxels done Correlation: 0.18582173995156076
Network 7 - Subcortical: 250 voxels done Correlation: 0.19776627726838927
Network 7 - Subcortical: 500 voxels done Correlation: 0.24343242603231363
Network 7 - Subcortical: 750 voxels done Correlation: 0.22555403783570255
Network 7 - Subcortical: 1000 voxels done Correlation: 0.18870377260806148
Network 7 - Subcortical: 1500 voxels done Correlation: 0.2112021969518465
Network 7 - Subcortical: 3000 voxels done Correlation: 0.19022396672710068
Network 7 - Subcortical: 5000 voxels done Correlation: 0.16604959110985906
Network 7 - Subcortical: 6500 voxels done Correlation: 0.16409125208683126
Network 7 - Subcortical: 10000 voxels done Correlation: 0.17070649341075117
Network 8 - Consciousness: 50 voxels done Correlation: 0.2380026504213213
Network 8 - Consciousness: 150 voxels done Correlation: 0.31194905566990266
Network 8 - Consciousness: 250 voxels done Correlation: 0.31490595919708003
Network 8 - Consciousness: 500 voxels done Correlation: 0.384013037100017
Network 8 - Consciousness: 750 voxels done Correlation: 0.3184909846077959
Network 8 - Consciousness: 1000 voxels done Correlation: 0.3433517343436526
Network 8 - Consciousness: 1500 voxels done Correlation: 0.42462971674605
Network 8 - Consciousness: 3000 voxels done Correlation: 0.4670093034306954
Network 8 - Consciousness: 5000 voxels done Correlation: 0.48452102216619974
Network 8 - Consciousness: 6500 voxels done Correlation: 0.4469111132938518
Network 8 - Consciousness: 10000 voxels done Correlation: 0.47515146915197864
Network 8 - Consciousness: 15000 voxels done Correlation: 0.4739262158219588
Network 8 - Consciousness: 25000 voxels done Correlation: 0.45776981348433676
Network 8 - Consciousness: 50000 voxels done Correlation: 0.466795781270999
