Running job on: ada
Iteration: 845
Starting spatial evaluation...
/home/fhopp/.conda/envs/mjs/lib/python3.8/site-packages/nilearn/maskers/nifti_masker.py:110: UserWarning: imgs are being resampled to the mask_img resolution. This process is memory intensive. You might want to provide a target_affine that is equal to the affine of the imgs or resample the mask beforehand to save memory and computation time.
  warnings.warn(
/home/fhopp/.conda/envs/mjs/lib/python3.8/site-packages/nilearn/masking.py:980: UserWarning: Data array used to create a new image contains 64-bit ints. This is likely due to creating the array with numpy and passing `int` as the `dtype`. Many tools such as FSL and SPM cannot deal with int64 in Nifti images, so for compatibility the data has been converted to int32.
  return new_img_like(mask_img, unmasked, affine)
Network 0 - Visual: 50 voxels done Correlation: 0.6191303543821582
Network 0 - Visual: 150 voxels done Correlation: 0.6597475202060493
Network 0 - Visual: 250 voxels done Correlation: 0.5404773470565565
Network 0 - Visual: 500 voxels done Correlation: 0.6342673910116812
Network 0 - Visual: 750 voxels done Correlation: 0.5453570756017174
Network 0 - Visual: 1000 voxels done Correlation: 0.5791052443732063
Network 0 - Visual: 1500 voxels done Correlation: 0.6341052025806604
Network 0 - Visual: 3000 voxels done Correlation: 0.6201167317865073
Network 0 - Visual: 5000 voxels done Correlation: 0.621057283496
Network 0 - Visual: 6500 voxels done Correlation: 0.6300609261706313
Network 0 - Visual: 10000 voxels done Correlation: 0.6255654565879325
Network 0 - Visual: 15000 voxels done Correlation: 0.6272569067418059
/home/fhopp/.conda/envs/mjs/lib/python3.8/site-packages/nilearn/masking.py:980: UserWarning: Data array used to create a new image contains 64-bit ints. This is likely due to creating the array with numpy and passing `int` as the `dtype`. Many tools such as FSL and SPM cannot deal with int64 in Nifti images, so for compatibility the data has been converted to int32.
  return new_img_like(mask_img, unmasked, affine)
Network 1 - Somatomotor: 50 voxels done Correlation: 0.21067454624475782
Network 1 - Somatomotor: 150 voxels done Correlation: 0.3640486865113432
Network 1 - Somatomotor: 250 voxels done Correlation: 0.337602451260009
Network 1 - Somatomotor: 500 voxels done Correlation: 0.343129445105637
Network 1 - Somatomotor: 750 voxels done Correlation: 0.34349936379753343
Network 1 - Somatomotor: 1000 voxels done Correlation: 0.3520835504823213
Network 1 - Somatomotor: 1500 voxels done Correlation: 0.3384130730696705
Network 1 - Somatomotor: 3000 voxels done Correlation: 0.35478742538163194
Network 1 - Somatomotor: 5000 voxels done Correlation: 0.35695857244918816
Network 1 - Somatomotor: 6500 voxels done Correlation: 0.33235349371197276
Network 1 - Somatomotor: 10000 voxels done Correlation: 0.34845420188664433
Network 1 - Somatomotor: 15000 voxels done Correlation: 0.34410343522026643
/home/fhopp/.conda/envs/mjs/lib/python3.8/site-packages/nilearn/masking.py:980: UserWarning: Data array used to create a new image contains 64-bit ints. This is likely due to creating the array with numpy and passing `int` as the `dtype`. Many tools such as FSL and SPM cannot deal with int64 in Nifti images, so for compatibility the data has been converted to int32.
  return new_img_like(mask_img, unmasked, affine)
Network 2 - dAttention: 50 voxels done Correlation: 0.19086066844420893
Network 2 - dAttention: 150 voxels done Correlation: 0.3123344121975187
Network 2 - dAttention: 250 voxels done Correlation: 0.4354013145060338
Network 2 - dAttention: 500 voxels done Correlation: 0.305479892176777
Network 2 - dAttention: 750 voxels done Correlation: 0.2884256217792747
Network 2 - dAttention: 1000 voxels done Correlation: 0.320053617433276
Network 2 - dAttention: 1500 voxels done Correlation: 0.3139877108556762
Network 2 - dAttention: 3000 voxels done Correlation: 0.3320780995048145
Network 2 - dAttention: 5000 voxels done Correlation: 0.3023145198281265
Network 2 - dAttention: 6500 voxels done Correlation: 0.32063924048526415
Network 2 - dAttention: 10000 voxels done Correlation: 0.3317603867632657
Network 2 - dAttention: 15000 voxels done Correlation: 0.3271879572882872
/home/fhopp/.conda/envs/mjs/lib/python3.8/site-packages/nilearn/masking.py:980: UserWarning: Data array used to create a new image contains 64-bit ints. This is likely due to creating the array with numpy and passing `int` as the `dtype`. Many tools such as FSL and SPM cannot deal with int64 in Nifti images, so for compatibility the data has been converted to int32.
  return new_img_like(mask_img, unmasked, affine)
Network 3 - vAttention: 50 voxels done Correlation: 0.1986948118832221
Network 3 - vAttention: 150 voxels done Correlation: 0.2555054339939262
Network 3 - vAttention: 250 voxels done Correlation: 0.2982836181078818
Network 3 - vAttention: 500 voxels done Correlation: 0.3475989898020122
Network 3 - vAttention: 750 voxels done Correlation: 0.3241677385182542
Network 3 - vAttention: 1000 voxels done Correlation: 0.29500088200439256
Network 3 - vAttention: 1500 voxels done Correlation: 0.35116221179366114
Network 3 - vAttention: 3000 voxels done Correlation: 0.38500038046004825
Network 3 - vAttention: 5000 voxels done Correlation: 0.3816726809553661
Network 3 - vAttention: 6500 voxels done Correlation: 0.36814500688741214
Network 3 - vAttention: 10000 voxels done Correlation: 0.38780944601879574
Network 3 - vAttention: 15000 voxels done Correlation: 0.3888540046812311
/home/fhopp/.conda/envs/mjs/lib/python3.8/site-packages/nilearn/masking.py:980: UserWarning: Data array used to create a new image contains 64-bit ints. This is likely due to creating the array with numpy and passing `int` as the `dtype`. Many tools such as FSL and SPM cannot deal with int64 in Nifti images, so for compatibility the data has been converted to int32.
  return new_img_like(mask_img, unmasked, affine)
Network 4 - Limbic: 50 voxels done Correlation: 0.3118556868820127
Network 4 - Limbic: 150 voxels done Correlation: 0.21585497637610254
Network 4 - Limbic: 250 voxels done Correlation: 0.23394261545165537
Network 4 - Limbic: 500 voxels done Correlation: 0.20754190578632287
Network 4 - Limbic: 750 voxels done Correlation: 0.27755614854868327
Network 4 - Limbic: 1000 voxels done Correlation: 0.298292942080048
Network 4 - Limbic: 1500 voxels done Correlation: 0.2658881335813517
Network 4 - Limbic: 3000 voxels done Correlation: 0.2893790696532198
Network 4 - Limbic: 5000 voxels done Correlation: 0.2767949466793903
Network 4 - Limbic: 6500 voxels done Correlation: 0.301142751712113
Network 4 - Limbic: 10000 voxels done Correlation: 0.28242270056249197
/home/fhopp/.conda/envs/mjs/lib/python3.8/site-packages/nilearn/masking.py:980: UserWarning: Data array used to create a new image contains 64-bit ints. This is likely due to creating the array with numpy and passing `int` as the `dtype`. Many tools such as FSL and SPM cannot deal with int64 in Nifti images, so for compatibility the data has been converted to int32.
  return new_img_like(mask_img, unmasked, affine)
Network 5 - Frontoparietal: 50 voxels done Correlation: 0.12891349713449615
Network 5 - Frontoparietal: 150 voxels done Correlation: 0.16885806597369005
Network 5 - Frontoparietal: 250 voxels done Correlation: 0.22926311834936994
Network 5 - Frontoparietal: 500 voxels done Correlation: 0.21492241275565535
Network 5 - Frontoparietal: 750 voxels done Correlation: 0.25316463550765667
Network 5 - Frontoparietal: 1000 voxels done Correlation: 0.229415421480276
Network 5 - Frontoparietal: 1500 voxels done Correlation: 0.25256055369725966
Network 5 - Frontoparietal: 3000 voxels done Correlation: 0.24659163262341816
Network 5 - Frontoparietal: 5000 voxels done Correlation: 0.22796688317886962
Network 5 - Frontoparietal: 6500 voxels done Correlation: 0.23598174585171616
Network 5 - Frontoparietal: 10000 voxels done Correlation: 0.24371027940921633
Network 5 - Frontoparietal: 15000 voxels done Correlation: 0.24029574517213312
/home/fhopp/.conda/envs/mjs/lib/python3.8/site-packages/nilearn/masking.py:980: UserWarning: Data array used to create a new image contains 64-bit ints. This is likely due to creating the array with numpy and passing `int` as the `dtype`. Many tools such as FSL and SPM cannot deal with int64 in Nifti images, so for compatibility the data has been converted to int32.
  return new_img_like(mask_img, unmasked, affine)
Network 6 - Default Mode: 50 voxels done Correlation: 0.408692183354892
Network 6 - Default Mode: 150 voxels done Correlation: 0.378365288216591
Network 6 - Default Mode: 250 voxels done Correlation: 0.3415558190048189
Network 6 - Default Mode: 500 voxels done Correlation: 0.40711594210445606
Network 6 - Default Mode: 750 voxels done Correlation: 0.38898971867261545
Network 6 - Default Mode: 1000 voxels done Correlation: 0.3163990452818117
Network 6 - Default Mode: 1500 voxels done Correlation: 0.3511745869257796
Network 6 - Default Mode: 3000 voxels done Correlation: 0.4046647268087824
Network 6 - Default Mode: 5000 voxels done Correlation: 0.3881670125729001
Network 6 - Default Mode: 6500 voxels done Correlation: 0.42668031847979515
Network 6 - Default Mode: 10000 voxels done Correlation: 0.39273418823209916
Network 6 - Default Mode: 15000 voxels done Correlation: 0.41107012494698136
Network 6 - Default Mode: 25000 voxels done Correlation: 0.40756682914943143
/home/fhopp/.conda/envs/mjs/lib/python3.8/site-packages/nilearn/masking.py:980: UserWarning: Data array used to create a new image contains 64-bit ints. This is likely due to creating the array with numpy and passing `int` as the `dtype`. Many tools such as FSL and SPM cannot deal with int64 in Nifti images, so for compatibility the data has been converted to int32.
  return new_img_like(mask_img, unmasked, affine)
Network 7 - Subcortical: 50 voxels done Correlation: 0.15191489828430915
Network 7 - Subcortical: 150 voxels done Correlation: 0.2316066773672896
Network 7 - Subcortical: 250 voxels done Correlation: 0.23844287227139563
Network 7 - Subcortical: 500 voxels done Correlation: 0.24521236987528577
Network 7 - Subcortical: 750 voxels done Correlation: 0.21805870675702055
Network 7 - Subcortical: 1000 voxels done Correlation: 0.2394193996669408
Network 7 - Subcortical: 1500 voxels done Correlation: 0.20176181921782235
Network 7 - Subcortical: 3000 voxels done Correlation: 0.17087656727686582
Network 7 - Subcortical: 5000 voxels done Correlation: 0.1726164043760785
Network 7 - Subcortical: 6500 voxels done Correlation: 0.1809608713521517
Network 7 - Subcortical: 10000 voxels done Correlation: 0.16360384244119608
Network 8 - Consciousness: 50 voxels done Correlation: 0.3321048857037785
Network 8 - Consciousness: 150 voxels done Correlation: 0.35930407851434554
Network 8 - Consciousness: 250 voxels done Correlation: 0.3558363895926549
Network 8 - Consciousness: 500 voxels done Correlation: 0.34475583128415027
Network 8 - Consciousness: 750 voxels done Correlation: 0.4400148976294549
Network 8 - Consciousness: 1000 voxels done Correlation: 0.41855913449076565
Network 8 - Consciousness: 1500 voxels done Correlation: 0.4795183660211556
Network 8 - Consciousness: 3000 voxels done Correlation: 0.4257395007022492
Network 8 - Consciousness: 5000 voxels done Correlation: 0.4623814324908966
Network 8 - Consciousness: 6500 voxels done Correlation: 0.45652877801787695
Network 8 - Consciousness: 10000 voxels done Correlation: 0.44655686935160277
Network 8 - Consciousness: 15000 voxels done Correlation: 0.47649961770258925
Network 8 - Consciousness: 25000 voxels done Correlation: 0.4685698605031399
Network 8 - Consciousness: 50000 voxels done Correlation: 0.4661795494802302
