Running job on: wood
Iteration: 779
Starting spatial evaluation...
/home/fhopp/.conda/envs/mjs/lib/python3.8/site-packages/nilearn/maskers/nifti_masker.py:110: UserWarning: imgs are being resampled to the mask_img resolution. This process is memory intensive. You might want to provide a target_affine that is equal to the affine of the imgs or resample the mask beforehand to save memory and computation time.
  warnings.warn(
/home/fhopp/.conda/envs/mjs/lib/python3.8/site-packages/nilearn/masking.py:980: UserWarning: Data array used to create a new image contains 64-bit ints. This is likely due to creating the array with numpy and passing `int` as the `dtype`. Many tools such as FSL and SPM cannot deal with int64 in Nifti images, so for compatibility the data has been converted to int32.
  return new_img_like(mask_img, unmasked, affine)
Network 0 - Visual: 50 voxels done Correlation: 0.5727124002230868
Network 0 - Visual: 150 voxels done Correlation: 0.5841770336540353
Network 0 - Visual: 250 voxels done Correlation: 0.5591177335301862
Network 0 - Visual: 500 voxels done Correlation: 0.5767169507854043
Network 0 - Visual: 750 voxels done Correlation: 0.5608212765358245
Network 0 - Visual: 1000 voxels done Correlation: 0.5956588236901875
Network 0 - Visual: 1500 voxels done Correlation: 0.5834179822691652
Network 0 - Visual: 3000 voxels done Correlation: 0.5923170760076274
Network 0 - Visual: 5000 voxels done Correlation: 0.6292345112172788
Network 0 - Visual: 6500 voxels done Correlation: 0.63213965677489
Network 0 - Visual: 10000 voxels done Correlation: 0.6258480170121574
Network 0 - Visual: 15000 voxels done Correlation: 0.6358409638424949
/home/fhopp/.conda/envs/mjs/lib/python3.8/site-packages/nilearn/masking.py:980: UserWarning: Data array used to create a new image contains 64-bit ints. This is likely due to creating the array with numpy and passing `int` as the `dtype`. Many tools such as FSL and SPM cannot deal with int64 in Nifti images, so for compatibility the data has been converted to int32.
  return new_img_like(mask_img, unmasked, affine)
Network 1 - Somatomotor: 50 voxels done Correlation: 0.2697987359406264
Network 1 - Somatomotor: 150 voxels done Correlation: 0.22454835641333173
Network 1 - Somatomotor: 250 voxels done Correlation: 0.39465280020721527
Network 1 - Somatomotor: 500 voxels done Correlation: 0.3923852630023692
Network 1 - Somatomotor: 750 voxels done Correlation: 0.40841753783559764
Network 1 - Somatomotor: 1000 voxels done Correlation: 0.3276347033898753
Network 1 - Somatomotor: 1500 voxels done Correlation: 0.3216366203069074
Network 1 - Somatomotor: 3000 voxels done Correlation: 0.33800162658706945
Network 1 - Somatomotor: 5000 voxels done Correlation: 0.3420960882957953
Network 1 - Somatomotor: 6500 voxels done Correlation: 0.33269734087712854
Network 1 - Somatomotor: 10000 voxels done Correlation: 0.3378413219372224
Network 1 - Somatomotor: 15000 voxels done Correlation: 0.3434967109093227
/home/fhopp/.conda/envs/mjs/lib/python3.8/site-packages/nilearn/masking.py:980: UserWarning: Data array used to create a new image contains 64-bit ints. This is likely due to creating the array with numpy and passing `int` as the `dtype`. Many tools such as FSL and SPM cannot deal with int64 in Nifti images, so for compatibility the data has been converted to int32.
  return new_img_like(mask_img, unmasked, affine)
Network 2 - dAttention: 50 voxels done Correlation: 0.27132782393843036
Network 2 - dAttention: 150 voxels done Correlation: 0.3068391957594751
Network 2 - dAttention: 250 voxels done Correlation: 0.3433100457445184
Network 2 - dAttention: 500 voxels done Correlation: 0.34342491494463523
Network 2 - dAttention: 750 voxels done Correlation: 0.3233138458685141
Network 2 - dAttention: 1000 voxels done Correlation: 0.2860405273295744
Network 2 - dAttention: 1500 voxels done Correlation: 0.2623083381558875
Network 2 - dAttention: 3000 voxels done Correlation: 0.33146310516088673
Network 2 - dAttention: 5000 voxels done Correlation: 0.3370620047673024
Network 2 - dAttention: 6500 voxels done Correlation: 0.3305561462259811
Network 2 - dAttention: 10000 voxels done Correlation: 0.336447424657872
Network 2 - dAttention: 15000 voxels done Correlation: 0.3353155442580661
/home/fhopp/.conda/envs/mjs/lib/python3.8/site-packages/nilearn/masking.py:980: UserWarning: Data array used to create a new image contains 64-bit ints. This is likely due to creating the array with numpy and passing `int` as the `dtype`. Many tools such as FSL and SPM cannot deal with int64 in Nifti images, so for compatibility the data has been converted to int32.
  return new_img_like(mask_img, unmasked, affine)
Network 3 - vAttention: 50 voxels done Correlation: 0.16221527747307848
Network 3 - vAttention: 150 voxels done Correlation: 0.20364092235280534
Network 3 - vAttention: 250 voxels done Correlation: 0.3067253080284533
Network 3 - vAttention: 500 voxels done Correlation: 0.3425824679823689
Network 3 - vAttention: 750 voxels done Correlation: 0.3440054052305024
Network 3 - vAttention: 1000 voxels done Correlation: 0.3732855626621322
Network 3 - vAttention: 1500 voxels done Correlation: 0.3748528636788833
Network 3 - vAttention: 3000 voxels done Correlation: 0.3671135775435156
Network 3 - vAttention: 5000 voxels done Correlation: 0.38616252362455783
Network 3 - vAttention: 6500 voxels done Correlation: 0.3931233533406002
Network 3 - vAttention: 10000 voxels done Correlation: 0.3746711829723167
Network 3 - vAttention: 15000 voxels done Correlation: 0.38789957790216645
/home/fhopp/.conda/envs/mjs/lib/python3.8/site-packages/nilearn/masking.py:980: UserWarning: Data array used to create a new image contains 64-bit ints. This is likely due to creating the array with numpy and passing `int` as the `dtype`. Many tools such as FSL and SPM cannot deal with int64 in Nifti images, so for compatibility the data has been converted to int32.
  return new_img_like(mask_img, unmasked, affine)
Network 4 - Limbic: 50 voxels done Correlation: 0.11561684182160306
Network 4 - Limbic: 150 voxels done Correlation: 0.24962753795519432
Network 4 - Limbic: 250 voxels done Correlation: 0.2448555196790459
Network 4 - Limbic: 500 voxels done Correlation: 0.3182976084113427
Network 4 - Limbic: 750 voxels done Correlation: 0.26153023587680535
Network 4 - Limbic: 1000 voxels done Correlation: 0.28930096191437193
Network 4 - Limbic: 1500 voxels done Correlation: 0.2647529009721459
Network 4 - Limbic: 3000 voxels done Correlation: 0.2760517242912487
Network 4 - Limbic: 5000 voxels done Correlation: 0.28148706497464465
Network 4 - Limbic: 6500 voxels done Correlation: 0.2868808892200387
Network 4 - Limbic: 10000 voxels done Correlation: 0.28441042589692755
/home/fhopp/.conda/envs/mjs/lib/python3.8/site-packages/nilearn/masking.py:980: UserWarning: Data array used to create a new image contains 64-bit ints. This is likely due to creating the array with numpy and passing `int` as the `dtype`. Many tools such as FSL and SPM cannot deal with int64 in Nifti images, so for compatibility the data has been converted to int32.
  return new_img_like(mask_img, unmasked, affine)
Network 5 - Frontoparietal: 50 voxels done Correlation: 0.13109864350704906
Network 5 - Frontoparietal: 150 voxels done Correlation: 0.2146757441241029
Network 5 - Frontoparietal: 250 voxels done Correlation: 0.2091572011537754
Network 5 - Frontoparietal: 500 voxels done Correlation: 0.19242604140871583
Network 5 - Frontoparietal: 750 voxels done Correlation: 0.2151728001952831
Network 5 - Frontoparietal: 1000 voxels done Correlation: 0.20754008343802346
Network 5 - Frontoparietal: 1500 voxels done Correlation: 0.22751440869670092
Network 5 - Frontoparietal: 3000 voxels done Correlation: 0.23011954047962108
Network 5 - Frontoparietal: 5000 voxels done Correlation: 0.24738781651140732
Network 5 - Frontoparietal: 6500 voxels done Correlation: 0.23228578733673919
Network 5 - Frontoparietal: 10000 voxels done Correlation: 0.24684694070822283
Network 5 - Frontoparietal: 15000 voxels done Correlation: 0.23588507324040725
/home/fhopp/.conda/envs/mjs/lib/python3.8/site-packages/nilearn/masking.py:980: UserWarning: Data array used to create a new image contains 64-bit ints. This is likely due to creating the array with numpy and passing `int` as the `dtype`. Many tools such as FSL and SPM cannot deal with int64 in Nifti images, so for compatibility the data has been converted to int32.
  return new_img_like(mask_img, unmasked, affine)
Network 6 - Default Mode: 50 voxels done Correlation: 0.39301562413219565
Network 6 - Default Mode: 150 voxels done Correlation: 0.33513292986085325
Network 6 - Default Mode: 250 voxels done Correlation: 0.3971377991467876
Network 6 - Default Mode: 500 voxels done Correlation: 0.32361936014210113
Network 6 - Default Mode: 750 voxels done Correlation: 0.4206057653075637
Network 6 - Default Mode: 1000 voxels done Correlation: 0.40621117211773883
Network 6 - Default Mode: 1500 voxels done Correlation: 0.38247832559169714
Network 6 - Default Mode: 3000 voxels done Correlation: 0.41517201628497913
Network 6 - Default Mode: 5000 voxels done Correlation: 0.4049392215924097
Network 6 - Default Mode: 6500 voxels done Correlation: 0.4109026416892857
Network 6 - Default Mode: 10000 voxels done Correlation: 0.4022079612091415
Network 6 - Default Mode: 15000 voxels done Correlation: 0.40160396901815754
Network 6 - Default Mode: 25000 voxels done Correlation: 0.40998901348662775
/home/fhopp/.conda/envs/mjs/lib/python3.8/site-packages/nilearn/masking.py:980: UserWarning: Data array used to create a new image contains 64-bit ints. This is likely due to creating the array with numpy and passing `int` as the `dtype`. Many tools such as FSL and SPM cannot deal with int64 in Nifti images, so for compatibility the data has been converted to int32.
  return new_img_like(mask_img, unmasked, affine)
Network 7 - Subcortical: 50 voxels done Correlation: 0.07387193089582711
Network 7 - Subcortical: 150 voxels done Correlation: 0.12794259477757974
Network 7 - Subcortical: 250 voxels done Correlation: 0.1938983881187703
Network 7 - Subcortical: 500 voxels done Correlation: 0.24760210355668094
Network 7 - Subcortical: 750 voxels done Correlation: 0.23387657992431934
Network 7 - Subcortical: 1000 voxels done Correlation: 0.22506812508371676
Network 7 - Subcortical: 1500 voxels done Correlation: 0.2408244443998297
Network 7 - Subcortical: 3000 voxels done Correlation: 0.19503195369022863
Network 7 - Subcortical: 5000 voxels done Correlation: 0.15786112372937255
Network 7 - Subcortical: 6500 voxels done Correlation: 0.14550097897846925
Network 7 - Subcortical: 10000 voxels done Correlation: 0.16925082191739116
Network 8 - Consciousness: 50 voxels done Correlation: 0.2765491510051578
Network 8 - Consciousness: 150 voxels done Correlation: 0.3970317384428206
Network 8 - Consciousness: 250 voxels done Correlation: 0.280605398918955
Network 8 - Consciousness: 500 voxels done Correlation: 0.32279665493687143
Network 8 - Consciousness: 750 voxels done Correlation: 0.35415763536220995
Network 8 - Consciousness: 1000 voxels done Correlation: 0.38774468037629506
Network 8 - Consciousness: 1500 voxels done Correlation: 0.4307084171288723
Network 8 - Consciousness: 3000 voxels done Correlation: 0.4524039151292434
Network 8 - Consciousness: 5000 voxels done Correlation: 0.47376428079018384
Network 8 - Consciousness: 6500 voxels done Correlation: 0.45193389465651956
Network 8 - Consciousness: 10000 voxels done Correlation: 0.44956097244877
Network 8 - Consciousness: 15000 voxels done Correlation: 0.45317852992695073
Network 8 - Consciousness: 25000 voxels done Correlation: 0.45746050022599266
Network 8 - Consciousness: 50000 voxels done Correlation: 0.46764042109419335
