Running job on: wood
Iteration: 909
Starting spatial evaluation...
/home/fhopp/.conda/envs/mjs/lib/python3.8/site-packages/nilearn/maskers/nifti_masker.py:110: UserWarning: imgs are being resampled to the mask_img resolution. This process is memory intensive. You might want to provide a target_affine that is equal to the affine of the imgs or resample the mask beforehand to save memory and computation time.
  warnings.warn(
/home/fhopp/.conda/envs/mjs/lib/python3.8/site-packages/nilearn/masking.py:980: UserWarning: Data array used to create a new image contains 64-bit ints. This is likely due to creating the array with numpy and passing `int` as the `dtype`. Many tools such as FSL and SPM cannot deal with int64 in Nifti images, so for compatibility the data has been converted to int32.
  return new_img_like(mask_img, unmasked, affine)
Network 0 - Visual: 50 voxels done Correlation: 0.6551034079063405
Network 0 - Visual: 150 voxels done Correlation: 0.6101402358230151
Network 0 - Visual: 250 voxels done Correlation: 0.575486782039641
Network 0 - Visual: 500 voxels done Correlation: 0.5076848337933024
Network 0 - Visual: 750 voxels done Correlation: 0.5909283494504793
Network 0 - Visual: 1000 voxels done Correlation: 0.6157184214980767
Network 0 - Visual: 1500 voxels done Correlation: 0.6036671776131299
Network 0 - Visual: 3000 voxels done Correlation: 0.6145286462883097
Network 0 - Visual: 5000 voxels done Correlation: 0.6286112632649454
Network 0 - Visual: 6500 voxels done Correlation: 0.6161277528259814
Network 0 - Visual: 10000 voxels done Correlation: 0.6208411834244277
Network 0 - Visual: 15000 voxels done Correlation: 0.6296233327674474
/home/fhopp/.conda/envs/mjs/lib/python3.8/site-packages/nilearn/masking.py:980: UserWarning: Data array used to create a new image contains 64-bit ints. This is likely due to creating the array with numpy and passing `int` as the `dtype`. Many tools such as FSL and SPM cannot deal with int64 in Nifti images, so for compatibility the data has been converted to int32.
  return new_img_like(mask_img, unmasked, affine)
Network 1 - Somatomotor: 50 voxels done Correlation: 0.17713780339016116
Network 1 - Somatomotor: 150 voxels done Correlation: 0.30309501115176074
Network 1 - Somatomotor: 250 voxels done Correlation: 0.3298226698483311
Network 1 - Somatomotor: 500 voxels done Correlation: 0.3042397771607068
Network 1 - Somatomotor: 750 voxels done Correlation: 0.35368629554426867
Network 1 - Somatomotor: 1000 voxels done Correlation: 0.3343252537637583
Network 1 - Somatomotor: 1500 voxels done Correlation: 0.3445300795050627
Network 1 - Somatomotor: 3000 voxels done Correlation: 0.33336354173565524
Network 1 - Somatomotor: 5000 voxels done Correlation: 0.3337366718250094
Network 1 - Somatomotor: 6500 voxels done Correlation: 0.34467161592083395
Network 1 - Somatomotor: 10000 voxels done Correlation: 0.34434244901769046
Network 1 - Somatomotor: 15000 voxels done Correlation: 0.34492445156742224
/home/fhopp/.conda/envs/mjs/lib/python3.8/site-packages/nilearn/masking.py:980: UserWarning: Data array used to create a new image contains 64-bit ints. This is likely due to creating the array with numpy and passing `int` as the `dtype`. Many tools such as FSL and SPM cannot deal with int64 in Nifti images, so for compatibility the data has been converted to int32.
  return new_img_like(mask_img, unmasked, affine)
Network 2 - dAttention: 50 voxels done Correlation: 0.1934930661798929
Network 2 - dAttention: 150 voxels done Correlation: 0.25401624681886475
Network 2 - dAttention: 250 voxels done Correlation: 0.28028025822350855
Network 2 - dAttention: 500 voxels done Correlation: 0.25129925576389756
Network 2 - dAttention: 750 voxels done Correlation: 0.3306219028328914
Network 2 - dAttention: 1000 voxels done Correlation: 0.33325191315791935
Network 2 - dAttention: 1500 voxels done Correlation: 0.2857911306617587
Network 2 - dAttention: 3000 voxels done Correlation: 0.3342028801950729
Network 2 - dAttention: 5000 voxels done Correlation: 0.3403802944385874
Network 2 - dAttention: 6500 voxels done Correlation: 0.33166747841373956
Network 2 - dAttention: 10000 voxels done Correlation: 0.3244250562176142
Network 2 - dAttention: 15000 voxels done Correlation: 0.3337622576317125
/home/fhopp/.conda/envs/mjs/lib/python3.8/site-packages/nilearn/masking.py:980: UserWarning: Data array used to create a new image contains 64-bit ints. This is likely due to creating the array with numpy and passing `int` as the `dtype`. Many tools such as FSL and SPM cannot deal with int64 in Nifti images, so for compatibility the data has been converted to int32.
  return new_img_like(mask_img, unmasked, affine)
Network 3 - vAttention: 50 voxels done Correlation: 0.2886921894561506
Network 3 - vAttention: 150 voxels done Correlation: 0.2536275034050076
Network 3 - vAttention: 250 voxels done Correlation: 0.2920905882231656
Network 3 - vAttention: 500 voxels done Correlation: 0.2572813319805439
Network 3 - vAttention: 750 voxels done Correlation: 0.3359106098959095
Network 3 - vAttention: 1000 voxels done Correlation: 0.3106648616195968
Network 3 - vAttention: 1500 voxels done Correlation: 0.3784576692022613
Network 3 - vAttention: 3000 voxels done Correlation: 0.3821961256498947
Network 3 - vAttention: 5000 voxels done Correlation: 0.37400374769410427
Network 3 - vAttention: 6500 voxels done Correlation: 0.3695365722244034
Network 3 - vAttention: 10000 voxels done Correlation: 0.39253513453974515
Network 3 - vAttention: 15000 voxels done Correlation: 0.39001623111193046
/home/fhopp/.conda/envs/mjs/lib/python3.8/site-packages/nilearn/masking.py:980: UserWarning: Data array used to create a new image contains 64-bit ints. This is likely due to creating the array with numpy and passing `int` as the `dtype`. Many tools such as FSL and SPM cannot deal with int64 in Nifti images, so for compatibility the data has been converted to int32.
  return new_img_like(mask_img, unmasked, affine)
Network 4 - Limbic: 50 voxels done Correlation: 0.21628662174087968
Network 4 - Limbic: 150 voxels done Correlation: 0.21801743669915108
Network 4 - Limbic: 250 voxels done Correlation: 0.2716111613278829
Network 4 - Limbic: 500 voxels done Correlation: 0.24687683427333162
Network 4 - Limbic: 750 voxels done Correlation: 0.2634390784840648
Network 4 - Limbic: 1000 voxels done Correlation: 0.23863105059495104
Network 4 - Limbic: 1500 voxels done Correlation: 0.2895787465228955
Network 4 - Limbic: 3000 voxels done Correlation: 0.29596835059584575
Network 4 - Limbic: 5000 voxels done Correlation: 0.2822678443666675
Network 4 - Limbic: 6500 voxels done Correlation: 0.2848909427984629
Network 4 - Limbic: 10000 voxels done Correlation: 0.28514235992151526
/home/fhopp/.conda/envs/mjs/lib/python3.8/site-packages/nilearn/masking.py:980: UserWarning: Data array used to create a new image contains 64-bit ints. This is likely due to creating the array with numpy and passing `int` as the `dtype`. Many tools such as FSL and SPM cannot deal with int64 in Nifti images, so for compatibility the data has been converted to int32.
  return new_img_like(mask_img, unmasked, affine)
Network 5 - Frontoparietal: 50 voxels done Correlation: 0.1491529125921986
Network 5 - Frontoparietal: 150 voxels done Correlation: 0.23350262487436999
Network 5 - Frontoparietal: 250 voxels done Correlation: 0.19024892291608583
Network 5 - Frontoparietal: 500 voxels done Correlation: 0.22897925604670127
Network 5 - Frontoparietal: 750 voxels done Correlation: 0.24575180007972597
Network 5 - Frontoparietal: 1000 voxels done Correlation: 0.20577672459986196
Network 5 - Frontoparietal: 1500 voxels done Correlation: 0.24421342008090596
Network 5 - Frontoparietal: 3000 voxels done Correlation: 0.24956690596363143
Network 5 - Frontoparietal: 5000 voxels done Correlation: 0.21749726686245702
Network 5 - Frontoparietal: 6500 voxels done Correlation: 0.2339977783529974
Network 5 - Frontoparietal: 10000 voxels done Correlation: 0.23906873677294507
Network 5 - Frontoparietal: 15000 voxels done Correlation: 0.24013660465829537
/home/fhopp/.conda/envs/mjs/lib/python3.8/site-packages/nilearn/masking.py:980: UserWarning: Data array used to create a new image contains 64-bit ints. This is likely due to creating the array with numpy and passing `int` as the `dtype`. Many tools such as FSL and SPM cannot deal with int64 in Nifti images, so for compatibility the data has been converted to int32.
  return new_img_like(mask_img, unmasked, affine)
Network 6 - Default Mode: 50 voxels done Correlation: 0.27703820034161997
Network 6 - Default Mode: 150 voxels done Correlation: 0.31498739617963345
Network 6 - Default Mode: 250 voxels done Correlation: 0.3089133860687576
Network 6 - Default Mode: 500 voxels done Correlation: 0.3734601771520194
Network 6 - Default Mode: 750 voxels done Correlation: 0.33143973545361416
Network 6 - Default Mode: 1000 voxels done Correlation: 0.3760216880363061
Network 6 - Default Mode: 1500 voxels done Correlation: 0.35004296895252063
Network 6 - Default Mode: 3000 voxels done Correlation: 0.4250715114086984
Network 6 - Default Mode: 5000 voxels done Correlation: 0.4086088451984561
Network 6 - Default Mode: 6500 voxels done Correlation: 0.4215762960370878
Network 6 - Default Mode: 10000 voxels done Correlation: 0.4066462037031757
Network 6 - Default Mode: 15000 voxels done Correlation: 0.4066095393628991
Network 6 - Default Mode: 25000 voxels done Correlation: 0.4062089816937587
/home/fhopp/.conda/envs/mjs/lib/python3.8/site-packages/nilearn/masking.py:980: UserWarning: Data array used to create a new image contains 64-bit ints. This is likely due to creating the array with numpy and passing `int` as the `dtype`. Many tools such as FSL and SPM cannot deal with int64 in Nifti images, so for compatibility the data has been converted to int32.
  return new_img_like(mask_img, unmasked, affine)
Network 7 - Subcortical: 50 voxels done Correlation: 0.20944933773030625
Network 7 - Subcortical: 150 voxels done Correlation: 0.20576047982343318
Network 7 - Subcortical: 250 voxels done Correlation: 0.16839084793482625
Network 7 - Subcortical: 500 voxels done Correlation: 0.22660412543028013
Network 7 - Subcortical: 750 voxels done Correlation: 0.27416876612955576
Network 7 - Subcortical: 1000 voxels done Correlation: 0.2616732294756773
Network 7 - Subcortical: 1500 voxels done Correlation: 0.18313048674185156
Network 7 - Subcortical: 3000 voxels done Correlation: 0.17699986759710168
Network 7 - Subcortical: 5000 voxels done Correlation: 0.1676741606497278
Network 7 - Subcortical: 6500 voxels done Correlation: 0.16242202180060764
Network 7 - Subcortical: 10000 voxels done Correlation: 0.16474197657320405
Network 8 - Consciousness: 50 voxels done Correlation: 0.19276961564117975
Network 8 - Consciousness: 150 voxels done Correlation: 0.39857180878061804
Network 8 - Consciousness: 250 voxels done Correlation: 0.30199372604614005
Network 8 - Consciousness: 500 voxels done Correlation: 0.32245917010299446
Network 8 - Consciousness: 750 voxels done Correlation: 0.37396643486580505
Network 8 - Consciousness: 1000 voxels done Correlation: 0.43190772700001134
Network 8 - Consciousness: 1500 voxels done Correlation: 0.4682754130328607
Network 8 - Consciousness: 3000 voxels done Correlation: 0.434780583510888
Network 8 - Consciousness: 5000 voxels done Correlation: 0.44957497074699204
Network 8 - Consciousness: 6500 voxels done Correlation: 0.4398266603854875
Network 8 - Consciousness: 10000 voxels done Correlation: 0.45849097153923396
Network 8 - Consciousness: 15000 voxels done Correlation: 0.45388591341726003
Network 8 - Consciousness: 25000 voxels done Correlation: 0.4688819901958783
Network 8 - Consciousness: 50000 voxels done Correlation: 0.4657736100498362
