Running job on: wood
Iteration: 572
Starting spatial evaluation...
/home/fhopp/.conda/envs/mjs/lib/python3.8/site-packages/nilearn/maskers/nifti_masker.py:110: UserWarning: imgs are being resampled to the mask_img resolution. This process is memory intensive. You might want to provide a target_affine that is equal to the affine of the imgs or resample the mask beforehand to save memory and computation time.
  warnings.warn(
/home/fhopp/.conda/envs/mjs/lib/python3.8/site-packages/nilearn/masking.py:980: UserWarning: Data array used to create a new image contains 64-bit ints. This is likely due to creating the array with numpy and passing `int` as the `dtype`. Many tools such as FSL and SPM cannot deal with int64 in Nifti images, so for compatibility the data has been converted to int32.
  return new_img_like(mask_img, unmasked, affine)
Network 0 - Visual: 50 voxels done Correlation: 0.6584637562250988
Network 0 - Visual: 150 voxels done Correlation: 0.6108559747152276
Network 0 - Visual: 250 voxels done Correlation: 0.5378231959842921
Network 0 - Visual: 500 voxels done Correlation: 0.5953278005103385
Network 0 - Visual: 750 voxels done Correlation: 0.6340449898238161
Network 0 - Visual: 1000 voxels done Correlation: 0.627267608460059
Network 0 - Visual: 1500 voxels done Correlation: 0.6388670303081201
Network 0 - Visual: 3000 voxels done Correlation: 0.6310392685286887
Network 0 - Visual: 5000 voxels done Correlation: 0.630475293392444
Network 0 - Visual: 6500 voxels done Correlation: 0.6239539711739249
Network 0 - Visual: 10000 voxels done Correlation: 0.6174739229417108
Network 0 - Visual: 15000 voxels done Correlation: 0.6299590872307824
/home/fhopp/.conda/envs/mjs/lib/python3.8/site-packages/nilearn/masking.py:980: UserWarning: Data array used to create a new image contains 64-bit ints. This is likely due to creating the array with numpy and passing `int` as the `dtype`. Many tools such as FSL and SPM cannot deal with int64 in Nifti images, so for compatibility the data has been converted to int32.
  return new_img_like(mask_img, unmasked, affine)
Network 1 - Somatomotor: 50 voxels done Correlation: 0.2606861832074958
Network 1 - Somatomotor: 150 voxels done Correlation: 0.2113489987375884
Network 1 - Somatomotor: 250 voxels done Correlation: 0.36334248709749684
Network 1 - Somatomotor: 500 voxels done Correlation: 0.34508095548544493
Network 1 - Somatomotor: 750 voxels done Correlation: 0.34735776713155614
Network 1 - Somatomotor: 1000 voxels done Correlation: 0.35450854152921046
Network 1 - Somatomotor: 1500 voxels done Correlation: 0.3273718055351254
Network 1 - Somatomotor: 3000 voxels done Correlation: 0.3403229680249507
Network 1 - Somatomotor: 5000 voxels done Correlation: 0.33182100768313605
Network 1 - Somatomotor: 6500 voxels done Correlation: 0.34849318927193873
Network 1 - Somatomotor: 10000 voxels done Correlation: 0.33790789881850636
Network 1 - Somatomotor: 15000 voxels done Correlation: 0.3478521518172334
/home/fhopp/.conda/envs/mjs/lib/python3.8/site-packages/nilearn/masking.py:980: UserWarning: Data array used to create a new image contains 64-bit ints. This is likely due to creating the array with numpy and passing `int` as the `dtype`. Many tools such as FSL and SPM cannot deal with int64 in Nifti images, so for compatibility the data has been converted to int32.
  return new_img_like(mask_img, unmasked, affine)
Network 2 - dAttention: 50 voxels done Correlation: 0.1368745974359249
Network 2 - dAttention: 150 voxels done Correlation: 0.2578889648034133
Network 2 - dAttention: 250 voxels done Correlation: 0.35501534770116916
Network 2 - dAttention: 500 voxels done Correlation: 0.33953987010034903
Network 2 - dAttention: 750 voxels done Correlation: 0.30799637269123953
Network 2 - dAttention: 1000 voxels done Correlation: 0.34004408698431454
Network 2 - dAttention: 1500 voxels done Correlation: 0.33633128517016386
Network 2 - dAttention: 3000 voxels done Correlation: 0.335733280935695
Network 2 - dAttention: 5000 voxels done Correlation: 0.2934359845849534
Network 2 - dAttention: 6500 voxels done Correlation: 0.33693095318194227
Network 2 - dAttention: 10000 voxels done Correlation: 0.32824933894045877
Network 2 - dAttention: 15000 voxels done Correlation: 0.3344515894217852
/home/fhopp/.conda/envs/mjs/lib/python3.8/site-packages/nilearn/masking.py:980: UserWarning: Data array used to create a new image contains 64-bit ints. This is likely due to creating the array with numpy and passing `int` as the `dtype`. Many tools such as FSL and SPM cannot deal with int64 in Nifti images, so for compatibility the data has been converted to int32.
  return new_img_like(mask_img, unmasked, affine)
Network 3 - vAttention: 50 voxels done Correlation: 0.18068228000284747
Network 3 - vAttention: 150 voxels done Correlation: 0.33314528423164713
Network 3 - vAttention: 250 voxels done Correlation: 0.24073054451014753
Network 3 - vAttention: 500 voxels done Correlation: 0.28043696855852907
Network 3 - vAttention: 750 voxels done Correlation: 0.31360079881606717
Network 3 - vAttention: 1000 voxels done Correlation: 0.35264139112404275
Network 3 - vAttention: 1500 voxels done Correlation: 0.307765413350656
Network 3 - vAttention: 3000 voxels done Correlation: 0.36868363094443507
Network 3 - vAttention: 5000 voxels done Correlation: 0.3708753409553597
Network 3 - vAttention: 6500 voxels done Correlation: 0.3909707684065314
Network 3 - vAttention: 10000 voxels done Correlation: 0.3864883798397398
Network 3 - vAttention: 15000 voxels done Correlation: 0.3871956365767652
/home/fhopp/.conda/envs/mjs/lib/python3.8/site-packages/nilearn/masking.py:980: UserWarning: Data array used to create a new image contains 64-bit ints. This is likely due to creating the array with numpy and passing `int` as the `dtype`. Many tools such as FSL and SPM cannot deal with int64 in Nifti images, so for compatibility the data has been converted to int32.
  return new_img_like(mask_img, unmasked, affine)
Network 4 - Limbic: 50 voxels done Correlation: 0.1664999551848852
Network 4 - Limbic: 150 voxels done Correlation: 0.21960641724954982
Network 4 - Limbic: 250 voxels done Correlation: 0.2709285080539665
Network 4 - Limbic: 500 voxels done Correlation: 0.20746257821197245
Network 4 - Limbic: 750 voxels done Correlation: 0.24688470288157527
Network 4 - Limbic: 1000 voxels done Correlation: 0.2273269263728228
Network 4 - Limbic: 1500 voxels done Correlation: 0.27567142238621867
Network 4 - Limbic: 3000 voxels done Correlation: 0.2822809332587768
Network 4 - Limbic: 5000 voxels done Correlation: 0.27162763141743707
Network 4 - Limbic: 6500 voxels done Correlation: 0.2908843971017363
Network 4 - Limbic: 10000 voxels done Correlation: 0.287124086068581
/home/fhopp/.conda/envs/mjs/lib/python3.8/site-packages/nilearn/masking.py:980: UserWarning: Data array used to create a new image contains 64-bit ints. This is likely due to creating the array with numpy and passing `int` as the `dtype`. Many tools such as FSL and SPM cannot deal with int64 in Nifti images, so for compatibility the data has been converted to int32.
  return new_img_like(mask_img, unmasked, affine)
Network 5 - Frontoparietal: 50 voxels done Correlation: 0.19343654166621532
Network 5 - Frontoparietal: 150 voxels done Correlation: 0.17473849539367242
Network 5 - Frontoparietal: 250 voxels done Correlation: 0.1713500277133187
Network 5 - Frontoparietal: 500 voxels done Correlation: 0.22159306312788218
Network 5 - Frontoparietal: 750 voxels done Correlation: 0.24940030184701728
Network 5 - Frontoparietal: 1000 voxels done Correlation: 0.21959234275023798
Network 5 - Frontoparietal: 1500 voxels done Correlation: 0.23328438312108446
Network 5 - Frontoparietal: 3000 voxels done Correlation: 0.22372898791720675
Network 5 - Frontoparietal: 5000 voxels done Correlation: 0.2176418551508903
Network 5 - Frontoparietal: 6500 voxels done Correlation: 0.24881115905443693
Network 5 - Frontoparietal: 10000 voxels done Correlation: 0.23925033575309823
Network 5 - Frontoparietal: 15000 voxels done Correlation: 0.24087471008845796
/home/fhopp/.conda/envs/mjs/lib/python3.8/site-packages/nilearn/masking.py:980: UserWarning: Data array used to create a new image contains 64-bit ints. This is likely due to creating the array with numpy and passing `int` as the `dtype`. Many tools such as FSL and SPM cannot deal with int64 in Nifti images, so for compatibility the data has been converted to int32.
  return new_img_like(mask_img, unmasked, affine)
Network 6 - Default Mode: 50 voxels done Correlation: 0.245495737451644
Network 6 - Default Mode: 150 voxels done Correlation: 0.30361982068568694
Network 6 - Default Mode: 250 voxels done Correlation: 0.30092562560946845
Network 6 - Default Mode: 500 voxels done Correlation: 0.3850283402275881
Network 6 - Default Mode: 750 voxels done Correlation: 0.406535435028164
Network 6 - Default Mode: 1000 voxels done Correlation: 0.30843732565476856
Network 6 - Default Mode: 1500 voxels done Correlation: 0.33994138299839216
Network 6 - Default Mode: 3000 voxels done Correlation: 0.38068461790976516
Network 6 - Default Mode: 5000 voxels done Correlation: 0.4011813184418016
Network 6 - Default Mode: 6500 voxels done Correlation: 0.4014600289219781
Network 6 - Default Mode: 10000 voxels done Correlation: 0.3996661448141763
Network 6 - Default Mode: 15000 voxels done Correlation: 0.4026519280658296
Network 6 - Default Mode: 25000 voxels done Correlation: 0.4098170217699948
/home/fhopp/.conda/envs/mjs/lib/python3.8/site-packages/nilearn/masking.py:980: UserWarning: Data array used to create a new image contains 64-bit ints. This is likely due to creating the array with numpy and passing `int` as the `dtype`. Many tools such as FSL and SPM cannot deal with int64 in Nifti images, so for compatibility the data has been converted to int32.
  return new_img_like(mask_img, unmasked, affine)
Network 7 - Subcortical: 50 voxels done Correlation: 0.13648060378009294
Network 7 - Subcortical: 150 voxels done Correlation: 0.27587710934174536
Network 7 - Subcortical: 250 voxels done Correlation: 0.15108691331123705
Network 7 - Subcortical: 500 voxels done Correlation: 0.23918004883621707
Network 7 - Subcortical: 750 voxels done Correlation: 0.23910581816584286
Network 7 - Subcortical: 1000 voxels done Correlation: 0.25836643855255187
Network 7 - Subcortical: 1500 voxels done Correlation: 0.2046087218402605
Network 7 - Subcortical: 3000 voxels done Correlation: 0.1953331909172596
Network 7 - Subcortical: 5000 voxels done Correlation: 0.1522053319142529
Network 7 - Subcortical: 6500 voxels done Correlation: 0.16467387642893103
Network 7 - Subcortical: 10000 voxels done Correlation: 0.16969917280083424
Network 8 - Consciousness: 50 voxels done Correlation: 0.3162488240020459
Network 8 - Consciousness: 150 voxels done Correlation: 0.31212473023647846
Network 8 - Consciousness: 250 voxels done Correlation: 0.36026349480419906
Network 8 - Consciousness: 500 voxels done Correlation: 0.3269600727558119
Network 8 - Consciousness: 750 voxels done Correlation: 0.3962974965866797
Network 8 - Consciousness: 1000 voxels done Correlation: 0.3694044405281044
Network 8 - Consciousness: 1500 voxels done Correlation: 0.4027207951333561
Network 8 - Consciousness: 3000 voxels done Correlation: 0.4655928114927215
Network 8 - Consciousness: 5000 voxels done Correlation: 0.4422351853170058
Network 8 - Consciousness: 6500 voxels done Correlation: 0.45526740658698295
Network 8 - Consciousness: 10000 voxels done Correlation: 0.477150725259494
Network 8 - Consciousness: 15000 voxels done Correlation: 0.47376002019869623
Network 8 - Consciousness: 25000 voxels done Correlation: 0.4650908432716593
Network 8 - Consciousness: 50000 voxels done Correlation: 0.4658108158140681
