Running job on: wood
Iteration: 705
Starting spatial evaluation...
/home/fhopp/.conda/envs/mjs/lib/python3.8/site-packages/nilearn/maskers/nifti_masker.py:110: UserWarning: imgs are being resampled to the mask_img resolution. This process is memory intensive. You might want to provide a target_affine that is equal to the affine of the imgs or resample the mask beforehand to save memory and computation time.
  warnings.warn(
/home/fhopp/.conda/envs/mjs/lib/python3.8/site-packages/nilearn/masking.py:980: UserWarning: Data array used to create a new image contains 64-bit ints. This is likely due to creating the array with numpy and passing `int` as the `dtype`. Many tools such as FSL and SPM cannot deal with int64 in Nifti images, so for compatibility the data has been converted to int32.
  return new_img_like(mask_img, unmasked, affine)
Network 0 - Visual: 50 voxels done Correlation: 0.4460225573114309
Network 0 - Visual: 150 voxels done Correlation: 0.6244472014950122
Network 0 - Visual: 250 voxels done Correlation: 0.5854389540149239
Network 0 - Visual: 500 voxels done Correlation: 0.627763292722233
Network 0 - Visual: 750 voxels done Correlation: 0.5797512224645638
Network 0 - Visual: 1000 voxels done Correlation: 0.573699185622645
Network 0 - Visual: 1500 voxels done Correlation: 0.6273950468967295
Network 0 - Visual: 3000 voxels done Correlation: 0.6139968584720983
Network 0 - Visual: 5000 voxels done Correlation: 0.6214484226423397
Network 0 - Visual: 6500 voxels done Correlation: 0.6255954823730443
Network 0 - Visual: 10000 voxels done Correlation: 0.6351706706485111
Network 0 - Visual: 15000 voxels done Correlation: 0.6270429301511113
/home/fhopp/.conda/envs/mjs/lib/python3.8/site-packages/nilearn/masking.py:980: UserWarning: Data array used to create a new image contains 64-bit ints. This is likely due to creating the array with numpy and passing `int` as the `dtype`. Many tools such as FSL and SPM cannot deal with int64 in Nifti images, so for compatibility the data has been converted to int32.
  return new_img_like(mask_img, unmasked, affine)
Network 1 - Somatomotor: 50 voxels done Correlation: 0.24905014538642464
Network 1 - Somatomotor: 150 voxels done Correlation: 0.3447642103169764
Network 1 - Somatomotor: 250 voxels done Correlation: 0.3306327451424002
Network 1 - Somatomotor: 500 voxels done Correlation: 0.40534440900698876
Network 1 - Somatomotor: 750 voxels done Correlation: 0.3665309053872844
Network 1 - Somatomotor: 1000 voxels done Correlation: 0.38488996680866655
Network 1 - Somatomotor: 1500 voxels done Correlation: 0.35141344359732696
Network 1 - Somatomotor: 3000 voxels done Correlation: 0.3353175157708077
Network 1 - Somatomotor: 5000 voxels done Correlation: 0.3484807452649348
Network 1 - Somatomotor: 6500 voxels done Correlation: 0.3380664307141932
Network 1 - Somatomotor: 10000 voxels done Correlation: 0.35293268070191197
Network 1 - Somatomotor: 15000 voxels done Correlation: 0.3457324862353527
/home/fhopp/.conda/envs/mjs/lib/python3.8/site-packages/nilearn/masking.py:980: UserWarning: Data array used to create a new image contains 64-bit ints. This is likely due to creating the array with numpy and passing `int` as the `dtype`. Many tools such as FSL and SPM cannot deal with int64 in Nifti images, so for compatibility the data has been converted to int32.
  return new_img_like(mask_img, unmasked, affine)
Network 2 - dAttention: 50 voxels done Correlation: 0.23397925293016708
Network 2 - dAttention: 150 voxels done Correlation: 0.31168323829583955
Network 2 - dAttention: 250 voxels done Correlation: 0.30369653553496306
Network 2 - dAttention: 500 voxels done Correlation: 0.3217505842177343
Network 2 - dAttention: 750 voxels done Correlation: 0.4235561509339766
Network 2 - dAttention: 1000 voxels done Correlation: 0.3063118753357729
Network 2 - dAttention: 1500 voxels done Correlation: 0.2950995993702426
Network 2 - dAttention: 3000 voxels done Correlation: 0.29474385377586876
Network 2 - dAttention: 5000 voxels done Correlation: 0.33579921699538157
Network 2 - dAttention: 6500 voxels done Correlation: 0.3374833565704738
Network 2 - dAttention: 10000 voxels done Correlation: 0.32862539938137403
Network 2 - dAttention: 15000 voxels done Correlation: 0.33236226956108383
/home/fhopp/.conda/envs/mjs/lib/python3.8/site-packages/nilearn/masking.py:980: UserWarning: Data array used to create a new image contains 64-bit ints. This is likely due to creating the array with numpy and passing `int` as the `dtype`. Many tools such as FSL and SPM cannot deal with int64 in Nifti images, so for compatibility the data has been converted to int32.
  return new_img_like(mask_img, unmasked, affine)
Network 3 - vAttention: 50 voxels done Correlation: 0.20751441392798822
Network 3 - vAttention: 150 voxels done Correlation: 0.23334699760670957
Network 3 - vAttention: 250 voxels done Correlation: 0.3382381492171431
Network 3 - vAttention: 500 voxels done Correlation: 0.3164440581637812
Network 3 - vAttention: 750 voxels done Correlation: 0.3714883793291774
Network 3 - vAttention: 1000 voxels done Correlation: 0.33213199562267226
Network 3 - vAttention: 1500 voxels done Correlation: 0.3465529097279716
Network 3 - vAttention: 3000 voxels done Correlation: 0.39395589892683125
Network 3 - vAttention: 5000 voxels done Correlation: 0.40112259000378103
Network 3 - vAttention: 6500 voxels done Correlation: 0.377934712732504
Network 3 - vAttention: 10000 voxels done Correlation: 0.3846098812671238
Network 3 - vAttention: 15000 voxels done Correlation: 0.38792611547444655
/home/fhopp/.conda/envs/mjs/lib/python3.8/site-packages/nilearn/masking.py:980: UserWarning: Data array used to create a new image contains 64-bit ints. This is likely due to creating the array with numpy and passing `int` as the `dtype`. Many tools such as FSL and SPM cannot deal with int64 in Nifti images, so for compatibility the data has been converted to int32.
  return new_img_like(mask_img, unmasked, affine)
Network 4 - Limbic: 50 voxels done Correlation: 0.17637606177215015
Network 4 - Limbic: 150 voxels done Correlation: 0.1562984051928833
Network 4 - Limbic: 250 voxels done Correlation: 0.20455145236543784
Network 4 - Limbic: 500 voxels done Correlation: 0.273301953329091
Network 4 - Limbic: 750 voxels done Correlation: 0.27094654573747595
Network 4 - Limbic: 1000 voxels done Correlation: 0.24990015991265788
Network 4 - Limbic: 1500 voxels done Correlation: 0.2318467279849089
Network 4 - Limbic: 3000 voxels done Correlation: 0.26756007159983614
Network 4 - Limbic: 5000 voxels done Correlation: 0.26937464798862226
Network 4 - Limbic: 6500 voxels done Correlation: 0.30239951735319104
Network 4 - Limbic: 10000 voxels done Correlation: 0.285859470468314
/home/fhopp/.conda/envs/mjs/lib/python3.8/site-packages/nilearn/masking.py:980: UserWarning: Data array used to create a new image contains 64-bit ints. This is likely due to creating the array with numpy and passing `int` as the `dtype`. Many tools such as FSL and SPM cannot deal with int64 in Nifti images, so for compatibility the data has been converted to int32.
  return new_img_like(mask_img, unmasked, affine)
Network 5 - Frontoparietal: 50 voxels done Correlation: 0.22033383501568765
Network 5 - Frontoparietal: 150 voxels done Correlation: 0.12546919498735004
Network 5 - Frontoparietal: 250 voxels done Correlation: 0.25187708914495366
Network 5 - Frontoparietal: 500 voxels done Correlation: 0.2946531823381863
Network 5 - Frontoparietal: 750 voxels done Correlation: 0.20886631598788535
Network 5 - Frontoparietal: 1000 voxels done Correlation: 0.2368339161395565
Network 5 - Frontoparietal: 1500 voxels done Correlation: 0.20932975022335917
Network 5 - Frontoparietal: 3000 voxels done Correlation: 0.23186743376467445
Network 5 - Frontoparietal: 5000 voxels done Correlation: 0.22651596398442114
Network 5 - Frontoparietal: 6500 voxels done Correlation: 0.2481366028531253
Network 5 - Frontoparietal: 10000 voxels done Correlation: 0.24866695202246664
Network 5 - Frontoparietal: 15000 voxels done Correlation: 0.24054604053584294
/home/fhopp/.conda/envs/mjs/lib/python3.8/site-packages/nilearn/masking.py:980: UserWarning: Data array used to create a new image contains 64-bit ints. This is likely due to creating the array with numpy and passing `int` as the `dtype`. Many tools such as FSL and SPM cannot deal with int64 in Nifti images, so for compatibility the data has been converted to int32.
  return new_img_like(mask_img, unmasked, affine)
Network 6 - Default Mode: 50 voxels done Correlation: 0.2938809236040133
Network 6 - Default Mode: 150 voxels done Correlation: 0.3313953734727986
Network 6 - Default Mode: 250 voxels done Correlation: 0.40751735453646853
Network 6 - Default Mode: 500 voxels done Correlation: 0.3230589664083293
Network 6 - Default Mode: 750 voxels done Correlation: 0.36853775151828283
Network 6 - Default Mode: 1000 voxels done Correlation: 0.3771442942162253
Network 6 - Default Mode: 1500 voxels done Correlation: 0.3438624254994601
Network 6 - Default Mode: 3000 voxels done Correlation: 0.3924023989040143
Network 6 - Default Mode: 5000 voxels done Correlation: 0.3853014904445942
Network 6 - Default Mode: 6500 voxels done Correlation: 0.38974410829906536
Network 6 - Default Mode: 10000 voxels done Correlation: 0.4129990252207282
Network 6 - Default Mode: 15000 voxels done Correlation: 0.4065586554939402
Network 6 - Default Mode: 25000 voxels done Correlation: 0.4076735671347473
/home/fhopp/.conda/envs/mjs/lib/python3.8/site-packages/nilearn/masking.py:980: UserWarning: Data array used to create a new image contains 64-bit ints. This is likely due to creating the array with numpy and passing `int` as the `dtype`. Many tools such as FSL and SPM cannot deal with int64 in Nifti images, so for compatibility the data has been converted to int32.
  return new_img_like(mask_img, unmasked, affine)
Network 7 - Subcortical: 50 voxels done Correlation: 0.15821904130473521
Network 7 - Subcortical: 150 voxels done Correlation: 0.15915515024428709
Network 7 - Subcortical: 250 voxels done Correlation: 0.16930884350215336
Network 7 - Subcortical: 500 voxels done Correlation: 0.2229066164835487
Network 7 - Subcortical: 750 voxels done Correlation: 0.20070644122338913
Network 7 - Subcortical: 1000 voxels done Correlation: 0.2681103515892971
Network 7 - Subcortical: 1500 voxels done Correlation: 0.22184104829925871
Network 7 - Subcortical: 3000 voxels done Correlation: 0.18398484918615376
Network 7 - Subcortical: 5000 voxels done Correlation: 0.17468672838466864
Network 7 - Subcortical: 6500 voxels done Correlation: 0.16512929844819796
Network 7 - Subcortical: 10000 voxels done Correlation: 0.16387768631022065
Network 8 - Consciousness: 50 voxels done Correlation: 0.19311893202037747
Network 8 - Consciousness: 150 voxels done Correlation: 0.31480846024705533
Network 8 - Consciousness: 250 voxels done Correlation: 0.325373242673305
Network 8 - Consciousness: 500 voxels done Correlation: 0.4036417776177164
Network 8 - Consciousness: 750 voxels done Correlation: 0.37882448307275757
Network 8 - Consciousness: 1000 voxels done Correlation: 0.39027732116488545
Network 8 - Consciousness: 1500 voxels done Correlation: 0.46269098173623924
Network 8 - Consciousness: 3000 voxels done Correlation: 0.4416456931069963
Network 8 - Consciousness: 5000 voxels done Correlation: 0.4636945074571351
Network 8 - Consciousness: 6500 voxels done Correlation: 0.4655118670345982
Network 8 - Consciousness: 10000 voxels done Correlation: 0.46264408835287646
Network 8 - Consciousness: 15000 voxels done Correlation: 0.4584925893678784
Network 8 - Consciousness: 25000 voxels done Correlation: 0.44822453914377636
Network 8 - Consciousness: 50000 voxels done Correlation: 0.46693852709896383
