Running job on: wood
Iteration: 862
Starting spatial evaluation...
/home/fhopp/.conda/envs/mjs/lib/python3.8/site-packages/nilearn/maskers/nifti_masker.py:110: UserWarning: imgs are being resampled to the mask_img resolution. This process is memory intensive. You might want to provide a target_affine that is equal to the affine of the imgs or resample the mask beforehand to save memory and computation time.
  warnings.warn(
/home/fhopp/.conda/envs/mjs/lib/python3.8/site-packages/nilearn/masking.py:980: UserWarning: Data array used to create a new image contains 64-bit ints. This is likely due to creating the array with numpy and passing `int` as the `dtype`. Many tools such as FSL and SPM cannot deal with int64 in Nifti images, so for compatibility the data has been converted to int32.
  return new_img_like(mask_img, unmasked, affine)
Network 0 - Visual: 50 voxels done Correlation: 0.6988472074868148
Network 0 - Visual: 150 voxels done Correlation: 0.6268122686220622
Network 0 - Visual: 250 voxels done Correlation: 0.5284119169265167
Network 0 - Visual: 500 voxels done Correlation: 0.5858226128122094
Network 0 - Visual: 750 voxels done Correlation: 0.5754239103412381
Network 0 - Visual: 1000 voxels done Correlation: 0.6005375345624073
Network 0 - Visual: 1500 voxels done Correlation: 0.610323557128668
Network 0 - Visual: 3000 voxels done Correlation: 0.6065482494902863
Network 0 - Visual: 5000 voxels done Correlation: 0.6151146027732071
Network 0 - Visual: 6500 voxels done Correlation: 0.6233901779719863
Network 0 - Visual: 10000 voxels done Correlation: 0.6167627625814394
Network 0 - Visual: 15000 voxels done Correlation: 0.6307025641948774
/home/fhopp/.conda/envs/mjs/lib/python3.8/site-packages/nilearn/masking.py:980: UserWarning: Data array used to create a new image contains 64-bit ints. This is likely due to creating the array with numpy and passing `int` as the `dtype`. Many tools such as FSL and SPM cannot deal with int64 in Nifti images, so for compatibility the data has been converted to int32.
  return new_img_like(mask_img, unmasked, affine)
Network 1 - Somatomotor: 50 voxels done Correlation: 0.12541536026258782
Network 1 - Somatomotor: 150 voxels done Correlation: 0.35355022018627646
Network 1 - Somatomotor: 250 voxels done Correlation: 0.25375659087517055
Network 1 - Somatomotor: 500 voxels done Correlation: 0.34244860919130893
Network 1 - Somatomotor: 750 voxels done Correlation: 0.39065781771232144
Network 1 - Somatomotor: 1000 voxels done Correlation: 0.3374513351884278
Network 1 - Somatomotor: 1500 voxels done Correlation: 0.3269159162784486
Network 1 - Somatomotor: 3000 voxels done Correlation: 0.3690604556052425
Network 1 - Somatomotor: 5000 voxels done Correlation: 0.3441464160558403
Network 1 - Somatomotor: 6500 voxels done Correlation: 0.34119104067163764
Network 1 - Somatomotor: 10000 voxels done Correlation: 0.34843771584491734
Network 1 - Somatomotor: 15000 voxels done Correlation: 0.3438098367271173
/home/fhopp/.conda/envs/mjs/lib/python3.8/site-packages/nilearn/masking.py:980: UserWarning: Data array used to create a new image contains 64-bit ints. This is likely due to creating the array with numpy and passing `int` as the `dtype`. Many tools such as FSL and SPM cannot deal with int64 in Nifti images, so for compatibility the data has been converted to int32.
  return new_img_like(mask_img, unmasked, affine)
Network 2 - dAttention: 50 voxels done Correlation: 0.21333028460369582
Network 2 - dAttention: 150 voxels done Correlation: 0.2690562878019064
Network 2 - dAttention: 250 voxels done Correlation: 0.3601126498673113
Network 2 - dAttention: 500 voxels done Correlation: 0.27380711629809396
Network 2 - dAttention: 750 voxels done Correlation: 0.33253176055618017
Network 2 - dAttention: 1000 voxels done Correlation: 0.2937574332819123
Network 2 - dAttention: 1500 voxels done Correlation: 0.38509924524521344
Network 2 - dAttention: 3000 voxels done Correlation: 0.29845299543932646
Network 2 - dAttention: 5000 voxels done Correlation: 0.31259984919001754
Network 2 - dAttention: 6500 voxels done Correlation: 0.3283467977667688
Network 2 - dAttention: 10000 voxels done Correlation: 0.33396372981039535
Network 2 - dAttention: 15000 voxels done Correlation: 0.3329677107902338
/home/fhopp/.conda/envs/mjs/lib/python3.8/site-packages/nilearn/masking.py:980: UserWarning: Data array used to create a new image contains 64-bit ints. This is likely due to creating the array with numpy and passing `int` as the `dtype`. Many tools such as FSL and SPM cannot deal with int64 in Nifti images, so for compatibility the data has been converted to int32.
  return new_img_like(mask_img, unmasked, affine)
Network 3 - vAttention: 50 voxels done Correlation: 0.1818906590738703
Network 3 - vAttention: 150 voxels done Correlation: 0.29004710411003287
Network 3 - vAttention: 250 voxels done Correlation: 0.2742527604574492
Network 3 - vAttention: 500 voxels done Correlation: 0.2967147451018229
Network 3 - vAttention: 750 voxels done Correlation: 0.30388883290064067
Network 3 - vAttention: 1000 voxels done Correlation: 0.3647004653475395
Network 3 - vAttention: 1500 voxels done Correlation: 0.34689709335526697
Network 3 - vAttention: 3000 voxels done Correlation: 0.35881630754758326
Network 3 - vAttention: 5000 voxels done Correlation: 0.4048982185001476
Network 3 - vAttention: 6500 voxels done Correlation: 0.3752655045648754
Network 3 - vAttention: 10000 voxels done Correlation: 0.3857278061722137
Network 3 - vAttention: 15000 voxels done Correlation: 0.39023552903387415
/home/fhopp/.conda/envs/mjs/lib/python3.8/site-packages/nilearn/masking.py:980: UserWarning: Data array used to create a new image contains 64-bit ints. This is likely due to creating the array with numpy and passing `int` as the `dtype`. Many tools such as FSL and SPM cannot deal with int64 in Nifti images, so for compatibility the data has been converted to int32.
  return new_img_like(mask_img, unmasked, affine)
Network 4 - Limbic: 50 voxels done Correlation: 0.25534895938565405
Network 4 - Limbic: 150 voxels done Correlation: 0.1647203737284979
Network 4 - Limbic: 250 voxels done Correlation: 0.2587339781747158
Network 4 - Limbic: 500 voxels done Correlation: 0.2689623836110161
Network 4 - Limbic: 750 voxels done Correlation: 0.31769690725454836
Network 4 - Limbic: 1000 voxels done Correlation: 0.24480935885619437
Network 4 - Limbic: 1500 voxels done Correlation: 0.2412488850978669
Network 4 - Limbic: 3000 voxels done Correlation: 0.24522274421304047
Network 4 - Limbic: 5000 voxels done Correlation: 0.2780700067924614
Network 4 - Limbic: 6500 voxels done Correlation: 0.296197293850858
Network 4 - Limbic: 10000 voxels done Correlation: 0.2861841890166508
/home/fhopp/.conda/envs/mjs/lib/python3.8/site-packages/nilearn/masking.py:980: UserWarning: Data array used to create a new image contains 64-bit ints. This is likely due to creating the array with numpy and passing `int` as the `dtype`. Many tools such as FSL and SPM cannot deal with int64 in Nifti images, so for compatibility the data has been converted to int32.
  return new_img_like(mask_img, unmasked, affine)
Network 5 - Frontoparietal: 50 voxels done Correlation: 0.1848344869945697
Network 5 - Frontoparietal: 150 voxels done Correlation: 0.1551801512638809
Network 5 - Frontoparietal: 250 voxels done Correlation: 0.28154905784898066
Network 5 - Frontoparietal: 500 voxels done Correlation: 0.271386814654507
Network 5 - Frontoparietal: 750 voxels done Correlation: 0.24662864278728414
Network 5 - Frontoparietal: 1000 voxels done Correlation: 0.20113525724599599
Network 5 - Frontoparietal: 1500 voxels done Correlation: 0.22337823932486256
Network 5 - Frontoparietal: 3000 voxels done Correlation: 0.22991907534250916
Network 5 - Frontoparietal: 5000 voxels done Correlation: 0.2362806244964168
Network 5 - Frontoparietal: 6500 voxels done Correlation: 0.25509424873507813
Network 5 - Frontoparietal: 10000 voxels done Correlation: 0.2360815646269652
Network 5 - Frontoparietal: 15000 voxels done Correlation: 0.23595460749800937
/home/fhopp/.conda/envs/mjs/lib/python3.8/site-packages/nilearn/masking.py:980: UserWarning: Data array used to create a new image contains 64-bit ints. This is likely due to creating the array with numpy and passing `int` as the `dtype`. Many tools such as FSL and SPM cannot deal with int64 in Nifti images, so for compatibility the data has been converted to int32.
  return new_img_like(mask_img, unmasked, affine)
Network 6 - Default Mode: 50 voxels done Correlation: 0.2856469987243412
Network 6 - Default Mode: 150 voxels done Correlation: 0.38302844200760333
Network 6 - Default Mode: 250 voxels done Correlation: 0.3070260059790232
Network 6 - Default Mode: 500 voxels done Correlation: 0.32328632429246307
Network 6 - Default Mode: 750 voxels done Correlation: 0.3597035865458673
Network 6 - Default Mode: 1000 voxels done Correlation: 0.38917320966312074
Network 6 - Default Mode: 1500 voxels done Correlation: 0.38786144015074475
Network 6 - Default Mode: 3000 voxels done Correlation: 0.3841052238899596
Network 6 - Default Mode: 5000 voxels done Correlation: 0.40800179071210874
Network 6 - Default Mode: 6500 voxels done Correlation: 0.39837851538994384
Network 6 - Default Mode: 10000 voxels done Correlation: 0.41552927125610556
Network 6 - Default Mode: 15000 voxels done Correlation: 0.4195590010435314
Network 6 - Default Mode: 25000 voxels done Correlation: 0.40982846149654034
/home/fhopp/.conda/envs/mjs/lib/python3.8/site-packages/nilearn/masking.py:980: UserWarning: Data array used to create a new image contains 64-bit ints. This is likely due to creating the array with numpy and passing `int` as the `dtype`. Many tools such as FSL and SPM cannot deal with int64 in Nifti images, so for compatibility the data has been converted to int32.
  return new_img_like(mask_img, unmasked, affine)
Network 7 - Subcortical: 50 voxels done Correlation: 0.19960778089948952
Network 7 - Subcortical: 150 voxels done Correlation: 0.21644017870577945
Network 7 - Subcortical: 250 voxels done Correlation: 0.2645139615713234
Network 7 - Subcortical: 500 voxels done Correlation: 0.23962598303950233
Network 7 - Subcortical: 750 voxels done Correlation: 0.19489546425203594
Network 7 - Subcortical: 1000 voxels done Correlation: 0.2190443366571729
Network 7 - Subcortical: 1500 voxels done Correlation: 0.20899704253130333
Network 7 - Subcortical: 3000 voxels done Correlation: 0.1713135692524867
Network 7 - Subcortical: 5000 voxels done Correlation: 0.15571529771609888
Network 7 - Subcortical: 6500 voxels done Correlation: 0.15977750053944684
Network 7 - Subcortical: 10000 voxels done Correlation: 0.16796045379827157
Network 8 - Consciousness: 50 voxels done Correlation: 0.1914097841929938
Network 8 - Consciousness: 150 voxels done Correlation: 0.37959311340548885
Network 8 - Consciousness: 250 voxels done Correlation: 0.37786910223750414
Network 8 - Consciousness: 500 voxels done Correlation: 0.4541754524903878
Network 8 - Consciousness: 750 voxels done Correlation: 0.4485648004657746
Network 8 - Consciousness: 1000 voxels done Correlation: 0.409890104006115
Network 8 - Consciousness: 1500 voxels done Correlation: 0.4631597387047127
Network 8 - Consciousness: 3000 voxels done Correlation: 0.4543884272503131
Network 8 - Consciousness: 5000 voxels done Correlation: 0.4287792918780814
Network 8 - Consciousness: 6500 voxels done Correlation: 0.444918308598003
Network 8 - Consciousness: 10000 voxels done Correlation: 0.4601215005319205
Network 8 - Consciousness: 15000 voxels done Correlation: 0.47019306973291697
Network 8 - Consciousness: 25000 voxels done Correlation: 0.47028735528211696
Network 8 - Consciousness: 50000 voxels done Correlation: 0.4668004312760762
