Running job on: easley
Iteration: 229
Starting spatial evaluation...
/home/fhopp/.conda/envs/mjs/lib/python3.8/site-packages/nilearn/maskers/nifti_masker.py:110: UserWarning: imgs are being resampled to the mask_img resolution. This process is memory intensive. You might want to provide a target_affine that is equal to the affine of the imgs or resample the mask beforehand to save memory and computation time.
  warnings.warn(
/home/fhopp/.conda/envs/mjs/lib/python3.8/site-packages/nilearn/masking.py:980: UserWarning: Data array used to create a new image contains 64-bit ints. This is likely due to creating the array with numpy and passing `int` as the `dtype`. Many tools such as FSL and SPM cannot deal with int64 in Nifti images, so for compatibility the data has been converted to int32.
  return new_img_like(mask_img, unmasked, affine)
Network 0 - Visual: 50 voxels done Correlation: 0.6100729605707547
Network 0 - Visual: 150 voxels done Correlation: 0.6648522814081764
Network 0 - Visual: 250 voxels done Correlation: 0.5844570851007046
Network 0 - Visual: 500 voxels done Correlation: 0.6001104764566267
Network 0 - Visual: 750 voxels done Correlation: 0.6081882376459306
Network 0 - Visual: 1000 voxels done Correlation: 0.6184154316164664
Network 0 - Visual: 1500 voxels done Correlation: 0.6236486374868062
Network 0 - Visual: 3000 voxels done Correlation: 0.620809205781672
Network 0 - Visual: 5000 voxels done Correlation: 0.6294319836068989
Network 0 - Visual: 6500 voxels done Correlation: 0.6202565818182773
Network 0 - Visual: 10000 voxels done Correlation: 0.6267629971700182
Network 0 - Visual: 15000 voxels done Correlation: 0.6324614831918678
/home/fhopp/.conda/envs/mjs/lib/python3.8/site-packages/nilearn/masking.py:980: UserWarning: Data array used to create a new image contains 64-bit ints. This is likely due to creating the array with numpy and passing `int` as the `dtype`. Many tools such as FSL and SPM cannot deal with int64 in Nifti images, so for compatibility the data has been converted to int32.
  return new_img_like(mask_img, unmasked, affine)
Network 1 - Somatomotor: 50 voxels done Correlation: 0.3268134553428589
Network 1 - Somatomotor: 150 voxels done Correlation: 0.33529155575849817
Network 1 - Somatomotor: 250 voxels done Correlation: 0.28467947207133704
Network 1 - Somatomotor: 500 voxels done Correlation: 0.2885339261040215
Network 1 - Somatomotor: 750 voxels done Correlation: 0.3509560069673418
Network 1 - Somatomotor: 1000 voxels done Correlation: 0.2835761057893431
Network 1 - Somatomotor: 1500 voxels done Correlation: 0.3906278121325011
Network 1 - Somatomotor: 3000 voxels done Correlation: 0.32689296128624107
Network 1 - Somatomotor: 5000 voxels done Correlation: 0.3511104645826105
Network 1 - Somatomotor: 6500 voxels done Correlation: 0.34979759966238644
Network 1 - Somatomotor: 10000 voxels done Correlation: 0.34430974613037746
Network 1 - Somatomotor: 15000 voxels done Correlation: 0.34431498982450304
/home/fhopp/.conda/envs/mjs/lib/python3.8/site-packages/nilearn/masking.py:980: UserWarning: Data array used to create a new image contains 64-bit ints. This is likely due to creating the array with numpy and passing `int` as the `dtype`. Many tools such as FSL and SPM cannot deal with int64 in Nifti images, so for compatibility the data has been converted to int32.
  return new_img_like(mask_img, unmasked, affine)
Network 2 - dAttention: 50 voxels done Correlation: 0.21463458387178702
Network 2 - dAttention: 150 voxels done Correlation: 0.35636983998943744
Network 2 - dAttention: 250 voxels done Correlation: 0.277923692707526
Network 2 - dAttention: 500 voxels done Correlation: 0.3092730059134282
Network 2 - dAttention: 750 voxels done Correlation: 0.3404062185354362
Network 2 - dAttention: 1000 voxels done Correlation: 0.3000984473040996
Network 2 - dAttention: 1500 voxels done Correlation: 0.31007645459868516
Network 2 - dAttention: 3000 voxels done Correlation: 0.32591058298156395
Network 2 - dAttention: 5000 voxels done Correlation: 0.31329516747892877
Network 2 - dAttention: 6500 voxels done Correlation: 0.33823894914524183
Network 2 - dAttention: 10000 voxels done Correlation: 0.3300413006648188
Network 2 - dAttention: 15000 voxels done Correlation: 0.3341383434065611
/home/fhopp/.conda/envs/mjs/lib/python3.8/site-packages/nilearn/masking.py:980: UserWarning: Data array used to create a new image contains 64-bit ints. This is likely due to creating the array with numpy and passing `int` as the `dtype`. Many tools such as FSL and SPM cannot deal with int64 in Nifti images, so for compatibility the data has been converted to int32.
  return new_img_like(mask_img, unmasked, affine)
Network 3 - vAttention: 50 voxels done Correlation: 0.22250187124832171
Network 3 - vAttention: 150 voxels done Correlation: 0.25883627913292984
Network 3 - vAttention: 250 voxels done Correlation: 0.2668438728551368
Network 3 - vAttention: 500 voxels done Correlation: 0.29455950340159587
Network 3 - vAttention: 750 voxels done Correlation: 0.34192524315841
Network 3 - vAttention: 1000 voxels done Correlation: 0.3320237051884983
Network 3 - vAttention: 1500 voxels done Correlation: 0.3606736277631741
Network 3 - vAttention: 3000 voxels done Correlation: 0.38151494477936587
Network 3 - vAttention: 5000 voxels done Correlation: 0.37512858914118585
Network 3 - vAttention: 6500 voxels done Correlation: 0.39171454848976706
Network 3 - vAttention: 10000 voxels done Correlation: 0.3815090016477284
Network 3 - vAttention: 15000 voxels done Correlation: 0.3883006712313992
/home/fhopp/.conda/envs/mjs/lib/python3.8/site-packages/nilearn/masking.py:980: UserWarning: Data array used to create a new image contains 64-bit ints. This is likely due to creating the array with numpy and passing `int` as the `dtype`. Many tools such as FSL and SPM cannot deal with int64 in Nifti images, so for compatibility the data has been converted to int32.
  return new_img_like(mask_img, unmasked, affine)
Network 4 - Limbic: 50 voxels done Correlation: 0.17951784915135105
Network 4 - Limbic: 150 voxels done Correlation: 0.2813602558595784
Network 4 - Limbic: 250 voxels done Correlation: 0.3347827681570621
Network 4 - Limbic: 500 voxels done Correlation: 0.28405073753655785
Network 4 - Limbic: 750 voxels done Correlation: 0.28246118274681054
Network 4 - Limbic: 1000 voxels done Correlation: 0.21597203549543562
Network 4 - Limbic: 1500 voxels done Correlation: 0.2926225690398333
Network 4 - Limbic: 3000 voxels done Correlation: 0.2762704524790773
Network 4 - Limbic: 5000 voxels done Correlation: 0.29087673131559894
Network 4 - Limbic: 6500 voxels done Correlation: 0.27921752921861276
Network 4 - Limbic: 10000 voxels done Correlation: 0.2831552598548349
/home/fhopp/.conda/envs/mjs/lib/python3.8/site-packages/nilearn/masking.py:980: UserWarning: Data array used to create a new image contains 64-bit ints. This is likely due to creating the array with numpy and passing `int` as the `dtype`. Many tools such as FSL and SPM cannot deal with int64 in Nifti images, so for compatibility the data has been converted to int32.
  return new_img_like(mask_img, unmasked, affine)
Network 5 - Frontoparietal: 50 voxels done Correlation: 0.13441759338342843
Network 5 - Frontoparietal: 150 voxels done Correlation: 0.21866500270187972
Network 5 - Frontoparietal: 250 voxels done Correlation: 0.22284545151430843
Network 5 - Frontoparietal: 500 voxels done Correlation: 0.2310532805899073
Network 5 - Frontoparietal: 750 voxels done Correlation: 0.18628823521031518
Network 5 - Frontoparietal: 1000 voxels done Correlation: 0.227847592058666
Network 5 - Frontoparietal: 1500 voxels done Correlation: 0.255937454773596
Network 5 - Frontoparietal: 3000 voxels done Correlation: 0.21399436760603585
Network 5 - Frontoparietal: 5000 voxels done Correlation: 0.2283871520520398
Network 5 - Frontoparietal: 6500 voxels done Correlation: 0.23867165739758134
Network 5 - Frontoparietal: 10000 voxels done Correlation: 0.24122099507422642
Network 5 - Frontoparietal: 15000 voxels done Correlation: 0.2366219276336864
/home/fhopp/.conda/envs/mjs/lib/python3.8/site-packages/nilearn/masking.py:980: UserWarning: Data array used to create a new image contains 64-bit ints. This is likely due to creating the array with numpy and passing `int` as the `dtype`. Many tools such as FSL and SPM cannot deal with int64 in Nifti images, so for compatibility the data has been converted to int32.
  return new_img_like(mask_img, unmasked, affine)
Network 6 - Default Mode: 50 voxels done Correlation: 0.2464991475098286
Network 6 - Default Mode: 150 voxels done Correlation: 0.3910666524323686
Network 6 - Default Mode: 250 voxels done Correlation: 0.3576008875718353
Network 6 - Default Mode: 500 voxels done Correlation: 0.3658260116927929
Network 6 - Default Mode: 750 voxels done Correlation: 0.3953218192840025
Network 6 - Default Mode: 1000 voxels done Correlation: 0.34999508910113525
Network 6 - Default Mode: 1500 voxels done Correlation: 0.37218183872334676
Network 6 - Default Mode: 3000 voxels done Correlation: 0.39678846296441195
Network 6 - Default Mode: 5000 voxels done Correlation: 0.42818349472711215
Network 6 - Default Mode: 6500 voxels done Correlation: 0.40509798454047685
Network 6 - Default Mode: 10000 voxels done Correlation: 0.40127612470966206
Network 6 - Default Mode: 15000 voxels done Correlation: 0.4231855758521116
Network 6 - Default Mode: 25000 voxels done Correlation: 0.40596779860876997
/home/fhopp/.conda/envs/mjs/lib/python3.8/site-packages/nilearn/masking.py:980: UserWarning: Data array used to create a new image contains 64-bit ints. This is likely due to creating the array with numpy and passing `int` as the `dtype`. Many tools such as FSL and SPM cannot deal with int64 in Nifti images, so for compatibility the data has been converted to int32.
  return new_img_like(mask_img, unmasked, affine)
Network 7 - Subcortical: 50 voxels done Correlation: 0.1704578463802419
Network 7 - Subcortical: 150 voxels done Correlation: 0.12701021981008864
Network 7 - Subcortical: 250 voxels done Correlation: 0.2141738252945893
Network 7 - Subcortical: 500 voxels done Correlation: 0.250159644762331
Network 7 - Subcortical: 750 voxels done Correlation: 0.2505877885941165
Network 7 - Subcortical: 1000 voxels done Correlation: 0.2007591292291699
Network 7 - Subcortical: 1500 voxels done Correlation: 0.20497320973207855
Network 7 - Subcortical: 3000 voxels done Correlation: 0.17496059956134308
Network 7 - Subcortical: 5000 voxels done Correlation: 0.16435007984630928
Network 7 - Subcortical: 6500 voxels done Correlation: 0.17083589900099
Network 7 - Subcortical: 10000 voxels done Correlation: 0.16414883857868096
Network 8 - Consciousness: 50 voxels done Correlation: 0.15025665476143113
Network 8 - Consciousness: 150 voxels done Correlation: 0.3352250041617114
Network 8 - Consciousness: 250 voxels done Correlation: 0.39143005405294395
Network 8 - Consciousness: 500 voxels done Correlation: 0.41466369923429935
Network 8 - Consciousness: 750 voxels done Correlation: 0.4195516601710483
Network 8 - Consciousness: 1000 voxels done Correlation: 0.4175262712131633
Network 8 - Consciousness: 1500 voxels done Correlation: 0.39320126333833105
Network 8 - Consciousness: 3000 voxels done Correlation: 0.44409921740876257
Network 8 - Consciousness: 5000 voxels done Correlation: 0.479207773752537
Network 8 - Consciousness: 6500 voxels done Correlation: 0.48325243193147027
Network 8 - Consciousness: 10000 voxels done Correlation: 0.4338976891775739
Network 8 - Consciousness: 15000 voxels done Correlation: 0.4830916300358624
Network 8 - Consciousness: 25000 voxels done Correlation: 0.4803175233986843
Network 8 - Consciousness: 50000 voxels done Correlation: 0.4655065004779948
