Running job on: wood
Iteration: 175
Starting spatial evaluation...
/home/fhopp/.conda/envs/mjs/lib/python3.8/site-packages/nilearn/maskers/nifti_masker.py:110: UserWarning: imgs are being resampled to the mask_img resolution. This process is memory intensive. You might want to provide a target_affine that is equal to the affine of the imgs or resample the mask beforehand to save memory and computation time.
  warnings.warn(
/home/fhopp/.conda/envs/mjs/lib/python3.8/site-packages/nilearn/masking.py:980: UserWarning: Data array used to create a new image contains 64-bit ints. This is likely due to creating the array with numpy and passing `int` as the `dtype`. Many tools such as FSL and SPM cannot deal with int64 in Nifti images, so for compatibility the data has been converted to int32.
  return new_img_like(mask_img, unmasked, affine)
Network 0 - Visual: 50 voxels done Correlation: 0.47190618934615114
Network 0 - Visual: 150 voxels done Correlation: 0.6205262931974226
Network 0 - Visual: 250 voxels done Correlation: 0.5562476983002487
Network 0 - Visual: 500 voxels done Correlation: 0.6478037818023021
Network 0 - Visual: 750 voxels done Correlation: 0.5885377524002289
Network 0 - Visual: 1000 voxels done Correlation: 0.5619084661369297
Network 0 - Visual: 1500 voxels done Correlation: 0.6330225368144986
Network 0 - Visual: 3000 voxels done Correlation: 0.6128052826680079
Network 0 - Visual: 5000 voxels done Correlation: 0.6168879614900562
Network 0 - Visual: 6500 voxels done Correlation: 0.6331119582374962
Network 0 - Visual: 10000 voxels done Correlation: 0.6375683752592778
Network 0 - Visual: 15000 voxels done Correlation: 0.6377538616013163
/home/fhopp/.conda/envs/mjs/lib/python3.8/site-packages/nilearn/masking.py:980: UserWarning: Data array used to create a new image contains 64-bit ints. This is likely due to creating the array with numpy and passing `int` as the `dtype`. Many tools such as FSL and SPM cannot deal with int64 in Nifti images, so for compatibility the data has been converted to int32.
  return new_img_like(mask_img, unmasked, affine)
Network 1 - Somatomotor: 50 voxels done Correlation: 0.2817169774978709
Network 1 - Somatomotor: 150 voxels done Correlation: 0.25996138087260906
Network 1 - Somatomotor: 250 voxels done Correlation: 0.3368726881306757
Network 1 - Somatomotor: 500 voxels done Correlation: 0.33805774957222545
Network 1 - Somatomotor: 750 voxels done Correlation: 0.3641001712007056
Network 1 - Somatomotor: 1000 voxels done Correlation: 0.3305280857498537
Network 1 - Somatomotor: 1500 voxels done Correlation: 0.3175288908470885
Network 1 - Somatomotor: 3000 voxels done Correlation: 0.32319245945394987
Network 1 - Somatomotor: 5000 voxels done Correlation: 0.3346986810991008
Network 1 - Somatomotor: 6500 voxels done Correlation: 0.33725625639333046
Network 1 - Somatomotor: 10000 voxels done Correlation: 0.3476332475456887
Network 1 - Somatomotor: 15000 voxels done Correlation: 0.3436348316860808
/home/fhopp/.conda/envs/mjs/lib/python3.8/site-packages/nilearn/masking.py:980: UserWarning: Data array used to create a new image contains 64-bit ints. This is likely due to creating the array with numpy and passing `int` as the `dtype`. Many tools such as FSL and SPM cannot deal with int64 in Nifti images, so for compatibility the data has been converted to int32.
  return new_img_like(mask_img, unmasked, affine)
Network 2 - dAttention: 50 voxels done Correlation: 0.2895267731164187
Network 2 - dAttention: 150 voxels done Correlation: 0.3234185981066816
Network 2 - dAttention: 250 voxels done Correlation: 0.27606697301362854
Network 2 - dAttention: 500 voxels done Correlation: 0.2803690279639681
Network 2 - dAttention: 750 voxels done Correlation: 0.3573528305087206
Network 2 - dAttention: 1000 voxels done Correlation: 0.36439786098288
Network 2 - dAttention: 1500 voxels done Correlation: 0.26101977344370386
Network 2 - dAttention: 3000 voxels done Correlation: 0.3352686072894357
Network 2 - dAttention: 5000 voxels done Correlation: 0.31332633378904695
Network 2 - dAttention: 6500 voxels done Correlation: 0.3245576681067396
Network 2 - dAttention: 10000 voxels done Correlation: 0.3348694840567187
Network 2 - dAttention: 15000 voxels done Correlation: 0.3333953205791651
/home/fhopp/.conda/envs/mjs/lib/python3.8/site-packages/nilearn/masking.py:980: UserWarning: Data array used to create a new image contains 64-bit ints. This is likely due to creating the array with numpy and passing `int` as the `dtype`. Many tools such as FSL and SPM cannot deal with int64 in Nifti images, so for compatibility the data has been converted to int32.
  return new_img_like(mask_img, unmasked, affine)
Network 3 - vAttention: 50 voxels done Correlation: 0.19513017126572213
Network 3 - vAttention: 150 voxels done Correlation: 0.18178925561954298
Network 3 - vAttention: 250 voxels done Correlation: 0.3236825595742643
Network 3 - vAttention: 500 voxels done Correlation: 0.3699214351121364
Network 3 - vAttention: 750 voxels done Correlation: 0.3631681537710814
Network 3 - vAttention: 1000 voxels done Correlation: 0.33700062050667146
Network 3 - vAttention: 1500 voxels done Correlation: 0.40963934452209105
Network 3 - vAttention: 3000 voxels done Correlation: 0.3577935399377937
Network 3 - vAttention: 5000 voxels done Correlation: 0.37349481136101836
Network 3 - vAttention: 6500 voxels done Correlation: 0.3707183394321888
Network 3 - vAttention: 10000 voxels done Correlation: 0.3884917393357309
Network 3 - vAttention: 15000 voxels done Correlation: 0.3867908694118557
/home/fhopp/.conda/envs/mjs/lib/python3.8/site-packages/nilearn/masking.py:980: UserWarning: Data array used to create a new image contains 64-bit ints. This is likely due to creating the array with numpy and passing `int` as the `dtype`. Many tools such as FSL and SPM cannot deal with int64 in Nifti images, so for compatibility the data has been converted to int32.
  return new_img_like(mask_img, unmasked, affine)
Network 4 - Limbic: 50 voxels done Correlation: 0.17758645670310264
Network 4 - Limbic: 150 voxels done Correlation: 0.22723719918721152
Network 4 - Limbic: 250 voxels done Correlation: 0.22571954114066525
Network 4 - Limbic: 500 voxels done Correlation: 0.26187338210095645
Network 4 - Limbic: 750 voxels done Correlation: 0.2013359107542285
Network 4 - Limbic: 1000 voxels done Correlation: 0.27583872445364954
Network 4 - Limbic: 1500 voxels done Correlation: 0.25441066647934385
Network 4 - Limbic: 3000 voxels done Correlation: 0.29752929838038167
Network 4 - Limbic: 5000 voxels done Correlation: 0.2893049118479821
Network 4 - Limbic: 6500 voxels done Correlation: 0.2766606284824452
Network 4 - Limbic: 10000 voxels done Correlation: 0.28515822399356955
/home/fhopp/.conda/envs/mjs/lib/python3.8/site-packages/nilearn/masking.py:980: UserWarning: Data array used to create a new image contains 64-bit ints. This is likely due to creating the array with numpy and passing `int` as the `dtype`. Many tools such as FSL and SPM cannot deal with int64 in Nifti images, so for compatibility the data has been converted to int32.
  return new_img_like(mask_img, unmasked, affine)
Network 5 - Frontoparietal: 50 voxels done Correlation: 0.22832882558129336
Network 5 - Frontoparietal: 150 voxels done Correlation: 0.18347628470327926
Network 5 - Frontoparietal: 250 voxels done Correlation: 0.22764285720377958
Network 5 - Frontoparietal: 500 voxels done Correlation: 0.2138876912081713
Network 5 - Frontoparietal: 750 voxels done Correlation: 0.22495046950932598
Network 5 - Frontoparietal: 1000 voxels done Correlation: 0.2686681853054812
Network 5 - Frontoparietal: 1500 voxels done Correlation: 0.2789461709926604
Network 5 - Frontoparietal: 3000 voxels done Correlation: 0.2462684783772643
Network 5 - Frontoparietal: 5000 voxels done Correlation: 0.24619141685484192
Network 5 - Frontoparietal: 6500 voxels done Correlation: 0.22381854425403824
Network 5 - Frontoparietal: 10000 voxels done Correlation: 0.23937524689270662
Network 5 - Frontoparietal: 15000 voxels done Correlation: 0.23653423017124023
/home/fhopp/.conda/envs/mjs/lib/python3.8/site-packages/nilearn/masking.py:980: UserWarning: Data array used to create a new image contains 64-bit ints. This is likely due to creating the array with numpy and passing `int` as the `dtype`. Many tools such as FSL and SPM cannot deal with int64 in Nifti images, so for compatibility the data has been converted to int32.
  return new_img_like(mask_img, unmasked, affine)
Network 6 - Default Mode: 50 voxels done Correlation: 0.3293687128303585
Network 6 - Default Mode: 150 voxels done Correlation: 0.2799269558068186
Network 6 - Default Mode: 250 voxels done Correlation: 0.37085466974599646
Network 6 - Default Mode: 500 voxels done Correlation: 0.28571800676142933
Network 6 - Default Mode: 750 voxels done Correlation: 0.4275933046713936
Network 6 - Default Mode: 1000 voxels done Correlation: 0.37283825855444275
Network 6 - Default Mode: 1500 voxels done Correlation: 0.3656796581482339
Network 6 - Default Mode: 3000 voxels done Correlation: 0.4406129469183927
Network 6 - Default Mode: 5000 voxels done Correlation: 0.3893229679126653
Network 6 - Default Mode: 6500 voxels done Correlation: 0.3937097741269572
Network 6 - Default Mode: 10000 voxels done Correlation: 0.4159888594206063
Network 6 - Default Mode: 15000 voxels done Correlation: 0.41101742329670626
Network 6 - Default Mode: 25000 voxels done Correlation: 0.4112124267250259
/home/fhopp/.conda/envs/mjs/lib/python3.8/site-packages/nilearn/masking.py:980: UserWarning: Data array used to create a new image contains 64-bit ints. This is likely due to creating the array with numpy and passing `int` as the `dtype`. Many tools such as FSL and SPM cannot deal with int64 in Nifti images, so for compatibility the data has been converted to int32.
  return new_img_like(mask_img, unmasked, affine)
Network 7 - Subcortical: 50 voxels done Correlation: 0.1563966070668567
Network 7 - Subcortical: 150 voxels done Correlation: 0.24667144215013237
Network 7 - Subcortical: 250 voxels done Correlation: 0.20173619468954015
Network 7 - Subcortical: 500 voxels done Correlation: 0.17810365504244377
Network 7 - Subcortical: 750 voxels done Correlation: 0.2036536666924706
Network 7 - Subcortical: 1000 voxels done Correlation: 0.23895883524274392
Network 7 - Subcortical: 1500 voxels done Correlation: 0.2346654149425548
Network 7 - Subcortical: 3000 voxels done Correlation: 0.15711614312993716
Network 7 - Subcortical: 5000 voxels done Correlation: 0.1612690868870284
Network 7 - Subcortical: 6500 voxels done Correlation: 0.15026954299545145
Network 7 - Subcortical: 10000 voxels done Correlation: 0.16879456245456903
Network 8 - Consciousness: 50 voxels done Correlation: 0.3201263094218647
Network 8 - Consciousness: 150 voxels done Correlation: 0.2962186528512266
Network 8 - Consciousness: 250 voxels done Correlation: 0.4450771225978519
Network 8 - Consciousness: 500 voxels done Correlation: 0.31003674544546833
Network 8 - Consciousness: 750 voxels done Correlation: 0.3132389514692545
Network 8 - Consciousness: 1000 voxels done Correlation: 0.4042217257578765
Network 8 - Consciousness: 1500 voxels done Correlation: 0.48775186336283505
Network 8 - Consciousness: 3000 voxels done Correlation: 0.42588127319176217
Network 8 - Consciousness: 5000 voxels done Correlation: 0.45897182219313915
Network 8 - Consciousness: 6500 voxels done Correlation: 0.4501877022527204
Network 8 - Consciousness: 10000 voxels done Correlation: 0.47865956876312965
Network 8 - Consciousness: 15000 voxels done Correlation: 0.4681840841422149
Network 8 - Consciousness: 25000 voxels done Correlation: 0.466902735950618
Network 8 - Consciousness: 50000 voxels done Correlation: 0.4667872714042231
