Running job on: nash
Iteration: 846
Starting spatial evaluation...
/home/fhopp/.conda/envs/mjs/lib/python3.8/site-packages/nilearn/maskers/nifti_masker.py:110: UserWarning: imgs are being resampled to the mask_img resolution. This process is memory intensive. You might want to provide a target_affine that is equal to the affine of the imgs or resample the mask beforehand to save memory and computation time.
  warnings.warn(
/home/fhopp/.conda/envs/mjs/lib/python3.8/site-packages/nilearn/masking.py:980: UserWarning: Data array used to create a new image contains 64-bit ints. This is likely due to creating the array with numpy and passing `int` as the `dtype`. Many tools such as FSL and SPM cannot deal with int64 in Nifti images, so for compatibility the data has been converted to int32.
  return new_img_like(mask_img, unmasked, affine)
Network 0 - Visual: 50 voxels done Correlation: 0.6552304311412473
Network 0 - Visual: 150 voxels done Correlation: 0.5173847209941637
Network 0 - Visual: 250 voxels done Correlation: 0.6821600898878819
Network 0 - Visual: 500 voxels done Correlation: 0.5803479460989196
Network 0 - Visual: 750 voxels done Correlation: 0.5521230155219664
Network 0 - Visual: 1000 voxels done Correlation: 0.5768723106661249
Network 0 - Visual: 1500 voxels done Correlation: 0.5641657077884181
Network 0 - Visual: 3000 voxels done Correlation: 0.6435014003408646
Network 0 - Visual: 5000 voxels done Correlation: 0.6334167885364019
Network 0 - Visual: 6500 voxels done Correlation: 0.6256185944670822
Network 0 - Visual: 10000 voxels done Correlation: 0.6256025745110294
Network 0 - Visual: 15000 voxels done Correlation: 0.6287594105011313
/home/fhopp/.conda/envs/mjs/lib/python3.8/site-packages/nilearn/masking.py:980: UserWarning: Data array used to create a new image contains 64-bit ints. This is likely due to creating the array with numpy and passing `int` as the `dtype`. Many tools such as FSL and SPM cannot deal with int64 in Nifti images, so for compatibility the data has been converted to int32.
  return new_img_like(mask_img, unmasked, affine)
Network 1 - Somatomotor: 50 voxels done Correlation: 0.19954701863602567
Network 1 - Somatomotor: 150 voxels done Correlation: 0.34893293450023105
Network 1 - Somatomotor: 250 voxels done Correlation: 0.3401206849962301
Network 1 - Somatomotor: 500 voxels done Correlation: 0.3038655805625112
Network 1 - Somatomotor: 750 voxels done Correlation: 0.3162681436021786
Network 1 - Somatomotor: 1000 voxels done Correlation: 0.3511364152490474
Network 1 - Somatomotor: 1500 voxels done Correlation: 0.30155701941077817
Network 1 - Somatomotor: 3000 voxels done Correlation: 0.3176530197289881
Network 1 - Somatomotor: 5000 voxels done Correlation: 0.3436329878049207
Network 1 - Somatomotor: 6500 voxels done Correlation: 0.3442036139588295
Network 1 - Somatomotor: 10000 voxels done Correlation: 0.34603976866797503
Network 1 - Somatomotor: 15000 voxels done Correlation: 0.3417989232924341
/home/fhopp/.conda/envs/mjs/lib/python3.8/site-packages/nilearn/masking.py:980: UserWarning: Data array used to create a new image contains 64-bit ints. This is likely due to creating the array with numpy and passing `int` as the `dtype`. Many tools such as FSL and SPM cannot deal with int64 in Nifti images, so for compatibility the data has been converted to int32.
  return new_img_like(mask_img, unmasked, affine)
Network 2 - dAttention: 50 voxels done Correlation: 0.1405204197014016
Network 2 - dAttention: 150 voxels done Correlation: 0.14860858000574786
Network 2 - dAttention: 250 voxels done Correlation: 0.24802615559367444
Network 2 - dAttention: 500 voxels done Correlation: 0.3276231042226464
Network 2 - dAttention: 750 voxels done Correlation: 0.3518347204671243
Network 2 - dAttention: 1000 voxels done Correlation: 0.31666320691517347
Network 2 - dAttention: 1500 voxels done Correlation: 0.34197887647706016
Network 2 - dAttention: 3000 voxels done Correlation: 0.31113990555607596
Network 2 - dAttention: 5000 voxels done Correlation: 0.33418678721937
Network 2 - dAttention: 6500 voxels done Correlation: 0.3155740754879156
Network 2 - dAttention: 10000 voxels done Correlation: 0.32927247908308654
Network 2 - dAttention: 15000 voxels done Correlation: 0.33007408365944124
/home/fhopp/.conda/envs/mjs/lib/python3.8/site-packages/nilearn/masking.py:980: UserWarning: Data array used to create a new image contains 64-bit ints. This is likely due to creating the array with numpy and passing `int` as the `dtype`. Many tools such as FSL and SPM cannot deal with int64 in Nifti images, so for compatibility the data has been converted to int32.
  return new_img_like(mask_img, unmasked, affine)
Network 3 - vAttention: 50 voxels done Correlation: 0.23493210363378492
Network 3 - vAttention: 150 voxels done Correlation: 0.32315468590304286
Network 3 - vAttention: 250 voxels done Correlation: 0.2932537204863469
Network 3 - vAttention: 500 voxels done Correlation: 0.33461579526409857
Network 3 - vAttention: 750 voxels done Correlation: 0.35969449199941
Network 3 - vAttention: 1000 voxels done Correlation: 0.2808956475474008
Network 3 - vAttention: 1500 voxels done Correlation: 0.3291206921693096
Network 3 - vAttention: 3000 voxels done Correlation: 0.36583018388649763
Network 3 - vAttention: 5000 voxels done Correlation: 0.3962860606594283
Network 3 - vAttention: 6500 voxels done Correlation: 0.38691484679388494
Network 3 - vAttention: 10000 voxels done Correlation: 0.3817266720364656
Network 3 - vAttention: 15000 voxels done Correlation: 0.3879312322837771
/home/fhopp/.conda/envs/mjs/lib/python3.8/site-packages/nilearn/masking.py:980: UserWarning: Data array used to create a new image contains 64-bit ints. This is likely due to creating the array with numpy and passing `int` as the `dtype`. Many tools such as FSL and SPM cannot deal with int64 in Nifti images, so for compatibility the data has been converted to int32.
  return new_img_like(mask_img, unmasked, affine)
Network 4 - Limbic: 50 voxels done Correlation: 0.1452197994615106
Network 4 - Limbic: 150 voxels done Correlation: 0.20805647206734607
Network 4 - Limbic: 250 voxels done Correlation: 0.2467403595960536
Network 4 - Limbic: 500 voxels done Correlation: 0.24027212826351724
Network 4 - Limbic: 750 voxels done Correlation: 0.23889701136914937
Network 4 - Limbic: 1000 voxels done Correlation: 0.29898444624617404
Network 4 - Limbic: 1500 voxels done Correlation: 0.26301717455347884
Network 4 - Limbic: 3000 voxels done Correlation: 0.278961477346919
Network 4 - Limbic: 5000 voxels done Correlation: 0.2925876802860772
Network 4 - Limbic: 6500 voxels done Correlation: 0.29263812717584053
Network 4 - Limbic: 10000 voxels done Correlation: 0.2921531049874432
/home/fhopp/.conda/envs/mjs/lib/python3.8/site-packages/nilearn/masking.py:980: UserWarning: Data array used to create a new image contains 64-bit ints. This is likely due to creating the array with numpy and passing `int` as the `dtype`. Many tools such as FSL and SPM cannot deal with int64 in Nifti images, so for compatibility the data has been converted to int32.
  return new_img_like(mask_img, unmasked, affine)
Network 5 - Frontoparietal: 50 voxels done Correlation: 0.21927050377702978
Network 5 - Frontoparietal: 150 voxels done Correlation: 0.1839882085935513
Network 5 - Frontoparietal: 250 voxels done Correlation: 0.21710671840612525
Network 5 - Frontoparietal: 500 voxels done Correlation: 0.21154670932273956
Network 5 - Frontoparietal: 750 voxels done Correlation: 0.2575531320978768
Network 5 - Frontoparietal: 1000 voxels done Correlation: 0.214690543941424
Network 5 - Frontoparietal: 1500 voxels done Correlation: 0.21230622951440503
Network 5 - Frontoparietal: 3000 voxels done Correlation: 0.2561760819810347
Network 5 - Frontoparietal: 5000 voxels done Correlation: 0.2390625237054948
Network 5 - Frontoparietal: 6500 voxels done Correlation: 0.2224491998377446
Network 5 - Frontoparietal: 10000 voxels done Correlation: 0.23408111498485545
Network 5 - Frontoparietal: 15000 voxels done Correlation: 0.23884944825784982
/home/fhopp/.conda/envs/mjs/lib/python3.8/site-packages/nilearn/masking.py:980: UserWarning: Data array used to create a new image contains 64-bit ints. This is likely due to creating the array with numpy and passing `int` as the `dtype`. Many tools such as FSL and SPM cannot deal with int64 in Nifti images, so for compatibility the data has been converted to int32.
  return new_img_like(mask_img, unmasked, affine)
Network 6 - Default Mode: 50 voxels done Correlation: 0.30866164208360025
Network 6 - Default Mode: 150 voxels done Correlation: 0.38400828025653044
Network 6 - Default Mode: 250 voxels done Correlation: 0.3771359611609064
Network 6 - Default Mode: 500 voxels done Correlation: 0.3413124481622306
Network 6 - Default Mode: 750 voxels done Correlation: 0.38234101078288857
Network 6 - Default Mode: 1000 voxels done Correlation: 0.32831835557372596
Network 6 - Default Mode: 1500 voxels done Correlation: 0.32103373286365433
Network 6 - Default Mode: 3000 voxels done Correlation: 0.39392339582768576
Network 6 - Default Mode: 5000 voxels done Correlation: 0.40490874061750626
Network 6 - Default Mode: 6500 voxels done Correlation: 0.3965769447494919
Network 6 - Default Mode: 10000 voxels done Correlation: 0.42117230457058974
Network 6 - Default Mode: 15000 voxels done Correlation: 0.4156386144068885
Network 6 - Default Mode: 25000 voxels done Correlation: 0.4082024676010501
/home/fhopp/.conda/envs/mjs/lib/python3.8/site-packages/nilearn/masking.py:980: UserWarning: Data array used to create a new image contains 64-bit ints. This is likely due to creating the array with numpy and passing `int` as the `dtype`. Many tools such as FSL and SPM cannot deal with int64 in Nifti images, so for compatibility the data has been converted to int32.
  return new_img_like(mask_img, unmasked, affine)
Network 7 - Subcortical: 50 voxels done Correlation: 0.1653041101712918
Network 7 - Subcortical: 150 voxels done Correlation: 0.23052784487303593
Network 7 - Subcortical: 250 voxels done Correlation: 0.2014290424173585
Network 7 - Subcortical: 500 voxels done Correlation: 0.2531618747815989
Network 7 - Subcortical: 750 voxels done Correlation: 0.1945331124449366
Network 7 - Subcortical: 1000 voxels done Correlation: 0.24501678003282146
Network 7 - Subcortical: 1500 voxels done Correlation: 0.19067160187849314
Network 7 - Subcortical: 3000 voxels done Correlation: 0.1883080821421747
Network 7 - Subcortical: 5000 voxels done Correlation: 0.16071452964793426
Network 7 - Subcortical: 6500 voxels done Correlation: 0.17555675836903595
Network 7 - Subcortical: 10000 voxels done Correlation: 0.1668232215187644
Network 8 - Consciousness: 50 voxels done Correlation: 0.3514168209671769
Network 8 - Consciousness: 150 voxels done Correlation: 0.32293845235620544
Network 8 - Consciousness: 250 voxels done Correlation: 0.358778731757889
Network 8 - Consciousness: 500 voxels done Correlation: 0.3423000964046387
Network 8 - Consciousness: 750 voxels done Correlation: 0.33550984354700897
Network 8 - Consciousness: 1000 voxels done Correlation: 0.39773051659554415
Network 8 - Consciousness: 1500 voxels done Correlation: 0.45242249626232706
Network 8 - Consciousness: 3000 voxels done Correlation: 0.49421046584250417
Network 8 - Consciousness: 5000 voxels done Correlation: 0.4250765710513778
Network 8 - Consciousness: 6500 voxels done Correlation: 0.4693842872782364
Network 8 - Consciousness: 10000 voxels done Correlation: 0.4665194031219794
Network 8 - Consciousness: 15000 voxels done Correlation: 0.46603323869824576
Network 8 - Consciousness: 25000 voxels done Correlation: 0.474318703235981
Network 8 - Consciousness: 50000 voxels done Correlation: 0.46328118936739004
