Running job on: wood
Iteration: 144
Starting spatial evaluation...
/home/fhopp/.conda/envs/mjs/lib/python3.8/site-packages/nilearn/maskers/nifti_masker.py:110: UserWarning: imgs are being resampled to the mask_img resolution. This process is memory intensive. You might want to provide a target_affine that is equal to the affine of the imgs or resample the mask beforehand to save memory and computation time.
  warnings.warn(
/home/fhopp/.conda/envs/mjs/lib/python3.8/site-packages/nilearn/masking.py:980: UserWarning: Data array used to create a new image contains 64-bit ints. This is likely due to creating the array with numpy and passing `int` as the `dtype`. Many tools such as FSL and SPM cannot deal with int64 in Nifti images, so for compatibility the data has been converted to int32.
  return new_img_like(mask_img, unmasked, affine)
Network 0 - Visual: 50 voxels done Correlation: 0.6441547692894336
Network 0 - Visual: 150 voxels done Correlation: 0.5765246387767429
Network 0 - Visual: 250 voxels done Correlation: 0.6096398963430016
Network 0 - Visual: 500 voxels done Correlation: 0.5519680885801839
Network 0 - Visual: 750 voxels done Correlation: 0.599458432754041
Network 0 - Visual: 1000 voxels done Correlation: 0.5978105856680289
Network 0 - Visual: 1500 voxels done Correlation: 0.6052006005479516
Network 0 - Visual: 3000 voxels done Correlation: 0.5994553280824725
Network 0 - Visual: 5000 voxels done Correlation: 0.6105938353234068
Network 0 - Visual: 6500 voxels done Correlation: 0.6239818480166084
Network 0 - Visual: 10000 voxels done Correlation: 0.6271613048299576
Network 0 - Visual: 15000 voxels done Correlation: 0.6325572395378758
/home/fhopp/.conda/envs/mjs/lib/python3.8/site-packages/nilearn/masking.py:980: UserWarning: Data array used to create a new image contains 64-bit ints. This is likely due to creating the array with numpy and passing `int` as the `dtype`. Many tools such as FSL and SPM cannot deal with int64 in Nifti images, so for compatibility the data has been converted to int32.
  return new_img_like(mask_img, unmasked, affine)
Network 1 - Somatomotor: 50 voxels done Correlation: 0.3124012226953979
Network 1 - Somatomotor: 150 voxels done Correlation: 0.3402519888488543
Network 1 - Somatomotor: 250 voxels done Correlation: 0.27258163707707683
Network 1 - Somatomotor: 500 voxels done Correlation: 0.39357014914767835
Network 1 - Somatomotor: 750 voxels done Correlation: 0.3700243832154551
Network 1 - Somatomotor: 1000 voxels done Correlation: 0.34061055510525695
Network 1 - Somatomotor: 1500 voxels done Correlation: 0.3778884716903764
Network 1 - Somatomotor: 3000 voxels done Correlation: 0.3305899934647786
Network 1 - Somatomotor: 5000 voxels done Correlation: 0.3322044492331232
Network 1 - Somatomotor: 6500 voxels done Correlation: 0.34448688227338997
Network 1 - Somatomotor: 10000 voxels done Correlation: 0.3492388399011582
Network 1 - Somatomotor: 15000 voxels done Correlation: 0.3434637755334855
/home/fhopp/.conda/envs/mjs/lib/python3.8/site-packages/nilearn/masking.py:980: UserWarning: Data array used to create a new image contains 64-bit ints. This is likely due to creating the array with numpy and passing `int` as the `dtype`. Many tools such as FSL and SPM cannot deal with int64 in Nifti images, so for compatibility the data has been converted to int32.
  return new_img_like(mask_img, unmasked, affine)
Network 2 - dAttention: 50 voxels done Correlation: 0.31862451787508805
Network 2 - dAttention: 150 voxels done Correlation: 0.32124427994630866
Network 2 - dAttention: 250 voxels done Correlation: 0.40825453180338855
Network 2 - dAttention: 500 voxels done Correlation: 0.34881312173713075
Network 2 - dAttention: 750 voxels done Correlation: 0.29114160436891817
Network 2 - dAttention: 1000 voxels done Correlation: 0.36588787302471115
Network 2 - dAttention: 1500 voxels done Correlation: 0.3292995263304655
Network 2 - dAttention: 3000 voxels done Correlation: 0.35708248770086903
Network 2 - dAttention: 5000 voxels done Correlation: 0.3138206005314462
Network 2 - dAttention: 6500 voxels done Correlation: 0.33618661948132444
Network 2 - dAttention: 10000 voxels done Correlation: 0.3333277895632434
Network 2 - dAttention: 15000 voxels done Correlation: 0.3336587717613938
/home/fhopp/.conda/envs/mjs/lib/python3.8/site-packages/nilearn/masking.py:980: UserWarning: Data array used to create a new image contains 64-bit ints. This is likely due to creating the array with numpy and passing `int` as the `dtype`. Many tools such as FSL and SPM cannot deal with int64 in Nifti images, so for compatibility the data has been converted to int32.
  return new_img_like(mask_img, unmasked, affine)
Network 3 - vAttention: 50 voxels done Correlation: 0.23439594648490317
Network 3 - vAttention: 150 voxels done Correlation: 0.24923173834683437
Network 3 - vAttention: 250 voxels done Correlation: 0.31288000153305917
Network 3 - vAttention: 500 voxels done Correlation: 0.3391491999500772
Network 3 - vAttention: 750 voxels done Correlation: 0.3201110274785374
Network 3 - vAttention: 1000 voxels done Correlation: 0.3490250516068395
Network 3 - vAttention: 1500 voxels done Correlation: 0.3596323702151976
Network 3 - vAttention: 3000 voxels done Correlation: 0.38795781836506715
Network 3 - vAttention: 5000 voxels done Correlation: 0.38182694364623715
Network 3 - vAttention: 6500 voxels done Correlation: 0.36525450879179827
Network 3 - vAttention: 10000 voxels done Correlation: 0.3789885954368723
Network 3 - vAttention: 15000 voxels done Correlation: 0.38670235369999156
/home/fhopp/.conda/envs/mjs/lib/python3.8/site-packages/nilearn/masking.py:980: UserWarning: Data array used to create a new image contains 64-bit ints. This is likely due to creating the array with numpy and passing `int` as the `dtype`. Many tools such as FSL and SPM cannot deal with int64 in Nifti images, so for compatibility the data has been converted to int32.
  return new_img_like(mask_img, unmasked, affine)
Network 4 - Limbic: 50 voxels done Correlation: 0.24004025531257375
Network 4 - Limbic: 150 voxels done Correlation: 0.20697184219813847
Network 4 - Limbic: 250 voxels done Correlation: 0.25940155035551077
Network 4 - Limbic: 500 voxels done Correlation: 0.28799607684222284
Network 4 - Limbic: 750 voxels done Correlation: 0.28036233017425427
Network 4 - Limbic: 1000 voxels done Correlation: 0.29166647194981327
Network 4 - Limbic: 1500 voxels done Correlation: 0.24210286660217334
Network 4 - Limbic: 3000 voxels done Correlation: 0.2734696648055269
Network 4 - Limbic: 5000 voxels done Correlation: 0.27862022601239733
Network 4 - Limbic: 6500 voxels done Correlation: 0.27949826538415196
Network 4 - Limbic: 10000 voxels done Correlation: 0.2920679638371583
/home/fhopp/.conda/envs/mjs/lib/python3.8/site-packages/nilearn/masking.py:980: UserWarning: Data array used to create a new image contains 64-bit ints. This is likely due to creating the array with numpy and passing `int` as the `dtype`. Many tools such as FSL and SPM cannot deal with int64 in Nifti images, so for compatibility the data has been converted to int32.
  return new_img_like(mask_img, unmasked, affine)
Network 5 - Frontoparietal: 50 voxels done Correlation: 0.15624299922756285
Network 5 - Frontoparietal: 150 voxels done Correlation: 0.1786874842924871
Network 5 - Frontoparietal: 250 voxels done Correlation: 0.24382330248513692
Network 5 - Frontoparietal: 500 voxels done Correlation: 0.24070184786051482
Network 5 - Frontoparietal: 750 voxels done Correlation: 0.20073938847925113
Network 5 - Frontoparietal: 1000 voxels done Correlation: 0.22075720692733797
Network 5 - Frontoparietal: 1500 voxels done Correlation: 0.23329147154861135
Network 5 - Frontoparietal: 3000 voxels done Correlation: 0.23356994125708436
Network 5 - Frontoparietal: 5000 voxels done Correlation: 0.23117744748841512
Network 5 - Frontoparietal: 6500 voxels done Correlation: 0.2324927529422342
Network 5 - Frontoparietal: 10000 voxels done Correlation: 0.2339750135712974
Network 5 - Frontoparietal: 15000 voxels done Correlation: 0.2362297661934213
/home/fhopp/.conda/envs/mjs/lib/python3.8/site-packages/nilearn/masking.py:980: UserWarning: Data array used to create a new image contains 64-bit ints. This is likely due to creating the array with numpy and passing `int` as the `dtype`. Many tools such as FSL and SPM cannot deal with int64 in Nifti images, so for compatibility the data has been converted to int32.
  return new_img_like(mask_img, unmasked, affine)
Network 6 - Default Mode: 50 voxels done Correlation: 0.28496042484102013
Network 6 - Default Mode: 150 voxels done Correlation: 0.2708006982870375
Network 6 - Default Mode: 250 voxels done Correlation: 0.30325172243315357
Network 6 - Default Mode: 500 voxels done Correlation: 0.37965761654746777
Network 6 - Default Mode: 750 voxels done Correlation: 0.36880045629545155
Network 6 - Default Mode: 1000 voxels done Correlation: 0.41590049069988716
Network 6 - Default Mode: 1500 voxels done Correlation: 0.369425875060473
Network 6 - Default Mode: 3000 voxels done Correlation: 0.3994176020198008
Network 6 - Default Mode: 5000 voxels done Correlation: 0.3951464338263332
Network 6 - Default Mode: 6500 voxels done Correlation: 0.3873149812026337
Network 6 - Default Mode: 10000 voxels done Correlation: 0.40787836174823655
Network 6 - Default Mode: 15000 voxels done Correlation: 0.4097096166200376
Network 6 - Default Mode: 25000 voxels done Correlation: 0.40517481358380303
/home/fhopp/.conda/envs/mjs/lib/python3.8/site-packages/nilearn/masking.py:980: UserWarning: Data array used to create a new image contains 64-bit ints. This is likely due to creating the array with numpy and passing `int` as the `dtype`. Many tools such as FSL and SPM cannot deal with int64 in Nifti images, so for compatibility the data has been converted to int32.
  return new_img_like(mask_img, unmasked, affine)
Network 7 - Subcortical: 50 voxels done Correlation: 0.12015510456515921
Network 7 - Subcortical: 150 voxels done Correlation: 0.24972999774652865
Network 7 - Subcortical: 250 voxels done Correlation: 0.17997493052853908
Network 7 - Subcortical: 500 voxels done Correlation: 0.2358813571551907
Network 7 - Subcortical: 750 voxels done Correlation: 0.24053012366007648
Network 7 - Subcortical: 1000 voxels done Correlation: 0.20439001504150794
Network 7 - Subcortical: 1500 voxels done Correlation: 0.20900863576462564
Network 7 - Subcortical: 3000 voxels done Correlation: 0.19516477676759403
Network 7 - Subcortical: 5000 voxels done Correlation: 0.1549539971483575
Network 7 - Subcortical: 6500 voxels done Correlation: 0.16835361051391567
Network 7 - Subcortical: 10000 voxels done Correlation: 0.1686729404968335
Network 8 - Consciousness: 50 voxels done Correlation: 0.2136220736455684
Network 8 - Consciousness: 150 voxels done Correlation: 0.413194324440623
Network 8 - Consciousness: 250 voxels done Correlation: 0.3725749023000388
Network 8 - Consciousness: 500 voxels done Correlation: 0.3790192446731681
Network 8 - Consciousness: 750 voxels done Correlation: 0.3660558828015469
Network 8 - Consciousness: 1000 voxels done Correlation: 0.3687459425935143
Network 8 - Consciousness: 1500 voxels done Correlation: 0.4556003090320663
Network 8 - Consciousness: 3000 voxels done Correlation: 0.43954171681369136
Network 8 - Consciousness: 5000 voxels done Correlation: 0.4687640806592178
Network 8 - Consciousness: 6500 voxels done Correlation: 0.444037241859561
Network 8 - Consciousness: 10000 voxels done Correlation: 0.4809377157944327
Network 8 - Consciousness: 15000 voxels done Correlation: 0.4535676378051891
Network 8 - Consciousness: 25000 voxels done Correlation: 0.4671848275419782
Network 8 - Consciousness: 50000 voxels done Correlation: 0.46645232815507776
