Running job on: nash
Iteration: 286
Starting spatial evaluation...
/home/fhopp/.conda/envs/mjs/lib/python3.8/site-packages/nilearn/maskers/nifti_masker.py:110: UserWarning: imgs are being resampled to the mask_img resolution. This process is memory intensive. You might want to provide a target_affine that is equal to the affine of the imgs or resample the mask beforehand to save memory and computation time.
  warnings.warn(
/home/fhopp/.conda/envs/mjs/lib/python3.8/site-packages/nilearn/masking.py:980: UserWarning: Data array used to create a new image contains 64-bit ints. This is likely due to creating the array with numpy and passing `int` as the `dtype`. Many tools such as FSL and SPM cannot deal with int64 in Nifti images, so for compatibility the data has been converted to int32.
  return new_img_like(mask_img, unmasked, affine)
Network 0 - Visual: 50 voxels done Correlation: 0.561852402548069
Network 0 - Visual: 150 voxels done Correlation: 0.624024085003404
Network 0 - Visual: 250 voxels done Correlation: 0.5707782513436043
Network 0 - Visual: 500 voxels done Correlation: 0.6251757867493577
Network 0 - Visual: 750 voxels done Correlation: 0.605678702134039
Network 0 - Visual: 1000 voxels done Correlation: 0.5936304104270491
Network 0 - Visual: 1500 voxels done Correlation: 0.617003832111904
Network 0 - Visual: 3000 voxels done Correlation: 0.6242782214173698
Network 0 - Visual: 5000 voxels done Correlation: 0.6191539751696193
Network 0 - Visual: 6500 voxels done Correlation: 0.6264570518232233
Network 0 - Visual: 10000 voxels done Correlation: 0.6220159185062222
Network 0 - Visual: 15000 voxels done Correlation: 0.629740798651709
/home/fhopp/.conda/envs/mjs/lib/python3.8/site-packages/nilearn/masking.py:980: UserWarning: Data array used to create a new image contains 64-bit ints. This is likely due to creating the array with numpy and passing `int` as the `dtype`. Many tools such as FSL and SPM cannot deal with int64 in Nifti images, so for compatibility the data has been converted to int32.
  return new_img_like(mask_img, unmasked, affine)
Network 1 - Somatomotor: 50 voxels done Correlation: 0.12028760819856288
Network 1 - Somatomotor: 150 voxels done Correlation: 0.26997411185632086
Network 1 - Somatomotor: 250 voxels done Correlation: 0.31535431972728656
Network 1 - Somatomotor: 500 voxels done Correlation: 0.3539665637620926
Network 1 - Somatomotor: 750 voxels done Correlation: 0.3937091958662572
Network 1 - Somatomotor: 1000 voxels done Correlation: 0.33976702545977144
Network 1 - Somatomotor: 1500 voxels done Correlation: 0.33554590986348076
Network 1 - Somatomotor: 3000 voxels done Correlation: 0.3641522661604599
Network 1 - Somatomotor: 5000 voxels done Correlation: 0.3372064400660095
Network 1 - Somatomotor: 6500 voxels done Correlation: 0.33985242273561544
Network 1 - Somatomotor: 10000 voxels done Correlation: 0.34618589168829894
Network 1 - Somatomotor: 15000 voxels done Correlation: 0.3419510576164902
/home/fhopp/.conda/envs/mjs/lib/python3.8/site-packages/nilearn/masking.py:980: UserWarning: Data array used to create a new image contains 64-bit ints. This is likely due to creating the array with numpy and passing `int` as the `dtype`. Many tools such as FSL and SPM cannot deal with int64 in Nifti images, so for compatibility the data has been converted to int32.
  return new_img_like(mask_img, unmasked, affine)
Network 2 - dAttention: 50 voxels done Correlation: 0.2504101117731929
Network 2 - dAttention: 150 voxels done Correlation: 0.2588753677890233
Network 2 - dAttention: 250 voxels done Correlation: 0.2961216709716663
Network 2 - dAttention: 500 voxels done Correlation: 0.3180832686351569
Network 2 - dAttention: 750 voxels done Correlation: 0.32469200054168
Network 2 - dAttention: 1000 voxels done Correlation: 0.3418182663624645
Network 2 - dAttention: 1500 voxels done Correlation: 0.2758318937723886
Network 2 - dAttention: 3000 voxels done Correlation: 0.3197812269439396
Network 2 - dAttention: 5000 voxels done Correlation: 0.3276562142012125
Network 2 - dAttention: 6500 voxels done Correlation: 0.32856425024505476
Network 2 - dAttention: 10000 voxels done Correlation: 0.32857520353342506
Network 2 - dAttention: 15000 voxels done Correlation: 0.3318156919935672
/home/fhopp/.conda/envs/mjs/lib/python3.8/site-packages/nilearn/masking.py:980: UserWarning: Data array used to create a new image contains 64-bit ints. This is likely due to creating the array with numpy and passing `int` as the `dtype`. Many tools such as FSL and SPM cannot deal with int64 in Nifti images, so for compatibility the data has been converted to int32.
  return new_img_like(mask_img, unmasked, affine)
Network 3 - vAttention: 50 voxels done Correlation: 0.2136009800298938
Network 3 - vAttention: 150 voxels done Correlation: 0.1868789436140556
Network 3 - vAttention: 250 voxels done Correlation: 0.3418048027678052
Network 3 - vAttention: 500 voxels done Correlation: 0.3322568590719275
Network 3 - vAttention: 750 voxels done Correlation: 0.3297431803520485
Network 3 - vAttention: 1000 voxels done Correlation: 0.3728669045164925
Network 3 - vAttention: 1500 voxels done Correlation: 0.3193670060793945
Network 3 - vAttention: 3000 voxels done Correlation: 0.3654473189354625
Network 3 - vAttention: 5000 voxels done Correlation: 0.39783758036363137
Network 3 - vAttention: 6500 voxels done Correlation: 0.37933510312272045
Network 3 - vAttention: 10000 voxels done Correlation: 0.3869544806845764
Network 3 - vAttention: 15000 voxels done Correlation: 0.3885156308442762
/home/fhopp/.conda/envs/mjs/lib/python3.8/site-packages/nilearn/masking.py:980: UserWarning: Data array used to create a new image contains 64-bit ints. This is likely due to creating the array with numpy and passing `int` as the `dtype`. Many tools such as FSL and SPM cannot deal with int64 in Nifti images, so for compatibility the data has been converted to int32.
  return new_img_like(mask_img, unmasked, affine)
Network 4 - Limbic: 50 voxels done Correlation: 0.15388835993048297
Network 4 - Limbic: 150 voxels done Correlation: 0.14609013571665197
Network 4 - Limbic: 250 voxels done Correlation: 0.23399364569627967
Network 4 - Limbic: 500 voxels done Correlation: 0.2770590315127834
Network 4 - Limbic: 750 voxels done Correlation: 0.27256257952798374
Network 4 - Limbic: 1000 voxels done Correlation: 0.2697871604108072
Network 4 - Limbic: 1500 voxels done Correlation: 0.23233186799171135
Network 4 - Limbic: 3000 voxels done Correlation: 0.2761962484015662
Network 4 - Limbic: 5000 voxels done Correlation: 0.2941105493332104
Network 4 - Limbic: 6500 voxels done Correlation: 0.30242457974159226
Network 4 - Limbic: 10000 voxels done Correlation: 0.28073203444454126
/home/fhopp/.conda/envs/mjs/lib/python3.8/site-packages/nilearn/masking.py:980: UserWarning: Data array used to create a new image contains 64-bit ints. This is likely due to creating the array with numpy and passing `int` as the `dtype`. Many tools such as FSL and SPM cannot deal with int64 in Nifti images, so for compatibility the data has been converted to int32.
  return new_img_like(mask_img, unmasked, affine)
Network 5 - Frontoparietal: 50 voxels done Correlation: 0.16340524288074174
Network 5 - Frontoparietal: 150 voxels done Correlation: 0.15339195930074656
Network 5 - Frontoparietal: 250 voxels done Correlation: 0.21061574013350295
Network 5 - Frontoparietal: 500 voxels done Correlation: 0.16313103666564238
Network 5 - Frontoparietal: 750 voxels done Correlation: 0.23961861432258758
Network 5 - Frontoparietal: 1000 voxels done Correlation: 0.22358594754983002
Network 5 - Frontoparietal: 1500 voxels done Correlation: 0.24367337366065167
Network 5 - Frontoparietal: 3000 voxels done Correlation: 0.223587615124256
Network 5 - Frontoparietal: 5000 voxels done Correlation: 0.23559401687013629
Network 5 - Frontoparietal: 6500 voxels done Correlation: 0.24217961500317955
Network 5 - Frontoparietal: 10000 voxels done Correlation: 0.23632514058122142
Network 5 - Frontoparietal: 15000 voxels done Correlation: 0.23609209713847917
/home/fhopp/.conda/envs/mjs/lib/python3.8/site-packages/nilearn/masking.py:980: UserWarning: Data array used to create a new image contains 64-bit ints. This is likely due to creating the array with numpy and passing `int` as the `dtype`. Many tools such as FSL and SPM cannot deal with int64 in Nifti images, so for compatibility the data has been converted to int32.
  return new_img_like(mask_img, unmasked, affine)
Network 6 - Default Mode: 50 voxels done Correlation: 0.3256384382824661
Network 6 - Default Mode: 150 voxels done Correlation: 0.3033232226036273
Network 6 - Default Mode: 250 voxels done Correlation: 0.3802626797859465
Network 6 - Default Mode: 500 voxels done Correlation: 0.34984614806135467
Network 6 - Default Mode: 750 voxels done Correlation: 0.42007361419377176
Network 6 - Default Mode: 1000 voxels done Correlation: 0.3646457892284372
Network 6 - Default Mode: 1500 voxels done Correlation: 0.34735627616420933
Network 6 - Default Mode: 3000 voxels done Correlation: 0.3762603040868647
Network 6 - Default Mode: 5000 voxels done Correlation: 0.3980675234313702
Network 6 - Default Mode: 6500 voxels done Correlation: 0.4181816264442675
Network 6 - Default Mode: 10000 voxels done Correlation: 0.40686182077383437
Network 6 - Default Mode: 15000 voxels done Correlation: 0.4165955162829307
Network 6 - Default Mode: 25000 voxels done Correlation: 0.40441570599217824
/home/fhopp/.conda/envs/mjs/lib/python3.8/site-packages/nilearn/masking.py:980: UserWarning: Data array used to create a new image contains 64-bit ints. This is likely due to creating the array with numpy and passing `int` as the `dtype`. Many tools such as FSL and SPM cannot deal with int64 in Nifti images, so for compatibility the data has been converted to int32.
  return new_img_like(mask_img, unmasked, affine)
Network 7 - Subcortical: 50 voxels done Correlation: 0.08519478390320391
Network 7 - Subcortical: 150 voxels done Correlation: 0.1988328671384198
Network 7 - Subcortical: 250 voxels done Correlation: 0.2117701191984125
Network 7 - Subcortical: 500 voxels done Correlation: 0.2585242699847083
Network 7 - Subcortical: 750 voxels done Correlation: 0.24115787146163523
Network 7 - Subcortical: 1000 voxels done Correlation: 0.22658335839745064
Network 7 - Subcortical: 1500 voxels done Correlation: 0.19107860490644135
Network 7 - Subcortical: 3000 voxels done Correlation: 0.1889861868000385
Network 7 - Subcortical: 5000 voxels done Correlation: 0.16266519991735143
Network 7 - Subcortical: 6500 voxels done Correlation: 0.15164650660302123
Network 7 - Subcortical: 10000 voxels done Correlation: 0.16530646155273865
Network 8 - Consciousness: 50 voxels done Correlation: 0.2465644237307466
Network 8 - Consciousness: 150 voxels done Correlation: 0.2918100355271167
Network 8 - Consciousness: 250 voxels done Correlation: 0.2970097207899729
Network 8 - Consciousness: 500 voxels done Correlation: 0.36491419531888625
Network 8 - Consciousness: 750 voxels done Correlation: 0.3673543599911163
Network 8 - Consciousness: 1000 voxels done Correlation: 0.41637250450240326
Network 8 - Consciousness: 1500 voxels done Correlation: 0.4721177355932398
Network 8 - Consciousness: 3000 voxels done Correlation: 0.4066195487696792
Network 8 - Consciousness: 5000 voxels done Correlation: 0.44453180516123275
Network 8 - Consciousness: 6500 voxels done Correlation: 0.45125167694593665
Network 8 - Consciousness: 10000 voxels done Correlation: 0.44113756857782793
Network 8 - Consciousness: 15000 voxels done Correlation: 0.46528451702268736
Network 8 - Consciousness: 25000 voxels done Correlation: 0.4720857704413336
Network 8 - Consciousness: 50000 voxels done Correlation: 0.4658377606304138
