Running job on: wood
Iteration: 709
Starting spatial evaluation...
/home/fhopp/.conda/envs/mjs/lib/python3.8/site-packages/nilearn/maskers/nifti_masker.py:110: UserWarning: imgs are being resampled to the mask_img resolution. This process is memory intensive. You might want to provide a target_affine that is equal to the affine of the imgs or resample the mask beforehand to save memory and computation time.
  warnings.warn(
/home/fhopp/.conda/envs/mjs/lib/python3.8/site-packages/nilearn/masking.py:980: UserWarning: Data array used to create a new image contains 64-bit ints. This is likely due to creating the array with numpy and passing `int` as the `dtype`. Many tools such as FSL and SPM cannot deal with int64 in Nifti images, so for compatibility the data has been converted to int32.
  return new_img_like(mask_img, unmasked, affine)
Network 0 - Visual: 50 voxels done Correlation: 0.6023178583658346
Network 0 - Visual: 150 voxels done Correlation: 0.5414374191491902
Network 0 - Visual: 250 voxels done Correlation: 0.6713467414889729
Network 0 - Visual: 500 voxels done Correlation: 0.5689796260714763
Network 0 - Visual: 750 voxels done Correlation: 0.5783933648442973
Network 0 - Visual: 1000 voxels done Correlation: 0.609681165180721
Network 0 - Visual: 1500 voxels done Correlation: 0.6218369400095891
Network 0 - Visual: 3000 voxels done Correlation: 0.6059362986372433
Network 0 - Visual: 5000 voxels done Correlation: 0.6309004002684306
Network 0 - Visual: 6500 voxels done Correlation: 0.6262656025141635
Network 0 - Visual: 10000 voxels done Correlation: 0.6239079331016408
Network 0 - Visual: 15000 voxels done Correlation: 0.6303629436178075
/home/fhopp/.conda/envs/mjs/lib/python3.8/site-packages/nilearn/masking.py:980: UserWarning: Data array used to create a new image contains 64-bit ints. This is likely due to creating the array with numpy and passing `int` as the `dtype`. Many tools such as FSL and SPM cannot deal with int64 in Nifti images, so for compatibility the data has been converted to int32.
  return new_img_like(mask_img, unmasked, affine)
Network 1 - Somatomotor: 50 voxels done Correlation: 0.1533013596679798
Network 1 - Somatomotor: 150 voxels done Correlation: 0.28071060723977137
Network 1 - Somatomotor: 250 voxels done Correlation: 0.3662924159699537
Network 1 - Somatomotor: 500 voxels done Correlation: 0.3693083254399896
Network 1 - Somatomotor: 750 voxels done Correlation: 0.3617418618132624
Network 1 - Somatomotor: 1000 voxels done Correlation: 0.32827972508117276
Network 1 - Somatomotor: 1500 voxels done Correlation: 0.3638400914551408
Network 1 - Somatomotor: 3000 voxels done Correlation: 0.30493713006443945
Network 1 - Somatomotor: 5000 voxels done Correlation: 0.3396568277507651
Network 1 - Somatomotor: 6500 voxels done Correlation: 0.34807409015079604
Network 1 - Somatomotor: 10000 voxels done Correlation: 0.34189123975787244
Network 1 - Somatomotor: 15000 voxels done Correlation: 0.3435461811407198
/home/fhopp/.conda/envs/mjs/lib/python3.8/site-packages/nilearn/masking.py:980: UserWarning: Data array used to create a new image contains 64-bit ints. This is likely due to creating the array with numpy and passing `int` as the `dtype`. Many tools such as FSL and SPM cannot deal with int64 in Nifti images, so for compatibility the data has been converted to int32.
  return new_img_like(mask_img, unmasked, affine)
Network 2 - dAttention: 50 voxels done Correlation: 0.17630573030324376
Network 2 - dAttention: 150 voxels done Correlation: 0.3386342518059434
Network 2 - dAttention: 250 voxels done Correlation: 0.26268802781571304
Network 2 - dAttention: 500 voxels done Correlation: 0.39805005254782044
Network 2 - dAttention: 750 voxels done Correlation: 0.34100921987101906
Network 2 - dAttention: 1000 voxels done Correlation: 0.30084139077993277
Network 2 - dAttention: 1500 voxels done Correlation: 0.3053787071943896
Network 2 - dAttention: 3000 voxels done Correlation: 0.3134307082935216
Network 2 - dAttention: 5000 voxels done Correlation: 0.3630943005153036
Network 2 - dAttention: 6500 voxels done Correlation: 0.33609239865426066
Network 2 - dAttention: 10000 voxels done Correlation: 0.34060111228215023
Network 2 - dAttention: 15000 voxels done Correlation: 0.3332075975984096
/home/fhopp/.conda/envs/mjs/lib/python3.8/site-packages/nilearn/masking.py:980: UserWarning: Data array used to create a new image contains 64-bit ints. This is likely due to creating the array with numpy and passing `int` as the `dtype`. Many tools such as FSL and SPM cannot deal with int64 in Nifti images, so for compatibility the data has been converted to int32.
  return new_img_like(mask_img, unmasked, affine)
Network 3 - vAttention: 50 voxels done Correlation: 0.2384992541818164
Network 3 - vAttention: 150 voxels done Correlation: 0.2904436400764271
Network 3 - vAttention: 250 voxels done Correlation: 0.37094762460996
Network 3 - vAttention: 500 voxels done Correlation: 0.35795071541090173
Network 3 - vAttention: 750 voxels done Correlation: 0.3197352574138159
Network 3 - vAttention: 1000 voxels done Correlation: 0.35612220860288013
Network 3 - vAttention: 1500 voxels done Correlation: 0.3679083769983744
Network 3 - vAttention: 3000 voxels done Correlation: 0.33805728114890243
Network 3 - vAttention: 5000 voxels done Correlation: 0.37956335187181817
Network 3 - vAttention: 6500 voxels done Correlation: 0.38492294951390404
Network 3 - vAttention: 10000 voxels done Correlation: 0.38790105323766405
Network 3 - vAttention: 15000 voxels done Correlation: 0.3872923919505147
/home/fhopp/.conda/envs/mjs/lib/python3.8/site-packages/nilearn/masking.py:980: UserWarning: Data array used to create a new image contains 64-bit ints. This is likely due to creating the array with numpy and passing `int` as the `dtype`. Many tools such as FSL and SPM cannot deal with int64 in Nifti images, so for compatibility the data has been converted to int32.
  return new_img_like(mask_img, unmasked, affine)
Network 4 - Limbic: 50 voxels done Correlation: 0.27293848791960656
Network 4 - Limbic: 150 voxels done Correlation: 0.22450412726467947
Network 4 - Limbic: 250 voxels done Correlation: 0.2313390932241462
Network 4 - Limbic: 500 voxels done Correlation: 0.2062707103499347
Network 4 - Limbic: 750 voxels done Correlation: 0.24068099058099784
Network 4 - Limbic: 1000 voxels done Correlation: 0.26256977622863853
Network 4 - Limbic: 1500 voxels done Correlation: 0.25349181356200895
Network 4 - Limbic: 3000 voxels done Correlation: 0.2722853273424753
Network 4 - Limbic: 5000 voxels done Correlation: 0.29416819594744503
Network 4 - Limbic: 6500 voxels done Correlation: 0.2893411121178593
Network 4 - Limbic: 10000 voxels done Correlation: 0.29344072971173707
/home/fhopp/.conda/envs/mjs/lib/python3.8/site-packages/nilearn/masking.py:980: UserWarning: Data array used to create a new image contains 64-bit ints. This is likely due to creating the array with numpy and passing `int` as the `dtype`. Many tools such as FSL and SPM cannot deal with int64 in Nifti images, so for compatibility the data has been converted to int32.
  return new_img_like(mask_img, unmasked, affine)
Network 5 - Frontoparietal: 50 voxels done Correlation: 0.25529962943125895
Network 5 - Frontoparietal: 150 voxels done Correlation: 0.13481742159439433
Network 5 - Frontoparietal: 250 voxels done Correlation: 0.22396186017750305
Network 5 - Frontoparietal: 500 voxels done Correlation: 0.18813243198137147
Network 5 - Frontoparietal: 750 voxels done Correlation: 0.23928927848538756
Network 5 - Frontoparietal: 1000 voxels done Correlation: 0.26694067406660577
Network 5 - Frontoparietal: 1500 voxels done Correlation: 0.244228946550702
Network 5 - Frontoparietal: 3000 voxels done Correlation: 0.21948020552750047
Network 5 - Frontoparietal: 5000 voxels done Correlation: 0.23746714044993378
Network 5 - Frontoparietal: 6500 voxels done Correlation: 0.2359734862666235
Network 5 - Frontoparietal: 10000 voxels done Correlation: 0.2408436997088933
Network 5 - Frontoparietal: 15000 voxels done Correlation: 0.23590146859960348
/home/fhopp/.conda/envs/mjs/lib/python3.8/site-packages/nilearn/masking.py:980: UserWarning: Data array used to create a new image contains 64-bit ints. This is likely due to creating the array with numpy and passing `int` as the `dtype`. Many tools such as FSL and SPM cannot deal with int64 in Nifti images, so for compatibility the data has been converted to int32.
  return new_img_like(mask_img, unmasked, affine)
Network 6 - Default Mode: 50 voxels done Correlation: 0.3244205898488387
Network 6 - Default Mode: 150 voxels done Correlation: 0.2929637413831478
Network 6 - Default Mode: 250 voxels done Correlation: 0.42629942084124806
Network 6 - Default Mode: 500 voxels done Correlation: 0.3865470311388298
Network 6 - Default Mode: 750 voxels done Correlation: 0.3115996915810064
Network 6 - Default Mode: 1000 voxels done Correlation: 0.3785302857313636
Network 6 - Default Mode: 1500 voxels done Correlation: 0.40573294154213924
Network 6 - Default Mode: 3000 voxels done Correlation: 0.4103499234863328
Network 6 - Default Mode: 5000 voxels done Correlation: 0.42166919977565687
Network 6 - Default Mode: 6500 voxels done Correlation: 0.4014568963781924
Network 6 - Default Mode: 10000 voxels done Correlation: 0.40008793553040156
Network 6 - Default Mode: 15000 voxels done Correlation: 0.4107597866801649
Network 6 - Default Mode: 25000 voxels done Correlation: 0.4112360062262808
/home/fhopp/.conda/envs/mjs/lib/python3.8/site-packages/nilearn/masking.py:980: UserWarning: Data array used to create a new image contains 64-bit ints. This is likely due to creating the array with numpy and passing `int` as the `dtype`. Many tools such as FSL and SPM cannot deal with int64 in Nifti images, so for compatibility the data has been converted to int32.
  return new_img_like(mask_img, unmasked, affine)
Network 7 - Subcortical: 50 voxels done Correlation: 0.14495816885825963
Network 7 - Subcortical: 150 voxels done Correlation: 0.29487595426752755
Network 7 - Subcortical: 250 voxels done Correlation: 0.22989783653835008
Network 7 - Subcortical: 500 voxels done Correlation: 0.22385530040290902
Network 7 - Subcortical: 750 voxels done Correlation: 0.17273249610621502
Network 7 - Subcortical: 1000 voxels done Correlation: 0.21906547990779196
Network 7 - Subcortical: 1500 voxels done Correlation: 0.21559777029834298
Network 7 - Subcortical: 3000 voxels done Correlation: 0.18761384899513567
Network 7 - Subcortical: 5000 voxels done Correlation: 0.17777656707476208
Network 7 - Subcortical: 6500 voxels done Correlation: 0.1611458378977963
Network 7 - Subcortical: 10000 voxels done Correlation: 0.16265061323487628
Network 8 - Consciousness: 50 voxels done Correlation: 0.17770523508064337
Network 8 - Consciousness: 150 voxels done Correlation: 0.3174173038214025
Network 8 - Consciousness: 250 voxels done Correlation: 0.38264161111684925
Network 8 - Consciousness: 500 voxels done Correlation: 0.42115108164785653
Network 8 - Consciousness: 750 voxels done Correlation: 0.4031899239591983
Network 8 - Consciousness: 1000 voxels done Correlation: 0.4175009279883114
Network 8 - Consciousness: 1500 voxels done Correlation: 0.4363808220927612
Network 8 - Consciousness: 3000 voxels done Correlation: 0.44415656149816996
Network 8 - Consciousness: 5000 voxels done Correlation: 0.40233399464825426
Network 8 - Consciousness: 6500 voxels done Correlation: 0.4596207038446901
Network 8 - Consciousness: 10000 voxels done Correlation: 0.45699883986228973
Network 8 - Consciousness: 15000 voxels done Correlation: 0.46797831321526884
Network 8 - Consciousness: 25000 voxels done Correlation: 0.46810209368428823
Network 8 - Consciousness: 50000 voxels done Correlation: 0.46574198122009114
