Running job on: wood
Iteration: 449
Starting spatial evaluation...
/home/fhopp/.conda/envs/mjs/lib/python3.8/site-packages/nilearn/maskers/nifti_masker.py:110: UserWarning: imgs are being resampled to the mask_img resolution. This process is memory intensive. You might want to provide a target_affine that is equal to the affine of the imgs or resample the mask beforehand to save memory and computation time.
  warnings.warn(
/home/fhopp/.conda/envs/mjs/lib/python3.8/site-packages/nilearn/masking.py:980: UserWarning: Data array used to create a new image contains 64-bit ints. This is likely due to creating the array with numpy and passing `int` as the `dtype`. Many tools such as FSL and SPM cannot deal with int64 in Nifti images, so for compatibility the data has been converted to int32.
  return new_img_like(mask_img, unmasked, affine)
Network 0 - Visual: 50 voxels done Correlation: 0.56041444732871
Network 0 - Visual: 150 voxels done Correlation: 0.5601888546498291
Network 0 - Visual: 250 voxels done Correlation: 0.6687051357149414
Network 0 - Visual: 500 voxels done Correlation: 0.4964002206942988
Network 0 - Visual: 750 voxels done Correlation: 0.5742972461758994
Network 0 - Visual: 1000 voxels done Correlation: 0.5556428909367435
Network 0 - Visual: 1500 voxels done Correlation: 0.6049632190197132
Network 0 - Visual: 3000 voxels done Correlation: 0.606768673802341
Network 0 - Visual: 5000 voxels done Correlation: 0.6350113933317227
Network 0 - Visual: 6500 voxels done Correlation: 0.6321493081597075
Network 0 - Visual: 10000 voxels done Correlation: 0.624332082695121
Network 0 - Visual: 15000 voxels done Correlation: 0.6298742418944683
/home/fhopp/.conda/envs/mjs/lib/python3.8/site-packages/nilearn/masking.py:980: UserWarning: Data array used to create a new image contains 64-bit ints. This is likely due to creating the array with numpy and passing `int` as the `dtype`. Many tools such as FSL and SPM cannot deal with int64 in Nifti images, so for compatibility the data has been converted to int32.
  return new_img_like(mask_img, unmasked, affine)
Network 1 - Somatomotor: 50 voxels done Correlation: 0.33389980560553134
Network 1 - Somatomotor: 150 voxels done Correlation: 0.16797885122165276
Network 1 - Somatomotor: 250 voxels done Correlation: 0.32580101554405505
Network 1 - Somatomotor: 500 voxels done Correlation: 0.33496778698577256
Network 1 - Somatomotor: 750 voxels done Correlation: 0.3506346085174489
Network 1 - Somatomotor: 1000 voxels done Correlation: 0.3548909184677118
Network 1 - Somatomotor: 1500 voxels done Correlation: 0.3553437978775795
Network 1 - Somatomotor: 3000 voxels done Correlation: 0.34302373770796096
Network 1 - Somatomotor: 5000 voxels done Correlation: 0.32874483560641293
Network 1 - Somatomotor: 6500 voxels done Correlation: 0.3359844492303208
Network 1 - Somatomotor: 10000 voxels done Correlation: 0.3421798467536741
Network 1 - Somatomotor: 15000 voxels done Correlation: 0.34596292018440566
/home/fhopp/.conda/envs/mjs/lib/python3.8/site-packages/nilearn/masking.py:980: UserWarning: Data array used to create a new image contains 64-bit ints. This is likely due to creating the array with numpy and passing `int` as the `dtype`. Many tools such as FSL and SPM cannot deal with int64 in Nifti images, so for compatibility the data has been converted to int32.
  return new_img_like(mask_img, unmasked, affine)
Network 2 - dAttention: 50 voxels done Correlation: 0.2087780687140844
Network 2 - dAttention: 150 voxels done Correlation: 0.30390480493066935
Network 2 - dAttention: 250 voxels done Correlation: 0.34993773529682554
Network 2 - dAttention: 500 voxels done Correlation: 0.2903399384142623
Network 2 - dAttention: 750 voxels done Correlation: 0.30226876186858354
Network 2 - dAttention: 1000 voxels done Correlation: 0.303926481271233
Network 2 - dAttention: 1500 voxels done Correlation: 0.3110415278304454
Network 2 - dAttention: 3000 voxels done Correlation: 0.3626449600328016
Network 2 - dAttention: 5000 voxels done Correlation: 0.3417904318201642
Network 2 - dAttention: 6500 voxels done Correlation: 0.33436538478437106
Network 2 - dAttention: 10000 voxels done Correlation: 0.3352212203508357
Network 2 - dAttention: 15000 voxels done Correlation: 0.33531635478499006
/home/fhopp/.conda/envs/mjs/lib/python3.8/site-packages/nilearn/masking.py:980: UserWarning: Data array used to create a new image contains 64-bit ints. This is likely due to creating the array with numpy and passing `int` as the `dtype`. Many tools such as FSL and SPM cannot deal with int64 in Nifti images, so for compatibility the data has been converted to int32.
  return new_img_like(mask_img, unmasked, affine)
Network 3 - vAttention: 50 voxels done Correlation: 0.23628867093100006
Network 3 - vAttention: 150 voxels done Correlation: 0.21312666075994147
Network 3 - vAttention: 250 voxels done Correlation: 0.1936799135876529
Network 3 - vAttention: 500 voxels done Correlation: 0.33242204618902405
Network 3 - vAttention: 750 voxels done Correlation: 0.28726521852607906
Network 3 - vAttention: 1000 voxels done Correlation: 0.3879022064391463
Network 3 - vAttention: 1500 voxels done Correlation: 0.3328065878034814
Network 3 - vAttention: 3000 voxels done Correlation: 0.3518449996270483
Network 3 - vAttention: 5000 voxels done Correlation: 0.37059787898924096
Network 3 - vAttention: 6500 voxels done Correlation: 0.37940446479882234
Network 3 - vAttention: 10000 voxels done Correlation: 0.3832455665266876
Network 3 - vAttention: 15000 voxels done Correlation: 0.3873816838253073
/home/fhopp/.conda/envs/mjs/lib/python3.8/site-packages/nilearn/masking.py:980: UserWarning: Data array used to create a new image contains 64-bit ints. This is likely due to creating the array with numpy and passing `int` as the `dtype`. Many tools such as FSL and SPM cannot deal with int64 in Nifti images, so for compatibility the data has been converted to int32.
  return new_img_like(mask_img, unmasked, affine)
Network 4 - Limbic: 50 voxels done Correlation: 0.1099228673726014
Network 4 - Limbic: 150 voxels done Correlation: 0.24182899549599446
Network 4 - Limbic: 250 voxels done Correlation: 0.21995215744343857
Network 4 - Limbic: 500 voxels done Correlation: 0.23735375132932188
Network 4 - Limbic: 750 voxels done Correlation: 0.23240828978322212
Network 4 - Limbic: 1000 voxels done Correlation: 0.22869789234530324
Network 4 - Limbic: 1500 voxels done Correlation: 0.20938771185483568
Network 4 - Limbic: 3000 voxels done Correlation: 0.26087117922023206
Network 4 - Limbic: 5000 voxels done Correlation: 0.2940735097867687
Network 4 - Limbic: 6500 voxels done Correlation: 0.2783457929120945
Network 4 - Limbic: 10000 voxels done Correlation: 0.28917764610428986
/home/fhopp/.conda/envs/mjs/lib/python3.8/site-packages/nilearn/masking.py:980: UserWarning: Data array used to create a new image contains 64-bit ints. This is likely due to creating the array with numpy and passing `int` as the `dtype`. Many tools such as FSL and SPM cannot deal with int64 in Nifti images, so for compatibility the data has been converted to int32.
  return new_img_like(mask_img, unmasked, affine)
Network 5 - Frontoparietal: 50 voxels done Correlation: 0.185132089770662
Network 5 - Frontoparietal: 150 voxels done Correlation: 0.2144978069270942
Network 5 - Frontoparietal: 250 voxels done Correlation: 0.1811173055563644
Network 5 - Frontoparietal: 500 voxels done Correlation: 0.2242635462540014
Network 5 - Frontoparietal: 750 voxels done Correlation: 0.18793227285424313
Network 5 - Frontoparietal: 1000 voxels done Correlation: 0.19317343317006583
Network 5 - Frontoparietal: 1500 voxels done Correlation: 0.24461389195497746
Network 5 - Frontoparietal: 3000 voxels done Correlation: 0.22916938836133058
Network 5 - Frontoparietal: 5000 voxels done Correlation: 0.23862728760832358
Network 5 - Frontoparietal: 6500 voxels done Correlation: 0.2268848263127114
Network 5 - Frontoparietal: 10000 voxels done Correlation: 0.24734211578441118
Network 5 - Frontoparietal: 15000 voxels done Correlation: 0.2378168119484183
/home/fhopp/.conda/envs/mjs/lib/python3.8/site-packages/nilearn/masking.py:980: UserWarning: Data array used to create a new image contains 64-bit ints. This is likely due to creating the array with numpy and passing `int` as the `dtype`. Many tools such as FSL and SPM cannot deal with int64 in Nifti images, so for compatibility the data has been converted to int32.
  return new_img_like(mask_img, unmasked, affine)
Network 6 - Default Mode: 50 voxels done Correlation: 0.28084526449857844
Network 6 - Default Mode: 150 voxels done Correlation: 0.32652496499800027
Network 6 - Default Mode: 250 voxels done Correlation: 0.31584103032631494
Network 6 - Default Mode: 500 voxels done Correlation: 0.3503794853372827
Network 6 - Default Mode: 750 voxels done Correlation: 0.35092666819032636
Network 6 - Default Mode: 1000 voxels done Correlation: 0.35703999838653333
Network 6 - Default Mode: 1500 voxels done Correlation: 0.3742961039093661
Network 6 - Default Mode: 3000 voxels done Correlation: 0.388011095856597
Network 6 - Default Mode: 5000 voxels done Correlation: 0.39878201173830286
Network 6 - Default Mode: 6500 voxels done Correlation: 0.3985730063850432
Network 6 - Default Mode: 10000 voxels done Correlation: 0.4138892223823646
Network 6 - Default Mode: 15000 voxels done Correlation: 0.4017081391113032
Network 6 - Default Mode: 25000 voxels done Correlation: 0.40801020598193494
/home/fhopp/.conda/envs/mjs/lib/python3.8/site-packages/nilearn/masking.py:980: UserWarning: Data array used to create a new image contains 64-bit ints. This is likely due to creating the array with numpy and passing `int` as the `dtype`. Many tools such as FSL and SPM cannot deal with int64 in Nifti images, so for compatibility the data has been converted to int32.
  return new_img_like(mask_img, unmasked, affine)
Network 7 - Subcortical: 50 voxels done Correlation: 0.22568730773052081
Network 7 - Subcortical: 150 voxels done Correlation: 0.25077761031267143
Network 7 - Subcortical: 250 voxels done Correlation: 0.17102506861312256
Network 7 - Subcortical: 500 voxels done Correlation: 0.22433050379403746
Network 7 - Subcortical: 750 voxels done Correlation: 0.225805680007165
Network 7 - Subcortical: 1000 voxels done Correlation: 0.216987876204709
Network 7 - Subcortical: 1500 voxels done Correlation: 0.19428235744232009
Network 7 - Subcortical: 3000 voxels done Correlation: 0.19685436379025922
Network 7 - Subcortical: 5000 voxels done Correlation: 0.15790391155535563
Network 7 - Subcortical: 6500 voxels done Correlation: 0.17096409186304162
Network 7 - Subcortical: 10000 voxels done Correlation: 0.1689715902111745
Network 8 - Consciousness: 50 voxels done Correlation: 0.34023208291332585
Network 8 - Consciousness: 150 voxels done Correlation: 0.3755248341311256
Network 8 - Consciousness: 250 voxels done Correlation: 0.36806338058909016
Network 8 - Consciousness: 500 voxels done Correlation: 0.3519617885120786
Network 8 - Consciousness: 750 voxels done Correlation: 0.4329880888501888
Network 8 - Consciousness: 1000 voxels done Correlation: 0.4236723890464925
Network 8 - Consciousness: 1500 voxels done Correlation: 0.3990346527439609
Network 8 - Consciousness: 3000 voxels done Correlation: 0.4353529687482431
Network 8 - Consciousness: 5000 voxels done Correlation: 0.47616181106385697
Network 8 - Consciousness: 6500 voxels done Correlation: 0.4953580144475381
Network 8 - Consciousness: 10000 voxels done Correlation: 0.4538092169050083
Network 8 - Consciousness: 15000 voxels done Correlation: 0.4589970470566944
Network 8 - Consciousness: 25000 voxels done Correlation: 0.46620365937873465
Network 8 - Consciousness: 50000 voxels done Correlation: 0.4655323054460235
