Running job on: wood
Iteration: 916
Starting spatial evaluation...
/home/fhopp/.conda/envs/mjs/lib/python3.8/site-packages/nilearn/maskers/nifti_masker.py:110: UserWarning: imgs are being resampled to the mask_img resolution. This process is memory intensive. You might want to provide a target_affine that is equal to the affine of the imgs or resample the mask beforehand to save memory and computation time.
  warnings.warn(
/home/fhopp/.conda/envs/mjs/lib/python3.8/site-packages/nilearn/masking.py:980: UserWarning: Data array used to create a new image contains 64-bit ints. This is likely due to creating the array with numpy and passing `int` as the `dtype`. Many tools such as FSL and SPM cannot deal with int64 in Nifti images, so for compatibility the data has been converted to int32.
  return new_img_like(mask_img, unmasked, affine)
Network 0 - Visual: 50 voxels done Correlation: 0.6721570569094059
Network 0 - Visual: 150 voxels done Correlation: 0.601170426480615
Network 0 - Visual: 250 voxels done Correlation: 0.6190981308237059
Network 0 - Visual: 500 voxels done Correlation: 0.567346055621853
Network 0 - Visual: 750 voxels done Correlation: 0.5781657610039821
Network 0 - Visual: 1000 voxels done Correlation: 0.5346335840686389
Network 0 - Visual: 1500 voxels done Correlation: 0.6116310390018181
Network 0 - Visual: 3000 voxels done Correlation: 0.610203414676682
Network 0 - Visual: 5000 voxels done Correlation: 0.6276182336251109
Network 0 - Visual: 6500 voxels done Correlation: 0.6183860651117692
Network 0 - Visual: 10000 voxels done Correlation: 0.6374357798273509
Network 0 - Visual: 15000 voxels done Correlation: 0.6265475452280432
/home/fhopp/.conda/envs/mjs/lib/python3.8/site-packages/nilearn/masking.py:980: UserWarning: Data array used to create a new image contains 64-bit ints. This is likely due to creating the array with numpy and passing `int` as the `dtype`. Many tools such as FSL and SPM cannot deal with int64 in Nifti images, so for compatibility the data has been converted to int32.
  return new_img_like(mask_img, unmasked, affine)
Network 1 - Somatomotor: 50 voxels done Correlation: 0.19162788804517814
Network 1 - Somatomotor: 150 voxels done Correlation: 0.2825897692200706
Network 1 - Somatomotor: 250 voxels done Correlation: 0.31877106292502805
Network 1 - Somatomotor: 500 voxels done Correlation: 0.3401267907649961
Network 1 - Somatomotor: 750 voxels done Correlation: 0.3178855756818566
Network 1 - Somatomotor: 1000 voxels done Correlation: 0.3113620830746521
Network 1 - Somatomotor: 1500 voxels done Correlation: 0.36096968895932346
Network 1 - Somatomotor: 3000 voxels done Correlation: 0.3319471345613564
Network 1 - Somatomotor: 5000 voxels done Correlation: 0.3359329152366647
Network 1 - Somatomotor: 6500 voxels done Correlation: 0.34371193837135916
Network 1 - Somatomotor: 10000 voxels done Correlation: 0.3401378933631434
Network 1 - Somatomotor: 15000 voxels done Correlation: 0.3447963582109629
/home/fhopp/.conda/envs/mjs/lib/python3.8/site-packages/nilearn/masking.py:980: UserWarning: Data array used to create a new image contains 64-bit ints. This is likely due to creating the array with numpy and passing `int` as the `dtype`. Many tools such as FSL and SPM cannot deal with int64 in Nifti images, so for compatibility the data has been converted to int32.
  return new_img_like(mask_img, unmasked, affine)
Network 2 - dAttention: 50 voxels done Correlation: 0.27438795041138675
Network 2 - dAttention: 150 voxels done Correlation: 0.2932479469992497
Network 2 - dAttention: 250 voxels done Correlation: 0.27386116571315594
Network 2 - dAttention: 500 voxels done Correlation: 0.30141442870692114
Network 2 - dAttention: 750 voxels done Correlation: 0.3173669625824368
Network 2 - dAttention: 1000 voxels done Correlation: 0.33381700891277366
Network 2 - dAttention: 1500 voxels done Correlation: 0.32826021414693285
Network 2 - dAttention: 3000 voxels done Correlation: 0.334975671892559
Network 2 - dAttention: 5000 voxels done Correlation: 0.33941025553945076
Network 2 - dAttention: 6500 voxels done Correlation: 0.33240938423704713
Network 2 - dAttention: 10000 voxels done Correlation: 0.32464736665360716
Network 2 - dAttention: 15000 voxels done Correlation: 0.33022136262148866
/home/fhopp/.conda/envs/mjs/lib/python3.8/site-packages/nilearn/masking.py:980: UserWarning: Data array used to create a new image contains 64-bit ints. This is likely due to creating the array with numpy and passing `int` as the `dtype`. Many tools such as FSL and SPM cannot deal with int64 in Nifti images, so for compatibility the data has been converted to int32.
  return new_img_like(mask_img, unmasked, affine)
Network 3 - vAttention: 50 voxels done Correlation: 0.2467682737033839
Network 3 - vAttention: 150 voxels done Correlation: 0.32299565961223187
Network 3 - vAttention: 250 voxels done Correlation: 0.33057358037892504
Network 3 - vAttention: 500 voxels done Correlation: 0.3813705236012602
Network 3 - vAttention: 750 voxels done Correlation: 0.3385172259569539
Network 3 - vAttention: 1000 voxels done Correlation: 0.32267319310026554
Network 3 - vAttention: 1500 voxels done Correlation: 0.3204016198216696
Network 3 - vAttention: 3000 voxels done Correlation: 0.38847482350742824
Network 3 - vAttention: 5000 voxels done Correlation: 0.3536734523187977
Network 3 - vAttention: 6500 voxels done Correlation: 0.38442352735865615
Network 3 - vAttention: 10000 voxels done Correlation: 0.38374823131218205
Network 3 - vAttention: 15000 voxels done Correlation: 0.3881724989462316
/home/fhopp/.conda/envs/mjs/lib/python3.8/site-packages/nilearn/masking.py:980: UserWarning: Data array used to create a new image contains 64-bit ints. This is likely due to creating the array with numpy and passing `int` as the `dtype`. Many tools such as FSL and SPM cannot deal with int64 in Nifti images, so for compatibility the data has been converted to int32.
  return new_img_like(mask_img, unmasked, affine)
Network 4 - Limbic: 50 voxels done Correlation: 0.19391015133564174
Network 4 - Limbic: 150 voxels done Correlation: 0.2711146829609958
Network 4 - Limbic: 250 voxels done Correlation: 0.2686219146880184
Network 4 - Limbic: 500 voxels done Correlation: 0.31069068873828354
Network 4 - Limbic: 750 voxels done Correlation: 0.290769692356576
Network 4 - Limbic: 1000 voxels done Correlation: 0.29703073889299697
Network 4 - Limbic: 1500 voxels done Correlation: 0.21626849000881826
Network 4 - Limbic: 3000 voxels done Correlation: 0.29279335735391687
Network 4 - Limbic: 5000 voxels done Correlation: 0.2903538223412475
Network 4 - Limbic: 6500 voxels done Correlation: 0.30528927489649416
Network 4 - Limbic: 10000 voxels done Correlation: 0.28339315303355017
/home/fhopp/.conda/envs/mjs/lib/python3.8/site-packages/nilearn/masking.py:980: UserWarning: Data array used to create a new image contains 64-bit ints. This is likely due to creating the array with numpy and passing `int` as the `dtype`. Many tools such as FSL and SPM cannot deal with int64 in Nifti images, so for compatibility the data has been converted to int32.
  return new_img_like(mask_img, unmasked, affine)
Network 5 - Frontoparietal: 50 voxels done Correlation: 0.14213117175521744
Network 5 - Frontoparietal: 150 voxels done Correlation: 0.19342710859901424
Network 5 - Frontoparietal: 250 voxels done Correlation: 0.18976227107330396
Network 5 - Frontoparietal: 500 voxels done Correlation: 0.23310182088742235
Network 5 - Frontoparietal: 750 voxels done Correlation: 0.22340537572096641
Network 5 - Frontoparietal: 1000 voxels done Correlation: 0.2163438929378332
Network 5 - Frontoparietal: 1500 voxels done Correlation: 0.23671365674262448
Network 5 - Frontoparietal: 3000 voxels done Correlation: 0.2231720501674151
Network 5 - Frontoparietal: 5000 voxels done Correlation: 0.24404911303779248
Network 5 - Frontoparietal: 6500 voxels done Correlation: 0.2530955372657323
Network 5 - Frontoparietal: 10000 voxels done Correlation: 0.23363414601505852
Network 5 - Frontoparietal: 15000 voxels done Correlation: 0.23988222063328618
/home/fhopp/.conda/envs/mjs/lib/python3.8/site-packages/nilearn/masking.py:980: UserWarning: Data array used to create a new image contains 64-bit ints. This is likely due to creating the array with numpy and passing `int` as the `dtype`. Many tools such as FSL and SPM cannot deal with int64 in Nifti images, so for compatibility the data has been converted to int32.
  return new_img_like(mask_img, unmasked, affine)
Network 6 - Default Mode: 50 voxels done Correlation: 0.2134812888284825
Network 6 - Default Mode: 150 voxels done Correlation: 0.41973502276211694
Network 6 - Default Mode: 250 voxels done Correlation: 0.38561802528587014
Network 6 - Default Mode: 500 voxels done Correlation: 0.32722245473935785
Network 6 - Default Mode: 750 voxels done Correlation: 0.4605370658375083
Network 6 - Default Mode: 1000 voxels done Correlation: 0.387534495126735
Network 6 - Default Mode: 1500 voxels done Correlation: 0.3730051346669415
Network 6 - Default Mode: 3000 voxels done Correlation: 0.3849168371891314
Network 6 - Default Mode: 5000 voxels done Correlation: 0.40088288271951406
Network 6 - Default Mode: 6500 voxels done Correlation: 0.43006187990000766
Network 6 - Default Mode: 10000 voxels done Correlation: 0.4178420819172006
Network 6 - Default Mode: 15000 voxels done Correlation: 0.3982469734153173
Network 6 - Default Mode: 25000 voxels done Correlation: 0.40646776814633334
/home/fhopp/.conda/envs/mjs/lib/python3.8/site-packages/nilearn/masking.py:980: UserWarning: Data array used to create a new image contains 64-bit ints. This is likely due to creating the array with numpy and passing `int` as the `dtype`. Many tools such as FSL and SPM cannot deal with int64 in Nifti images, so for compatibility the data has been converted to int32.
  return new_img_like(mask_img, unmasked, affine)
Network 7 - Subcortical: 50 voxels done Correlation: 0.13524021446701143
Network 7 - Subcortical: 150 voxels done Correlation: 0.18944332240991568
Network 7 - Subcortical: 250 voxels done Correlation: 0.23840402836387564
Network 7 - Subcortical: 500 voxels done Correlation: 0.22725939118207894
Network 7 - Subcortical: 750 voxels done Correlation: 0.19147025720507244
Network 7 - Subcortical: 1000 voxels done Correlation: 0.21718058594789436
Network 7 - Subcortical: 1500 voxels done Correlation: 0.20658447314456746
Network 7 - Subcortical: 3000 voxels done Correlation: 0.1673297380055417
Network 7 - Subcortical: 5000 voxels done Correlation: 0.17009782558858083
Network 7 - Subcortical: 6500 voxels done Correlation: 0.17383939415173222
Network 7 - Subcortical: 10000 voxels done Correlation: 0.16925892142043483
Network 8 - Consciousness: 50 voxels done Correlation: 0.3423820797561827
Network 8 - Consciousness: 150 voxels done Correlation: 0.2447958468192757
Network 8 - Consciousness: 250 voxels done Correlation: 0.3048279846609778
Network 8 - Consciousness: 500 voxels done Correlation: 0.4571032559445063
Network 8 - Consciousness: 750 voxels done Correlation: 0.33497195259447093
Network 8 - Consciousness: 1000 voxels done Correlation: 0.3448766313838964
Network 8 - Consciousness: 1500 voxels done Correlation: 0.4765627043145504
Network 8 - Consciousness: 3000 voxels done Correlation: 0.43583912513261364
Network 8 - Consciousness: 5000 voxels done Correlation: 0.4475133109500024
Network 8 - Consciousness: 6500 voxels done Correlation: 0.4387348499220576
Network 8 - Consciousness: 10000 voxels done Correlation: 0.4563656278373178
Network 8 - Consciousness: 15000 voxels done Correlation: 0.4655455765223574
Network 8 - Consciousness: 25000 voxels done Correlation: 0.4653020431296002
Network 8 - Consciousness: 50000 voxels done Correlation: 0.465471993923419
