Running job on: markov
Iteration: 616
Starting spatial evaluation...
/home/fhopp/.conda/envs/mjs/lib/python3.8/site-packages/nilearn/maskers/nifti_masker.py:110: UserWarning: imgs are being resampled to the mask_img resolution. This process is memory intensive. You might want to provide a target_affine that is equal to the affine of the imgs or resample the mask beforehand to save memory and computation time.
  warnings.warn(
/home/fhopp/.conda/envs/mjs/lib/python3.8/site-packages/nilearn/masking.py:980: UserWarning: Data array used to create a new image contains 64-bit ints. This is likely due to creating the array with numpy and passing `int` as the `dtype`. Many tools such as FSL and SPM cannot deal with int64 in Nifti images, so for compatibility the data has been converted to int32.
  return new_img_like(mask_img, unmasked, affine)
Network 0 - Visual: 50 voxels done Correlation: 0.6695491318957933
Network 0 - Visual: 150 voxels done Correlation: 0.5320120307549816
Network 0 - Visual: 250 voxels done Correlation: 0.6459096139791527
Network 0 - Visual: 500 voxels done Correlation: 0.6101566723786483
Network 0 - Visual: 750 voxels done Correlation: 0.6058035044467318
Network 0 - Visual: 1000 voxels done Correlation: 0.6182297744067967
Network 0 - Visual: 1500 voxels done Correlation: 0.642863940857962
Network 0 - Visual: 3000 voxels done Correlation: 0.6012233225827892
Network 0 - Visual: 5000 voxels done Correlation: 0.619571676575918
Network 0 - Visual: 6500 voxels done Correlation: 0.6309375075591452
Network 0 - Visual: 10000 voxels done Correlation: 0.6282901137480967
Network 0 - Visual: 15000 voxels done Correlation: 0.632471859666188
/home/fhopp/.conda/envs/mjs/lib/python3.8/site-packages/nilearn/masking.py:980: UserWarning: Data array used to create a new image contains 64-bit ints. This is likely due to creating the array with numpy and passing `int` as the `dtype`. Many tools such as FSL and SPM cannot deal with int64 in Nifti images, so for compatibility the data has been converted to int32.
  return new_img_like(mask_img, unmasked, affine)
Network 1 - Somatomotor: 50 voxels done Correlation: 0.2123787776740204
Network 1 - Somatomotor: 150 voxels done Correlation: 0.26312217189367226
Network 1 - Somatomotor: 250 voxels done Correlation: 0.30259949726032936
Network 1 - Somatomotor: 500 voxels done Correlation: 0.30549029428668684
Network 1 - Somatomotor: 750 voxels done Correlation: 0.3217631369694185
Network 1 - Somatomotor: 1000 voxels done Correlation: 0.31793071825626723
Network 1 - Somatomotor: 1500 voxels done Correlation: 0.31558792006101166
Network 1 - Somatomotor: 3000 voxels done Correlation: 0.3489755805117957
Network 1 - Somatomotor: 5000 voxels done Correlation: 0.3398430320286349
Network 1 - Somatomotor: 6500 voxels done Correlation: 0.3304908272203463
Network 1 - Somatomotor: 10000 voxels done Correlation: 0.34083118939327495
Network 1 - Somatomotor: 15000 voxels done Correlation: 0.34424327698937796
/home/fhopp/.conda/envs/mjs/lib/python3.8/site-packages/nilearn/masking.py:980: UserWarning: Data array used to create a new image contains 64-bit ints. This is likely due to creating the array with numpy and passing `int` as the `dtype`. Many tools such as FSL and SPM cannot deal with int64 in Nifti images, so for compatibility the data has been converted to int32.
  return new_img_like(mask_img, unmasked, affine)
Network 2 - dAttention: 50 voxels done Correlation: 0.21231156555042988
Network 2 - dAttention: 150 voxels done Correlation: 0.3022677194810201
Network 2 - dAttention: 250 voxels done Correlation: 0.3049814142592442
Network 2 - dAttention: 500 voxels done Correlation: 0.26631848269480396
Network 2 - dAttention: 750 voxels done Correlation: 0.3290151184502169
Network 2 - dAttention: 1000 voxels done Correlation: 0.3082870172507738
Network 2 - dAttention: 1500 voxels done Correlation: 0.33781678313539887
Network 2 - dAttention: 3000 voxels done Correlation: 0.35407218720101696
Network 2 - dAttention: 5000 voxels done Correlation: 0.3492214504542285
Network 2 - dAttention: 6500 voxels done Correlation: 0.3274408328305226
Network 2 - dAttention: 10000 voxels done Correlation: 0.3365959174811033
Network 2 - dAttention: 15000 voxels done Correlation: 0.332296863072729
/home/fhopp/.conda/envs/mjs/lib/python3.8/site-packages/nilearn/masking.py:980: UserWarning: Data array used to create a new image contains 64-bit ints. This is likely due to creating the array with numpy and passing `int` as the `dtype`. Many tools such as FSL and SPM cannot deal with int64 in Nifti images, so for compatibility the data has been converted to int32.
  return new_img_like(mask_img, unmasked, affine)
Network 3 - vAttention: 50 voxels done Correlation: 0.2107908809564504
Network 3 - vAttention: 150 voxels done Correlation: 0.2552689814713593
Network 3 - vAttention: 250 voxels done Correlation: 0.27679545473879147
Network 3 - vAttention: 500 voxels done Correlation: 0.2982802103331219
Network 3 - vAttention: 750 voxels done Correlation: 0.31559355019353275
Network 3 - vAttention: 1000 voxels done Correlation: 0.32513523811313816
Network 3 - vAttention: 1500 voxels done Correlation: 0.3741379866746136
Network 3 - vAttention: 3000 voxels done Correlation: 0.37920635890058363
Network 3 - vAttention: 5000 voxels done Correlation: 0.3850901648553592
Network 3 - vAttention: 6500 voxels done Correlation: 0.3856856933254287
Network 3 - vAttention: 10000 voxels done Correlation: 0.4004710906907904
Network 3 - vAttention: 15000 voxels done Correlation: 0.3894270576521894
/home/fhopp/.conda/envs/mjs/lib/python3.8/site-packages/nilearn/masking.py:980: UserWarning: Data array used to create a new image contains 64-bit ints. This is likely due to creating the array with numpy and passing `int` as the `dtype`. Many tools such as FSL and SPM cannot deal with int64 in Nifti images, so for compatibility the data has been converted to int32.
  return new_img_like(mask_img, unmasked, affine)
Network 4 - Limbic: 50 voxels done Correlation: 0.1943107702509013
Network 4 - Limbic: 150 voxels done Correlation: 0.24327695465675123
Network 4 - Limbic: 250 voxels done Correlation: 0.24412591229071687
Network 4 - Limbic: 500 voxels done Correlation: 0.1793826669877962
Network 4 - Limbic: 750 voxels done Correlation: 0.2533793824816163
Network 4 - Limbic: 1000 voxels done Correlation: 0.2672032979025172
Network 4 - Limbic: 1500 voxels done Correlation: 0.22680204999916354
Network 4 - Limbic: 3000 voxels done Correlation: 0.2742133843045653
Network 4 - Limbic: 5000 voxels done Correlation: 0.28854854576548905
Network 4 - Limbic: 6500 voxels done Correlation: 0.28150442006888443
Network 4 - Limbic: 10000 voxels done Correlation: 0.28734797836418
/home/fhopp/.conda/envs/mjs/lib/python3.8/site-packages/nilearn/masking.py:980: UserWarning: Data array used to create a new image contains 64-bit ints. This is likely due to creating the array with numpy and passing `int` as the `dtype`. Many tools such as FSL and SPM cannot deal with int64 in Nifti images, so for compatibility the data has been converted to int32.
  return new_img_like(mask_img, unmasked, affine)
Network 5 - Frontoparietal: 50 voxels done Correlation: 0.15348732872906548
Network 5 - Frontoparietal: 150 voxels done Correlation: 0.16754427755336582
Network 5 - Frontoparietal: 250 voxels done Correlation: 0.17883763192660698
Network 5 - Frontoparietal: 500 voxels done Correlation: 0.25345363886500044
Network 5 - Frontoparietal: 750 voxels done Correlation: 0.2689467675553853
Network 5 - Frontoparietal: 1000 voxels done Correlation: 0.17551667097148343
Network 5 - Frontoparietal: 1500 voxels done Correlation: 0.24094638200283128
Network 5 - Frontoparietal: 3000 voxels done Correlation: 0.2336953330387321
Network 5 - Frontoparietal: 5000 voxels done Correlation: 0.23611291580689187
Network 5 - Frontoparietal: 6500 voxels done Correlation: 0.22151838632391457
Network 5 - Frontoparietal: 10000 voxels done Correlation: 0.23132315287953772
Network 5 - Frontoparietal: 15000 voxels done Correlation: 0.23947524318038335
/home/fhopp/.conda/envs/mjs/lib/python3.8/site-packages/nilearn/masking.py:980: UserWarning: Data array used to create a new image contains 64-bit ints. This is likely due to creating the array with numpy and passing `int` as the `dtype`. Many tools such as FSL and SPM cannot deal with int64 in Nifti images, so for compatibility the data has been converted to int32.
  return new_img_like(mask_img, unmasked, affine)
Network 6 - Default Mode: 50 voxels done Correlation: 0.2261546468800503
Network 6 - Default Mode: 150 voxels done Correlation: 0.3018462293717358
Network 6 - Default Mode: 250 voxels done Correlation: 0.37546190535333956
Network 6 - Default Mode: 500 voxels done Correlation: 0.3389950758935333
Network 6 - Default Mode: 750 voxels done Correlation: 0.394975230968285
Network 6 - Default Mode: 1000 voxels done Correlation: 0.38950554530327
Network 6 - Default Mode: 1500 voxels done Correlation: 0.36752139732521566
Network 6 - Default Mode: 3000 voxels done Correlation: 0.3948912055044255
Network 6 - Default Mode: 5000 voxels done Correlation: 0.3724597335910963
Network 6 - Default Mode: 6500 voxels done Correlation: 0.40390912727494754
Network 6 - Default Mode: 10000 voxels done Correlation: 0.3959039722260153
Network 6 - Default Mode: 15000 voxels done Correlation: 0.40472013946882957
Network 6 - Default Mode: 25000 voxels done Correlation: 0.4110710796697822
/home/fhopp/.conda/envs/mjs/lib/python3.8/site-packages/nilearn/masking.py:980: UserWarning: Data array used to create a new image contains 64-bit ints. This is likely due to creating the array with numpy and passing `int` as the `dtype`. Many tools such as FSL and SPM cannot deal with int64 in Nifti images, so for compatibility the data has been converted to int32.
  return new_img_like(mask_img, unmasked, affine)
Network 7 - Subcortical: 50 voxels done Correlation: 0.1630569864648748
Network 7 - Subcortical: 150 voxels done Correlation: 0.20196743446708615
Network 7 - Subcortical: 250 voxels done Correlation: 0.2281111542148067
Network 7 - Subcortical: 500 voxels done Correlation: 0.22229399860940136
Network 7 - Subcortical: 750 voxels done Correlation: 0.20679072178226443
Network 7 - Subcortical: 1000 voxels done Correlation: 0.26503650371737186
Network 7 - Subcortical: 1500 voxels done Correlation: 0.26148043474863997
Network 7 - Subcortical: 3000 voxels done Correlation: 0.19310814004909513
Network 7 - Subcortical: 5000 voxels done Correlation: 0.17657930391926743
Network 7 - Subcortical: 6500 voxels done Correlation: 0.1690587136297916
Network 7 - Subcortical: 10000 voxels done Correlation: 0.16895281484006686
Network 8 - Consciousness: 50 voxels done Correlation: 0.2887405048536031
Network 8 - Consciousness: 150 voxels done Correlation: 0.37519580496849003
Network 8 - Consciousness: 250 voxels done Correlation: 0.3802861558443125
Network 8 - Consciousness: 500 voxels done Correlation: 0.41834175853427896
Network 8 - Consciousness: 750 voxels done Correlation: 0.34295113001380856
Network 8 - Consciousness: 1000 voxels done Correlation: 0.41677436223149
Network 8 - Consciousness: 1500 voxels done Correlation: 0.39447457687075205
Network 8 - Consciousness: 3000 voxels done Correlation: 0.43991517966955124
Network 8 - Consciousness: 5000 voxels done Correlation: 0.48612228533047186
Network 8 - Consciousness: 6500 voxels done Correlation: 0.44601092909903933
Network 8 - Consciousness: 10000 voxels done Correlation: 0.45845960884191006
Network 8 - Consciousness: 15000 voxels done Correlation: 0.45054217250637885
Network 8 - Consciousness: 25000 voxels done Correlation: 0.45733952714171633
Network 8 - Consciousness: 50000 voxels done Correlation: 0.4667325850150826
