Running job on: easley
Iteration: 114
Starting spatial evaluation...
/home/fhopp/.conda/envs/mjs/lib/python3.8/site-packages/nilearn/maskers/nifti_masker.py:110: UserWarning: imgs are being resampled to the mask_img resolution. This process is memory intensive. You might want to provide a target_affine that is equal to the affine of the imgs or resample the mask beforehand to save memory and computation time.
  warnings.warn(
/home/fhopp/.conda/envs/mjs/lib/python3.8/site-packages/nilearn/masking.py:980: UserWarning: Data array used to create a new image contains 64-bit ints. This is likely due to creating the array with numpy and passing `int` as the `dtype`. Many tools such as FSL and SPM cannot deal with int64 in Nifti images, so for compatibility the data has been converted to int32.
  return new_img_like(mask_img, unmasked, affine)
Network 0 - Visual: 50 voxels done Correlation: 0.6291345822451354
Network 0 - Visual: 150 voxels done Correlation: 0.5915667602413233
Network 0 - Visual: 250 voxels done Correlation: 0.6255450992777096
Network 0 - Visual: 500 voxels done Correlation: 0.5821165151508142
Network 0 - Visual: 750 voxels done Correlation: 0.5795584747370695
Network 0 - Visual: 1000 voxels done Correlation: 0.6486687070795806
Network 0 - Visual: 1500 voxels done Correlation: 0.6100293738064544
Network 0 - Visual: 3000 voxels done Correlation: 0.6162959889436851
Network 0 - Visual: 5000 voxels done Correlation: 0.6013970118391307
Network 0 - Visual: 6500 voxels done Correlation: 0.6287729550696564
Network 0 - Visual: 10000 voxels done Correlation: 0.6324572856727815
Network 0 - Visual: 15000 voxels done Correlation: 0.6286650210646325
/home/fhopp/.conda/envs/mjs/lib/python3.8/site-packages/nilearn/masking.py:980: UserWarning: Data array used to create a new image contains 64-bit ints. This is likely due to creating the array with numpy and passing `int` as the `dtype`. Many tools such as FSL and SPM cannot deal with int64 in Nifti images, so for compatibility the data has been converted to int32.
  return new_img_like(mask_img, unmasked, affine)
Network 1 - Somatomotor: 50 voxels done Correlation: 0.2269061140706731
Network 1 - Somatomotor: 150 voxels done Correlation: 0.3316773712618589
Network 1 - Somatomotor: 250 voxels done Correlation: 0.24829235439390784
Network 1 - Somatomotor: 500 voxels done Correlation: 0.34540121316814276
Network 1 - Somatomotor: 750 voxels done Correlation: 0.3435023069939604
Network 1 - Somatomotor: 1000 voxels done Correlation: 0.3469972780968757
Network 1 - Somatomotor: 1500 voxels done Correlation: 0.3043094285978845
Network 1 - Somatomotor: 3000 voxels done Correlation: 0.3453349587595309
Network 1 - Somatomotor: 5000 voxels done Correlation: 0.3325591053373112
Network 1 - Somatomotor: 6500 voxels done Correlation: 0.34514304900469384
Network 1 - Somatomotor: 10000 voxels done Correlation: 0.3411758569898753
Network 1 - Somatomotor: 15000 voxels done Correlation: 0.3430938155190732
/home/fhopp/.conda/envs/mjs/lib/python3.8/site-packages/nilearn/masking.py:980: UserWarning: Data array used to create a new image contains 64-bit ints. This is likely due to creating the array with numpy and passing `int` as the `dtype`. Many tools such as FSL and SPM cannot deal with int64 in Nifti images, so for compatibility the data has been converted to int32.
  return new_img_like(mask_img, unmasked, affine)
Network 2 - dAttention: 50 voxels done Correlation: 0.24487267064199378
Network 2 - dAttention: 150 voxels done Correlation: 0.35878410955625406
Network 2 - dAttention: 250 voxels done Correlation: 0.26362776361355245
Network 2 - dAttention: 500 voxels done Correlation: 0.3249584956712301
Network 2 - dAttention: 750 voxels done Correlation: 0.30811410683595314
Network 2 - dAttention: 1000 voxels done Correlation: 0.31363171513742266
Network 2 - dAttention: 1500 voxels done Correlation: 0.31306970223524155
Network 2 - dAttention: 3000 voxels done Correlation: 0.2867530297153189
Network 2 - dAttention: 5000 voxels done Correlation: 0.33893908745437673
Network 2 - dAttention: 6500 voxels done Correlation: 0.3237976423723268
Network 2 - dAttention: 10000 voxels done Correlation: 0.3307834038340378
Network 2 - dAttention: 15000 voxels done Correlation: 0.3304248787656915
/home/fhopp/.conda/envs/mjs/lib/python3.8/site-packages/nilearn/masking.py:980: UserWarning: Data array used to create a new image contains 64-bit ints. This is likely due to creating the array with numpy and passing `int` as the `dtype`. Many tools such as FSL and SPM cannot deal with int64 in Nifti images, so for compatibility the data has been converted to int32.
  return new_img_like(mask_img, unmasked, affine)
Network 3 - vAttention: 50 voxels done Correlation: 0.2779392335204735
Network 3 - vAttention: 150 voxels done Correlation: 0.2955762558425519
Network 3 - vAttention: 250 voxels done Correlation: 0.33534143191215926
Network 3 - vAttention: 500 voxels done Correlation: 0.3239916574267151
Network 3 - vAttention: 750 voxels done Correlation: 0.3211449553074063
Network 3 - vAttention: 1000 voxels done Correlation: 0.3423106073252751
Network 3 - vAttention: 1500 voxels done Correlation: 0.3435276173401612
Network 3 - vAttention: 3000 voxels done Correlation: 0.37173073425492603
Network 3 - vAttention: 5000 voxels done Correlation: 0.35824840407701214
Network 3 - vAttention: 6500 voxels done Correlation: 0.36376500474441775
Network 3 - vAttention: 10000 voxels done Correlation: 0.39130275594869546
Network 3 - vAttention: 15000 voxels done Correlation: 0.3895645806231711
/home/fhopp/.conda/envs/mjs/lib/python3.8/site-packages/nilearn/masking.py:980: UserWarning: Data array used to create a new image contains 64-bit ints. This is likely due to creating the array with numpy and passing `int` as the `dtype`. Many tools such as FSL and SPM cannot deal with int64 in Nifti images, so for compatibility the data has been converted to int32.
  return new_img_like(mask_img, unmasked, affine)
Network 4 - Limbic: 50 voxels done Correlation: 0.2569427627301347
Network 4 - Limbic: 150 voxels done Correlation: 0.20165530705646165
Network 4 - Limbic: 250 voxels done Correlation: 0.19713808570601324
Network 4 - Limbic: 500 voxels done Correlation: 0.2472247227300084
Network 4 - Limbic: 750 voxels done Correlation: 0.27792090383152346
Network 4 - Limbic: 1000 voxels done Correlation: 0.2609858131382571
Network 4 - Limbic: 1500 voxels done Correlation: 0.23933879034173122
Network 4 - Limbic: 3000 voxels done Correlation: 0.29903849390263043
Network 4 - Limbic: 5000 voxels done Correlation: 0.30084149975794855
Network 4 - Limbic: 6500 voxels done Correlation: 0.27549180976346704
Network 4 - Limbic: 10000 voxels done Correlation: 0.28634466164600336
/home/fhopp/.conda/envs/mjs/lib/python3.8/site-packages/nilearn/masking.py:980: UserWarning: Data array used to create a new image contains 64-bit ints. This is likely due to creating the array with numpy and passing `int` as the `dtype`. Many tools such as FSL and SPM cannot deal with int64 in Nifti images, so for compatibility the data has been converted to int32.
  return new_img_like(mask_img, unmasked, affine)
Network 5 - Frontoparietal: 50 voxels done Correlation: 0.23605403973525824
Network 5 - Frontoparietal: 150 voxels done Correlation: 0.1917953150894126
Network 5 - Frontoparietal: 250 voxels done Correlation: 0.18942030363428497
Network 5 - Frontoparietal: 500 voxels done Correlation: 0.25241284045097145
Network 5 - Frontoparietal: 750 voxels done Correlation: 0.19727785919354968
Network 5 - Frontoparietal: 1000 voxels done Correlation: 0.2409899615140742
Network 5 - Frontoparietal: 1500 voxels done Correlation: 0.23651609460113998
Network 5 - Frontoparietal: 3000 voxels done Correlation: 0.20797295373683514
Network 5 - Frontoparietal: 5000 voxels done Correlation: 0.22436200910831766
Network 5 - Frontoparietal: 6500 voxels done Correlation: 0.21266678600442196
Network 5 - Frontoparietal: 10000 voxels done Correlation: 0.22782263533479363
Network 5 - Frontoparietal: 15000 voxels done Correlation: 0.24069662540596937
/home/fhopp/.conda/envs/mjs/lib/python3.8/site-packages/nilearn/masking.py:980: UserWarning: Data array used to create a new image contains 64-bit ints. This is likely due to creating the array with numpy and passing `int` as the `dtype`. Many tools such as FSL and SPM cannot deal with int64 in Nifti images, so for compatibility the data has been converted to int32.
  return new_img_like(mask_img, unmasked, affine)
Network 6 - Default Mode: 50 voxels done Correlation: 0.26459315590570426
Network 6 - Default Mode: 150 voxels done Correlation: 0.27015877440732283
Network 6 - Default Mode: 250 voxels done Correlation: 0.3572989432410315
Network 6 - Default Mode: 500 voxels done Correlation: 0.3623845704466041
Network 6 - Default Mode: 750 voxels done Correlation: 0.3093559041763454
Network 6 - Default Mode: 1000 voxels done Correlation: 0.42211579415247713
Network 6 - Default Mode: 1500 voxels done Correlation: 0.44331852585794573
Network 6 - Default Mode: 3000 voxels done Correlation: 0.40611834793459306
Network 6 - Default Mode: 5000 voxels done Correlation: 0.385515093288178
Network 6 - Default Mode: 6500 voxels done Correlation: 0.408840531045343
Network 6 - Default Mode: 10000 voxels done Correlation: 0.41266621867863723
Network 6 - Default Mode: 15000 voxels done Correlation: 0.40334141962436376
Network 6 - Default Mode: 25000 voxels done Correlation: 0.4045612446759286
/home/fhopp/.conda/envs/mjs/lib/python3.8/site-packages/nilearn/masking.py:980: UserWarning: Data array used to create a new image contains 64-bit ints. This is likely due to creating the array with numpy and passing `int` as the `dtype`. Many tools such as FSL and SPM cannot deal with int64 in Nifti images, so for compatibility the data has been converted to int32.
  return new_img_like(mask_img, unmasked, affine)
Network 7 - Subcortical: 50 voxels done Correlation: 0.16603573395046614
Network 7 - Subcortical: 150 voxels done Correlation: 0.20618121472536308
Network 7 - Subcortical: 250 voxels done Correlation: 0.2377864484623865
Network 7 - Subcortical: 500 voxels done Correlation: 0.21919945935055013
Network 7 - Subcortical: 750 voxels done Correlation: 0.16960684068543874
Network 7 - Subcortical: 1000 voxels done Correlation: 0.24262933135321021
Network 7 - Subcortical: 1500 voxels done Correlation: 0.23125295920321803
Network 7 - Subcortical: 3000 voxels done Correlation: 0.18493324567882685
Network 7 - Subcortical: 5000 voxels done Correlation: 0.16424314737579587
Network 7 - Subcortical: 6500 voxels done Correlation: 0.17148668072406922
Network 7 - Subcortical: 10000 voxels done Correlation: 0.17135152353878363
Network 8 - Consciousness: 50 voxels done Correlation: 0.33570370451966386
Network 8 - Consciousness: 150 voxels done Correlation: 0.42777465982209195
Network 8 - Consciousness: 250 voxels done Correlation: 0.3703907832858486
Network 8 - Consciousness: 500 voxels done Correlation: 0.3117703241904608
Network 8 - Consciousness: 750 voxels done Correlation: 0.33339203552359037
Network 8 - Consciousness: 1000 voxels done Correlation: 0.36033285332768195
Network 8 - Consciousness: 1500 voxels done Correlation: 0.3633404715488763
Network 8 - Consciousness: 3000 voxels done Correlation: 0.4645170664969832
Network 8 - Consciousness: 5000 voxels done Correlation: 0.44325334571536706
Network 8 - Consciousness: 6500 voxels done Correlation: 0.45323671664549414
Network 8 - Consciousness: 10000 voxels done Correlation: 0.4623759019636949
Network 8 - Consciousness: 15000 voxels done Correlation: 0.47076961914371596
Network 8 - Consciousness: 25000 voxels done Correlation: 0.45444076533099537
Network 8 - Consciousness: 50000 voxels done Correlation: 0.4650549720703947
