Running job on: wood
Iteration: 210
Starting spatial evaluation...
/home/fhopp/.conda/envs/mjs/lib/python3.8/site-packages/nilearn/maskers/nifti_masker.py:110: UserWarning: imgs are being resampled to the mask_img resolution. This process is memory intensive. You might want to provide a target_affine that is equal to the affine of the imgs or resample the mask beforehand to save memory and computation time.
  warnings.warn(
/home/fhopp/.conda/envs/mjs/lib/python3.8/site-packages/nilearn/masking.py:980: UserWarning: Data array used to create a new image contains 64-bit ints. This is likely due to creating the array with numpy and passing `int` as the `dtype`. Many tools such as FSL and SPM cannot deal with int64 in Nifti images, so for compatibility the data has been converted to int32.
  return new_img_like(mask_img, unmasked, affine)
Network 0 - Visual: 50 voxels done Correlation: 0.6223855749744609
Network 0 - Visual: 150 voxels done Correlation: 0.6272892710726695
Network 0 - Visual: 250 voxels done Correlation: 0.5786156614938038
Network 0 - Visual: 500 voxels done Correlation: 0.625312605669486
Network 0 - Visual: 750 voxels done Correlation: 0.5877716201894839
Network 0 - Visual: 1000 voxels done Correlation: 0.5692624888323966
Network 0 - Visual: 1500 voxels done Correlation: 0.60868029466263
Network 0 - Visual: 3000 voxels done Correlation: 0.6354393084025001
Network 0 - Visual: 5000 voxels done Correlation: 0.6160951211592234
Network 0 - Visual: 6500 voxels done Correlation: 0.6222190025192235
Network 0 - Visual: 10000 voxels done Correlation: 0.6348772814814537
Network 0 - Visual: 15000 voxels done Correlation: 0.6324373012999338
/home/fhopp/.conda/envs/mjs/lib/python3.8/site-packages/nilearn/masking.py:980: UserWarning: Data array used to create a new image contains 64-bit ints. This is likely due to creating the array with numpy and passing `int` as the `dtype`. Many tools such as FSL and SPM cannot deal with int64 in Nifti images, so for compatibility the data has been converted to int32.
  return new_img_like(mask_img, unmasked, affine)
Network 1 - Somatomotor: 50 voxels done Correlation: 0.3787085076650186
Network 1 - Somatomotor: 150 voxels done Correlation: 0.3399231929906651
Network 1 - Somatomotor: 250 voxels done Correlation: 0.27664589329477435
Network 1 - Somatomotor: 500 voxels done Correlation: 0.3360824961420211
Network 1 - Somatomotor: 750 voxels done Correlation: 0.3410091749462633
Network 1 - Somatomotor: 1000 voxels done Correlation: 0.3152878593270636
Network 1 - Somatomotor: 1500 voxels done Correlation: 0.3501287641213497
Network 1 - Somatomotor: 3000 voxels done Correlation: 0.3316414902120312
Network 1 - Somatomotor: 5000 voxels done Correlation: 0.3616355783336383
Network 1 - Somatomotor: 6500 voxels done Correlation: 0.34454829466167247
Network 1 - Somatomotor: 10000 voxels done Correlation: 0.3530656901593582
Network 1 - Somatomotor: 15000 voxels done Correlation: 0.34320600898542614
/home/fhopp/.conda/envs/mjs/lib/python3.8/site-packages/nilearn/masking.py:980: UserWarning: Data array used to create a new image contains 64-bit ints. This is likely due to creating the array with numpy and passing `int` as the `dtype`. Many tools such as FSL and SPM cannot deal with int64 in Nifti images, so for compatibility the data has been converted to int32.
  return new_img_like(mask_img, unmasked, affine)
Network 2 - dAttention: 50 voxels done Correlation: 0.24109048866234747
Network 2 - dAttention: 150 voxels done Correlation: 0.3191626046303298
Network 2 - dAttention: 250 voxels done Correlation: 0.26463009206024823
Network 2 - dAttention: 500 voxels done Correlation: 0.2713784582288584
Network 2 - dAttention: 750 voxels done Correlation: 0.33634894982154995
Network 2 - dAttention: 1000 voxels done Correlation: 0.3317789568093874
Network 2 - dAttention: 1500 voxels done Correlation: 0.2724442202520399
Network 2 - dAttention: 3000 voxels done Correlation: 0.3471080570658598
Network 2 - dAttention: 5000 voxels done Correlation: 0.3234607903669054
Network 2 - dAttention: 6500 voxels done Correlation: 0.3278247715655105
Network 2 - dAttention: 10000 voxels done Correlation: 0.32588316648280513
Network 2 - dAttention: 15000 voxels done Correlation: 0.3344451254289571
/home/fhopp/.conda/envs/mjs/lib/python3.8/site-packages/nilearn/masking.py:980: UserWarning: Data array used to create a new image contains 64-bit ints. This is likely due to creating the array with numpy and passing `int` as the `dtype`. Many tools such as FSL and SPM cannot deal with int64 in Nifti images, so for compatibility the data has been converted to int32.
  return new_img_like(mask_img, unmasked, affine)
Network 3 - vAttention: 50 voxels done Correlation: 0.2237548031959452
Network 3 - vAttention: 150 voxels done Correlation: 0.28425203461733844
Network 3 - vAttention: 250 voxels done Correlation: 0.23989557263102806
Network 3 - vAttention: 500 voxels done Correlation: 0.32361610774466765
Network 3 - vAttention: 750 voxels done Correlation: 0.34119351127900766
Network 3 - vAttention: 1000 voxels done Correlation: 0.31892700868483415
Network 3 - vAttention: 1500 voxels done Correlation: 0.3293787306574777
Network 3 - vAttention: 3000 voxels done Correlation: 0.3535804070319474
Network 3 - vAttention: 5000 voxels done Correlation: 0.4005551366381955
Network 3 - vAttention: 6500 voxels done Correlation: 0.39100778486988064
Network 3 - vAttention: 10000 voxels done Correlation: 0.39122733841662616
Network 3 - vAttention: 15000 voxels done Correlation: 0.3891012394929788
/home/fhopp/.conda/envs/mjs/lib/python3.8/site-packages/nilearn/masking.py:980: UserWarning: Data array used to create a new image contains 64-bit ints. This is likely due to creating the array with numpy and passing `int` as the `dtype`. Many tools such as FSL and SPM cannot deal with int64 in Nifti images, so for compatibility the data has been converted to int32.
  return new_img_like(mask_img, unmasked, affine)
Network 4 - Limbic: 50 voxels done Correlation: 0.1974927105556034
Network 4 - Limbic: 150 voxels done Correlation: 0.24936543601052474
Network 4 - Limbic: 250 voxels done Correlation: 0.26546519171800403
Network 4 - Limbic: 500 voxels done Correlation: 0.2961007153845433
Network 4 - Limbic: 750 voxels done Correlation: 0.2913419145748596
Network 4 - Limbic: 1000 voxels done Correlation: 0.2911070308641044
Network 4 - Limbic: 1500 voxels done Correlation: 0.26847800976836755
Network 4 - Limbic: 3000 voxels done Correlation: 0.26302145122109083
Network 4 - Limbic: 5000 voxels done Correlation: 0.27861524029555146
Network 4 - Limbic: 6500 voxels done Correlation: 0.27543314387908513
Network 4 - Limbic: 10000 voxels done Correlation: 0.2793655601340078
/home/fhopp/.conda/envs/mjs/lib/python3.8/site-packages/nilearn/masking.py:980: UserWarning: Data array used to create a new image contains 64-bit ints. This is likely due to creating the array with numpy and passing `int` as the `dtype`. Many tools such as FSL and SPM cannot deal with int64 in Nifti images, so for compatibility the data has been converted to int32.
  return new_img_like(mask_img, unmasked, affine)
Network 5 - Frontoparietal: 50 voxels done Correlation: 0.15442960170354414
Network 5 - Frontoparietal: 150 voxels done Correlation: 0.2692237373230745
Network 5 - Frontoparietal: 250 voxels done Correlation: 0.230084142814893
Network 5 - Frontoparietal: 500 voxels done Correlation: 0.18429058561067266
Network 5 - Frontoparietal: 750 voxels done Correlation: 0.2178477533526367
Network 5 - Frontoparietal: 1000 voxels done Correlation: 0.2410727335699136
Network 5 - Frontoparietal: 1500 voxels done Correlation: 0.189804753549604
Network 5 - Frontoparietal: 3000 voxels done Correlation: 0.21331392557885515
Network 5 - Frontoparietal: 5000 voxels done Correlation: 0.24133220546856066
Network 5 - Frontoparietal: 6500 voxels done Correlation: 0.23412431837992093
Network 5 - Frontoparietal: 10000 voxels done Correlation: 0.2446215843028601
Network 5 - Frontoparietal: 15000 voxels done Correlation: 0.2379453962934634
/home/fhopp/.conda/envs/mjs/lib/python3.8/site-packages/nilearn/masking.py:980: UserWarning: Data array used to create a new image contains 64-bit ints. This is likely due to creating the array with numpy and passing `int` as the `dtype`. Many tools such as FSL and SPM cannot deal with int64 in Nifti images, so for compatibility the data has been converted to int32.
  return new_img_like(mask_img, unmasked, affine)
Network 6 - Default Mode: 50 voxels done Correlation: 0.26474837547326324
Network 6 - Default Mode: 150 voxels done Correlation: 0.259187013803644
Network 6 - Default Mode: 250 voxels done Correlation: 0.43554361086262716
Network 6 - Default Mode: 500 voxels done Correlation: 0.38930730585486495
Network 6 - Default Mode: 750 voxels done Correlation: 0.3683355111942608
Network 6 - Default Mode: 1000 voxels done Correlation: 0.36350955932324697
Network 6 - Default Mode: 1500 voxels done Correlation: 0.3608404781851867
Network 6 - Default Mode: 3000 voxels done Correlation: 0.3735272248958148
Network 6 - Default Mode: 5000 voxels done Correlation: 0.4046315658343543
Network 6 - Default Mode: 6500 voxels done Correlation: 0.4077760769506302
Network 6 - Default Mode: 10000 voxels done Correlation: 0.40035426364276605
Network 6 - Default Mode: 15000 voxels done Correlation: 0.39972735925031866
Network 6 - Default Mode: 25000 voxels done Correlation: 0.40991118665418036
/home/fhopp/.conda/envs/mjs/lib/python3.8/site-packages/nilearn/masking.py:980: UserWarning: Data array used to create a new image contains 64-bit ints. This is likely due to creating the array with numpy and passing `int` as the `dtype`. Many tools such as FSL and SPM cannot deal with int64 in Nifti images, so for compatibility the data has been converted to int32.
  return new_img_like(mask_img, unmasked, affine)
Network 7 - Subcortical: 50 voxels done Correlation: 0.16502183374416313
Network 7 - Subcortical: 150 voxels done Correlation: 0.3007403933669443
Network 7 - Subcortical: 250 voxels done Correlation: 0.15187775546215965
Network 7 - Subcortical: 500 voxels done Correlation: 0.26260533036680755
Network 7 - Subcortical: 750 voxels done Correlation: 0.1929518281495616
Network 7 - Subcortical: 1000 voxels done Correlation: 0.20315377208717955
Network 7 - Subcortical: 1500 voxels done Correlation: 0.20879987298775968
Network 7 - Subcortical: 3000 voxels done Correlation: 0.1696333324474057
Network 7 - Subcortical: 5000 voxels done Correlation: 0.16853134621873023
Network 7 - Subcortical: 6500 voxels done Correlation: 0.16703340374165
Network 7 - Subcortical: 10000 voxels done Correlation: 0.166325964845413
Network 8 - Consciousness: 50 voxels done Correlation: 0.27625594735515024
Network 8 - Consciousness: 150 voxels done Correlation: 0.35723151786845675
Network 8 - Consciousness: 250 voxels done Correlation: 0.3907231507697523
Network 8 - Consciousness: 500 voxels done Correlation: 0.4732135466490281
Network 8 - Consciousness: 750 voxels done Correlation: 0.41471364625533397
Network 8 - Consciousness: 1000 voxels done Correlation: 0.41044414093456383
Network 8 - Consciousness: 1500 voxels done Correlation: 0.4535466745318891
Network 8 - Consciousness: 3000 voxels done Correlation: 0.4363704793161751
Network 8 - Consciousness: 5000 voxels done Correlation: 0.45933396492434386
Network 8 - Consciousness: 6500 voxels done Correlation: 0.4577093676084
Network 8 - Consciousness: 10000 voxels done Correlation: 0.4715215962227407
Network 8 - Consciousness: 15000 voxels done Correlation: 0.46700926641948715
Network 8 - Consciousness: 25000 voxels done Correlation: 0.46890409910356606
Network 8 - Consciousness: 50000 voxels done Correlation: 0.46384214021966286
