Running job on: cox
Iteration: 989
Starting spatial evaluation...
/home/fhopp/.conda/envs/mjs/lib/python3.8/site-packages/nilearn/maskers/nifti_masker.py:110: UserWarning: imgs are being resampled to the mask_img resolution. This process is memory intensive. You might want to provide a target_affine that is equal to the affine of the imgs or resample the mask beforehand to save memory and computation time.
  warnings.warn(
/home/fhopp/.conda/envs/mjs/lib/python3.8/site-packages/nilearn/masking.py:980: UserWarning: Data array used to create a new image contains 64-bit ints. This is likely due to creating the array with numpy and passing `int` as the `dtype`. Many tools such as FSL and SPM cannot deal with int64 in Nifti images, so for compatibility the data has been converted to int32.
  return new_img_like(mask_img, unmasked, affine)
Network 0 - Visual: 50 voxels done Correlation: 0.5428147561753145
Network 0 - Visual: 150 voxels done Correlation: 0.6836972609136684
Network 0 - Visual: 250 voxels done Correlation: 0.5655683891756265
Network 0 - Visual: 500 voxels done Correlation: 0.5681127985138407
Network 0 - Visual: 750 voxels done Correlation: 0.5508690643464493
Network 0 - Visual: 1000 voxels done Correlation: 0.5508069996328412
Network 0 - Visual: 1500 voxels done Correlation: 0.5835983916363344
Network 0 - Visual: 3000 voxels done Correlation: 0.6322535915578268
Network 0 - Visual: 5000 voxels done Correlation: 0.6196929581554478
Network 0 - Visual: 6500 voxels done Correlation: 0.6109151599611138
Network 0 - Visual: 10000 voxels done Correlation: 0.6203296629590509
Network 0 - Visual: 15000 voxels done Correlation: 0.6304242545840453
/home/fhopp/.conda/envs/mjs/lib/python3.8/site-packages/nilearn/masking.py:980: UserWarning: Data array used to create a new image contains 64-bit ints. This is likely due to creating the array with numpy and passing `int` as the `dtype`. Many tools such as FSL and SPM cannot deal with int64 in Nifti images, so for compatibility the data has been converted to int32.
  return new_img_like(mask_img, unmasked, affine)
Network 1 - Somatomotor: 50 voxels done Correlation: 0.2850726785537264
Network 1 - Somatomotor: 150 voxels done Correlation: 0.22357099432998478
Network 1 - Somatomotor: 250 voxels done Correlation: 0.3598856722426512
Network 1 - Somatomotor: 500 voxels done Correlation: 0.3255608105132528
Network 1 - Somatomotor: 750 voxels done Correlation: 0.3323443752937917
Network 1 - Somatomotor: 1000 voxels done Correlation: 0.3623340329175188
Network 1 - Somatomotor: 1500 voxels done Correlation: 0.3246521758496872
Network 1 - Somatomotor: 3000 voxels done Correlation: 0.32498205708455485
Network 1 - Somatomotor: 5000 voxels done Correlation: 0.3249587657943561
Network 1 - Somatomotor: 6500 voxels done Correlation: 0.3360081789204552
Network 1 - Somatomotor: 10000 voxels done Correlation: 0.3469271050075715
Network 1 - Somatomotor: 15000 voxels done Correlation: 0.3453626085524093
/home/fhopp/.conda/envs/mjs/lib/python3.8/site-packages/nilearn/masking.py:980: UserWarning: Data array used to create a new image contains 64-bit ints. This is likely due to creating the array with numpy and passing `int` as the `dtype`. Many tools such as FSL and SPM cannot deal with int64 in Nifti images, so for compatibility the data has been converted to int32.
  return new_img_like(mask_img, unmasked, affine)
Network 2 - dAttention: 50 voxels done Correlation: 0.21913695301584601
Network 2 - dAttention: 150 voxels done Correlation: 0.37018269650328195
Network 2 - dAttention: 250 voxels done Correlation: 0.28237675737313067
Network 2 - dAttention: 500 voxels done Correlation: 0.26310993236951474
Network 2 - dAttention: 750 voxels done Correlation: 0.2900409024343968
Network 2 - dAttention: 1000 voxels done Correlation: 0.33989279841145476
Network 2 - dAttention: 1500 voxels done Correlation: 0.30535830036745615
Network 2 - dAttention: 3000 voxels done Correlation: 0.3182855805132805
Network 2 - dAttention: 5000 voxels done Correlation: 0.3138904244475973
Network 2 - dAttention: 6500 voxels done Correlation: 0.3195359349618234
Network 2 - dAttention: 10000 voxels done Correlation: 0.3254053435314518
Network 2 - dAttention: 15000 voxels done Correlation: 0.3325646939230906
/home/fhopp/.conda/envs/mjs/lib/python3.8/site-packages/nilearn/masking.py:980: UserWarning: Data array used to create a new image contains 64-bit ints. This is likely due to creating the array with numpy and passing `int` as the `dtype`. Many tools such as FSL and SPM cannot deal with int64 in Nifti images, so for compatibility the data has been converted to int32.
  return new_img_like(mask_img, unmasked, affine)
Network 3 - vAttention: 50 voxels done Correlation: 0.2365177694341498
Network 3 - vAttention: 150 voxels done Correlation: 0.3411869412726968
Network 3 - vAttention: 250 voxels done Correlation: 0.34772758349821953
Network 3 - vAttention: 500 voxels done Correlation: 0.36249582909000544
Network 3 - vAttention: 750 voxels done Correlation: 0.33485218666523064
Network 3 - vAttention: 1000 voxels done Correlation: 0.3773833164812705
Network 3 - vAttention: 1500 voxels done Correlation: 0.3550959501698284
Network 3 - vAttention: 3000 voxels done Correlation: 0.38237657548525517
Network 3 - vAttention: 5000 voxels done Correlation: 0.39024585759087105
Network 3 - vAttention: 6500 voxels done Correlation: 0.3820199709219065
Network 3 - vAttention: 10000 voxels done Correlation: 0.38164830472813627
Network 3 - vAttention: 15000 voxels done Correlation: 0.3894711256697627
/home/fhopp/.conda/envs/mjs/lib/python3.8/site-packages/nilearn/masking.py:980: UserWarning: Data array used to create a new image contains 64-bit ints. This is likely due to creating the array with numpy and passing `int` as the `dtype`. Many tools such as FSL and SPM cannot deal with int64 in Nifti images, so for compatibility the data has been converted to int32.
  return new_img_like(mask_img, unmasked, affine)
Network 4 - Limbic: 50 voxels done Correlation: 0.18025566610283628
Network 4 - Limbic: 150 voxels done Correlation: 0.19053866329457125
Network 4 - Limbic: 250 voxels done Correlation: 0.19052057961037533
Network 4 - Limbic: 500 voxels done Correlation: 0.23740997408559072
Network 4 - Limbic: 750 voxels done Correlation: 0.2595026038854984
Network 4 - Limbic: 1000 voxels done Correlation: 0.2708755602846809
Network 4 - Limbic: 1500 voxels done Correlation: 0.2732897130191409
Network 4 - Limbic: 3000 voxels done Correlation: 0.26785175366796876
Network 4 - Limbic: 5000 voxels done Correlation: 0.2879113405920785
Network 4 - Limbic: 6500 voxels done Correlation: 0.2984350679827474
Network 4 - Limbic: 10000 voxels done Correlation: 0.28635850905225446
/home/fhopp/.conda/envs/mjs/lib/python3.8/site-packages/nilearn/masking.py:980: UserWarning: Data array used to create a new image contains 64-bit ints. This is likely due to creating the array with numpy and passing `int` as the `dtype`. Many tools such as FSL and SPM cannot deal with int64 in Nifti images, so for compatibility the data has been converted to int32.
  return new_img_like(mask_img, unmasked, affine)
Network 5 - Frontoparietal: 50 voxels done Correlation: 0.1292611347047008
Network 5 - Frontoparietal: 150 voxels done Correlation: 0.22951432669827565
Network 5 - Frontoparietal: 250 voxels done Correlation: 0.2352899408303279
Network 5 - Frontoparietal: 500 voxels done Correlation: 0.20550655455127553
Network 5 - Frontoparietal: 750 voxels done Correlation: 0.21350303139950086
Network 5 - Frontoparietal: 1000 voxels done Correlation: 0.2513475732770317
Network 5 - Frontoparietal: 1500 voxels done Correlation: 0.24786909046656178
Network 5 - Frontoparietal: 3000 voxels done Correlation: 0.21846604915132695
Network 5 - Frontoparietal: 5000 voxels done Correlation: 0.21191972947754512
Network 5 - Frontoparietal: 6500 voxels done Correlation: 0.24202911382239928
Network 5 - Frontoparietal: 10000 voxels done Correlation: 0.24011568519388735
Network 5 - Frontoparietal: 15000 voxels done Correlation: 0.23685289917044494
/home/fhopp/.conda/envs/mjs/lib/python3.8/site-packages/nilearn/masking.py:980: UserWarning: Data array used to create a new image contains 64-bit ints. This is likely due to creating the array with numpy and passing `int` as the `dtype`. Many tools such as FSL and SPM cannot deal with int64 in Nifti images, so for compatibility the data has been converted to int32.
  return new_img_like(mask_img, unmasked, affine)
Network 6 - Default Mode: 50 voxels done Correlation: 0.2089574677581024
Network 6 - Default Mode: 150 voxels done Correlation: 0.30095821860492056
Network 6 - Default Mode: 250 voxels done Correlation: 0.3424367635081088
Network 6 - Default Mode: 500 voxels done Correlation: 0.3739225972787543
Network 6 - Default Mode: 750 voxels done Correlation: 0.424400970572522
Network 6 - Default Mode: 1000 voxels done Correlation: 0.3340118406893683
Network 6 - Default Mode: 1500 voxels done Correlation: 0.38418308897431086
Network 6 - Default Mode: 3000 voxels done Correlation: 0.3816692268651173
Network 6 - Default Mode: 5000 voxels done Correlation: 0.40736686603582406
Network 6 - Default Mode: 6500 voxels done Correlation: 0.4042781516656355
Network 6 - Default Mode: 10000 voxels done Correlation: 0.39776229697035126
Network 6 - Default Mode: 15000 voxels done Correlation: 0.41208611569522363
Network 6 - Default Mode: 25000 voxels done Correlation: 0.40873509036253974
/home/fhopp/.conda/envs/mjs/lib/python3.8/site-packages/nilearn/masking.py:980: UserWarning: Data array used to create a new image contains 64-bit ints. This is likely due to creating the array with numpy and passing `int` as the `dtype`. Many tools such as FSL and SPM cannot deal with int64 in Nifti images, so for compatibility the data has been converted to int32.
  return new_img_like(mask_img, unmasked, affine)
Network 7 - Subcortical: 50 voxels done Correlation: 0.2042250924921224
Network 7 - Subcortical: 150 voxels done Correlation: 0.16135240082852215
Network 7 - Subcortical: 250 voxels done Correlation: 0.18092062635468742
Network 7 - Subcortical: 500 voxels done Correlation: 0.265708299407804
Network 7 - Subcortical: 750 voxels done Correlation: 0.22453483775775102
Network 7 - Subcortical: 1000 voxels done Correlation: 0.20436044534944536
Network 7 - Subcortical: 1500 voxels done Correlation: 0.2227127292887336
Network 7 - Subcortical: 3000 voxels done Correlation: 0.17929375188592556
Network 7 - Subcortical: 5000 voxels done Correlation: 0.15993535136214926
Network 7 - Subcortical: 6500 voxels done Correlation: 0.1768772810815838
Network 7 - Subcortical: 10000 voxels done Correlation: 0.16648926156733262
Network 8 - Consciousness: 50 voxels done Correlation: 0.32163886539294534
Network 8 - Consciousness: 150 voxels done Correlation: 0.3006469025030801
Network 8 - Consciousness: 250 voxels done Correlation: 0.29399929545985765
Network 8 - Consciousness: 500 voxels done Correlation: 0.3366351113636272
Network 8 - Consciousness: 750 voxels done Correlation: 0.37563982029123366
Network 8 - Consciousness: 1000 voxels done Correlation: 0.38164126757277556
Network 8 - Consciousness: 1500 voxels done Correlation: 0.3962092320890482
Network 8 - Consciousness: 3000 voxels done Correlation: 0.42299640678466194
Network 8 - Consciousness: 5000 voxels done Correlation: 0.4723590704343392
Network 8 - Consciousness: 6500 voxels done Correlation: 0.4822062478490797
Network 8 - Consciousness: 10000 voxels done Correlation: 0.4668977942436454
Network 8 - Consciousness: 15000 voxels done Correlation: 0.46811498335775525
Network 8 - Consciousness: 25000 voxels done Correlation: 0.4689186005536835
Network 8 - Consciousness: 50000 voxels done Correlation: 0.46571790161960724
