Running job on: cox
Iteration: 918
Starting spatial evaluation...
/home/fhopp/.conda/envs/mjs/lib/python3.8/site-packages/nilearn/maskers/nifti_masker.py:110: UserWarning: imgs are being resampled to the mask_img resolution. This process is memory intensive. You might want to provide a target_affine that is equal to the affine of the imgs or resample the mask beforehand to save memory and computation time.
  warnings.warn(
/home/fhopp/.conda/envs/mjs/lib/python3.8/site-packages/nilearn/masking.py:980: UserWarning: Data array used to create a new image contains 64-bit ints. This is likely due to creating the array with numpy and passing `int` as the `dtype`. Many tools such as FSL and SPM cannot deal with int64 in Nifti images, so for compatibility the data has been converted to int32.
  return new_img_like(mask_img, unmasked, affine)
Network 0 - Visual: 50 voxels done Correlation: 0.6311297099913864
Network 0 - Visual: 150 voxels done Correlation: 0.5841502446471687
Network 0 - Visual: 250 voxels done Correlation: 0.5402120736359304
Network 0 - Visual: 500 voxels done Correlation: 0.5947573233216641
Network 0 - Visual: 750 voxels done Correlation: 0.5181302396460733
Network 0 - Visual: 1000 voxels done Correlation: 0.5549642372241328
Network 0 - Visual: 1500 voxels done Correlation: 0.5861235036099699
Network 0 - Visual: 3000 voxels done Correlation: 0.6282317546189852
Network 0 - Visual: 5000 voxels done Correlation: 0.6125678482162817
Network 0 - Visual: 6500 voxels done Correlation: 0.6390560840308741
Network 0 - Visual: 10000 voxels done Correlation: 0.6295044154567855
Network 0 - Visual: 15000 voxels done Correlation: 0.6317465662987645
/home/fhopp/.conda/envs/mjs/lib/python3.8/site-packages/nilearn/masking.py:980: UserWarning: Data array used to create a new image contains 64-bit ints. This is likely due to creating the array with numpy and passing `int` as the `dtype`. Many tools such as FSL and SPM cannot deal with int64 in Nifti images, so for compatibility the data has been converted to int32.
  return new_img_like(mask_img, unmasked, affine)
Network 1 - Somatomotor: 50 voxels done Correlation: 0.28956836561651145
Network 1 - Somatomotor: 150 voxels done Correlation: 0.22746834000840943
Network 1 - Somatomotor: 250 voxels done Correlation: 0.2486483791450199
Network 1 - Somatomotor: 500 voxels done Correlation: 0.2820457556161662
Network 1 - Somatomotor: 750 voxels done Correlation: 0.42421113595290183
Network 1 - Somatomotor: 1000 voxels done Correlation: 0.34283125557702687
Network 1 - Somatomotor: 1500 voxels done Correlation: 0.3491951791878357
Network 1 - Somatomotor: 3000 voxels done Correlation: 0.3501270144562809
Network 1 - Somatomotor: 5000 voxels done Correlation: 0.34940198557209
Network 1 - Somatomotor: 6500 voxels done Correlation: 0.3618028769041692
Network 1 - Somatomotor: 10000 voxels done Correlation: 0.3543265685374484
Network 1 - Somatomotor: 15000 voxels done Correlation: 0.3459338548435169
/home/fhopp/.conda/envs/mjs/lib/python3.8/site-packages/nilearn/masking.py:980: UserWarning: Data array used to create a new image contains 64-bit ints. This is likely due to creating the array with numpy and passing `int` as the `dtype`. Many tools such as FSL and SPM cannot deal with int64 in Nifti images, so for compatibility the data has been converted to int32.
  return new_img_like(mask_img, unmasked, affine)
Network 2 - dAttention: 50 voxels done Correlation: 0.3101646640107584
Network 2 - dAttention: 150 voxels done Correlation: 0.2448442627694937
Network 2 - dAttention: 250 voxels done Correlation: 0.2987583811685229
Network 2 - dAttention: 500 voxels done Correlation: 0.3917932462428452
Network 2 - dAttention: 750 voxels done Correlation: 0.3086383975489181
Network 2 - dAttention: 1000 voxels done Correlation: 0.32580778947756983
Network 2 - dAttention: 1500 voxels done Correlation: 0.3632240176673016
Network 2 - dAttention: 3000 voxels done Correlation: 0.3482900191266051
Network 2 - dAttention: 5000 voxels done Correlation: 0.33359272186052785
Network 2 - dAttention: 6500 voxels done Correlation: 0.31359926142024697
Network 2 - dAttention: 10000 voxels done Correlation: 0.3368290056985238
Network 2 - dAttention: 15000 voxels done Correlation: 0.33636213385771085
/home/fhopp/.conda/envs/mjs/lib/python3.8/site-packages/nilearn/masking.py:980: UserWarning: Data array used to create a new image contains 64-bit ints. This is likely due to creating the array with numpy and passing `int` as the `dtype`. Many tools such as FSL and SPM cannot deal with int64 in Nifti images, so for compatibility the data has been converted to int32.
  return new_img_like(mask_img, unmasked, affine)
Network 3 - vAttention: 50 voxels done Correlation: 0.1440041304430696
Network 3 - vAttention: 150 voxels done Correlation: 0.24322378318273608
Network 3 - vAttention: 250 voxels done Correlation: 0.26674680242470916
Network 3 - vAttention: 500 voxels done Correlation: 0.30026405030638836
Network 3 - vAttention: 750 voxels done Correlation: 0.2690653445956308
Network 3 - vAttention: 1000 voxels done Correlation: 0.377708947195459
Network 3 - vAttention: 1500 voxels done Correlation: 0.356924945860414
Network 3 - vAttention: 3000 voxels done Correlation: 0.40328162864282496
Network 3 - vAttention: 5000 voxels done Correlation: 0.37401773425694834
Network 3 - vAttention: 6500 voxels done Correlation: 0.38050387321227847
Network 3 - vAttention: 10000 voxels done Correlation: 0.3886002860643003
Network 3 - vAttention: 15000 voxels done Correlation: 0.38874092373783903
/home/fhopp/.conda/envs/mjs/lib/python3.8/site-packages/nilearn/masking.py:980: UserWarning: Data array used to create a new image contains 64-bit ints. This is likely due to creating the array with numpy and passing `int` as the `dtype`. Many tools such as FSL and SPM cannot deal with int64 in Nifti images, so for compatibility the data has been converted to int32.
  return new_img_like(mask_img, unmasked, affine)
Network 4 - Limbic: 50 voxels done Correlation: 0.16872691388265643
Network 4 - Limbic: 150 voxels done Correlation: 0.2386868678530117
Network 4 - Limbic: 250 voxels done Correlation: 0.2768428119072226
Network 4 - Limbic: 500 voxels done Correlation: 0.2922009752255972
Network 4 - Limbic: 750 voxels done Correlation: 0.26782876544015216
Network 4 - Limbic: 1000 voxels done Correlation: 0.28496863558672114
Network 4 - Limbic: 1500 voxels done Correlation: 0.25532832888157736
Network 4 - Limbic: 3000 voxels done Correlation: 0.27461556947201726
Network 4 - Limbic: 5000 voxels done Correlation: 0.28787980006616404
Network 4 - Limbic: 6500 voxels done Correlation: 0.2782978472821258
Network 4 - Limbic: 10000 voxels done Correlation: 0.2822512110991141
/home/fhopp/.conda/envs/mjs/lib/python3.8/site-packages/nilearn/masking.py:980: UserWarning: Data array used to create a new image contains 64-bit ints. This is likely due to creating the array with numpy and passing `int` as the `dtype`. Many tools such as FSL and SPM cannot deal with int64 in Nifti images, so for compatibility the data has been converted to int32.
  return new_img_like(mask_img, unmasked, affine)
Network 5 - Frontoparietal: 50 voxels done Correlation: 0.16136914768785515
Network 5 - Frontoparietal: 150 voxels done Correlation: 0.23818468767397522
Network 5 - Frontoparietal: 250 voxels done Correlation: 0.18223342804583087
Network 5 - Frontoparietal: 500 voxels done Correlation: 0.28473818201604034
Network 5 - Frontoparietal: 750 voxels done Correlation: 0.23251180108652228
Network 5 - Frontoparietal: 1000 voxels done Correlation: 0.25004794009652864
Network 5 - Frontoparietal: 1500 voxels done Correlation: 0.22556026179488003
Network 5 - Frontoparietal: 3000 voxels done Correlation: 0.2390194736063828
Network 5 - Frontoparietal: 5000 voxels done Correlation: 0.2501956567084816
Network 5 - Frontoparietal: 6500 voxels done Correlation: 0.24375657349120644
Network 5 - Frontoparietal: 10000 voxels done Correlation: 0.25024191209764135
Network 5 - Frontoparietal: 15000 voxels done Correlation: 0.23848557134859066
/home/fhopp/.conda/envs/mjs/lib/python3.8/site-packages/nilearn/masking.py:980: UserWarning: Data array used to create a new image contains 64-bit ints. This is likely due to creating the array with numpy and passing `int` as the `dtype`. Many tools such as FSL and SPM cannot deal with int64 in Nifti images, so for compatibility the data has been converted to int32.
  return new_img_like(mask_img, unmasked, affine)
Network 6 - Default Mode: 50 voxels done Correlation: 0.31481013800302604
Network 6 - Default Mode: 150 voxels done Correlation: 0.407652420407552
Network 6 - Default Mode: 250 voxels done Correlation: 0.34125041507854137
Network 6 - Default Mode: 500 voxels done Correlation: 0.39399139439846714
Network 6 - Default Mode: 750 voxels done Correlation: 0.3449697783059511
Network 6 - Default Mode: 1000 voxels done Correlation: 0.29780529484850154
Network 6 - Default Mode: 1500 voxels done Correlation: 0.377999278197455
Network 6 - Default Mode: 3000 voxels done Correlation: 0.3795502418082932
Network 6 - Default Mode: 5000 voxels done Correlation: 0.41063292881716623
Network 6 - Default Mode: 6500 voxels done Correlation: 0.40039147944438436
Network 6 - Default Mode: 10000 voxels done Correlation: 0.39819145292972213
Network 6 - Default Mode: 15000 voxels done Correlation: 0.41407661027777715
Network 6 - Default Mode: 25000 voxels done Correlation: 0.4126139074138695
/home/fhopp/.conda/envs/mjs/lib/python3.8/site-packages/nilearn/masking.py:980: UserWarning: Data array used to create a new image contains 64-bit ints. This is likely due to creating the array with numpy and passing `int` as the `dtype`. Many tools such as FSL and SPM cannot deal with int64 in Nifti images, so for compatibility the data has been converted to int32.
  return new_img_like(mask_img, unmasked, affine)
Network 7 - Subcortical: 50 voxels done Correlation: 0.1872827851508068
Network 7 - Subcortical: 150 voxels done Correlation: 0.17045167479709622
Network 7 - Subcortical: 250 voxels done Correlation: 0.18397231701979833
Network 7 - Subcortical: 500 voxels done Correlation: 0.21934068181434319
Network 7 - Subcortical: 750 voxels done Correlation: 0.21100641796060293
Network 7 - Subcortical: 1000 voxels done Correlation: 0.21388734411138444
Network 7 - Subcortical: 1500 voxels done Correlation: 0.17634855998047907
Network 7 - Subcortical: 3000 voxels done Correlation: 0.18342915187736902
Network 7 - Subcortical: 5000 voxels done Correlation: 0.18052623164024223
Network 7 - Subcortical: 6500 voxels done Correlation: 0.1754740742064268
Network 7 - Subcortical: 10000 voxels done Correlation: 0.16157936162297296
Network 8 - Consciousness: 50 voxels done Correlation: 0.3203250258034258
Network 8 - Consciousness: 150 voxels done Correlation: 0.35407354056771023
Network 8 - Consciousness: 250 voxels done Correlation: 0.36749320013533865
Network 8 - Consciousness: 500 voxels done Correlation: 0.3729589299905846
Network 8 - Consciousness: 750 voxels done Correlation: 0.3146547718545237
Network 8 - Consciousness: 1000 voxels done Correlation: 0.4255101439531571
Network 8 - Consciousness: 1500 voxels done Correlation: 0.3907985591019637
Network 8 - Consciousness: 3000 voxels done Correlation: 0.42039834685274324
Network 8 - Consciousness: 5000 voxels done Correlation: 0.4232695091355047
Network 8 - Consciousness: 6500 voxels done Correlation: 0.45547482119404037
Network 8 - Consciousness: 10000 voxels done Correlation: 0.4496214483662587
Network 8 - Consciousness: 15000 voxels done Correlation: 0.46557193886193216
Network 8 - Consciousness: 25000 voxels done Correlation: 0.45689725357749045
Network 8 - Consciousness: 50000 voxels done Correlation: 0.46615639672421905
