Running job on: wood
Iteration: 542
Starting spatial evaluation...
/home/fhopp/.conda/envs/mjs/lib/python3.8/site-packages/nilearn/maskers/nifti_masker.py:110: UserWarning: imgs are being resampled to the mask_img resolution. This process is memory intensive. You might want to provide a target_affine that is equal to the affine of the imgs or resample the mask beforehand to save memory and computation time.
  warnings.warn(
/home/fhopp/.conda/envs/mjs/lib/python3.8/site-packages/nilearn/masking.py:980: UserWarning: Data array used to create a new image contains 64-bit ints. This is likely due to creating the array with numpy and passing `int` as the `dtype`. Many tools such as FSL and SPM cannot deal with int64 in Nifti images, so for compatibility the data has been converted to int32.
  return new_img_like(mask_img, unmasked, affine)
Network 0 - Visual: 50 voxels done Correlation: 0.6121638724739518
Network 0 - Visual: 150 voxels done Correlation: 0.636480944610841
Network 0 - Visual: 250 voxels done Correlation: 0.6599542020022962
Network 0 - Visual: 500 voxels done Correlation: 0.6028241878850749
Network 0 - Visual: 750 voxels done Correlation: 0.5478341511525056
Network 0 - Visual: 1000 voxels done Correlation: 0.6113501934615646
Network 0 - Visual: 1500 voxels done Correlation: 0.61046527072402
Network 0 - Visual: 3000 voxels done Correlation: 0.6479013265222346
Network 0 - Visual: 5000 voxels done Correlation: 0.6176572105300623
Network 0 - Visual: 6500 voxels done Correlation: 0.6221491853410306
Network 0 - Visual: 10000 voxels done Correlation: 0.6267081551392304
Network 0 - Visual: 15000 voxels done Correlation: 0.6304729180343056
/home/fhopp/.conda/envs/mjs/lib/python3.8/site-packages/nilearn/masking.py:980: UserWarning: Data array used to create a new image contains 64-bit ints. This is likely due to creating the array with numpy and passing `int` as the `dtype`. Many tools such as FSL and SPM cannot deal with int64 in Nifti images, so for compatibility the data has been converted to int32.
  return new_img_like(mask_img, unmasked, affine)
Network 1 - Somatomotor: 50 voxels done Correlation: 0.23117052650043715
Network 1 - Somatomotor: 150 voxels done Correlation: 0.3339293330666316
Network 1 - Somatomotor: 250 voxels done Correlation: 0.36071248253413907
Network 1 - Somatomotor: 500 voxels done Correlation: 0.3434985841241521
Network 1 - Somatomotor: 750 voxels done Correlation: 0.34111534827348333
Network 1 - Somatomotor: 1000 voxels done Correlation: 0.35726152047851667
Network 1 - Somatomotor: 1500 voxels done Correlation: 0.3579411565447716
Network 1 - Somatomotor: 3000 voxels done Correlation: 0.32884198011350185
Network 1 - Somatomotor: 5000 voxels done Correlation: 0.33007114678148264
Network 1 - Somatomotor: 6500 voxels done Correlation: 0.3370214147214483
Network 1 - Somatomotor: 10000 voxels done Correlation: 0.34326001735578293
Network 1 - Somatomotor: 15000 voxels done Correlation: 0.3445572405859633
/home/fhopp/.conda/envs/mjs/lib/python3.8/site-packages/nilearn/masking.py:980: UserWarning: Data array used to create a new image contains 64-bit ints. This is likely due to creating the array with numpy and passing `int` as the `dtype`. Many tools such as FSL and SPM cannot deal with int64 in Nifti images, so for compatibility the data has been converted to int32.
  return new_img_like(mask_img, unmasked, affine)
Network 2 - dAttention: 50 voxels done Correlation: 0.23302153097470554
Network 2 - dAttention: 150 voxels done Correlation: 0.22688481570110666
Network 2 - dAttention: 250 voxels done Correlation: 0.23697032750501767
Network 2 - dAttention: 500 voxels done Correlation: 0.2388507295090937
Network 2 - dAttention: 750 voxels done Correlation: 0.3381283003740303
Network 2 - dAttention: 1000 voxels done Correlation: 0.2901905882200372
Network 2 - dAttention: 1500 voxels done Correlation: 0.33874375819291747
Network 2 - dAttention: 3000 voxels done Correlation: 0.35305609483380085
Network 2 - dAttention: 5000 voxels done Correlation: 0.3503390454235299
Network 2 - dAttention: 6500 voxels done Correlation: 0.33785788777309167
Network 2 - dAttention: 10000 voxels done Correlation: 0.33436168648307696
Network 2 - dAttention: 15000 voxels done Correlation: 0.3309417252855908
/home/fhopp/.conda/envs/mjs/lib/python3.8/site-packages/nilearn/masking.py:980: UserWarning: Data array used to create a new image contains 64-bit ints. This is likely due to creating the array with numpy and passing `int` as the `dtype`. Many tools such as FSL and SPM cannot deal with int64 in Nifti images, so for compatibility the data has been converted to int32.
  return new_img_like(mask_img, unmasked, affine)
Network 3 - vAttention: 50 voxels done Correlation: 0.19840499370157713
Network 3 - vAttention: 150 voxels done Correlation: 0.3974442055939861
Network 3 - vAttention: 250 voxels done Correlation: 0.2586361473058686
Network 3 - vAttention: 500 voxels done Correlation: 0.2917755852702365
Network 3 - vAttention: 750 voxels done Correlation: 0.3661241317064826
Network 3 - vAttention: 1000 voxels done Correlation: 0.30712901572373597
Network 3 - vAttention: 1500 voxels done Correlation: 0.308376217054551
Network 3 - vAttention: 3000 voxels done Correlation: 0.37625218303023233
Network 3 - vAttention: 5000 voxels done Correlation: 0.3590583861587733
Network 3 - vAttention: 6500 voxels done Correlation: 0.3775676805244287
Network 3 - vAttention: 10000 voxels done Correlation: 0.3851384295383903
Network 3 - vAttention: 15000 voxels done Correlation: 0.38641397412379996
/home/fhopp/.conda/envs/mjs/lib/python3.8/site-packages/nilearn/masking.py:980: UserWarning: Data array used to create a new image contains 64-bit ints. This is likely due to creating the array with numpy and passing `int` as the `dtype`. Many tools such as FSL and SPM cannot deal with int64 in Nifti images, so for compatibility the data has been converted to int32.
  return new_img_like(mask_img, unmasked, affine)
Network 4 - Limbic: 50 voxels done Correlation: 0.2232640047285735
Network 4 - Limbic: 150 voxels done Correlation: 0.14278733839329044
Network 4 - Limbic: 250 voxels done Correlation: 0.20856701516285414
Network 4 - Limbic: 500 voxels done Correlation: 0.24791785468427208
Network 4 - Limbic: 750 voxels done Correlation: 0.2463722934710741
Network 4 - Limbic: 1000 voxels done Correlation: 0.28696164041782546
Network 4 - Limbic: 1500 voxels done Correlation: 0.2429118051777312
Network 4 - Limbic: 3000 voxels done Correlation: 0.2564850965004426
Network 4 - Limbic: 5000 voxels done Correlation: 0.2653966730294322
Network 4 - Limbic: 6500 voxels done Correlation: 0.2778303057711533
Network 4 - Limbic: 10000 voxels done Correlation: 0.27917595285540214
/home/fhopp/.conda/envs/mjs/lib/python3.8/site-packages/nilearn/masking.py:980: UserWarning: Data array used to create a new image contains 64-bit ints. This is likely due to creating the array with numpy and passing `int` as the `dtype`. Many tools such as FSL and SPM cannot deal with int64 in Nifti images, so for compatibility the data has been converted to int32.
  return new_img_like(mask_img, unmasked, affine)
Network 5 - Frontoparietal: 50 voxels done Correlation: 0.19668969020733773
Network 5 - Frontoparietal: 150 voxels done Correlation: 0.21717544580834564
Network 5 - Frontoparietal: 250 voxels done Correlation: 0.19243333142130337
Network 5 - Frontoparietal: 500 voxels done Correlation: 0.20365611026497732
Network 5 - Frontoparietal: 750 voxels done Correlation: 0.21167930786155464
Network 5 - Frontoparietal: 1000 voxels done Correlation: 0.22978869624894452
Network 5 - Frontoparietal: 1500 voxels done Correlation: 0.25800334057992985
Network 5 - Frontoparietal: 3000 voxels done Correlation: 0.23511358617803044
Network 5 - Frontoparietal: 5000 voxels done Correlation: 0.2443274197051602
Network 5 - Frontoparietal: 6500 voxels done Correlation: 0.24215245482837253
Network 5 - Frontoparietal: 10000 voxels done Correlation: 0.24168822571920429
Network 5 - Frontoparietal: 15000 voxels done Correlation: 0.23454022799780735
/home/fhopp/.conda/envs/mjs/lib/python3.8/site-packages/nilearn/masking.py:980: UserWarning: Data array used to create a new image contains 64-bit ints. This is likely due to creating the array with numpy and passing `int` as the `dtype`. Many tools such as FSL and SPM cannot deal with int64 in Nifti images, so for compatibility the data has been converted to int32.
  return new_img_like(mask_img, unmasked, affine)
Network 6 - Default Mode: 50 voxels done Correlation: 0.35171252051038376
Network 6 - Default Mode: 150 voxels done Correlation: 0.43538430334196115
Network 6 - Default Mode: 250 voxels done Correlation: 0.38393441702089676
Network 6 - Default Mode: 500 voxels done Correlation: 0.3205181430876292
Network 6 - Default Mode: 750 voxels done Correlation: 0.3920041219612892
Network 6 - Default Mode: 1000 voxels done Correlation: 0.40420927390841477
Network 6 - Default Mode: 1500 voxels done Correlation: 0.4001226227360177
Network 6 - Default Mode: 3000 voxels done Correlation: 0.3843294780243637
Network 6 - Default Mode: 5000 voxels done Correlation: 0.39147173672686053
Network 6 - Default Mode: 6500 voxels done Correlation: 0.3979712976416456
Network 6 - Default Mode: 10000 voxels done Correlation: 0.41588635632658155
Network 6 - Default Mode: 15000 voxels done Correlation: 0.39930669172882405
Network 6 - Default Mode: 25000 voxels done Correlation: 0.4094082032505624
/home/fhopp/.conda/envs/mjs/lib/python3.8/site-packages/nilearn/masking.py:980: UserWarning: Data array used to create a new image contains 64-bit ints. This is likely due to creating the array with numpy and passing `int` as the `dtype`. Many tools such as FSL and SPM cannot deal with int64 in Nifti images, so for compatibility the data has been converted to int32.
  return new_img_like(mask_img, unmasked, affine)
Network 7 - Subcortical: 50 voxels done Correlation: 0.14341575709817628
Network 7 - Subcortical: 150 voxels done Correlation: 0.26167294784639006
Network 7 - Subcortical: 250 voxels done Correlation: 0.1489203576289372
Network 7 - Subcortical: 500 voxels done Correlation: 0.19939398145524595
Network 7 - Subcortical: 750 voxels done Correlation: 0.27364054460811615
Network 7 - Subcortical: 1000 voxels done Correlation: 0.2147706454492745
Network 7 - Subcortical: 1500 voxels done Correlation: 0.22942333261146697
Network 7 - Subcortical: 3000 voxels done Correlation: 0.18915520560989918
Network 7 - Subcortical: 5000 voxels done Correlation: 0.18243641091406487
Network 7 - Subcortical: 6500 voxels done Correlation: 0.16749397963316373
Network 7 - Subcortical: 10000 voxels done Correlation: 0.16080294212902133
Network 8 - Consciousness: 50 voxels done Correlation: 0.2275532187942426
Network 8 - Consciousness: 150 voxels done Correlation: 0.39033405584741515
Network 8 - Consciousness: 250 voxels done Correlation: 0.32233988371099265
Network 8 - Consciousness: 500 voxels done Correlation: 0.40398208868829577
Network 8 - Consciousness: 750 voxels done Correlation: 0.395653981312614
Network 8 - Consciousness: 1000 voxels done Correlation: 0.39483595097658175
Network 8 - Consciousness: 1500 voxels done Correlation: 0.48498574866627137
Network 8 - Consciousness: 3000 voxels done Correlation: 0.47946563844985557
Network 8 - Consciousness: 5000 voxels done Correlation: 0.4449834435598221
Network 8 - Consciousness: 6500 voxels done Correlation: 0.4485892012563465
Network 8 - Consciousness: 10000 voxels done Correlation: 0.46442904111763783
Network 8 - Consciousness: 15000 voxels done Correlation: 0.45205594941549165
Network 8 - Consciousness: 25000 voxels done Correlation: 0.4736934575795644
Network 8 - Consciousness: 50000 voxels done Correlation: 0.46536951428266726
