Running job on: wood
Iteration: 474
Starting spatial evaluation...
/home/fhopp/.conda/envs/mjs/lib/python3.8/site-packages/nilearn/maskers/nifti_masker.py:110: UserWarning: imgs are being resampled to the mask_img resolution. This process is memory intensive. You might want to provide a target_affine that is equal to the affine of the imgs or resample the mask beforehand to save memory and computation time.
  warnings.warn(
/home/fhopp/.conda/envs/mjs/lib/python3.8/site-packages/nilearn/masking.py:980: UserWarning: Data array used to create a new image contains 64-bit ints. This is likely due to creating the array with numpy and passing `int` as the `dtype`. Many tools such as FSL and SPM cannot deal with int64 in Nifti images, so for compatibility the data has been converted to int32.
  return new_img_like(mask_img, unmasked, affine)
Network 0 - Visual: 50 voxels done Correlation: 0.7009834941590622
Network 0 - Visual: 150 voxels done Correlation: 0.5948628257223998
Network 0 - Visual: 250 voxels done Correlation: 0.6256766958611559
Network 0 - Visual: 500 voxels done Correlation: 0.4962682976376673
Network 0 - Visual: 750 voxels done Correlation: 0.5675647907318593
Network 0 - Visual: 1000 voxels done Correlation: 0.6413005708309656
Network 0 - Visual: 1500 voxels done Correlation: 0.5965033332062304
Network 0 - Visual: 3000 voxels done Correlation: 0.6376231246275865
Network 0 - Visual: 5000 voxels done Correlation: 0.6207227058491962
Network 0 - Visual: 6500 voxels done Correlation: 0.6415189148782109
Network 0 - Visual: 10000 voxels done Correlation: 0.6140276057301404
Network 0 - Visual: 15000 voxels done Correlation: 0.623304796838416
/home/fhopp/.conda/envs/mjs/lib/python3.8/site-packages/nilearn/masking.py:980: UserWarning: Data array used to create a new image contains 64-bit ints. This is likely due to creating the array with numpy and passing `int` as the `dtype`. Many tools such as FSL and SPM cannot deal with int64 in Nifti images, so for compatibility the data has been converted to int32.
  return new_img_like(mask_img, unmasked, affine)
Network 1 - Somatomotor: 50 voxels done Correlation: 0.1179783630028628
Network 1 - Somatomotor: 150 voxels done Correlation: 0.31212796492553463
Network 1 - Somatomotor: 250 voxels done Correlation: 0.3243188624955763
Network 1 - Somatomotor: 500 voxels done Correlation: 0.34228530942623947
Network 1 - Somatomotor: 750 voxels done Correlation: 0.3319310626335954
Network 1 - Somatomotor: 1000 voxels done Correlation: 0.3862529111749907
Network 1 - Somatomotor: 1500 voxels done Correlation: 0.32832052653416444
Network 1 - Somatomotor: 3000 voxels done Correlation: 0.3426619685100013
Network 1 - Somatomotor: 5000 voxels done Correlation: 0.3391272773065524
Network 1 - Somatomotor: 6500 voxels done Correlation: 0.3278584514808093
Network 1 - Somatomotor: 10000 voxels done Correlation: 0.34875173362478407
Network 1 - Somatomotor: 15000 voxels done Correlation: 0.3408622482928254
/home/fhopp/.conda/envs/mjs/lib/python3.8/site-packages/nilearn/masking.py:980: UserWarning: Data array used to create a new image contains 64-bit ints. This is likely due to creating the array with numpy and passing `int` as the `dtype`. Many tools such as FSL and SPM cannot deal with int64 in Nifti images, so for compatibility the data has been converted to int32.
  return new_img_like(mask_img, unmasked, affine)
Network 2 - dAttention: 50 voxels done Correlation: 0.28390827159779586
Network 2 - dAttention: 150 voxels done Correlation: 0.24998495064021858
Network 2 - dAttention: 250 voxels done Correlation: 0.314048521646377
Network 2 - dAttention: 500 voxels done Correlation: 0.3788353610619972
Network 2 - dAttention: 750 voxels done Correlation: 0.28169233310175945
Network 2 - dAttention: 1000 voxels done Correlation: 0.32778897373453625
Network 2 - dAttention: 1500 voxels done Correlation: 0.3280176785093991
Network 2 - dAttention: 3000 voxels done Correlation: 0.32054493644598103
Network 2 - dAttention: 5000 voxels done Correlation: 0.3284402564556663
Network 2 - dAttention: 6500 voxels done Correlation: 0.3159007552112432
Network 2 - dAttention: 10000 voxels done Correlation: 0.33055837964736723
Network 2 - dAttention: 15000 voxels done Correlation: 0.33380612291967116
/home/fhopp/.conda/envs/mjs/lib/python3.8/site-packages/nilearn/masking.py:980: UserWarning: Data array used to create a new image contains 64-bit ints. This is likely due to creating the array with numpy and passing `int` as the `dtype`. Many tools such as FSL and SPM cannot deal with int64 in Nifti images, so for compatibility the data has been converted to int32.
  return new_img_like(mask_img, unmasked, affine)
Network 3 - vAttention: 50 voxels done Correlation: 0.20150979873225994
Network 3 - vAttention: 150 voxels done Correlation: 0.19749434759639087
Network 3 - vAttention: 250 voxels done Correlation: 0.3101354979394698
Network 3 - vAttention: 500 voxels done Correlation: 0.31780196761629087
Network 3 - vAttention: 750 voxels done Correlation: 0.3268472978379299
Network 3 - vAttention: 1000 voxels done Correlation: 0.31967508581853366
Network 3 - vAttention: 1500 voxels done Correlation: 0.3419723035499058
Network 3 - vAttention: 3000 voxels done Correlation: 0.3682707134960352
Network 3 - vAttention: 5000 voxels done Correlation: 0.3852109495988204
Network 3 - vAttention: 6500 voxels done Correlation: 0.37379448375725016
Network 3 - vAttention: 10000 voxels done Correlation: 0.37553414962820336
Network 3 - vAttention: 15000 voxels done Correlation: 0.38942593787749147
/home/fhopp/.conda/envs/mjs/lib/python3.8/site-packages/nilearn/masking.py:980: UserWarning: Data array used to create a new image contains 64-bit ints. This is likely due to creating the array with numpy and passing `int` as the `dtype`. Many tools such as FSL and SPM cannot deal with int64 in Nifti images, so for compatibility the data has been converted to int32.
  return new_img_like(mask_img, unmasked, affine)
Network 4 - Limbic: 50 voxels done Correlation: 0.19211680307705373
Network 4 - Limbic: 150 voxels done Correlation: 0.23926407328919358
Network 4 - Limbic: 250 voxels done Correlation: 0.2523332594460494
Network 4 - Limbic: 500 voxels done Correlation: 0.25177779529291033
Network 4 - Limbic: 750 voxels done Correlation: 0.221297154596603
Network 4 - Limbic: 1000 voxels done Correlation: 0.2757097394299354
Network 4 - Limbic: 1500 voxels done Correlation: 0.2862636918100342
Network 4 - Limbic: 3000 voxels done Correlation: 0.26613629131675165
Network 4 - Limbic: 5000 voxels done Correlation: 0.27183393165822295
Network 4 - Limbic: 6500 voxels done Correlation: 0.29162515570213415
Network 4 - Limbic: 10000 voxels done Correlation: 0.28486132151879273
/home/fhopp/.conda/envs/mjs/lib/python3.8/site-packages/nilearn/masking.py:980: UserWarning: Data array used to create a new image contains 64-bit ints. This is likely due to creating the array with numpy and passing `int` as the `dtype`. Many tools such as FSL and SPM cannot deal with int64 in Nifti images, so for compatibility the data has been converted to int32.
  return new_img_like(mask_img, unmasked, affine)
Network 5 - Frontoparietal: 50 voxels done Correlation: 0.1761918441483019
Network 5 - Frontoparietal: 150 voxels done Correlation: 0.2089407166058173
Network 5 - Frontoparietal: 250 voxels done Correlation: 0.2265957324409794
Network 5 - Frontoparietal: 500 voxels done Correlation: 0.16720074408769786
Network 5 - Frontoparietal: 750 voxels done Correlation: 0.1930544182718672
Network 5 - Frontoparietal: 1000 voxels done Correlation: 0.23769043414242563
Network 5 - Frontoparietal: 1500 voxels done Correlation: 0.22819162934585432
Network 5 - Frontoparietal: 3000 voxels done Correlation: 0.2387818191094999
Network 5 - Frontoparietal: 5000 voxels done Correlation: 0.22632947894385516
Network 5 - Frontoparietal: 6500 voxels done Correlation: 0.2491537418413007
Network 5 - Frontoparietal: 10000 voxels done Correlation: 0.23239886784069017
Network 5 - Frontoparietal: 15000 voxels done Correlation: 0.23630481429861716
/home/fhopp/.conda/envs/mjs/lib/python3.8/site-packages/nilearn/masking.py:980: UserWarning: Data array used to create a new image contains 64-bit ints. This is likely due to creating the array with numpy and passing `int` as the `dtype`. Many tools such as FSL and SPM cannot deal with int64 in Nifti images, so for compatibility the data has been converted to int32.
  return new_img_like(mask_img, unmasked, affine)
Network 6 - Default Mode: 50 voxels done Correlation: 0.22026210541435057
Network 6 - Default Mode: 150 voxels done Correlation: 0.3252056660787508
Network 6 - Default Mode: 250 voxels done Correlation: 0.37616790308502357
Network 6 - Default Mode: 500 voxels done Correlation: 0.34561455678798103
Network 6 - Default Mode: 750 voxels done Correlation: 0.3168945080992641
Network 6 - Default Mode: 1000 voxels done Correlation: 0.36923978501403476
Network 6 - Default Mode: 1500 voxels done Correlation: 0.3752234062847134
Network 6 - Default Mode: 3000 voxels done Correlation: 0.4125528054202322
Network 6 - Default Mode: 5000 voxels done Correlation: 0.40763768540307577
Network 6 - Default Mode: 6500 voxels done Correlation: 0.38612310760177504
Network 6 - Default Mode: 10000 voxels done Correlation: 0.4032890634928422
Network 6 - Default Mode: 15000 voxels done Correlation: 0.4071549513410691
Network 6 - Default Mode: 25000 voxels done Correlation: 0.41254467554646707
/home/fhopp/.conda/envs/mjs/lib/python3.8/site-packages/nilearn/masking.py:980: UserWarning: Data array used to create a new image contains 64-bit ints. This is likely due to creating the array with numpy and passing `int` as the `dtype`. Many tools such as FSL and SPM cannot deal with int64 in Nifti images, so for compatibility the data has been converted to int32.
  return new_img_like(mask_img, unmasked, affine)
Network 7 - Subcortical: 50 voxels done Correlation: 0.11253438727119028
Network 7 - Subcortical: 150 voxels done Correlation: 0.186300201370817
Network 7 - Subcortical: 250 voxels done Correlation: 0.18893864755835268
Network 7 - Subcortical: 500 voxels done Correlation: 0.19360890525483943
Network 7 - Subcortical: 750 voxels done Correlation: 0.26908675590068193
Network 7 - Subcortical: 1000 voxels done Correlation: 0.23329541316237334
Network 7 - Subcortical: 1500 voxels done Correlation: 0.21674287355873784
Network 7 - Subcortical: 3000 voxels done Correlation: 0.179335108395759
Network 7 - Subcortical: 5000 voxels done Correlation: 0.1624973774183468
Network 7 - Subcortical: 6500 voxels done Correlation: 0.16686946479363426
Network 7 - Subcortical: 10000 voxels done Correlation: 0.1634013153096563
Network 8 - Consciousness: 50 voxels done Correlation: 0.3166585310710487
Network 8 - Consciousness: 150 voxels done Correlation: 0.31442390531867065
Network 8 - Consciousness: 250 voxels done Correlation: 0.32251563167412195
Network 8 - Consciousness: 500 voxels done Correlation: 0.3453444790365323
Network 8 - Consciousness: 750 voxels done Correlation: 0.39353966972061505
Network 8 - Consciousness: 1000 voxels done Correlation: 0.42659023039478705
Network 8 - Consciousness: 1500 voxels done Correlation: 0.4382474504156796
Network 8 - Consciousness: 3000 voxels done Correlation: 0.4271847491058459
Network 8 - Consciousness: 5000 voxels done Correlation: 0.46133558607385644
Network 8 - Consciousness: 6500 voxels done Correlation: 0.4384043088135411
Network 8 - Consciousness: 10000 voxels done Correlation: 0.4640751357242682
Network 8 - Consciousness: 15000 voxels done Correlation: 0.4688843439711928
Network 8 - Consciousness: 25000 voxels done Correlation: 0.46322628623982265
Network 8 - Consciousness: 50000 voxels done Correlation: 0.4666614646344971
