Running job on: wood
Iteration: 979
Starting spatial evaluation...
/home/fhopp/.conda/envs/mjs/lib/python3.8/site-packages/nilearn/maskers/nifti_masker.py:110: UserWarning: imgs are being resampled to the mask_img resolution. This process is memory intensive. You might want to provide a target_affine that is equal to the affine of the imgs or resample the mask beforehand to save memory and computation time.
  warnings.warn(
/home/fhopp/.conda/envs/mjs/lib/python3.8/site-packages/nilearn/masking.py:980: UserWarning: Data array used to create a new image contains 64-bit ints. This is likely due to creating the array with numpy and passing `int` as the `dtype`. Many tools such as FSL and SPM cannot deal with int64 in Nifti images, so for compatibility the data has been converted to int32.
  return new_img_like(mask_img, unmasked, affine)
Network 0 - Visual: 50 voxels done Correlation: 0.4497437781471392
Network 0 - Visual: 150 voxels done Correlation: 0.6688939903355526
Network 0 - Visual: 250 voxels done Correlation: 0.5974447456953578
Network 0 - Visual: 500 voxels done Correlation: 0.5448243942060751
Network 0 - Visual: 750 voxels done Correlation: 0.5906580462360962
Network 0 - Visual: 1000 voxels done Correlation: 0.572926428221338
Network 0 - Visual: 1500 voxels done Correlation: 0.6095561653880806
Network 0 - Visual: 3000 voxels done Correlation: 0.6167546207635397
Network 0 - Visual: 5000 voxels done Correlation: 0.6273560246485756
Network 0 - Visual: 6500 voxels done Correlation: 0.6143223118569047
Network 0 - Visual: 10000 voxels done Correlation: 0.6259113884178407
Network 0 - Visual: 15000 voxels done Correlation: 0.6294733638682228
/home/fhopp/.conda/envs/mjs/lib/python3.8/site-packages/nilearn/masking.py:980: UserWarning: Data array used to create a new image contains 64-bit ints. This is likely due to creating the array with numpy and passing `int` as the `dtype`. Many tools such as FSL and SPM cannot deal with int64 in Nifti images, so for compatibility the data has been converted to int32.
  return new_img_like(mask_img, unmasked, affine)
Network 1 - Somatomotor: 50 voxels done Correlation: 0.17004945809728936
Network 1 - Somatomotor: 150 voxels done Correlation: 0.3822738008931169
Network 1 - Somatomotor: 250 voxels done Correlation: 0.3843274063818021
Network 1 - Somatomotor: 500 voxels done Correlation: 0.34075496353297696
Network 1 - Somatomotor: 750 voxels done Correlation: 0.3448119636311158
Network 1 - Somatomotor: 1000 voxels done Correlation: 0.34781946921549556
Network 1 - Somatomotor: 1500 voxels done Correlation: 0.34174091273322754
Network 1 - Somatomotor: 3000 voxels done Correlation: 0.3289131804269467
Network 1 - Somatomotor: 5000 voxels done Correlation: 0.33960616750253914
Network 1 - Somatomotor: 6500 voxels done Correlation: 0.33287903464396423
Network 1 - Somatomotor: 10000 voxels done Correlation: 0.3494896259012569
Network 1 - Somatomotor: 15000 voxels done Correlation: 0.3423142313633559
/home/fhopp/.conda/envs/mjs/lib/python3.8/site-packages/nilearn/masking.py:980: UserWarning: Data array used to create a new image contains 64-bit ints. This is likely due to creating the array with numpy and passing `int` as the `dtype`. Many tools such as FSL and SPM cannot deal with int64 in Nifti images, so for compatibility the data has been converted to int32.
  return new_img_like(mask_img, unmasked, affine)
Network 2 - dAttention: 50 voxels done Correlation: 0.27656788145943845
Network 2 - dAttention: 150 voxels done Correlation: 0.34327356594809433
Network 2 - dAttention: 250 voxels done Correlation: 0.21461873784336138
Network 2 - dAttention: 500 voxels done Correlation: 0.31640900584753257
Network 2 - dAttention: 750 voxels done Correlation: 0.31120579223513367
Network 2 - dAttention: 1000 voxels done Correlation: 0.3036561853953531
Network 2 - dAttention: 1500 voxels done Correlation: 0.30865225018261844
Network 2 - dAttention: 3000 voxels done Correlation: 0.3373784487352658
Network 2 - dAttention: 5000 voxels done Correlation: 0.3473385176156355
Network 2 - dAttention: 6500 voxels done Correlation: 0.3323885503721512
Network 2 - dAttention: 10000 voxels done Correlation: 0.3417744463051796
Network 2 - dAttention: 15000 voxels done Correlation: 0.33510134903302874
/home/fhopp/.conda/envs/mjs/lib/python3.8/site-packages/nilearn/masking.py:980: UserWarning: Data array used to create a new image contains 64-bit ints. This is likely due to creating the array with numpy and passing `int` as the `dtype`. Many tools such as FSL and SPM cannot deal with int64 in Nifti images, so for compatibility the data has been converted to int32.
  return new_img_like(mask_img, unmasked, affine)
Network 3 - vAttention: 50 voxels done Correlation: 0.25535161514286675
Network 3 - vAttention: 150 voxels done Correlation: 0.3081514758569275
Network 3 - vAttention: 250 voxels done Correlation: 0.25817772666839106
Network 3 - vAttention: 500 voxels done Correlation: 0.31604276464977454
Network 3 - vAttention: 750 voxels done Correlation: 0.35083708499952715
Network 3 - vAttention: 1000 voxels done Correlation: 0.3428225582483785
Network 3 - vAttention: 1500 voxels done Correlation: 0.3877766111267379
Network 3 - vAttention: 3000 voxels done Correlation: 0.39161170707162657
Network 3 - vAttention: 5000 voxels done Correlation: 0.37263677506589077
Network 3 - vAttention: 6500 voxels done Correlation: 0.38086083316039415
Network 3 - vAttention: 10000 voxels done Correlation: 0.3790943558347213
Network 3 - vAttention: 15000 voxels done Correlation: 0.38568675847112743
/home/fhopp/.conda/envs/mjs/lib/python3.8/site-packages/nilearn/masking.py:980: UserWarning: Data array used to create a new image contains 64-bit ints. This is likely due to creating the array with numpy and passing `int` as the `dtype`. Many tools such as FSL and SPM cannot deal with int64 in Nifti images, so for compatibility the data has been converted to int32.
  return new_img_like(mask_img, unmasked, affine)
Network 4 - Limbic: 50 voxels done Correlation: 0.05261874587206966
Network 4 - Limbic: 150 voxels done Correlation: 0.2615265090636067
Network 4 - Limbic: 250 voxels done Correlation: 0.283724095636646
Network 4 - Limbic: 500 voxels done Correlation: 0.21147469660372986
Network 4 - Limbic: 750 voxels done Correlation: 0.24455822824397347
Network 4 - Limbic: 1000 voxels done Correlation: 0.2808192416484876
Network 4 - Limbic: 1500 voxels done Correlation: 0.25122133898251714
Network 4 - Limbic: 3000 voxels done Correlation: 0.28080447779434736
Network 4 - Limbic: 5000 voxels done Correlation: 0.28806395562191933
Network 4 - Limbic: 6500 voxels done Correlation: 0.283114614775805
Network 4 - Limbic: 10000 voxels done Correlation: 0.28518580702974483
/home/fhopp/.conda/envs/mjs/lib/python3.8/site-packages/nilearn/masking.py:980: UserWarning: Data array used to create a new image contains 64-bit ints. This is likely due to creating the array with numpy and passing `int` as the `dtype`. Many tools such as FSL and SPM cannot deal with int64 in Nifti images, so for compatibility the data has been converted to int32.
  return new_img_like(mask_img, unmasked, affine)
Network 5 - Frontoparietal: 50 voxels done Correlation: 0.1590924467018962
Network 5 - Frontoparietal: 150 voxels done Correlation: 0.14668320774960988
Network 5 - Frontoparietal: 250 voxels done Correlation: 0.2210065932404255
Network 5 - Frontoparietal: 500 voxels done Correlation: 0.14048838318856594
Network 5 - Frontoparietal: 750 voxels done Correlation: 0.27049435451618625
Network 5 - Frontoparietal: 1000 voxels done Correlation: 0.20482171022124562
Network 5 - Frontoparietal: 1500 voxels done Correlation: 0.24516814805633902
Network 5 - Frontoparietal: 3000 voxels done Correlation: 0.23241994488588508
Network 5 - Frontoparietal: 5000 voxels done Correlation: 0.21962821084932183
Network 5 - Frontoparietal: 6500 voxels done Correlation: 0.23745700961111865
Network 5 - Frontoparietal: 10000 voxels done Correlation: 0.2391038590607656
Network 5 - Frontoparietal: 15000 voxels done Correlation: 0.24130341193792998
/home/fhopp/.conda/envs/mjs/lib/python3.8/site-packages/nilearn/masking.py:980: UserWarning: Data array used to create a new image contains 64-bit ints. This is likely due to creating the array with numpy and passing `int` as the `dtype`. Many tools such as FSL and SPM cannot deal with int64 in Nifti images, so for compatibility the data has been converted to int32.
  return new_img_like(mask_img, unmasked, affine)
Network 6 - Default Mode: 50 voxels done Correlation: 0.3166815706659509
Network 6 - Default Mode: 150 voxels done Correlation: 0.33114643815627753
Network 6 - Default Mode: 250 voxels done Correlation: 0.31106415130387133
Network 6 - Default Mode: 500 voxels done Correlation: 0.2810661713175051
Network 6 - Default Mode: 750 voxels done Correlation: 0.3873079376216102
Network 6 - Default Mode: 1000 voxels done Correlation: 0.3409895408893103
Network 6 - Default Mode: 1500 voxels done Correlation: 0.37000814469691984
Network 6 - Default Mode: 3000 voxels done Correlation: 0.40387495250055144
Network 6 - Default Mode: 5000 voxels done Correlation: 0.3831508628257384
Network 6 - Default Mode: 6500 voxels done Correlation: 0.40673488387254353
Network 6 - Default Mode: 10000 voxels done Correlation: 0.40365064273915796
Network 6 - Default Mode: 15000 voxels done Correlation: 0.40302704678850776
Network 6 - Default Mode: 25000 voxels done Correlation: 0.40848438142379606
/home/fhopp/.conda/envs/mjs/lib/python3.8/site-packages/nilearn/masking.py:980: UserWarning: Data array used to create a new image contains 64-bit ints. This is likely due to creating the array with numpy and passing `int` as the `dtype`. Many tools such as FSL and SPM cannot deal with int64 in Nifti images, so for compatibility the data has been converted to int32.
  return new_img_like(mask_img, unmasked, affine)
Network 7 - Subcortical: 50 voxels done Correlation: 0.23205412030879205
Network 7 - Subcortical: 150 voxels done Correlation: 0.21143989759406318
Network 7 - Subcortical: 250 voxels done Correlation: 0.19659856315659777
Network 7 - Subcortical: 500 voxels done Correlation: 0.21743337232023868
Network 7 - Subcortical: 750 voxels done Correlation: 0.2217518749362663
Network 7 - Subcortical: 1000 voxels done Correlation: 0.21429267452375791
Network 7 - Subcortical: 1500 voxels done Correlation: 0.22747842077736646
Network 7 - Subcortical: 3000 voxels done Correlation: 0.17629589918474847
Network 7 - Subcortical: 5000 voxels done Correlation: 0.17066253184741162
Network 7 - Subcortical: 6500 voxels done Correlation: 0.1702526255359486
Network 7 - Subcortical: 10000 voxels done Correlation: 0.16902216127508152
Network 8 - Consciousness: 50 voxels done Correlation: 0.3956648219940354
Network 8 - Consciousness: 150 voxels done Correlation: 0.3366005844016723
Network 8 - Consciousness: 250 voxels done Correlation: 0.34444601805786856
Network 8 - Consciousness: 500 voxels done Correlation: 0.4052144927137244
Network 8 - Consciousness: 750 voxels done Correlation: 0.4940864112938823
Network 8 - Consciousness: 1000 voxels done Correlation: 0.39275896377825903
Network 8 - Consciousness: 1500 voxels done Correlation: 0.4334411392659809
Network 8 - Consciousness: 3000 voxels done Correlation: 0.4253139273897838
Network 8 - Consciousness: 5000 voxels done Correlation: 0.4289119417689905
Network 8 - Consciousness: 6500 voxels done Correlation: 0.45929494084707034
Network 8 - Consciousness: 10000 voxels done Correlation: 0.4738664719619168
Network 8 - Consciousness: 15000 voxels done Correlation: 0.46871499828137503
Network 8 - Consciousness: 25000 voxels done Correlation: 0.44993411527757643
Network 8 - Consciousness: 50000 voxels done Correlation: 0.46353908412892164
