Running job on: ada
Iteration: 147
Starting spatial evaluation...
/home/fhopp/.conda/envs/mjs/lib/python3.8/site-packages/nilearn/maskers/nifti_masker.py:110: UserWarning: imgs are being resampled to the mask_img resolution. This process is memory intensive. You might want to provide a target_affine that is equal to the affine of the imgs or resample the mask beforehand to save memory and computation time.
  warnings.warn(
/home/fhopp/.conda/envs/mjs/lib/python3.8/site-packages/nilearn/masking.py:980: UserWarning: Data array used to create a new image contains 64-bit ints. This is likely due to creating the array with numpy and passing `int` as the `dtype`. Many tools such as FSL and SPM cannot deal with int64 in Nifti images, so for compatibility the data has been converted to int32.
  return new_img_like(mask_img, unmasked, affine)
Network 0 - Visual: 50 voxels done Correlation: 0.4671674051287695
Network 0 - Visual: 150 voxels done Correlation: 0.5964739056833182
Network 0 - Visual: 250 voxels done Correlation: 0.6112334653693725
Network 0 - Visual: 500 voxels done Correlation: 0.5503311862070186
Network 0 - Visual: 750 voxels done Correlation: 0.5679293042943554
Network 0 - Visual: 1000 voxels done Correlation: 0.6099365717135439
Network 0 - Visual: 1500 voxels done Correlation: 0.6120757791975684
Network 0 - Visual: 3000 voxels done Correlation: 0.6052497535394696
Network 0 - Visual: 5000 voxels done Correlation: 0.6451761615258134
Network 0 - Visual: 6500 voxels done Correlation: 0.6208981998656977
Network 0 - Visual: 10000 voxels done Correlation: 0.6299861527289241
Network 0 - Visual: 15000 voxels done Correlation: 0.6302848206197147
/home/fhopp/.conda/envs/mjs/lib/python3.8/site-packages/nilearn/masking.py:980: UserWarning: Data array used to create a new image contains 64-bit ints. This is likely due to creating the array with numpy and passing `int` as the `dtype`. Many tools such as FSL and SPM cannot deal with int64 in Nifti images, so for compatibility the data has been converted to int32.
  return new_img_like(mask_img, unmasked, affine)
Network 1 - Somatomotor: 50 voxels done Correlation: 0.11933914572329142
Network 1 - Somatomotor: 150 voxels done Correlation: 0.2959985140213443
Network 1 - Somatomotor: 250 voxels done Correlation: 0.3315956364566841
Network 1 - Somatomotor: 500 voxels done Correlation: 0.33801080983949094
Network 1 - Somatomotor: 750 voxels done Correlation: 0.4230202860810035
Network 1 - Somatomotor: 1000 voxels done Correlation: 0.3407836397533367
Network 1 - Somatomotor: 1500 voxels done Correlation: 0.31901408224362515
Network 1 - Somatomotor: 3000 voxels done Correlation: 0.32859909978281815
Network 1 - Somatomotor: 5000 voxels done Correlation: 0.3465470658286939
Network 1 - Somatomotor: 6500 voxels done Correlation: 0.3408057874434031
Network 1 - Somatomotor: 10000 voxels done Correlation: 0.3405111488286363
Network 1 - Somatomotor: 15000 voxels done Correlation: 0.34334587254344767
/home/fhopp/.conda/envs/mjs/lib/python3.8/site-packages/nilearn/masking.py:980: UserWarning: Data array used to create a new image contains 64-bit ints. This is likely due to creating the array with numpy and passing `int` as the `dtype`. Many tools such as FSL and SPM cannot deal with int64 in Nifti images, so for compatibility the data has been converted to int32.
  return new_img_like(mask_img, unmasked, affine)
Network 2 - dAttention: 50 voxels done Correlation: 0.24972757182003263
Network 2 - dAttention: 150 voxels done Correlation: 0.3169446102212028
Network 2 - dAttention: 250 voxels done Correlation: 0.26896299996334067
Network 2 - dAttention: 500 voxels done Correlation: 0.3417312483945443
Network 2 - dAttention: 750 voxels done Correlation: 0.33494784711918274
Network 2 - dAttention: 1000 voxels done Correlation: 0.3229733401163053
Network 2 - dAttention: 1500 voxels done Correlation: 0.33796127998076575
Network 2 - dAttention: 3000 voxels done Correlation: 0.2922431908589153
Network 2 - dAttention: 5000 voxels done Correlation: 0.3267235414237285
Network 2 - dAttention: 6500 voxels done Correlation: 0.3299331602718892
Network 2 - dAttention: 10000 voxels done Correlation: 0.3451991802219254
Network 2 - dAttention: 15000 voxels done Correlation: 0.33367060316585617
/home/fhopp/.conda/envs/mjs/lib/python3.8/site-packages/nilearn/masking.py:980: UserWarning: Data array used to create a new image contains 64-bit ints. This is likely due to creating the array with numpy and passing `int` as the `dtype`. Many tools such as FSL and SPM cannot deal with int64 in Nifti images, so for compatibility the data has been converted to int32.
  return new_img_like(mask_img, unmasked, affine)
Network 3 - vAttention: 50 voxels done Correlation: 0.19115635111693635
Network 3 - vAttention: 150 voxels done Correlation: 0.3256445628294546
Network 3 - vAttention: 250 voxels done Correlation: 0.31215146664504095
Network 3 - vAttention: 500 voxels done Correlation: 0.3153267751452124
Network 3 - vAttention: 750 voxels done Correlation: 0.37266467905136014
Network 3 - vAttention: 1000 voxels done Correlation: 0.2964441444824275
Network 3 - vAttention: 1500 voxels done Correlation: 0.3578790243083406
Network 3 - vAttention: 3000 voxels done Correlation: 0.3593864714616785
Network 3 - vAttention: 5000 voxels done Correlation: 0.40176837413091065
Network 3 - vAttention: 6500 voxels done Correlation: 0.3787791371951794
Network 3 - vAttention: 10000 voxels done Correlation: 0.3809672861704446
Network 3 - vAttention: 15000 voxels done Correlation: 0.38805952141855193
/home/fhopp/.conda/envs/mjs/lib/python3.8/site-packages/nilearn/masking.py:980: UserWarning: Data array used to create a new image contains 64-bit ints. This is likely due to creating the array with numpy and passing `int` as the `dtype`. Many tools such as FSL and SPM cannot deal with int64 in Nifti images, so for compatibility the data has been converted to int32.
  return new_img_like(mask_img, unmasked, affine)
Network 4 - Limbic: 50 voxels done Correlation: 0.2075373163471938
Network 4 - Limbic: 150 voxels done Correlation: 0.27912428574535675
Network 4 - Limbic: 250 voxels done Correlation: 0.3033899751701413
Network 4 - Limbic: 500 voxels done Correlation: 0.24995848058373663
Network 4 - Limbic: 750 voxels done Correlation: 0.25569872569457036
Network 4 - Limbic: 1000 voxels done Correlation: 0.28488402292314574
Network 4 - Limbic: 1500 voxels done Correlation: 0.27977061105568124
Network 4 - Limbic: 3000 voxels done Correlation: 0.2698893036926064
Network 4 - Limbic: 5000 voxels done Correlation: 0.26958508025099975
Network 4 - Limbic: 6500 voxels done Correlation: 0.2796967536904946
Network 4 - Limbic: 10000 voxels done Correlation: 0.28197817693149163
/home/fhopp/.conda/envs/mjs/lib/python3.8/site-packages/nilearn/masking.py:980: UserWarning: Data array used to create a new image contains 64-bit ints. This is likely due to creating the array with numpy and passing `int` as the `dtype`. Many tools such as FSL and SPM cannot deal with int64 in Nifti images, so for compatibility the data has been converted to int32.
  return new_img_like(mask_img, unmasked, affine)
Network 5 - Frontoparietal: 50 voxels done Correlation: 0.23086409682286568
Network 5 - Frontoparietal: 150 voxels done Correlation: 0.12313217847822938
Network 5 - Frontoparietal: 250 voxels done Correlation: 0.1955880888010621
Network 5 - Frontoparietal: 500 voxels done Correlation: 0.1851956784351797
Network 5 - Frontoparietal: 750 voxels done Correlation: 0.19183974972462964
Network 5 - Frontoparietal: 1000 voxels done Correlation: 0.2526978156307718
Network 5 - Frontoparietal: 1500 voxels done Correlation: 0.27534500986999155
Network 5 - Frontoparietal: 3000 voxels done Correlation: 0.2511017697797395
Network 5 - Frontoparietal: 5000 voxels done Correlation: 0.23550738264212434
Network 5 - Frontoparietal: 6500 voxels done Correlation: 0.2194298607525748
Network 5 - Frontoparietal: 10000 voxels done Correlation: 0.23740395715988882
Network 5 - Frontoparietal: 15000 voxels done Correlation: 0.2405438309450749
/home/fhopp/.conda/envs/mjs/lib/python3.8/site-packages/nilearn/masking.py:980: UserWarning: Data array used to create a new image contains 64-bit ints. This is likely due to creating the array with numpy and passing `int` as the `dtype`. Many tools such as FSL and SPM cannot deal with int64 in Nifti images, so for compatibility the data has been converted to int32.
  return new_img_like(mask_img, unmasked, affine)
Network 6 - Default Mode: 50 voxels done Correlation: 0.2934827097707047
Network 6 - Default Mode: 150 voxels done Correlation: 0.34575447894319555
Network 6 - Default Mode: 250 voxels done Correlation: 0.3361788417892645
Network 6 - Default Mode: 500 voxels done Correlation: 0.3831549070405621
Network 6 - Default Mode: 750 voxels done Correlation: 0.32202269144648266
Network 6 - Default Mode: 1000 voxels done Correlation: 0.3776999847885451
Network 6 - Default Mode: 1500 voxels done Correlation: 0.3844051169008108
Network 6 - Default Mode: 3000 voxels done Correlation: 0.4127526897848901
Network 6 - Default Mode: 5000 voxels done Correlation: 0.40707779916713727
Network 6 - Default Mode: 6500 voxels done Correlation: 0.4125886285435829
Network 6 - Default Mode: 10000 voxels done Correlation: 0.4015938974149726
Network 6 - Default Mode: 15000 voxels done Correlation: 0.39391539423168187
Network 6 - Default Mode: 25000 voxels done Correlation: 0.4076180034167345
/home/fhopp/.conda/envs/mjs/lib/python3.8/site-packages/nilearn/masking.py:980: UserWarning: Data array used to create a new image contains 64-bit ints. This is likely due to creating the array with numpy and passing `int` as the `dtype`. Many tools such as FSL and SPM cannot deal with int64 in Nifti images, so for compatibility the data has been converted to int32.
  return new_img_like(mask_img, unmasked, affine)
Network 7 - Subcortical: 50 voxels done Correlation: 0.10649520206791495
Network 7 - Subcortical: 150 voxels done Correlation: 0.14433124074458087
Network 7 - Subcortical: 250 voxels done Correlation: 0.2628044483936653
Network 7 - Subcortical: 500 voxels done Correlation: 0.2258746505837258
Network 7 - Subcortical: 750 voxels done Correlation: 0.2651317071283359
Network 7 - Subcortical: 1000 voxels done Correlation: 0.23827816625254586
Network 7 - Subcortical: 1500 voxels done Correlation: 0.22443959871429975
Network 7 - Subcortical: 3000 voxels done Correlation: 0.16617859005414412
Network 7 - Subcortical: 5000 voxels done Correlation: 0.1693402596042937
Network 7 - Subcortical: 6500 voxels done Correlation: 0.1661392679272123
Network 7 - Subcortical: 10000 voxels done Correlation: 0.16518038726581316
Network 8 - Consciousness: 50 voxels done Correlation: 0.24380150559915426
Network 8 - Consciousness: 150 voxels done Correlation: 0.35187816978286324
Network 8 - Consciousness: 250 voxels done Correlation: 0.3451543162694227
Network 8 - Consciousness: 500 voxels done Correlation: 0.394973698532327
Network 8 - Consciousness: 750 voxels done Correlation: 0.4646030959570524
Network 8 - Consciousness: 1000 voxels done Correlation: 0.37724801045348577
Network 8 - Consciousness: 1500 voxels done Correlation: 0.40694274325890145
Network 8 - Consciousness: 3000 voxels done Correlation: 0.4368494575203212
Network 8 - Consciousness: 5000 voxels done Correlation: 0.46037645871389155
Network 8 - Consciousness: 6500 voxels done Correlation: 0.4669149405010588
Network 8 - Consciousness: 10000 voxels done Correlation: 0.4659909917085809
Network 8 - Consciousness: 15000 voxels done Correlation: 0.4787183098088117
Network 8 - Consciousness: 25000 voxels done Correlation: 0.46886858201111353
Network 8 - Consciousness: 50000 voxels done Correlation: 0.4636660875850037
