Running job on: wood
Iteration: 762
Starting spatial evaluation...
/home/fhopp/.conda/envs/mjs/lib/python3.8/site-packages/nilearn/maskers/nifti_masker.py:110: UserWarning: imgs are being resampled to the mask_img resolution. This process is memory intensive. You might want to provide a target_affine that is equal to the affine of the imgs or resample the mask beforehand to save memory and computation time.
  warnings.warn(
/home/fhopp/.conda/envs/mjs/lib/python3.8/site-packages/nilearn/masking.py:980: UserWarning: Data array used to create a new image contains 64-bit ints. This is likely due to creating the array with numpy and passing `int` as the `dtype`. Many tools such as FSL and SPM cannot deal with int64 in Nifti images, so for compatibility the data has been converted to int32.
  return new_img_like(mask_img, unmasked, affine)
Network 0 - Visual: 50 voxels done Correlation: 0.6180717943422864
Network 0 - Visual: 150 voxels done Correlation: 0.6593028055899608
Network 0 - Visual: 250 voxels done Correlation: 0.6003158279926291
Network 0 - Visual: 500 voxels done Correlation: 0.6297728619815526
Network 0 - Visual: 750 voxels done Correlation: 0.5846327526515849
Network 0 - Visual: 1000 voxels done Correlation: 0.5976097897506878
Network 0 - Visual: 1500 voxels done Correlation: 0.6286867756080402
Network 0 - Visual: 3000 voxels done Correlation: 0.6280813012059063
Network 0 - Visual: 5000 voxels done Correlation: 0.6225656887153015
Network 0 - Visual: 6500 voxels done Correlation: 0.6187927459792906
Network 0 - Visual: 10000 voxels done Correlation: 0.6374886540448963
Network 0 - Visual: 15000 voxels done Correlation: 0.626888396793685
/home/fhopp/.conda/envs/mjs/lib/python3.8/site-packages/nilearn/masking.py:980: UserWarning: Data array used to create a new image contains 64-bit ints. This is likely due to creating the array with numpy and passing `int` as the `dtype`. Many tools such as FSL and SPM cannot deal with int64 in Nifti images, so for compatibility the data has been converted to int32.
  return new_img_like(mask_img, unmasked, affine)
Network 1 - Somatomotor: 50 voxels done Correlation: 0.273477962467215
Network 1 - Somatomotor: 150 voxels done Correlation: 0.3343647920251347
Network 1 - Somatomotor: 250 voxels done Correlation: 0.37604033923597086
Network 1 - Somatomotor: 500 voxels done Correlation: 0.3133940186445442
Network 1 - Somatomotor: 750 voxels done Correlation: 0.33794764738569427
Network 1 - Somatomotor: 1000 voxels done Correlation: 0.3207504494759707
Network 1 - Somatomotor: 1500 voxels done Correlation: 0.3566908479975671
Network 1 - Somatomotor: 3000 voxels done Correlation: 0.32566242083384334
Network 1 - Somatomotor: 5000 voxels done Correlation: 0.3435414122624696
Network 1 - Somatomotor: 6500 voxels done Correlation: 0.3403557321353924
Network 1 - Somatomotor: 10000 voxels done Correlation: 0.3382957159319576
Network 1 - Somatomotor: 15000 voxels done Correlation: 0.3444288041287693
/home/fhopp/.conda/envs/mjs/lib/python3.8/site-packages/nilearn/masking.py:980: UserWarning: Data array used to create a new image contains 64-bit ints. This is likely due to creating the array with numpy and passing `int` as the `dtype`. Many tools such as FSL and SPM cannot deal with int64 in Nifti images, so for compatibility the data has been converted to int32.
  return new_img_like(mask_img, unmasked, affine)
Network 2 - dAttention: 50 voxels done Correlation: 0.19964676235241768
Network 2 - dAttention: 150 voxels done Correlation: 0.27327894218239945
Network 2 - dAttention: 250 voxels done Correlation: 0.22180548634588013
Network 2 - dAttention: 500 voxels done Correlation: 0.30418610422519654
Network 2 - dAttention: 750 voxels done Correlation: 0.335674075797439
Network 2 - dAttention: 1000 voxels done Correlation: 0.2895307615176457
Network 2 - dAttention: 1500 voxels done Correlation: 0.32451915408070575
Network 2 - dAttention: 3000 voxels done Correlation: 0.32742688275714726
Network 2 - dAttention: 5000 voxels done Correlation: 0.3290443550644634
Network 2 - dAttention: 6500 voxels done Correlation: 0.3359399300227324
Network 2 - dAttention: 10000 voxels done Correlation: 0.3379645593322149
Network 2 - dAttention: 15000 voxels done Correlation: 0.3330449986620967
/home/fhopp/.conda/envs/mjs/lib/python3.8/site-packages/nilearn/masking.py:980: UserWarning: Data array used to create a new image contains 64-bit ints. This is likely due to creating the array with numpy and passing `int` as the `dtype`. Many tools such as FSL and SPM cannot deal with int64 in Nifti images, so for compatibility the data has been converted to int32.
  return new_img_like(mask_img, unmasked, affine)
Network 3 - vAttention: 50 voxels done Correlation: 0.25552588213998445
Network 3 - vAttention: 150 voxels done Correlation: 0.2542283096821617
Network 3 - vAttention: 250 voxels done Correlation: 0.3356001264860503
Network 3 - vAttention: 500 voxels done Correlation: 0.31042594604651985
Network 3 - vAttention: 750 voxels done Correlation: 0.3127907979441545
Network 3 - vAttention: 1000 voxels done Correlation: 0.3469627293706494
Network 3 - vAttention: 1500 voxels done Correlation: 0.3363470612764652
Network 3 - vAttention: 3000 voxels done Correlation: 0.36671964063424944
Network 3 - vAttention: 5000 voxels done Correlation: 0.3847843578112178
Network 3 - vAttention: 6500 voxels done Correlation: 0.38914526691312035
Network 3 - vAttention: 10000 voxels done Correlation: 0.387255237212527
Network 3 - vAttention: 15000 voxels done Correlation: 0.3863415705660158
/home/fhopp/.conda/envs/mjs/lib/python3.8/site-packages/nilearn/masking.py:980: UserWarning: Data array used to create a new image contains 64-bit ints. This is likely due to creating the array with numpy and passing `int` as the `dtype`. Many tools such as FSL and SPM cannot deal with int64 in Nifti images, so for compatibility the data has been converted to int32.
  return new_img_like(mask_img, unmasked, affine)
Network 4 - Limbic: 50 voxels done Correlation: 0.21925510560171957
Network 4 - Limbic: 150 voxels done Correlation: 0.1744669980689827
Network 4 - Limbic: 250 voxels done Correlation: 0.24304723300260733
Network 4 - Limbic: 500 voxels done Correlation: 0.27862019723412107
Network 4 - Limbic: 750 voxels done Correlation: 0.21633032276542777
Network 4 - Limbic: 1000 voxels done Correlation: 0.28955519277710384
Network 4 - Limbic: 1500 voxels done Correlation: 0.26843406930433844
Network 4 - Limbic: 3000 voxels done Correlation: 0.28590557067294686
Network 4 - Limbic: 5000 voxels done Correlation: 0.2841354908586572
Network 4 - Limbic: 6500 voxels done Correlation: 0.27961846785679123
Network 4 - Limbic: 10000 voxels done Correlation: 0.2903295754638088
/home/fhopp/.conda/envs/mjs/lib/python3.8/site-packages/nilearn/masking.py:980: UserWarning: Data array used to create a new image contains 64-bit ints. This is likely due to creating the array with numpy and passing `int` as the `dtype`. Many tools such as FSL and SPM cannot deal with int64 in Nifti images, so for compatibility the data has been converted to int32.
  return new_img_like(mask_img, unmasked, affine)
Network 5 - Frontoparietal: 50 voxels done Correlation: 0.1788122647221852
Network 5 - Frontoparietal: 150 voxels done Correlation: 0.2238273146425216
Network 5 - Frontoparietal: 250 voxels done Correlation: 0.2910388661719785
Network 5 - Frontoparietal: 500 voxels done Correlation: 0.22715265603887513
Network 5 - Frontoparietal: 750 voxels done Correlation: 0.21293014009328584
Network 5 - Frontoparietal: 1000 voxels done Correlation: 0.1932830621570165
Network 5 - Frontoparietal: 1500 voxels done Correlation: 0.2617161330756805
Network 5 - Frontoparietal: 3000 voxels done Correlation: 0.22105791066659014
Network 5 - Frontoparietal: 5000 voxels done Correlation: 0.22675085389829783
Network 5 - Frontoparietal: 6500 voxels done Correlation: 0.2388977634780095
Network 5 - Frontoparietal: 10000 voxels done Correlation: 0.23653666417915184
Network 5 - Frontoparietal: 15000 voxels done Correlation: 0.2331929417380434
/home/fhopp/.conda/envs/mjs/lib/python3.8/site-packages/nilearn/masking.py:980: UserWarning: Data array used to create a new image contains 64-bit ints. This is likely due to creating the array with numpy and passing `int` as the `dtype`. Many tools such as FSL and SPM cannot deal with int64 in Nifti images, so for compatibility the data has been converted to int32.
  return new_img_like(mask_img, unmasked, affine)
Network 6 - Default Mode: 50 voxels done Correlation: 0.2863296410319148
Network 6 - Default Mode: 150 voxels done Correlation: 0.2633533197493533
Network 6 - Default Mode: 250 voxels done Correlation: 0.2610960854922378
Network 6 - Default Mode: 500 voxels done Correlation: 0.3770171814067866
Network 6 - Default Mode: 750 voxels done Correlation: 0.4422230032710789
Network 6 - Default Mode: 1000 voxels done Correlation: 0.28882901717639037
Network 6 - Default Mode: 1500 voxels done Correlation: 0.34630821889245567
Network 6 - Default Mode: 3000 voxels done Correlation: 0.4217981353822047
Network 6 - Default Mode: 5000 voxels done Correlation: 0.41840886683281375
Network 6 - Default Mode: 6500 voxels done Correlation: 0.4113466557397605
Network 6 - Default Mode: 10000 voxels done Correlation: 0.3981949988930061
Network 6 - Default Mode: 15000 voxels done Correlation: 0.4142025042787105
Network 6 - Default Mode: 25000 voxels done Correlation: 0.4094424993519613
/home/fhopp/.conda/envs/mjs/lib/python3.8/site-packages/nilearn/masking.py:980: UserWarning: Data array used to create a new image contains 64-bit ints. This is likely due to creating the array with numpy and passing `int` as the `dtype`. Many tools such as FSL and SPM cannot deal with int64 in Nifti images, so for compatibility the data has been converted to int32.
  return new_img_like(mask_img, unmasked, affine)
Network 7 - Subcortical: 50 voxels done Correlation: 0.24863552251681448
Network 7 - Subcortical: 150 voxels done Correlation: 0.2714077654396968
Network 7 - Subcortical: 250 voxels done Correlation: 0.21295676394931828
Network 7 - Subcortical: 500 voxels done Correlation: 0.18111937423893648
Network 7 - Subcortical: 750 voxels done Correlation: 0.2168151646643873
Network 7 - Subcortical: 1000 voxels done Correlation: 0.24071175693234598
Network 7 - Subcortical: 1500 voxels done Correlation: 0.24420672735180665
Network 7 - Subcortical: 3000 voxels done Correlation: 0.17739510057228774
Network 7 - Subcortical: 5000 voxels done Correlation: 0.18128389660301997
Network 7 - Subcortical: 6500 voxels done Correlation: 0.163212084233215
Network 7 - Subcortical: 10000 voxels done Correlation: 0.16579477891535638
Network 8 - Consciousness: 50 voxels done Correlation: 0.3288000440182654
Network 8 - Consciousness: 150 voxels done Correlation: 0.39561685526101165
Network 8 - Consciousness: 250 voxels done Correlation: 0.3449869622638434
Network 8 - Consciousness: 500 voxels done Correlation: 0.4214310388190795
Network 8 - Consciousness: 750 voxels done Correlation: 0.3361176905553076
Network 8 - Consciousness: 1000 voxels done Correlation: 0.40131071717689815
Network 8 - Consciousness: 1500 voxels done Correlation: 0.4462189505982388
Network 8 - Consciousness: 3000 voxels done Correlation: 0.44862372286079905
Network 8 - Consciousness: 5000 voxels done Correlation: 0.47746634464978077
Network 8 - Consciousness: 6500 voxels done Correlation: 0.4403489298554135
Network 8 - Consciousness: 10000 voxels done Correlation: 0.45595553160604363
Network 8 - Consciousness: 15000 voxels done Correlation: 0.4732577417572913
Network 8 - Consciousness: 25000 voxels done Correlation: 0.4703883657535959
Network 8 - Consciousness: 50000 voxels done Correlation: 0.46742507419320956
