Running job on: ada
Iteration: 698
Starting spatial evaluation...
/home/fhopp/.conda/envs/mjs/lib/python3.8/site-packages/nilearn/maskers/nifti_masker.py:110: UserWarning: imgs are being resampled to the mask_img resolution. This process is memory intensive. You might want to provide a target_affine that is equal to the affine of the imgs or resample the mask beforehand to save memory and computation time.
  warnings.warn(
/home/fhopp/.conda/envs/mjs/lib/python3.8/site-packages/nilearn/masking.py:980: UserWarning: Data array used to create a new image contains 64-bit ints. This is likely due to creating the array with numpy and passing `int` as the `dtype`. Many tools such as FSL and SPM cannot deal with int64 in Nifti images, so for compatibility the data has been converted to int32.
  return new_img_like(mask_img, unmasked, affine)
Network 0 - Visual: 50 voxels done Correlation: 0.5929528785639372
Network 0 - Visual: 150 voxels done Correlation: 0.6425476680499347
Network 0 - Visual: 250 voxels done Correlation: 0.5800444561192342
Network 0 - Visual: 500 voxels done Correlation: 0.571042497032699
Network 0 - Visual: 750 voxels done Correlation: 0.6120139913098679
Network 0 - Visual: 1000 voxels done Correlation: 0.5876403516722196
Network 0 - Visual: 1500 voxels done Correlation: 0.6280145689344105
Network 0 - Visual: 3000 voxels done Correlation: 0.5984648060517557
Network 0 - Visual: 5000 voxels done Correlation: 0.6129204400167776
Network 0 - Visual: 6500 voxels done Correlation: 0.6275591637625721
Network 0 - Visual: 10000 voxels done Correlation: 0.6373823533799194
Network 0 - Visual: 15000 voxels done Correlation: 0.6295682660707893
/home/fhopp/.conda/envs/mjs/lib/python3.8/site-packages/nilearn/masking.py:980: UserWarning: Data array used to create a new image contains 64-bit ints. This is likely due to creating the array with numpy and passing `int` as the `dtype`. Many tools such as FSL and SPM cannot deal with int64 in Nifti images, so for compatibility the data has been converted to int32.
  return new_img_like(mask_img, unmasked, affine)
Network 1 - Somatomotor: 50 voxels done Correlation: 0.221594826000174
Network 1 - Somatomotor: 150 voxels done Correlation: 0.39730473724789794
Network 1 - Somatomotor: 250 voxels done Correlation: 0.2904904394643427
Network 1 - Somatomotor: 500 voxels done Correlation: 0.2850941504080365
Network 1 - Somatomotor: 750 voxels done Correlation: 0.34978619079609435
Network 1 - Somatomotor: 1000 voxels done Correlation: 0.3173859110591221
Network 1 - Somatomotor: 1500 voxels done Correlation: 0.32945020463410657
Network 1 - Somatomotor: 3000 voxels done Correlation: 0.3304842389543774
Network 1 - Somatomotor: 5000 voxels done Correlation: 0.3279212789721721
Network 1 - Somatomotor: 6500 voxels done Correlation: 0.34061159105909355
Network 1 - Somatomotor: 10000 voxels done Correlation: 0.34987259828582196
Network 1 - Somatomotor: 15000 voxels done Correlation: 0.34341082453465827
/home/fhopp/.conda/envs/mjs/lib/python3.8/site-packages/nilearn/masking.py:980: UserWarning: Data array used to create a new image contains 64-bit ints. This is likely due to creating the array with numpy and passing `int` as the `dtype`. Many tools such as FSL and SPM cannot deal with int64 in Nifti images, so for compatibility the data has been converted to int32.
  return new_img_like(mask_img, unmasked, affine)
Network 2 - dAttention: 50 voxels done Correlation: 0.22467660848813126
Network 2 - dAttention: 150 voxels done Correlation: 0.3009052419114243
Network 2 - dAttention: 250 voxels done Correlation: 0.24700254650773884
Network 2 - dAttention: 500 voxels done Correlation: 0.34901873950742907
Network 2 - dAttention: 750 voxels done Correlation: 0.3183742638266657
Network 2 - dAttention: 1000 voxels done Correlation: 0.3246733084667315
Network 2 - dAttention: 1500 voxels done Correlation: 0.2661953853496061
Network 2 - dAttention: 3000 voxels done Correlation: 0.30043302503760966
Network 2 - dAttention: 5000 voxels done Correlation: 0.3319187908990853
Network 2 - dAttention: 6500 voxels done Correlation: 0.35372978916967407
Network 2 - dAttention: 10000 voxels done Correlation: 0.33455436018464646
Network 2 - dAttention: 15000 voxels done Correlation: 0.33665682850943707
/home/fhopp/.conda/envs/mjs/lib/python3.8/site-packages/nilearn/masking.py:980: UserWarning: Data array used to create a new image contains 64-bit ints. This is likely due to creating the array with numpy and passing `int` as the `dtype`. Many tools such as FSL and SPM cannot deal with int64 in Nifti images, so for compatibility the data has been converted to int32.
  return new_img_like(mask_img, unmasked, affine)
Network 3 - vAttention: 50 voxels done Correlation: 0.2575578713002681
Network 3 - vAttention: 150 voxels done Correlation: 0.2790509257530054
Network 3 - vAttention: 250 voxels done Correlation: 0.30214484153128474
Network 3 - vAttention: 500 voxels done Correlation: 0.30771671099604203
Network 3 - vAttention: 750 voxels done Correlation: 0.3631795950795448
Network 3 - vAttention: 1000 voxels done Correlation: 0.33892382039277746
Network 3 - vAttention: 1500 voxels done Correlation: 0.3670058401945679
Network 3 - vAttention: 3000 voxels done Correlation: 0.3734033488703709
Network 3 - vAttention: 5000 voxels done Correlation: 0.35895247174391887
Network 3 - vAttention: 6500 voxels done Correlation: 0.37496667807608025
Network 3 - vAttention: 10000 voxels done Correlation: 0.38172168372271365
Network 3 - vAttention: 15000 voxels done Correlation: 0.3885612223127609
/home/fhopp/.conda/envs/mjs/lib/python3.8/site-packages/nilearn/masking.py:980: UserWarning: Data array used to create a new image contains 64-bit ints. This is likely due to creating the array with numpy and passing `int` as the `dtype`. Many tools such as FSL and SPM cannot deal with int64 in Nifti images, so for compatibility the data has been converted to int32.
  return new_img_like(mask_img, unmasked, affine)
Network 4 - Limbic: 50 voxels done Correlation: 0.08280431701222338
Network 4 - Limbic: 150 voxels done Correlation: 0.21624684700178035
Network 4 - Limbic: 250 voxels done Correlation: 0.23659632149789195
Network 4 - Limbic: 500 voxels done Correlation: 0.2211213472285627
Network 4 - Limbic: 750 voxels done Correlation: 0.267387245243756
Network 4 - Limbic: 1000 voxels done Correlation: 0.2961544403391708
Network 4 - Limbic: 1500 voxels done Correlation: 0.26498930831507506
Network 4 - Limbic: 3000 voxels done Correlation: 0.29685809255337137
Network 4 - Limbic: 5000 voxels done Correlation: 0.2830350441082496
Network 4 - Limbic: 6500 voxels done Correlation: 0.2895081239515921
Network 4 - Limbic: 10000 voxels done Correlation: 0.2801454410526122
/home/fhopp/.conda/envs/mjs/lib/python3.8/site-packages/nilearn/masking.py:980: UserWarning: Data array used to create a new image contains 64-bit ints. This is likely due to creating the array with numpy and passing `int` as the `dtype`. Many tools such as FSL and SPM cannot deal with int64 in Nifti images, so for compatibility the data has been converted to int32.
  return new_img_like(mask_img, unmasked, affine)
Network 5 - Frontoparietal: 50 voxels done Correlation: 0.17836913541007154
Network 5 - Frontoparietal: 150 voxels done Correlation: 0.23547057221922385
Network 5 - Frontoparietal: 250 voxels done Correlation: 0.14879423972758488
Network 5 - Frontoparietal: 500 voxels done Correlation: 0.20942749853848147
Network 5 - Frontoparietal: 750 voxels done Correlation: 0.196835318546484
Network 5 - Frontoparietal: 1000 voxels done Correlation: 0.2226668171332002
Network 5 - Frontoparietal: 1500 voxels done Correlation: 0.2541058370085117
Network 5 - Frontoparietal: 3000 voxels done Correlation: 0.26136062611233396
Network 5 - Frontoparietal: 5000 voxels done Correlation: 0.2338214480981658
Network 5 - Frontoparietal: 6500 voxels done Correlation: 0.23176688685728503
Network 5 - Frontoparietal: 10000 voxels done Correlation: 0.24147939688392195
Network 5 - Frontoparietal: 15000 voxels done Correlation: 0.23729196908905925
/home/fhopp/.conda/envs/mjs/lib/python3.8/site-packages/nilearn/masking.py:980: UserWarning: Data array used to create a new image contains 64-bit ints. This is likely due to creating the array with numpy and passing `int` as the `dtype`. Many tools such as FSL and SPM cannot deal with int64 in Nifti images, so for compatibility the data has been converted to int32.
  return new_img_like(mask_img, unmasked, affine)
Network 6 - Default Mode: 50 voxels done Correlation: 0.20449554742851406
Network 6 - Default Mode: 150 voxels done Correlation: 0.34221461536604436
Network 6 - Default Mode: 250 voxels done Correlation: 0.327466630929334
Network 6 - Default Mode: 500 voxels done Correlation: 0.3751562581939585
Network 6 - Default Mode: 750 voxels done Correlation: 0.37937769786927544
Network 6 - Default Mode: 1000 voxels done Correlation: 0.32931655229301504
Network 6 - Default Mode: 1500 voxels done Correlation: 0.39529826867863366
Network 6 - Default Mode: 3000 voxels done Correlation: 0.3955517444145061
Network 6 - Default Mode: 5000 voxels done Correlation: 0.3998614460704016
Network 6 - Default Mode: 6500 voxels done Correlation: 0.40501304290740847
Network 6 - Default Mode: 10000 voxels done Correlation: 0.4095689924601431
Network 6 - Default Mode: 15000 voxels done Correlation: 0.4129986096531291
Network 6 - Default Mode: 25000 voxels done Correlation: 0.40929773817024456
/home/fhopp/.conda/envs/mjs/lib/python3.8/site-packages/nilearn/masking.py:980: UserWarning: Data array used to create a new image contains 64-bit ints. This is likely due to creating the array with numpy and passing `int` as the `dtype`. Many tools such as FSL and SPM cannot deal with int64 in Nifti images, so for compatibility the data has been converted to int32.
  return new_img_like(mask_img, unmasked, affine)
Network 7 - Subcortical: 50 voxels done Correlation: 0.21477315260344837
Network 7 - Subcortical: 150 voxels done Correlation: 0.17577454959579059
Network 7 - Subcortical: 250 voxels done Correlation: 0.13804397252275
Network 7 - Subcortical: 500 voxels done Correlation: 0.19263102054310807
Network 7 - Subcortical: 750 voxels done Correlation: 0.28592471960648674
Network 7 - Subcortical: 1000 voxels done Correlation: 0.25021636187603474
Network 7 - Subcortical: 1500 voxels done Correlation: 0.20376918784344994
Network 7 - Subcortical: 3000 voxels done Correlation: 0.17081806503318894
Network 7 - Subcortical: 5000 voxels done Correlation: 0.18155208432165149
Network 7 - Subcortical: 6500 voxels done Correlation: 0.16905385274875273
Network 7 - Subcortical: 10000 voxels done Correlation: 0.16231898494706148
Network 8 - Consciousness: 50 voxels done Correlation: 0.29489192979877077
Network 8 - Consciousness: 150 voxels done Correlation: 0.3321911025011115
Network 8 - Consciousness: 250 voxels done Correlation: 0.30624044690237384
Network 8 - Consciousness: 500 voxels done Correlation: 0.36380529682696294
Network 8 - Consciousness: 750 voxels done Correlation: 0.44685776072394257
Network 8 - Consciousness: 1000 voxels done Correlation: 0.4032009534739577
Network 8 - Consciousness: 1500 voxels done Correlation: 0.43279670289110317
Network 8 - Consciousness: 3000 voxels done Correlation: 0.4249782050082682
Network 8 - Consciousness: 5000 voxels done Correlation: 0.4822020620997254
Network 8 - Consciousness: 6500 voxels done Correlation: 0.4634675818677736
Network 8 - Consciousness: 10000 voxels done Correlation: 0.46688806284835493
Network 8 - Consciousness: 15000 voxels done Correlation: 0.47231026937382314
Network 8 - Consciousness: 25000 voxels done Correlation: 0.46727532314744025
Network 8 - Consciousness: 50000 voxels done Correlation: 0.4661242911267871
