Running job on: wood
Iteration: 563
Starting spatial evaluation...
/home/fhopp/.conda/envs/mjs/lib/python3.8/site-packages/nilearn/maskers/nifti_masker.py:110: UserWarning: imgs are being resampled to the mask_img resolution. This process is memory intensive. You might want to provide a target_affine that is equal to the affine of the imgs or resample the mask beforehand to save memory and computation time.
  warnings.warn(
/home/fhopp/.conda/envs/mjs/lib/python3.8/site-packages/nilearn/masking.py:980: UserWarning: Data array used to create a new image contains 64-bit ints. This is likely due to creating the array with numpy and passing `int` as the `dtype`. Many tools such as FSL and SPM cannot deal with int64 in Nifti images, so for compatibility the data has been converted to int32.
  return new_img_like(mask_img, unmasked, affine)
Network 0 - Visual: 50 voxels done Correlation: 0.6890859193838437
Network 0 - Visual: 150 voxels done Correlation: 0.6741992050931688
Network 0 - Visual: 250 voxels done Correlation: 0.5928598935080603
Network 0 - Visual: 500 voxels done Correlation: 0.5566180940485776
Network 0 - Visual: 750 voxels done Correlation: 0.5670485073590473
Network 0 - Visual: 1000 voxels done Correlation: 0.5914079333457414
Network 0 - Visual: 1500 voxels done Correlation: 0.6147857104790759
Network 0 - Visual: 3000 voxels done Correlation: 0.6032673929005289
Network 0 - Visual: 5000 voxels done Correlation: 0.6254976794254956
Network 0 - Visual: 6500 voxels done Correlation: 0.6337965716578657
Network 0 - Visual: 10000 voxels done Correlation: 0.6311882406126579
Network 0 - Visual: 15000 voxels done Correlation: 0.6267057866558328
/home/fhopp/.conda/envs/mjs/lib/python3.8/site-packages/nilearn/masking.py:980: UserWarning: Data array used to create a new image contains 64-bit ints. This is likely due to creating the array with numpy and passing `int` as the `dtype`. Many tools such as FSL and SPM cannot deal with int64 in Nifti images, so for compatibility the data has been converted to int32.
  return new_img_like(mask_img, unmasked, affine)
Network 1 - Somatomotor: 50 voxels done Correlation: 0.3449738649519665
Network 1 - Somatomotor: 150 voxels done Correlation: 0.28815884274750697
Network 1 - Somatomotor: 250 voxels done Correlation: 0.2617963088721116
Network 1 - Somatomotor: 500 voxels done Correlation: 0.3292128942168734
Network 1 - Somatomotor: 750 voxels done Correlation: 0.3695693048537535
Network 1 - Somatomotor: 1000 voxels done Correlation: 0.2909759122849959
Network 1 - Somatomotor: 1500 voxels done Correlation: 0.3263423849237077
Network 1 - Somatomotor: 3000 voxels done Correlation: 0.3568357357302562
Network 1 - Somatomotor: 5000 voxels done Correlation: 0.36585814734842076
Network 1 - Somatomotor: 6500 voxels done Correlation: 0.3389571431233941
Network 1 - Somatomotor: 10000 voxels done Correlation: 0.34122715064028464
Network 1 - Somatomotor: 15000 voxels done Correlation: 0.34119291318391753
/home/fhopp/.conda/envs/mjs/lib/python3.8/site-packages/nilearn/masking.py:980: UserWarning: Data array used to create a new image contains 64-bit ints. This is likely due to creating the array with numpy and passing `int` as the `dtype`. Many tools such as FSL and SPM cannot deal with int64 in Nifti images, so for compatibility the data has been converted to int32.
  return new_img_like(mask_img, unmasked, affine)
Network 2 - dAttention: 50 voxels done Correlation: 0.13767079712251945
Network 2 - dAttention: 150 voxels done Correlation: 0.2319996389949417
Network 2 - dAttention: 250 voxels done Correlation: 0.2996447626689719
Network 2 - dAttention: 500 voxels done Correlation: 0.32214137698248074
Network 2 - dAttention: 750 voxels done Correlation: 0.29945364888669124
Network 2 - dAttention: 1000 voxels done Correlation: 0.36879053303751974
Network 2 - dAttention: 1500 voxels done Correlation: 0.3476804632906963
Network 2 - dAttention: 3000 voxels done Correlation: 0.3536128187724126
Network 2 - dAttention: 5000 voxels done Correlation: 0.33083546748312914
Network 2 - dAttention: 6500 voxels done Correlation: 0.3423344640751945
Network 2 - dAttention: 10000 voxels done Correlation: 0.3296132965128826
Network 2 - dAttention: 15000 voxels done Correlation: 0.33620979092983194
/home/fhopp/.conda/envs/mjs/lib/python3.8/site-packages/nilearn/masking.py:980: UserWarning: Data array used to create a new image contains 64-bit ints. This is likely due to creating the array with numpy and passing `int` as the `dtype`. Many tools such as FSL and SPM cannot deal with int64 in Nifti images, so for compatibility the data has been converted to int32.
  return new_img_like(mask_img, unmasked, affine)
Network 3 - vAttention: 50 voxels done Correlation: 0.297853648250387
Network 3 - vAttention: 150 voxels done Correlation: 0.31506248233234013
Network 3 - vAttention: 250 voxels done Correlation: 0.26672953974607355
Network 3 - vAttention: 500 voxels done Correlation: 0.341639636059593
Network 3 - vAttention: 750 voxels done Correlation: 0.29487802223912973
Network 3 - vAttention: 1000 voxels done Correlation: 0.361488899821935
Network 3 - vAttention: 1500 voxels done Correlation: 0.38467995419650214
Network 3 - vAttention: 3000 voxels done Correlation: 0.3901434811630594
Network 3 - vAttention: 5000 voxels done Correlation: 0.36040687983427566
Network 3 - vAttention: 6500 voxels done Correlation: 0.3533758694996542
Network 3 - vAttention: 10000 voxels done Correlation: 0.38092447002111973
Network 3 - vAttention: 15000 voxels done Correlation: 0.388579072901222
/home/fhopp/.conda/envs/mjs/lib/python3.8/site-packages/nilearn/masking.py:980: UserWarning: Data array used to create a new image contains 64-bit ints. This is likely due to creating the array with numpy and passing `int` as the `dtype`. Many tools such as FSL and SPM cannot deal with int64 in Nifti images, so for compatibility the data has been converted to int32.
  return new_img_like(mask_img, unmasked, affine)
Network 4 - Limbic: 50 voxels done Correlation: 0.19692126880645938
Network 4 - Limbic: 150 voxels done Correlation: 0.23843471136118258
Network 4 - Limbic: 250 voxels done Correlation: 0.1951879804227747
Network 4 - Limbic: 500 voxels done Correlation: 0.26610217007724696
Network 4 - Limbic: 750 voxels done Correlation: 0.26132968308879434
Network 4 - Limbic: 1000 voxels done Correlation: 0.2811212037790905
Network 4 - Limbic: 1500 voxels done Correlation: 0.24304205317299357
Network 4 - Limbic: 3000 voxels done Correlation: 0.29383596911827925
Network 4 - Limbic: 5000 voxels done Correlation: 0.27679767056811644
Network 4 - Limbic: 6500 voxels done Correlation: 0.28970663922776146
Network 4 - Limbic: 10000 voxels done Correlation: 0.28680493545937824
/home/fhopp/.conda/envs/mjs/lib/python3.8/site-packages/nilearn/masking.py:980: UserWarning: Data array used to create a new image contains 64-bit ints. This is likely due to creating the array with numpy and passing `int` as the `dtype`. Many tools such as FSL and SPM cannot deal with int64 in Nifti images, so for compatibility the data has been converted to int32.
  return new_img_like(mask_img, unmasked, affine)
Network 5 - Frontoparietal: 50 voxels done Correlation: 0.16145617673362278
Network 5 - Frontoparietal: 150 voxels done Correlation: 0.16320719750984525
Network 5 - Frontoparietal: 250 voxels done Correlation: 0.28558635882024863
Network 5 - Frontoparietal: 500 voxels done Correlation: 0.20882723945968368
Network 5 - Frontoparietal: 750 voxels done Correlation: 0.2705444741733608
Network 5 - Frontoparietal: 1000 voxels done Correlation: 0.24803735253254905
Network 5 - Frontoparietal: 1500 voxels done Correlation: 0.20452853798984655
Network 5 - Frontoparietal: 3000 voxels done Correlation: 0.25379492680471943
Network 5 - Frontoparietal: 5000 voxels done Correlation: 0.22087263828039483
Network 5 - Frontoparietal: 6500 voxels done Correlation: 0.21713291076998129
Network 5 - Frontoparietal: 10000 voxels done Correlation: 0.23226425616064128
Network 5 - Frontoparietal: 15000 voxels done Correlation: 0.24121273884939204
/home/fhopp/.conda/envs/mjs/lib/python3.8/site-packages/nilearn/masking.py:980: UserWarning: Data array used to create a new image contains 64-bit ints. This is likely due to creating the array with numpy and passing `int` as the `dtype`. Many tools such as FSL and SPM cannot deal with int64 in Nifti images, so for compatibility the data has been converted to int32.
  return new_img_like(mask_img, unmasked, affine)
Network 6 - Default Mode: 50 voxels done Correlation: 0.286260335701215
Network 6 - Default Mode: 150 voxels done Correlation: 0.28685487262730003
Network 6 - Default Mode: 250 voxels done Correlation: 0.3249505006405904
Network 6 - Default Mode: 500 voxels done Correlation: 0.33110497411569245
Network 6 - Default Mode: 750 voxels done Correlation: 0.400865422414347
Network 6 - Default Mode: 1000 voxels done Correlation: 0.32140797709240587
Network 6 - Default Mode: 1500 voxels done Correlation: 0.37465647288815995
Network 6 - Default Mode: 3000 voxels done Correlation: 0.3896339500457598
Network 6 - Default Mode: 5000 voxels done Correlation: 0.41198611054118395
Network 6 - Default Mode: 6500 voxels done Correlation: 0.3966821536116679
Network 6 - Default Mode: 10000 voxels done Correlation: 0.41185370064788435
Network 6 - Default Mode: 15000 voxels done Correlation: 0.40497891970872074
Network 6 - Default Mode: 25000 voxels done Correlation: 0.407593441925288
/home/fhopp/.conda/envs/mjs/lib/python3.8/site-packages/nilearn/masking.py:980: UserWarning: Data array used to create a new image contains 64-bit ints. This is likely due to creating the array with numpy and passing `int` as the `dtype`. Many tools such as FSL and SPM cannot deal with int64 in Nifti images, so for compatibility the data has been converted to int32.
  return new_img_like(mask_img, unmasked, affine)
Network 7 - Subcortical: 50 voxels done Correlation: 0.0740678740119249
Network 7 - Subcortical: 150 voxels done Correlation: 0.16588890879334967
Network 7 - Subcortical: 250 voxels done Correlation: 0.15067561507294036
Network 7 - Subcortical: 500 voxels done Correlation: 0.18827554460911405
Network 7 - Subcortical: 750 voxels done Correlation: 0.20178022796521472
Network 7 - Subcortical: 1000 voxels done Correlation: 0.24705386529787826
Network 7 - Subcortical: 1500 voxels done Correlation: 0.21869783430954787
Network 7 - Subcortical: 3000 voxels done Correlation: 0.18177789793529092
Network 7 - Subcortical: 5000 voxels done Correlation: 0.173633572057375
Network 7 - Subcortical: 6500 voxels done Correlation: 0.161063183627932
Network 7 - Subcortical: 10000 voxels done Correlation: 0.16402615414082172
Network 8 - Consciousness: 50 voxels done Correlation: 0.23129108893350608
Network 8 - Consciousness: 150 voxels done Correlation: 0.27737712688201366
Network 8 - Consciousness: 250 voxels done Correlation: 0.3404547245020766
Network 8 - Consciousness: 500 voxels done Correlation: 0.2868203655811936
Network 8 - Consciousness: 750 voxels done Correlation: 0.3879560884599944
Network 8 - Consciousness: 1000 voxels done Correlation: 0.40860023869572293
Network 8 - Consciousness: 1500 voxels done Correlation: 0.36515873956675027
Network 8 - Consciousness: 3000 voxels done Correlation: 0.4698831198254272
Network 8 - Consciousness: 5000 voxels done Correlation: 0.44981958746351336
Network 8 - Consciousness: 6500 voxels done Correlation: 0.4650846210047912
Network 8 - Consciousness: 10000 voxels done Correlation: 0.4562434015523822
Network 8 - Consciousness: 15000 voxels done Correlation: 0.46008139264201076
Network 8 - Consciousness: 25000 voxels done Correlation: 0.48230278281453953
Network 8 - Consciousness: 50000 voxels done Correlation: 0.4652479750358913
