Running job on: cox
Iteration: 271
Starting spatial evaluation...
/home/fhopp/.conda/envs/mjs/lib/python3.8/site-packages/nilearn/maskers/nifti_masker.py:110: UserWarning: imgs are being resampled to the mask_img resolution. This process is memory intensive. You might want to provide a target_affine that is equal to the affine of the imgs or resample the mask beforehand to save memory and computation time.
  warnings.warn(
/home/fhopp/.conda/envs/mjs/lib/python3.8/site-packages/nilearn/masking.py:980: UserWarning: Data array used to create a new image contains 64-bit ints. This is likely due to creating the array with numpy and passing `int` as the `dtype`. Many tools such as FSL and SPM cannot deal with int64 in Nifti images, so for compatibility the data has been converted to int32.
  return new_img_like(mask_img, unmasked, affine)
Network 0 - Visual: 50 voxels done Correlation: 0.6470072915385656
Network 0 - Visual: 150 voxels done Correlation: 0.6034359862052014
Network 0 - Visual: 250 voxels done Correlation: 0.6193106499735886
Network 0 - Visual: 500 voxels done Correlation: 0.5717349067081061
Network 0 - Visual: 750 voxels done Correlation: 0.6182251163885115
Network 0 - Visual: 1000 voxels done Correlation: 0.5914495810819094
Network 0 - Visual: 1500 voxels done Correlation: 0.6350780535061042
Network 0 - Visual: 3000 voxels done Correlation: 0.633417509157443
Network 0 - Visual: 5000 voxels done Correlation: 0.6289923418179402
Network 0 - Visual: 6500 voxels done Correlation: 0.6300839471842856
Network 0 - Visual: 10000 voxels done Correlation: 0.622493764032827
Network 0 - Visual: 15000 voxels done Correlation: 0.6284910766034474
/home/fhopp/.conda/envs/mjs/lib/python3.8/site-packages/nilearn/masking.py:980: UserWarning: Data array used to create a new image contains 64-bit ints. This is likely due to creating the array with numpy and passing `int` as the `dtype`. Many tools such as FSL and SPM cannot deal with int64 in Nifti images, so for compatibility the data has been converted to int32.
  return new_img_like(mask_img, unmasked, affine)
Network 1 - Somatomotor: 50 voxels done Correlation: 0.22345509309271028
Network 1 - Somatomotor: 150 voxels done Correlation: 0.3811074555430931
Network 1 - Somatomotor: 250 voxels done Correlation: 0.30568255055576965
Network 1 - Somatomotor: 500 voxels done Correlation: 0.4124777425120558
Network 1 - Somatomotor: 750 voxels done Correlation: 0.315271731242585
Network 1 - Somatomotor: 1000 voxels done Correlation: 0.35632964015038626
Network 1 - Somatomotor: 1500 voxels done Correlation: 0.33769549332011173
Network 1 - Somatomotor: 3000 voxels done Correlation: 0.3366040785655082
Network 1 - Somatomotor: 5000 voxels done Correlation: 0.3468161933031444
Network 1 - Somatomotor: 6500 voxels done Correlation: 0.34104457563941826
Network 1 - Somatomotor: 10000 voxels done Correlation: 0.33760859189916104
Network 1 - Somatomotor: 15000 voxels done Correlation: 0.3442596955933862
/home/fhopp/.conda/envs/mjs/lib/python3.8/site-packages/nilearn/masking.py:980: UserWarning: Data array used to create a new image contains 64-bit ints. This is likely due to creating the array with numpy and passing `int` as the `dtype`. Many tools such as FSL and SPM cannot deal with int64 in Nifti images, so for compatibility the data has been converted to int32.
  return new_img_like(mask_img, unmasked, affine)
Network 2 - dAttention: 50 voxels done Correlation: 0.2235732766642028
Network 2 - dAttention: 150 voxels done Correlation: 0.2824409292911446
Network 2 - dAttention: 250 voxels done Correlation: 0.4251736491312983
Network 2 - dAttention: 500 voxels done Correlation: 0.23535978632643367
Network 2 - dAttention: 750 voxels done Correlation: 0.260693250802094
Network 2 - dAttention: 1000 voxels done Correlation: 0.3105797593211075
Network 2 - dAttention: 1500 voxels done Correlation: 0.29446885052562555
Network 2 - dAttention: 3000 voxels done Correlation: 0.336834492543776
Network 2 - dAttention: 5000 voxels done Correlation: 0.3145330152357433
Network 2 - dAttention: 6500 voxels done Correlation: 0.34168305915799774
Network 2 - dAttention: 10000 voxels done Correlation: 0.31970596212215024
Network 2 - dAttention: 15000 voxels done Correlation: 0.3327398796167018
/home/fhopp/.conda/envs/mjs/lib/python3.8/site-packages/nilearn/masking.py:980: UserWarning: Data array used to create a new image contains 64-bit ints. This is likely due to creating the array with numpy and passing `int` as the `dtype`. Many tools such as FSL and SPM cannot deal with int64 in Nifti images, so for compatibility the data has been converted to int32.
  return new_img_like(mask_img, unmasked, affine)
Network 3 - vAttention: 50 voxels done Correlation: 0.3094210513193747
Network 3 - vAttention: 150 voxels done Correlation: 0.28352776029872373
Network 3 - vAttention: 250 voxels done Correlation: 0.21255331775072878
Network 3 - vAttention: 500 voxels done Correlation: 0.34485096871725524
Network 3 - vAttention: 750 voxels done Correlation: 0.3225037360480842
Network 3 - vAttention: 1000 voxels done Correlation: 0.34359307196877276
Network 3 - vAttention: 1500 voxels done Correlation: 0.33859844848878573
Network 3 - vAttention: 3000 voxels done Correlation: 0.3515180370477031
Network 3 - vAttention: 5000 voxels done Correlation: 0.38907128195393553
Network 3 - vAttention: 6500 voxels done Correlation: 0.38842866204155063
Network 3 - vAttention: 10000 voxels done Correlation: 0.37931653838519264
Network 3 - vAttention: 15000 voxels done Correlation: 0.38839471678238013
/home/fhopp/.conda/envs/mjs/lib/python3.8/site-packages/nilearn/masking.py:980: UserWarning: Data array used to create a new image contains 64-bit ints. This is likely due to creating the array with numpy and passing `int` as the `dtype`. Many tools such as FSL and SPM cannot deal with int64 in Nifti images, so for compatibility the data has been converted to int32.
  return new_img_like(mask_img, unmasked, affine)
Network 4 - Limbic: 50 voxels done Correlation: 0.23964041870297015
Network 4 - Limbic: 150 voxels done Correlation: 0.2099745616174809
Network 4 - Limbic: 250 voxels done Correlation: 0.3184279336667951
Network 4 - Limbic: 500 voxels done Correlation: 0.2571346661256139
Network 4 - Limbic: 750 voxels done Correlation: 0.2691667561030645
Network 4 - Limbic: 1000 voxels done Correlation: 0.23861814216737376
Network 4 - Limbic: 1500 voxels done Correlation: 0.25883945481907034
Network 4 - Limbic: 3000 voxels done Correlation: 0.2620924128238138
Network 4 - Limbic: 5000 voxels done Correlation: 0.2921902288866751
Network 4 - Limbic: 6500 voxels done Correlation: 0.28326475109589155
Network 4 - Limbic: 10000 voxels done Correlation: 0.2833396405917119
/home/fhopp/.conda/envs/mjs/lib/python3.8/site-packages/nilearn/masking.py:980: UserWarning: Data array used to create a new image contains 64-bit ints. This is likely due to creating the array with numpy and passing `int` as the `dtype`. Many tools such as FSL and SPM cannot deal with int64 in Nifti images, so for compatibility the data has been converted to int32.
  return new_img_like(mask_img, unmasked, affine)
Network 5 - Frontoparietal: 50 voxels done Correlation: 0.21265569994531408
Network 5 - Frontoparietal: 150 voxels done Correlation: 0.1324300047968012
Network 5 - Frontoparietal: 250 voxels done Correlation: 0.2303423637550154
Network 5 - Frontoparietal: 500 voxels done Correlation: 0.24890890850196423
Network 5 - Frontoparietal: 750 voxels done Correlation: 0.2317923587204146
Network 5 - Frontoparietal: 1000 voxels done Correlation: 0.2305192511826478
Network 5 - Frontoparietal: 1500 voxels done Correlation: 0.21812597113991508
Network 5 - Frontoparietal: 3000 voxels done Correlation: 0.24517483847793287
Network 5 - Frontoparietal: 5000 voxels done Correlation: 0.23373479257721524
Network 5 - Frontoparietal: 6500 voxels done Correlation: 0.22131193703939891
Network 5 - Frontoparietal: 10000 voxels done Correlation: 0.22040646444541545
Network 5 - Frontoparietal: 15000 voxels done Correlation: 0.2372998925366036
/home/fhopp/.conda/envs/mjs/lib/python3.8/site-packages/nilearn/masking.py:980: UserWarning: Data array used to create a new image contains 64-bit ints. This is likely due to creating the array with numpy and passing `int` as the `dtype`. Many tools such as FSL and SPM cannot deal with int64 in Nifti images, so for compatibility the data has been converted to int32.
  return new_img_like(mask_img, unmasked, affine)
Network 6 - Default Mode: 50 voxels done Correlation: 0.27261319613518165
Network 6 - Default Mode: 150 voxels done Correlation: 0.2899088167869324
Network 6 - Default Mode: 250 voxels done Correlation: 0.4207422452097168
Network 6 - Default Mode: 500 voxels done Correlation: 0.4361622376481664
Network 6 - Default Mode: 750 voxels done Correlation: 0.36901790746063096
Network 6 - Default Mode: 1000 voxels done Correlation: 0.31663379350044946
Network 6 - Default Mode: 1500 voxels done Correlation: 0.4049693804067373
Network 6 - Default Mode: 3000 voxels done Correlation: 0.37544878704661433
Network 6 - Default Mode: 5000 voxels done Correlation: 0.3898336049351984
Network 6 - Default Mode: 6500 voxels done Correlation: 0.3855476423545505
Network 6 - Default Mode: 10000 voxels done Correlation: 0.40193172254991016
Network 6 - Default Mode: 15000 voxels done Correlation: 0.39747836117230445
Network 6 - Default Mode: 25000 voxels done Correlation: 0.4112511272104742
/home/fhopp/.conda/envs/mjs/lib/python3.8/site-packages/nilearn/masking.py:980: UserWarning: Data array used to create a new image contains 64-bit ints. This is likely due to creating the array with numpy and passing `int` as the `dtype`. Many tools such as FSL and SPM cannot deal with int64 in Nifti images, so for compatibility the data has been converted to int32.
  return new_img_like(mask_img, unmasked, affine)
Network 7 - Subcortical: 50 voxels done Correlation: 0.18718992166614573
Network 7 - Subcortical: 150 voxels done Correlation: 0.15061379369644612
Network 7 - Subcortical: 250 voxels done Correlation: 0.21714740777808741
Network 7 - Subcortical: 500 voxels done Correlation: 0.2294239983665093
Network 7 - Subcortical: 750 voxels done Correlation: 0.23467926045258414
Network 7 - Subcortical: 1000 voxels done Correlation: 0.24612607807753833
Network 7 - Subcortical: 1500 voxels done Correlation: 0.2526050515923465
Network 7 - Subcortical: 3000 voxels done Correlation: 0.15235732055334966
Network 7 - Subcortical: 5000 voxels done Correlation: 0.17813672905374367
Network 7 - Subcortical: 6500 voxels done Correlation: 0.16625998870113406
Network 7 - Subcortical: 10000 voxels done Correlation: 0.1658858273700374
Network 8 - Consciousness: 50 voxels done Correlation: 0.23410436084529856
Network 8 - Consciousness: 150 voxels done Correlation: 0.2785036739015737
Network 8 - Consciousness: 250 voxels done Correlation: 0.3967188789357169
Network 8 - Consciousness: 500 voxels done Correlation: 0.4215952586633033
Network 8 - Consciousness: 750 voxels done Correlation: 0.3986251075112709
Network 8 - Consciousness: 1000 voxels done Correlation: 0.49678989183390976
Network 8 - Consciousness: 1500 voxels done Correlation: 0.4424519144207071
Network 8 - Consciousness: 3000 voxels done Correlation: 0.3941570399411253
Network 8 - Consciousness: 5000 voxels done Correlation: 0.45436667305070155
Network 8 - Consciousness: 6500 voxels done Correlation: 0.4396531001473871
Network 8 - Consciousness: 10000 voxels done Correlation: 0.474461774365748
Network 8 - Consciousness: 15000 voxels done Correlation: 0.45741108606226333
Network 8 - Consciousness: 25000 voxels done Correlation: 0.46057755215924734
Network 8 - Consciousness: 50000 voxels done Correlation: 0.4643967603486351
