Running job on: wood
Iteration: 708
Starting spatial evaluation...
/home/fhopp/.conda/envs/mjs/lib/python3.8/site-packages/nilearn/maskers/nifti_masker.py:110: UserWarning: imgs are being resampled to the mask_img resolution. This process is memory intensive. You might want to provide a target_affine that is equal to the affine of the imgs or resample the mask beforehand to save memory and computation time.
  warnings.warn(
/home/fhopp/.conda/envs/mjs/lib/python3.8/site-packages/nilearn/masking.py:980: UserWarning: Data array used to create a new image contains 64-bit ints. This is likely due to creating the array with numpy and passing `int` as the `dtype`. Many tools such as FSL and SPM cannot deal with int64 in Nifti images, so for compatibility the data has been converted to int32.
  return new_img_like(mask_img, unmasked, affine)
Network 0 - Visual: 50 voxels done Correlation: 0.5913270527286599
Network 0 - Visual: 150 voxels done Correlation: 0.7024925497826798
Network 0 - Visual: 250 voxels done Correlation: 0.6335132790958509
Network 0 - Visual: 500 voxels done Correlation: 0.5599707495792063
Network 0 - Visual: 750 voxels done Correlation: 0.5926150956758942
Network 0 - Visual: 1000 voxels done Correlation: 0.6079049549680823
Network 0 - Visual: 1500 voxels done Correlation: 0.5960212517538543
Network 0 - Visual: 3000 voxels done Correlation: 0.6077629034060372
Network 0 - Visual: 5000 voxels done Correlation: 0.6293075220224
Network 0 - Visual: 6500 voxels done Correlation: 0.62696422448436
Network 0 - Visual: 10000 voxels done Correlation: 0.62554816616133
Network 0 - Visual: 15000 voxels done Correlation: 0.6318687612257429
/home/fhopp/.conda/envs/mjs/lib/python3.8/site-packages/nilearn/masking.py:980: UserWarning: Data array used to create a new image contains 64-bit ints. This is likely due to creating the array with numpy and passing `int` as the `dtype`. Many tools such as FSL and SPM cannot deal with int64 in Nifti images, so for compatibility the data has been converted to int32.
  return new_img_like(mask_img, unmasked, affine)
Network 1 - Somatomotor: 50 voxels done Correlation: 0.37027895886845485
Network 1 - Somatomotor: 150 voxels done Correlation: 0.35522687772548955
Network 1 - Somatomotor: 250 voxels done Correlation: 0.4014891627762335
Network 1 - Somatomotor: 500 voxels done Correlation: 0.3886228478764836
Network 1 - Somatomotor: 750 voxels done Correlation: 0.3517467059796865
Network 1 - Somatomotor: 1000 voxels done Correlation: 0.2995758049473516
Network 1 - Somatomotor: 1500 voxels done Correlation: 0.3408482355947875
Network 1 - Somatomotor: 3000 voxels done Correlation: 0.3665886972611282
Network 1 - Somatomotor: 5000 voxels done Correlation: 0.3302450241044703
Network 1 - Somatomotor: 6500 voxels done Correlation: 0.3389962242791218
Network 1 - Somatomotor: 10000 voxels done Correlation: 0.34099104351202025
Network 1 - Somatomotor: 15000 voxels done Correlation: 0.345096807478858
/home/fhopp/.conda/envs/mjs/lib/python3.8/site-packages/nilearn/masking.py:980: UserWarning: Data array used to create a new image contains 64-bit ints. This is likely due to creating the array with numpy and passing `int` as the `dtype`. Many tools such as FSL and SPM cannot deal with int64 in Nifti images, so for compatibility the data has been converted to int32.
  return new_img_like(mask_img, unmasked, affine)
Network 2 - dAttention: 50 voxels done Correlation: 0.18216813109367974
Network 2 - dAttention: 150 voxels done Correlation: 0.280315544673202
Network 2 - dAttention: 250 voxels done Correlation: 0.256844103084262
Network 2 - dAttention: 500 voxels done Correlation: 0.3393326690939029
Network 2 - dAttention: 750 voxels done Correlation: 0.3272199981285042
Network 2 - dAttention: 1000 voxels done Correlation: 0.25899013506426666
Network 2 - dAttention: 1500 voxels done Correlation: 0.26266529882462536
Network 2 - dAttention: 3000 voxels done Correlation: 0.3025495541615901
Network 2 - dAttention: 5000 voxels done Correlation: 0.30913078167628527
Network 2 - dAttention: 6500 voxels done Correlation: 0.319044479873263
Network 2 - dAttention: 10000 voxels done Correlation: 0.3356866514806859
Network 2 - dAttention: 15000 voxels done Correlation: 0.3321305277636324
/home/fhopp/.conda/envs/mjs/lib/python3.8/site-packages/nilearn/masking.py:980: UserWarning: Data array used to create a new image contains 64-bit ints. This is likely due to creating the array with numpy and passing `int` as the `dtype`. Many tools such as FSL and SPM cannot deal with int64 in Nifti images, so for compatibility the data has been converted to int32.
  return new_img_like(mask_img, unmasked, affine)
Network 3 - vAttention: 50 voxels done Correlation: 0.3236817308598243
Network 3 - vAttention: 150 voxels done Correlation: 0.33923392046304585
Network 3 - vAttention: 250 voxels done Correlation: 0.2614150434616281
Network 3 - vAttention: 500 voxels done Correlation: 0.3531182697619594
Network 3 - vAttention: 750 voxels done Correlation: 0.28908208988162737
Network 3 - vAttention: 1000 voxels done Correlation: 0.33546257132087376
Network 3 - vAttention: 1500 voxels done Correlation: 0.3306831352117483
Network 3 - vAttention: 3000 voxels done Correlation: 0.3821579227391305
Network 3 - vAttention: 5000 voxels done Correlation: 0.3750884100350066
Network 3 - vAttention: 6500 voxels done Correlation: 0.3857159222868721
Network 3 - vAttention: 10000 voxels done Correlation: 0.37894439501531707
Network 3 - vAttention: 15000 voxels done Correlation: 0.38752885755211663
/home/fhopp/.conda/envs/mjs/lib/python3.8/site-packages/nilearn/masking.py:980: UserWarning: Data array used to create a new image contains 64-bit ints. This is likely due to creating the array with numpy and passing `int` as the `dtype`. Many tools such as FSL and SPM cannot deal with int64 in Nifti images, so for compatibility the data has been converted to int32.
  return new_img_like(mask_img, unmasked, affine)
Network 4 - Limbic: 50 voxels done Correlation: 0.23997891588458972
Network 4 - Limbic: 150 voxels done Correlation: 0.279527200620611
Network 4 - Limbic: 250 voxels done Correlation: 0.30691356752913357
Network 4 - Limbic: 500 voxels done Correlation: 0.2163649804937509
Network 4 - Limbic: 750 voxels done Correlation: 0.2837561143880487
Network 4 - Limbic: 1000 voxels done Correlation: 0.3093477902829381
Network 4 - Limbic: 1500 voxels done Correlation: 0.2661524983256679
Network 4 - Limbic: 3000 voxels done Correlation: 0.27449102071362425
Network 4 - Limbic: 5000 voxels done Correlation: 0.3000331114136193
Network 4 - Limbic: 6500 voxels done Correlation: 0.27710780045273686
Network 4 - Limbic: 10000 voxels done Correlation: 0.28847839326622515
/home/fhopp/.conda/envs/mjs/lib/python3.8/site-packages/nilearn/masking.py:980: UserWarning: Data array used to create a new image contains 64-bit ints. This is likely due to creating the array with numpy and passing `int` as the `dtype`. Many tools such as FSL and SPM cannot deal with int64 in Nifti images, so for compatibility the data has been converted to int32.
  return new_img_like(mask_img, unmasked, affine)
Network 5 - Frontoparietal: 50 voxels done Correlation: 0.13796977465839394
Network 5 - Frontoparietal: 150 voxels done Correlation: 0.19252512395860544
Network 5 - Frontoparietal: 250 voxels done Correlation: 0.13123025653714082
Network 5 - Frontoparietal: 500 voxels done Correlation: 0.21198296377041792
Network 5 - Frontoparietal: 750 voxels done Correlation: 0.2087791180150123
Network 5 - Frontoparietal: 1000 voxels done Correlation: 0.2326035483772479
Network 5 - Frontoparietal: 1500 voxels done Correlation: 0.25582994985336216
Network 5 - Frontoparietal: 3000 voxels done Correlation: 0.25581151166694255
Network 5 - Frontoparietal: 5000 voxels done Correlation: 0.22987922462784127
Network 5 - Frontoparietal: 6500 voxels done Correlation: 0.24532071316036583
Network 5 - Frontoparietal: 10000 voxels done Correlation: 0.23637818133043847
Network 5 - Frontoparietal: 15000 voxels done Correlation: 0.2376805809641065
/home/fhopp/.conda/envs/mjs/lib/python3.8/site-packages/nilearn/masking.py:980: UserWarning: Data array used to create a new image contains 64-bit ints. This is likely due to creating the array with numpy and passing `int` as the `dtype`. Many tools such as FSL and SPM cannot deal with int64 in Nifti images, so for compatibility the data has been converted to int32.
  return new_img_like(mask_img, unmasked, affine)
Network 6 - Default Mode: 50 voxels done Correlation: 0.28345468403283586
Network 6 - Default Mode: 150 voxels done Correlation: 0.28958886285262264
Network 6 - Default Mode: 250 voxels done Correlation: 0.3235974835214249
Network 6 - Default Mode: 500 voxels done Correlation: 0.36862919302933883
Network 6 - Default Mode: 750 voxels done Correlation: 0.44521063952976625
Network 6 - Default Mode: 1000 voxels done Correlation: 0.339970555541324
Network 6 - Default Mode: 1500 voxels done Correlation: 0.3812310145993397
Network 6 - Default Mode: 3000 voxels done Correlation: 0.37894922350452387
Network 6 - Default Mode: 5000 voxels done Correlation: 0.416466089560594
Network 6 - Default Mode: 6500 voxels done Correlation: 0.3885206420530519
Network 6 - Default Mode: 10000 voxels done Correlation: 0.4198816038121063
Network 6 - Default Mode: 15000 voxels done Correlation: 0.4128745944102718
Network 6 - Default Mode: 25000 voxels done Correlation: 0.4093215557183103
/home/fhopp/.conda/envs/mjs/lib/python3.8/site-packages/nilearn/masking.py:980: UserWarning: Data array used to create a new image contains 64-bit ints. This is likely due to creating the array with numpy and passing `int` as the `dtype`. Many tools such as FSL and SPM cannot deal with int64 in Nifti images, so for compatibility the data has been converted to int32.
  return new_img_like(mask_img, unmasked, affine)
Network 7 - Subcortical: 50 voxels done Correlation: 0.17633384478173905
Network 7 - Subcortical: 150 voxels done Correlation: 0.10588566466813921
Network 7 - Subcortical: 250 voxels done Correlation: 0.21565716520863382
Network 7 - Subcortical: 500 voxels done Correlation: 0.22474451051371766
Network 7 - Subcortical: 750 voxels done Correlation: 0.25368777379824187
Network 7 - Subcortical: 1000 voxels done Correlation: 0.22436126542171692
Network 7 - Subcortical: 1500 voxels done Correlation: 0.22438531321261782
Network 7 - Subcortical: 3000 voxels done Correlation: 0.19312694275896575
Network 7 - Subcortical: 5000 voxels done Correlation: 0.15626381648580762
Network 7 - Subcortical: 6500 voxels done Correlation: 0.16447582463213578
Network 7 - Subcortical: 10000 voxels done Correlation: 0.166441307618307
Network 8 - Consciousness: 50 voxels done Correlation: 0.2592853275988308
Network 8 - Consciousness: 150 voxels done Correlation: 0.36863227351366024
Network 8 - Consciousness: 250 voxels done Correlation: 0.30295712173205436
Network 8 - Consciousness: 500 voxels done Correlation: 0.34747453322917377
Network 8 - Consciousness: 750 voxels done Correlation: 0.4493992110053001
Network 8 - Consciousness: 1000 voxels done Correlation: 0.39005101711960366
Network 8 - Consciousness: 1500 voxels done Correlation: 0.4392685580087392
Network 8 - Consciousness: 3000 voxels done Correlation: 0.4365643029269552
Network 8 - Consciousness: 5000 voxels done Correlation: 0.4549474269701327
Network 8 - Consciousness: 6500 voxels done Correlation: 0.44909222395968995
Network 8 - Consciousness: 10000 voxels done Correlation: 0.46540510302640703
Network 8 - Consciousness: 15000 voxels done Correlation: 0.45644203260215743
Network 8 - Consciousness: 25000 voxels done Correlation: 0.47371318574365145
Network 8 - Consciousness: 50000 voxels done Correlation: 0.466865835779653
