Running job on: ada
Iteration: 195
Starting spatial evaluation...
/home/fhopp/.conda/envs/mjs/lib/python3.8/site-packages/nilearn/maskers/nifti_masker.py:110: UserWarning: imgs are being resampled to the mask_img resolution. This process is memory intensive. You might want to provide a target_affine that is equal to the affine of the imgs or resample the mask beforehand to save memory and computation time.
  warnings.warn(
/home/fhopp/.conda/envs/mjs/lib/python3.8/site-packages/nilearn/masking.py:980: UserWarning: Data array used to create a new image contains 64-bit ints. This is likely due to creating the array with numpy and passing `int` as the `dtype`. Many tools such as FSL and SPM cannot deal with int64 in Nifti images, so for compatibility the data has been converted to int32.
  return new_img_like(mask_img, unmasked, affine)
Network 0 - Visual: 50 voxels done Correlation: 0.6471384979207753
Network 0 - Visual: 150 voxels done Correlation: 0.6532328810302431
Network 0 - Visual: 250 voxels done Correlation: 0.5743352453157144
Network 0 - Visual: 500 voxels done Correlation: 0.5896991698387097
Network 0 - Visual: 750 voxels done Correlation: 0.5581853246640105
Network 0 - Visual: 1000 voxels done Correlation: 0.5952989403558341
Network 0 - Visual: 1500 voxels done Correlation: 0.6292744523279814
Network 0 - Visual: 3000 voxels done Correlation: 0.6417921347857907
Network 0 - Visual: 5000 voxels done Correlation: 0.6327549746486458
Network 0 - Visual: 6500 voxels done Correlation: 0.6317506164234654
Network 0 - Visual: 10000 voxels done Correlation: 0.6270320728052596
Network 0 - Visual: 15000 voxels done Correlation: 0.6295419017028574
/home/fhopp/.conda/envs/mjs/lib/python3.8/site-packages/nilearn/masking.py:980: UserWarning: Data array used to create a new image contains 64-bit ints. This is likely due to creating the array with numpy and passing `int` as the `dtype`. Many tools such as FSL and SPM cannot deal with int64 in Nifti images, so for compatibility the data has been converted to int32.
  return new_img_like(mask_img, unmasked, affine)
Network 1 - Somatomotor: 50 voxels done Correlation: 0.22363646687880573
Network 1 - Somatomotor: 150 voxels done Correlation: 0.1828275888962539
Network 1 - Somatomotor: 250 voxels done Correlation: 0.30860094527694926
Network 1 - Somatomotor: 500 voxels done Correlation: 0.32565339746992317
Network 1 - Somatomotor: 750 voxels done Correlation: 0.344458760863834
Network 1 - Somatomotor: 1000 voxels done Correlation: 0.3862002763164317
Network 1 - Somatomotor: 1500 voxels done Correlation: 0.3206852184813379
Network 1 - Somatomotor: 3000 voxels done Correlation: 0.3554684826319733
Network 1 - Somatomotor: 5000 voxels done Correlation: 0.3573162058929884
Network 1 - Somatomotor: 6500 voxels done Correlation: 0.3377391774814193
Network 1 - Somatomotor: 10000 voxels done Correlation: 0.3445236617120616
Network 1 - Somatomotor: 15000 voxels done Correlation: 0.34457906117471193
/home/fhopp/.conda/envs/mjs/lib/python3.8/site-packages/nilearn/masking.py:980: UserWarning: Data array used to create a new image contains 64-bit ints. This is likely due to creating the array with numpy and passing `int` as the `dtype`. Many tools such as FSL and SPM cannot deal with int64 in Nifti images, so for compatibility the data has been converted to int32.
  return new_img_like(mask_img, unmasked, affine)
Network 2 - dAttention: 50 voxels done Correlation: 0.27476581986251597
Network 2 - dAttention: 150 voxels done Correlation: 0.3192565220334703
Network 2 - dAttention: 250 voxels done Correlation: 0.2654690711730911
Network 2 - dAttention: 500 voxels done Correlation: 0.36254425546779506
Network 2 - dAttention: 750 voxels done Correlation: 0.262366581117492
Network 2 - dAttention: 1000 voxels done Correlation: 0.2962412592041631
Network 2 - dAttention: 1500 voxels done Correlation: 0.35106318293108146
Network 2 - dAttention: 3000 voxels done Correlation: 0.34570541615055317
Network 2 - dAttention: 5000 voxels done Correlation: 0.3367930761415371
Network 2 - dAttention: 6500 voxels done Correlation: 0.3119401413572135
Network 2 - dAttention: 10000 voxels done Correlation: 0.3307436551958324
Network 2 - dAttention: 15000 voxels done Correlation: 0.33364872751968444
/home/fhopp/.conda/envs/mjs/lib/python3.8/site-packages/nilearn/masking.py:980: UserWarning: Data array used to create a new image contains 64-bit ints. This is likely due to creating the array with numpy and passing `int` as the `dtype`. Many tools such as FSL and SPM cannot deal with int64 in Nifti images, so for compatibility the data has been converted to int32.
  return new_img_like(mask_img, unmasked, affine)
Network 3 - vAttention: 50 voxels done Correlation: 0.20712443014093668
Network 3 - vAttention: 150 voxels done Correlation: 0.2955250333367856
Network 3 - vAttention: 250 voxels done Correlation: 0.3332322458439768
Network 3 - vAttention: 500 voxels done Correlation: 0.27727842412312576
Network 3 - vAttention: 750 voxels done Correlation: 0.3330573381026356
Network 3 - vAttention: 1000 voxels done Correlation: 0.3776670998469833
Network 3 - vAttention: 1500 voxels done Correlation: 0.3521427464890859
Network 3 - vAttention: 3000 voxels done Correlation: 0.36742419598075315
Network 3 - vAttention: 5000 voxels done Correlation: 0.3845162022912132
Network 3 - vAttention: 6500 voxels done Correlation: 0.3924741973450387
Network 3 - vAttention: 10000 voxels done Correlation: 0.3824686630229055
Network 3 - vAttention: 15000 voxels done Correlation: 0.3878362973147609
/home/fhopp/.conda/envs/mjs/lib/python3.8/site-packages/nilearn/masking.py:980: UserWarning: Data array used to create a new image contains 64-bit ints. This is likely due to creating the array with numpy and passing `int` as the `dtype`. Many tools such as FSL and SPM cannot deal with int64 in Nifti images, so for compatibility the data has been converted to int32.
  return new_img_like(mask_img, unmasked, affine)
Network 4 - Limbic: 50 voxels done Correlation: 0.21091540137672804
Network 4 - Limbic: 150 voxels done Correlation: 0.20263161206126518
Network 4 - Limbic: 250 voxels done Correlation: 0.20710602111432347
Network 4 - Limbic: 500 voxels done Correlation: 0.22505344598273752
Network 4 - Limbic: 750 voxels done Correlation: 0.26237019561246266
Network 4 - Limbic: 1000 voxels done Correlation: 0.2669069192936359
Network 4 - Limbic: 1500 voxels done Correlation: 0.2665787734837906
Network 4 - Limbic: 3000 voxels done Correlation: 0.26197749692897104
Network 4 - Limbic: 5000 voxels done Correlation: 0.2728330852042088
Network 4 - Limbic: 6500 voxels done Correlation: 0.3022744324775295
Network 4 - Limbic: 10000 voxels done Correlation: 0.27953438850942874
/home/fhopp/.conda/envs/mjs/lib/python3.8/site-packages/nilearn/masking.py:980: UserWarning: Data array used to create a new image contains 64-bit ints. This is likely due to creating the array with numpy and passing `int` as the `dtype`. Many tools such as FSL and SPM cannot deal with int64 in Nifti images, so for compatibility the data has been converted to int32.
  return new_img_like(mask_img, unmasked, affine)
Network 5 - Frontoparietal: 50 voxels done Correlation: 0.1475854608014345
Network 5 - Frontoparietal: 150 voxels done Correlation: 0.18407155740614545
Network 5 - Frontoparietal: 250 voxels done Correlation: 0.19215358960039852
Network 5 - Frontoparietal: 500 voxels done Correlation: 0.2589731174487439
Network 5 - Frontoparietal: 750 voxels done Correlation: 0.19799791406715392
Network 5 - Frontoparietal: 1000 voxels done Correlation: 0.2224271953052454
Network 5 - Frontoparietal: 1500 voxels done Correlation: 0.2264410546309838
Network 5 - Frontoparietal: 3000 voxels done Correlation: 0.25228120394470904
Network 5 - Frontoparietal: 5000 voxels done Correlation: 0.23507878831773518
Network 5 - Frontoparietal: 6500 voxels done Correlation: 0.24817285804089367
Network 5 - Frontoparietal: 10000 voxels done Correlation: 0.22876515410105186
Network 5 - Frontoparietal: 15000 voxels done Correlation: 0.23661135017983959
/home/fhopp/.conda/envs/mjs/lib/python3.8/site-packages/nilearn/masking.py:980: UserWarning: Data array used to create a new image contains 64-bit ints. This is likely due to creating the array with numpy and passing `int` as the `dtype`. Many tools such as FSL and SPM cannot deal with int64 in Nifti images, so for compatibility the data has been converted to int32.
  return new_img_like(mask_img, unmasked, affine)
Network 6 - Default Mode: 50 voxels done Correlation: 0.24389601020787854
Network 6 - Default Mode: 150 voxels done Correlation: 0.3190963223899712
Network 6 - Default Mode: 250 voxels done Correlation: 0.323811690801294
Network 6 - Default Mode: 500 voxels done Correlation: 0.3047346693592447
Network 6 - Default Mode: 750 voxels done Correlation: 0.4098212236243519
Network 6 - Default Mode: 1000 voxels done Correlation: 0.3602170627252849
Network 6 - Default Mode: 1500 voxels done Correlation: 0.3850227873962091
Network 6 - Default Mode: 3000 voxels done Correlation: 0.4246830194661295
Network 6 - Default Mode: 5000 voxels done Correlation: 0.4145290974493073
Network 6 - Default Mode: 6500 voxels done Correlation: 0.3947990568652925
Network 6 - Default Mode: 10000 voxels done Correlation: 0.40541837091499067
Network 6 - Default Mode: 15000 voxels done Correlation: 0.41111486124253327
Network 6 - Default Mode: 25000 voxels done Correlation: 0.4085667637531222
/home/fhopp/.conda/envs/mjs/lib/python3.8/site-packages/nilearn/masking.py:980: UserWarning: Data array used to create a new image contains 64-bit ints. This is likely due to creating the array with numpy and passing `int` as the `dtype`. Many tools such as FSL and SPM cannot deal with int64 in Nifti images, so for compatibility the data has been converted to int32.
  return new_img_like(mask_img, unmasked, affine)
Network 7 - Subcortical: 50 voxels done Correlation: 0.14887503686193063
Network 7 - Subcortical: 150 voxels done Correlation: 0.06916912908588049
Network 7 - Subcortical: 250 voxels done Correlation: 0.2092424972815084
Network 7 - Subcortical: 500 voxels done Correlation: 0.13856148780763528
Network 7 - Subcortical: 750 voxels done Correlation: 0.25491036203166684
Network 7 - Subcortical: 1000 voxels done Correlation: 0.26684411571987576
Network 7 - Subcortical: 1500 voxels done Correlation: 0.19129426005670064
Network 7 - Subcortical: 3000 voxels done Correlation: 0.19188896378765274
Network 7 - Subcortical: 5000 voxels done Correlation: 0.15673464386271851
Network 7 - Subcortical: 6500 voxels done Correlation: 0.17510380294128425
Network 7 - Subcortical: 10000 voxels done Correlation: 0.16790801897887486
Network 8 - Consciousness: 50 voxels done Correlation: 0.2628451900291522
Network 8 - Consciousness: 150 voxels done Correlation: 0.38351830820017363
Network 8 - Consciousness: 250 voxels done Correlation: 0.3654617827034193
Network 8 - Consciousness: 500 voxels done Correlation: 0.33879081506647624
Network 8 - Consciousness: 750 voxels done Correlation: 0.4451704401560589
Network 8 - Consciousness: 1000 voxels done Correlation: 0.4050679718833412
Network 8 - Consciousness: 1500 voxels done Correlation: 0.3511403600175631
Network 8 - Consciousness: 3000 voxels done Correlation: 0.404882186722554
Network 8 - Consciousness: 5000 voxels done Correlation: 0.43593095457600534
Network 8 - Consciousness: 6500 voxels done Correlation: 0.4480989954116641
Network 8 - Consciousness: 10000 voxels done Correlation: 0.46400012892446096
Network 8 - Consciousness: 15000 voxels done Correlation: 0.45865260118323803
Network 8 - Consciousness: 25000 voxels done Correlation: 0.4769192732232714
Network 8 - Consciousness: 50000 voxels done Correlation: 0.46636146927617783
