Running job on: turing
Iteration: 513
Starting spatial evaluation...
/home/fhopp/.conda/envs/mjs/lib/python3.8/site-packages/nilearn/maskers/nifti_masker.py:110: UserWarning: imgs are being resampled to the mask_img resolution. This process is memory intensive. You might want to provide a target_affine that is equal to the affine of the imgs or resample the mask beforehand to save memory and computation time.
  warnings.warn(
/home/fhopp/.conda/envs/mjs/lib/python3.8/site-packages/nilearn/masking.py:980: UserWarning: Data array used to create a new image contains 64-bit ints. This is likely due to creating the array with numpy and passing `int` as the `dtype`. Many tools such as FSL and SPM cannot deal with int64 in Nifti images, so for compatibility the data has been converted to int32.
  return new_img_like(mask_img, unmasked, affine)
Network 0 - Visual: 50 voxels done Correlation: 0.6515078967100463
Network 0 - Visual: 150 voxels done Correlation: 0.6046678450829175
Network 0 - Visual: 250 voxels done Correlation: 0.5926519726789017
Network 0 - Visual: 500 voxels done Correlation: 0.5363268325952952
Network 0 - Visual: 750 voxels done Correlation: 0.5859504555653328
Network 0 - Visual: 1000 voxels done Correlation: 0.5544189000154185
Network 0 - Visual: 1500 voxels done Correlation: 0.6128095826855122
Network 0 - Visual: 3000 voxels done Correlation: 0.6102751418412469
Network 0 - Visual: 5000 voxels done Correlation: 0.6073278897006349
Network 0 - Visual: 6500 voxels done Correlation: 0.6237839208676272
Network 0 - Visual: 10000 voxels done Correlation: 0.6320201222640011
Network 0 - Visual: 15000 voxels done Correlation: 0.62540696181961
/home/fhopp/.conda/envs/mjs/lib/python3.8/site-packages/nilearn/masking.py:980: UserWarning: Data array used to create a new image contains 64-bit ints. This is likely due to creating the array with numpy and passing `int` as the `dtype`. Many tools such as FSL and SPM cannot deal with int64 in Nifti images, so for compatibility the data has been converted to int32.
  return new_img_like(mask_img, unmasked, affine)
Network 1 - Somatomotor: 50 voxels done Correlation: 0.28566327014712256
Network 1 - Somatomotor: 150 voxels done Correlation: 0.22618247668171138
Network 1 - Somatomotor: 250 voxels done Correlation: 0.37293283939927624
Network 1 - Somatomotor: 500 voxels done Correlation: 0.30509399347886396
Network 1 - Somatomotor: 750 voxels done Correlation: 0.34991734152615195
Network 1 - Somatomotor: 1000 voxels done Correlation: 0.328347439527504
Network 1 - Somatomotor: 1500 voxels done Correlation: 0.3336077560930738
Network 1 - Somatomotor: 3000 voxels done Correlation: 0.34353313603968194
Network 1 - Somatomotor: 5000 voxels done Correlation: 0.3414781398777942
Network 1 - Somatomotor: 6500 voxels done Correlation: 0.3436224889856782
Network 1 - Somatomotor: 10000 voxels done Correlation: 0.3481730291884772
Network 1 - Somatomotor: 15000 voxels done Correlation: 0.3447388191018173
/home/fhopp/.conda/envs/mjs/lib/python3.8/site-packages/nilearn/masking.py:980: UserWarning: Data array used to create a new image contains 64-bit ints. This is likely due to creating the array with numpy and passing `int` as the `dtype`. Many tools such as FSL and SPM cannot deal with int64 in Nifti images, so for compatibility the data has been converted to int32.
  return new_img_like(mask_img, unmasked, affine)
Network 2 - dAttention: 50 voxels done Correlation: 0.21359735054569878
Network 2 - dAttention: 150 voxels done Correlation: 0.201435599528925
Network 2 - dAttention: 250 voxels done Correlation: 0.30530713597445214
Network 2 - dAttention: 500 voxels done Correlation: 0.3869542478964446
Network 2 - dAttention: 750 voxels done Correlation: 0.256552718115818
Network 2 - dAttention: 1000 voxels done Correlation: 0.22744719987167933
Network 2 - dAttention: 1500 voxels done Correlation: 0.3557354732752147
Network 2 - dAttention: 3000 voxels done Correlation: 0.3012525599162944
Network 2 - dAttention: 5000 voxels done Correlation: 0.3311950650973743
Network 2 - dAttention: 6500 voxels done Correlation: 0.3318908959261615
Network 2 - dAttention: 10000 voxels done Correlation: 0.33867614145500835
Network 2 - dAttention: 15000 voxels done Correlation: 0.3357193534107701
/home/fhopp/.conda/envs/mjs/lib/python3.8/site-packages/nilearn/masking.py:980: UserWarning: Data array used to create a new image contains 64-bit ints. This is likely due to creating the array with numpy and passing `int` as the `dtype`. Many tools such as FSL and SPM cannot deal with int64 in Nifti images, so for compatibility the data has been converted to int32.
  return new_img_like(mask_img, unmasked, affine)
Network 3 - vAttention: 50 voxels done Correlation: 0.2635668751573781
Network 3 - vAttention: 150 voxels done Correlation: 0.31184052953781916
Network 3 - vAttention: 250 voxels done Correlation: 0.2740127482395575
Network 3 - vAttention: 500 voxels done Correlation: 0.32087476112314883
Network 3 - vAttention: 750 voxels done Correlation: 0.38280746172445934
Network 3 - vAttention: 1000 voxels done Correlation: 0.3561694934551345
Network 3 - vAttention: 1500 voxels done Correlation: 0.3736519654872483
Network 3 - vAttention: 3000 voxels done Correlation: 0.36381348150603393
Network 3 - vAttention: 5000 voxels done Correlation: 0.3780219013564865
Network 3 - vAttention: 6500 voxels done Correlation: 0.3742384524601633
Network 3 - vAttention: 10000 voxels done Correlation: 0.38897985477737057
Network 3 - vAttention: 15000 voxels done Correlation: 0.38939174937906934
/home/fhopp/.conda/envs/mjs/lib/python3.8/site-packages/nilearn/masking.py:980: UserWarning: Data array used to create a new image contains 64-bit ints. This is likely due to creating the array with numpy and passing `int` as the `dtype`. Many tools such as FSL and SPM cannot deal with int64 in Nifti images, so for compatibility the data has been converted to int32.
  return new_img_like(mask_img, unmasked, affine)
Network 4 - Limbic: 50 voxels done Correlation: 0.22978591957836675
Network 4 - Limbic: 150 voxels done Correlation: 0.264717829725122
Network 4 - Limbic: 250 voxels done Correlation: 0.19700719048143234
Network 4 - Limbic: 500 voxels done Correlation: 0.24921463660196022
Network 4 - Limbic: 750 voxels done Correlation: 0.250880188306991
Network 4 - Limbic: 1000 voxels done Correlation: 0.22925336371798027
Network 4 - Limbic: 1500 voxels done Correlation: 0.2851512956801121
Network 4 - Limbic: 3000 voxels done Correlation: 0.2885233881638638
Network 4 - Limbic: 5000 voxels done Correlation: 0.2994091549149346
Network 4 - Limbic: 6500 voxels done Correlation: 0.26390397207473065
Network 4 - Limbic: 10000 voxels done Correlation: 0.28157532868836677
/home/fhopp/.conda/envs/mjs/lib/python3.8/site-packages/nilearn/masking.py:980: UserWarning: Data array used to create a new image contains 64-bit ints. This is likely due to creating the array with numpy and passing `int` as the `dtype`. Many tools such as FSL and SPM cannot deal with int64 in Nifti images, so for compatibility the data has been converted to int32.
  return new_img_like(mask_img, unmasked, affine)
Network 5 - Frontoparietal: 50 voxels done Correlation: 0.17162656321946262
Network 5 - Frontoparietal: 150 voxels done Correlation: 0.1500475613397026
Network 5 - Frontoparietal: 250 voxels done Correlation: 0.22293683379517476
Network 5 - Frontoparietal: 500 voxels done Correlation: 0.24266683243346399
Network 5 - Frontoparietal: 750 voxels done Correlation: 0.1968215317222371
Network 5 - Frontoparietal: 1000 voxels done Correlation: 0.18891948856235213
Network 5 - Frontoparietal: 1500 voxels done Correlation: 0.23337887456951373
Network 5 - Frontoparietal: 3000 voxels done Correlation: 0.2086520528932978
Network 5 - Frontoparietal: 5000 voxels done Correlation: 0.2439933793272635
Network 5 - Frontoparietal: 6500 voxels done Correlation: 0.23333630517259865
Network 5 - Frontoparietal: 10000 voxels done Correlation: 0.2355923569613866
Network 5 - Frontoparietal: 15000 voxels done Correlation: 0.23991300807470772
/home/fhopp/.conda/envs/mjs/lib/python3.8/site-packages/nilearn/masking.py:980: UserWarning: Data array used to create a new image contains 64-bit ints. This is likely due to creating the array with numpy and passing `int` as the `dtype`. Many tools such as FSL and SPM cannot deal with int64 in Nifti images, so for compatibility the data has been converted to int32.
  return new_img_like(mask_img, unmasked, affine)
Network 6 - Default Mode: 50 voxels done Correlation: 0.3317448451685029
Network 6 - Default Mode: 150 voxels done Correlation: 0.3655440275245069
Network 6 - Default Mode: 250 voxels done Correlation: 0.2990002807938874
Network 6 - Default Mode: 500 voxels done Correlation: 0.40260928268933677
Network 6 - Default Mode: 750 voxels done Correlation: 0.41083057265650236
Network 6 - Default Mode: 1000 voxels done Correlation: 0.2968976778911939
Network 6 - Default Mode: 1500 voxels done Correlation: 0.36432996341815155
Network 6 - Default Mode: 3000 voxels done Correlation: 0.41231464038881216
Network 6 - Default Mode: 5000 voxels done Correlation: 0.3916970349225842
Network 6 - Default Mode: 6500 voxels done Correlation: 0.41218333143392805
Network 6 - Default Mode: 10000 voxels done Correlation: 0.40980576411245045
Network 6 - Default Mode: 15000 voxels done Correlation: 0.41883242677193
Network 6 - Default Mode: 25000 voxels done Correlation: 0.41009430826569315
/home/fhopp/.conda/envs/mjs/lib/python3.8/site-packages/nilearn/masking.py:980: UserWarning: Data array used to create a new image contains 64-bit ints. This is likely due to creating the array with numpy and passing `int` as the `dtype`. Many tools such as FSL and SPM cannot deal with int64 in Nifti images, so for compatibility the data has been converted to int32.
  return new_img_like(mask_img, unmasked, affine)
Network 7 - Subcortical: 50 voxels done Correlation: 0.151701093057273
Network 7 - Subcortical: 150 voxels done Correlation: 0.13917059171332435
Network 7 - Subcortical: 250 voxels done Correlation: 0.2065108672235202
Network 7 - Subcortical: 500 voxels done Correlation: 0.2721298537610828
Network 7 - Subcortical: 750 voxels done Correlation: 0.24537882080116447
Network 7 - Subcortical: 1000 voxels done Correlation: 0.19565267864925528
Network 7 - Subcortical: 1500 voxels done Correlation: 0.18864340269396396
Network 7 - Subcortical: 3000 voxels done Correlation: 0.1648147199016729
Network 7 - Subcortical: 5000 voxels done Correlation: 0.1569508420057993
Network 7 - Subcortical: 6500 voxels done Correlation: 0.15731471473097608
Network 7 - Subcortical: 10000 voxels done Correlation: 0.16739067115672784
Network 8 - Consciousness: 50 voxels done Correlation: 0.2563898111684137
Network 8 - Consciousness: 150 voxels done Correlation: 0.2766382962939726
Network 8 - Consciousness: 250 voxels done Correlation: 0.3883635919860693
Network 8 - Consciousness: 500 voxels done Correlation: 0.41204888915284116
Network 8 - Consciousness: 750 voxels done Correlation: 0.3836313157616863
Network 8 - Consciousness: 1000 voxels done Correlation: 0.48581678507386344
Network 8 - Consciousness: 1500 voxels done Correlation: 0.40904117372728854
Network 8 - Consciousness: 3000 voxels done Correlation: 0.4461193296121467
Network 8 - Consciousness: 5000 voxels done Correlation: 0.5038665969577925
Network 8 - Consciousness: 6500 voxels done Correlation: 0.42281097741967444
Network 8 - Consciousness: 10000 voxels done Correlation: 0.44348721769473315
Network 8 - Consciousness: 15000 voxels done Correlation: 0.47247564331204034
Network 8 - Consciousness: 25000 voxels done Correlation: 0.4668540530142298
Network 8 - Consciousness: 50000 voxels done Correlation: 0.4670792159485122
