Running job on: ada
Iteration: 556
Starting spatial evaluation...
/home/fhopp/.conda/envs/mjs/lib/python3.8/site-packages/nilearn/maskers/nifti_masker.py:110: UserWarning: imgs are being resampled to the mask_img resolution. This process is memory intensive. You might want to provide a target_affine that is equal to the affine of the imgs or resample the mask beforehand to save memory and computation time.
  warnings.warn(
/home/fhopp/.conda/envs/mjs/lib/python3.8/site-packages/nilearn/masking.py:980: UserWarning: Data array used to create a new image contains 64-bit ints. This is likely due to creating the array with numpy and passing `int` as the `dtype`. Many tools such as FSL and SPM cannot deal with int64 in Nifti images, so for compatibility the data has been converted to int32.
  return new_img_like(mask_img, unmasked, affine)
Network 0 - Visual: 50 voxels done Correlation: 0.49120009057784597
Network 0 - Visual: 150 voxels done Correlation: 0.5965746988138974
Network 0 - Visual: 250 voxels done Correlation: 0.6024713471953407
Network 0 - Visual: 500 voxels done Correlation: 0.5575117627691761
Network 0 - Visual: 750 voxels done Correlation: 0.6275984005733228
Network 0 - Visual: 1000 voxels done Correlation: 0.6453354957671138
Network 0 - Visual: 1500 voxels done Correlation: 0.6341254395601967
Network 0 - Visual: 3000 voxels done Correlation: 0.6110200876405241
Network 0 - Visual: 5000 voxels done Correlation: 0.6110909789092908
Network 0 - Visual: 6500 voxels done Correlation: 0.6338949720097836
Network 0 - Visual: 10000 voxels done Correlation: 0.6276644554260726
Network 0 - Visual: 15000 voxels done Correlation: 0.623367881857255
/home/fhopp/.conda/envs/mjs/lib/python3.8/site-packages/nilearn/masking.py:980: UserWarning: Data array used to create a new image contains 64-bit ints. This is likely due to creating the array with numpy and passing `int` as the `dtype`. Many tools such as FSL and SPM cannot deal with int64 in Nifti images, so for compatibility the data has been converted to int32.
  return new_img_like(mask_img, unmasked, affine)
Network 1 - Somatomotor: 50 voxels done Correlation: 0.3067990393015053
Network 1 - Somatomotor: 150 voxels done Correlation: 0.29644040588980985
Network 1 - Somatomotor: 250 voxels done Correlation: 0.31333622662864635
Network 1 - Somatomotor: 500 voxels done Correlation: 0.34313076179512847
Network 1 - Somatomotor: 750 voxels done Correlation: 0.32888341171364843
Network 1 - Somatomotor: 1000 voxels done Correlation: 0.30795008074676494
Network 1 - Somatomotor: 1500 voxels done Correlation: 0.3452578362852118
Network 1 - Somatomotor: 3000 voxels done Correlation: 0.3647129824500941
Network 1 - Somatomotor: 5000 voxels done Correlation: 0.34859189769145077
Network 1 - Somatomotor: 6500 voxels done Correlation: 0.33383841058956154
Network 1 - Somatomotor: 10000 voxels done Correlation: 0.3450639163001119
Network 1 - Somatomotor: 15000 voxels done Correlation: 0.3452152558332027
/home/fhopp/.conda/envs/mjs/lib/python3.8/site-packages/nilearn/masking.py:980: UserWarning: Data array used to create a new image contains 64-bit ints. This is likely due to creating the array with numpy and passing `int` as the `dtype`. Many tools such as FSL and SPM cannot deal with int64 in Nifti images, so for compatibility the data has been converted to int32.
  return new_img_like(mask_img, unmasked, affine)
Network 2 - dAttention: 50 voxels done Correlation: 0.2745834533088309
Network 2 - dAttention: 150 voxels done Correlation: 0.25915189840682895
Network 2 - dAttention: 250 voxels done Correlation: 0.2946242621677249
Network 2 - dAttention: 500 voxels done Correlation: 0.3280518284632504
Network 2 - dAttention: 750 voxels done Correlation: 0.32588582873538596
Network 2 - dAttention: 1000 voxels done Correlation: 0.32096405743279693
Network 2 - dAttention: 1500 voxels done Correlation: 0.2964394115307872
Network 2 - dAttention: 3000 voxels done Correlation: 0.3358025495850613
Network 2 - dAttention: 5000 voxels done Correlation: 0.3344094788844697
Network 2 - dAttention: 6500 voxels done Correlation: 0.3265969254330365
Network 2 - dAttention: 10000 voxels done Correlation: 0.330199958945427
Network 2 - dAttention: 15000 voxels done Correlation: 0.33302364682066
/home/fhopp/.conda/envs/mjs/lib/python3.8/site-packages/nilearn/masking.py:980: UserWarning: Data array used to create a new image contains 64-bit ints. This is likely due to creating the array with numpy and passing `int` as the `dtype`. Many tools such as FSL and SPM cannot deal with int64 in Nifti images, so for compatibility the data has been converted to int32.
  return new_img_like(mask_img, unmasked, affine)
Network 3 - vAttention: 50 voxels done Correlation: 0.1690829385465053
Network 3 - vAttention: 150 voxels done Correlation: 0.25437505150011785
Network 3 - vAttention: 250 voxels done Correlation: 0.23664880652456777
Network 3 - vAttention: 500 voxels done Correlation: 0.35275531715291997
Network 3 - vAttention: 750 voxels done Correlation: 0.33537131660479613
Network 3 - vAttention: 1000 voxels done Correlation: 0.37511117367254154
Network 3 - vAttention: 1500 voxels done Correlation: 0.32391539024296645
Network 3 - vAttention: 3000 voxels done Correlation: 0.3756313520138722
Network 3 - vAttention: 5000 voxels done Correlation: 0.36069265560749786
Network 3 - vAttention: 6500 voxels done Correlation: 0.38713699553253594
Network 3 - vAttention: 10000 voxels done Correlation: 0.3745120238726092
Network 3 - vAttention: 15000 voxels done Correlation: 0.3883600953402037
/home/fhopp/.conda/envs/mjs/lib/python3.8/site-packages/nilearn/masking.py:980: UserWarning: Data array used to create a new image contains 64-bit ints. This is likely due to creating the array with numpy and passing `int` as the `dtype`. Many tools such as FSL and SPM cannot deal with int64 in Nifti images, so for compatibility the data has been converted to int32.
  return new_img_like(mask_img, unmasked, affine)
Network 4 - Limbic: 50 voxels done Correlation: 0.2601104786334582
Network 4 - Limbic: 150 voxels done Correlation: 0.18635297604965814
Network 4 - Limbic: 250 voxels done Correlation: 0.3091061320304769
Network 4 - Limbic: 500 voxels done Correlation: 0.25622515065560714
Network 4 - Limbic: 750 voxels done Correlation: 0.21675496564540014
Network 4 - Limbic: 1000 voxels done Correlation: 0.26822586097406526
Network 4 - Limbic: 1500 voxels done Correlation: 0.28912435630831324
Network 4 - Limbic: 3000 voxels done Correlation: 0.2770027979588123
Network 4 - Limbic: 5000 voxels done Correlation: 0.27594715267177383
Network 4 - Limbic: 6500 voxels done Correlation: 0.2862216604386266
Network 4 - Limbic: 10000 voxels done Correlation: 0.29524743992380065
/home/fhopp/.conda/envs/mjs/lib/python3.8/site-packages/nilearn/masking.py:980: UserWarning: Data array used to create a new image contains 64-bit ints. This is likely due to creating the array with numpy and passing `int` as the `dtype`. Many tools such as FSL and SPM cannot deal with int64 in Nifti images, so for compatibility the data has been converted to int32.
  return new_img_like(mask_img, unmasked, affine)
Network 5 - Frontoparietal: 50 voxels done Correlation: 0.18605391046787012
Network 5 - Frontoparietal: 150 voxels done Correlation: 0.16394062205269305
Network 5 - Frontoparietal: 250 voxels done Correlation: 0.25993470943380653
Network 5 - Frontoparietal: 500 voxels done Correlation: 0.22702163237499065
Network 5 - Frontoparietal: 750 voxels done Correlation: 0.17857878687971063
Network 5 - Frontoparietal: 1000 voxels done Correlation: 0.19909675955468048
Network 5 - Frontoparietal: 1500 voxels done Correlation: 0.234504010584919
Network 5 - Frontoparietal: 3000 voxels done Correlation: 0.20574204687595565
Network 5 - Frontoparietal: 5000 voxels done Correlation: 0.20899370882815382
Network 5 - Frontoparietal: 6500 voxels done Correlation: 0.2419563665027682
Network 5 - Frontoparietal: 10000 voxels done Correlation: 0.23424172563494572
Network 5 - Frontoparietal: 15000 voxels done Correlation: 0.2372734119362822
/home/fhopp/.conda/envs/mjs/lib/python3.8/site-packages/nilearn/masking.py:980: UserWarning: Data array used to create a new image contains 64-bit ints. This is likely due to creating the array with numpy and passing `int` as the `dtype`. Many tools such as FSL and SPM cannot deal with int64 in Nifti images, so for compatibility the data has been converted to int32.
  return new_img_like(mask_img, unmasked, affine)
Network 6 - Default Mode: 50 voxels done Correlation: 0.21575336043056542
Network 6 - Default Mode: 150 voxels done Correlation: 0.33041574417273745
Network 6 - Default Mode: 250 voxels done Correlation: 0.3578527721652606
Network 6 - Default Mode: 500 voxels done Correlation: 0.338964708749228
Network 6 - Default Mode: 750 voxels done Correlation: 0.36776770204774784
Network 6 - Default Mode: 1000 voxels done Correlation: 0.4024279015031188
Network 6 - Default Mode: 1500 voxels done Correlation: 0.39732215497236156
Network 6 - Default Mode: 3000 voxels done Correlation: 0.4064844864423569
Network 6 - Default Mode: 5000 voxels done Correlation: 0.3943801617317927
Network 6 - Default Mode: 6500 voxels done Correlation: 0.39369429553510904
Network 6 - Default Mode: 10000 voxels done Correlation: 0.4070864681815409
Network 6 - Default Mode: 15000 voxels done Correlation: 0.4088801588976943
Network 6 - Default Mode: 25000 voxels done Correlation: 0.4117934860433746
/home/fhopp/.conda/envs/mjs/lib/python3.8/site-packages/nilearn/masking.py:980: UserWarning: Data array used to create a new image contains 64-bit ints. This is likely due to creating the array with numpy and passing `int` as the `dtype`. Many tools such as FSL and SPM cannot deal with int64 in Nifti images, so for compatibility the data has been converted to int32.
  return new_img_like(mask_img, unmasked, affine)
Network 7 - Subcortical: 50 voxels done Correlation: 0.09390201451120332
Network 7 - Subcortical: 150 voxels done Correlation: 0.18011992769730883
Network 7 - Subcortical: 250 voxels done Correlation: 0.21813040042870757
Network 7 - Subcortical: 500 voxels done Correlation: 0.2178584723790902
Network 7 - Subcortical: 750 voxels done Correlation: 0.24344522261171053
Network 7 - Subcortical: 1000 voxels done Correlation: 0.2291373083554364
Network 7 - Subcortical: 1500 voxels done Correlation: 0.1890899168997715
Network 7 - Subcortical: 3000 voxels done Correlation: 0.16064155509789485
Network 7 - Subcortical: 5000 voxels done Correlation: 0.16538233122817492
Network 7 - Subcortical: 6500 voxels done Correlation: 0.16562307183652478
Network 7 - Subcortical: 10000 voxels done Correlation: 0.16167346986129053
Network 8 - Consciousness: 50 voxels done Correlation: 0.30910933395615176
Network 8 - Consciousness: 150 voxels done Correlation: 0.28883150791742207
Network 8 - Consciousness: 250 voxels done Correlation: 0.30085308215184686
Network 8 - Consciousness: 500 voxels done Correlation: 0.324558735270222
Network 8 - Consciousness: 750 voxels done Correlation: 0.4024168361584276
Network 8 - Consciousness: 1000 voxels done Correlation: 0.3950591361374698
Network 8 - Consciousness: 1500 voxels done Correlation: 0.3741349877960086
Network 8 - Consciousness: 3000 voxels done Correlation: 0.450975343769075
Network 8 - Consciousness: 5000 voxels done Correlation: 0.43707737908639144
Network 8 - Consciousness: 6500 voxels done Correlation: 0.5096614739195049
Network 8 - Consciousness: 10000 voxels done Correlation: 0.4708100926875718
Network 8 - Consciousness: 15000 voxels done Correlation: 0.4771918535130436
Network 8 - Consciousness: 25000 voxels done Correlation: 0.4732996204356058
Network 8 - Consciousness: 50000 voxels done Correlation: 0.46339966730180854
