Running job on: wood
Iteration: 395
Starting spatial evaluation...
/home/fhopp/.conda/envs/mjs/lib/python3.8/site-packages/nilearn/maskers/nifti_masker.py:110: UserWarning: imgs are being resampled to the mask_img resolution. This process is memory intensive. You might want to provide a target_affine that is equal to the affine of the imgs or resample the mask beforehand to save memory and computation time.
  warnings.warn(
/home/fhopp/.conda/envs/mjs/lib/python3.8/site-packages/nilearn/masking.py:980: UserWarning: Data array used to create a new image contains 64-bit ints. This is likely due to creating the array with numpy and passing `int` as the `dtype`. Many tools such as FSL and SPM cannot deal with int64 in Nifti images, so for compatibility the data has been converted to int32.
  return new_img_like(mask_img, unmasked, affine)
Network 0 - Visual: 50 voxels done Correlation: 0.663954101279716
Network 0 - Visual: 150 voxels done Correlation: 0.6057926730737275
Network 0 - Visual: 250 voxels done Correlation: 0.5991764748979902
Network 0 - Visual: 500 voxels done Correlation: 0.5687361524909245
Network 0 - Visual: 750 voxels done Correlation: 0.6141010043098573
Network 0 - Visual: 1000 voxels done Correlation: 0.5892783708871118
Network 0 - Visual: 1500 voxels done Correlation: 0.611213733048556
Network 0 - Visual: 3000 voxels done Correlation: 0.6078289811751705
Network 0 - Visual: 5000 voxels done Correlation: 0.6446801805143256
Network 0 - Visual: 6500 voxels done Correlation: 0.6180531379091372
Network 0 - Visual: 10000 voxels done Correlation: 0.6210379590441674
Network 0 - Visual: 15000 voxels done Correlation: 0.6262766101755769
/home/fhopp/.conda/envs/mjs/lib/python3.8/site-packages/nilearn/masking.py:980: UserWarning: Data array used to create a new image contains 64-bit ints. This is likely due to creating the array with numpy and passing `int` as the `dtype`. Many tools such as FSL and SPM cannot deal with int64 in Nifti images, so for compatibility the data has been converted to int32.
  return new_img_like(mask_img, unmasked, affine)
Network 1 - Somatomotor: 50 voxels done Correlation: 0.333981841708309
Network 1 - Somatomotor: 150 voxels done Correlation: 0.19063910048735863
Network 1 - Somatomotor: 250 voxels done Correlation: 0.38565355589558437
Network 1 - Somatomotor: 500 voxels done Correlation: 0.37211768490435077
Network 1 - Somatomotor: 750 voxels done Correlation: 0.29555534286346696
Network 1 - Somatomotor: 1000 voxels done Correlation: 0.316291079549615
Network 1 - Somatomotor: 1500 voxels done Correlation: 0.3319210496286569
Network 1 - Somatomotor: 3000 voxels done Correlation: 0.32981789698296193
Network 1 - Somatomotor: 5000 voxels done Correlation: 0.33815488833133717
Network 1 - Somatomotor: 6500 voxels done Correlation: 0.3342405509360239
Network 1 - Somatomotor: 10000 voxels done Correlation: 0.33788872437529327
Network 1 - Somatomotor: 15000 voxels done Correlation: 0.34136140878262117
/home/fhopp/.conda/envs/mjs/lib/python3.8/site-packages/nilearn/masking.py:980: UserWarning: Data array used to create a new image contains 64-bit ints. This is likely due to creating the array with numpy and passing `int` as the `dtype`. Many tools such as FSL and SPM cannot deal with int64 in Nifti images, so for compatibility the data has been converted to int32.
  return new_img_like(mask_img, unmasked, affine)
Network 2 - dAttention: 50 voxels done Correlation: 0.1891998607751977
Network 2 - dAttention: 150 voxels done Correlation: 0.27096674758036143
Network 2 - dAttention: 250 voxels done Correlation: 0.3470214021922676
Network 2 - dAttention: 500 voxels done Correlation: 0.3557863627334914
Network 2 - dAttention: 750 voxels done Correlation: 0.3186441819660647
Network 2 - dAttention: 1000 voxels done Correlation: 0.38219469073214873
Network 2 - dAttention: 1500 voxels done Correlation: 0.2958337316844522
Network 2 - dAttention: 3000 voxels done Correlation: 0.34284486937595526
Network 2 - dAttention: 5000 voxels done Correlation: 0.3416501103896039
Network 2 - dAttention: 6500 voxels done Correlation: 0.3458270675428472
Network 2 - dAttention: 10000 voxels done Correlation: 0.31552635614914715
Network 2 - dAttention: 15000 voxels done Correlation: 0.3329501051478264
/home/fhopp/.conda/envs/mjs/lib/python3.8/site-packages/nilearn/masking.py:980: UserWarning: Data array used to create a new image contains 64-bit ints. This is likely due to creating the array with numpy and passing `int` as the `dtype`. Many tools such as FSL and SPM cannot deal with int64 in Nifti images, so for compatibility the data has been converted to int32.
  return new_img_like(mask_img, unmasked, affine)
Network 3 - vAttention: 50 voxels done Correlation: 0.1698137270499896
Network 3 - vAttention: 150 voxels done Correlation: 0.3273498959528083
Network 3 - vAttention: 250 voxels done Correlation: 0.2965254017619479
Network 3 - vAttention: 500 voxels done Correlation: 0.28970723080129157
Network 3 - vAttention: 750 voxels done Correlation: 0.33841733022921217
Network 3 - vAttention: 1000 voxels done Correlation: 0.3638806289276301
Network 3 - vAttention: 1500 voxels done Correlation: 0.35879297625818285
Network 3 - vAttention: 3000 voxels done Correlation: 0.36502814582470616
Network 3 - vAttention: 5000 voxels done Correlation: 0.38196934643247693
Network 3 - vAttention: 6500 voxels done Correlation: 0.37713231733112035
Network 3 - vAttention: 10000 voxels done Correlation: 0.3775794744754267
Network 3 - vAttention: 15000 voxels done Correlation: 0.38823352554373464
/home/fhopp/.conda/envs/mjs/lib/python3.8/site-packages/nilearn/masking.py:980: UserWarning: Data array used to create a new image contains 64-bit ints. This is likely due to creating the array with numpy and passing `int` as the `dtype`. Many tools such as FSL and SPM cannot deal with int64 in Nifti images, so for compatibility the data has been converted to int32.
  return new_img_like(mask_img, unmasked, affine)
Network 4 - Limbic: 50 voxels done Correlation: 0.18536361445129826
Network 4 - Limbic: 150 voxels done Correlation: 0.33464491341199903
Network 4 - Limbic: 250 voxels done Correlation: 0.27920200209369667
Network 4 - Limbic: 500 voxels done Correlation: 0.2234154335659877
Network 4 - Limbic: 750 voxels done Correlation: 0.22577632269627612
Network 4 - Limbic: 1000 voxels done Correlation: 0.2830639064464559
Network 4 - Limbic: 1500 voxels done Correlation: 0.33976809606557185
Network 4 - Limbic: 3000 voxels done Correlation: 0.2905659993276688
Network 4 - Limbic: 5000 voxels done Correlation: 0.28370421865963047
Network 4 - Limbic: 6500 voxels done Correlation: 0.2888502483535368
Network 4 - Limbic: 10000 voxels done Correlation: 0.28892020753496284
/home/fhopp/.conda/envs/mjs/lib/python3.8/site-packages/nilearn/masking.py:980: UserWarning: Data array used to create a new image contains 64-bit ints. This is likely due to creating the array with numpy and passing `int` as the `dtype`. Many tools such as FSL and SPM cannot deal with int64 in Nifti images, so for compatibility the data has been converted to int32.
  return new_img_like(mask_img, unmasked, affine)
Network 5 - Frontoparietal: 50 voxels done Correlation: 0.15601127469319565
Network 5 - Frontoparietal: 150 voxels done Correlation: 0.2502099522911734
Network 5 - Frontoparietal: 250 voxels done Correlation: 0.22904803034796553
Network 5 - Frontoparietal: 500 voxels done Correlation: 0.24561829124520396
Network 5 - Frontoparietal: 750 voxels done Correlation: 0.23992522591119414
Network 5 - Frontoparietal: 1000 voxels done Correlation: 0.2131181598510203
Network 5 - Frontoparietal: 1500 voxels done Correlation: 0.21606870695888594
Network 5 - Frontoparietal: 3000 voxels done Correlation: 0.22906143857045325
Network 5 - Frontoparietal: 5000 voxels done Correlation: 0.2420055717363326
Network 5 - Frontoparietal: 6500 voxels done Correlation: 0.2319369500085095
Network 5 - Frontoparietal: 10000 voxels done Correlation: 0.2436515151769201
Network 5 - Frontoparietal: 15000 voxels done Correlation: 0.24054310246152627
/home/fhopp/.conda/envs/mjs/lib/python3.8/site-packages/nilearn/masking.py:980: UserWarning: Data array used to create a new image contains 64-bit ints. This is likely due to creating the array with numpy and passing `int` as the `dtype`. Many tools such as FSL and SPM cannot deal with int64 in Nifti images, so for compatibility the data has been converted to int32.
  return new_img_like(mask_img, unmasked, affine)
Network 6 - Default Mode: 50 voxels done Correlation: 0.24420636144856547
Network 6 - Default Mode: 150 voxels done Correlation: 0.3117872732963161
Network 6 - Default Mode: 250 voxels done Correlation: 0.3247277001422533
Network 6 - Default Mode: 500 voxels done Correlation: 0.42347309300056446
Network 6 - Default Mode: 750 voxels done Correlation: 0.4664907508401152
Network 6 - Default Mode: 1000 voxels done Correlation: 0.38562087978542703
Network 6 - Default Mode: 1500 voxels done Correlation: 0.3287091243162457
Network 6 - Default Mode: 3000 voxels done Correlation: 0.3905102432532813
Network 6 - Default Mode: 5000 voxels done Correlation: 0.3943006030325449
Network 6 - Default Mode: 6500 voxels done Correlation: 0.37801068466864884
Network 6 - Default Mode: 10000 voxels done Correlation: 0.3855440844206013
Network 6 - Default Mode: 15000 voxels done Correlation: 0.4037722857445508
Network 6 - Default Mode: 25000 voxels done Correlation: 0.404668563073751
/home/fhopp/.conda/envs/mjs/lib/python3.8/site-packages/nilearn/masking.py:980: UserWarning: Data array used to create a new image contains 64-bit ints. This is likely due to creating the array with numpy and passing `int` as the `dtype`. Many tools such as FSL and SPM cannot deal with int64 in Nifti images, so for compatibility the data has been converted to int32.
  return new_img_like(mask_img, unmasked, affine)
Network 7 - Subcortical: 50 voxels done Correlation: 0.09412800268340045
Network 7 - Subcortical: 150 voxels done Correlation: 0.2001836347740487
Network 7 - Subcortical: 250 voxels done Correlation: 0.16988241639129922
Network 7 - Subcortical: 500 voxels done Correlation: 0.26932972516385423
Network 7 - Subcortical: 750 voxels done Correlation: 0.1904223437365033
Network 7 - Subcortical: 1000 voxels done Correlation: 0.2238209732601777
Network 7 - Subcortical: 1500 voxels done Correlation: 0.2197296422957205
Network 7 - Subcortical: 3000 voxels done Correlation: 0.17727462038304492
Network 7 - Subcortical: 5000 voxels done Correlation: 0.16955443436328704
Network 7 - Subcortical: 6500 voxels done Correlation: 0.15865299442805383
Network 7 - Subcortical: 10000 voxels done Correlation: 0.16944037824346012
Network 8 - Consciousness: 50 voxels done Correlation: 0.21705408425101064
Network 8 - Consciousness: 150 voxels done Correlation: 0.36027293261878407
Network 8 - Consciousness: 250 voxels done Correlation: 0.3723398979377981
Network 8 - Consciousness: 500 voxels done Correlation: 0.31062378111139066
Network 8 - Consciousness: 750 voxels done Correlation: 0.3808585595935806
Network 8 - Consciousness: 1000 voxels done Correlation: 0.46523474884670524
Network 8 - Consciousness: 1500 voxels done Correlation: 0.3741651168036936
Network 8 - Consciousness: 3000 voxels done Correlation: 0.4134653527113837
Network 8 - Consciousness: 5000 voxels done Correlation: 0.4874225805068511
Network 8 - Consciousness: 6500 voxels done Correlation: 0.4661450247752643
Network 8 - Consciousness: 10000 voxels done Correlation: 0.4396822391329842
Network 8 - Consciousness: 15000 voxels done Correlation: 0.44826416284042453
Network 8 - Consciousness: 25000 voxels done Correlation: 0.4647477043296525
Network 8 - Consciousness: 50000 voxels done Correlation: 0.4661205860599305
