Running job on: wood
Iteration: 504
Starting spatial evaluation...
/home/fhopp/.conda/envs/mjs/lib/python3.8/site-packages/nilearn/maskers/nifti_masker.py:110: UserWarning: imgs are being resampled to the mask_img resolution. This process is memory intensive. You might want to provide a target_affine that is equal to the affine of the imgs or resample the mask beforehand to save memory and computation time.
  warnings.warn(
/home/fhopp/.conda/envs/mjs/lib/python3.8/site-packages/nilearn/masking.py:980: UserWarning: Data array used to create a new image contains 64-bit ints. This is likely due to creating the array with numpy and passing `int` as the `dtype`. Many tools such as FSL and SPM cannot deal with int64 in Nifti images, so for compatibility the data has been converted to int32.
  return new_img_like(mask_img, unmasked, affine)
Network 0 - Visual: 50 voxels done Correlation: 0.49246499280204437
Network 0 - Visual: 150 voxels done Correlation: 0.6461525111665114
Network 0 - Visual: 250 voxels done Correlation: 0.6609725244867473
Network 0 - Visual: 500 voxels done Correlation: 0.5908098610176344
Network 0 - Visual: 750 voxels done Correlation: 0.5804279706800034
Network 0 - Visual: 1000 voxels done Correlation: 0.613736124610933
Network 0 - Visual: 1500 voxels done Correlation: 0.5770655700990142
Network 0 - Visual: 3000 voxels done Correlation: 0.6193528316313861
Network 0 - Visual: 5000 voxels done Correlation: 0.6386990542023976
Network 0 - Visual: 6500 voxels done Correlation: 0.6306796474723273
Network 0 - Visual: 10000 voxels done Correlation: 0.6223200841475405
Network 0 - Visual: 15000 voxels done Correlation: 0.6314979936413208
/home/fhopp/.conda/envs/mjs/lib/python3.8/site-packages/nilearn/masking.py:980: UserWarning: Data array used to create a new image contains 64-bit ints. This is likely due to creating the array with numpy and passing `int` as the `dtype`. Many tools such as FSL and SPM cannot deal with int64 in Nifti images, so for compatibility the data has been converted to int32.
  return new_img_like(mask_img, unmasked, affine)
Network 1 - Somatomotor: 50 voxels done Correlation: 0.385926839342768
Network 1 - Somatomotor: 150 voxels done Correlation: 0.33032726600058127
Network 1 - Somatomotor: 250 voxels done Correlation: 0.2685382967195006
Network 1 - Somatomotor: 500 voxels done Correlation: 0.30525888751983393
Network 1 - Somatomotor: 750 voxels done Correlation: 0.3267549507970855
Network 1 - Somatomotor: 1000 voxels done Correlation: 0.35361067671301183
Network 1 - Somatomotor: 1500 voxels done Correlation: 0.3490080501636138
Network 1 - Somatomotor: 3000 voxels done Correlation: 0.3289868946001374
Network 1 - Somatomotor: 5000 voxels done Correlation: 0.35649057888317015
Network 1 - Somatomotor: 6500 voxels done Correlation: 0.3368839408031119
Network 1 - Somatomotor: 10000 voxels done Correlation: 0.3424814968793308
Network 1 - Somatomotor: 15000 voxels done Correlation: 0.34363650000008183
/home/fhopp/.conda/envs/mjs/lib/python3.8/site-packages/nilearn/masking.py:980: UserWarning: Data array used to create a new image contains 64-bit ints. This is likely due to creating the array with numpy and passing `int` as the `dtype`. Many tools such as FSL and SPM cannot deal with int64 in Nifti images, so for compatibility the data has been converted to int32.
  return new_img_like(mask_img, unmasked, affine)
Network 2 - dAttention: 50 voxels done Correlation: 0.2373765063379678
Network 2 - dAttention: 150 voxels done Correlation: 0.40396978361746394
Network 2 - dAttention: 250 voxels done Correlation: 0.3194296047878946
Network 2 - dAttention: 500 voxels done Correlation: 0.3236098004720519
Network 2 - dAttention: 750 voxels done Correlation: 0.3466080674377938
Network 2 - dAttention: 1000 voxels done Correlation: 0.29110889389831623
Network 2 - dAttention: 1500 voxels done Correlation: 0.3372974864230306
Network 2 - dAttention: 3000 voxels done Correlation: 0.3470560341173644
Network 2 - dAttention: 5000 voxels done Correlation: 0.32668102622601813
Network 2 - dAttention: 6500 voxels done Correlation: 0.3307095016793395
Network 2 - dAttention: 10000 voxels done Correlation: 0.3376901505057473
Network 2 - dAttention: 15000 voxels done Correlation: 0.33311153175451846
/home/fhopp/.conda/envs/mjs/lib/python3.8/site-packages/nilearn/masking.py:980: UserWarning: Data array used to create a new image contains 64-bit ints. This is likely due to creating the array with numpy and passing `int` as the `dtype`. Many tools such as FSL and SPM cannot deal with int64 in Nifti images, so for compatibility the data has been converted to int32.
  return new_img_like(mask_img, unmasked, affine)
Network 3 - vAttention: 50 voxels done Correlation: 0.286271250132773
Network 3 - vAttention: 150 voxels done Correlation: 0.3217861663344608
Network 3 - vAttention: 250 voxels done Correlation: 0.24110612209814564
Network 3 - vAttention: 500 voxels done Correlation: 0.3415456851424099
Network 3 - vAttention: 750 voxels done Correlation: 0.3340964056710988
Network 3 - vAttention: 1000 voxels done Correlation: 0.3333834420370231
Network 3 - vAttention: 1500 voxels done Correlation: 0.38082474108507053
Network 3 - vAttention: 3000 voxels done Correlation: 0.3686494578537739
Network 3 - vAttention: 5000 voxels done Correlation: 0.39570803241773067
Network 3 - vAttention: 6500 voxels done Correlation: 0.3828384150378794
Network 3 - vAttention: 10000 voxels done Correlation: 0.38791857295928206
Network 3 - vAttention: 15000 voxels done Correlation: 0.3871851147796399
/home/fhopp/.conda/envs/mjs/lib/python3.8/site-packages/nilearn/masking.py:980: UserWarning: Data array used to create a new image contains 64-bit ints. This is likely due to creating the array with numpy and passing `int` as the `dtype`. Many tools such as FSL and SPM cannot deal with int64 in Nifti images, so for compatibility the data has been converted to int32.
  return new_img_like(mask_img, unmasked, affine)
Network 4 - Limbic: 50 voxels done Correlation: 0.24484911796438513
Network 4 - Limbic: 150 voxels done Correlation: 0.2853248929818947
Network 4 - Limbic: 250 voxels done Correlation: 0.2535379436359988
Network 4 - Limbic: 500 voxels done Correlation: 0.26909225562453054
Network 4 - Limbic: 750 voxels done Correlation: 0.2911949072370152
Network 4 - Limbic: 1000 voxels done Correlation: 0.3149865514108891
Network 4 - Limbic: 1500 voxels done Correlation: 0.2775914147946579
Network 4 - Limbic: 3000 voxels done Correlation: 0.26936932768294464
Network 4 - Limbic: 5000 voxels done Correlation: 0.28500190781547896
Network 4 - Limbic: 6500 voxels done Correlation: 0.27923274407429155
Network 4 - Limbic: 10000 voxels done Correlation: 0.2895281500284206
/home/fhopp/.conda/envs/mjs/lib/python3.8/site-packages/nilearn/masking.py:980: UserWarning: Data array used to create a new image contains 64-bit ints. This is likely due to creating the array with numpy and passing `int` as the `dtype`. Many tools such as FSL and SPM cannot deal with int64 in Nifti images, so for compatibility the data has been converted to int32.
  return new_img_like(mask_img, unmasked, affine)
Network 5 - Frontoparietal: 50 voxels done Correlation: 0.15651835104319328
Network 5 - Frontoparietal: 150 voxels done Correlation: 0.20092553211497716
Network 5 - Frontoparietal: 250 voxels done Correlation: 0.24352755628233758
Network 5 - Frontoparietal: 500 voxels done Correlation: 0.2584233560904079
Network 5 - Frontoparietal: 750 voxels done Correlation: 0.18962985881382016
Network 5 - Frontoparietal: 1000 voxels done Correlation: 0.21219929230808734
Network 5 - Frontoparietal: 1500 voxels done Correlation: 0.2180669819379607
Network 5 - Frontoparietal: 3000 voxels done Correlation: 0.2421565191216376
Network 5 - Frontoparietal: 5000 voxels done Correlation: 0.2221042968954376
Network 5 - Frontoparietal: 6500 voxels done Correlation: 0.23949822100150042
Network 5 - Frontoparietal: 10000 voxels done Correlation: 0.2297536251760866
Network 5 - Frontoparietal: 15000 voxels done Correlation: 0.23541521810901728
/home/fhopp/.conda/envs/mjs/lib/python3.8/site-packages/nilearn/masking.py:980: UserWarning: Data array used to create a new image contains 64-bit ints. This is likely due to creating the array with numpy and passing `int` as the `dtype`. Many tools such as FSL and SPM cannot deal with int64 in Nifti images, so for compatibility the data has been converted to int32.
  return new_img_like(mask_img, unmasked, affine)
Network 6 - Default Mode: 50 voxels done Correlation: 0.18530846993059497
Network 6 - Default Mode: 150 voxels done Correlation: 0.33032437669043313
Network 6 - Default Mode: 250 voxels done Correlation: 0.29645864090392315
Network 6 - Default Mode: 500 voxels done Correlation: 0.37867630283906806
Network 6 - Default Mode: 750 voxels done Correlation: 0.39253038259159134
Network 6 - Default Mode: 1000 voxels done Correlation: 0.34854180226742715
Network 6 - Default Mode: 1500 voxels done Correlation: 0.3714824622335275
Network 6 - Default Mode: 3000 voxels done Correlation: 0.4084120937091635
Network 6 - Default Mode: 5000 voxels done Correlation: 0.3972023827038911
Network 6 - Default Mode: 6500 voxels done Correlation: 0.40573369151561733
Network 6 - Default Mode: 10000 voxels done Correlation: 0.4143904701566393
Network 6 - Default Mode: 15000 voxels done Correlation: 0.4005609469892344
Network 6 - Default Mode: 25000 voxels done Correlation: 0.4098460810342932
/home/fhopp/.conda/envs/mjs/lib/python3.8/site-packages/nilearn/masking.py:980: UserWarning: Data array used to create a new image contains 64-bit ints. This is likely due to creating the array with numpy and passing `int` as the `dtype`. Many tools such as FSL and SPM cannot deal with int64 in Nifti images, so for compatibility the data has been converted to int32.
  return new_img_like(mask_img, unmasked, affine)
Network 7 - Subcortical: 50 voxels done Correlation: 0.21589172222457073
Network 7 - Subcortical: 150 voxels done Correlation: 0.21119396475496244
Network 7 - Subcortical: 250 voxels done Correlation: 0.16413613994465492
Network 7 - Subcortical: 500 voxels done Correlation: 0.18995734977156759
Network 7 - Subcortical: 750 voxels done Correlation: 0.21063244846904894
Network 7 - Subcortical: 1000 voxels done Correlation: 0.2617052463677185
Network 7 - Subcortical: 1500 voxels done Correlation: 0.16799553122881525
Network 7 - Subcortical: 3000 voxels done Correlation: 0.1898920895826199
Network 7 - Subcortical: 5000 voxels done Correlation: 0.17423120731749475
Network 7 - Subcortical: 6500 voxels done Correlation: 0.1685129119534841
Network 7 - Subcortical: 10000 voxels done Correlation: 0.16126167376796313
Network 8 - Consciousness: 50 voxels done Correlation: 0.3389462404094766
Network 8 - Consciousness: 150 voxels done Correlation: 0.3946513949690177
Network 8 - Consciousness: 250 voxels done Correlation: 0.30545872202830954
Network 8 - Consciousness: 500 voxels done Correlation: 0.3342692805040278
Network 8 - Consciousness: 750 voxels done Correlation: 0.4004786944235454
Network 8 - Consciousness: 1000 voxels done Correlation: 0.373678173551124
Network 8 - Consciousness: 1500 voxels done Correlation: 0.45090783896447817
Network 8 - Consciousness: 3000 voxels done Correlation: 0.44141050834975626
Network 8 - Consciousness: 5000 voxels done Correlation: 0.4307318453063492
Network 8 - Consciousness: 6500 voxels done Correlation: 0.48319342701692963
Network 8 - Consciousness: 10000 voxels done Correlation: 0.44121576802101004
Network 8 - Consciousness: 15000 voxels done Correlation: 0.4690883187207082
Network 8 - Consciousness: 25000 voxels done Correlation: 0.46283657984492754
Network 8 - Consciousness: 50000 voxels done Correlation: 0.4671424037794177
