Running job on: wood
Iteration: 298
Starting spatial evaluation...
/home/fhopp/.conda/envs/mjs/lib/python3.8/site-packages/nilearn/maskers/nifti_masker.py:110: UserWarning: imgs are being resampled to the mask_img resolution. This process is memory intensive. You might want to provide a target_affine that is equal to the affine of the imgs or resample the mask beforehand to save memory and computation time.
  warnings.warn(
/home/fhopp/.conda/envs/mjs/lib/python3.8/site-packages/nilearn/masking.py:980: UserWarning: Data array used to create a new image contains 64-bit ints. This is likely due to creating the array with numpy and passing `int` as the `dtype`. Many tools such as FSL and SPM cannot deal with int64 in Nifti images, so for compatibility the data has been converted to int32.
  return new_img_like(mask_img, unmasked, affine)
Network 0 - Visual: 50 voxels done Correlation: 0.6994235688156363
Network 0 - Visual: 150 voxels done Correlation: 0.5747023731407819
Network 0 - Visual: 250 voxels done Correlation: 0.5838624095713261
Network 0 - Visual: 500 voxels done Correlation: 0.526457931260571
Network 0 - Visual: 750 voxels done Correlation: 0.5746542582351868
Network 0 - Visual: 1000 voxels done Correlation: 0.5837660092585726
Network 0 - Visual: 1500 voxels done Correlation: 0.6088947712006672
Network 0 - Visual: 3000 voxels done Correlation: 0.6168243015913315
Network 0 - Visual: 5000 voxels done Correlation: 0.620031691592151
Network 0 - Visual: 6500 voxels done Correlation: 0.6303949015652739
Network 0 - Visual: 10000 voxels done Correlation: 0.629649694676125
Network 0 - Visual: 15000 voxels done Correlation: 0.6270874765253975
/home/fhopp/.conda/envs/mjs/lib/python3.8/site-packages/nilearn/masking.py:980: UserWarning: Data array used to create a new image contains 64-bit ints. This is likely due to creating the array with numpy and passing `int` as the `dtype`. Many tools such as FSL and SPM cannot deal with int64 in Nifti images, so for compatibility the data has been converted to int32.
  return new_img_like(mask_img, unmasked, affine)
Network 1 - Somatomotor: 50 voxels done Correlation: 0.24257450090962074
Network 1 - Somatomotor: 150 voxels done Correlation: 0.26832526760752284
Network 1 - Somatomotor: 250 voxels done Correlation: 0.34948008771055106
Network 1 - Somatomotor: 500 voxels done Correlation: 0.37267808221871435
Network 1 - Somatomotor: 750 voxels done Correlation: 0.3131048944003775
Network 1 - Somatomotor: 1000 voxels done Correlation: 0.36268055554236256
Network 1 - Somatomotor: 1500 voxels done Correlation: 0.31472485077738993
Network 1 - Somatomotor: 3000 voxels done Correlation: 0.32469980983743196
Network 1 - Somatomotor: 5000 voxels done Correlation: 0.32446618298534835
Network 1 - Somatomotor: 6500 voxels done Correlation: 0.3298662049255675
Network 1 - Somatomotor: 10000 voxels done Correlation: 0.3434942357238884
Network 1 - Somatomotor: 15000 voxels done Correlation: 0.34383134107604446
/home/fhopp/.conda/envs/mjs/lib/python3.8/site-packages/nilearn/masking.py:980: UserWarning: Data array used to create a new image contains 64-bit ints. This is likely due to creating the array with numpy and passing `int` as the `dtype`. Many tools such as FSL and SPM cannot deal with int64 in Nifti images, so for compatibility the data has been converted to int32.
  return new_img_like(mask_img, unmasked, affine)
Network 2 - dAttention: 50 voxels done Correlation: 0.24199382185770063
Network 2 - dAttention: 150 voxels done Correlation: 0.3360711185413764
Network 2 - dAttention: 250 voxels done Correlation: 0.28504205319438636
Network 2 - dAttention: 500 voxels done Correlation: 0.35081233167144754
Network 2 - dAttention: 750 voxels done Correlation: 0.3178170801833764
Network 2 - dAttention: 1000 voxels done Correlation: 0.31131028380927855
Network 2 - dAttention: 1500 voxels done Correlation: 0.37345727664717066
Network 2 - dAttention: 3000 voxels done Correlation: 0.3383231225272425
Network 2 - dAttention: 5000 voxels done Correlation: 0.33552296401272624
Network 2 - dAttention: 6500 voxels done Correlation: 0.3327213647656566
Network 2 - dAttention: 10000 voxels done Correlation: 0.34123490110079935
Network 2 - dAttention: 15000 voxels done Correlation: 0.33101666368168897
/home/fhopp/.conda/envs/mjs/lib/python3.8/site-packages/nilearn/masking.py:980: UserWarning: Data array used to create a new image contains 64-bit ints. This is likely due to creating the array with numpy and passing `int` as the `dtype`. Many tools such as FSL and SPM cannot deal with int64 in Nifti images, so for compatibility the data has been converted to int32.
  return new_img_like(mask_img, unmasked, affine)
Network 3 - vAttention: 50 voxels done Correlation: 0.24213611418384176
Network 3 - vAttention: 150 voxels done Correlation: 0.3366216517157453
Network 3 - vAttention: 250 voxels done Correlation: 0.33268116869896247
Network 3 - vAttention: 500 voxels done Correlation: 0.31812382576187503
Network 3 - vAttention: 750 voxels done Correlation: 0.3624915043055642
Network 3 - vAttention: 1000 voxels done Correlation: 0.3141204501789022
Network 3 - vAttention: 1500 voxels done Correlation: 0.3511221093723136
Network 3 - vAttention: 3000 voxels done Correlation: 0.3552799100390127
Network 3 - vAttention: 5000 voxels done Correlation: 0.3753331222336018
Network 3 - vAttention: 6500 voxels done Correlation: 0.3789746640167816
Network 3 - vAttention: 10000 voxels done Correlation: 0.38642494582131337
Network 3 - vAttention: 15000 voxels done Correlation: 0.3891092987714745
/home/fhopp/.conda/envs/mjs/lib/python3.8/site-packages/nilearn/masking.py:980: UserWarning: Data array used to create a new image contains 64-bit ints. This is likely due to creating the array with numpy and passing `int` as the `dtype`. Many tools such as FSL and SPM cannot deal with int64 in Nifti images, so for compatibility the data has been converted to int32.
  return new_img_like(mask_img, unmasked, affine)
Network 4 - Limbic: 50 voxels done Correlation: 0.10870051062342662
Network 4 - Limbic: 150 voxels done Correlation: 0.20362006232205432
Network 4 - Limbic: 250 voxels done Correlation: 0.28826838954229705
Network 4 - Limbic: 500 voxels done Correlation: 0.3137563701165413
Network 4 - Limbic: 750 voxels done Correlation: 0.3104221865134409
Network 4 - Limbic: 1000 voxels done Correlation: 0.3092004315701917
Network 4 - Limbic: 1500 voxels done Correlation: 0.27015391292788016
Network 4 - Limbic: 3000 voxels done Correlation: 0.27240589199290655
Network 4 - Limbic: 5000 voxels done Correlation: 0.2785073532752962
Network 4 - Limbic: 6500 voxels done Correlation: 0.28666034584144884
Network 4 - Limbic: 10000 voxels done Correlation: 0.2775700486197382
/home/fhopp/.conda/envs/mjs/lib/python3.8/site-packages/nilearn/masking.py:980: UserWarning: Data array used to create a new image contains 64-bit ints. This is likely due to creating the array with numpy and passing `int` as the `dtype`. Many tools such as FSL and SPM cannot deal with int64 in Nifti images, so for compatibility the data has been converted to int32.
  return new_img_like(mask_img, unmasked, affine)
Network 5 - Frontoparietal: 50 voxels done Correlation: 0.19993098110148336
Network 5 - Frontoparietal: 150 voxels done Correlation: 0.1353258968762001
Network 5 - Frontoparietal: 250 voxels done Correlation: 0.23649769201904447
Network 5 - Frontoparietal: 500 voxels done Correlation: 0.22049410116090104
Network 5 - Frontoparietal: 750 voxels done Correlation: 0.15240589372436747
Network 5 - Frontoparietal: 1000 voxels done Correlation: 0.26603658202147784
Network 5 - Frontoparietal: 1500 voxels done Correlation: 0.2366519856488748
Network 5 - Frontoparietal: 3000 voxels done Correlation: 0.24616281091621522
Network 5 - Frontoparietal: 5000 voxels done Correlation: 0.22046440191712097
Network 5 - Frontoparietal: 6500 voxels done Correlation: 0.22749654535933148
Network 5 - Frontoparietal: 10000 voxels done Correlation: 0.24012435830519052
Network 5 - Frontoparietal: 15000 voxels done Correlation: 0.23784472116917676
/home/fhopp/.conda/envs/mjs/lib/python3.8/site-packages/nilearn/masking.py:980: UserWarning: Data array used to create a new image contains 64-bit ints. This is likely due to creating the array with numpy and passing `int` as the `dtype`. Many tools such as FSL and SPM cannot deal with int64 in Nifti images, so for compatibility the data has been converted to int32.
  return new_img_like(mask_img, unmasked, affine)
Network 6 - Default Mode: 50 voxels done Correlation: 0.2656429876145444
Network 6 - Default Mode: 150 voxels done Correlation: 0.3086253527180959
Network 6 - Default Mode: 250 voxels done Correlation: 0.3232226806101438
Network 6 - Default Mode: 500 voxels done Correlation: 0.38140453736919044
Network 6 - Default Mode: 750 voxels done Correlation: 0.33377437913677754
Network 6 - Default Mode: 1000 voxels done Correlation: 0.389276963382841
Network 6 - Default Mode: 1500 voxels done Correlation: 0.3994111838730071
Network 6 - Default Mode: 3000 voxels done Correlation: 0.39738512909029855
Network 6 - Default Mode: 5000 voxels done Correlation: 0.39738972324316435
Network 6 - Default Mode: 6500 voxels done Correlation: 0.4029538669346644
Network 6 - Default Mode: 10000 voxels done Correlation: 0.39456784489811114
Network 6 - Default Mode: 15000 voxels done Correlation: 0.406855804319636
Network 6 - Default Mode: 25000 voxels done Correlation: 0.4059526206885632
/home/fhopp/.conda/envs/mjs/lib/python3.8/site-packages/nilearn/masking.py:980: UserWarning: Data array used to create a new image contains 64-bit ints. This is likely due to creating the array with numpy and passing `int` as the `dtype`. Many tools such as FSL and SPM cannot deal with int64 in Nifti images, so for compatibility the data has been converted to int32.
  return new_img_like(mask_img, unmasked, affine)
Network 7 - Subcortical: 50 voxels done Correlation: 0.19646626269137832
Network 7 - Subcortical: 150 voxels done Correlation: 0.13561017405343476
Network 7 - Subcortical: 250 voxels done Correlation: 0.1636588382148477
Network 7 - Subcortical: 500 voxels done Correlation: 0.19201290297189483
Network 7 - Subcortical: 750 voxels done Correlation: 0.19531388225625174
Network 7 - Subcortical: 1000 voxels done Correlation: 0.2865390159801299
Network 7 - Subcortical: 1500 voxels done Correlation: 0.2435245140383624
Network 7 - Subcortical: 3000 voxels done Correlation: 0.1645975140426004
Network 7 - Subcortical: 5000 voxels done Correlation: 0.18755548093867336
Network 7 - Subcortical: 6500 voxels done Correlation: 0.1641549620789737
Network 7 - Subcortical: 10000 voxels done Correlation: 0.1661696890185556
Network 8 - Consciousness: 50 voxels done Correlation: 0.2570436209369207
Network 8 - Consciousness: 150 voxels done Correlation: 0.3002898399016777
Network 8 - Consciousness: 250 voxels done Correlation: 0.3046566881684528
Network 8 - Consciousness: 500 voxels done Correlation: 0.3854351800368243
Network 8 - Consciousness: 750 voxels done Correlation: 0.4529347885758017
Network 8 - Consciousness: 1000 voxels done Correlation: 0.44674202938108987
Network 8 - Consciousness: 1500 voxels done Correlation: 0.4351001552704333
Network 8 - Consciousness: 3000 voxels done Correlation: 0.48235882912483896
Network 8 - Consciousness: 5000 voxels done Correlation: 0.4533609906000212
Network 8 - Consciousness: 6500 voxels done Correlation: 0.4648478917604262
Network 8 - Consciousness: 10000 voxels done Correlation: 0.4523097188702365
Network 8 - Consciousness: 15000 voxels done Correlation: 0.4496462601344677
Network 8 - Consciousness: 25000 voxels done Correlation: 0.4687221644510543
Network 8 - Consciousness: 50000 voxels done Correlation: 0.4674149976124175
