Running job on: cox
Iteration: 866
Starting spatial evaluation...
/home/fhopp/.conda/envs/mjs/lib/python3.8/site-packages/nilearn/maskers/nifti_masker.py:110: UserWarning: imgs are being resampled to the mask_img resolution. This process is memory intensive. You might want to provide a target_affine that is equal to the affine of the imgs or resample the mask beforehand to save memory and computation time.
  warnings.warn(
/home/fhopp/.conda/envs/mjs/lib/python3.8/site-packages/nilearn/masking.py:980: UserWarning: Data array used to create a new image contains 64-bit ints. This is likely due to creating the array with numpy and passing `int` as the `dtype`. Many tools such as FSL and SPM cannot deal with int64 in Nifti images, so for compatibility the data has been converted to int32.
  return new_img_like(mask_img, unmasked, affine)
Network 0 - Visual: 50 voxels done Correlation: 0.5940087949157464
Network 0 - Visual: 150 voxels done Correlation: 0.5996860199239111
Network 0 - Visual: 250 voxels done Correlation: 0.5574900593661636
Network 0 - Visual: 500 voxels done Correlation: 0.6134696157895537
Network 0 - Visual: 750 voxels done Correlation: 0.6102458075841388
Network 0 - Visual: 1000 voxels done Correlation: 0.6137216240228178
Network 0 - Visual: 1500 voxels done Correlation: 0.5658883035165708
Network 0 - Visual: 3000 voxels done Correlation: 0.6344195884166381
Network 0 - Visual: 5000 voxels done Correlation: 0.6152469815892403
Network 0 - Visual: 6500 voxels done Correlation: 0.6374871504561799
Network 0 - Visual: 10000 voxels done Correlation: 0.6333773308390442
Network 0 - Visual: 15000 voxels done Correlation: 0.6277153835263038
/home/fhopp/.conda/envs/mjs/lib/python3.8/site-packages/nilearn/masking.py:980: UserWarning: Data array used to create a new image contains 64-bit ints. This is likely due to creating the array with numpy and passing `int` as the `dtype`. Many tools such as FSL and SPM cannot deal with int64 in Nifti images, so for compatibility the data has been converted to int32.
  return new_img_like(mask_img, unmasked, affine)
Network 1 - Somatomotor: 50 voxels done Correlation: 0.10968474619484742
Network 1 - Somatomotor: 150 voxels done Correlation: 0.28322284386421925
Network 1 - Somatomotor: 250 voxels done Correlation: 0.24128981961281784
Network 1 - Somatomotor: 500 voxels done Correlation: 0.3228186762204997
Network 1 - Somatomotor: 750 voxels done Correlation: 0.36817019586518585
Network 1 - Somatomotor: 1000 voxels done Correlation: 0.3685371937726269
Network 1 - Somatomotor: 1500 voxels done Correlation: 0.33531971717793707
Network 1 - Somatomotor: 3000 voxels done Correlation: 0.3315920680092477
Network 1 - Somatomotor: 5000 voxels done Correlation: 0.3209433827430886
Network 1 - Somatomotor: 6500 voxels done Correlation: 0.3450216038164362
Network 1 - Somatomotor: 10000 voxels done Correlation: 0.3419180244539754
Network 1 - Somatomotor: 15000 voxels done Correlation: 0.3441545898361965
/home/fhopp/.conda/envs/mjs/lib/python3.8/site-packages/nilearn/masking.py:980: UserWarning: Data array used to create a new image contains 64-bit ints. This is likely due to creating the array with numpy and passing `int` as the `dtype`. Many tools such as FSL and SPM cannot deal with int64 in Nifti images, so for compatibility the data has been converted to int32.
  return new_img_like(mask_img, unmasked, affine)
Network 2 - dAttention: 50 voxels done Correlation: 0.18539142475757214
Network 2 - dAttention: 150 voxels done Correlation: 0.295597973002496
Network 2 - dAttention: 250 voxels done Correlation: 0.236023483520213
Network 2 - dAttention: 500 voxels done Correlation: 0.35553314992832513
Network 2 - dAttention: 750 voxels done Correlation: 0.363333977759592
Network 2 - dAttention: 1000 voxels done Correlation: 0.33727460607307824
Network 2 - dAttention: 1500 voxels done Correlation: 0.3139231991837994
Network 2 - dAttention: 3000 voxels done Correlation: 0.2916136121724741
Network 2 - dAttention: 5000 voxels done Correlation: 0.34168966484278007
Network 2 - dAttention: 6500 voxels done Correlation: 0.3538835814817193
Network 2 - dAttention: 10000 voxels done Correlation: 0.3199366552935212
Network 2 - dAttention: 15000 voxels done Correlation: 0.337152232725066
/home/fhopp/.conda/envs/mjs/lib/python3.8/site-packages/nilearn/masking.py:980: UserWarning: Data array used to create a new image contains 64-bit ints. This is likely due to creating the array with numpy and passing `int` as the `dtype`. Many tools such as FSL and SPM cannot deal with int64 in Nifti images, so for compatibility the data has been converted to int32.
  return new_img_like(mask_img, unmasked, affine)
Network 3 - vAttention: 50 voxels done Correlation: 0.17239268791756768
Network 3 - vAttention: 150 voxels done Correlation: 0.27944074226067084
Network 3 - vAttention: 250 voxels done Correlation: 0.3337759677569051
Network 3 - vAttention: 500 voxels done Correlation: 0.2738976301616816
Network 3 - vAttention: 750 voxels done Correlation: 0.33867244244906763
Network 3 - vAttention: 1000 voxels done Correlation: 0.35422533783064547
Network 3 - vAttention: 1500 voxels done Correlation: 0.3151666350365402
Network 3 - vAttention: 3000 voxels done Correlation: 0.3793754450629146
Network 3 - vAttention: 5000 voxels done Correlation: 0.37242210470445386
Network 3 - vAttention: 6500 voxels done Correlation: 0.36613478921476267
Network 3 - vAttention: 10000 voxels done Correlation: 0.3716026713086029
Network 3 - vAttention: 15000 voxels done Correlation: 0.38942524253655747
/home/fhopp/.conda/envs/mjs/lib/python3.8/site-packages/nilearn/masking.py:980: UserWarning: Data array used to create a new image contains 64-bit ints. This is likely due to creating the array with numpy and passing `int` as the `dtype`. Many tools such as FSL and SPM cannot deal with int64 in Nifti images, so for compatibility the data has been converted to int32.
  return new_img_like(mask_img, unmasked, affine)
Network 4 - Limbic: 50 voxels done Correlation: 0.18296190695531625
Network 4 - Limbic: 150 voxels done Correlation: 0.2805659136861774
Network 4 - Limbic: 250 voxels done Correlation: 0.24470258616148943
Network 4 - Limbic: 500 voxels done Correlation: 0.26966861949522924
Network 4 - Limbic: 750 voxels done Correlation: 0.23171882343792544
Network 4 - Limbic: 1000 voxels done Correlation: 0.24661453472988876
Network 4 - Limbic: 1500 voxels done Correlation: 0.24262050697581788
Network 4 - Limbic: 3000 voxels done Correlation: 0.2901248841756921
Network 4 - Limbic: 5000 voxels done Correlation: 0.28350318480167297
Network 4 - Limbic: 6500 voxels done Correlation: 0.2930511969067833
Network 4 - Limbic: 10000 voxels done Correlation: 0.2919045140045177
/home/fhopp/.conda/envs/mjs/lib/python3.8/site-packages/nilearn/masking.py:980: UserWarning: Data array used to create a new image contains 64-bit ints. This is likely due to creating the array with numpy and passing `int` as the `dtype`. Many tools such as FSL and SPM cannot deal with int64 in Nifti images, so for compatibility the data has been converted to int32.
  return new_img_like(mask_img, unmasked, affine)
Network 5 - Frontoparietal: 50 voxels done Correlation: 0.18292948513055385
Network 5 - Frontoparietal: 150 voxels done Correlation: 0.20792286045774477
Network 5 - Frontoparietal: 250 voxels done Correlation: 0.20458094602850477
Network 5 - Frontoparietal: 500 voxels done Correlation: 0.29590352935952446
Network 5 - Frontoparietal: 750 voxels done Correlation: 0.23601744698493599
Network 5 - Frontoparietal: 1000 voxels done Correlation: 0.22141696538957295
Network 5 - Frontoparietal: 1500 voxels done Correlation: 0.23778499543642212
Network 5 - Frontoparietal: 3000 voxels done Correlation: 0.2231763791469468
Network 5 - Frontoparietal: 5000 voxels done Correlation: 0.24155300192708323
Network 5 - Frontoparietal: 6500 voxels done Correlation: 0.23834271650638372
Network 5 - Frontoparietal: 10000 voxels done Correlation: 0.2339334294976292
Network 5 - Frontoparietal: 15000 voxels done Correlation: 0.2387750148365788
/home/fhopp/.conda/envs/mjs/lib/python3.8/site-packages/nilearn/masking.py:980: UserWarning: Data array used to create a new image contains 64-bit ints. This is likely due to creating the array with numpy and passing `int` as the `dtype`. Many tools such as FSL and SPM cannot deal with int64 in Nifti images, so for compatibility the data has been converted to int32.
  return new_img_like(mask_img, unmasked, affine)
Network 6 - Default Mode: 50 voxels done Correlation: 0.2906065562824567
Network 6 - Default Mode: 150 voxels done Correlation: 0.3065806058233596
Network 6 - Default Mode: 250 voxels done Correlation: 0.4109751172249596
Network 6 - Default Mode: 500 voxels done Correlation: 0.3626087201202147
Network 6 - Default Mode: 750 voxels done Correlation: 0.40081905403167534
Network 6 - Default Mode: 1000 voxels done Correlation: 0.35576376129935083
Network 6 - Default Mode: 1500 voxels done Correlation: 0.3794017546967027
Network 6 - Default Mode: 3000 voxels done Correlation: 0.4005425726518088
Network 6 - Default Mode: 5000 voxels done Correlation: 0.4061386539929471
Network 6 - Default Mode: 6500 voxels done Correlation: 0.4212183543037211
Network 6 - Default Mode: 10000 voxels done Correlation: 0.3985616703071453
Network 6 - Default Mode: 15000 voxels done Correlation: 0.41002057720865454
Network 6 - Default Mode: 25000 voxels done Correlation: 0.41013125379405013
/home/fhopp/.conda/envs/mjs/lib/python3.8/site-packages/nilearn/masking.py:980: UserWarning: Data array used to create a new image contains 64-bit ints. This is likely due to creating the array with numpy and passing `int` as the `dtype`. Many tools such as FSL and SPM cannot deal with int64 in Nifti images, so for compatibility the data has been converted to int32.
  return new_img_like(mask_img, unmasked, affine)
Network 7 - Subcortical: 50 voxels done Correlation: 0.1997674303705319
Network 7 - Subcortical: 150 voxels done Correlation: 0.17785559065708118
Network 7 - Subcortical: 250 voxels done Correlation: 0.17814115178350037
Network 7 - Subcortical: 500 voxels done Correlation: 0.19124703518782143
Network 7 - Subcortical: 750 voxels done Correlation: 0.20600049998332307
Network 7 - Subcortical: 1000 voxels done Correlation: 0.25857988447447555
Network 7 - Subcortical: 1500 voxels done Correlation: 0.22605054449179857
Network 7 - Subcortical: 3000 voxels done Correlation: 0.17982976204797674
Network 7 - Subcortical: 5000 voxels done Correlation: 0.16499581485018705
Network 7 - Subcortical: 6500 voxels done Correlation: 0.15928669677628537
Network 7 - Subcortical: 10000 voxels done Correlation: 0.1668103777816941
Network 8 - Consciousness: 50 voxels done Correlation: 0.20598129623080713
Network 8 - Consciousness: 150 voxels done Correlation: 0.36816935163778824
Network 8 - Consciousness: 250 voxels done Correlation: 0.3858973904082713
Network 8 - Consciousness: 500 voxels done Correlation: 0.48842873657238794
Network 8 - Consciousness: 750 voxels done Correlation: 0.32164891064475043
Network 8 - Consciousness: 1000 voxels done Correlation: 0.367565556073299
Network 8 - Consciousness: 1500 voxels done Correlation: 0.4551509403136046
Network 8 - Consciousness: 3000 voxels done Correlation: 0.4176525286494521
Network 8 - Consciousness: 5000 voxels done Correlation: 0.47647161379160363
Network 8 - Consciousness: 6500 voxels done Correlation: 0.47249877368104576
Network 8 - Consciousness: 10000 voxels done Correlation: 0.4694742879037318
Network 8 - Consciousness: 15000 voxels done Correlation: 0.4502714979988386
Network 8 - Consciousness: 25000 voxels done Correlation: 0.4624062486368356
Network 8 - Consciousness: 50000 voxels done Correlation: 0.4653891098536735
