Running job on: wood
Iteration: 636
Starting spatial evaluation...
/home/fhopp/.conda/envs/mjs/lib/python3.8/site-packages/nilearn/maskers/nifti_masker.py:110: UserWarning: imgs are being resampled to the mask_img resolution. This process is memory intensive. You might want to provide a target_affine that is equal to the affine of the imgs or resample the mask beforehand to save memory and computation time.
  warnings.warn(
/home/fhopp/.conda/envs/mjs/lib/python3.8/site-packages/nilearn/masking.py:980: UserWarning: Data array used to create a new image contains 64-bit ints. This is likely due to creating the array with numpy and passing `int` as the `dtype`. Many tools such as FSL and SPM cannot deal with int64 in Nifti images, so for compatibility the data has been converted to int32.
  return new_img_like(mask_img, unmasked, affine)
Network 0 - Visual: 50 voxels done Correlation: 0.6178055257750947
Network 0 - Visual: 150 voxels done Correlation: 0.6566738396921599
Network 0 - Visual: 250 voxels done Correlation: 0.5888066008629538
Network 0 - Visual: 500 voxels done Correlation: 0.5744646176550441
Network 0 - Visual: 750 voxels done Correlation: 0.5742368756347145
Network 0 - Visual: 1000 voxels done Correlation: 0.6209278828360698
Network 0 - Visual: 1500 voxels done Correlation: 0.6295474966588157
Network 0 - Visual: 3000 voxels done Correlation: 0.6065671524142484
Network 0 - Visual: 5000 voxels done Correlation: 0.6428679896961711
Network 0 - Visual: 6500 voxels done Correlation: 0.618479533080888
Network 0 - Visual: 10000 voxels done Correlation: 0.6345252010124827
Network 0 - Visual: 15000 voxels done Correlation: 0.6297352797112123
/home/fhopp/.conda/envs/mjs/lib/python3.8/site-packages/nilearn/masking.py:980: UserWarning: Data array used to create a new image contains 64-bit ints. This is likely due to creating the array with numpy and passing `int` as the `dtype`. Many tools such as FSL and SPM cannot deal with int64 in Nifti images, so for compatibility the data has been converted to int32.
  return new_img_like(mask_img, unmasked, affine)
Network 1 - Somatomotor: 50 voxels done Correlation: 0.1630512661369845
Network 1 - Somatomotor: 150 voxels done Correlation: 0.2736511871789165
Network 1 - Somatomotor: 250 voxels done Correlation: 0.34458956535105845
Network 1 - Somatomotor: 500 voxels done Correlation: 0.34040397766108704
Network 1 - Somatomotor: 750 voxels done Correlation: 0.3162346894807073
Network 1 - Somatomotor: 1000 voxels done Correlation: 0.37807584943946765
Network 1 - Somatomotor: 1500 voxels done Correlation: 0.3167582853840649
Network 1 - Somatomotor: 3000 voxels done Correlation: 0.35001804904880585
Network 1 - Somatomotor: 5000 voxels done Correlation: 0.3286205629996529
Network 1 - Somatomotor: 6500 voxels done Correlation: 0.34699997921302816
Network 1 - Somatomotor: 10000 voxels done Correlation: 0.34542577921041817
Network 1 - Somatomotor: 15000 voxels done Correlation: 0.3427382167408139
/home/fhopp/.conda/envs/mjs/lib/python3.8/site-packages/nilearn/masking.py:980: UserWarning: Data array used to create a new image contains 64-bit ints. This is likely due to creating the array with numpy and passing `int` as the `dtype`. Many tools such as FSL and SPM cannot deal with int64 in Nifti images, so for compatibility the data has been converted to int32.
  return new_img_like(mask_img, unmasked, affine)
Network 2 - dAttention: 50 voxels done Correlation: 0.14732926331226104
Network 2 - dAttention: 150 voxels done Correlation: 0.2566860359998114
Network 2 - dAttention: 250 voxels done Correlation: 0.3574780256638706
Network 2 - dAttention: 500 voxels done Correlation: 0.2984948959299153
Network 2 - dAttention: 750 voxels done Correlation: 0.2538395221584754
Network 2 - dAttention: 1000 voxels done Correlation: 0.30692597595486204
Network 2 - dAttention: 1500 voxels done Correlation: 0.3457366678519471
Network 2 - dAttention: 3000 voxels done Correlation: 0.31716345549707575
Network 2 - dAttention: 5000 voxels done Correlation: 0.33240361121966683
Network 2 - dAttention: 6500 voxels done Correlation: 0.3173299237621493
Network 2 - dAttention: 10000 voxels done Correlation: 0.3360737503967331
Network 2 - dAttention: 15000 voxels done Correlation: 0.33343434251467446
/home/fhopp/.conda/envs/mjs/lib/python3.8/site-packages/nilearn/masking.py:980: UserWarning: Data array used to create a new image contains 64-bit ints. This is likely due to creating the array with numpy and passing `int` as the `dtype`. Many tools such as FSL and SPM cannot deal with int64 in Nifti images, so for compatibility the data has been converted to int32.
  return new_img_like(mask_img, unmasked, affine)
Network 3 - vAttention: 50 voxels done Correlation: 0.1791063944948158
Network 3 - vAttention: 150 voxels done Correlation: 0.2702961480232339
Network 3 - vAttention: 250 voxels done Correlation: 0.290924422062715
Network 3 - vAttention: 500 voxels done Correlation: 0.3356727187567162
Network 3 - vAttention: 750 voxels done Correlation: 0.34486928402361694
Network 3 - vAttention: 1000 voxels done Correlation: 0.36441920509676906
Network 3 - vAttention: 1500 voxels done Correlation: 0.3944161705196311
Network 3 - vAttention: 3000 voxels done Correlation: 0.3669088272375005
Network 3 - vAttention: 5000 voxels done Correlation: 0.3815028056362597
Network 3 - vAttention: 6500 voxels done Correlation: 0.38194359923826926
Network 3 - vAttention: 10000 voxels done Correlation: 0.3888018473306438
Network 3 - vAttention: 15000 voxels done Correlation: 0.38804385530459634
/home/fhopp/.conda/envs/mjs/lib/python3.8/site-packages/nilearn/masking.py:980: UserWarning: Data array used to create a new image contains 64-bit ints. This is likely due to creating the array with numpy and passing `int` as the `dtype`. Many tools such as FSL and SPM cannot deal with int64 in Nifti images, so for compatibility the data has been converted to int32.
  return new_img_like(mask_img, unmasked, affine)
Network 4 - Limbic: 50 voxels done Correlation: 0.15101445452368747
Network 4 - Limbic: 150 voxels done Correlation: 0.2311295780244214
Network 4 - Limbic: 250 voxels done Correlation: 0.2869428303249928
Network 4 - Limbic: 500 voxels done Correlation: 0.2657863895266346
Network 4 - Limbic: 750 voxels done Correlation: 0.21214463077817258
Network 4 - Limbic: 1000 voxels done Correlation: 0.24439385018148388
Network 4 - Limbic: 1500 voxels done Correlation: 0.24305799010507526
Network 4 - Limbic: 3000 voxels done Correlation: 0.28960198986251967
Network 4 - Limbic: 5000 voxels done Correlation: 0.2916390493610426
Network 4 - Limbic: 6500 voxels done Correlation: 0.2832996096055822
Network 4 - Limbic: 10000 voxels done Correlation: 0.2860543672449804
/home/fhopp/.conda/envs/mjs/lib/python3.8/site-packages/nilearn/masking.py:980: UserWarning: Data array used to create a new image contains 64-bit ints. This is likely due to creating the array with numpy and passing `int` as the `dtype`. Many tools such as FSL and SPM cannot deal with int64 in Nifti images, so for compatibility the data has been converted to int32.
  return new_img_like(mask_img, unmasked, affine)
Network 5 - Frontoparietal: 50 voxels done Correlation: 0.12808236985454047
Network 5 - Frontoparietal: 150 voxels done Correlation: 0.17332462243821617
Network 5 - Frontoparietal: 250 voxels done Correlation: 0.19356065274769976
Network 5 - Frontoparietal: 500 voxels done Correlation: 0.19945771441434462
Network 5 - Frontoparietal: 750 voxels done Correlation: 0.2143931284625005
Network 5 - Frontoparietal: 1000 voxels done Correlation: 0.21021074830428052
Network 5 - Frontoparietal: 1500 voxels done Correlation: 0.18822831201347034
Network 5 - Frontoparietal: 3000 voxels done Correlation: 0.25099771977177593
Network 5 - Frontoparietal: 5000 voxels done Correlation: 0.2361857911802938
Network 5 - Frontoparietal: 6500 voxels done Correlation: 0.23379045788215413
Network 5 - Frontoparietal: 10000 voxels done Correlation: 0.2294638113593021
Network 5 - Frontoparietal: 15000 voxels done Correlation: 0.23332650218566242
/home/fhopp/.conda/envs/mjs/lib/python3.8/site-packages/nilearn/masking.py:980: UserWarning: Data array used to create a new image contains 64-bit ints. This is likely due to creating the array with numpy and passing `int` as the `dtype`. Many tools such as FSL and SPM cannot deal with int64 in Nifti images, so for compatibility the data has been converted to int32.
  return new_img_like(mask_img, unmasked, affine)
Network 6 - Default Mode: 50 voxels done Correlation: 0.3823524121769004
Network 6 - Default Mode: 150 voxels done Correlation: 0.31950206487886157
Network 6 - Default Mode: 250 voxels done Correlation: 0.34878060598260574
Network 6 - Default Mode: 500 voxels done Correlation: 0.4149424284562516
Network 6 - Default Mode: 750 voxels done Correlation: 0.3475974321204309
Network 6 - Default Mode: 1000 voxels done Correlation: 0.366379586028462
Network 6 - Default Mode: 1500 voxels done Correlation: 0.4202403644181556
Network 6 - Default Mode: 3000 voxels done Correlation: 0.3764388304279984
Network 6 - Default Mode: 5000 voxels done Correlation: 0.41506277870731234
Network 6 - Default Mode: 6500 voxels done Correlation: 0.3937641596691958
Network 6 - Default Mode: 10000 voxels done Correlation: 0.41152885968068564
Network 6 - Default Mode: 15000 voxels done Correlation: 0.4115609350393321
Network 6 - Default Mode: 25000 voxels done Correlation: 0.4090602702352453
/home/fhopp/.conda/envs/mjs/lib/python3.8/site-packages/nilearn/masking.py:980: UserWarning: Data array used to create a new image contains 64-bit ints. This is likely due to creating the array with numpy and passing `int` as the `dtype`. Many tools such as FSL and SPM cannot deal with int64 in Nifti images, so for compatibility the data has been converted to int32.
  return new_img_like(mask_img, unmasked, affine)
Network 7 - Subcortical: 50 voxels done Correlation: 0.12621364435774032
Network 7 - Subcortical: 150 voxels done Correlation: 0.17033726466928792
Network 7 - Subcortical: 250 voxels done Correlation: 0.18630133557909778
Network 7 - Subcortical: 500 voxels done Correlation: 0.26865734865524343
Network 7 - Subcortical: 750 voxels done Correlation: 0.2283787930597181
Network 7 - Subcortical: 1000 voxels done Correlation: 0.23386356391681087
Network 7 - Subcortical: 1500 voxels done Correlation: 0.19249899432686401
Network 7 - Subcortical: 3000 voxels done Correlation: 0.15314845797957483
Network 7 - Subcortical: 5000 voxels done Correlation: 0.16778413117466295
Network 7 - Subcortical: 6500 voxels done Correlation: 0.1613568414017402
Network 7 - Subcortical: 10000 voxels done Correlation: 0.16753381663820077
Network 8 - Consciousness: 50 voxels done Correlation: 0.3270448190359849
Network 8 - Consciousness: 150 voxels done Correlation: 0.32977498942912403
Network 8 - Consciousness: 250 voxels done Correlation: 0.3169277070207341
Network 8 - Consciousness: 500 voxels done Correlation: 0.42487326624961513
Network 8 - Consciousness: 750 voxels done Correlation: 0.42695169422407064
Network 8 - Consciousness: 1000 voxels done Correlation: 0.3950935684328917
Network 8 - Consciousness: 1500 voxels done Correlation: 0.4152734738513622
Network 8 - Consciousness: 3000 voxels done Correlation: 0.4244090034190021
Network 8 - Consciousness: 5000 voxels done Correlation: 0.47194255592601253
Network 8 - Consciousness: 6500 voxels done Correlation: 0.4446985430645145
Network 8 - Consciousness: 10000 voxels done Correlation: 0.4362294791703099
Network 8 - Consciousness: 15000 voxels done Correlation: 0.44158659431440195
Network 8 - Consciousness: 25000 voxels done Correlation: 0.4699665257408173
Network 8 - Consciousness: 50000 voxels done Correlation: 0.4676052658299333
