Running job on: ada
Iteration: 774
Starting spatial evaluation...
/home/fhopp/.conda/envs/mjs/lib/python3.8/site-packages/nilearn/maskers/nifti_masker.py:110: UserWarning: imgs are being resampled to the mask_img resolution. This process is memory intensive. You might want to provide a target_affine that is equal to the affine of the imgs or resample the mask beforehand to save memory and computation time.
  warnings.warn(
/home/fhopp/.conda/envs/mjs/lib/python3.8/site-packages/nilearn/masking.py:980: UserWarning: Data array used to create a new image contains 64-bit ints. This is likely due to creating the array with numpy and passing `int` as the `dtype`. Many tools such as FSL and SPM cannot deal with int64 in Nifti images, so for compatibility the data has been converted to int32.
  return new_img_like(mask_img, unmasked, affine)
Network 0 - Visual: 50 voxels done Correlation: 0.524582070443166
Network 0 - Visual: 150 voxels done Correlation: 0.6204278161584513
Network 0 - Visual: 250 voxels done Correlation: 0.5668550396352047
Network 0 - Visual: 500 voxels done Correlation: 0.6282613761973503
Network 0 - Visual: 750 voxels done Correlation: 0.6015325649641623
Network 0 - Visual: 1000 voxels done Correlation: 0.6316117712441156
Network 0 - Visual: 1500 voxels done Correlation: 0.6221373997248428
Network 0 - Visual: 3000 voxels done Correlation: 0.6125062269755752
Network 0 - Visual: 5000 voxels done Correlation: 0.6094243402366442
Network 0 - Visual: 6500 voxels done Correlation: 0.6220483514859882
Network 0 - Visual: 10000 voxels done Correlation: 0.6280823082386848
Network 0 - Visual: 15000 voxels done Correlation: 0.6263582432219663
/home/fhopp/.conda/envs/mjs/lib/python3.8/site-packages/nilearn/masking.py:980: UserWarning: Data array used to create a new image contains 64-bit ints. This is likely due to creating the array with numpy and passing `int` as the `dtype`. Many tools such as FSL and SPM cannot deal with int64 in Nifti images, so for compatibility the data has been converted to int32.
  return new_img_like(mask_img, unmasked, affine)
Network 1 - Somatomotor: 50 voxels done Correlation: 0.13837963336278458
Network 1 - Somatomotor: 150 voxels done Correlation: 0.4405518324600174
Network 1 - Somatomotor: 250 voxels done Correlation: 0.2594360449530203
Network 1 - Somatomotor: 500 voxels done Correlation: 0.3183407609949976
Network 1 - Somatomotor: 750 voxels done Correlation: 0.3124326774934144
Network 1 - Somatomotor: 1000 voxels done Correlation: 0.3094721933109607
Network 1 - Somatomotor: 1500 voxels done Correlation: 0.3132978953157928
Network 1 - Somatomotor: 3000 voxels done Correlation: 0.34114469345105913
Network 1 - Somatomotor: 5000 voxels done Correlation: 0.3381099997933308
Network 1 - Somatomotor: 6500 voxels done Correlation: 0.3586911092265452
Network 1 - Somatomotor: 10000 voxels done Correlation: 0.34051475516990254
Network 1 - Somatomotor: 15000 voxels done Correlation: 0.3441537873812967
/home/fhopp/.conda/envs/mjs/lib/python3.8/site-packages/nilearn/masking.py:980: UserWarning: Data array used to create a new image contains 64-bit ints. This is likely due to creating the array with numpy and passing `int` as the `dtype`. Many tools such as FSL and SPM cannot deal with int64 in Nifti images, so for compatibility the data has been converted to int32.
  return new_img_like(mask_img, unmasked, affine)
Network 2 - dAttention: 50 voxels done Correlation: 0.24904244312786186
Network 2 - dAttention: 150 voxels done Correlation: 0.2666512505918172
Network 2 - dAttention: 250 voxels done Correlation: 0.37220380035154554
Network 2 - dAttention: 500 voxels done Correlation: 0.34096165480153584
Network 2 - dAttention: 750 voxels done Correlation: 0.3682705581308534
Network 2 - dAttention: 1000 voxels done Correlation: 0.3762091650830444
Network 2 - dAttention: 1500 voxels done Correlation: 0.3311681350598544
Network 2 - dAttention: 3000 voxels done Correlation: 0.35334527623327283
Network 2 - dAttention: 5000 voxels done Correlation: 0.3311727178005866
Network 2 - dAttention: 6500 voxels done Correlation: 0.3411012217803575
Network 2 - dAttention: 10000 voxels done Correlation: 0.3328357511969483
Network 2 - dAttention: 15000 voxels done Correlation: 0.33543945598558167
/home/fhopp/.conda/envs/mjs/lib/python3.8/site-packages/nilearn/masking.py:980: UserWarning: Data array used to create a new image contains 64-bit ints. This is likely due to creating the array with numpy and passing `int` as the `dtype`. Many tools such as FSL and SPM cannot deal with int64 in Nifti images, so for compatibility the data has been converted to int32.
  return new_img_like(mask_img, unmasked, affine)
Network 3 - vAttention: 50 voxels done Correlation: 0.2375303825717517
Network 3 - vAttention: 150 voxels done Correlation: 0.3068536371022564
Network 3 - vAttention: 250 voxels done Correlation: 0.1983393503052443
Network 3 - vAttention: 500 voxels done Correlation: 0.32624330996392814
Network 3 - vAttention: 750 voxels done Correlation: 0.29601327953027423
Network 3 - vAttention: 1000 voxels done Correlation: 0.344653647826191
Network 3 - vAttention: 1500 voxels done Correlation: 0.3261923823134082
Network 3 - vAttention: 3000 voxels done Correlation: 0.3861885477027731
Network 3 - vAttention: 5000 voxels done Correlation: 0.37097402850029837
Network 3 - vAttention: 6500 voxels done Correlation: 0.379207873654764
Network 3 - vAttention: 10000 voxels done Correlation: 0.37899471695409337
Network 3 - vAttention: 15000 voxels done Correlation: 0.39056390364770294
/home/fhopp/.conda/envs/mjs/lib/python3.8/site-packages/nilearn/masking.py:980: UserWarning: Data array used to create a new image contains 64-bit ints. This is likely due to creating the array with numpy and passing `int` as the `dtype`. Many tools such as FSL and SPM cannot deal with int64 in Nifti images, so for compatibility the data has been converted to int32.
  return new_img_like(mask_img, unmasked, affine)
Network 4 - Limbic: 50 voxels done Correlation: 0.1473840615641471
Network 4 - Limbic: 150 voxels done Correlation: 0.2163892239606694
Network 4 - Limbic: 250 voxels done Correlation: 0.23606856040411972
Network 4 - Limbic: 500 voxels done Correlation: 0.26957285905907996
Network 4 - Limbic: 750 voxels done Correlation: 0.2823051600339582
Network 4 - Limbic: 1000 voxels done Correlation: 0.24957205032991164
Network 4 - Limbic: 1500 voxels done Correlation: 0.3178110388020283
Network 4 - Limbic: 3000 voxels done Correlation: 0.23992867565394888
Network 4 - Limbic: 5000 voxels done Correlation: 0.28716770026139343
Network 4 - Limbic: 6500 voxels done Correlation: 0.2963679953979762
Network 4 - Limbic: 10000 voxels done Correlation: 0.28145823992311103
/home/fhopp/.conda/envs/mjs/lib/python3.8/site-packages/nilearn/masking.py:980: UserWarning: Data array used to create a new image contains 64-bit ints. This is likely due to creating the array with numpy and passing `int` as the `dtype`. Many tools such as FSL and SPM cannot deal with int64 in Nifti images, so for compatibility the data has been converted to int32.
  return new_img_like(mask_img, unmasked, affine)
Network 5 - Frontoparietal: 50 voxels done Correlation: 0.13511300091351322
Network 5 - Frontoparietal: 150 voxels done Correlation: 0.19685797085870035
Network 5 - Frontoparietal: 250 voxels done Correlation: 0.2824624674097947
Network 5 - Frontoparietal: 500 voxels done Correlation: 0.23881665836300212
Network 5 - Frontoparietal: 750 voxels done Correlation: 0.23894131728246976
Network 5 - Frontoparietal: 1000 voxels done Correlation: 0.23952469423274067
Network 5 - Frontoparietal: 1500 voxels done Correlation: 0.2287896352247955
Network 5 - Frontoparietal: 3000 voxels done Correlation: 0.22191288836850542
Network 5 - Frontoparietal: 5000 voxels done Correlation: 0.2429900112819532
Network 5 - Frontoparietal: 6500 voxels done Correlation: 0.2364565388846205
Network 5 - Frontoparietal: 10000 voxels done Correlation: 0.2365027042712516
Network 5 - Frontoparietal: 15000 voxels done Correlation: 0.23989317375490196
/home/fhopp/.conda/envs/mjs/lib/python3.8/site-packages/nilearn/masking.py:980: UserWarning: Data array used to create a new image contains 64-bit ints. This is likely due to creating the array with numpy and passing `int` as the `dtype`. Many tools such as FSL and SPM cannot deal with int64 in Nifti images, so for compatibility the data has been converted to int32.
  return new_img_like(mask_img, unmasked, affine)
Network 6 - Default Mode: 50 voxels done Correlation: 0.21415774775394683
Network 6 - Default Mode: 150 voxels done Correlation: 0.35969369755521285
Network 6 - Default Mode: 250 voxels done Correlation: 0.36464912735957417
Network 6 - Default Mode: 500 voxels done Correlation: 0.33202504935114785
Network 6 - Default Mode: 750 voxels done Correlation: 0.3520942279670901
Network 6 - Default Mode: 1000 voxels done Correlation: 0.3969394503203053
Network 6 - Default Mode: 1500 voxels done Correlation: 0.3956805507844721
Network 6 - Default Mode: 3000 voxels done Correlation: 0.36685467070240285
Network 6 - Default Mode: 5000 voxels done Correlation: 0.406055000529499
Network 6 - Default Mode: 6500 voxels done Correlation: 0.42192334324189795
Network 6 - Default Mode: 10000 voxels done Correlation: 0.4189892821334518
Network 6 - Default Mode: 15000 voxels done Correlation: 0.40614139040592456
Network 6 - Default Mode: 25000 voxels done Correlation: 0.41256556185002974
/home/fhopp/.conda/envs/mjs/lib/python3.8/site-packages/nilearn/masking.py:980: UserWarning: Data array used to create a new image contains 64-bit ints. This is likely due to creating the array with numpy and passing `int` as the `dtype`. Many tools such as FSL and SPM cannot deal with int64 in Nifti images, so for compatibility the data has been converted to int32.
  return new_img_like(mask_img, unmasked, affine)
Network 7 - Subcortical: 50 voxels done Correlation: 0.19002651937889806
Network 7 - Subcortical: 150 voxels done Correlation: 0.17753441078006865
Network 7 - Subcortical: 250 voxels done Correlation: 0.20072859119354688
Network 7 - Subcortical: 500 voxels done Correlation: 0.20876517996957406
Network 7 - Subcortical: 750 voxels done Correlation: 0.16653337842300356
Network 7 - Subcortical: 1000 voxels done Correlation: 0.24937033459342872
Network 7 - Subcortical: 1500 voxels done Correlation: 0.17164259126901799
Network 7 - Subcortical: 3000 voxels done Correlation: 0.18854982276866522
Network 7 - Subcortical: 5000 voxels done Correlation: 0.16325016632195916
Network 7 - Subcortical: 6500 voxels done Correlation: 0.17599312703660708
Network 7 - Subcortical: 10000 voxels done Correlation: 0.1641810524153594
Network 8 - Consciousness: 50 voxels done Correlation: 0.228416043999958
Network 8 - Consciousness: 150 voxels done Correlation: 0.37460035665501856
Network 8 - Consciousness: 250 voxels done Correlation: 0.4882253218006138
Network 8 - Consciousness: 500 voxels done Correlation: 0.3591161032879888
Network 8 - Consciousness: 750 voxels done Correlation: 0.3794478133933895
Network 8 - Consciousness: 1000 voxels done Correlation: 0.3547143700128806
Network 8 - Consciousness: 1500 voxels done Correlation: 0.4048497090406203
Network 8 - Consciousness: 3000 voxels done Correlation: 0.42877793929507024
Network 8 - Consciousness: 5000 voxels done Correlation: 0.47293696706815413
Network 8 - Consciousness: 6500 voxels done Correlation: 0.4549501249574984
Network 8 - Consciousness: 10000 voxels done Correlation: 0.44180209056264225
Network 8 - Consciousness: 15000 voxels done Correlation: 0.4722825886946067
Network 8 - Consciousness: 25000 voxels done Correlation: 0.46571156652223145
Network 8 - Consciousness: 50000 voxels done Correlation: 0.46437671880853804
