Running job on: nash
Iteration: 553
Starting spatial evaluation...
/home/fhopp/.conda/envs/mjs/lib/python3.8/site-packages/nilearn/maskers/nifti_masker.py:110: UserWarning: imgs are being resampled to the mask_img resolution. This process is memory intensive. You might want to provide a target_affine that is equal to the affine of the imgs or resample the mask beforehand to save memory and computation time.
  warnings.warn(
/home/fhopp/.conda/envs/mjs/lib/python3.8/site-packages/nilearn/masking.py:980: UserWarning: Data array used to create a new image contains 64-bit ints. This is likely due to creating the array with numpy and passing `int` as the `dtype`. Many tools such as FSL and SPM cannot deal with int64 in Nifti images, so for compatibility the data has been converted to int32.
  return new_img_like(mask_img, unmasked, affine)
Network 0 - Visual: 50 voxels done Correlation: 0.5363179662370936
Network 0 - Visual: 150 voxels done Correlation: 0.6525864638055401
Network 0 - Visual: 250 voxels done Correlation: 0.6163915737005374
Network 0 - Visual: 500 voxels done Correlation: 0.5745918906427887
Network 0 - Visual: 750 voxels done Correlation: 0.6447100161382755
Network 0 - Visual: 1000 voxels done Correlation: 0.6129602201445811
Network 0 - Visual: 1500 voxels done Correlation: 0.6305363891483949
Network 0 - Visual: 3000 voxels done Correlation: 0.6375263305601988
Network 0 - Visual: 5000 voxels done Correlation: 0.6033561621258647
Network 0 - Visual: 6500 voxels done Correlation: 0.6174426597032623
Network 0 - Visual: 10000 voxels done Correlation: 0.6313014470422965
Network 0 - Visual: 15000 voxels done Correlation: 0.6306462164871858
/home/fhopp/.conda/envs/mjs/lib/python3.8/site-packages/nilearn/masking.py:980: UserWarning: Data array used to create a new image contains 64-bit ints. This is likely due to creating the array with numpy and passing `int` as the `dtype`. Many tools such as FSL and SPM cannot deal with int64 in Nifti images, so for compatibility the data has been converted to int32.
  return new_img_like(mask_img, unmasked, affine)
Network 1 - Somatomotor: 50 voxels done Correlation: 0.1915021659889905
Network 1 - Somatomotor: 150 voxels done Correlation: 0.3066514838085236
Network 1 - Somatomotor: 250 voxels done Correlation: 0.35435779978887916
Network 1 - Somatomotor: 500 voxels done Correlation: 0.37582594036655137
Network 1 - Somatomotor: 750 voxels done Correlation: 0.35448104225104426
Network 1 - Somatomotor: 1000 voxels done Correlation: 0.33115813300754665
Network 1 - Somatomotor: 1500 voxels done Correlation: 0.34767672289855756
Network 1 - Somatomotor: 3000 voxels done Correlation: 0.31455660834839494
Network 1 - Somatomotor: 5000 voxels done Correlation: 0.3300653169469173
Network 1 - Somatomotor: 6500 voxels done Correlation: 0.34585231268464833
Network 1 - Somatomotor: 10000 voxels done Correlation: 0.3376170007679785
Network 1 - Somatomotor: 15000 voxels done Correlation: 0.3404284508573548
/home/fhopp/.conda/envs/mjs/lib/python3.8/site-packages/nilearn/masking.py:980: UserWarning: Data array used to create a new image contains 64-bit ints. This is likely due to creating the array with numpy and passing `int` as the `dtype`. Many tools such as FSL and SPM cannot deal with int64 in Nifti images, so for compatibility the data has been converted to int32.
  return new_img_like(mask_img, unmasked, affine)
Network 2 - dAttention: 50 voxels done Correlation: 0.20896316779509316
Network 2 - dAttention: 150 voxels done Correlation: 0.2891597420470967
Network 2 - dAttention: 250 voxels done Correlation: 0.2733517968750615
Network 2 - dAttention: 500 voxels done Correlation: 0.37543153803380974
Network 2 - dAttention: 750 voxels done Correlation: 0.3501842577524904
Network 2 - dAttention: 1000 voxels done Correlation: 0.30296224940139227
Network 2 - dAttention: 1500 voxels done Correlation: 0.28775667424046847
Network 2 - dAttention: 3000 voxels done Correlation: 0.3367847166613598
Network 2 - dAttention: 5000 voxels done Correlation: 0.3247095151090912
Network 2 - dAttention: 6500 voxels done Correlation: 0.3046368179082625
Network 2 - dAttention: 10000 voxels done Correlation: 0.3337663025920543
Network 2 - dAttention: 15000 voxels done Correlation: 0.33560204300181296
/home/fhopp/.conda/envs/mjs/lib/python3.8/site-packages/nilearn/masking.py:980: UserWarning: Data array used to create a new image contains 64-bit ints. This is likely due to creating the array with numpy and passing `int` as the `dtype`. Many tools such as FSL and SPM cannot deal with int64 in Nifti images, so for compatibility the data has been converted to int32.
  return new_img_like(mask_img, unmasked, affine)
Network 3 - vAttention: 50 voxels done Correlation: 0.25831397185549837
Network 3 - vAttention: 150 voxels done Correlation: 0.2458470681278645
Network 3 - vAttention: 250 voxels done Correlation: 0.28972016518534927
Network 3 - vAttention: 500 voxels done Correlation: 0.3204046754819404
Network 3 - vAttention: 750 voxels done Correlation: 0.3192102016471732
Network 3 - vAttention: 1000 voxels done Correlation: 0.33758072977747605
Network 3 - vAttention: 1500 voxels done Correlation: 0.2996485256716212
Network 3 - vAttention: 3000 voxels done Correlation: 0.37799583143230675
Network 3 - vAttention: 5000 voxels done Correlation: 0.37860415900003713
Network 3 - vAttention: 6500 voxels done Correlation: 0.3825656768731489
Network 3 - vAttention: 10000 voxels done Correlation: 0.38535536327072684
Network 3 - vAttention: 15000 voxels done Correlation: 0.3874853424293816
/home/fhopp/.conda/envs/mjs/lib/python3.8/site-packages/nilearn/masking.py:980: UserWarning: Data array used to create a new image contains 64-bit ints. This is likely due to creating the array with numpy and passing `int` as the `dtype`. Many tools such as FSL and SPM cannot deal with int64 in Nifti images, so for compatibility the data has been converted to int32.
  return new_img_like(mask_img, unmasked, affine)
Network 4 - Limbic: 50 voxels done Correlation: 0.183771140253701
Network 4 - Limbic: 150 voxels done Correlation: 0.2958360870011655
Network 4 - Limbic: 250 voxels done Correlation: 0.22713348095810199
Network 4 - Limbic: 500 voxels done Correlation: 0.2755555693175801
Network 4 - Limbic: 750 voxels done Correlation: 0.28241277183517255
Network 4 - Limbic: 1000 voxels done Correlation: 0.2777162313923958
Network 4 - Limbic: 1500 voxels done Correlation: 0.2748630738038565
Network 4 - Limbic: 3000 voxels done Correlation: 0.2763365656474528
Network 4 - Limbic: 5000 voxels done Correlation: 0.2747047413231025
Network 4 - Limbic: 6500 voxels done Correlation: 0.2864383507050265
Network 4 - Limbic: 10000 voxels done Correlation: 0.28970896967427895
/home/fhopp/.conda/envs/mjs/lib/python3.8/site-packages/nilearn/masking.py:980: UserWarning: Data array used to create a new image contains 64-bit ints. This is likely due to creating the array with numpy and passing `int` as the `dtype`. Many tools such as FSL and SPM cannot deal with int64 in Nifti images, so for compatibility the data has been converted to int32.
  return new_img_like(mask_img, unmasked, affine)
Network 5 - Frontoparietal: 50 voxels done Correlation: 0.24449981691174436
Network 5 - Frontoparietal: 150 voxels done Correlation: 0.24314338259389096
Network 5 - Frontoparietal: 250 voxels done Correlation: 0.1790310028570784
Network 5 - Frontoparietal: 500 voxels done Correlation: 0.20974952798596086
Network 5 - Frontoparietal: 750 voxels done Correlation: 0.27934951523301643
Network 5 - Frontoparietal: 1000 voxels done Correlation: 0.24224086568761474
Network 5 - Frontoparietal: 1500 voxels done Correlation: 0.2345518830344585
Network 5 - Frontoparietal: 3000 voxels done Correlation: 0.2579348345675465
Network 5 - Frontoparietal: 5000 voxels done Correlation: 0.2301879266839143
Network 5 - Frontoparietal: 6500 voxels done Correlation: 0.23923485762566743
Network 5 - Frontoparietal: 10000 voxels done Correlation: 0.23267333910816884
Network 5 - Frontoparietal: 15000 voxels done Correlation: 0.23831781849729228
/home/fhopp/.conda/envs/mjs/lib/python3.8/site-packages/nilearn/masking.py:980: UserWarning: Data array used to create a new image contains 64-bit ints. This is likely due to creating the array with numpy and passing `int` as the `dtype`. Many tools such as FSL and SPM cannot deal with int64 in Nifti images, so for compatibility the data has been converted to int32.
  return new_img_like(mask_img, unmasked, affine)
Network 6 - Default Mode: 50 voxels done Correlation: 0.19508791308060114
Network 6 - Default Mode: 150 voxels done Correlation: 0.2529912701165167
Network 6 - Default Mode: 250 voxels done Correlation: 0.27830891269162994
Network 6 - Default Mode: 500 voxels done Correlation: 0.37457568874147124
Network 6 - Default Mode: 750 voxels done Correlation: 0.35519805587134873
Network 6 - Default Mode: 1000 voxels done Correlation: 0.34657777105731336
Network 6 - Default Mode: 1500 voxels done Correlation: 0.42240840301104776
Network 6 - Default Mode: 3000 voxels done Correlation: 0.37421246712411615
Network 6 - Default Mode: 5000 voxels done Correlation: 0.3934870937142961
Network 6 - Default Mode: 6500 voxels done Correlation: 0.3963561876058056
Network 6 - Default Mode: 10000 voxels done Correlation: 0.40618847285445564
Network 6 - Default Mode: 15000 voxels done Correlation: 0.40444095740817465
Network 6 - Default Mode: 25000 voxels done Correlation: 0.4062773100067736
/home/fhopp/.conda/envs/mjs/lib/python3.8/site-packages/nilearn/masking.py:980: UserWarning: Data array used to create a new image contains 64-bit ints. This is likely due to creating the array with numpy and passing `int` as the `dtype`. Many tools such as FSL and SPM cannot deal with int64 in Nifti images, so for compatibility the data has been converted to int32.
  return new_img_like(mask_img, unmasked, affine)
Network 7 - Subcortical: 50 voxels done Correlation: 0.13216006198287858
Network 7 - Subcortical: 150 voxels done Correlation: 0.17657332437996154
Network 7 - Subcortical: 250 voxels done Correlation: 0.24899128347259755
Network 7 - Subcortical: 500 voxels done Correlation: 0.17540892424874857
Network 7 - Subcortical: 750 voxels done Correlation: 0.1753937661701165
Network 7 - Subcortical: 1000 voxels done Correlation: 0.25676332474311153
Network 7 - Subcortical: 1500 voxels done Correlation: 0.21734609366352337
Network 7 - Subcortical: 3000 voxels done Correlation: 0.16001402546995191
Network 7 - Subcortical: 5000 voxels done Correlation: 0.1591305344859727
Network 7 - Subcortical: 6500 voxels done Correlation: 0.17292791361643425
Network 7 - Subcortical: 10000 voxels done Correlation: 0.1634951635073379
Network 8 - Consciousness: 50 voxels done Correlation: 0.1954265700445893
Network 8 - Consciousness: 150 voxels done Correlation: 0.34142601702567077
Network 8 - Consciousness: 250 voxels done Correlation: 0.29498293549609544
Network 8 - Consciousness: 500 voxels done Correlation: 0.3894717846389588
Network 8 - Consciousness: 750 voxels done Correlation: 0.4375777271658734
Network 8 - Consciousness: 1000 voxels done Correlation: 0.38969878724517726
Network 8 - Consciousness: 1500 voxels done Correlation: 0.41475833775803334
Network 8 - Consciousness: 3000 voxels done Correlation: 0.46170178041367393
Network 8 - Consciousness: 5000 voxels done Correlation: 0.44646498717536387
Network 8 - Consciousness: 6500 voxels done Correlation: 0.44874129516017924
Network 8 - Consciousness: 10000 voxels done Correlation: 0.46146130612416053
Network 8 - Consciousness: 15000 voxels done Correlation: 0.4596044184771659
Network 8 - Consciousness: 25000 voxels done Correlation: 0.45331470540132407
Network 8 - Consciousness: 50000 voxels done Correlation: 0.46674225091920885
