Running job on: wood
Iteration: 79
Starting spatial evaluation...
/home/fhopp/.conda/envs/mjs/lib/python3.8/site-packages/nilearn/maskers/nifti_masker.py:110: UserWarning: imgs are being resampled to the mask_img resolution. This process is memory intensive. You might want to provide a target_affine that is equal to the affine of the imgs or resample the mask beforehand to save memory and computation time.
  warnings.warn(
/home/fhopp/.conda/envs/mjs/lib/python3.8/site-packages/nilearn/masking.py:980: UserWarning: Data array used to create a new image contains 64-bit ints. This is likely due to creating the array with numpy and passing `int` as the `dtype`. Many tools such as FSL and SPM cannot deal with int64 in Nifti images, so for compatibility the data has been converted to int32.
  return new_img_like(mask_img, unmasked, affine)
Network 0 - Visual: 50 voxels done Correlation: 0.6340285837655685
Network 0 - Visual: 150 voxels done Correlation: 0.5819182725097979
Network 0 - Visual: 250 voxels done Correlation: 0.5984048966255102
Network 0 - Visual: 500 voxels done Correlation: 0.5759924083149801
Network 0 - Visual: 750 voxels done Correlation: 0.5782904858569514
Network 0 - Visual: 1000 voxels done Correlation: 0.598722114898086
Network 0 - Visual: 1500 voxels done Correlation: 0.6187940776252348
Network 0 - Visual: 3000 voxels done Correlation: 0.6311767587126417
Network 0 - Visual: 5000 voxels done Correlation: 0.6298887056519384
Network 0 - Visual: 6500 voxels done Correlation: 0.6304662464771811
Network 0 - Visual: 10000 voxels done Correlation: 0.6251263702760803
Network 0 - Visual: 15000 voxels done Correlation: 0.6299947393444321
/home/fhopp/.conda/envs/mjs/lib/python3.8/site-packages/nilearn/masking.py:980: UserWarning: Data array used to create a new image contains 64-bit ints. This is likely due to creating the array with numpy and passing `int` as the `dtype`. Many tools such as FSL and SPM cannot deal with int64 in Nifti images, so for compatibility the data has been converted to int32.
  return new_img_like(mask_img, unmasked, affine)
Network 1 - Somatomotor: 50 voxels done Correlation: 0.2780511055030568
Network 1 - Somatomotor: 150 voxels done Correlation: 0.3041776334284725
Network 1 - Somatomotor: 250 voxels done Correlation: 0.2177655318993959
Network 1 - Somatomotor: 500 voxels done Correlation: 0.31852000348407966
Network 1 - Somatomotor: 750 voxels done Correlation: 0.3778549109753724
Network 1 - Somatomotor: 1000 voxels done Correlation: 0.3532929979617198
Network 1 - Somatomotor: 1500 voxels done Correlation: 0.3287125566863724
Network 1 - Somatomotor: 3000 voxels done Correlation: 0.34183209471717696
Network 1 - Somatomotor: 5000 voxels done Correlation: 0.3334536979637176
Network 1 - Somatomotor: 6500 voxels done Correlation: 0.34706663663266313
Network 1 - Somatomotor: 10000 voxels done Correlation: 0.35203109673431443
Network 1 - Somatomotor: 15000 voxels done Correlation: 0.3448603131065895
/home/fhopp/.conda/envs/mjs/lib/python3.8/site-packages/nilearn/masking.py:980: UserWarning: Data array used to create a new image contains 64-bit ints. This is likely due to creating the array with numpy and passing `int` as the `dtype`. Many tools such as FSL and SPM cannot deal with int64 in Nifti images, so for compatibility the data has been converted to int32.
  return new_img_like(mask_img, unmasked, affine)
Network 2 - dAttention: 50 voxels done Correlation: 0.19596268839278286
Network 2 - dAttention: 150 voxels done Correlation: 0.38882471065708796
Network 2 - dAttention: 250 voxels done Correlation: 0.26714562152415633
Network 2 - dAttention: 500 voxels done Correlation: 0.312502806175882
Network 2 - dAttention: 750 voxels done Correlation: 0.3982068795127465
Network 2 - dAttention: 1000 voxels done Correlation: 0.25378528324364275
Network 2 - dAttention: 1500 voxels done Correlation: 0.33456833488868576
Network 2 - dAttention: 3000 voxels done Correlation: 0.3347529457383744
Network 2 - dAttention: 5000 voxels done Correlation: 0.34941816306955054
Network 2 - dAttention: 6500 voxels done Correlation: 0.34131266174839725
Network 2 - dAttention: 10000 voxels done Correlation: 0.33438717587105715
Network 2 - dAttention: 15000 voxels done Correlation: 0.3368503668992585
/home/fhopp/.conda/envs/mjs/lib/python3.8/site-packages/nilearn/masking.py:980: UserWarning: Data array used to create a new image contains 64-bit ints. This is likely due to creating the array with numpy and passing `int` as the `dtype`. Many tools such as FSL and SPM cannot deal with int64 in Nifti images, so for compatibility the data has been converted to int32.
  return new_img_like(mask_img, unmasked, affine)
Network 3 - vAttention: 50 voxels done Correlation: 0.1744963580373088
Network 3 - vAttention: 150 voxels done Correlation: 0.3924396715071867
Network 3 - vAttention: 250 voxels done Correlation: 0.3572895846820961
Network 3 - vAttention: 500 voxels done Correlation: 0.27655771527509776
Network 3 - vAttention: 750 voxels done Correlation: 0.36648423214121095
Network 3 - vAttention: 1000 voxels done Correlation: 0.35536262576756467
Network 3 - vAttention: 1500 voxels done Correlation: 0.36038667297838045
Network 3 - vAttention: 3000 voxels done Correlation: 0.3521947999043809
Network 3 - vAttention: 5000 voxels done Correlation: 0.3981239785643393
Network 3 - vAttention: 6500 voxels done Correlation: 0.39805594646630327
Network 3 - vAttention: 10000 voxels done Correlation: 0.3764625824965214
Network 3 - vAttention: 15000 voxels done Correlation: 0.38798622458416276
/home/fhopp/.conda/envs/mjs/lib/python3.8/site-packages/nilearn/masking.py:980: UserWarning: Data array used to create a new image contains 64-bit ints. This is likely due to creating the array with numpy and passing `int` as the `dtype`. Many tools such as FSL and SPM cannot deal with int64 in Nifti images, so for compatibility the data has been converted to int32.
  return new_img_like(mask_img, unmasked, affine)
Network 4 - Limbic: 50 voxels done Correlation: 0.12602247151153645
Network 4 - Limbic: 150 voxels done Correlation: 0.26540441284155514
Network 4 - Limbic: 250 voxels done Correlation: 0.2656376876257822
Network 4 - Limbic: 500 voxels done Correlation: 0.2193679771203469
Network 4 - Limbic: 750 voxels done Correlation: 0.23820306091565122
Network 4 - Limbic: 1000 voxels done Correlation: 0.23516743967982154
Network 4 - Limbic: 1500 voxels done Correlation: 0.27778616398092193
Network 4 - Limbic: 3000 voxels done Correlation: 0.27121475642826265
Network 4 - Limbic: 5000 voxels done Correlation: 0.27922038163532725
Network 4 - Limbic: 6500 voxels done Correlation: 0.28120256289921236
Network 4 - Limbic: 10000 voxels done Correlation: 0.2841768649409784
/home/fhopp/.conda/envs/mjs/lib/python3.8/site-packages/nilearn/masking.py:980: UserWarning: Data array used to create a new image contains 64-bit ints. This is likely due to creating the array with numpy and passing `int` as the `dtype`. Many tools such as FSL and SPM cannot deal with int64 in Nifti images, so for compatibility the data has been converted to int32.
  return new_img_like(mask_img, unmasked, affine)
Network 5 - Frontoparietal: 50 voxels done Correlation: 0.12158865394865657
Network 5 - Frontoparietal: 150 voxels done Correlation: 0.10272599249476941
Network 5 - Frontoparietal: 250 voxels done Correlation: 0.2301080592377815
Network 5 - Frontoparietal: 500 voxels done Correlation: 0.18653694283260036
Network 5 - Frontoparietal: 750 voxels done Correlation: 0.20724149084037768
Network 5 - Frontoparietal: 1000 voxels done Correlation: 0.23443638810393205
Network 5 - Frontoparietal: 1500 voxels done Correlation: 0.2667869182966098
Network 5 - Frontoparietal: 3000 voxels done Correlation: 0.2054870631701482
Network 5 - Frontoparietal: 5000 voxels done Correlation: 0.24305011473503893
Network 5 - Frontoparietal: 6500 voxels done Correlation: 0.23488452102252366
Network 5 - Frontoparietal: 10000 voxels done Correlation: 0.22149379217850107
Network 5 - Frontoparietal: 15000 voxels done Correlation: 0.23683460853241345
/home/fhopp/.conda/envs/mjs/lib/python3.8/site-packages/nilearn/masking.py:980: UserWarning: Data array used to create a new image contains 64-bit ints. This is likely due to creating the array with numpy and passing `int` as the `dtype`. Many tools such as FSL and SPM cannot deal with int64 in Nifti images, so for compatibility the data has been converted to int32.
  return new_img_like(mask_img, unmasked, affine)
Network 6 - Default Mode: 50 voxels done Correlation: 0.2710004777800543
Network 6 - Default Mode: 150 voxels done Correlation: 0.39264241730585203
Network 6 - Default Mode: 250 voxels done Correlation: 0.32737836111016805
Network 6 - Default Mode: 500 voxels done Correlation: 0.34888186414992295
Network 6 - Default Mode: 750 voxels done Correlation: 0.35027857389803296
Network 6 - Default Mode: 1000 voxels done Correlation: 0.35591950838703085
Network 6 - Default Mode: 1500 voxels done Correlation: 0.35235974319311847
Network 6 - Default Mode: 3000 voxels done Correlation: 0.38596451133861964
Network 6 - Default Mode: 5000 voxels done Correlation: 0.3854870223999891
Network 6 - Default Mode: 6500 voxels done Correlation: 0.42094063485049543
Network 6 - Default Mode: 10000 voxels done Correlation: 0.4055637936044658
Network 6 - Default Mode: 15000 voxels done Correlation: 0.40805876808627495
Network 6 - Default Mode: 25000 voxels done Correlation: 0.40978815747610947
/home/fhopp/.conda/envs/mjs/lib/python3.8/site-packages/nilearn/masking.py:980: UserWarning: Data array used to create a new image contains 64-bit ints. This is likely due to creating the array with numpy and passing `int` as the `dtype`. Many tools such as FSL and SPM cannot deal with int64 in Nifti images, so for compatibility the data has been converted to int32.
  return new_img_like(mask_img, unmasked, affine)
Network 7 - Subcortical: 50 voxels done Correlation: 0.1646631202547121
Network 7 - Subcortical: 150 voxels done Correlation: 0.2554487963225639
Network 7 - Subcortical: 250 voxels done Correlation: 0.25007955869434656
Network 7 - Subcortical: 500 voxels done Correlation: 0.2544287426480697
Network 7 - Subcortical: 750 voxels done Correlation: 0.3080329859774279
Network 7 - Subcortical: 1000 voxels done Correlation: 0.2527018527932796
Network 7 - Subcortical: 1500 voxels done Correlation: 0.1945187161925005
Network 7 - Subcortical: 3000 voxels done Correlation: 0.1793495059366036
Network 7 - Subcortical: 5000 voxels done Correlation: 0.15822689114868738
Network 7 - Subcortical: 6500 voxels done Correlation: 0.16933015297614856
Network 7 - Subcortical: 10000 voxels done Correlation: 0.16322235755925685
Network 8 - Consciousness: 50 voxels done Correlation: 0.25865184104799827
Network 8 - Consciousness: 150 voxels done Correlation: 0.30720296291593746
Network 8 - Consciousness: 250 voxels done Correlation: 0.3478463820796326
Network 8 - Consciousness: 500 voxels done Correlation: 0.31345033125631916
Network 8 - Consciousness: 750 voxels done Correlation: 0.391020677515541
Network 8 - Consciousness: 1000 voxels done Correlation: 0.47363366375419214
Network 8 - Consciousness: 1500 voxels done Correlation: 0.39234545464145537
Network 8 - Consciousness: 3000 voxels done Correlation: 0.428643941805814
Network 8 - Consciousness: 5000 voxels done Correlation: 0.44644126500425657
Network 8 - Consciousness: 6500 voxels done Correlation: 0.4698215352577133
Network 8 - Consciousness: 10000 voxels done Correlation: 0.46648542864880815
Network 8 - Consciousness: 15000 voxels done Correlation: 0.4467998165489693
Network 8 - Consciousness: 25000 voxels done Correlation: 0.4682337747402528
Network 8 - Consciousness: 50000 voxels done Correlation: 0.4653416713113092
