Running job on: wood
Iteration: 227
Starting spatial evaluation...
/home/fhopp/.conda/envs/mjs/lib/python3.8/site-packages/nilearn/maskers/nifti_masker.py:110: UserWarning: imgs are being resampled to the mask_img resolution. This process is memory intensive. You might want to provide a target_affine that is equal to the affine of the imgs or resample the mask beforehand to save memory and computation time.
  warnings.warn(
/home/fhopp/.conda/envs/mjs/lib/python3.8/site-packages/nilearn/masking.py:980: UserWarning: Data array used to create a new image contains 64-bit ints. This is likely due to creating the array with numpy and passing `int` as the `dtype`. Many tools such as FSL and SPM cannot deal with int64 in Nifti images, so for compatibility the data has been converted to int32.
  return new_img_like(mask_img, unmasked, affine)
Network 0 - Visual: 50 voxels done Correlation: 0.49540573912625413
Network 0 - Visual: 150 voxels done Correlation: 0.6304438960668859
Network 0 - Visual: 250 voxels done Correlation: 0.6480112342794961
Network 0 - Visual: 500 voxels done Correlation: 0.5342463206698305
Network 0 - Visual: 750 voxels done Correlation: 0.5472293937810662
Network 0 - Visual: 1000 voxels done Correlation: 0.5968089326063708
Network 0 - Visual: 1500 voxels done Correlation: 0.6553611386044229
Network 0 - Visual: 3000 voxels done Correlation: 0.6088721203751251
Network 0 - Visual: 5000 voxels done Correlation: 0.652990378103737
Network 0 - Visual: 6500 voxels done Correlation: 0.6304719357784478
Network 0 - Visual: 10000 voxels done Correlation: 0.6130661792421068
Network 0 - Visual: 15000 voxels done Correlation: 0.6317191351913255
/home/fhopp/.conda/envs/mjs/lib/python3.8/site-packages/nilearn/masking.py:980: UserWarning: Data array used to create a new image contains 64-bit ints. This is likely due to creating the array with numpy and passing `int` as the `dtype`. Many tools such as FSL and SPM cannot deal with int64 in Nifti images, so for compatibility the data has been converted to int32.
  return new_img_like(mask_img, unmasked, affine)
Network 1 - Somatomotor: 50 voxels done Correlation: 0.19147972252318327
Network 1 - Somatomotor: 150 voxels done Correlation: 0.17589984965638056
Network 1 - Somatomotor: 250 voxels done Correlation: 0.3261644951118462
Network 1 - Somatomotor: 500 voxels done Correlation: 0.3885130235010393
Network 1 - Somatomotor: 750 voxels done Correlation: 0.39785823549224597
Network 1 - Somatomotor: 1000 voxels done Correlation: 0.33670142168925554
Network 1 - Somatomotor: 1500 voxels done Correlation: 0.3223389103205779
Network 1 - Somatomotor: 3000 voxels done Correlation: 0.32616585636743334
Network 1 - Somatomotor: 5000 voxels done Correlation: 0.3582011658408684
Network 1 - Somatomotor: 6500 voxels done Correlation: 0.33759127026129027
Network 1 - Somatomotor: 10000 voxels done Correlation: 0.33943788378773593
Network 1 - Somatomotor: 15000 voxels done Correlation: 0.3439309124846342
/home/fhopp/.conda/envs/mjs/lib/python3.8/site-packages/nilearn/masking.py:980: UserWarning: Data array used to create a new image contains 64-bit ints. This is likely due to creating the array with numpy and passing `int` as the `dtype`. Many tools such as FSL and SPM cannot deal with int64 in Nifti images, so for compatibility the data has been converted to int32.
  return new_img_like(mask_img, unmasked, affine)
Network 2 - dAttention: 50 voxels done Correlation: 0.19726705960448437
Network 2 - dAttention: 150 voxels done Correlation: 0.2853304792721792
Network 2 - dAttention: 250 voxels done Correlation: 0.2963048598261401
Network 2 - dAttention: 500 voxels done Correlation: 0.39873534542826844
Network 2 - dAttention: 750 voxels done Correlation: 0.3459460509681448
Network 2 - dAttention: 1000 voxels done Correlation: 0.3459580005545041
Network 2 - dAttention: 1500 voxels done Correlation: 0.3027044326679168
Network 2 - dAttention: 3000 voxels done Correlation: 0.29714330583449533
Network 2 - dAttention: 5000 voxels done Correlation: 0.32709815029505057
Network 2 - dAttention: 6500 voxels done Correlation: 0.3433985867435869
Network 2 - dAttention: 10000 voxels done Correlation: 0.34462006183178073
Network 2 - dAttention: 15000 voxels done Correlation: 0.33292228798593004
/home/fhopp/.conda/envs/mjs/lib/python3.8/site-packages/nilearn/masking.py:980: UserWarning: Data array used to create a new image contains 64-bit ints. This is likely due to creating the array with numpy and passing `int` as the `dtype`. Many tools such as FSL and SPM cannot deal with int64 in Nifti images, so for compatibility the data has been converted to int32.
  return new_img_like(mask_img, unmasked, affine)
Network 3 - vAttention: 50 voxels done Correlation: 0.2281311261126165
Network 3 - vAttention: 150 voxels done Correlation: 0.24310383648861242
Network 3 - vAttention: 250 voxels done Correlation: 0.2816286953090296
Network 3 - vAttention: 500 voxels done Correlation: 0.30815070285048224
Network 3 - vAttention: 750 voxels done Correlation: 0.3252219134390774
Network 3 - vAttention: 1000 voxels done Correlation: 0.3300463647523374
Network 3 - vAttention: 1500 voxels done Correlation: 0.33647111009515906
Network 3 - vAttention: 3000 voxels done Correlation: 0.3215405453748945
Network 3 - vAttention: 5000 voxels done Correlation: 0.3887463562662091
Network 3 - vAttention: 6500 voxels done Correlation: 0.3883018567149737
Network 3 - vAttention: 10000 voxels done Correlation: 0.38258689011287983
Network 3 - vAttention: 15000 voxels done Correlation: 0.3897851346708413
/home/fhopp/.conda/envs/mjs/lib/python3.8/site-packages/nilearn/masking.py:980: UserWarning: Data array used to create a new image contains 64-bit ints. This is likely due to creating the array with numpy and passing `int` as the `dtype`. Many tools such as FSL and SPM cannot deal with int64 in Nifti images, so for compatibility the data has been converted to int32.
  return new_img_like(mask_img, unmasked, affine)
Network 4 - Limbic: 50 voxels done Correlation: 0.21462597398740818
Network 4 - Limbic: 150 voxels done Correlation: 0.23325562594712757
Network 4 - Limbic: 250 voxels done Correlation: 0.23218894218838929
Network 4 - Limbic: 500 voxels done Correlation: 0.2338735320437303
Network 4 - Limbic: 750 voxels done Correlation: 0.2576371343439977
Network 4 - Limbic: 1000 voxels done Correlation: 0.26227107350310125
Network 4 - Limbic: 1500 voxels done Correlation: 0.24646744886657376
Network 4 - Limbic: 3000 voxels done Correlation: 0.26199440555656667
Network 4 - Limbic: 5000 voxels done Correlation: 0.2723023425415405
Network 4 - Limbic: 6500 voxels done Correlation: 0.2939066838055558
Network 4 - Limbic: 10000 voxels done Correlation: 0.27629065530599584
/home/fhopp/.conda/envs/mjs/lib/python3.8/site-packages/nilearn/masking.py:980: UserWarning: Data array used to create a new image contains 64-bit ints. This is likely due to creating the array with numpy and passing `int` as the `dtype`. Many tools such as FSL and SPM cannot deal with int64 in Nifti images, so for compatibility the data has been converted to int32.
  return new_img_like(mask_img, unmasked, affine)
Network 5 - Frontoparietal: 50 voxels done Correlation: 0.14921079446536678
Network 5 - Frontoparietal: 150 voxels done Correlation: 0.16334610376659084
Network 5 - Frontoparietal: 250 voxels done Correlation: 0.22539523519546095
Network 5 - Frontoparietal: 500 voxels done Correlation: 0.22233364516380275
Network 5 - Frontoparietal: 750 voxels done Correlation: 0.23346107120917325
Network 5 - Frontoparietal: 1000 voxels done Correlation: 0.18841502836164908
Network 5 - Frontoparietal: 1500 voxels done Correlation: 0.2470006219789323
Network 5 - Frontoparietal: 3000 voxels done Correlation: 0.23890887758884802
Network 5 - Frontoparietal: 5000 voxels done Correlation: 0.2351602983894558
Network 5 - Frontoparietal: 6500 voxels done Correlation: 0.23055855938399072
Network 5 - Frontoparietal: 10000 voxels done Correlation: 0.23626383486080965
Network 5 - Frontoparietal: 15000 voxels done Correlation: 0.24081502882715752
/home/fhopp/.conda/envs/mjs/lib/python3.8/site-packages/nilearn/masking.py:980: UserWarning: Data array used to create a new image contains 64-bit ints. This is likely due to creating the array with numpy and passing `int` as the `dtype`. Many tools such as FSL and SPM cannot deal with int64 in Nifti images, so for compatibility the data has been converted to int32.
  return new_img_like(mask_img, unmasked, affine)
Network 6 - Default Mode: 50 voxels done Correlation: 0.22079234241067558
Network 6 - Default Mode: 150 voxels done Correlation: 0.26464768800169514
Network 6 - Default Mode: 250 voxels done Correlation: 0.3240339746684444
Network 6 - Default Mode: 500 voxels done Correlation: 0.3841462197331913
Network 6 - Default Mode: 750 voxels done Correlation: 0.3755995589455915
Network 6 - Default Mode: 1000 voxels done Correlation: 0.3528368552468055
Network 6 - Default Mode: 1500 voxels done Correlation: 0.4169099459183524
Network 6 - Default Mode: 3000 voxels done Correlation: 0.3933144593183271
Network 6 - Default Mode: 5000 voxels done Correlation: 0.38362257134504707
Network 6 - Default Mode: 6500 voxels done Correlation: 0.4176060585384691
Network 6 - Default Mode: 10000 voxels done Correlation: 0.3982951519983375
Network 6 - Default Mode: 15000 voxels done Correlation: 0.39898133544084247
Network 6 - Default Mode: 25000 voxels done Correlation: 0.4161343496807929
/home/fhopp/.conda/envs/mjs/lib/python3.8/site-packages/nilearn/masking.py:980: UserWarning: Data array used to create a new image contains 64-bit ints. This is likely due to creating the array with numpy and passing `int` as the `dtype`. Many tools such as FSL and SPM cannot deal with int64 in Nifti images, so for compatibility the data has been converted to int32.
  return new_img_like(mask_img, unmasked, affine)
Network 7 - Subcortical: 50 voxels done Correlation: 0.19027158256288157
Network 7 - Subcortical: 150 voxels done Correlation: 0.15418558612848565
Network 7 - Subcortical: 250 voxels done Correlation: 0.22511598949627823
Network 7 - Subcortical: 500 voxels done Correlation: 0.2048751038975698
Network 7 - Subcortical: 750 voxels done Correlation: 0.24919915089643985
Network 7 - Subcortical: 1000 voxels done Correlation: 0.21409384254107022
Network 7 - Subcortical: 1500 voxels done Correlation: 0.20132943828898966
Network 7 - Subcortical: 3000 voxels done Correlation: 0.16941862295553395
Network 7 - Subcortical: 5000 voxels done Correlation: 0.15689650792822923
Network 7 - Subcortical: 6500 voxels done Correlation: 0.1565589917239879
Network 7 - Subcortical: 10000 voxels done Correlation: 0.1687176694875594
Network 8 - Consciousness: 50 voxels done Correlation: 0.2607944241355463
Network 8 - Consciousness: 150 voxels done Correlation: 0.40494737492373595
Network 8 - Consciousness: 250 voxels done Correlation: 0.339689758654061
Network 8 - Consciousness: 500 voxels done Correlation: 0.3467626867251631
Network 8 - Consciousness: 750 voxels done Correlation: 0.410056836073207
Network 8 - Consciousness: 1000 voxels done Correlation: 0.39208062692452333
Network 8 - Consciousness: 1500 voxels done Correlation: 0.42410542452934175
Network 8 - Consciousness: 3000 voxels done Correlation: 0.4456745883126326
Network 8 - Consciousness: 5000 voxels done Correlation: 0.45551328145431547
Network 8 - Consciousness: 6500 voxels done Correlation: 0.46156858590289696
Network 8 - Consciousness: 10000 voxels done Correlation: 0.4463580058893529
Network 8 - Consciousness: 15000 voxels done Correlation: 0.46375136895860586
Network 8 - Consciousness: 25000 voxels done Correlation: 0.46844893283215827
Network 8 - Consciousness: 50000 voxels done Correlation: 0.46466155975080325
