Running job on: nash
Iteration: 995
Starting spatial evaluation...
/home/fhopp/.conda/envs/mjs/lib/python3.8/site-packages/nilearn/maskers/nifti_masker.py:110: UserWarning: imgs are being resampled to the mask_img resolution. This process is memory intensive. You might want to provide a target_affine that is equal to the affine of the imgs or resample the mask beforehand to save memory and computation time.
  warnings.warn(
/home/fhopp/.conda/envs/mjs/lib/python3.8/site-packages/nilearn/masking.py:980: UserWarning: Data array used to create a new image contains 64-bit ints. This is likely due to creating the array with numpy and passing `int` as the `dtype`. Many tools such as FSL and SPM cannot deal with int64 in Nifti images, so for compatibility the data has been converted to int32.
  return new_img_like(mask_img, unmasked, affine)
Network 0 - Visual: 50 voxels done Correlation: 0.5545266424399748
Network 0 - Visual: 150 voxels done Correlation: 0.5756852400600427
Network 0 - Visual: 250 voxels done Correlation: 0.562894564601476
Network 0 - Visual: 500 voxels done Correlation: 0.6302969511940655
Network 0 - Visual: 750 voxels done Correlation: 0.6054364250471762
Network 0 - Visual: 1000 voxels done Correlation: 0.5803825636586436
Network 0 - Visual: 1500 voxels done Correlation: 0.5967390460940489
Network 0 - Visual: 3000 voxels done Correlation: 0.6347742740431304
Network 0 - Visual: 5000 voxels done Correlation: 0.6339582503317167
Network 0 - Visual: 6500 voxels done Correlation: 0.6314370499605216
Network 0 - Visual: 10000 voxels done Correlation: 0.6320896482037164
Network 0 - Visual: 15000 voxels done Correlation: 0.6261202199873361
/home/fhopp/.conda/envs/mjs/lib/python3.8/site-packages/nilearn/masking.py:980: UserWarning: Data array used to create a new image contains 64-bit ints. This is likely due to creating the array with numpy and passing `int` as the `dtype`. Many tools such as FSL and SPM cannot deal with int64 in Nifti images, so for compatibility the data has been converted to int32.
  return new_img_like(mask_img, unmasked, affine)
Network 1 - Somatomotor: 50 voxels done Correlation: 0.3162035706539642
Network 1 - Somatomotor: 150 voxels done Correlation: 0.2983385984094415
Network 1 - Somatomotor: 250 voxels done Correlation: 0.3081044066770162
Network 1 - Somatomotor: 500 voxels done Correlation: 0.37400876907273783
Network 1 - Somatomotor: 750 voxels done Correlation: 0.3548464704750559
Network 1 - Somatomotor: 1000 voxels done Correlation: 0.3335468687767259
Network 1 - Somatomotor: 1500 voxels done Correlation: 0.38027043766011953
Network 1 - Somatomotor: 3000 voxels done Correlation: 0.3514282685287302
Network 1 - Somatomotor: 5000 voxels done Correlation: 0.35081222948132346
Network 1 - Somatomotor: 6500 voxels done Correlation: 0.3405495273479689
Network 1 - Somatomotor: 10000 voxels done Correlation: 0.34048170220586715
Network 1 - Somatomotor: 15000 voxels done Correlation: 0.34320432865879147
/home/fhopp/.conda/envs/mjs/lib/python3.8/site-packages/nilearn/masking.py:980: UserWarning: Data array used to create a new image contains 64-bit ints. This is likely due to creating the array with numpy and passing `int` as the `dtype`. Many tools such as FSL and SPM cannot deal with int64 in Nifti images, so for compatibility the data has been converted to int32.
  return new_img_like(mask_img, unmasked, affine)
Network 2 - dAttention: 50 voxels done Correlation: 0.18711293975822277
Network 2 - dAttention: 150 voxels done Correlation: 0.3845211453361413
Network 2 - dAttention: 250 voxels done Correlation: 0.3458800534937322
Network 2 - dAttention: 500 voxels done Correlation: 0.3628989247619269
Network 2 - dAttention: 750 voxels done Correlation: 0.3553706979844182
Network 2 - dAttention: 1000 voxels done Correlation: 0.29583850512484333
Network 2 - dAttention: 1500 voxels done Correlation: 0.28913558912053533
Network 2 - dAttention: 3000 voxels done Correlation: 0.32871089899799044
Network 2 - dAttention: 5000 voxels done Correlation: 0.3446840286484981
Network 2 - dAttention: 6500 voxels done Correlation: 0.320015138900605
Network 2 - dAttention: 10000 voxels done Correlation: 0.3294344673353743
Network 2 - dAttention: 15000 voxels done Correlation: 0.3308500594025271
/home/fhopp/.conda/envs/mjs/lib/python3.8/site-packages/nilearn/masking.py:980: UserWarning: Data array used to create a new image contains 64-bit ints. This is likely due to creating the array with numpy and passing `int` as the `dtype`. Many tools such as FSL and SPM cannot deal with int64 in Nifti images, so for compatibility the data has been converted to int32.
  return new_img_like(mask_img, unmasked, affine)
Network 3 - vAttention: 50 voxels done Correlation: 0.18684481316103638
Network 3 - vAttention: 150 voxels done Correlation: 0.2542842300522129
Network 3 - vAttention: 250 voxels done Correlation: 0.2777631934467659
Network 3 - vAttention: 500 voxels done Correlation: 0.3480666265240086
Network 3 - vAttention: 750 voxels done Correlation: 0.30770183882061203
Network 3 - vAttention: 1000 voxels done Correlation: 0.3704952908146957
Network 3 - vAttention: 1500 voxels done Correlation: 0.35266747034112844
Network 3 - vAttention: 3000 voxels done Correlation: 0.37180640054752223
Network 3 - vAttention: 5000 voxels done Correlation: 0.35265659019864026
Network 3 - vAttention: 6500 voxels done Correlation: 0.38621352208893855
Network 3 - vAttention: 10000 voxels done Correlation: 0.3890987566475841
Network 3 - vAttention: 15000 voxels done Correlation: 0.38874942177490024
/home/fhopp/.conda/envs/mjs/lib/python3.8/site-packages/nilearn/masking.py:980: UserWarning: Data array used to create a new image contains 64-bit ints. This is likely due to creating the array with numpy and passing `int` as the `dtype`. Many tools such as FSL and SPM cannot deal with int64 in Nifti images, so for compatibility the data has been converted to int32.
  return new_img_like(mask_img, unmasked, affine)
Network 4 - Limbic: 50 voxels done Correlation: 0.21576155400141503
Network 4 - Limbic: 150 voxels done Correlation: 0.19177818701877103
Network 4 - Limbic: 250 voxels done Correlation: 0.25449588689593583
Network 4 - Limbic: 500 voxels done Correlation: 0.2748276244943917
Network 4 - Limbic: 750 voxels done Correlation: 0.25987279594471957
Network 4 - Limbic: 1000 voxels done Correlation: 0.26735815689945397
Network 4 - Limbic: 1500 voxels done Correlation: 0.26006213977488013
Network 4 - Limbic: 3000 voxels done Correlation: 0.2784573640708874
Network 4 - Limbic: 5000 voxels done Correlation: 0.2820931094823752
Network 4 - Limbic: 6500 voxels done Correlation: 0.28102762543237714
Network 4 - Limbic: 10000 voxels done Correlation: 0.28584157437715274
/home/fhopp/.conda/envs/mjs/lib/python3.8/site-packages/nilearn/masking.py:980: UserWarning: Data array used to create a new image contains 64-bit ints. This is likely due to creating the array with numpy and passing `int` as the `dtype`. Many tools such as FSL and SPM cannot deal with int64 in Nifti images, so for compatibility the data has been converted to int32.
  return new_img_like(mask_img, unmasked, affine)
Network 5 - Frontoparietal: 50 voxels done Correlation: 0.12215663167218956
Network 5 - Frontoparietal: 150 voxels done Correlation: 0.13398647876912595
Network 5 - Frontoparietal: 250 voxels done Correlation: 0.17018210465115302
Network 5 - Frontoparietal: 500 voxels done Correlation: 0.23769431816734427
Network 5 - Frontoparietal: 750 voxels done Correlation: 0.29759701378745246
Network 5 - Frontoparietal: 1000 voxels done Correlation: 0.2365947774884417
Network 5 - Frontoparietal: 1500 voxels done Correlation: 0.20453830131618145
Network 5 - Frontoparietal: 3000 voxels done Correlation: 0.21466723258970594
Network 5 - Frontoparietal: 5000 voxels done Correlation: 0.24711797398634056
Network 5 - Frontoparietal: 6500 voxels done Correlation: 0.24233975552448533
Network 5 - Frontoparietal: 10000 voxels done Correlation: 0.2397366704674626
Network 5 - Frontoparietal: 15000 voxels done Correlation: 0.23997921175042616
/home/fhopp/.conda/envs/mjs/lib/python3.8/site-packages/nilearn/masking.py:980: UserWarning: Data array used to create a new image contains 64-bit ints. This is likely due to creating the array with numpy and passing `int` as the `dtype`. Many tools such as FSL and SPM cannot deal with int64 in Nifti images, so for compatibility the data has been converted to int32.
  return new_img_like(mask_img, unmasked, affine)
Network 6 - Default Mode: 50 voxels done Correlation: 0.34992669487030514
Network 6 - Default Mode: 150 voxels done Correlation: 0.3144515076080431
Network 6 - Default Mode: 250 voxels done Correlation: 0.3860063291575601
Network 6 - Default Mode: 500 voxels done Correlation: 0.3747219113791685
Network 6 - Default Mode: 750 voxels done Correlation: 0.35610763753179897
Network 6 - Default Mode: 1000 voxels done Correlation: 0.34919696996777766
Network 6 - Default Mode: 1500 voxels done Correlation: 0.3873959208292696
Network 6 - Default Mode: 3000 voxels done Correlation: 0.4267791153666717
Network 6 - Default Mode: 5000 voxels done Correlation: 0.4046876283088424
Network 6 - Default Mode: 6500 voxels done Correlation: 0.40498560361274094
Network 6 - Default Mode: 10000 voxels done Correlation: 0.4015839130379238
Network 6 - Default Mode: 15000 voxels done Correlation: 0.40201019736186006
Network 6 - Default Mode: 25000 voxels done Correlation: 0.405583946848416
/home/fhopp/.conda/envs/mjs/lib/python3.8/site-packages/nilearn/masking.py:980: UserWarning: Data array used to create a new image contains 64-bit ints. This is likely due to creating the array with numpy and passing `int` as the `dtype`. Many tools such as FSL and SPM cannot deal with int64 in Nifti images, so for compatibility the data has been converted to int32.
  return new_img_like(mask_img, unmasked, affine)
Network 7 - Subcortical: 50 voxels done Correlation: 0.12132769893025018
Network 7 - Subcortical: 150 voxels done Correlation: 0.24443843165985824
Network 7 - Subcortical: 250 voxels done Correlation: 0.16685951737053212
Network 7 - Subcortical: 500 voxels done Correlation: 0.21471125700491756
Network 7 - Subcortical: 750 voxels done Correlation: 0.2659163224088128
Network 7 - Subcortical: 1000 voxels done Correlation: 0.2071079800305509
Network 7 - Subcortical: 1500 voxels done Correlation: 0.2252438615718302
Network 7 - Subcortical: 3000 voxels done Correlation: 0.1733349935759292
Network 7 - Subcortical: 5000 voxels done Correlation: 0.16877689742360868
Network 7 - Subcortical: 6500 voxels done Correlation: 0.16977993723733842
Network 7 - Subcortical: 10000 voxels done Correlation: 0.16300943800254386
Network 8 - Consciousness: 50 voxels done Correlation: 0.3061443000177837
Network 8 - Consciousness: 150 voxels done Correlation: 0.23846223643125664
Network 8 - Consciousness: 250 voxels done Correlation: 0.336712831234255
Network 8 - Consciousness: 500 voxels done Correlation: 0.40736747987210636
Network 8 - Consciousness: 750 voxels done Correlation: 0.3610097969431325
Network 8 - Consciousness: 1000 voxels done Correlation: 0.42442086037533777
Network 8 - Consciousness: 1500 voxels done Correlation: 0.4662102366075092
Network 8 - Consciousness: 3000 voxels done Correlation: 0.45925754403910746
Network 8 - Consciousness: 5000 voxels done Correlation: 0.4390438686083866
Network 8 - Consciousness: 6500 voxels done Correlation: 0.45481191702491036
Network 8 - Consciousness: 10000 voxels done Correlation: 0.47231355117665885
Network 8 - Consciousness: 15000 voxels done Correlation: 0.46642025375487206
Network 8 - Consciousness: 25000 voxels done Correlation: 0.4685399740912314
Network 8 - Consciousness: 50000 voxels done Correlation: 0.46664883338113894
