Running job on: wood
Iteration: 952
Starting spatial evaluation...
/home/fhopp/.conda/envs/mjs/lib/python3.8/site-packages/nilearn/maskers/nifti_masker.py:110: UserWarning: imgs are being resampled to the mask_img resolution. This process is memory intensive. You might want to provide a target_affine that is equal to the affine of the imgs or resample the mask beforehand to save memory and computation time.
  warnings.warn(
/home/fhopp/.conda/envs/mjs/lib/python3.8/site-packages/nilearn/masking.py:980: UserWarning: Data array used to create a new image contains 64-bit ints. This is likely due to creating the array with numpy and passing `int` as the `dtype`. Many tools such as FSL and SPM cannot deal with int64 in Nifti images, so for compatibility the data has been converted to int32.
  return new_img_like(mask_img, unmasked, affine)
Network 0 - Visual: 50 voxels done Correlation: 0.6145747253155318
Network 0 - Visual: 150 voxels done Correlation: 0.6646150336542701
Network 0 - Visual: 250 voxels done Correlation: 0.6298415184721986
Network 0 - Visual: 500 voxels done Correlation: 0.5035587467839244
Network 0 - Visual: 750 voxels done Correlation: 0.5970801255344989
Network 0 - Visual: 1000 voxels done Correlation: 0.5635132668158367
Network 0 - Visual: 1500 voxels done Correlation: 0.5859121483897478
Network 0 - Visual: 3000 voxels done Correlation: 0.623884355852921
Network 0 - Visual: 5000 voxels done Correlation: 0.6123626187751845
Network 0 - Visual: 6500 voxels done Correlation: 0.6205791712139568
Network 0 - Visual: 10000 voxels done Correlation: 0.6290582608877563
Network 0 - Visual: 15000 voxels done Correlation: 0.6264588550236844
/home/fhopp/.conda/envs/mjs/lib/python3.8/site-packages/nilearn/masking.py:980: UserWarning: Data array used to create a new image contains 64-bit ints. This is likely due to creating the array with numpy and passing `int` as the `dtype`. Many tools such as FSL and SPM cannot deal with int64 in Nifti images, so for compatibility the data has been converted to int32.
  return new_img_like(mask_img, unmasked, affine)
Network 1 - Somatomotor: 50 voxels done Correlation: 0.28778751006818293
Network 1 - Somatomotor: 150 voxels done Correlation: 0.3144433210799096
Network 1 - Somatomotor: 250 voxels done Correlation: 0.3501604762386905
Network 1 - Somatomotor: 500 voxels done Correlation: 0.2885791795280874
Network 1 - Somatomotor: 750 voxels done Correlation: 0.3390436434633115
Network 1 - Somatomotor: 1000 voxels done Correlation: 0.32547360898326433
Network 1 - Somatomotor: 1500 voxels done Correlation: 0.30944053464998356
Network 1 - Somatomotor: 3000 voxels done Correlation: 0.3549613113878075
Network 1 - Somatomotor: 5000 voxels done Correlation: 0.3277208125269634
Network 1 - Somatomotor: 6500 voxels done Correlation: 0.3277302233783653
Network 1 - Somatomotor: 10000 voxels done Correlation: 0.33818014068892854
Network 1 - Somatomotor: 15000 voxels done Correlation: 0.3423769142964431
/home/fhopp/.conda/envs/mjs/lib/python3.8/site-packages/nilearn/masking.py:980: UserWarning: Data array used to create a new image contains 64-bit ints. This is likely due to creating the array with numpy and passing `int` as the `dtype`. Many tools such as FSL and SPM cannot deal with int64 in Nifti images, so for compatibility the data has been converted to int32.
  return new_img_like(mask_img, unmasked, affine)
Network 2 - dAttention: 50 voxels done Correlation: 0.3457198852286367
Network 2 - dAttention: 150 voxels done Correlation: 0.2832265101848943
Network 2 - dAttention: 250 voxels done Correlation: 0.3086990959976904
Network 2 - dAttention: 500 voxels done Correlation: 0.3329919078554259
Network 2 - dAttention: 750 voxels done Correlation: 0.3389389449434232
Network 2 - dAttention: 1000 voxels done Correlation: 0.3108197899907187
Network 2 - dAttention: 1500 voxels done Correlation: 0.31570518767792066
Network 2 - dAttention: 3000 voxels done Correlation: 0.3447977846577466
Network 2 - dAttention: 5000 voxels done Correlation: 0.33638668851579456
Network 2 - dAttention: 6500 voxels done Correlation: 0.3312008369798236
Network 2 - dAttention: 10000 voxels done Correlation: 0.3353472834838047
Network 2 - dAttention: 15000 voxels done Correlation: 0.3310961043211806
/home/fhopp/.conda/envs/mjs/lib/python3.8/site-packages/nilearn/masking.py:980: UserWarning: Data array used to create a new image contains 64-bit ints. This is likely due to creating the array with numpy and passing `int` as the `dtype`. Many tools such as FSL and SPM cannot deal with int64 in Nifti images, so for compatibility the data has been converted to int32.
  return new_img_like(mask_img, unmasked, affine)
Network 3 - vAttention: 50 voxels done Correlation: 0.15278797459830606
Network 3 - vAttention: 150 voxels done Correlation: 0.24684545356528853
Network 3 - vAttention: 250 voxels done Correlation: 0.2484521694462225
Network 3 - vAttention: 500 voxels done Correlation: 0.3137569697263666
Network 3 - vAttention: 750 voxels done Correlation: 0.2905776085605618
Network 3 - vAttention: 1000 voxels done Correlation: 0.3435493722796856
Network 3 - vAttention: 1500 voxels done Correlation: 0.3563001919508591
Network 3 - vAttention: 3000 voxels done Correlation: 0.3557129929915626
Network 3 - vAttention: 5000 voxels done Correlation: 0.3844780569026698
Network 3 - vAttention: 6500 voxels done Correlation: 0.3734738934531697
Network 3 - vAttention: 10000 voxels done Correlation: 0.38482873353154157
Network 3 - vAttention: 15000 voxels done Correlation: 0.3891983642149436
/home/fhopp/.conda/envs/mjs/lib/python3.8/site-packages/nilearn/masking.py:980: UserWarning: Data array used to create a new image contains 64-bit ints. This is likely due to creating the array with numpy and passing `int` as the `dtype`. Many tools such as FSL and SPM cannot deal with int64 in Nifti images, so for compatibility the data has been converted to int32.
  return new_img_like(mask_img, unmasked, affine)
Network 4 - Limbic: 50 voxels done Correlation: 0.1657805274868021
Network 4 - Limbic: 150 voxels done Correlation: 0.21892343856711305
Network 4 - Limbic: 250 voxels done Correlation: 0.23438251681658634
Network 4 - Limbic: 500 voxels done Correlation: 0.24444282344998536
Network 4 - Limbic: 750 voxels done Correlation: 0.3346374305614749
Network 4 - Limbic: 1000 voxels done Correlation: 0.2278248023979902
Network 4 - Limbic: 1500 voxels done Correlation: 0.24786888755268124
Network 4 - Limbic: 3000 voxels done Correlation: 0.2768863289536798
Network 4 - Limbic: 5000 voxels done Correlation: 0.28489310287149894
Network 4 - Limbic: 6500 voxels done Correlation: 0.28674864862234567
Network 4 - Limbic: 10000 voxels done Correlation: 0.2804654435469243
/home/fhopp/.conda/envs/mjs/lib/python3.8/site-packages/nilearn/masking.py:980: UserWarning: Data array used to create a new image contains 64-bit ints. This is likely due to creating the array with numpy and passing `int` as the `dtype`. Many tools such as FSL and SPM cannot deal with int64 in Nifti images, so for compatibility the data has been converted to int32.
  return new_img_like(mask_img, unmasked, affine)
Network 5 - Frontoparietal: 50 voxels done Correlation: 0.14998275670425854
Network 5 - Frontoparietal: 150 voxels done Correlation: 0.2141130352217317
Network 5 - Frontoparietal: 250 voxels done Correlation: 0.22601158335221805
Network 5 - Frontoparietal: 500 voxels done Correlation: 0.25154921933941854
Network 5 - Frontoparietal: 750 voxels done Correlation: 0.1947179952643039
Network 5 - Frontoparietal: 1000 voxels done Correlation: 0.3016413202931054
Network 5 - Frontoparietal: 1500 voxels done Correlation: 0.23291116114195604
Network 5 - Frontoparietal: 3000 voxels done Correlation: 0.23244194303761018
Network 5 - Frontoparietal: 5000 voxels done Correlation: 0.2298974522969735
Network 5 - Frontoparietal: 6500 voxels done Correlation: 0.25352546255683445
Network 5 - Frontoparietal: 10000 voxels done Correlation: 0.235550245295868
Network 5 - Frontoparietal: 15000 voxels done Correlation: 0.2437595478801513
/home/fhopp/.conda/envs/mjs/lib/python3.8/site-packages/nilearn/masking.py:980: UserWarning: Data array used to create a new image contains 64-bit ints. This is likely due to creating the array with numpy and passing `int` as the `dtype`. Many tools such as FSL and SPM cannot deal with int64 in Nifti images, so for compatibility the data has been converted to int32.
  return new_img_like(mask_img, unmasked, affine)
Network 6 - Default Mode: 50 voxels done Correlation: 0.27685745721555693
Network 6 - Default Mode: 150 voxels done Correlation: 0.3237701676876479
Network 6 - Default Mode: 250 voxels done Correlation: 0.2673230117321673
Network 6 - Default Mode: 500 voxels done Correlation: 0.42000803458621483
Network 6 - Default Mode: 750 voxels done Correlation: 0.40322214561333614
Network 6 - Default Mode: 1000 voxels done Correlation: 0.33057913535195316
Network 6 - Default Mode: 1500 voxels done Correlation: 0.33192666545590777
Network 6 - Default Mode: 3000 voxels done Correlation: 0.39135860215591123
Network 6 - Default Mode: 5000 voxels done Correlation: 0.37721892160828974
Network 6 - Default Mode: 6500 voxels done Correlation: 0.4096795327497518
Network 6 - Default Mode: 10000 voxels done Correlation: 0.40974046746777415
Network 6 - Default Mode: 15000 voxels done Correlation: 0.40687936032420596
Network 6 - Default Mode: 25000 voxels done Correlation: 0.40865368770025773
/home/fhopp/.conda/envs/mjs/lib/python3.8/site-packages/nilearn/masking.py:980: UserWarning: Data array used to create a new image contains 64-bit ints. This is likely due to creating the array with numpy and passing `int` as the `dtype`. Many tools such as FSL and SPM cannot deal with int64 in Nifti images, so for compatibility the data has been converted to int32.
  return new_img_like(mask_img, unmasked, affine)
Network 7 - Subcortical: 50 voxels done Correlation: 0.1661681095082676
Network 7 - Subcortical: 150 voxels done Correlation: 0.24178647456177632
Network 7 - Subcortical: 250 voxels done Correlation: 0.15841726307644738
Network 7 - Subcortical: 500 voxels done Correlation: 0.21304718163945777
Network 7 - Subcortical: 750 voxels done Correlation: 0.2078348934572632
Network 7 - Subcortical: 1000 voxels done Correlation: 0.2565237102892528
Network 7 - Subcortical: 1500 voxels done Correlation: 0.20097974517539446
Network 7 - Subcortical: 3000 voxels done Correlation: 0.16678798504442807
Network 7 - Subcortical: 5000 voxels done Correlation: 0.1710352786144712
Network 7 - Subcortical: 6500 voxels done Correlation: 0.16320015549080358
Network 7 - Subcortical: 10000 voxels done Correlation: 0.163763221603232
Network 8 - Consciousness: 50 voxels done Correlation: 0.1995572502072117
Network 8 - Consciousness: 150 voxels done Correlation: 0.361684704661539
Network 8 - Consciousness: 250 voxels done Correlation: 0.2624375525517086
Network 8 - Consciousness: 500 voxels done Correlation: 0.3411476810077143
Network 8 - Consciousness: 750 voxels done Correlation: 0.4188130792064563
Network 8 - Consciousness: 1000 voxels done Correlation: 0.40065819825324384
Network 8 - Consciousness: 1500 voxels done Correlation: 0.43294593109543233
Network 8 - Consciousness: 3000 voxels done Correlation: 0.47920300177599556
Network 8 - Consciousness: 5000 voxels done Correlation: 0.42430488807251315
Network 8 - Consciousness: 6500 voxels done Correlation: 0.4344337117392334
Network 8 - Consciousness: 10000 voxels done Correlation: 0.4532033554807522
Network 8 - Consciousness: 15000 voxels done Correlation: 0.45105709606008837
Network 8 - Consciousness: 25000 voxels done Correlation: 0.46541225251051854
Network 8 - Consciousness: 50000 voxels done Correlation: 0.46483808371606855
