Running job on: cox
Iteration: 314
Starting spatial evaluation...
/home/fhopp/.conda/envs/mjs/lib/python3.8/site-packages/nilearn/maskers/nifti_masker.py:110: UserWarning: imgs are being resampled to the mask_img resolution. This process is memory intensive. You might want to provide a target_affine that is equal to the affine of the imgs or resample the mask beforehand to save memory and computation time.
  warnings.warn(
/home/fhopp/.conda/envs/mjs/lib/python3.8/site-packages/nilearn/masking.py:980: UserWarning: Data array used to create a new image contains 64-bit ints. This is likely due to creating the array with numpy and passing `int` as the `dtype`. Many tools such as FSL and SPM cannot deal with int64 in Nifti images, so for compatibility the data has been converted to int32.
  return new_img_like(mask_img, unmasked, affine)
Network 0 - Visual: 50 voxels done Correlation: 0.670567265362565
Network 0 - Visual: 150 voxels done Correlation: 0.6124824975813132
Network 0 - Visual: 250 voxels done Correlation: 0.5912636501127647
Network 0 - Visual: 500 voxels done Correlation: 0.575934185562583
Network 0 - Visual: 750 voxels done Correlation: 0.6209002763088385
Network 0 - Visual: 1000 voxels done Correlation: 0.6035053813840485
Network 0 - Visual: 1500 voxels done Correlation: 0.5742721414177272
Network 0 - Visual: 3000 voxels done Correlation: 0.6243824273384668
Network 0 - Visual: 5000 voxels done Correlation: 0.6245453162624836
Network 0 - Visual: 6500 voxels done Correlation: 0.6365410874938213
Network 0 - Visual: 10000 voxels done Correlation: 0.6197746966491151
Network 0 - Visual: 15000 voxels done Correlation: 0.633508025757135
/home/fhopp/.conda/envs/mjs/lib/python3.8/site-packages/nilearn/masking.py:980: UserWarning: Data array used to create a new image contains 64-bit ints. This is likely due to creating the array with numpy and passing `int` as the `dtype`. Many tools such as FSL and SPM cannot deal with int64 in Nifti images, so for compatibility the data has been converted to int32.
  return new_img_like(mask_img, unmasked, affine)
Network 1 - Somatomotor: 50 voxels done Correlation: 0.2722058942941996
Network 1 - Somatomotor: 150 voxels done Correlation: 0.38415219473082163
Network 1 - Somatomotor: 250 voxels done Correlation: 0.2897528574879305
Network 1 - Somatomotor: 500 voxels done Correlation: 0.345288222902892
Network 1 - Somatomotor: 750 voxels done Correlation: 0.3249324070698586
Network 1 - Somatomotor: 1000 voxels done Correlation: 0.3471393821602774
Network 1 - Somatomotor: 1500 voxels done Correlation: 0.35324051464165923
Network 1 - Somatomotor: 3000 voxels done Correlation: 0.3191472964651805
Network 1 - Somatomotor: 5000 voxels done Correlation: 0.3355843304440128
Network 1 - Somatomotor: 6500 voxels done Correlation: 0.34336947535326034
Network 1 - Somatomotor: 10000 voxels done Correlation: 0.3505639969224662
Network 1 - Somatomotor: 15000 voxels done Correlation: 0.3454437955486672
/home/fhopp/.conda/envs/mjs/lib/python3.8/site-packages/nilearn/masking.py:980: UserWarning: Data array used to create a new image contains 64-bit ints. This is likely due to creating the array with numpy and passing `int` as the `dtype`. Many tools such as FSL and SPM cannot deal with int64 in Nifti images, so for compatibility the data has been converted to int32.
  return new_img_like(mask_img, unmasked, affine)
Network 2 - dAttention: 50 voxels done Correlation: 0.24252594427606378
Network 2 - dAttention: 150 voxels done Correlation: 0.3066431956610543
Network 2 - dAttention: 250 voxels done Correlation: 0.2589812232203733
Network 2 - dAttention: 500 voxels done Correlation: 0.35855740287956367
Network 2 - dAttention: 750 voxels done Correlation: 0.2988982924065618
Network 2 - dAttention: 1000 voxels done Correlation: 0.3356362465617787
Network 2 - dAttention: 1500 voxels done Correlation: 0.3208654749072659
Network 2 - dAttention: 3000 voxels done Correlation: 0.33000994453689014
Network 2 - dAttention: 5000 voxels done Correlation: 0.3376853084173811
Network 2 - dAttention: 6500 voxels done Correlation: 0.32873149368440235
Network 2 - dAttention: 10000 voxels done Correlation: 0.33341135958597545
Network 2 - dAttention: 15000 voxels done Correlation: 0.3244117602774425
/home/fhopp/.conda/envs/mjs/lib/python3.8/site-packages/nilearn/masking.py:980: UserWarning: Data array used to create a new image contains 64-bit ints. This is likely due to creating the array with numpy and passing `int` as the `dtype`. Many tools such as FSL and SPM cannot deal with int64 in Nifti images, so for compatibility the data has been converted to int32.
  return new_img_like(mask_img, unmasked, affine)
Network 3 - vAttention: 50 voxels done Correlation: 0.2637253072031912
Network 3 - vAttention: 150 voxels done Correlation: 0.3017737837455464
Network 3 - vAttention: 250 voxels done Correlation: 0.286103790139006
Network 3 - vAttention: 500 voxels done Correlation: 0.3100888009145857
Network 3 - vAttention: 750 voxels done Correlation: 0.3623422934080366
Network 3 - vAttention: 1000 voxels done Correlation: 0.35970679262735217
Network 3 - vAttention: 1500 voxels done Correlation: 0.35243176694263456
Network 3 - vAttention: 3000 voxels done Correlation: 0.35648468820432216
Network 3 - vAttention: 5000 voxels done Correlation: 0.3822062258365928
Network 3 - vAttention: 6500 voxels done Correlation: 0.38250165305685574
Network 3 - vAttention: 10000 voxels done Correlation: 0.3844897367616475
Network 3 - vAttention: 15000 voxels done Correlation: 0.38796346864108155
/home/fhopp/.conda/envs/mjs/lib/python3.8/site-packages/nilearn/masking.py:980: UserWarning: Data array used to create a new image contains 64-bit ints. This is likely due to creating the array with numpy and passing `int` as the `dtype`. Many tools such as FSL and SPM cannot deal with int64 in Nifti images, so for compatibility the data has been converted to int32.
  return new_img_like(mask_img, unmasked, affine)
Network 4 - Limbic: 50 voxels done Correlation: 0.2133988746591443
Network 4 - Limbic: 150 voxels done Correlation: 0.30269846670715184
Network 4 - Limbic: 250 voxels done Correlation: 0.18005200008425992
Network 4 - Limbic: 500 voxels done Correlation: 0.24943437740523092
Network 4 - Limbic: 750 voxels done Correlation: 0.29036645085025065
Network 4 - Limbic: 1000 voxels done Correlation: 0.23078337924281697
Network 4 - Limbic: 1500 voxels done Correlation: 0.2688601065117
Network 4 - Limbic: 3000 voxels done Correlation: 0.30263193232225083
Network 4 - Limbic: 5000 voxels done Correlation: 0.2760924787878023
Network 4 - Limbic: 6500 voxels done Correlation: 0.27354413897534124
Network 4 - Limbic: 10000 voxels done Correlation: 0.28790827043853207
/home/fhopp/.conda/envs/mjs/lib/python3.8/site-packages/nilearn/masking.py:980: UserWarning: Data array used to create a new image contains 64-bit ints. This is likely due to creating the array with numpy and passing `int` as the `dtype`. Many tools such as FSL and SPM cannot deal with int64 in Nifti images, so for compatibility the data has been converted to int32.
  return new_img_like(mask_img, unmasked, affine)
Network 5 - Frontoparietal: 50 voxels done Correlation: 0.1491501924216366
Network 5 - Frontoparietal: 150 voxels done Correlation: 0.20069181137877834
Network 5 - Frontoparietal: 250 voxels done Correlation: 0.20058256227164623
Network 5 - Frontoparietal: 500 voxels done Correlation: 0.2405996895172996
Network 5 - Frontoparietal: 750 voxels done Correlation: 0.2013238805599226
Network 5 - Frontoparietal: 1000 voxels done Correlation: 0.23503521780264386
Network 5 - Frontoparietal: 1500 voxels done Correlation: 0.2125093144017789
Network 5 - Frontoparietal: 3000 voxels done Correlation: 0.19772788043058082
Network 5 - Frontoparietal: 5000 voxels done Correlation: 0.23933708423464703
Network 5 - Frontoparietal: 6500 voxels done Correlation: 0.2364986561759976
Network 5 - Frontoparietal: 10000 voxels done Correlation: 0.2382993790588035
Network 5 - Frontoparietal: 15000 voxels done Correlation: 0.23785875474865656
/home/fhopp/.conda/envs/mjs/lib/python3.8/site-packages/nilearn/masking.py:980: UserWarning: Data array used to create a new image contains 64-bit ints. This is likely due to creating the array with numpy and passing `int` as the `dtype`. Many tools such as FSL and SPM cannot deal with int64 in Nifti images, so for compatibility the data has been converted to int32.
  return new_img_like(mask_img, unmasked, affine)
Network 6 - Default Mode: 50 voxels done Correlation: 0.24009497485890707
Network 6 - Default Mode: 150 voxels done Correlation: 0.3458296016313088
Network 6 - Default Mode: 250 voxels done Correlation: 0.2636843557207481
Network 6 - Default Mode: 500 voxels done Correlation: 0.3357502215314598
Network 6 - Default Mode: 750 voxels done Correlation: 0.4100989872478895
Network 6 - Default Mode: 1000 voxels done Correlation: 0.37755703694011045
Network 6 - Default Mode: 1500 voxels done Correlation: 0.4264683465139771
Network 6 - Default Mode: 3000 voxels done Correlation: 0.3610847591063509
Network 6 - Default Mode: 5000 voxels done Correlation: 0.39796234780523493
Network 6 - Default Mode: 6500 voxels done Correlation: 0.3813025710582733
Network 6 - Default Mode: 10000 voxels done Correlation: 0.39906493859137715
Network 6 - Default Mode: 15000 voxels done Correlation: 0.41379316832607316
Network 6 - Default Mode: 25000 voxels done Correlation: 0.41021557754178073
/home/fhopp/.conda/envs/mjs/lib/python3.8/site-packages/nilearn/masking.py:980: UserWarning: Data array used to create a new image contains 64-bit ints. This is likely due to creating the array with numpy and passing `int` as the `dtype`. Many tools such as FSL and SPM cannot deal with int64 in Nifti images, so for compatibility the data has been converted to int32.
  return new_img_like(mask_img, unmasked, affine)
Network 7 - Subcortical: 50 voxels done Correlation: 0.10669283823276096
Network 7 - Subcortical: 150 voxels done Correlation: 0.21811006062078536
Network 7 - Subcortical: 250 voxels done Correlation: 0.15965642716464562
Network 7 - Subcortical: 500 voxels done Correlation: 0.1661539813455632
Network 7 - Subcortical: 750 voxels done Correlation: 0.2272474390636991
Network 7 - Subcortical: 1000 voxels done Correlation: 0.22843948715335394
Network 7 - Subcortical: 1500 voxels done Correlation: 0.20641898590434787
Network 7 - Subcortical: 3000 voxels done Correlation: 0.17816005536545076
Network 7 - Subcortical: 5000 voxels done Correlation: 0.17084957146674828
Network 7 - Subcortical: 6500 voxels done Correlation: 0.17041164259616315
Network 7 - Subcortical: 10000 voxels done Correlation: 0.1600279015161145
Network 8 - Consciousness: 50 voxels done Correlation: 0.3631857113871098
Network 8 - Consciousness: 150 voxels done Correlation: 0.4034161640315055
Network 8 - Consciousness: 250 voxels done Correlation: 0.37066793623258
Network 8 - Consciousness: 500 voxels done Correlation: 0.30195644234356933
Network 8 - Consciousness: 750 voxels done Correlation: 0.3351289938746383
Network 8 - Consciousness: 1000 voxels done Correlation: 0.3803694179067506
Network 8 - Consciousness: 1500 voxels done Correlation: 0.43290177205313674
Network 8 - Consciousness: 3000 voxels done Correlation: 0.43872327953302404
Network 8 - Consciousness: 5000 voxels done Correlation: 0.45540036582653504
Network 8 - Consciousness: 6500 voxels done Correlation: 0.43995682196622987
Network 8 - Consciousness: 10000 voxels done Correlation: 0.468667996081912
Network 8 - Consciousness: 15000 voxels done Correlation: 0.4762350926270802
Network 8 - Consciousness: 25000 voxels done Correlation: 0.4702004207226206
Network 8 - Consciousness: 50000 voxels done Correlation: 0.46721934168363566
