Running job on: ada
Iteration: 964
Starting spatial evaluation...
/home/fhopp/.conda/envs/mjs/lib/python3.8/site-packages/nilearn/maskers/nifti_masker.py:110: UserWarning: imgs are being resampled to the mask_img resolution. This process is memory intensive. You might want to provide a target_affine that is equal to the affine of the imgs or resample the mask beforehand to save memory and computation time.
  warnings.warn(
/home/fhopp/.conda/envs/mjs/lib/python3.8/site-packages/nilearn/masking.py:980: UserWarning: Data array used to create a new image contains 64-bit ints. This is likely due to creating the array with numpy and passing `int` as the `dtype`. Many tools such as FSL and SPM cannot deal with int64 in Nifti images, so for compatibility the data has been converted to int32.
  return new_img_like(mask_img, unmasked, affine)
Network 0 - Visual: 50 voxels done Correlation: 0.6501128797501696
Network 0 - Visual: 150 voxels done Correlation: 0.662245568351294
Network 0 - Visual: 250 voxels done Correlation: 0.5557211068580683
Network 0 - Visual: 500 voxels done Correlation: 0.6188436755809728
Network 0 - Visual: 750 voxels done Correlation: 0.6164629700377375
Network 0 - Visual: 1000 voxels done Correlation: 0.594239987317964
Network 0 - Visual: 1500 voxels done Correlation: 0.5748169430399788
Network 0 - Visual: 3000 voxels done Correlation: 0.6093029986917875
Network 0 - Visual: 5000 voxels done Correlation: 0.6222244288961443
Network 0 - Visual: 6500 voxels done Correlation: 0.6274902905650259
Network 0 - Visual: 10000 voxels done Correlation: 0.6168966733880081
Network 0 - Visual: 15000 voxels done Correlation: 0.6295583928900981
/home/fhopp/.conda/envs/mjs/lib/python3.8/site-packages/nilearn/masking.py:980: UserWarning: Data array used to create a new image contains 64-bit ints. This is likely due to creating the array with numpy and passing `int` as the `dtype`. Many tools such as FSL and SPM cannot deal with int64 in Nifti images, so for compatibility the data has been converted to int32.
  return new_img_like(mask_img, unmasked, affine)
Network 1 - Somatomotor: 50 voxels done Correlation: 0.16057243532243196
Network 1 - Somatomotor: 150 voxels done Correlation: 0.31175170708177624
Network 1 - Somatomotor: 250 voxels done Correlation: 0.2768749738578763
Network 1 - Somatomotor: 500 voxels done Correlation: 0.36114106805238455
Network 1 - Somatomotor: 750 voxels done Correlation: 0.3362478749975205
Network 1 - Somatomotor: 1000 voxels done Correlation: 0.34668654903025586
Network 1 - Somatomotor: 1500 voxels done Correlation: 0.3699252658676817
Network 1 - Somatomotor: 3000 voxels done Correlation: 0.31921089152745064
Network 1 - Somatomotor: 5000 voxels done Correlation: 0.33116185588958547
Network 1 - Somatomotor: 6500 voxels done Correlation: 0.35194938618629185
Network 1 - Somatomotor: 10000 voxels done Correlation: 0.3316618795893008
Network 1 - Somatomotor: 15000 voxels done Correlation: 0.3433945144787601
/home/fhopp/.conda/envs/mjs/lib/python3.8/site-packages/nilearn/masking.py:980: UserWarning: Data array used to create a new image contains 64-bit ints. This is likely due to creating the array with numpy and passing `int` as the `dtype`. Many tools such as FSL and SPM cannot deal with int64 in Nifti images, so for compatibility the data has been converted to int32.
  return new_img_like(mask_img, unmasked, affine)
Network 2 - dAttention: 50 voxels done Correlation: 0.2579611870840146
Network 2 - dAttention: 150 voxels done Correlation: 0.22405559184372137
Network 2 - dAttention: 250 voxels done Correlation: 0.2612980550365367
Network 2 - dAttention: 500 voxels done Correlation: 0.36286793165795983
Network 2 - dAttention: 750 voxels done Correlation: 0.34968885658637483
Network 2 - dAttention: 1000 voxels done Correlation: 0.3765361640742655
Network 2 - dAttention: 1500 voxels done Correlation: 0.2890171114484391
Network 2 - dAttention: 3000 voxels done Correlation: 0.3316911851958895
Network 2 - dAttention: 5000 voxels done Correlation: 0.3148487815120123
Network 2 - dAttention: 6500 voxels done Correlation: 0.3089829151032127
Network 2 - dAttention: 10000 voxels done Correlation: 0.331915354636692
Network 2 - dAttention: 15000 voxels done Correlation: 0.3281964558707769
/home/fhopp/.conda/envs/mjs/lib/python3.8/site-packages/nilearn/masking.py:980: UserWarning: Data array used to create a new image contains 64-bit ints. This is likely due to creating the array with numpy and passing `int` as the `dtype`. Many tools such as FSL and SPM cannot deal with int64 in Nifti images, so for compatibility the data has been converted to int32.
  return new_img_like(mask_img, unmasked, affine)
Network 3 - vAttention: 50 voxels done Correlation: 0.35183500585130306
Network 3 - vAttention: 150 voxels done Correlation: 0.2072786193425042
Network 3 - vAttention: 250 voxels done Correlation: 0.3141257433257515
Network 3 - vAttention: 500 voxels done Correlation: 0.3567739887281576
Network 3 - vAttention: 750 voxels done Correlation: 0.32665638876989633
Network 3 - vAttention: 1000 voxels done Correlation: 0.3392293219942427
Network 3 - vAttention: 1500 voxels done Correlation: 0.3499200317528518
Network 3 - vAttention: 3000 voxels done Correlation: 0.3771512889913356
Network 3 - vAttention: 5000 voxels done Correlation: 0.37141765543684446
Network 3 - vAttention: 6500 voxels done Correlation: 0.37678437549531196
Network 3 - vAttention: 10000 voxels done Correlation: 0.3938864498258018
Network 3 - vAttention: 15000 voxels done Correlation: 0.3892168338272268
/home/fhopp/.conda/envs/mjs/lib/python3.8/site-packages/nilearn/masking.py:980: UserWarning: Data array used to create a new image contains 64-bit ints. This is likely due to creating the array with numpy and passing `int` as the `dtype`. Many tools such as FSL and SPM cannot deal with int64 in Nifti images, so for compatibility the data has been converted to int32.
  return new_img_like(mask_img, unmasked, affine)
Network 4 - Limbic: 50 voxels done Correlation: 0.22458875212746982
Network 4 - Limbic: 150 voxels done Correlation: 0.1810677244295344
Network 4 - Limbic: 250 voxels done Correlation: 0.2048494473097563
Network 4 - Limbic: 500 voxels done Correlation: 0.30310124122129845
Network 4 - Limbic: 750 voxels done Correlation: 0.25539935129445823
Network 4 - Limbic: 1000 voxels done Correlation: 0.25171177370939846
Network 4 - Limbic: 1500 voxels done Correlation: 0.27069583352053705
Network 4 - Limbic: 3000 voxels done Correlation: 0.28182000982594635
Network 4 - Limbic: 5000 voxels done Correlation: 0.28236623454324494
Network 4 - Limbic: 6500 voxels done Correlation: 0.28516816753231544
Network 4 - Limbic: 10000 voxels done Correlation: 0.28368479688305837
/home/fhopp/.conda/envs/mjs/lib/python3.8/site-packages/nilearn/masking.py:980: UserWarning: Data array used to create a new image contains 64-bit ints. This is likely due to creating the array with numpy and passing `int` as the `dtype`. Many tools such as FSL and SPM cannot deal with int64 in Nifti images, so for compatibility the data has been converted to int32.
  return new_img_like(mask_img, unmasked, affine)
Network 5 - Frontoparietal: 50 voxels done Correlation: 0.10896409115832881
Network 5 - Frontoparietal: 150 voxels done Correlation: 0.22683780413742421
Network 5 - Frontoparietal: 250 voxels done Correlation: 0.23871605311130192
Network 5 - Frontoparietal: 500 voxels done Correlation: 0.2086087929080973
Network 5 - Frontoparietal: 750 voxels done Correlation: 0.21240015948887855
Network 5 - Frontoparietal: 1000 voxels done Correlation: 0.20246665356978277
Network 5 - Frontoparietal: 1500 voxels done Correlation: 0.27277268157490464
Network 5 - Frontoparietal: 3000 voxels done Correlation: 0.2245522835990389
Network 5 - Frontoparietal: 5000 voxels done Correlation: 0.24808559338563457
Network 5 - Frontoparietal: 6500 voxels done Correlation: 0.2386870315527381
Network 5 - Frontoparietal: 10000 voxels done Correlation: 0.23835113282661216
Network 5 - Frontoparietal: 15000 voxels done Correlation: 0.23864807680312286
/home/fhopp/.conda/envs/mjs/lib/python3.8/site-packages/nilearn/masking.py:980: UserWarning: Data array used to create a new image contains 64-bit ints. This is likely due to creating the array with numpy and passing `int` as the `dtype`. Many tools such as FSL and SPM cannot deal with int64 in Nifti images, so for compatibility the data has been converted to int32.
  return new_img_like(mask_img, unmasked, affine)
Network 6 - Default Mode: 50 voxels done Correlation: 0.28957824170113305
Network 6 - Default Mode: 150 voxels done Correlation: 0.2908752403874833
Network 6 - Default Mode: 250 voxels done Correlation: 0.337229638208216
Network 6 - Default Mode: 500 voxels done Correlation: 0.42874424143347534
Network 6 - Default Mode: 750 voxels done Correlation: 0.4179062660429297
Network 6 - Default Mode: 1000 voxels done Correlation: 0.3685670709305253
Network 6 - Default Mode: 1500 voxels done Correlation: 0.3784768984542125
Network 6 - Default Mode: 3000 voxels done Correlation: 0.3858485257129979
Network 6 - Default Mode: 5000 voxels done Correlation: 0.38257961213406527
Network 6 - Default Mode: 6500 voxels done Correlation: 0.3891760115956403
Network 6 - Default Mode: 10000 voxels done Correlation: 0.40666241740400094
Network 6 - Default Mode: 15000 voxels done Correlation: 0.4061413496221533
Network 6 - Default Mode: 25000 voxels done Correlation: 0.408591997320694
/home/fhopp/.conda/envs/mjs/lib/python3.8/site-packages/nilearn/masking.py:980: UserWarning: Data array used to create a new image contains 64-bit ints. This is likely due to creating the array with numpy and passing `int` as the `dtype`. Many tools such as FSL and SPM cannot deal with int64 in Nifti images, so for compatibility the data has been converted to int32.
  return new_img_like(mask_img, unmasked, affine)
Network 7 - Subcortical: 50 voxels done Correlation: 0.08340738226288583
Network 7 - Subcortical: 150 voxels done Correlation: 0.18020989606745413
Network 7 - Subcortical: 250 voxels done Correlation: 0.13854652356795905
Network 7 - Subcortical: 500 voxels done Correlation: 0.19789971112878077
Network 7 - Subcortical: 750 voxels done Correlation: 0.21378659226525068
Network 7 - Subcortical: 1000 voxels done Correlation: 0.23138886559954544
Network 7 - Subcortical: 1500 voxels done Correlation: 0.17691530252919804
Network 7 - Subcortical: 3000 voxels done Correlation: 0.2117207689602621
Network 7 - Subcortical: 5000 voxels done Correlation: 0.16483674283945043
Network 7 - Subcortical: 6500 voxels done Correlation: 0.1634491919135338
Network 7 - Subcortical: 10000 voxels done Correlation: 0.16645927500073351
Network 8 - Consciousness: 50 voxels done Correlation: 0.291399640735087
Network 8 - Consciousness: 150 voxels done Correlation: 0.4036120589040496
Network 8 - Consciousness: 250 voxels done Correlation: 0.27528370279932235
Network 8 - Consciousness: 500 voxels done Correlation: 0.3403144374920718
Network 8 - Consciousness: 750 voxels done Correlation: 0.3006037416471018
Network 8 - Consciousness: 1000 voxels done Correlation: 0.4141228727070517
Network 8 - Consciousness: 1500 voxels done Correlation: 0.4753072072965686
Network 8 - Consciousness: 3000 voxels done Correlation: 0.44150339731388816
Network 8 - Consciousness: 5000 voxels done Correlation: 0.49811138613803607
Network 8 - Consciousness: 6500 voxels done Correlation: 0.4743706593935345
Network 8 - Consciousness: 10000 voxels done Correlation: 0.4535036371519965
Network 8 - Consciousness: 15000 voxels done Correlation: 0.4582443970053187
Network 8 - Consciousness: 25000 voxels done Correlation: 0.4708696095680197
Network 8 - Consciousness: 50000 voxels done Correlation: 0.4652874077168468
