Running job on: markov
Iteration: 429
Starting spatial evaluation...
/home/fhopp/.conda/envs/mjs/lib/python3.8/site-packages/nilearn/maskers/nifti_masker.py:110: UserWarning: imgs are being resampled to the mask_img resolution. This process is memory intensive. You might want to provide a target_affine that is equal to the affine of the imgs or resample the mask beforehand to save memory and computation time.
  warnings.warn(
/home/fhopp/.conda/envs/mjs/lib/python3.8/site-packages/nilearn/masking.py:980: UserWarning: Data array used to create a new image contains 64-bit ints. This is likely due to creating the array with numpy and passing `int` as the `dtype`. Many tools such as FSL and SPM cannot deal with int64 in Nifti images, so for compatibility the data has been converted to int32.
  return new_img_like(mask_img, unmasked, affine)
Network 0 - Visual: 50 voxels done Correlation: 0.5878028031407878
Network 0 - Visual: 150 voxels done Correlation: 0.6378375830393952
Network 0 - Visual: 250 voxels done Correlation: 0.5642185258621945
Network 0 - Visual: 500 voxels done Correlation: 0.6023306253029456
Network 0 - Visual: 750 voxels done Correlation: 0.6309853389257057
Network 0 - Visual: 1000 voxels done Correlation: 0.5306402303910831
Network 0 - Visual: 1500 voxels done Correlation: 0.6149474251025879
Network 0 - Visual: 3000 voxels done Correlation: 0.6170849839869628
Network 0 - Visual: 5000 voxels done Correlation: 0.6170285033876841
Network 0 - Visual: 6500 voxels done Correlation: 0.6245681153112901
Network 0 - Visual: 10000 voxels done Correlation: 0.6166204936465167
Network 0 - Visual: 15000 voxels done Correlation: 0.6318968815323598
/home/fhopp/.conda/envs/mjs/lib/python3.8/site-packages/nilearn/masking.py:980: UserWarning: Data array used to create a new image contains 64-bit ints. This is likely due to creating the array with numpy and passing `int` as the `dtype`. Many tools such as FSL and SPM cannot deal with int64 in Nifti images, so for compatibility the data has been converted to int32.
  return new_img_like(mask_img, unmasked, affine)
Network 1 - Somatomotor: 50 voxels done Correlation: 0.2314123240836497
Network 1 - Somatomotor: 150 voxels done Correlation: 0.3577120834683004
Network 1 - Somatomotor: 250 voxels done Correlation: 0.27830796327234353
Network 1 - Somatomotor: 500 voxels done Correlation: 0.3786543044493208
Network 1 - Somatomotor: 750 voxels done Correlation: 0.3610641098299161
Network 1 - Somatomotor: 1000 voxels done Correlation: 0.3450631315746009
Network 1 - Somatomotor: 1500 voxels done Correlation: 0.3539337964533813
Network 1 - Somatomotor: 3000 voxels done Correlation: 0.3443492578850773
Network 1 - Somatomotor: 5000 voxels done Correlation: 0.3496113920621665
Network 1 - Somatomotor: 6500 voxels done Correlation: 0.3387674623284118
Network 1 - Somatomotor: 10000 voxels done Correlation: 0.3352037951945872
Network 1 - Somatomotor: 15000 voxels done Correlation: 0.3439075808757847
/home/fhopp/.conda/envs/mjs/lib/python3.8/site-packages/nilearn/masking.py:980: UserWarning: Data array used to create a new image contains 64-bit ints. This is likely due to creating the array with numpy and passing `int` as the `dtype`. Many tools such as FSL and SPM cannot deal with int64 in Nifti images, so for compatibility the data has been converted to int32.
  return new_img_like(mask_img, unmasked, affine)
Network 2 - dAttention: 50 voxels done Correlation: 0.17153246960556584
Network 2 - dAttention: 150 voxels done Correlation: 0.3669697370617502
Network 2 - dAttention: 250 voxels done Correlation: 0.3219801435344266
Network 2 - dAttention: 500 voxels done Correlation: 0.27260743278505173
Network 2 - dAttention: 750 voxels done Correlation: 0.38912958205691495
Network 2 - dAttention: 1000 voxels done Correlation: 0.3284782851732367
Network 2 - dAttention: 1500 voxels done Correlation: 0.32232382078747496
Network 2 - dAttention: 3000 voxels done Correlation: 0.34001446349670483
Network 2 - dAttention: 5000 voxels done Correlation: 0.3334877707550666
Network 2 - dAttention: 6500 voxels done Correlation: 0.32674162814197005
Network 2 - dAttention: 10000 voxels done Correlation: 0.34645263401029036
Network 2 - dAttention: 15000 voxels done Correlation: 0.33467851272558957
/home/fhopp/.conda/envs/mjs/lib/python3.8/site-packages/nilearn/masking.py:980: UserWarning: Data array used to create a new image contains 64-bit ints. This is likely due to creating the array with numpy and passing `int` as the `dtype`. Many tools such as FSL and SPM cannot deal with int64 in Nifti images, so for compatibility the data has been converted to int32.
  return new_img_like(mask_img, unmasked, affine)
Network 3 - vAttention: 50 voxels done Correlation: 0.3231442677821661
Network 3 - vAttention: 150 voxels done Correlation: 0.3326017297798505
Network 3 - vAttention: 250 voxels done Correlation: 0.3655949786566106
Network 3 - vAttention: 500 voxels done Correlation: 0.4088198391788835
Network 3 - vAttention: 750 voxels done Correlation: 0.3229633831337633
Network 3 - vAttention: 1000 voxels done Correlation: 0.3530026142568421
Network 3 - vAttention: 1500 voxels done Correlation: 0.3433171103876034
Network 3 - vAttention: 3000 voxels done Correlation: 0.35049389496053607
Network 3 - vAttention: 5000 voxels done Correlation: 0.3757321046848074
Network 3 - vAttention: 6500 voxels done Correlation: 0.3878385821508371
Network 3 - vAttention: 10000 voxels done Correlation: 0.38901430815476457
Network 3 - vAttention: 15000 voxels done Correlation: 0.38783495988674244
/home/fhopp/.conda/envs/mjs/lib/python3.8/site-packages/nilearn/masking.py:980: UserWarning: Data array used to create a new image contains 64-bit ints. This is likely due to creating the array with numpy and passing `int` as the `dtype`. Many tools such as FSL and SPM cannot deal with int64 in Nifti images, so for compatibility the data has been converted to int32.
  return new_img_like(mask_img, unmasked, affine)
Network 4 - Limbic: 50 voxels done Correlation: 0.19429138764914206
Network 4 - Limbic: 150 voxels done Correlation: 0.26752431802976695
Network 4 - Limbic: 250 voxels done Correlation: 0.19321122633354615
Network 4 - Limbic: 500 voxels done Correlation: 0.19078126541669058
Network 4 - Limbic: 750 voxels done Correlation: 0.2955181465736364
Network 4 - Limbic: 1000 voxels done Correlation: 0.2938634476136167
Network 4 - Limbic: 1500 voxels done Correlation: 0.2846478446844072
Network 4 - Limbic: 3000 voxels done Correlation: 0.26379408925544023
Network 4 - Limbic: 5000 voxels done Correlation: 0.28898689726786897
Network 4 - Limbic: 6500 voxels done Correlation: 0.2853191467463161
Network 4 - Limbic: 10000 voxels done Correlation: 0.2790383083386847
/home/fhopp/.conda/envs/mjs/lib/python3.8/site-packages/nilearn/masking.py:980: UserWarning: Data array used to create a new image contains 64-bit ints. This is likely due to creating the array with numpy and passing `int` as the `dtype`. Many tools such as FSL and SPM cannot deal with int64 in Nifti images, so for compatibility the data has been converted to int32.
  return new_img_like(mask_img, unmasked, affine)
Network 5 - Frontoparietal: 50 voxels done Correlation: 0.172668865598919
Network 5 - Frontoparietal: 150 voxels done Correlation: 0.20627258177504895
Network 5 - Frontoparietal: 250 voxels done Correlation: 0.2398776611477509
Network 5 - Frontoparietal: 500 voxels done Correlation: 0.2111128391398826
Network 5 - Frontoparietal: 750 voxels done Correlation: 0.22553246878682826
Network 5 - Frontoparietal: 1000 voxels done Correlation: 0.22007822461394494
Network 5 - Frontoparietal: 1500 voxels done Correlation: 0.2523956922428409
Network 5 - Frontoparietal: 3000 voxels done Correlation: 0.24151202082944162
Network 5 - Frontoparietal: 5000 voxels done Correlation: 0.22160854578711847
Network 5 - Frontoparietal: 6500 voxels done Correlation: 0.2304939104274611
Network 5 - Frontoparietal: 10000 voxels done Correlation: 0.2422237083840712
Network 5 - Frontoparietal: 15000 voxels done Correlation: 0.23603482428531758
/home/fhopp/.conda/envs/mjs/lib/python3.8/site-packages/nilearn/masking.py:980: UserWarning: Data array used to create a new image contains 64-bit ints. This is likely due to creating the array with numpy and passing `int` as the `dtype`. Many tools such as FSL and SPM cannot deal with int64 in Nifti images, so for compatibility the data has been converted to int32.
  return new_img_like(mask_img, unmasked, affine)
Network 6 - Default Mode: 50 voxels done Correlation: 0.2089180990971719
Network 6 - Default Mode: 150 voxels done Correlation: 0.36588663163761326
Network 6 - Default Mode: 250 voxels done Correlation: 0.4092417636696901
Network 6 - Default Mode: 500 voxels done Correlation: 0.4268770895825599
Network 6 - Default Mode: 750 voxels done Correlation: 0.36611726568609065
Network 6 - Default Mode: 1000 voxels done Correlation: 0.41511453403044934
Network 6 - Default Mode: 1500 voxels done Correlation: 0.3798436903851182
Network 6 - Default Mode: 3000 voxels done Correlation: 0.3614946708989635
Network 6 - Default Mode: 5000 voxels done Correlation: 0.3954408142455722
Network 6 - Default Mode: 6500 voxels done Correlation: 0.4049059376154239
Network 6 - Default Mode: 10000 voxels done Correlation: 0.3936778137638093
Network 6 - Default Mode: 15000 voxels done Correlation: 0.4090092115172297
Network 6 - Default Mode: 25000 voxels done Correlation: 0.4067179949661893
/home/fhopp/.conda/envs/mjs/lib/python3.8/site-packages/nilearn/masking.py:980: UserWarning: Data array used to create a new image contains 64-bit ints. This is likely due to creating the array with numpy and passing `int` as the `dtype`. Many tools such as FSL and SPM cannot deal with int64 in Nifti images, so for compatibility the data has been converted to int32.
  return new_img_like(mask_img, unmasked, affine)
Network 7 - Subcortical: 50 voxels done Correlation: 0.17783651027871417
Network 7 - Subcortical: 150 voxels done Correlation: 0.11313955642096597
Network 7 - Subcortical: 250 voxels done Correlation: 0.1804621726542901
Network 7 - Subcortical: 500 voxels done Correlation: 0.1937110777184604
Network 7 - Subcortical: 750 voxels done Correlation: 0.21825231762316905
Network 7 - Subcortical: 1000 voxels done Correlation: 0.2103973817547948
Network 7 - Subcortical: 1500 voxels done Correlation: 0.21374563184009787
Network 7 - Subcortical: 3000 voxels done Correlation: 0.16688459057127303
Network 7 - Subcortical: 5000 voxels done Correlation: 0.17570045811654128
Network 7 - Subcortical: 6500 voxels done Correlation: 0.15378334890754333
Network 7 - Subcortical: 10000 voxels done Correlation: 0.1633273475114691
Network 8 - Consciousness: 50 voxels done Correlation: 0.26277076880267625
Network 8 - Consciousness: 150 voxels done Correlation: 0.2671871102553982
Network 8 - Consciousness: 250 voxels done Correlation: 0.45828454846934724
Network 8 - Consciousness: 500 voxels done Correlation: 0.30346664382963334
Network 8 - Consciousness: 750 voxels done Correlation: 0.36730797726604725
Network 8 - Consciousness: 1000 voxels done Correlation: 0.4063775148911464
Network 8 - Consciousness: 1500 voxels done Correlation: 0.40578883818843126
Network 8 - Consciousness: 3000 voxels done Correlation: 0.44418274627826143
Network 8 - Consciousness: 5000 voxels done Correlation: 0.4734419728982856
Network 8 - Consciousness: 6500 voxels done Correlation: 0.4575275873613551
Network 8 - Consciousness: 10000 voxels done Correlation: 0.4528654785969597
Network 8 - Consciousness: 15000 voxels done Correlation: 0.4710786374885516
Network 8 - Consciousness: 25000 voxels done Correlation: 0.46712715254907083
Network 8 - Consciousness: 50000 voxels done Correlation: 0.46811342614825313
