Running job on: easley
Iteration: 760
Starting spatial evaluation...
/home/fhopp/.conda/envs/mjs/lib/python3.8/site-packages/nilearn/maskers/nifti_masker.py:110: UserWarning: imgs are being resampled to the mask_img resolution. This process is memory intensive. You might want to provide a target_affine that is equal to the affine of the imgs or resample the mask beforehand to save memory and computation time.
  warnings.warn(
/home/fhopp/.conda/envs/mjs/lib/python3.8/site-packages/nilearn/masking.py:980: UserWarning: Data array used to create a new image contains 64-bit ints. This is likely due to creating the array with numpy and passing `int` as the `dtype`. Many tools such as FSL and SPM cannot deal with int64 in Nifti images, so for compatibility the data has been converted to int32.
  return new_img_like(mask_img, unmasked, affine)
Network 0 - Visual: 50 voxels done Correlation: 0.5178330796554618
Network 0 - Visual: 150 voxels done Correlation: 0.527979324117742
Network 0 - Visual: 250 voxels done Correlation: 0.5942054110864676
Network 0 - Visual: 500 voxels done Correlation: 0.5485867202305579
Network 0 - Visual: 750 voxels done Correlation: 0.5326722708254006
Network 0 - Visual: 1000 voxels done Correlation: 0.6090336541340549
Network 0 - Visual: 1500 voxels done Correlation: 0.6361624381452614
Network 0 - Visual: 3000 voxels done Correlation: 0.612176736047358
Network 0 - Visual: 5000 voxels done Correlation: 0.6438757089308239
Network 0 - Visual: 6500 voxels done Correlation: 0.6324261072737796
Network 0 - Visual: 10000 voxels done Correlation: 0.6141364528392423
Network 0 - Visual: 15000 voxels done Correlation: 0.6338083877268617
/home/fhopp/.conda/envs/mjs/lib/python3.8/site-packages/nilearn/masking.py:980: UserWarning: Data array used to create a new image contains 64-bit ints. This is likely due to creating the array with numpy and passing `int` as the `dtype`. Many tools such as FSL and SPM cannot deal with int64 in Nifti images, so for compatibility the data has been converted to int32.
  return new_img_like(mask_img, unmasked, affine)
Network 1 - Somatomotor: 50 voxels done Correlation: 0.19069747806089385
Network 1 - Somatomotor: 150 voxels done Correlation: 0.32002745662091353
Network 1 - Somatomotor: 250 voxels done Correlation: 0.34110756785691837
Network 1 - Somatomotor: 500 voxels done Correlation: 0.323755693713358
Network 1 - Somatomotor: 750 voxels done Correlation: 0.3299755409698759
Network 1 - Somatomotor: 1000 voxels done Correlation: 0.3171914122241627
Network 1 - Somatomotor: 1500 voxels done Correlation: 0.3456572662736911
Network 1 - Somatomotor: 3000 voxels done Correlation: 0.3386962419440468
Network 1 - Somatomotor: 5000 voxels done Correlation: 0.3352606214271206
Network 1 - Somatomotor: 6500 voxels done Correlation: 0.3522647217183187
Network 1 - Somatomotor: 10000 voxels done Correlation: 0.34477663298524797
Network 1 - Somatomotor: 15000 voxels done Correlation: 0.3464487424840635
/home/fhopp/.conda/envs/mjs/lib/python3.8/site-packages/nilearn/masking.py:980: UserWarning: Data array used to create a new image contains 64-bit ints. This is likely due to creating the array with numpy and passing `int` as the `dtype`. Many tools such as FSL and SPM cannot deal with int64 in Nifti images, so for compatibility the data has been converted to int32.
  return new_img_like(mask_img, unmasked, affine)
Network 2 - dAttention: 50 voxels done Correlation: 0.2984857766199601
Network 2 - dAttention: 150 voxels done Correlation: 0.27759468038323
Network 2 - dAttention: 250 voxels done Correlation: 0.2789402555723456
Network 2 - dAttention: 500 voxels done Correlation: 0.3373149860546096
Network 2 - dAttention: 750 voxels done Correlation: 0.3289280189676068
Network 2 - dAttention: 1000 voxels done Correlation: 0.2889345066552981
Network 2 - dAttention: 1500 voxels done Correlation: 0.2661594897685356
Network 2 - dAttention: 3000 voxels done Correlation: 0.3115510992653888
Network 2 - dAttention: 5000 voxels done Correlation: 0.321680011966494
Network 2 - dAttention: 6500 voxels done Correlation: 0.34066754177069697
Network 2 - dAttention: 10000 voxels done Correlation: 0.3393330066103078
Network 2 - dAttention: 15000 voxels done Correlation: 0.33364461499092657
/home/fhopp/.conda/envs/mjs/lib/python3.8/site-packages/nilearn/masking.py:980: UserWarning: Data array used to create a new image contains 64-bit ints. This is likely due to creating the array with numpy and passing `int` as the `dtype`. Many tools such as FSL and SPM cannot deal with int64 in Nifti images, so for compatibility the data has been converted to int32.
  return new_img_like(mask_img, unmasked, affine)
Network 3 - vAttention: 50 voxels done Correlation: 0.21997223622135112
Network 3 - vAttention: 150 voxels done Correlation: 0.2837089000741772
Network 3 - vAttention: 250 voxels done Correlation: 0.24873510237894944
Network 3 - vAttention: 500 voxels done Correlation: 0.3133576641457152
Network 3 - vAttention: 750 voxels done Correlation: 0.34126049245428874
Network 3 - vAttention: 1000 voxels done Correlation: 0.3162432128000414
Network 3 - vAttention: 1500 voxels done Correlation: 0.34415160043484505
Network 3 - vAttention: 3000 voxels done Correlation: 0.39165352771199047
Network 3 - vAttention: 5000 voxels done Correlation: 0.37170838651626825
Network 3 - vAttention: 6500 voxels done Correlation: 0.37203401542509684
Network 3 - vAttention: 10000 voxels done Correlation: 0.3864546236511176
Network 3 - vAttention: 15000 voxels done Correlation: 0.38742809553651436
/home/fhopp/.conda/envs/mjs/lib/python3.8/site-packages/nilearn/masking.py:980: UserWarning: Data array used to create a new image contains 64-bit ints. This is likely due to creating the array with numpy and passing `int` as the `dtype`. Many tools such as FSL and SPM cannot deal with int64 in Nifti images, so for compatibility the data has been converted to int32.
  return new_img_like(mask_img, unmasked, affine)
Network 4 - Limbic: 50 voxels done Correlation: 0.18926787085915248
Network 4 - Limbic: 150 voxels done Correlation: 0.21625049722569295
Network 4 - Limbic: 250 voxels done Correlation: 0.21078620335303694
Network 4 - Limbic: 500 voxels done Correlation: 0.29655212074953274
Network 4 - Limbic: 750 voxels done Correlation: 0.28698667263231065
Network 4 - Limbic: 1000 voxels done Correlation: 0.2573938495328316
Network 4 - Limbic: 1500 voxels done Correlation: 0.2862198375457405
Network 4 - Limbic: 3000 voxels done Correlation: 0.2896815244083514
Network 4 - Limbic: 5000 voxels done Correlation: 0.2945087411200901
Network 4 - Limbic: 6500 voxels done Correlation: 0.28381075081527823
Network 4 - Limbic: 10000 voxels done Correlation: 0.2865877485655212
/home/fhopp/.conda/envs/mjs/lib/python3.8/site-packages/nilearn/masking.py:980: UserWarning: Data array used to create a new image contains 64-bit ints. This is likely due to creating the array with numpy and passing `int` as the `dtype`. Many tools such as FSL and SPM cannot deal with int64 in Nifti images, so for compatibility the data has been converted to int32.
  return new_img_like(mask_img, unmasked, affine)
Network 5 - Frontoparietal: 50 voxels done Correlation: 0.08130867217585243
Network 5 - Frontoparietal: 150 voxels done Correlation: 0.15272053083385073
Network 5 - Frontoparietal: 250 voxels done Correlation: 0.14960799955550533
Network 5 - Frontoparietal: 500 voxels done Correlation: 0.19221015202488811
Network 5 - Frontoparietal: 750 voxels done Correlation: 0.2584588430915799
Network 5 - Frontoparietal: 1000 voxels done Correlation: 0.19512854505322377
Network 5 - Frontoparietal: 1500 voxels done Correlation: 0.23765064985879295
Network 5 - Frontoparietal: 3000 voxels done Correlation: 0.2536816287896449
Network 5 - Frontoparietal: 5000 voxels done Correlation: 0.24493817467890036
Network 5 - Frontoparietal: 6500 voxels done Correlation: 0.2291287621023489
Network 5 - Frontoparietal: 10000 voxels done Correlation: 0.2411315574592473
Network 5 - Frontoparietal: 15000 voxels done Correlation: 0.23839558152365153
/home/fhopp/.conda/envs/mjs/lib/python3.8/site-packages/nilearn/masking.py:980: UserWarning: Data array used to create a new image contains 64-bit ints. This is likely due to creating the array with numpy and passing `int` as the `dtype`. Many tools such as FSL and SPM cannot deal with int64 in Nifti images, so for compatibility the data has been converted to int32.
  return new_img_like(mask_img, unmasked, affine)
Network 6 - Default Mode: 50 voxels done Correlation: 0.2367080161019387
Network 6 - Default Mode: 150 voxels done Correlation: 0.34199736464448716
Network 6 - Default Mode: 250 voxels done Correlation: 0.374807395840169
Network 6 - Default Mode: 500 voxels done Correlation: 0.375552118850657
Network 6 - Default Mode: 750 voxels done Correlation: 0.3889294699066362
Network 6 - Default Mode: 1000 voxels done Correlation: 0.3205208543475131
Network 6 - Default Mode: 1500 voxels done Correlation: 0.37259716643210655
Network 6 - Default Mode: 3000 voxels done Correlation: 0.37514758860356023
Network 6 - Default Mode: 5000 voxels done Correlation: 0.39632862601384455
Network 6 - Default Mode: 6500 voxels done Correlation: 0.3943553604400111
Network 6 - Default Mode: 10000 voxels done Correlation: 0.4144109604418306
Network 6 - Default Mode: 15000 voxels done Correlation: 0.40752278309800405
Network 6 - Default Mode: 25000 voxels done Correlation: 0.4069950265278499
/home/fhopp/.conda/envs/mjs/lib/python3.8/site-packages/nilearn/masking.py:980: UserWarning: Data array used to create a new image contains 64-bit ints. This is likely due to creating the array with numpy and passing `int` as the `dtype`. Many tools such as FSL and SPM cannot deal with int64 in Nifti images, so for compatibility the data has been converted to int32.
  return new_img_like(mask_img, unmasked, affine)
Network 7 - Subcortical: 50 voxels done Correlation: 0.1228093482365174
Network 7 - Subcortical: 150 voxels done Correlation: 0.2844745172561498
Network 7 - Subcortical: 250 voxels done Correlation: 0.17450741463479752
Network 7 - Subcortical: 500 voxels done Correlation: 0.2915948421173524
Network 7 - Subcortical: 750 voxels done Correlation: 0.16774597843697148
Network 7 - Subcortical: 1000 voxels done Correlation: 0.24556137301083525
Network 7 - Subcortical: 1500 voxels done Correlation: 0.19397734437905081
Network 7 - Subcortical: 3000 voxels done Correlation: 0.19547116150439992
Network 7 - Subcortical: 5000 voxels done Correlation: 0.16299738444865242
Network 7 - Subcortical: 6500 voxels done Correlation: 0.1697385454469073
Network 7 - Subcortical: 10000 voxels done Correlation: 0.16805529992862794
Network 8 - Consciousness: 50 voxels done Correlation: 0.2391365197691534
Network 8 - Consciousness: 150 voxels done Correlation: 0.3052385287017927
Network 8 - Consciousness: 250 voxels done Correlation: 0.45538748656460837
Network 8 - Consciousness: 500 voxels done Correlation: 0.45062811523394775
Network 8 - Consciousness: 750 voxels done Correlation: 0.35493132648572934
Network 8 - Consciousness: 1000 voxels done Correlation: 0.38125677312397943
Network 8 - Consciousness: 1500 voxels done Correlation: 0.41379582001002424
Network 8 - Consciousness: 3000 voxels done Correlation: 0.4155884180110911
Network 8 - Consciousness: 5000 voxels done Correlation: 0.4620801304067883
Network 8 - Consciousness: 6500 voxels done Correlation: 0.4418291260923831
Network 8 - Consciousness: 10000 voxels done Correlation: 0.46368865470157916
Network 8 - Consciousness: 15000 voxels done Correlation: 0.4520681944031202
Network 8 - Consciousness: 25000 voxels done Correlation: 0.457836905084401
Network 8 - Consciousness: 50000 voxels done Correlation: 0.46726151495058643
