Running job on: wood
Iteration: 303
Starting spatial evaluation...
/home/fhopp/.conda/envs/mjs/lib/python3.8/site-packages/nilearn/maskers/nifti_masker.py:110: UserWarning: imgs are being resampled to the mask_img resolution. This process is memory intensive. You might want to provide a target_affine that is equal to the affine of the imgs or resample the mask beforehand to save memory and computation time.
  warnings.warn(
/home/fhopp/.conda/envs/mjs/lib/python3.8/site-packages/nilearn/masking.py:980: UserWarning: Data array used to create a new image contains 64-bit ints. This is likely due to creating the array with numpy and passing `int` as the `dtype`. Many tools such as FSL and SPM cannot deal with int64 in Nifti images, so for compatibility the data has been converted to int32.
  return new_img_like(mask_img, unmasked, affine)
Network 0 - Visual: 50 voxels done Correlation: 0.6961695734411336
Network 0 - Visual: 150 voxels done Correlation: 0.648326839530204
Network 0 - Visual: 250 voxels done Correlation: 0.570790331706859
Network 0 - Visual: 500 voxels done Correlation: 0.4723868647117433
Network 0 - Visual: 750 voxels done Correlation: 0.5660533670773321
Network 0 - Visual: 1000 voxels done Correlation: 0.6279081310676833
Network 0 - Visual: 1500 voxels done Correlation: 0.5982060358544571
Network 0 - Visual: 3000 voxels done Correlation: 0.6171436817424685
Network 0 - Visual: 5000 voxels done Correlation: 0.6455252977602921
Network 0 - Visual: 6500 voxels done Correlation: 0.6272574406133178
Network 0 - Visual: 10000 voxels done Correlation: 0.6255402727851598
Network 0 - Visual: 15000 voxels done Correlation: 0.629041748544547
/home/fhopp/.conda/envs/mjs/lib/python3.8/site-packages/nilearn/masking.py:980: UserWarning: Data array used to create a new image contains 64-bit ints. This is likely due to creating the array with numpy and passing `int` as the `dtype`. Many tools such as FSL and SPM cannot deal with int64 in Nifti images, so for compatibility the data has been converted to int32.
  return new_img_like(mask_img, unmasked, affine)
Network 1 - Somatomotor: 50 voxels done Correlation: 0.1664323930295421
Network 1 - Somatomotor: 150 voxels done Correlation: 0.3946482139545259
Network 1 - Somatomotor: 250 voxels done Correlation: 0.2484616831336819
Network 1 - Somatomotor: 500 voxels done Correlation: 0.37868628298902995
Network 1 - Somatomotor: 750 voxels done Correlation: 0.3314466521896162
Network 1 - Somatomotor: 1000 voxels done Correlation: 0.37395946702305827
Network 1 - Somatomotor: 1500 voxels done Correlation: 0.30844482128693573
Network 1 - Somatomotor: 3000 voxels done Correlation: 0.333049358743686
Network 1 - Somatomotor: 5000 voxels done Correlation: 0.33812961439301326
Network 1 - Somatomotor: 6500 voxels done Correlation: 0.35136884696154635
Network 1 - Somatomotor: 10000 voxels done Correlation: 0.34856489335131535
Network 1 - Somatomotor: 15000 voxels done Correlation: 0.34350239255457715
/home/fhopp/.conda/envs/mjs/lib/python3.8/site-packages/nilearn/masking.py:980: UserWarning: Data array used to create a new image contains 64-bit ints. This is likely due to creating the array with numpy and passing `int` as the `dtype`. Many tools such as FSL and SPM cannot deal with int64 in Nifti images, so for compatibility the data has been converted to int32.
  return new_img_like(mask_img, unmasked, affine)
Network 2 - dAttention: 50 voxels done Correlation: 0.15448821842595417
Network 2 - dAttention: 150 voxels done Correlation: 0.3195725075699015
Network 2 - dAttention: 250 voxels done Correlation: 0.28435306173311414
Network 2 - dAttention: 500 voxels done Correlation: 0.3420259732802273
Network 2 - dAttention: 750 voxels done Correlation: 0.33472560942459495
Network 2 - dAttention: 1000 voxels done Correlation: 0.3221292889457445
Network 2 - dAttention: 1500 voxels done Correlation: 0.32609004872663816
Network 2 - dAttention: 3000 voxels done Correlation: 0.3306872775183335
Network 2 - dAttention: 5000 voxels done Correlation: 0.33135231479109767
Network 2 - dAttention: 6500 voxels done Correlation: 0.33042330370947515
Network 2 - dAttention: 10000 voxels done Correlation: 0.33988168854012396
Network 2 - dAttention: 15000 voxels done Correlation: 0.3325291077443059
/home/fhopp/.conda/envs/mjs/lib/python3.8/site-packages/nilearn/masking.py:980: UserWarning: Data array used to create a new image contains 64-bit ints. This is likely due to creating the array with numpy and passing `int` as the `dtype`. Many tools such as FSL and SPM cannot deal with int64 in Nifti images, so for compatibility the data has been converted to int32.
  return new_img_like(mask_img, unmasked, affine)
Network 3 - vAttention: 50 voxels done Correlation: 0.20117065810493295
Network 3 - vAttention: 150 voxels done Correlation: 0.295843592883295
Network 3 - vAttention: 250 voxels done Correlation: 0.23583396965637354
Network 3 - vAttention: 500 voxels done Correlation: 0.3397859633161655
Network 3 - vAttention: 750 voxels done Correlation: 0.3417035216527293
Network 3 - vAttention: 1000 voxels done Correlation: 0.35774299602331455
Network 3 - vAttention: 1500 voxels done Correlation: 0.3333671639581395
Network 3 - vAttention: 3000 voxels done Correlation: 0.36769043341749885
Network 3 - vAttention: 5000 voxels done Correlation: 0.3522514766834973
Network 3 - vAttention: 6500 voxels done Correlation: 0.37977698781731134
Network 3 - vAttention: 10000 voxels done Correlation: 0.3805741117472435
Network 3 - vAttention: 15000 voxels done Correlation: 0.3880503957424274
/home/fhopp/.conda/envs/mjs/lib/python3.8/site-packages/nilearn/masking.py:980: UserWarning: Data array used to create a new image contains 64-bit ints. This is likely due to creating the array with numpy and passing `int` as the `dtype`. Many tools such as FSL and SPM cannot deal with int64 in Nifti images, so for compatibility the data has been converted to int32.
  return new_img_like(mask_img, unmasked, affine)
Network 4 - Limbic: 50 voxels done Correlation: 0.2030805161151687
Network 4 - Limbic: 150 voxels done Correlation: 0.1902095074373723
Network 4 - Limbic: 250 voxels done Correlation: 0.2361097391455006
Network 4 - Limbic: 500 voxels done Correlation: 0.2652117228783474
Network 4 - Limbic: 750 voxels done Correlation: 0.281306457318378
Network 4 - Limbic: 1000 voxels done Correlation: 0.2841402342413645
Network 4 - Limbic: 1500 voxels done Correlation: 0.29382866886883185
Network 4 - Limbic: 3000 voxels done Correlation: 0.2730733587918456
Network 4 - Limbic: 5000 voxels done Correlation: 0.2955733498265066
Network 4 - Limbic: 6500 voxels done Correlation: 0.2872197784575934
Network 4 - Limbic: 10000 voxels done Correlation: 0.28250723677345924
/home/fhopp/.conda/envs/mjs/lib/python3.8/site-packages/nilearn/masking.py:980: UserWarning: Data array used to create a new image contains 64-bit ints. This is likely due to creating the array with numpy and passing `int` as the `dtype`. Many tools such as FSL and SPM cannot deal with int64 in Nifti images, so for compatibility the data has been converted to int32.
  return new_img_like(mask_img, unmasked, affine)
Network 5 - Frontoparietal: 50 voxels done Correlation: 0.25565455950253857
Network 5 - Frontoparietal: 150 voxels done Correlation: 0.16122802797960573
Network 5 - Frontoparietal: 250 voxels done Correlation: 0.1738781682816128
Network 5 - Frontoparietal: 500 voxels done Correlation: 0.23779132608005277
Network 5 - Frontoparietal: 750 voxels done Correlation: 0.24307241433018104
Network 5 - Frontoparietal: 1000 voxels done Correlation: 0.2564102088683934
Network 5 - Frontoparietal: 1500 voxels done Correlation: 0.2479081438387673
Network 5 - Frontoparietal: 3000 voxels done Correlation: 0.23951779525428263
Network 5 - Frontoparietal: 5000 voxels done Correlation: 0.23804278251341668
Network 5 - Frontoparietal: 6500 voxels done Correlation: 0.23625696893346537
Network 5 - Frontoparietal: 10000 voxels done Correlation: 0.24018845864401295
Network 5 - Frontoparietal: 15000 voxels done Correlation: 0.2394160439633622
/home/fhopp/.conda/envs/mjs/lib/python3.8/site-packages/nilearn/masking.py:980: UserWarning: Data array used to create a new image contains 64-bit ints. This is likely due to creating the array with numpy and passing `int` as the `dtype`. Many tools such as FSL and SPM cannot deal with int64 in Nifti images, so for compatibility the data has been converted to int32.
  return new_img_like(mask_img, unmasked, affine)
Network 6 - Default Mode: 50 voxels done Correlation: 0.26780938274275673
Network 6 - Default Mode: 150 voxels done Correlation: 0.374205424288211
Network 6 - Default Mode: 250 voxels done Correlation: 0.35503682324416397
Network 6 - Default Mode: 500 voxels done Correlation: 0.35469698232822167
Network 6 - Default Mode: 750 voxels done Correlation: 0.415889713457933
Network 6 - Default Mode: 1000 voxels done Correlation: 0.40602896485097995
Network 6 - Default Mode: 1500 voxels done Correlation: 0.3302529456354062
Network 6 - Default Mode: 3000 voxels done Correlation: 0.3990924319320073
Network 6 - Default Mode: 5000 voxels done Correlation: 0.3784602547673264
Network 6 - Default Mode: 6500 voxels done Correlation: 0.3920562432604728
Network 6 - Default Mode: 10000 voxels done Correlation: 0.40026673986398287
Network 6 - Default Mode: 15000 voxels done Correlation: 0.4024060365258135
Network 6 - Default Mode: 25000 voxels done Correlation: 0.4157383230434749
/home/fhopp/.conda/envs/mjs/lib/python3.8/site-packages/nilearn/masking.py:980: UserWarning: Data array used to create a new image contains 64-bit ints. This is likely due to creating the array with numpy and passing `int` as the `dtype`. Many tools such as FSL and SPM cannot deal with int64 in Nifti images, so for compatibility the data has been converted to int32.
  return new_img_like(mask_img, unmasked, affine)
Network 7 - Subcortical: 50 voxels done Correlation: 0.19059230278294062
Network 7 - Subcortical: 150 voxels done Correlation: 0.13701047349172757
Network 7 - Subcortical: 250 voxels done Correlation: 0.1497199546097669
Network 7 - Subcortical: 500 voxels done Correlation: 0.25675515736389537
Network 7 - Subcortical: 750 voxels done Correlation: 0.20971433772985912
Network 7 - Subcortical: 1000 voxels done Correlation: 0.23809694360871417
Network 7 - Subcortical: 1500 voxels done Correlation: 0.1854201148377193
Network 7 - Subcortical: 3000 voxels done Correlation: 0.2034600770251832
Network 7 - Subcortical: 5000 voxels done Correlation: 0.16488235489768538
Network 7 - Subcortical: 6500 voxels done Correlation: 0.17350308415090981
Network 7 - Subcortical: 10000 voxels done Correlation: 0.16265042092635953
Network 8 - Consciousness: 50 voxels done Correlation: 0.30230545355752997
Network 8 - Consciousness: 150 voxels done Correlation: 0.28454966220909095
Network 8 - Consciousness: 250 voxels done Correlation: 0.3110687779453355
Network 8 - Consciousness: 500 voxels done Correlation: 0.38692670960013686
Network 8 - Consciousness: 750 voxels done Correlation: 0.42556599097896786
Network 8 - Consciousness: 1000 voxels done Correlation: 0.4643721046653937
Network 8 - Consciousness: 1500 voxels done Correlation: 0.38065774354422033
Network 8 - Consciousness: 3000 voxels done Correlation: 0.43565998342616574
Network 8 - Consciousness: 5000 voxels done Correlation: 0.51417355181178
Network 8 - Consciousness: 6500 voxels done Correlation: 0.4553324949069172
Network 8 - Consciousness: 10000 voxels done Correlation: 0.4537071462548946
Network 8 - Consciousness: 15000 voxels done Correlation: 0.46074190174534574
Network 8 - Consciousness: 25000 voxels done Correlation: 0.47109226938097293
Network 8 - Consciousness: 50000 voxels done Correlation: 0.4674674620306701
