Running job on: wood
Iteration: 733
Starting spatial evaluation...
/home/fhopp/.conda/envs/mjs/lib/python3.8/site-packages/nilearn/maskers/nifti_masker.py:110: UserWarning: imgs are being resampled to the mask_img resolution. This process is memory intensive. You might want to provide a target_affine that is equal to the affine of the imgs or resample the mask beforehand to save memory and computation time.
  warnings.warn(
/home/fhopp/.conda/envs/mjs/lib/python3.8/site-packages/nilearn/masking.py:980: UserWarning: Data array used to create a new image contains 64-bit ints. This is likely due to creating the array with numpy and passing `int` as the `dtype`. Many tools such as FSL and SPM cannot deal with int64 in Nifti images, so for compatibility the data has been converted to int32.
  return new_img_like(mask_img, unmasked, affine)
Network 0 - Visual: 50 voxels done Correlation: 0.6074489647642433
Network 0 - Visual: 150 voxels done Correlation: 0.6746540634747804
Network 0 - Visual: 250 voxels done Correlation: 0.6355651263997689
Network 0 - Visual: 500 voxels done Correlation: 0.6353604141678735
Network 0 - Visual: 750 voxels done Correlation: 0.5865309025878602
Network 0 - Visual: 1000 voxels done Correlation: 0.6063449178292033
Network 0 - Visual: 1500 voxels done Correlation: 0.6129096082643117
Network 0 - Visual: 3000 voxels done Correlation: 0.629761418707866
Network 0 - Visual: 5000 voxels done Correlation: 0.6220389276084968
Network 0 - Visual: 6500 voxels done Correlation: 0.6297046549877869
Network 0 - Visual: 10000 voxels done Correlation: 0.6236398091349871
Network 0 - Visual: 15000 voxels done Correlation: 0.6311803403115555
/home/fhopp/.conda/envs/mjs/lib/python3.8/site-packages/nilearn/masking.py:980: UserWarning: Data array used to create a new image contains 64-bit ints. This is likely due to creating the array with numpy and passing `int` as the `dtype`. Many tools such as FSL and SPM cannot deal with int64 in Nifti images, so for compatibility the data has been converted to int32.
  return new_img_like(mask_img, unmasked, affine)
Network 1 - Somatomotor: 50 voxels done Correlation: 0.09574629460033746
Network 1 - Somatomotor: 150 voxels done Correlation: 0.25878179808468593
Network 1 - Somatomotor: 250 voxels done Correlation: 0.3795031786049979
Network 1 - Somatomotor: 500 voxels done Correlation: 0.3355594473264354
Network 1 - Somatomotor: 750 voxels done Correlation: 0.3260403552087877
Network 1 - Somatomotor: 1000 voxels done Correlation: 0.36941399128097285
Network 1 - Somatomotor: 1500 voxels done Correlation: 0.3163681497890724
Network 1 - Somatomotor: 3000 voxels done Correlation: 0.3272559463618442
Network 1 - Somatomotor: 5000 voxels done Correlation: 0.3350456412467692
Network 1 - Somatomotor: 6500 voxels done Correlation: 0.3300703813107425
Network 1 - Somatomotor: 10000 voxels done Correlation: 0.3396117696205406
Network 1 - Somatomotor: 15000 voxels done Correlation: 0.3441610780245895
/home/fhopp/.conda/envs/mjs/lib/python3.8/site-packages/nilearn/masking.py:980: UserWarning: Data array used to create a new image contains 64-bit ints. This is likely due to creating the array with numpy and passing `int` as the `dtype`. Many tools such as FSL and SPM cannot deal with int64 in Nifti images, so for compatibility the data has been converted to int32.
  return new_img_like(mask_img, unmasked, affine)
Network 2 - dAttention: 50 voxels done Correlation: 0.2946942738209548
Network 2 - dAttention: 150 voxels done Correlation: 0.31170601610964077
Network 2 - dAttention: 250 voxels done Correlation: 0.34253236295783673
Network 2 - dAttention: 500 voxels done Correlation: 0.3650055625589007
Network 2 - dAttention: 750 voxels done Correlation: 0.37411737254347877
Network 2 - dAttention: 1000 voxels done Correlation: 0.3202091003249416
Network 2 - dAttention: 1500 voxels done Correlation: 0.33779339928418256
Network 2 - dAttention: 3000 voxels done Correlation: 0.33305836317148974
Network 2 - dAttention: 5000 voxels done Correlation: 0.3314768459236229
Network 2 - dAttention: 6500 voxels done Correlation: 0.3230987680429948
Network 2 - dAttention: 10000 voxels done Correlation: 0.33884490262388917
Network 2 - dAttention: 15000 voxels done Correlation: 0.3288138854396092
/home/fhopp/.conda/envs/mjs/lib/python3.8/site-packages/nilearn/masking.py:980: UserWarning: Data array used to create a new image contains 64-bit ints. This is likely due to creating the array with numpy and passing `int` as the `dtype`. Many tools such as FSL and SPM cannot deal with int64 in Nifti images, so for compatibility the data has been converted to int32.
  return new_img_like(mask_img, unmasked, affine)
Network 3 - vAttention: 50 voxels done Correlation: 0.09649692649948155
Network 3 - vAttention: 150 voxels done Correlation: 0.26543100874190295
Network 3 - vAttention: 250 voxels done Correlation: 0.26614422685269185
Network 3 - vAttention: 500 voxels done Correlation: 0.3428014661648666
Network 3 - vAttention: 750 voxels done Correlation: 0.36567679614348325
Network 3 - vAttention: 1000 voxels done Correlation: 0.3249840221009559
Network 3 - vAttention: 1500 voxels done Correlation: 0.3316011876929533
Network 3 - vAttention: 3000 voxels done Correlation: 0.36490321273104653
Network 3 - vAttention: 5000 voxels done Correlation: 0.38185792821042974
Network 3 - vAttention: 6500 voxels done Correlation: 0.3749109337517464
Network 3 - vAttention: 10000 voxels done Correlation: 0.3803743792889728
Network 3 - vAttention: 15000 voxels done Correlation: 0.3885199332377277
/home/fhopp/.conda/envs/mjs/lib/python3.8/site-packages/nilearn/masking.py:980: UserWarning: Data array used to create a new image contains 64-bit ints. This is likely due to creating the array with numpy and passing `int` as the `dtype`. Many tools such as FSL and SPM cannot deal with int64 in Nifti images, so for compatibility the data has been converted to int32.
  return new_img_like(mask_img, unmasked, affine)
Network 4 - Limbic: 50 voxels done Correlation: 0.21049648783696606
Network 4 - Limbic: 150 voxels done Correlation: 0.2302430344744875
Network 4 - Limbic: 250 voxels done Correlation: 0.26891346445537656
Network 4 - Limbic: 500 voxels done Correlation: 0.29452339915677694
Network 4 - Limbic: 750 voxels done Correlation: 0.21613537219428058
Network 4 - Limbic: 1000 voxels done Correlation: 0.26171584158703165
Network 4 - Limbic: 1500 voxels done Correlation: 0.2501187719810291
Network 4 - Limbic: 3000 voxels done Correlation: 0.2871565202699866
Network 4 - Limbic: 5000 voxels done Correlation: 0.2921604187146034
Network 4 - Limbic: 6500 voxels done Correlation: 0.27232290987406915
Network 4 - Limbic: 10000 voxels done Correlation: 0.29277100490452224
/home/fhopp/.conda/envs/mjs/lib/python3.8/site-packages/nilearn/masking.py:980: UserWarning: Data array used to create a new image contains 64-bit ints. This is likely due to creating the array with numpy and passing `int` as the `dtype`. Many tools such as FSL and SPM cannot deal with int64 in Nifti images, so for compatibility the data has been converted to int32.
  return new_img_like(mask_img, unmasked, affine)
Network 5 - Frontoparietal: 50 voxels done Correlation: 0.21510653929548543
Network 5 - Frontoparietal: 150 voxels done Correlation: 0.20879159458841068
Network 5 - Frontoparietal: 250 voxels done Correlation: 0.20402975752257424
Network 5 - Frontoparietal: 500 voxels done Correlation: 0.2966911383098422
Network 5 - Frontoparietal: 750 voxels done Correlation: 0.18751017216917742
Network 5 - Frontoparietal: 1000 voxels done Correlation: 0.19283459765013622
Network 5 - Frontoparietal: 1500 voxels done Correlation: 0.24353330330511508
Network 5 - Frontoparietal: 3000 voxels done Correlation: 0.21848978313614933
Network 5 - Frontoparietal: 5000 voxels done Correlation: 0.25630929962608306
Network 5 - Frontoparietal: 6500 voxels done Correlation: 0.2324724988486402
Network 5 - Frontoparietal: 10000 voxels done Correlation: 0.2284861533279557
Network 5 - Frontoparietal: 15000 voxels done Correlation: 0.2374685810982616
/home/fhopp/.conda/envs/mjs/lib/python3.8/site-packages/nilearn/masking.py:980: UserWarning: Data array used to create a new image contains 64-bit ints. This is likely due to creating the array with numpy and passing `int` as the `dtype`. Many tools such as FSL and SPM cannot deal with int64 in Nifti images, so for compatibility the data has been converted to int32.
  return new_img_like(mask_img, unmasked, affine)
Network 6 - Default Mode: 50 voxels done Correlation: 0.23628129947808701
Network 6 - Default Mode: 150 voxels done Correlation: 0.2698322960004065
Network 6 - Default Mode: 250 voxels done Correlation: 0.3111229497608605
Network 6 - Default Mode: 500 voxels done Correlation: 0.4265525039016253
Network 6 - Default Mode: 750 voxels done Correlation: 0.37792800180336955
Network 6 - Default Mode: 1000 voxels done Correlation: 0.3313603815294829
Network 6 - Default Mode: 1500 voxels done Correlation: 0.36861679119096435
Network 6 - Default Mode: 3000 voxels done Correlation: 0.39059241795187805
Network 6 - Default Mode: 5000 voxels done Correlation: 0.4199505481448771
Network 6 - Default Mode: 6500 voxels done Correlation: 0.39130777770659997
Network 6 - Default Mode: 10000 voxels done Correlation: 0.4006865694958863
Network 6 - Default Mode: 15000 voxels done Correlation: 0.4116555252324988
Network 6 - Default Mode: 25000 voxels done Correlation: 0.40700565338540545
/home/fhopp/.conda/envs/mjs/lib/python3.8/site-packages/nilearn/masking.py:980: UserWarning: Data array used to create a new image contains 64-bit ints. This is likely due to creating the array with numpy and passing `int` as the `dtype`. Many tools such as FSL and SPM cannot deal with int64 in Nifti images, so for compatibility the data has been converted to int32.
  return new_img_like(mask_img, unmasked, affine)
Network 7 - Subcortical: 50 voxels done Correlation: 0.17633398728123467
Network 7 - Subcortical: 150 voxels done Correlation: 0.19225400030673445
Network 7 - Subcortical: 250 voxels done Correlation: 0.19308928638572198
Network 7 - Subcortical: 500 voxels done Correlation: 0.17970973593353815
Network 7 - Subcortical: 750 voxels done Correlation: 0.1773487822489299
Network 7 - Subcortical: 1000 voxels done Correlation: 0.22988808449029363
Network 7 - Subcortical: 1500 voxels done Correlation: 0.22832171473591553
Network 7 - Subcortical: 3000 voxels done Correlation: 0.15893945936682324
Network 7 - Subcortical: 5000 voxels done Correlation: 0.18069899085907776
Network 7 - Subcortical: 6500 voxels done Correlation: 0.15929909870729334
Network 7 - Subcortical: 10000 voxels done Correlation: 0.16749179357718774
Network 8 - Consciousness: 50 voxels done Correlation: 0.3761811756105451
Network 8 - Consciousness: 150 voxels done Correlation: 0.4004675355971886
Network 8 - Consciousness: 250 voxels done Correlation: 0.3381793694941112
Network 8 - Consciousness: 500 voxels done Correlation: 0.4012131710256685
Network 8 - Consciousness: 750 voxels done Correlation: 0.4018226298472727
Network 8 - Consciousness: 1000 voxels done Correlation: 0.47400029744087613
Network 8 - Consciousness: 1500 voxels done Correlation: 0.43515599005114947
Network 8 - Consciousness: 3000 voxels done Correlation: 0.45869987671740114
Network 8 - Consciousness: 5000 voxels done Correlation: 0.453961686468749
Network 8 - Consciousness: 6500 voxels done Correlation: 0.45275240831982655
Network 8 - Consciousness: 10000 voxels done Correlation: 0.4328794725931836
Network 8 - Consciousness: 15000 voxels done Correlation: 0.45237620004175405
Network 8 - Consciousness: 25000 voxels done Correlation: 0.46692757231075926
Network 8 - Consciousness: 50000 voxels done Correlation: 0.4667025407132209
