Running job on: nash
Iteration: 863
Starting spatial evaluation...
/home/fhopp/.conda/envs/mjs/lib/python3.8/site-packages/nilearn/maskers/nifti_masker.py:110: UserWarning: imgs are being resampled to the mask_img resolution. This process is memory intensive. You might want to provide a target_affine that is equal to the affine of the imgs or resample the mask beforehand to save memory and computation time.
  warnings.warn(
/home/fhopp/.conda/envs/mjs/lib/python3.8/site-packages/nilearn/masking.py:980: UserWarning: Data array used to create a new image contains 64-bit ints. This is likely due to creating the array with numpy and passing `int` as the `dtype`. Many tools such as FSL and SPM cannot deal with int64 in Nifti images, so for compatibility the data has been converted to int32.
  return new_img_like(mask_img, unmasked, affine)
Network 0 - Visual: 50 voxels done Correlation: 0.6772373914661054
Network 0 - Visual: 150 voxels done Correlation: 0.47600493799197374
Network 0 - Visual: 250 voxels done Correlation: 0.6207522517780922
Network 0 - Visual: 500 voxels done Correlation: 0.5514851985857918
Network 0 - Visual: 750 voxels done Correlation: 0.5114881066122516
Network 0 - Visual: 1000 voxels done Correlation: 0.5910628003397336
Network 0 - Visual: 1500 voxels done Correlation: 0.5888519540688086
Network 0 - Visual: 3000 voxels done Correlation: 0.6211478925648974
Network 0 - Visual: 5000 voxels done Correlation: 0.6003843523487585
Network 0 - Visual: 6500 voxels done Correlation: 0.6218726597207402
Network 0 - Visual: 10000 voxels done Correlation: 0.6302618428585043
Network 0 - Visual: 15000 voxels done Correlation: 0.6288593069279567
/home/fhopp/.conda/envs/mjs/lib/python3.8/site-packages/nilearn/masking.py:980: UserWarning: Data array used to create a new image contains 64-bit ints. This is likely due to creating the array with numpy and passing `int` as the `dtype`. Many tools such as FSL and SPM cannot deal with int64 in Nifti images, so for compatibility the data has been converted to int32.
  return new_img_like(mask_img, unmasked, affine)
Network 1 - Somatomotor: 50 voxels done Correlation: 0.20444197626776744
Network 1 - Somatomotor: 150 voxels done Correlation: 0.2961934779088581
Network 1 - Somatomotor: 250 voxels done Correlation: 0.3171132137873024
Network 1 - Somatomotor: 500 voxels done Correlation: 0.25392688212830933
Network 1 - Somatomotor: 750 voxels done Correlation: 0.35534206171034044
Network 1 - Somatomotor: 1000 voxels done Correlation: 0.34440523779126886
Network 1 - Somatomotor: 1500 voxels done Correlation: 0.3313763628142381
Network 1 - Somatomotor: 3000 voxels done Correlation: 0.3370078753219915
Network 1 - Somatomotor: 5000 voxels done Correlation: 0.3537155589500537
Network 1 - Somatomotor: 6500 voxels done Correlation: 0.3196927939323134
Network 1 - Somatomotor: 10000 voxels done Correlation: 0.3402037502881602
Network 1 - Somatomotor: 15000 voxels done Correlation: 0.3457116908725498
/home/fhopp/.conda/envs/mjs/lib/python3.8/site-packages/nilearn/masking.py:980: UserWarning: Data array used to create a new image contains 64-bit ints. This is likely due to creating the array with numpy and passing `int` as the `dtype`. Many tools such as FSL and SPM cannot deal with int64 in Nifti images, so for compatibility the data has been converted to int32.
  return new_img_like(mask_img, unmasked, affine)
Network 2 - dAttention: 50 voxels done Correlation: 0.27592329107106295
Network 2 - dAttention: 150 voxels done Correlation: 0.30677958948216244
Network 2 - dAttention: 250 voxels done Correlation: 0.38717880635013957
Network 2 - dAttention: 500 voxels done Correlation: 0.30754361360083393
Network 2 - dAttention: 750 voxels done Correlation: 0.3259190787940186
Network 2 - dAttention: 1000 voxels done Correlation: 0.2778522080003918
Network 2 - dAttention: 1500 voxels done Correlation: 0.33107753895945913
Network 2 - dAttention: 3000 voxels done Correlation: 0.34285556846315046
Network 2 - dAttention: 5000 voxels done Correlation: 0.33842609562603976
Network 2 - dAttention: 6500 voxels done Correlation: 0.3321655219291114
Network 2 - dAttention: 10000 voxels done Correlation: 0.3411556641863682
Network 2 - dAttention: 15000 voxels done Correlation: 0.33275826326355723
/home/fhopp/.conda/envs/mjs/lib/python3.8/site-packages/nilearn/masking.py:980: UserWarning: Data array used to create a new image contains 64-bit ints. This is likely due to creating the array with numpy and passing `int` as the `dtype`. Many tools such as FSL and SPM cannot deal with int64 in Nifti images, so for compatibility the data has been converted to int32.
  return new_img_like(mask_img, unmasked, affine)
Network 3 - vAttention: 50 voxels done Correlation: 0.22082232617702124
Network 3 - vAttention: 150 voxels done Correlation: 0.25898531614228987
Network 3 - vAttention: 250 voxels done Correlation: 0.31193712493270614
Network 3 - vAttention: 500 voxels done Correlation: 0.37658783103811466
Network 3 - vAttention: 750 voxels done Correlation: 0.35524419680071384
Network 3 - vAttention: 1000 voxels done Correlation: 0.3255445129559519
Network 3 - vAttention: 1500 voxels done Correlation: 0.4152916610118139
Network 3 - vAttention: 3000 voxels done Correlation: 0.37149440405399037
Network 3 - vAttention: 5000 voxels done Correlation: 0.3715938441315385
Network 3 - vAttention: 6500 voxels done Correlation: 0.39371881191466707
Network 3 - vAttention: 10000 voxels done Correlation: 0.3853593039779861
Network 3 - vAttention: 15000 voxels done Correlation: 0.38928507494125664
/home/fhopp/.conda/envs/mjs/lib/python3.8/site-packages/nilearn/masking.py:980: UserWarning: Data array used to create a new image contains 64-bit ints. This is likely due to creating the array with numpy and passing `int` as the `dtype`. Many tools such as FSL and SPM cannot deal with int64 in Nifti images, so for compatibility the data has been converted to int32.
  return new_img_like(mask_img, unmasked, affine)
Network 4 - Limbic: 50 voxels done Correlation: 0.2459061598441631
Network 4 - Limbic: 150 voxels done Correlation: 0.13951357431970474
Network 4 - Limbic: 250 voxels done Correlation: 0.28647021012990614
Network 4 - Limbic: 500 voxels done Correlation: 0.20217155178660992
Network 4 - Limbic: 750 voxels done Correlation: 0.2812521745678874
Network 4 - Limbic: 1000 voxels done Correlation: 0.29837539488936776
Network 4 - Limbic: 1500 voxels done Correlation: 0.2878560986597325
Network 4 - Limbic: 3000 voxels done Correlation: 0.31500116184653404
Network 4 - Limbic: 5000 voxels done Correlation: 0.29775192654988536
Network 4 - Limbic: 6500 voxels done Correlation: 0.27756688820314174
Network 4 - Limbic: 10000 voxels done Correlation: 0.28704527954327463
/home/fhopp/.conda/envs/mjs/lib/python3.8/site-packages/nilearn/masking.py:980: UserWarning: Data array used to create a new image contains 64-bit ints. This is likely due to creating the array with numpy and passing `int` as the `dtype`. Many tools such as FSL and SPM cannot deal with int64 in Nifti images, so for compatibility the data has been converted to int32.
  return new_img_like(mask_img, unmasked, affine)
Network 5 - Frontoparietal: 50 voxels done Correlation: 0.19264516286064398
Network 5 - Frontoparietal: 150 voxels done Correlation: 0.13133920488006395
Network 5 - Frontoparietal: 250 voxels done Correlation: 0.19833770092445074
Network 5 - Frontoparietal: 500 voxels done Correlation: 0.21921196898987352
Network 5 - Frontoparietal: 750 voxels done Correlation: 0.23631841335500803
Network 5 - Frontoparietal: 1000 voxels done Correlation: 0.21447009385791546
Network 5 - Frontoparietal: 1500 voxels done Correlation: 0.24998843263896361
Network 5 - Frontoparietal: 3000 voxels done Correlation: 0.1998874670580797
Network 5 - Frontoparietal: 5000 voxels done Correlation: 0.24348562055243783
Network 5 - Frontoparietal: 6500 voxels done Correlation: 0.22571624128646764
Network 5 - Frontoparietal: 10000 voxels done Correlation: 0.23885116061704126
Network 5 - Frontoparietal: 15000 voxels done Correlation: 0.23765609448286112
/home/fhopp/.conda/envs/mjs/lib/python3.8/site-packages/nilearn/masking.py:980: UserWarning: Data array used to create a new image contains 64-bit ints. This is likely due to creating the array with numpy and passing `int` as the `dtype`. Many tools such as FSL and SPM cannot deal with int64 in Nifti images, so for compatibility the data has been converted to int32.
  return new_img_like(mask_img, unmasked, affine)
Network 6 - Default Mode: 50 voxels done Correlation: 0.1982304964481318
Network 6 - Default Mode: 150 voxels done Correlation: 0.2540121458933476
Network 6 - Default Mode: 250 voxels done Correlation: 0.3126930921931109
Network 6 - Default Mode: 500 voxels done Correlation: 0.4258865912055812
Network 6 - Default Mode: 750 voxels done Correlation: 0.4463925162773977
Network 6 - Default Mode: 1000 voxels done Correlation: 0.32872070831859224
Network 6 - Default Mode: 1500 voxels done Correlation: 0.38011626999933823
Network 6 - Default Mode: 3000 voxels done Correlation: 0.3644478853890123
Network 6 - Default Mode: 5000 voxels done Correlation: 0.4026064362012817
Network 6 - Default Mode: 6500 voxels done Correlation: 0.39738666139247225
Network 6 - Default Mode: 10000 voxels done Correlation: 0.42695598817862307
Network 6 - Default Mode: 15000 voxels done Correlation: 0.4046918083785429
Network 6 - Default Mode: 25000 voxels done Correlation: 0.40861252431899053
/home/fhopp/.conda/envs/mjs/lib/python3.8/site-packages/nilearn/masking.py:980: UserWarning: Data array used to create a new image contains 64-bit ints. This is likely due to creating the array with numpy and passing `int` as the `dtype`. Many tools such as FSL and SPM cannot deal with int64 in Nifti images, so for compatibility the data has been converted to int32.
  return new_img_like(mask_img, unmasked, affine)
Network 7 - Subcortical: 50 voxels done Correlation: -0.0024342004251500238
Network 7 - Subcortical: 150 voxels done Correlation: 0.1423952212222002
Network 7 - Subcortical: 250 voxels done Correlation: 0.147808215919555
Network 7 - Subcortical: 500 voxels done Correlation: 0.25542547749732547
Network 7 - Subcortical: 750 voxels done Correlation: 0.25424601276528574
Network 7 - Subcortical: 1000 voxels done Correlation: 0.19030205744152967
Network 7 - Subcortical: 1500 voxels done Correlation: 0.18863423686034045
Network 7 - Subcortical: 3000 voxels done Correlation: 0.16185154818663955
Network 7 - Subcortical: 5000 voxels done Correlation: 0.1595693686554846
Network 7 - Subcortical: 6500 voxels done Correlation: 0.17285275868796196
Network 7 - Subcortical: 10000 voxels done Correlation: 0.16645895015365098
Network 8 - Consciousness: 50 voxels done Correlation: 0.24109771239532146
Network 8 - Consciousness: 150 voxels done Correlation: 0.44213514527909026
Network 8 - Consciousness: 250 voxels done Correlation: 0.32468192553932906
Network 8 - Consciousness: 500 voxels done Correlation: 0.33304056015037753
Network 8 - Consciousness: 750 voxels done Correlation: 0.37050310532975106
Network 8 - Consciousness: 1000 voxels done Correlation: 0.34133528757622467
Network 8 - Consciousness: 1500 voxels done Correlation: 0.40284727998467385
Network 8 - Consciousness: 3000 voxels done Correlation: 0.5144132608698555
Network 8 - Consciousness: 5000 voxels done Correlation: 0.47959994125194383
Network 8 - Consciousness: 6500 voxels done Correlation: 0.4636136685765234
Network 8 - Consciousness: 10000 voxels done Correlation: 0.4784703262393014
Network 8 - Consciousness: 15000 voxels done Correlation: 0.4567465025883052
Network 8 - Consciousness: 25000 voxels done Correlation: 0.4522186974440634
Network 8 - Consciousness: 50000 voxels done Correlation: 0.4669729353059347
