Running job on: cox
Iteration: 367
Starting spatial evaluation...
/home/fhopp/.conda/envs/mjs/lib/python3.8/site-packages/nilearn/maskers/nifti_masker.py:110: UserWarning: imgs are being resampled to the mask_img resolution. This process is memory intensive. You might want to provide a target_affine that is equal to the affine of the imgs or resample the mask beforehand to save memory and computation time.
  warnings.warn(
/home/fhopp/.conda/envs/mjs/lib/python3.8/site-packages/nilearn/masking.py:980: UserWarning: Data array used to create a new image contains 64-bit ints. This is likely due to creating the array with numpy and passing `int` as the `dtype`. Many tools such as FSL and SPM cannot deal with int64 in Nifti images, so for compatibility the data has been converted to int32.
  return new_img_like(mask_img, unmasked, affine)
Network 0 - Visual: 50 voxels done Correlation: 0.6661204705456238
Network 0 - Visual: 150 voxels done Correlation: 0.6191733715587537
Network 0 - Visual: 250 voxels done Correlation: 0.6585597569954147
Network 0 - Visual: 500 voxels done Correlation: 0.6110878315144284
Network 0 - Visual: 750 voxels done Correlation: 0.6047816455630579
Network 0 - Visual: 1000 voxels done Correlation: 0.5887775908015553
Network 0 - Visual: 1500 voxels done Correlation: 0.6010652490429058
Network 0 - Visual: 3000 voxels done Correlation: 0.6068668333971885
Network 0 - Visual: 5000 voxels done Correlation: 0.621371969202609
Network 0 - Visual: 6500 voxels done Correlation: 0.62574476431021
Network 0 - Visual: 10000 voxels done Correlation: 0.623269521344969
Network 0 - Visual: 15000 voxels done Correlation: 0.6254277065744114
/home/fhopp/.conda/envs/mjs/lib/python3.8/site-packages/nilearn/masking.py:980: UserWarning: Data array used to create a new image contains 64-bit ints. This is likely due to creating the array with numpy and passing `int` as the `dtype`. Many tools such as FSL and SPM cannot deal with int64 in Nifti images, so for compatibility the data has been converted to int32.
  return new_img_like(mask_img, unmasked, affine)
Network 1 - Somatomotor: 50 voxels done Correlation: 0.3314952172868081
Network 1 - Somatomotor: 150 voxels done Correlation: 0.36692115865691644
Network 1 - Somatomotor: 250 voxels done Correlation: 0.3094655500457161
Network 1 - Somatomotor: 500 voxels done Correlation: 0.3927395948622916
Network 1 - Somatomotor: 750 voxels done Correlation: 0.34946660150196107
Network 1 - Somatomotor: 1000 voxels done Correlation: 0.32704457103699924
Network 1 - Somatomotor: 1500 voxels done Correlation: 0.29608651402111563
Network 1 - Somatomotor: 3000 voxels done Correlation: 0.3512733271415809
Network 1 - Somatomotor: 5000 voxels done Correlation: 0.3414705583648961
Network 1 - Somatomotor: 6500 voxels done Correlation: 0.3321391952930438
Network 1 - Somatomotor: 10000 voxels done Correlation: 0.34608354066885827
Network 1 - Somatomotor: 15000 voxels done Correlation: 0.3409442686406077
/home/fhopp/.conda/envs/mjs/lib/python3.8/site-packages/nilearn/masking.py:980: UserWarning: Data array used to create a new image contains 64-bit ints. This is likely due to creating the array with numpy and passing `int` as the `dtype`. Many tools such as FSL and SPM cannot deal with int64 in Nifti images, so for compatibility the data has been converted to int32.
  return new_img_like(mask_img, unmasked, affine)
Network 2 - dAttention: 50 voxels done Correlation: 0.2523796257413876
Network 2 - dAttention: 150 voxels done Correlation: 0.30318458437254747
Network 2 - dAttention: 250 voxels done Correlation: 0.3087590059435511
Network 2 - dAttention: 500 voxels done Correlation: 0.26460629392312573
Network 2 - dAttention: 750 voxels done Correlation: 0.3329032248819155
Network 2 - dAttention: 1000 voxels done Correlation: 0.31017405904854944
Network 2 - dAttention: 1500 voxels done Correlation: 0.32810831471687024
Network 2 - dAttention: 3000 voxels done Correlation: 0.29963575696760747
Network 2 - dAttention: 5000 voxels done Correlation: 0.31203923278491763
Network 2 - dAttention: 6500 voxels done Correlation: 0.34419806594028934
Network 2 - dAttention: 10000 voxels done Correlation: 0.327152367197239
Network 2 - dAttention: 15000 voxels done Correlation: 0.32913990725383524
/home/fhopp/.conda/envs/mjs/lib/python3.8/site-packages/nilearn/masking.py:980: UserWarning: Data array used to create a new image contains 64-bit ints. This is likely due to creating the array with numpy and passing `int` as the `dtype`. Many tools such as FSL and SPM cannot deal with int64 in Nifti images, so for compatibility the data has been converted to int32.
  return new_img_like(mask_img, unmasked, affine)
Network 3 - vAttention: 50 voxels done Correlation: 0.17082570604036265
Network 3 - vAttention: 150 voxels done Correlation: 0.3399647138809907
Network 3 - vAttention: 250 voxels done Correlation: 0.3701750213185364
Network 3 - vAttention: 500 voxels done Correlation: 0.34236752099360895
Network 3 - vAttention: 750 voxels done Correlation: 0.33785349471275106
Network 3 - vAttention: 1000 voxels done Correlation: 0.35979687651891035
Network 3 - vAttention: 1500 voxels done Correlation: 0.3610014310559694
Network 3 - vAttention: 3000 voxels done Correlation: 0.37033525911808274
Network 3 - vAttention: 5000 voxels done Correlation: 0.36377307471917064
Network 3 - vAttention: 6500 voxels done Correlation: 0.36835537098033067
Network 3 - vAttention: 10000 voxels done Correlation: 0.38248480287707176
Network 3 - vAttention: 15000 voxels done Correlation: 0.38742666168111783
/home/fhopp/.conda/envs/mjs/lib/python3.8/site-packages/nilearn/masking.py:980: UserWarning: Data array used to create a new image contains 64-bit ints. This is likely due to creating the array with numpy and passing `int` as the `dtype`. Many tools such as FSL and SPM cannot deal with int64 in Nifti images, so for compatibility the data has been converted to int32.
  return new_img_like(mask_img, unmasked, affine)
Network 4 - Limbic: 50 voxels done Correlation: 0.23122672767109312
Network 4 - Limbic: 150 voxels done Correlation: 0.2697260375064132
Network 4 - Limbic: 250 voxels done Correlation: 0.30252633386468003
Network 4 - Limbic: 500 voxels done Correlation: 0.2396016604775248
Network 4 - Limbic: 750 voxels done Correlation: 0.2859696242245636
Network 4 - Limbic: 1000 voxels done Correlation: 0.2926575729202552
Network 4 - Limbic: 1500 voxels done Correlation: 0.2580484779655013
Network 4 - Limbic: 3000 voxels done Correlation: 0.28428852550956396
Network 4 - Limbic: 5000 voxels done Correlation: 0.28914539959816987
Network 4 - Limbic: 6500 voxels done Correlation: 0.2823655361388724
Network 4 - Limbic: 10000 voxels done Correlation: 0.2924651918733653
/home/fhopp/.conda/envs/mjs/lib/python3.8/site-packages/nilearn/masking.py:980: UserWarning: Data array used to create a new image contains 64-bit ints. This is likely due to creating the array with numpy and passing `int` as the `dtype`. Many tools such as FSL and SPM cannot deal with int64 in Nifti images, so for compatibility the data has been converted to int32.
  return new_img_like(mask_img, unmasked, affine)
Network 5 - Frontoparietal: 50 voxels done Correlation: 0.23660299473658208
Network 5 - Frontoparietal: 150 voxels done Correlation: 0.1927498667551066
Network 5 - Frontoparietal: 250 voxels done Correlation: 0.22997444988907367
Network 5 - Frontoparietal: 500 voxels done Correlation: 0.22692160745281917
Network 5 - Frontoparietal: 750 voxels done Correlation: 0.20707963262718498
Network 5 - Frontoparietal: 1000 voxels done Correlation: 0.21534488763334958
Network 5 - Frontoparietal: 1500 voxels done Correlation: 0.25495122663047315
Network 5 - Frontoparietal: 3000 voxels done Correlation: 0.22337818477083465
Network 5 - Frontoparietal: 5000 voxels done Correlation: 0.22230090678370953
Network 5 - Frontoparietal: 6500 voxels done Correlation: 0.22000534517069564
Network 5 - Frontoparietal: 10000 voxels done Correlation: 0.24693715494463103
Network 5 - Frontoparietal: 15000 voxels done Correlation: 0.23933156710852
/home/fhopp/.conda/envs/mjs/lib/python3.8/site-packages/nilearn/masking.py:980: UserWarning: Data array used to create a new image contains 64-bit ints. This is likely due to creating the array with numpy and passing `int` as the `dtype`. Many tools such as FSL and SPM cannot deal with int64 in Nifti images, so for compatibility the data has been converted to int32.
  return new_img_like(mask_img, unmasked, affine)
Network 6 - Default Mode: 50 voxels done Correlation: 0.3526847334591422
Network 6 - Default Mode: 150 voxels done Correlation: 0.3243348927799665
Network 6 - Default Mode: 250 voxels done Correlation: 0.4239582364147072
Network 6 - Default Mode: 500 voxels done Correlation: 0.3722787703348519
Network 6 - Default Mode: 750 voxels done Correlation: 0.40823346885999173
Network 6 - Default Mode: 1000 voxels done Correlation: 0.38374662751032806
Network 6 - Default Mode: 1500 voxels done Correlation: 0.3498846840747787
Network 6 - Default Mode: 3000 voxels done Correlation: 0.40559647813932476
Network 6 - Default Mode: 5000 voxels done Correlation: 0.3943687825736586
Network 6 - Default Mode: 6500 voxels done Correlation: 0.4112456839416676
Network 6 - Default Mode: 10000 voxels done Correlation: 0.4075485869306674
Network 6 - Default Mode: 15000 voxels done Correlation: 0.3894070498239159
Network 6 - Default Mode: 25000 voxels done Correlation: 0.4053464846963162
/home/fhopp/.conda/envs/mjs/lib/python3.8/site-packages/nilearn/masking.py:980: UserWarning: Data array used to create a new image contains 64-bit ints. This is likely due to creating the array with numpy and passing `int` as the `dtype`. Many tools such as FSL and SPM cannot deal with int64 in Nifti images, so for compatibility the data has been converted to int32.
  return new_img_like(mask_img, unmasked, affine)
Network 7 - Subcortical: 50 voxels done Correlation: 0.23632029202085553
Network 7 - Subcortical: 150 voxels done Correlation: 0.10803917624756487
Network 7 - Subcortical: 250 voxels done Correlation: 0.28557709625533756
Network 7 - Subcortical: 500 voxels done Correlation: 0.20092296304833218
Network 7 - Subcortical: 750 voxels done Correlation: 0.2176317351147724
Network 7 - Subcortical: 1000 voxels done Correlation: 0.27240708672639324
Network 7 - Subcortical: 1500 voxels done Correlation: 0.2207460097983253
Network 7 - Subcortical: 3000 voxels done Correlation: 0.16705888756869974
Network 7 - Subcortical: 5000 voxels done Correlation: 0.16529750557857414
Network 7 - Subcortical: 6500 voxels done Correlation: 0.15647189527069488
Network 7 - Subcortical: 10000 voxels done Correlation: 0.16620664779713068
Network 8 - Consciousness: 50 voxels done Correlation: 0.2686884436205506
Network 8 - Consciousness: 150 voxels done Correlation: 0.23502127537799933
Network 8 - Consciousness: 250 voxels done Correlation: 0.3755675572057972
Network 8 - Consciousness: 500 voxels done Correlation: 0.3240381825365857
Network 8 - Consciousness: 750 voxels done Correlation: 0.32134601106063476
Network 8 - Consciousness: 1000 voxels done Correlation: 0.4307650021568638
Network 8 - Consciousness: 1500 voxels done Correlation: 0.442990986543265
Network 8 - Consciousness: 3000 voxels done Correlation: 0.4313361605750436
Network 8 - Consciousness: 5000 voxels done Correlation: 0.4443472920539071
Network 8 - Consciousness: 6500 voxels done Correlation: 0.4877174304760653
Network 8 - Consciousness: 10000 voxels done Correlation: 0.4835902613459256
Network 8 - Consciousness: 15000 voxels done Correlation: 0.466622974801643
Network 8 - Consciousness: 25000 voxels done Correlation: 0.4622537365332585
Network 8 - Consciousness: 50000 voxels done Correlation: 0.46605090748931566
