Running job on: wood
Iteration: 646
Starting spatial evaluation...
/home/fhopp/.conda/envs/mjs/lib/python3.8/site-packages/nilearn/maskers/nifti_masker.py:110: UserWarning: imgs are being resampled to the mask_img resolution. This process is memory intensive. You might want to provide a target_affine that is equal to the affine of the imgs or resample the mask beforehand to save memory and computation time.
  warnings.warn(
/home/fhopp/.conda/envs/mjs/lib/python3.8/site-packages/nilearn/masking.py:980: UserWarning: Data array used to create a new image contains 64-bit ints. This is likely due to creating the array with numpy and passing `int` as the `dtype`. Many tools such as FSL and SPM cannot deal with int64 in Nifti images, so for compatibility the data has been converted to int32.
  return new_img_like(mask_img, unmasked, affine)
Network 0 - Visual: 50 voxels done Correlation: 0.5282731242269253
Network 0 - Visual: 150 voxels done Correlation: 0.6452180843048126
Network 0 - Visual: 250 voxels done Correlation: 0.5875252383621881
Network 0 - Visual: 500 voxels done Correlation: 0.5994720249410556
Network 0 - Visual: 750 voxels done Correlation: 0.6053169012441599
Network 0 - Visual: 1000 voxels done Correlation: 0.5793723332560865
Network 0 - Visual: 1500 voxels done Correlation: 0.6267382338386718
Network 0 - Visual: 3000 voxels done Correlation: 0.6270500155675027
Network 0 - Visual: 5000 voxels done Correlation: 0.6215983666314944
Network 0 - Visual: 6500 voxels done Correlation: 0.6247557642601658
Network 0 - Visual: 10000 voxels done Correlation: 0.6206699887992982
Network 0 - Visual: 15000 voxels done Correlation: 0.6310119151468594
/home/fhopp/.conda/envs/mjs/lib/python3.8/site-packages/nilearn/masking.py:980: UserWarning: Data array used to create a new image contains 64-bit ints. This is likely due to creating the array with numpy and passing `int` as the `dtype`. Many tools such as FSL and SPM cannot deal with int64 in Nifti images, so for compatibility the data has been converted to int32.
  return new_img_like(mask_img, unmasked, affine)
Network 1 - Somatomotor: 50 voxels done Correlation: 0.07783526219742126
Network 1 - Somatomotor: 150 voxels done Correlation: 0.4156601772693003
Network 1 - Somatomotor: 250 voxels done Correlation: 0.3375855105874599
Network 1 - Somatomotor: 500 voxels done Correlation: 0.3139954927327324
Network 1 - Somatomotor: 750 voxels done Correlation: 0.3023630455289027
Network 1 - Somatomotor: 1000 voxels done Correlation: 0.35237426618191
Network 1 - Somatomotor: 1500 voxels done Correlation: 0.31324828863302945
Network 1 - Somatomotor: 3000 voxels done Correlation: 0.34132929158819486
Network 1 - Somatomotor: 5000 voxels done Correlation: 0.3264204320978152
Network 1 - Somatomotor: 6500 voxels done Correlation: 0.3501068647638955
Network 1 - Somatomotor: 10000 voxels done Correlation: 0.33904462245545863
Network 1 - Somatomotor: 15000 voxels done Correlation: 0.34523109721757184
/home/fhopp/.conda/envs/mjs/lib/python3.8/site-packages/nilearn/masking.py:980: UserWarning: Data array used to create a new image contains 64-bit ints. This is likely due to creating the array with numpy and passing `int` as the `dtype`. Many tools such as FSL and SPM cannot deal with int64 in Nifti images, so for compatibility the data has been converted to int32.
  return new_img_like(mask_img, unmasked, affine)
Network 2 - dAttention: 50 voxels done Correlation: 0.2554429025878456
Network 2 - dAttention: 150 voxels done Correlation: 0.3379960714248244
Network 2 - dAttention: 250 voxels done Correlation: 0.342938680421491
Network 2 - dAttention: 500 voxels done Correlation: 0.28761002542714736
Network 2 - dAttention: 750 voxels done Correlation: 0.3363666712654658
Network 2 - dAttention: 1000 voxels done Correlation: 0.3176031382828804
Network 2 - dAttention: 1500 voxels done Correlation: 0.3071570318930026
Network 2 - dAttention: 3000 voxels done Correlation: 0.31192460465721505
Network 2 - dAttention: 5000 voxels done Correlation: 0.3313394161348069
Network 2 - dAttention: 6500 voxels done Correlation: 0.3313364155118603
Network 2 - dAttention: 10000 voxels done Correlation: 0.3410775201300636
Network 2 - dAttention: 15000 voxels done Correlation: 0.33326322169908434
/home/fhopp/.conda/envs/mjs/lib/python3.8/site-packages/nilearn/masking.py:980: UserWarning: Data array used to create a new image contains 64-bit ints. This is likely due to creating the array with numpy and passing `int` as the `dtype`. Many tools such as FSL and SPM cannot deal with int64 in Nifti images, so for compatibility the data has been converted to int32.
  return new_img_like(mask_img, unmasked, affine)
Network 3 - vAttention: 50 voxels done Correlation: 0.20283286300869982
Network 3 - vAttention: 150 voxels done Correlation: 0.26053124143976625
Network 3 - vAttention: 250 voxels done Correlation: 0.3450837889541885
Network 3 - vAttention: 500 voxels done Correlation: 0.33349904313176826
Network 3 - vAttention: 750 voxels done Correlation: 0.36471676727947866
Network 3 - vAttention: 1000 voxels done Correlation: 0.38262098140524076
Network 3 - vAttention: 1500 voxels done Correlation: 0.31491059780273867
Network 3 - vAttention: 3000 voxels done Correlation: 0.3666865684895019
Network 3 - vAttention: 5000 voxels done Correlation: 0.36307386692650134
Network 3 - vAttention: 6500 voxels done Correlation: 0.401249002303582
Network 3 - vAttention: 10000 voxels done Correlation: 0.3892306734529157
Network 3 - vAttention: 15000 voxels done Correlation: 0.38912542046283144
/home/fhopp/.conda/envs/mjs/lib/python3.8/site-packages/nilearn/masking.py:980: UserWarning: Data array used to create a new image contains 64-bit ints. This is likely due to creating the array with numpy and passing `int` as the `dtype`. Many tools such as FSL and SPM cannot deal with int64 in Nifti images, so for compatibility the data has been converted to int32.
  return new_img_like(mask_img, unmasked, affine)
Network 4 - Limbic: 50 voxels done Correlation: 0.28884699509236655
Network 4 - Limbic: 150 voxels done Correlation: 0.19948843197165717
Network 4 - Limbic: 250 voxels done Correlation: 0.29443470820481354
Network 4 - Limbic: 500 voxels done Correlation: 0.20998112680463465
Network 4 - Limbic: 750 voxels done Correlation: 0.25798520571736583
Network 4 - Limbic: 1000 voxels done Correlation: 0.2859818086517755
Network 4 - Limbic: 1500 voxels done Correlation: 0.252084015721606
Network 4 - Limbic: 3000 voxels done Correlation: 0.2823712674720672
Network 4 - Limbic: 5000 voxels done Correlation: 0.29603895703119965
Network 4 - Limbic: 6500 voxels done Correlation: 0.29442742041851644
Network 4 - Limbic: 10000 voxels done Correlation: 0.28337468884073935
/home/fhopp/.conda/envs/mjs/lib/python3.8/site-packages/nilearn/masking.py:980: UserWarning: Data array used to create a new image contains 64-bit ints. This is likely due to creating the array with numpy and passing `int` as the `dtype`. Many tools such as FSL and SPM cannot deal with int64 in Nifti images, so for compatibility the data has been converted to int32.
  return new_img_like(mask_img, unmasked, affine)
Network 5 - Frontoparietal: 50 voxels done Correlation: 0.17490010021759278
Network 5 - Frontoparietal: 150 voxels done Correlation: 0.23695893210757454
Network 5 - Frontoparietal: 250 voxels done Correlation: 0.19649983912831376
Network 5 - Frontoparietal: 500 voxels done Correlation: 0.2540900957597495
Network 5 - Frontoparietal: 750 voxels done Correlation: 0.25531102986901283
Network 5 - Frontoparietal: 1000 voxels done Correlation: 0.17723173856533944
Network 5 - Frontoparietal: 1500 voxels done Correlation: 0.18831989205523383
Network 5 - Frontoparietal: 3000 voxels done Correlation: 0.22774786883112982
Network 5 - Frontoparietal: 5000 voxels done Correlation: 0.22017198686512607
Network 5 - Frontoparietal: 6500 voxels done Correlation: 0.23384956423672243
Network 5 - Frontoparietal: 10000 voxels done Correlation: 0.23952619095545336
Network 5 - Frontoparietal: 15000 voxels done Correlation: 0.2411288811451115
/home/fhopp/.conda/envs/mjs/lib/python3.8/site-packages/nilearn/masking.py:980: UserWarning: Data array used to create a new image contains 64-bit ints. This is likely due to creating the array with numpy and passing `int` as the `dtype`. Many tools such as FSL and SPM cannot deal with int64 in Nifti images, so for compatibility the data has been converted to int32.
  return new_img_like(mask_img, unmasked, affine)
Network 6 - Default Mode: 50 voxels done Correlation: 0.3129849900900386
Network 6 - Default Mode: 150 voxels done Correlation: 0.4934589961828419
Network 6 - Default Mode: 250 voxels done Correlation: 0.3355353710822099
Network 6 - Default Mode: 500 voxels done Correlation: 0.32567691914679014
Network 6 - Default Mode: 750 voxels done Correlation: 0.31828682053795265
Network 6 - Default Mode: 1000 voxels done Correlation: 0.33610619658610674
Network 6 - Default Mode: 1500 voxels done Correlation: 0.3690959882042699
Network 6 - Default Mode: 3000 voxels done Correlation: 0.3996408834732922
Network 6 - Default Mode: 5000 voxels done Correlation: 0.4101757108644212
Network 6 - Default Mode: 6500 voxels done Correlation: 0.4124760823661574
Network 6 - Default Mode: 10000 voxels done Correlation: 0.4063929878169732
Network 6 - Default Mode: 15000 voxels done Correlation: 0.4082089058523329
Network 6 - Default Mode: 25000 voxels done Correlation: 0.4095836206015041
/home/fhopp/.conda/envs/mjs/lib/python3.8/site-packages/nilearn/masking.py:980: UserWarning: Data array used to create a new image contains 64-bit ints. This is likely due to creating the array with numpy and passing `int` as the `dtype`. Many tools such as FSL and SPM cannot deal with int64 in Nifti images, so for compatibility the data has been converted to int32.
  return new_img_like(mask_img, unmasked, affine)
Network 7 - Subcortical: 50 voxels done Correlation: 0.23647675326783366
Network 7 - Subcortical: 150 voxels done Correlation: 0.16821634865245969
Network 7 - Subcortical: 250 voxels done Correlation: 0.12398424659002635
Network 7 - Subcortical: 500 voxels done Correlation: 0.25097727439401796
Network 7 - Subcortical: 750 voxels done Correlation: 0.24670011444257747
Network 7 - Subcortical: 1000 voxels done Correlation: 0.23202044572813202
Network 7 - Subcortical: 1500 voxels done Correlation: 0.2192659679762546
Network 7 - Subcortical: 3000 voxels done Correlation: 0.1771896114794496
Network 7 - Subcortical: 5000 voxels done Correlation: 0.17413444726502325
Network 7 - Subcortical: 6500 voxels done Correlation: 0.1588196443475094
Network 7 - Subcortical: 10000 voxels done Correlation: 0.16640157093094618
Network 8 - Consciousness: 50 voxels done Correlation: 0.24474450546017454
Network 8 - Consciousness: 150 voxels done Correlation: 0.34351329584449963
Network 8 - Consciousness: 250 voxels done Correlation: 0.227949810906534
Network 8 - Consciousness: 500 voxels done Correlation: 0.3513254136271704
Network 8 - Consciousness: 750 voxels done Correlation: 0.39658534549975666
Network 8 - Consciousness: 1000 voxels done Correlation: 0.43610907663055454
Network 8 - Consciousness: 1500 voxels done Correlation: 0.4289818832732947
Network 8 - Consciousness: 3000 voxels done Correlation: 0.40575098481658056
Network 8 - Consciousness: 5000 voxels done Correlation: 0.44217326067232693
Network 8 - Consciousness: 6500 voxels done Correlation: 0.46555616869695693
Network 8 - Consciousness: 10000 voxels done Correlation: 0.4613629340900642
Network 8 - Consciousness: 15000 voxels done Correlation: 0.4575723438809291
Network 8 - Consciousness: 25000 voxels done Correlation: 0.46712817755545377
Network 8 - Consciousness: 50000 voxels done Correlation: 0.46434656910400146
