Running job on: wood
Iteration: 647
Starting spatial evaluation...
/home/fhopp/.conda/envs/mjs/lib/python3.8/site-packages/nilearn/maskers/nifti_masker.py:110: UserWarning: imgs are being resampled to the mask_img resolution. This process is memory intensive. You might want to provide a target_affine that is equal to the affine of the imgs or resample the mask beforehand to save memory and computation time.
  warnings.warn(
/home/fhopp/.conda/envs/mjs/lib/python3.8/site-packages/nilearn/masking.py:980: UserWarning: Data array used to create a new image contains 64-bit ints. This is likely due to creating the array with numpy and passing `int` as the `dtype`. Many tools such as FSL and SPM cannot deal with int64 in Nifti images, so for compatibility the data has been converted to int32.
  return new_img_like(mask_img, unmasked, affine)
Network 0 - Visual: 50 voxels done Correlation: 0.6863664552225136
Network 0 - Visual: 150 voxels done Correlation: 0.6882360015892898
Network 0 - Visual: 250 voxels done Correlation: 0.5460455309847104
Network 0 - Visual: 500 voxels done Correlation: 0.6145162741426591
Network 0 - Visual: 750 voxels done Correlation: 0.597823400426437
Network 0 - Visual: 1000 voxels done Correlation: 0.6103971446294012
Network 0 - Visual: 1500 voxels done Correlation: 0.6282227555756768
Network 0 - Visual: 3000 voxels done Correlation: 0.621326147096861
Network 0 - Visual: 5000 voxels done Correlation: 0.6250657981730408
Network 0 - Visual: 6500 voxels done Correlation: 0.6291603436825624
Network 0 - Visual: 10000 voxels done Correlation: 0.6304059247847158
Network 0 - Visual: 15000 voxels done Correlation: 0.6254705274633019
/home/fhopp/.conda/envs/mjs/lib/python3.8/site-packages/nilearn/masking.py:980: UserWarning: Data array used to create a new image contains 64-bit ints. This is likely due to creating the array with numpy and passing `int` as the `dtype`. Many tools such as FSL and SPM cannot deal with int64 in Nifti images, so for compatibility the data has been converted to int32.
  return new_img_like(mask_img, unmasked, affine)
Network 1 - Somatomotor: 50 voxels done Correlation: 0.3057401045122846
Network 1 - Somatomotor: 150 voxels done Correlation: 0.2733678784223296
Network 1 - Somatomotor: 250 voxels done Correlation: 0.3487220233221846
Network 1 - Somatomotor: 500 voxels done Correlation: 0.3564741585763726
Network 1 - Somatomotor: 750 voxels done Correlation: 0.28465662548500803
Network 1 - Somatomotor: 1000 voxels done Correlation: 0.3395106257217876
Network 1 - Somatomotor: 1500 voxels done Correlation: 0.35828382176356344
Network 1 - Somatomotor: 3000 voxels done Correlation: 0.3429414383845577
Network 1 - Somatomotor: 5000 voxels done Correlation: 0.331241534196563
Network 1 - Somatomotor: 6500 voxels done Correlation: 0.3418304691718209
Network 1 - Somatomotor: 10000 voxels done Correlation: 0.34945989046811743
Network 1 - Somatomotor: 15000 voxels done Correlation: 0.3459917237052861
/home/fhopp/.conda/envs/mjs/lib/python3.8/site-packages/nilearn/masking.py:980: UserWarning: Data array used to create a new image contains 64-bit ints. This is likely due to creating the array with numpy and passing `int` as the `dtype`. Many tools such as FSL and SPM cannot deal with int64 in Nifti images, so for compatibility the data has been converted to int32.
  return new_img_like(mask_img, unmasked, affine)
Network 2 - dAttention: 50 voxels done Correlation: 0.2025897111866531
Network 2 - dAttention: 150 voxels done Correlation: 0.26300269686997085
Network 2 - dAttention: 250 voxels done Correlation: 0.2501644102257767
Network 2 - dAttention: 500 voxels done Correlation: 0.2753953101004424
Network 2 - dAttention: 750 voxels done Correlation: 0.2682530467111794
Network 2 - dAttention: 1000 voxels done Correlation: 0.3743782905393236
Network 2 - dAttention: 1500 voxels done Correlation: 0.2948047551666282
Network 2 - dAttention: 3000 voxels done Correlation: 0.33404907152893304
Network 2 - dAttention: 5000 voxels done Correlation: 0.31988331336319953
Network 2 - dAttention: 6500 voxels done Correlation: 0.33546347682901
Network 2 - dAttention: 10000 voxels done Correlation: 0.32464715938173333
Network 2 - dAttention: 15000 voxels done Correlation: 0.3267258236169792
/home/fhopp/.conda/envs/mjs/lib/python3.8/site-packages/nilearn/masking.py:980: UserWarning: Data array used to create a new image contains 64-bit ints. This is likely due to creating the array with numpy and passing `int` as the `dtype`. Many tools such as FSL and SPM cannot deal with int64 in Nifti images, so for compatibility the data has been converted to int32.
  return new_img_like(mask_img, unmasked, affine)
Network 3 - vAttention: 50 voxels done Correlation: 0.27168103483431005
Network 3 - vAttention: 150 voxels done Correlation: 0.27395693268852545
Network 3 - vAttention: 250 voxels done Correlation: 0.333258938763547
Network 3 - vAttention: 500 voxels done Correlation: 0.31174329256185973
Network 3 - vAttention: 750 voxels done Correlation: 0.3092175675193559
Network 3 - vAttention: 1000 voxels done Correlation: 0.3786792779518985
Network 3 - vAttention: 1500 voxels done Correlation: 0.34715742868512134
Network 3 - vAttention: 3000 voxels done Correlation: 0.3813186773657412
Network 3 - vAttention: 5000 voxels done Correlation: 0.38105365860716645
Network 3 - vAttention: 6500 voxels done Correlation: 0.38263395248910587
Network 3 - vAttention: 10000 voxels done Correlation: 0.3864060642602948
Network 3 - vAttention: 15000 voxels done Correlation: 0.3868958882750042
/home/fhopp/.conda/envs/mjs/lib/python3.8/site-packages/nilearn/masking.py:980: UserWarning: Data array used to create a new image contains 64-bit ints. This is likely due to creating the array with numpy and passing `int` as the `dtype`. Many tools such as FSL and SPM cannot deal with int64 in Nifti images, so for compatibility the data has been converted to int32.
  return new_img_like(mask_img, unmasked, affine)
Network 4 - Limbic: 50 voxels done Correlation: 0.2037407126200313
Network 4 - Limbic: 150 voxels done Correlation: 0.23336123344320325
Network 4 - Limbic: 250 voxels done Correlation: 0.28389250575235836
Network 4 - Limbic: 500 voxels done Correlation: 0.22536039350414772
Network 4 - Limbic: 750 voxels done Correlation: 0.24450858233732653
Network 4 - Limbic: 1000 voxels done Correlation: 0.3001474866997721
Network 4 - Limbic: 1500 voxels done Correlation: 0.2900217792028653
Network 4 - Limbic: 3000 voxels done Correlation: 0.2879717096356199
Network 4 - Limbic: 5000 voxels done Correlation: 0.2856542873777378
Network 4 - Limbic: 6500 voxels done Correlation: 0.2685593997737422
Network 4 - Limbic: 10000 voxels done Correlation: 0.2899648220051915
/home/fhopp/.conda/envs/mjs/lib/python3.8/site-packages/nilearn/masking.py:980: UserWarning: Data array used to create a new image contains 64-bit ints. This is likely due to creating the array with numpy and passing `int` as the `dtype`. Many tools such as FSL and SPM cannot deal with int64 in Nifti images, so for compatibility the data has been converted to int32.
  return new_img_like(mask_img, unmasked, affine)
Network 5 - Frontoparietal: 50 voxels done Correlation: 0.08731217095016092
Network 5 - Frontoparietal: 150 voxels done Correlation: 0.20972549607416155
Network 5 - Frontoparietal: 250 voxels done Correlation: 0.15698533679107124
Network 5 - Frontoparietal: 500 voxels done Correlation: 0.19170234452962884
Network 5 - Frontoparietal: 750 voxels done Correlation: 0.26286047696874626
Network 5 - Frontoparietal: 1000 voxels done Correlation: 0.21371624589696916
Network 5 - Frontoparietal: 1500 voxels done Correlation: 0.20520312907180666
Network 5 - Frontoparietal: 3000 voxels done Correlation: 0.21897200763727365
Network 5 - Frontoparietal: 5000 voxels done Correlation: 0.2443186479526147
Network 5 - Frontoparietal: 6500 voxels done Correlation: 0.237086664155086
Network 5 - Frontoparietal: 10000 voxels done Correlation: 0.24470781744625733
Network 5 - Frontoparietal: 15000 voxels done Correlation: 0.2383153519494619
/home/fhopp/.conda/envs/mjs/lib/python3.8/site-packages/nilearn/masking.py:980: UserWarning: Data array used to create a new image contains 64-bit ints. This is likely due to creating the array with numpy and passing `int` as the `dtype`. Many tools such as FSL and SPM cannot deal with int64 in Nifti images, so for compatibility the data has been converted to int32.
  return new_img_like(mask_img, unmasked, affine)
Network 6 - Default Mode: 50 voxels done Correlation: 0.24671071908208114
Network 6 - Default Mode: 150 voxels done Correlation: 0.3110513890965779
Network 6 - Default Mode: 250 voxels done Correlation: 0.38524483668407733
Network 6 - Default Mode: 500 voxels done Correlation: 0.32944564536793663
Network 6 - Default Mode: 750 voxels done Correlation: 0.37064178169198897
Network 6 - Default Mode: 1000 voxels done Correlation: 0.36566768831835605
Network 6 - Default Mode: 1500 voxels done Correlation: 0.36442301171379565
Network 6 - Default Mode: 3000 voxels done Correlation: 0.37456530477225736
Network 6 - Default Mode: 5000 voxels done Correlation: 0.4011613594545168
Network 6 - Default Mode: 6500 voxels done Correlation: 0.4384456429412727
Network 6 - Default Mode: 10000 voxels done Correlation: 0.3922578096652418
Network 6 - Default Mode: 15000 voxels done Correlation: 0.41069072707342824
Network 6 - Default Mode: 25000 voxels done Correlation: 0.4062446336421993
/home/fhopp/.conda/envs/mjs/lib/python3.8/site-packages/nilearn/masking.py:980: UserWarning: Data array used to create a new image contains 64-bit ints. This is likely due to creating the array with numpy and passing `int` as the `dtype`. Many tools such as FSL and SPM cannot deal with int64 in Nifti images, so for compatibility the data has been converted to int32.
  return new_img_like(mask_img, unmasked, affine)
Network 7 - Subcortical: 50 voxels done Correlation: 0.16291697238569747
Network 7 - Subcortical: 150 voxels done Correlation: 0.17474706351070407
Network 7 - Subcortical: 250 voxels done Correlation: 0.24934697272148823
Network 7 - Subcortical: 500 voxels done Correlation: 0.21034517147341936
Network 7 - Subcortical: 750 voxels done Correlation: 0.2347686507190588
Network 7 - Subcortical: 1000 voxels done Correlation: 0.19970946959750213
Network 7 - Subcortical: 1500 voxels done Correlation: 0.21824675751459888
Network 7 - Subcortical: 3000 voxels done Correlation: 0.17334339122143946
Network 7 - Subcortical: 5000 voxels done Correlation: 0.17388395316248895
Network 7 - Subcortical: 6500 voxels done Correlation: 0.167411264742987
Network 7 - Subcortical: 10000 voxels done Correlation: 0.16984583400200765
Network 8 - Consciousness: 50 voxels done Correlation: 0.26215156771872206
Network 8 - Consciousness: 150 voxels done Correlation: 0.33476265455179377
Network 8 - Consciousness: 250 voxels done Correlation: 0.2674053795465543
Network 8 - Consciousness: 500 voxels done Correlation: 0.3882483222518887
Network 8 - Consciousness: 750 voxels done Correlation: 0.31992122985678706
Network 8 - Consciousness: 1000 voxels done Correlation: 0.3808764570020786
Network 8 - Consciousness: 1500 voxels done Correlation: 0.44095322572612244
Network 8 - Consciousness: 3000 voxels done Correlation: 0.4983567217292949
Network 8 - Consciousness: 5000 voxels done Correlation: 0.5001063164843222
Network 8 - Consciousness: 6500 voxels done Correlation: 0.4677277234004062
Network 8 - Consciousness: 10000 voxels done Correlation: 0.47338938833192246
Network 8 - Consciousness: 15000 voxels done Correlation: 0.48052400688769187
Network 8 - Consciousness: 25000 voxels done Correlation: 0.4731332810463864
Network 8 - Consciousness: 50000 voxels done Correlation: 0.46725111855775375
