Running job on: wood
Iteration: 35
Starting spatial evaluation...
/home/fhopp/.conda/envs/mjs/lib/python3.8/site-packages/nilearn/maskers/nifti_masker.py:110: UserWarning: imgs are being resampled to the mask_img resolution. This process is memory intensive. You might want to provide a target_affine that is equal to the affine of the imgs or resample the mask beforehand to save memory and computation time.
  warnings.warn(
/home/fhopp/.conda/envs/mjs/lib/python3.8/site-packages/nilearn/masking.py:980: UserWarning: Data array used to create a new image contains 64-bit ints. This is likely due to creating the array with numpy and passing `int` as the `dtype`. Many tools such as FSL and SPM cannot deal with int64 in Nifti images, so for compatibility the data has been converted to int32.
  return new_img_like(mask_img, unmasked, affine)
Network 0 - Visual: 50 voxels done Correlation: 0.6118616395675033
Network 0 - Visual: 150 voxels done Correlation: 0.6233334713324713
Network 0 - Visual: 250 voxels done Correlation: 0.6233543167760331
Network 0 - Visual: 500 voxels done Correlation: 0.5452947383426213
Network 0 - Visual: 750 voxels done Correlation: 0.611410639087899
Network 0 - Visual: 1000 voxels done Correlation: 0.5760000416812909
Network 0 - Visual: 1500 voxels done Correlation: 0.592536475116441
Network 0 - Visual: 3000 voxels done Correlation: 0.6332434797913198
Network 0 - Visual: 5000 voxels done Correlation: 0.6254906256388615
Network 0 - Visual: 6500 voxels done Correlation: 0.626399557452498
Network 0 - Visual: 10000 voxels done Correlation: 0.6144300005306387
Network 0 - Visual: 15000 voxels done Correlation: 0.6289851933403685
/home/fhopp/.conda/envs/mjs/lib/python3.8/site-packages/nilearn/masking.py:980: UserWarning: Data array used to create a new image contains 64-bit ints. This is likely due to creating the array with numpy and passing `int` as the `dtype`. Many tools such as FSL and SPM cannot deal with int64 in Nifti images, so for compatibility the data has been converted to int32.
  return new_img_like(mask_img, unmasked, affine)
Network 1 - Somatomotor: 50 voxels done Correlation: 0.14897440757043368
Network 1 - Somatomotor: 150 voxels done Correlation: 0.19320063383341235
Network 1 - Somatomotor: 250 voxels done Correlation: 0.2801077915995329
Network 1 - Somatomotor: 500 voxels done Correlation: 0.29775037780656455
Network 1 - Somatomotor: 750 voxels done Correlation: 0.3176929412692127
Network 1 - Somatomotor: 1000 voxels done Correlation: 0.3278078178940771
Network 1 - Somatomotor: 1500 voxels done Correlation: 0.28854554415479094
Network 1 - Somatomotor: 3000 voxels done Correlation: 0.357702883023361
Network 1 - Somatomotor: 5000 voxels done Correlation: 0.352280686612939
Network 1 - Somatomotor: 6500 voxels done Correlation: 0.3412986280374057
Network 1 - Somatomotor: 10000 voxels done Correlation: 0.33775289734309044
Network 1 - Somatomotor: 15000 voxels done Correlation: 0.34274168615875866
/home/fhopp/.conda/envs/mjs/lib/python3.8/site-packages/nilearn/masking.py:980: UserWarning: Data array used to create a new image contains 64-bit ints. This is likely due to creating the array with numpy and passing `int` as the `dtype`. Many tools such as FSL and SPM cannot deal with int64 in Nifti images, so for compatibility the data has been converted to int32.
  return new_img_like(mask_img, unmasked, affine)
Network 2 - dAttention: 50 voxels done Correlation: 0.26607650143144196
Network 2 - dAttention: 150 voxels done Correlation: 0.34347470055255
Network 2 - dAttention: 250 voxels done Correlation: 0.30127852267955324
Network 2 - dAttention: 500 voxels done Correlation: 0.28792846216277446
Network 2 - dAttention: 750 voxels done Correlation: 0.2999491689023356
Network 2 - dAttention: 1000 voxels done Correlation: 0.37779121214559697
Network 2 - dAttention: 1500 voxels done Correlation: 0.299714129769428
Network 2 - dAttention: 3000 voxels done Correlation: 0.35611937028306656
Network 2 - dAttention: 5000 voxels done Correlation: 0.33839720519918043
Network 2 - dAttention: 6500 voxels done Correlation: 0.3504964524077815
Network 2 - dAttention: 10000 voxels done Correlation: 0.33260779270771584
Network 2 - dAttention: 15000 voxels done Correlation: 0.3346209503685741
/home/fhopp/.conda/envs/mjs/lib/python3.8/site-packages/nilearn/masking.py:980: UserWarning: Data array used to create a new image contains 64-bit ints. This is likely due to creating the array with numpy and passing `int` as the `dtype`. Many tools such as FSL and SPM cannot deal with int64 in Nifti images, so for compatibility the data has been converted to int32.
  return new_img_like(mask_img, unmasked, affine)
Network 3 - vAttention: 50 voxels done Correlation: 0.34549755647886415
Network 3 - vAttention: 150 voxels done Correlation: 0.24425535156450323
Network 3 - vAttention: 250 voxels done Correlation: 0.270667631572606
Network 3 - vAttention: 500 voxels done Correlation: 0.3980601854168161
Network 3 - vAttention: 750 voxels done Correlation: 0.3604653641661557
Network 3 - vAttention: 1000 voxels done Correlation: 0.32989489839778374
Network 3 - vAttention: 1500 voxels done Correlation: 0.33705412610555385
Network 3 - vAttention: 3000 voxels done Correlation: 0.38221294599284816
Network 3 - vAttention: 5000 voxels done Correlation: 0.3623835116310921
Network 3 - vAttention: 6500 voxels done Correlation: 0.37434210377536703
Network 3 - vAttention: 10000 voxels done Correlation: 0.37108395675204986
Network 3 - vAttention: 15000 voxels done Correlation: 0.3869557903394141
/home/fhopp/.conda/envs/mjs/lib/python3.8/site-packages/nilearn/masking.py:980: UserWarning: Data array used to create a new image contains 64-bit ints. This is likely due to creating the array with numpy and passing `int` as the `dtype`. Many tools such as FSL and SPM cannot deal with int64 in Nifti images, so for compatibility the data has been converted to int32.
  return new_img_like(mask_img, unmasked, affine)
Network 4 - Limbic: 50 voxels done Correlation: 0.2478300535857501
Network 4 - Limbic: 150 voxels done Correlation: 0.2238427056218722
Network 4 - Limbic: 250 voxels done Correlation: 0.2715107897924844
Network 4 - Limbic: 500 voxels done Correlation: 0.18624927911318667
Network 4 - Limbic: 750 voxels done Correlation: 0.35821701165618036
Network 4 - Limbic: 1000 voxels done Correlation: 0.2503450100304045
Network 4 - Limbic: 1500 voxels done Correlation: 0.24420593153892226
Network 4 - Limbic: 3000 voxels done Correlation: 0.2708116391241655
Network 4 - Limbic: 5000 voxels done Correlation: 0.28897211339184237
Network 4 - Limbic: 6500 voxels done Correlation: 0.28355405599886113
Network 4 - Limbic: 10000 voxels done Correlation: 0.28678368898984585
/home/fhopp/.conda/envs/mjs/lib/python3.8/site-packages/nilearn/masking.py:980: UserWarning: Data array used to create a new image contains 64-bit ints. This is likely due to creating the array with numpy and passing `int` as the `dtype`. Many tools such as FSL and SPM cannot deal with int64 in Nifti images, so for compatibility the data has been converted to int32.
  return new_img_like(mask_img, unmasked, affine)
Network 5 - Frontoparietal: 50 voxels done Correlation: 0.1870997305542844
Network 5 - Frontoparietal: 150 voxels done Correlation: 0.18156676542295258
Network 5 - Frontoparietal: 250 voxels done Correlation: 0.16608529230323152
Network 5 - Frontoparietal: 500 voxels done Correlation: 0.26749676014178475
Network 5 - Frontoparietal: 750 voxels done Correlation: 0.20749377147625803
Network 5 - Frontoparietal: 1000 voxels done Correlation: 0.2508870029014194
Network 5 - Frontoparietal: 1500 voxels done Correlation: 0.23604049084911657
Network 5 - Frontoparietal: 3000 voxels done Correlation: 0.2447786459612747
Network 5 - Frontoparietal: 5000 voxels done Correlation: 0.22729851513801047
Network 5 - Frontoparietal: 6500 voxels done Correlation: 0.2305883684011364
Network 5 - Frontoparietal: 10000 voxels done Correlation: 0.23676379461270405
Network 5 - Frontoparietal: 15000 voxels done Correlation: 0.23905771156770705
/home/fhopp/.conda/envs/mjs/lib/python3.8/site-packages/nilearn/masking.py:980: UserWarning: Data array used to create a new image contains 64-bit ints. This is likely due to creating the array with numpy and passing `int` as the `dtype`. Many tools such as FSL and SPM cannot deal with int64 in Nifti images, so for compatibility the data has been converted to int32.
  return new_img_like(mask_img, unmasked, affine)
Network 6 - Default Mode: 50 voxels done Correlation: 0.2676238318597962
Network 6 - Default Mode: 150 voxels done Correlation: 0.390944520668157
Network 6 - Default Mode: 250 voxels done Correlation: 0.3419539057675809
Network 6 - Default Mode: 500 voxels done Correlation: 0.3567606524259576
Network 6 - Default Mode: 750 voxels done Correlation: 0.36412820461335815
Network 6 - Default Mode: 1000 voxels done Correlation: 0.35628169811636
Network 6 - Default Mode: 1500 voxels done Correlation: 0.39318369628572625
Network 6 - Default Mode: 3000 voxels done Correlation: 0.3980736565941603
Network 6 - Default Mode: 5000 voxels done Correlation: 0.42250180232036066
Network 6 - Default Mode: 6500 voxels done Correlation: 0.4035425038747156
Network 6 - Default Mode: 10000 voxels done Correlation: 0.4070649656514177
Network 6 - Default Mode: 15000 voxels done Correlation: 0.4082961177686595
Network 6 - Default Mode: 25000 voxels done Correlation: 0.41060199577351153
/home/fhopp/.conda/envs/mjs/lib/python3.8/site-packages/nilearn/masking.py:980: UserWarning: Data array used to create a new image contains 64-bit ints. This is likely due to creating the array with numpy and passing `int` as the `dtype`. Many tools such as FSL and SPM cannot deal with int64 in Nifti images, so for compatibility the data has been converted to int32.
  return new_img_like(mask_img, unmasked, affine)
Network 7 - Subcortical: 50 voxels done Correlation: 0.14056410374099507
Network 7 - Subcortical: 150 voxels done Correlation: 0.15942243171403922
Network 7 - Subcortical: 250 voxels done Correlation: 0.1729781579755918
Network 7 - Subcortical: 500 voxels done Correlation: 0.20856557764875935
Network 7 - Subcortical: 750 voxels done Correlation: 0.23646086991741547
Network 7 - Subcortical: 1000 voxels done Correlation: 0.2359698629803902
Network 7 - Subcortical: 1500 voxels done Correlation: 0.19514736682848613
Network 7 - Subcortical: 3000 voxels done Correlation: 0.19661730060820057
Network 7 - Subcortical: 5000 voxels done Correlation: 0.164208565733456
Network 7 - Subcortical: 6500 voxels done Correlation: 0.16107551861059488
Network 7 - Subcortical: 10000 voxels done Correlation: 0.1643113761023564
Network 8 - Consciousness: 50 voxels done Correlation: 0.3559563437155078
Network 8 - Consciousness: 150 voxels done Correlation: 0.36631026395685173
Network 8 - Consciousness: 250 voxels done Correlation: 0.34585966026466664
Network 8 - Consciousness: 500 voxels done Correlation: 0.3818808125251924
Network 8 - Consciousness: 750 voxels done Correlation: 0.31053942180812383
Network 8 - Consciousness: 1000 voxels done Correlation: 0.3740692654971921
Network 8 - Consciousness: 1500 voxels done Correlation: 0.4343669023700529
Network 8 - Consciousness: 3000 voxels done Correlation: 0.4462874263982416
Network 8 - Consciousness: 5000 voxels done Correlation: 0.4227740413208989
Network 8 - Consciousness: 6500 voxels done Correlation: 0.43404450187462484
Network 8 - Consciousness: 10000 voxels done Correlation: 0.4635228096624229
Network 8 - Consciousness: 15000 voxels done Correlation: 0.45564872252620736
Network 8 - Consciousness: 25000 voxels done Correlation: 0.46732761951792223
Network 8 - Consciousness: 50000 voxels done Correlation: 0.4657393486767145
