Running job on: wood
Iteration: 205
Starting spatial evaluation...
/home/fhopp/.conda/envs/mjs/lib/python3.8/site-packages/nilearn/maskers/nifti_masker.py:110: UserWarning: imgs are being resampled to the mask_img resolution. This process is memory intensive. You might want to provide a target_affine that is equal to the affine of the imgs or resample the mask beforehand to save memory and computation time.
  warnings.warn(
/home/fhopp/.conda/envs/mjs/lib/python3.8/site-packages/nilearn/masking.py:980: UserWarning: Data array used to create a new image contains 64-bit ints. This is likely due to creating the array with numpy and passing `int` as the `dtype`. Many tools such as FSL and SPM cannot deal with int64 in Nifti images, so for compatibility the data has been converted to int32.
  return new_img_like(mask_img, unmasked, affine)
Network 0 - Visual: 50 voxels done Correlation: 0.595040414015601
Network 0 - Visual: 150 voxels done Correlation: 0.6031027508935501
Network 0 - Visual: 250 voxels done Correlation: 0.6065336518438087
Network 0 - Visual: 500 voxels done Correlation: 0.534068072439766
Network 0 - Visual: 750 voxels done Correlation: 0.5806772748703348
Network 0 - Visual: 1000 voxels done Correlation: 0.6338567183833337
Network 0 - Visual: 1500 voxels done Correlation: 0.5698222977174686
Network 0 - Visual: 3000 voxels done Correlation: 0.6277738774376016
Network 0 - Visual: 5000 voxels done Correlation: 0.6289167415808591
Network 0 - Visual: 6500 voxels done Correlation: 0.6259291885978958
Network 0 - Visual: 10000 voxels done Correlation: 0.6280259724934241
Network 0 - Visual: 15000 voxels done Correlation: 0.6301998778893956
/home/fhopp/.conda/envs/mjs/lib/python3.8/site-packages/nilearn/masking.py:980: UserWarning: Data array used to create a new image contains 64-bit ints. This is likely due to creating the array with numpy and passing `int` as the `dtype`. Many tools such as FSL and SPM cannot deal with int64 in Nifti images, so for compatibility the data has been converted to int32.
  return new_img_like(mask_img, unmasked, affine)
Network 1 - Somatomotor: 50 voxels done Correlation: 0.26794747535028574
Network 1 - Somatomotor: 150 voxels done Correlation: 0.3236731936712083
Network 1 - Somatomotor: 250 voxels done Correlation: 0.37138345742155343
Network 1 - Somatomotor: 500 voxels done Correlation: 0.3091259582954927
Network 1 - Somatomotor: 750 voxels done Correlation: 0.36519107698813885
Network 1 - Somatomotor: 1000 voxels done Correlation: 0.3503776984122582
Network 1 - Somatomotor: 1500 voxels done Correlation: 0.3457737085276189
Network 1 - Somatomotor: 3000 voxels done Correlation: 0.3281897339058655
Network 1 - Somatomotor: 5000 voxels done Correlation: 0.34479016460454226
Network 1 - Somatomotor: 6500 voxels done Correlation: 0.3418753414919383
Network 1 - Somatomotor: 10000 voxels done Correlation: 0.34585841241508214
Network 1 - Somatomotor: 15000 voxels done Correlation: 0.3422087706518836
/home/fhopp/.conda/envs/mjs/lib/python3.8/site-packages/nilearn/masking.py:980: UserWarning: Data array used to create a new image contains 64-bit ints. This is likely due to creating the array with numpy and passing `int` as the `dtype`. Many tools such as FSL and SPM cannot deal with int64 in Nifti images, so for compatibility the data has been converted to int32.
  return new_img_like(mask_img, unmasked, affine)
Network 2 - dAttention: 50 voxels done Correlation: 0.21848037150156285
Network 2 - dAttention: 150 voxels done Correlation: 0.2836632566088837
Network 2 - dAttention: 250 voxels done Correlation: 0.2754351619748822
Network 2 - dAttention: 500 voxels done Correlation: 0.3446111322614129
Network 2 - dAttention: 750 voxels done Correlation: 0.3068514878542436
Network 2 - dAttention: 1000 voxels done Correlation: 0.3467472872230043
Network 2 - dAttention: 1500 voxels done Correlation: 0.32091292581412423
Network 2 - dAttention: 3000 voxels done Correlation: 0.3385841520154772
Network 2 - dAttention: 5000 voxels done Correlation: 0.3603591390055815
Network 2 - dAttention: 6500 voxels done Correlation: 0.3226600289933746
Network 2 - dAttention: 10000 voxels done Correlation: 0.31938142812809145
Network 2 - dAttention: 15000 voxels done Correlation: 0.3360910443106082
/home/fhopp/.conda/envs/mjs/lib/python3.8/site-packages/nilearn/masking.py:980: UserWarning: Data array used to create a new image contains 64-bit ints. This is likely due to creating the array with numpy and passing `int` as the `dtype`. Many tools such as FSL and SPM cannot deal with int64 in Nifti images, so for compatibility the data has been converted to int32.
  return new_img_like(mask_img, unmasked, affine)
Network 3 - vAttention: 50 voxels done Correlation: 0.21169766566318798
Network 3 - vAttention: 150 voxels done Correlation: 0.3170144603128462
Network 3 - vAttention: 250 voxels done Correlation: 0.2990671121420494
Network 3 - vAttention: 500 voxels done Correlation: 0.28319649481853776
Network 3 - vAttention: 750 voxels done Correlation: 0.39008963121735335
Network 3 - vAttention: 1000 voxels done Correlation: 0.3586326514217062
Network 3 - vAttention: 1500 voxels done Correlation: 0.30961055238182367
Network 3 - vAttention: 3000 voxels done Correlation: 0.3524008638173039
Network 3 - vAttention: 5000 voxels done Correlation: 0.3660318824526243
Network 3 - vAttention: 6500 voxels done Correlation: 0.4001910488004839
Network 3 - vAttention: 10000 voxels done Correlation: 0.398267980323352
Network 3 - vAttention: 15000 voxels done Correlation: 0.38714030270464383
/home/fhopp/.conda/envs/mjs/lib/python3.8/site-packages/nilearn/masking.py:980: UserWarning: Data array used to create a new image contains 64-bit ints. This is likely due to creating the array with numpy and passing `int` as the `dtype`. Many tools such as FSL and SPM cannot deal with int64 in Nifti images, so for compatibility the data has been converted to int32.
  return new_img_like(mask_img, unmasked, affine)
Network 4 - Limbic: 50 voxels done Correlation: 0.08743524222198072
Network 4 - Limbic: 150 voxels done Correlation: 0.24332569742452137
Network 4 - Limbic: 250 voxels done Correlation: 0.27077530673159245
Network 4 - Limbic: 500 voxels done Correlation: 0.22794708413094572
Network 4 - Limbic: 750 voxels done Correlation: 0.2915445287877474
Network 4 - Limbic: 1000 voxels done Correlation: 0.2555695724639214
Network 4 - Limbic: 1500 voxels done Correlation: 0.23989411872826433
Network 4 - Limbic: 3000 voxels done Correlation: 0.2803562958077187
Network 4 - Limbic: 5000 voxels done Correlation: 0.28989109971322913
Network 4 - Limbic: 6500 voxels done Correlation: 0.27918123711136833
Network 4 - Limbic: 10000 voxels done Correlation: 0.2858360876106102
/home/fhopp/.conda/envs/mjs/lib/python3.8/site-packages/nilearn/masking.py:980: UserWarning: Data array used to create a new image contains 64-bit ints. This is likely due to creating the array with numpy and passing `int` as the `dtype`. Many tools such as FSL and SPM cannot deal with int64 in Nifti images, so for compatibility the data has been converted to int32.
  return new_img_like(mask_img, unmasked, affine)
Network 5 - Frontoparietal: 50 voxels done Correlation: 0.17448004511987716
Network 5 - Frontoparietal: 150 voxels done Correlation: 0.1885268164800933
Network 5 - Frontoparietal: 250 voxels done Correlation: 0.18767504163278353
Network 5 - Frontoparietal: 500 voxels done Correlation: 0.24936624339223298
Network 5 - Frontoparietal: 750 voxels done Correlation: 0.23250117076884272
Network 5 - Frontoparietal: 1000 voxels done Correlation: 0.25168885384453776
Network 5 - Frontoparietal: 1500 voxels done Correlation: 0.21205027462985682
Network 5 - Frontoparietal: 3000 voxels done Correlation: 0.23038704667948057
Network 5 - Frontoparietal: 5000 voxels done Correlation: 0.23922362747225984
Network 5 - Frontoparietal: 6500 voxels done Correlation: 0.2546856977522084
Network 5 - Frontoparietal: 10000 voxels done Correlation: 0.23488549416259127
Network 5 - Frontoparietal: 15000 voxels done Correlation: 0.2402581615158279
/home/fhopp/.conda/envs/mjs/lib/python3.8/site-packages/nilearn/masking.py:980: UserWarning: Data array used to create a new image contains 64-bit ints. This is likely due to creating the array with numpy and passing `int` as the `dtype`. Many tools such as FSL and SPM cannot deal with int64 in Nifti images, so for compatibility the data has been converted to int32.
  return new_img_like(mask_img, unmasked, affine)
Network 6 - Default Mode: 50 voxels done Correlation: 0.2956823738582504
Network 6 - Default Mode: 150 voxels done Correlation: 0.2861479366432738
Network 6 - Default Mode: 250 voxels done Correlation: 0.2835428824446643
Network 6 - Default Mode: 500 voxels done Correlation: 0.4020426978136218
Network 6 - Default Mode: 750 voxels done Correlation: 0.3837379347212456
Network 6 - Default Mode: 1000 voxels done Correlation: 0.35851900665341124
Network 6 - Default Mode: 1500 voxels done Correlation: 0.3669099873585898
Network 6 - Default Mode: 3000 voxels done Correlation: 0.41200045271715224
Network 6 - Default Mode: 5000 voxels done Correlation: 0.409945283217806
Network 6 - Default Mode: 6500 voxels done Correlation: 0.42286111443071017
Network 6 - Default Mode: 10000 voxels done Correlation: 0.4013859655410493
Network 6 - Default Mode: 15000 voxels done Correlation: 0.4024369010839196
Network 6 - Default Mode: 25000 voxels done Correlation: 0.40916260096396495
/home/fhopp/.conda/envs/mjs/lib/python3.8/site-packages/nilearn/masking.py:980: UserWarning: Data array used to create a new image contains 64-bit ints. This is likely due to creating the array with numpy and passing `int` as the `dtype`. Many tools such as FSL and SPM cannot deal with int64 in Nifti images, so for compatibility the data has been converted to int32.
  return new_img_like(mask_img, unmasked, affine)
Network 7 - Subcortical: 50 voxels done Correlation: 0.1950421120923478
Network 7 - Subcortical: 150 voxels done Correlation: 0.23962895300160234
Network 7 - Subcortical: 250 voxels done Correlation: 0.22270184919499375
Network 7 - Subcortical: 500 voxels done Correlation: 0.21296049341575785
Network 7 - Subcortical: 750 voxels done Correlation: 0.19393171437375556
Network 7 - Subcortical: 1000 voxels done Correlation: 0.22152740739197244
Network 7 - Subcortical: 1500 voxels done Correlation: 0.22216489809305573
Network 7 - Subcortical: 3000 voxels done Correlation: 0.18546548356504297
Network 7 - Subcortical: 5000 voxels done Correlation: 0.160398740832055
Network 7 - Subcortical: 6500 voxels done Correlation: 0.16436733020955677
Network 7 - Subcortical: 10000 voxels done Correlation: 0.16103628240819018
Network 8 - Consciousness: 50 voxels done Correlation: 0.21752031130140584
Network 8 - Consciousness: 150 voxels done Correlation: 0.4035917687240226
Network 8 - Consciousness: 250 voxels done Correlation: 0.2731073758550112
Network 8 - Consciousness: 500 voxels done Correlation: 0.31401669292035767
Network 8 - Consciousness: 750 voxels done Correlation: 0.38696927869230224
Network 8 - Consciousness: 1000 voxels done Correlation: 0.41010083705900313
Network 8 - Consciousness: 1500 voxels done Correlation: 0.3624857979671847
Network 8 - Consciousness: 3000 voxels done Correlation: 0.4717295212524018
Network 8 - Consciousness: 5000 voxels done Correlation: 0.4339939060068602
Network 8 - Consciousness: 6500 voxels done Correlation: 0.4442612330948331
Network 8 - Consciousness: 10000 voxels done Correlation: 0.4893886946426471
Network 8 - Consciousness: 15000 voxels done Correlation: 0.43913126774875777
Network 8 - Consciousness: 25000 voxels done Correlation: 0.46616778575173845
Network 8 - Consciousness: 50000 voxels done Correlation: 0.46695068459756195
