Running job on: easley
Iteration: 967
Starting spatial evaluation...
/home/fhopp/.conda/envs/mjs/lib/python3.8/site-packages/nilearn/maskers/nifti_masker.py:110: UserWarning: imgs are being resampled to the mask_img resolution. This process is memory intensive. You might want to provide a target_affine that is equal to the affine of the imgs or resample the mask beforehand to save memory and computation time.
  warnings.warn(
/home/fhopp/.conda/envs/mjs/lib/python3.8/site-packages/nilearn/masking.py:980: UserWarning: Data array used to create a new image contains 64-bit ints. This is likely due to creating the array with numpy and passing `int` as the `dtype`. Many tools such as FSL and SPM cannot deal with int64 in Nifti images, so for compatibility the data has been converted to int32.
  return new_img_like(mask_img, unmasked, affine)
Network 0 - Visual: 50 voxels done Correlation: 0.554632639149931
Network 0 - Visual: 150 voxels done Correlation: 0.6124668549113388
Network 0 - Visual: 250 voxels done Correlation: 0.667636587604036
Network 0 - Visual: 500 voxels done Correlation: 0.4681233997543387
Network 0 - Visual: 750 voxels done Correlation: 0.565462760974278
Network 0 - Visual: 1000 voxels done Correlation: 0.6225608588036804
Network 0 - Visual: 1500 voxels done Correlation: 0.5825397388201363
Network 0 - Visual: 3000 voxels done Correlation: 0.6327722353426464
Network 0 - Visual: 5000 voxels done Correlation: 0.6147092158120696
Network 0 - Visual: 6500 voxels done Correlation: 0.6320646693956238
Network 0 - Visual: 10000 voxels done Correlation: 0.6335662461147614
Network 0 - Visual: 15000 voxels done Correlation: 0.6288390608465348
/home/fhopp/.conda/envs/mjs/lib/python3.8/site-packages/nilearn/masking.py:980: UserWarning: Data array used to create a new image contains 64-bit ints. This is likely due to creating the array with numpy and passing `int` as the `dtype`. Many tools such as FSL and SPM cannot deal with int64 in Nifti images, so for compatibility the data has been converted to int32.
  return new_img_like(mask_img, unmasked, affine)
Network 1 - Somatomotor: 50 voxels done Correlation: 0.24996566887097668
Network 1 - Somatomotor: 150 voxels done Correlation: 0.27464132151386633
Network 1 - Somatomotor: 250 voxels done Correlation: 0.24895282889417839
Network 1 - Somatomotor: 500 voxels done Correlation: 0.348087388162601
Network 1 - Somatomotor: 750 voxels done Correlation: 0.332738996676742
Network 1 - Somatomotor: 1000 voxels done Correlation: 0.3122057603404277
Network 1 - Somatomotor: 1500 voxels done Correlation: 0.32177812193442
Network 1 - Somatomotor: 3000 voxels done Correlation: 0.35858176907707134
Network 1 - Somatomotor: 5000 voxels done Correlation: 0.3433745013501055
Network 1 - Somatomotor: 6500 voxels done Correlation: 0.32904541349582933
Network 1 - Somatomotor: 10000 voxels done Correlation: 0.3485329816727534
Network 1 - Somatomotor: 15000 voxels done Correlation: 0.34434812952617455
/home/fhopp/.conda/envs/mjs/lib/python3.8/site-packages/nilearn/masking.py:980: UserWarning: Data array used to create a new image contains 64-bit ints. This is likely due to creating the array with numpy and passing `int` as the `dtype`. Many tools such as FSL and SPM cannot deal with int64 in Nifti images, so for compatibility the data has been converted to int32.
  return new_img_like(mask_img, unmasked, affine)
Network 2 - dAttention: 50 voxels done Correlation: 0.24689325062485962
Network 2 - dAttention: 150 voxels done Correlation: 0.42929340039764874
Network 2 - dAttention: 250 voxels done Correlation: 0.3331101265524107
Network 2 - dAttention: 500 voxels done Correlation: 0.3485186209241292
Network 2 - dAttention: 750 voxels done Correlation: 0.29257851961999737
Network 2 - dAttention: 1000 voxels done Correlation: 0.3733469032520055
Network 2 - dAttention: 1500 voxels done Correlation: 0.2777926528759473
Network 2 - dAttention: 3000 voxels done Correlation: 0.3368415160336402
Network 2 - dAttention: 5000 voxels done Correlation: 0.30952088415826684
Network 2 - dAttention: 6500 voxels done Correlation: 0.33445542168562215
Network 2 - dAttention: 10000 voxels done Correlation: 0.33749387872405145
Network 2 - dAttention: 15000 voxels done Correlation: 0.3338229696697542
/home/fhopp/.conda/envs/mjs/lib/python3.8/site-packages/nilearn/masking.py:980: UserWarning: Data array used to create a new image contains 64-bit ints. This is likely due to creating the array with numpy and passing `int` as the `dtype`. Many tools such as FSL and SPM cannot deal with int64 in Nifti images, so for compatibility the data has been converted to int32.
  return new_img_like(mask_img, unmasked, affine)
Network 3 - vAttention: 50 voxels done Correlation: 0.25591429182362685
Network 3 - vAttention: 150 voxels done Correlation: 0.3125653024404187
Network 3 - vAttention: 250 voxels done Correlation: 0.2600542497331049
Network 3 - vAttention: 500 voxels done Correlation: 0.2859472142733997
Network 3 - vAttention: 750 voxels done Correlation: 0.3463695443895847
Network 3 - vAttention: 1000 voxels done Correlation: 0.305922926120566
Network 3 - vAttention: 1500 voxels done Correlation: 0.40010796269739735
Network 3 - vAttention: 3000 voxels done Correlation: 0.3634589651790655
Network 3 - vAttention: 5000 voxels done Correlation: 0.3545792530931202
Network 3 - vAttention: 6500 voxels done Correlation: 0.3699025129375888
Network 3 - vAttention: 10000 voxels done Correlation: 0.396502726680764
Network 3 - vAttention: 15000 voxels done Correlation: 0.38776142632298766
/home/fhopp/.conda/envs/mjs/lib/python3.8/site-packages/nilearn/masking.py:980: UserWarning: Data array used to create a new image contains 64-bit ints. This is likely due to creating the array with numpy and passing `int` as the `dtype`. Many tools such as FSL and SPM cannot deal with int64 in Nifti images, so for compatibility the data has been converted to int32.
  return new_img_like(mask_img, unmasked, affine)
Network 4 - Limbic: 50 voxels done Correlation: 0.2732993357950006
Network 4 - Limbic: 150 voxels done Correlation: 0.22655122521941518
Network 4 - Limbic: 250 voxels done Correlation: 0.25475949608064397
Network 4 - Limbic: 500 voxels done Correlation: 0.2362647091531874
Network 4 - Limbic: 750 voxels done Correlation: 0.2443155831980081
Network 4 - Limbic: 1000 voxels done Correlation: 0.2883151219070006
Network 4 - Limbic: 1500 voxels done Correlation: 0.25791437963250824
Network 4 - Limbic: 3000 voxels done Correlation: 0.28519802100928066
Network 4 - Limbic: 5000 voxels done Correlation: 0.2779780901039149
Network 4 - Limbic: 6500 voxels done Correlation: 0.2897531888221964
Network 4 - Limbic: 10000 voxels done Correlation: 0.2761936979698952
/home/fhopp/.conda/envs/mjs/lib/python3.8/site-packages/nilearn/masking.py:980: UserWarning: Data array used to create a new image contains 64-bit ints. This is likely due to creating the array with numpy and passing `int` as the `dtype`. Many tools such as FSL and SPM cannot deal with int64 in Nifti images, so for compatibility the data has been converted to int32.
  return new_img_like(mask_img, unmasked, affine)
Network 5 - Frontoparietal: 50 voxels done Correlation: 0.12262127339960294
Network 5 - Frontoparietal: 150 voxels done Correlation: 0.21365276768436592
Network 5 - Frontoparietal: 250 voxels done Correlation: 0.2513280925782453
Network 5 - Frontoparietal: 500 voxels done Correlation: 0.22159947592375892
Network 5 - Frontoparietal: 750 voxels done Correlation: 0.22187883713339226
Network 5 - Frontoparietal: 1000 voxels done Correlation: 0.27210542830077156
Network 5 - Frontoparietal: 1500 voxels done Correlation: 0.25991552873062124
Network 5 - Frontoparietal: 3000 voxels done Correlation: 0.23683267763513927
Network 5 - Frontoparietal: 5000 voxels done Correlation: 0.23884051009226548
Network 5 - Frontoparietal: 6500 voxels done Correlation: 0.24108111519077452
Network 5 - Frontoparietal: 10000 voxels done Correlation: 0.2434229550294467
Network 5 - Frontoparietal: 15000 voxels done Correlation: 0.23797130703400743
/home/fhopp/.conda/envs/mjs/lib/python3.8/site-packages/nilearn/masking.py:980: UserWarning: Data array used to create a new image contains 64-bit ints. This is likely due to creating the array with numpy and passing `int` as the `dtype`. Many tools such as FSL and SPM cannot deal with int64 in Nifti images, so for compatibility the data has been converted to int32.
  return new_img_like(mask_img, unmasked, affine)
Network 6 - Default Mode: 50 voxels done Correlation: 0.33369266049189117
Network 6 - Default Mode: 150 voxels done Correlation: 0.3067687664315528
Network 6 - Default Mode: 250 voxels done Correlation: 0.36803409908426754
Network 6 - Default Mode: 500 voxels done Correlation: 0.3444020974623201
Network 6 - Default Mode: 750 voxels done Correlation: 0.3672625823150966
Network 6 - Default Mode: 1000 voxels done Correlation: 0.39896319316896034
Network 6 - Default Mode: 1500 voxels done Correlation: 0.376230359352588
Network 6 - Default Mode: 3000 voxels done Correlation: 0.4056707281567933
Network 6 - Default Mode: 5000 voxels done Correlation: 0.37328305511359927
Network 6 - Default Mode: 6500 voxels done Correlation: 0.3937282372327293
Network 6 - Default Mode: 10000 voxels done Correlation: 0.40963923445592487
Network 6 - Default Mode: 15000 voxels done Correlation: 0.40928678602511315
Network 6 - Default Mode: 25000 voxels done Correlation: 0.40747329365140506
/home/fhopp/.conda/envs/mjs/lib/python3.8/site-packages/nilearn/masking.py:980: UserWarning: Data array used to create a new image contains 64-bit ints. This is likely due to creating the array with numpy and passing `int` as the `dtype`. Many tools such as FSL and SPM cannot deal with int64 in Nifti images, so for compatibility the data has been converted to int32.
  return new_img_like(mask_img, unmasked, affine)
Network 7 - Subcortical: 50 voxels done Correlation: 0.2292450469365491
Network 7 - Subcortical: 150 voxels done Correlation: 0.1789818522357989
Network 7 - Subcortical: 250 voxels done Correlation: 0.21429799006068193
Network 7 - Subcortical: 500 voxels done Correlation: 0.20490081589290474
Network 7 - Subcortical: 750 voxels done Correlation: 0.23192882342360943
Network 7 - Subcortical: 1000 voxels done Correlation: 0.22403353642191265
Network 7 - Subcortical: 1500 voxels done Correlation: 0.19684918398866125
Network 7 - Subcortical: 3000 voxels done Correlation: 0.20602192213405285
Network 7 - Subcortical: 5000 voxels done Correlation: 0.16980384683635127
Network 7 - Subcortical: 6500 voxels done Correlation: 0.1647253952291607
Network 7 - Subcortical: 10000 voxels done Correlation: 0.16781545458309843
Network 8 - Consciousness: 50 voxels done Correlation: 0.3336195263219879
Network 8 - Consciousness: 150 voxels done Correlation: 0.3909795391314257
Network 8 - Consciousness: 250 voxels done Correlation: 0.3242637542112544
Network 8 - Consciousness: 500 voxels done Correlation: 0.3043164039841879
Network 8 - Consciousness: 750 voxels done Correlation: 0.3952957742682106
Network 8 - Consciousness: 1000 voxels done Correlation: 0.3840835545556014
Network 8 - Consciousness: 1500 voxels done Correlation: 0.40188224112132703
Network 8 - Consciousness: 3000 voxels done Correlation: 0.37961857628246887
Network 8 - Consciousness: 5000 voxels done Correlation: 0.4549612198746574
Network 8 - Consciousness: 6500 voxels done Correlation: 0.46182887757392554
Network 8 - Consciousness: 10000 voxels done Correlation: 0.4685174893716947
Network 8 - Consciousness: 15000 voxels done Correlation: 0.47160262455095847
Network 8 - Consciousness: 25000 voxels done Correlation: 0.46540368367761853
Network 8 - Consciousness: 50000 voxels done Correlation: 0.46584865457684094
