Running job on: wood
Iteration: 106
Starting spatial evaluation...
/home/fhopp/.conda/envs/mjs/lib/python3.8/site-packages/nilearn/maskers/nifti_masker.py:110: UserWarning: imgs are being resampled to the mask_img resolution. This process is memory intensive. You might want to provide a target_affine that is equal to the affine of the imgs or resample the mask beforehand to save memory and computation time.
  warnings.warn(
/home/fhopp/.conda/envs/mjs/lib/python3.8/site-packages/nilearn/masking.py:980: UserWarning: Data array used to create a new image contains 64-bit ints. This is likely due to creating the array with numpy and passing `int` as the `dtype`. Many tools such as FSL and SPM cannot deal with int64 in Nifti images, so for compatibility the data has been converted to int32.
  return new_img_like(mask_img, unmasked, affine)
Network 0 - Visual: 50 voxels done Correlation: 0.6875003374716437
Network 0 - Visual: 150 voxels done Correlation: 0.6182153291695817
Network 0 - Visual: 250 voxels done Correlation: 0.5791604968424352
Network 0 - Visual: 500 voxels done Correlation: 0.5729864573630743
Network 0 - Visual: 750 voxels done Correlation: 0.5854445211907583
Network 0 - Visual: 1000 voxels done Correlation: 0.6387492602577692
Network 0 - Visual: 1500 voxels done Correlation: 0.6270200344087844
Network 0 - Visual: 3000 voxels done Correlation: 0.6227099508962459
Network 0 - Visual: 5000 voxels done Correlation: 0.6286142914750799
Network 0 - Visual: 6500 voxels done Correlation: 0.6344278228570748
Network 0 - Visual: 10000 voxels done Correlation: 0.6220998115765652
Network 0 - Visual: 15000 voxels done Correlation: 0.6233334714434433
/home/fhopp/.conda/envs/mjs/lib/python3.8/site-packages/nilearn/masking.py:980: UserWarning: Data array used to create a new image contains 64-bit ints. This is likely due to creating the array with numpy and passing `int` as the `dtype`. Many tools such as FSL and SPM cannot deal with int64 in Nifti images, so for compatibility the data has been converted to int32.
  return new_img_like(mask_img, unmasked, affine)
Network 1 - Somatomotor: 50 voxels done Correlation: 0.09396200557690633
Network 1 - Somatomotor: 150 voxels done Correlation: 0.3638146130138833
Network 1 - Somatomotor: 250 voxels done Correlation: 0.3151067922427964
Network 1 - Somatomotor: 500 voxels done Correlation: 0.34298198313842254
Network 1 - Somatomotor: 750 voxels done Correlation: 0.32112279295651835
Network 1 - Somatomotor: 1000 voxels done Correlation: 0.30841373971777875
Network 1 - Somatomotor: 1500 voxels done Correlation: 0.3501309765848042
Network 1 - Somatomotor: 3000 voxels done Correlation: 0.339435478272594
Network 1 - Somatomotor: 5000 voxels done Correlation: 0.3359990058245476
Network 1 - Somatomotor: 6500 voxels done Correlation: 0.34449220997699287
Network 1 - Somatomotor: 10000 voxels done Correlation: 0.34703294218913955
Network 1 - Somatomotor: 15000 voxels done Correlation: 0.343263649889991
/home/fhopp/.conda/envs/mjs/lib/python3.8/site-packages/nilearn/masking.py:980: UserWarning: Data array used to create a new image contains 64-bit ints. This is likely due to creating the array with numpy and passing `int` as the `dtype`. Many tools such as FSL and SPM cannot deal with int64 in Nifti images, so for compatibility the data has been converted to int32.
  return new_img_like(mask_img, unmasked, affine)
Network 2 - dAttention: 50 voxels done Correlation: 0.2565741103622305
Network 2 - dAttention: 150 voxels done Correlation: 0.32161363515342467
Network 2 - dAttention: 250 voxels done Correlation: 0.3064977667530655
Network 2 - dAttention: 500 voxels done Correlation: 0.2892773132719063
Network 2 - dAttention: 750 voxels done Correlation: 0.3457974444307793
Network 2 - dAttention: 1000 voxels done Correlation: 0.3330050665651426
Network 2 - dAttention: 1500 voxels done Correlation: 0.3107035580740268
Network 2 - dAttention: 3000 voxels done Correlation: 0.334097707846134
Network 2 - dAttention: 5000 voxels done Correlation: 0.3291475320518276
Network 2 - dAttention: 6500 voxels done Correlation: 0.32541082070230515
Network 2 - dAttention: 10000 voxels done Correlation: 0.3361847735310687
Network 2 - dAttention: 15000 voxels done Correlation: 0.333512638675416
/home/fhopp/.conda/envs/mjs/lib/python3.8/site-packages/nilearn/masking.py:980: UserWarning: Data array used to create a new image contains 64-bit ints. This is likely due to creating the array with numpy and passing `int` as the `dtype`. Many tools such as FSL and SPM cannot deal with int64 in Nifti images, so for compatibility the data has been converted to int32.
  return new_img_like(mask_img, unmasked, affine)
Network 3 - vAttention: 50 voxels done Correlation: 0.1458384165197547
Network 3 - vAttention: 150 voxels done Correlation: 0.26479746686415095
Network 3 - vAttention: 250 voxels done Correlation: 0.2704917557674549
Network 3 - vAttention: 500 voxels done Correlation: 0.3390593553096901
Network 3 - vAttention: 750 voxels done Correlation: 0.2921788812676684
Network 3 - vAttention: 1000 voxels done Correlation: 0.37522371817578326
Network 3 - vAttention: 1500 voxels done Correlation: 0.3250141366673579
Network 3 - vAttention: 3000 voxels done Correlation: 0.36233848068541974
Network 3 - vAttention: 5000 voxels done Correlation: 0.3841693824979886
Network 3 - vAttention: 6500 voxels done Correlation: 0.3820239672459489
Network 3 - vAttention: 10000 voxels done Correlation: 0.37461677470999055
Network 3 - vAttention: 15000 voxels done Correlation: 0.3884987009328623
/home/fhopp/.conda/envs/mjs/lib/python3.8/site-packages/nilearn/masking.py:980: UserWarning: Data array used to create a new image contains 64-bit ints. This is likely due to creating the array with numpy and passing `int` as the `dtype`. Many tools such as FSL and SPM cannot deal with int64 in Nifti images, so for compatibility the data has been converted to int32.
  return new_img_like(mask_img, unmasked, affine)
Network 4 - Limbic: 50 voxels done Correlation: 0.11546068561343749
Network 4 - Limbic: 150 voxels done Correlation: 0.27551327319999497
Network 4 - Limbic: 250 voxels done Correlation: 0.2746126537524133
Network 4 - Limbic: 500 voxels done Correlation: 0.23013619660231752
Network 4 - Limbic: 750 voxels done Correlation: 0.22546814660622844
Network 4 - Limbic: 1000 voxels done Correlation: 0.2616895633736554
Network 4 - Limbic: 1500 voxels done Correlation: 0.27199446527959426
Network 4 - Limbic: 3000 voxels done Correlation: 0.28374047849853223
Network 4 - Limbic: 5000 voxels done Correlation: 0.29398928921581724
Network 4 - Limbic: 6500 voxels done Correlation: 0.2642225443686251
Network 4 - Limbic: 10000 voxels done Correlation: 0.2844119335443334
/home/fhopp/.conda/envs/mjs/lib/python3.8/site-packages/nilearn/masking.py:980: UserWarning: Data array used to create a new image contains 64-bit ints. This is likely due to creating the array with numpy and passing `int` as the `dtype`. Many tools such as FSL and SPM cannot deal with int64 in Nifti images, so for compatibility the data has been converted to int32.
  return new_img_like(mask_img, unmasked, affine)
Network 5 - Frontoparietal: 50 voxels done Correlation: 0.20298825176966315
Network 5 - Frontoparietal: 150 voxels done Correlation: 0.1556883994001706
Network 5 - Frontoparietal: 250 voxels done Correlation: 0.22243175659222664
Network 5 - Frontoparietal: 500 voxels done Correlation: 0.24474070793330693
Network 5 - Frontoparietal: 750 voxels done Correlation: 0.2036929494075534
Network 5 - Frontoparietal: 1000 voxels done Correlation: 0.25696980822411086
Network 5 - Frontoparietal: 1500 voxels done Correlation: 0.22413895424216615
Network 5 - Frontoparietal: 3000 voxels done Correlation: 0.24394909716064658
Network 5 - Frontoparietal: 5000 voxels done Correlation: 0.2160768119206688
Network 5 - Frontoparietal: 6500 voxels done Correlation: 0.24010763860167153
Network 5 - Frontoparietal: 10000 voxels done Correlation: 0.2444846065993071
Network 5 - Frontoparietal: 15000 voxels done Correlation: 0.24049166046885828
/home/fhopp/.conda/envs/mjs/lib/python3.8/site-packages/nilearn/masking.py:980: UserWarning: Data array used to create a new image contains 64-bit ints. This is likely due to creating the array with numpy and passing `int` as the `dtype`. Many tools such as FSL and SPM cannot deal with int64 in Nifti images, so for compatibility the data has been converted to int32.
  return new_img_like(mask_img, unmasked, affine)
Network 6 - Default Mode: 50 voxels done Correlation: 0.1725209251696211
Network 6 - Default Mode: 150 voxels done Correlation: 0.37968006627602946
Network 6 - Default Mode: 250 voxels done Correlation: 0.39978888615767627
Network 6 - Default Mode: 500 voxels done Correlation: 0.33180963212622333
Network 6 - Default Mode: 750 voxels done Correlation: 0.43008603582378424
Network 6 - Default Mode: 1000 voxels done Correlation: 0.37756382080958023
Network 6 - Default Mode: 1500 voxels done Correlation: 0.3405668948558341
Network 6 - Default Mode: 3000 voxels done Correlation: 0.4028885903270509
Network 6 - Default Mode: 5000 voxels done Correlation: 0.38932976805621555
Network 6 - Default Mode: 6500 voxels done Correlation: 0.4011978056034016
Network 6 - Default Mode: 10000 voxels done Correlation: 0.4121600139945797
Network 6 - Default Mode: 15000 voxels done Correlation: 0.411580916239653
Network 6 - Default Mode: 25000 voxels done Correlation: 0.41147024711589975
/home/fhopp/.conda/envs/mjs/lib/python3.8/site-packages/nilearn/masking.py:980: UserWarning: Data array used to create a new image contains 64-bit ints. This is likely due to creating the array with numpy and passing `int` as the `dtype`. Many tools such as FSL and SPM cannot deal with int64 in Nifti images, so for compatibility the data has been converted to int32.
  return new_img_like(mask_img, unmasked, affine)
Network 7 - Subcortical: 50 voxels done Correlation: 0.19591330078642408
Network 7 - Subcortical: 150 voxels done Correlation: 0.13381482952602047
Network 7 - Subcortical: 250 voxels done Correlation: 0.19638506351039614
Network 7 - Subcortical: 500 voxels done Correlation: 0.27779332768114434
Network 7 - Subcortical: 750 voxels done Correlation: 0.17750516330100805
Network 7 - Subcortical: 1000 voxels done Correlation: 0.2352986932914482
Network 7 - Subcortical: 1500 voxels done Correlation: 0.21243876086423155
Network 7 - Subcortical: 3000 voxels done Correlation: 0.18292914034939178
Network 7 - Subcortical: 5000 voxels done Correlation: 0.16351084818788902
Network 7 - Subcortical: 6500 voxels done Correlation: 0.1567696276277549
Network 7 - Subcortical: 10000 voxels done Correlation: 0.17035777436347949
Network 8 - Consciousness: 50 voxels done Correlation: 0.2846499567693538
Network 8 - Consciousness: 150 voxels done Correlation: 0.4575424166200812
Network 8 - Consciousness: 250 voxels done Correlation: 0.4880233001639355
Network 8 - Consciousness: 500 voxels done Correlation: 0.4124521810345152
Network 8 - Consciousness: 750 voxels done Correlation: 0.41033456900956283
Network 8 - Consciousness: 1000 voxels done Correlation: 0.3544870967066709
Network 8 - Consciousness: 1500 voxels done Correlation: 0.474475365681419
Network 8 - Consciousness: 3000 voxels done Correlation: 0.4199831146115245
Network 8 - Consciousness: 5000 voxels done Correlation: 0.4588513044542033
Network 8 - Consciousness: 6500 voxels done Correlation: 0.44627398354296555
Network 8 - Consciousness: 10000 voxels done Correlation: 0.45855295535740836
Network 8 - Consciousness: 15000 voxels done Correlation: 0.4638020385078555
Network 8 - Consciousness: 25000 voxels done Correlation: 0.45505130975155794
Network 8 - Consciousness: 50000 voxels done Correlation: 0.46460453929867584
