Running job on: easley
Iteration: 807
Starting spatial evaluation...
/home/fhopp/.conda/envs/mjs/lib/python3.8/site-packages/nilearn/maskers/nifti_masker.py:110: UserWarning: imgs are being resampled to the mask_img resolution. This process is memory intensive. You might want to provide a target_affine that is equal to the affine of the imgs or resample the mask beforehand to save memory and computation time.
  warnings.warn(
/home/fhopp/.conda/envs/mjs/lib/python3.8/site-packages/nilearn/masking.py:980: UserWarning: Data array used to create a new image contains 64-bit ints. This is likely due to creating the array with numpy and passing `int` as the `dtype`. Many tools such as FSL and SPM cannot deal with int64 in Nifti images, so for compatibility the data has been converted to int32.
  return new_img_like(mask_img, unmasked, affine)
Network 0 - Visual: 50 voxels done Correlation: 0.6042294458164963
Network 0 - Visual: 150 voxels done Correlation: 0.5896829988632949
Network 0 - Visual: 250 voxels done Correlation: 0.5805892500214587
Network 0 - Visual: 500 voxels done Correlation: 0.5661018561701737
Network 0 - Visual: 750 voxels done Correlation: 0.5590097192158646
Network 0 - Visual: 1000 voxels done Correlation: 0.5747910554505071
Network 0 - Visual: 1500 voxels done Correlation: 0.6162988118316757
Network 0 - Visual: 3000 voxels done Correlation: 0.6202932586983916
Network 0 - Visual: 5000 voxels done Correlation: 0.6177183928140101
Network 0 - Visual: 6500 voxels done Correlation: 0.6351111137659378
Network 0 - Visual: 10000 voxels done Correlation: 0.6336725698396042
Network 0 - Visual: 15000 voxels done Correlation: 0.6308935661143886
/home/fhopp/.conda/envs/mjs/lib/python3.8/site-packages/nilearn/masking.py:980: UserWarning: Data array used to create a new image contains 64-bit ints. This is likely due to creating the array with numpy and passing `int` as the `dtype`. Many tools such as FSL and SPM cannot deal with int64 in Nifti images, so for compatibility the data has been converted to int32.
  return new_img_like(mask_img, unmasked, affine)
Network 1 - Somatomotor: 50 voxels done Correlation: 0.15424345527501854
Network 1 - Somatomotor: 150 voxels done Correlation: 0.34976559472651236
Network 1 - Somatomotor: 250 voxels done Correlation: 0.4029146472904881
Network 1 - Somatomotor: 500 voxels done Correlation: 0.33368974408219726
Network 1 - Somatomotor: 750 voxels done Correlation: 0.33105952353209916
Network 1 - Somatomotor: 1000 voxels done Correlation: 0.3546545459484499
Network 1 - Somatomotor: 1500 voxels done Correlation: 0.34773220472025285
Network 1 - Somatomotor: 3000 voxels done Correlation: 0.3360230208943189
Network 1 - Somatomotor: 5000 voxels done Correlation: 0.36275686555309244
Network 1 - Somatomotor: 6500 voxels done Correlation: 0.34384687628469235
Network 1 - Somatomotor: 10000 voxels done Correlation: 0.3461396181317867
Network 1 - Somatomotor: 15000 voxels done Correlation: 0.3431005676119483
/home/fhopp/.conda/envs/mjs/lib/python3.8/site-packages/nilearn/masking.py:980: UserWarning: Data array used to create a new image contains 64-bit ints. This is likely due to creating the array with numpy and passing `int` as the `dtype`. Many tools such as FSL and SPM cannot deal with int64 in Nifti images, so for compatibility the data has been converted to int32.
  return new_img_like(mask_img, unmasked, affine)
Network 2 - dAttention: 50 voxels done Correlation: 0.30907143220707406
Network 2 - dAttention: 150 voxels done Correlation: 0.23157308835535442
Network 2 - dAttention: 250 voxels done Correlation: 0.33013655748993853
Network 2 - dAttention: 500 voxels done Correlation: 0.3463609326778919
Network 2 - dAttention: 750 voxels done Correlation: 0.3663280162363457
Network 2 - dAttention: 1000 voxels done Correlation: 0.2953509581455526
Network 2 - dAttention: 1500 voxels done Correlation: 0.2822155956968908
Network 2 - dAttention: 3000 voxels done Correlation: 0.31656436032166246
Network 2 - dAttention: 5000 voxels done Correlation: 0.3288140342637805
Network 2 - dAttention: 6500 voxels done Correlation: 0.33480625638934414
Network 2 - dAttention: 10000 voxels done Correlation: 0.33189455062382256
Network 2 - dAttention: 15000 voxels done Correlation: 0.33134007249131625
/home/fhopp/.conda/envs/mjs/lib/python3.8/site-packages/nilearn/masking.py:980: UserWarning: Data array used to create a new image contains 64-bit ints. This is likely due to creating the array with numpy and passing `int` as the `dtype`. Many tools such as FSL and SPM cannot deal with int64 in Nifti images, so for compatibility the data has been converted to int32.
  return new_img_like(mask_img, unmasked, affine)
Network 3 - vAttention: 50 voxels done Correlation: 0.2475742066750533
Network 3 - vAttention: 150 voxels done Correlation: 0.3143994769223257
Network 3 - vAttention: 250 voxels done Correlation: 0.3864240086756454
Network 3 - vAttention: 500 voxels done Correlation: 0.32604500904240175
Network 3 - vAttention: 750 voxels done Correlation: 0.3564158300877589
Network 3 - vAttention: 1000 voxels done Correlation: 0.3490268417972918
Network 3 - vAttention: 1500 voxels done Correlation: 0.33255030180125156
Network 3 - vAttention: 3000 voxels done Correlation: 0.3902126954333007
Network 3 - vAttention: 5000 voxels done Correlation: 0.3818233026513237
Network 3 - vAttention: 6500 voxels done Correlation: 0.3699648782878746
Network 3 - vAttention: 10000 voxels done Correlation: 0.3900916661682627
Network 3 - vAttention: 15000 voxels done Correlation: 0.3886283791671974
/home/fhopp/.conda/envs/mjs/lib/python3.8/site-packages/nilearn/masking.py:980: UserWarning: Data array used to create a new image contains 64-bit ints. This is likely due to creating the array with numpy and passing `int` as the `dtype`. Many tools such as FSL and SPM cannot deal with int64 in Nifti images, so for compatibility the data has been converted to int32.
  return new_img_like(mask_img, unmasked, affine)
Network 4 - Limbic: 50 voxels done Correlation: 0.16388300423367566
Network 4 - Limbic: 150 voxels done Correlation: 0.22315506400727347
Network 4 - Limbic: 250 voxels done Correlation: 0.20548764411317066
Network 4 - Limbic: 500 voxels done Correlation: 0.24271958086570833
Network 4 - Limbic: 750 voxels done Correlation: 0.2793117372524112
Network 4 - Limbic: 1000 voxels done Correlation: 0.2876719600076282
Network 4 - Limbic: 1500 voxels done Correlation: 0.2875390802170189
Network 4 - Limbic: 3000 voxels done Correlation: 0.279009565751721
Network 4 - Limbic: 5000 voxels done Correlation: 0.286459860915493
Network 4 - Limbic: 6500 voxels done Correlation: 0.2821739900735049
Network 4 - Limbic: 10000 voxels done Correlation: 0.28465524438358203
/home/fhopp/.conda/envs/mjs/lib/python3.8/site-packages/nilearn/masking.py:980: UserWarning: Data array used to create a new image contains 64-bit ints. This is likely due to creating the array with numpy and passing `int` as the `dtype`. Many tools such as FSL and SPM cannot deal with int64 in Nifti images, so for compatibility the data has been converted to int32.
  return new_img_like(mask_img, unmasked, affine)
Network 5 - Frontoparietal: 50 voxels done Correlation: 0.18171196843139628
Network 5 - Frontoparietal: 150 voxels done Correlation: 0.17654538178202236
Network 5 - Frontoparietal: 250 voxels done Correlation: 0.2375487035783226
Network 5 - Frontoparietal: 500 voxels done Correlation: 0.21715411418554376
Network 5 - Frontoparietal: 750 voxels done Correlation: 0.21864546966494564
Network 5 - Frontoparietal: 1000 voxels done Correlation: 0.23161221973718013
Network 5 - Frontoparietal: 1500 voxels done Correlation: 0.2307077686644182
Network 5 - Frontoparietal: 3000 voxels done Correlation: 0.2315176190522322
Network 5 - Frontoparietal: 5000 voxels done Correlation: 0.2413847328207571
Network 5 - Frontoparietal: 6500 voxels done Correlation: 0.23544838197686246
Network 5 - Frontoparietal: 10000 voxels done Correlation: 0.23379547027358477
Network 5 - Frontoparietal: 15000 voxels done Correlation: 0.24039276486961172
/home/fhopp/.conda/envs/mjs/lib/python3.8/site-packages/nilearn/masking.py:980: UserWarning: Data array used to create a new image contains 64-bit ints. This is likely due to creating the array with numpy and passing `int` as the `dtype`. Many tools such as FSL and SPM cannot deal with int64 in Nifti images, so for compatibility the data has been converted to int32.
  return new_img_like(mask_img, unmasked, affine)
Network 6 - Default Mode: 50 voxels done Correlation: 0.20086634503627665
Network 6 - Default Mode: 150 voxels done Correlation: 0.3117689212214655
Network 6 - Default Mode: 250 voxels done Correlation: 0.35819274536827095
Network 6 - Default Mode: 500 voxels done Correlation: 0.30821640842714515
Network 6 - Default Mode: 750 voxels done Correlation: 0.4304814691481238
Network 6 - Default Mode: 1000 voxels done Correlation: 0.3476601496585018
Network 6 - Default Mode: 1500 voxels done Correlation: 0.365856718234264
Network 6 - Default Mode: 3000 voxels done Correlation: 0.42591127447918986
Network 6 - Default Mode: 5000 voxels done Correlation: 0.4018991809335684
Network 6 - Default Mode: 6500 voxels done Correlation: 0.4153139472464468
Network 6 - Default Mode: 10000 voxels done Correlation: 0.41119069066032293
Network 6 - Default Mode: 15000 voxels done Correlation: 0.39678239952702965
Network 6 - Default Mode: 25000 voxels done Correlation: 0.4086049136269098
/home/fhopp/.conda/envs/mjs/lib/python3.8/site-packages/nilearn/masking.py:980: UserWarning: Data array used to create a new image contains 64-bit ints. This is likely due to creating the array with numpy and passing `int` as the `dtype`. Many tools such as FSL and SPM cannot deal with int64 in Nifti images, so for compatibility the data has been converted to int32.
  return new_img_like(mask_img, unmasked, affine)
Network 7 - Subcortical: 50 voxels done Correlation: 0.11509576950674409
Network 7 - Subcortical: 150 voxels done Correlation: 0.17504380543856707
Network 7 - Subcortical: 250 voxels done Correlation: 0.1866713157826606
Network 7 - Subcortical: 500 voxels done Correlation: 0.22985732667009742
Network 7 - Subcortical: 750 voxels done Correlation: 0.21819599526287337
Network 7 - Subcortical: 1000 voxels done Correlation: 0.16920951313442392
Network 7 - Subcortical: 1500 voxels done Correlation: 0.23050132026580095
Network 7 - Subcortical: 3000 voxels done Correlation: 0.2160047506984401
Network 7 - Subcortical: 5000 voxels done Correlation: 0.16589181653383828
Network 7 - Subcortical: 6500 voxels done Correlation: 0.1706947304990925
Network 7 - Subcortical: 10000 voxels done Correlation: 0.16757303480915098
Network 8 - Consciousness: 50 voxels done Correlation: 0.40870619584626655
Network 8 - Consciousness: 150 voxels done Correlation: 0.3811348945768025
Network 8 - Consciousness: 250 voxels done Correlation: 0.24445182347446542
Network 8 - Consciousness: 500 voxels done Correlation: 0.4725657722082928
Network 8 - Consciousness: 750 voxels done Correlation: 0.40431070700333516
Network 8 - Consciousness: 1000 voxels done Correlation: 0.45711665439575666
Network 8 - Consciousness: 1500 voxels done Correlation: 0.45044873067726376
Network 8 - Consciousness: 3000 voxels done Correlation: 0.44140259477523297
Network 8 - Consciousness: 5000 voxels done Correlation: 0.47623545249931576
Network 8 - Consciousness: 6500 voxels done Correlation: 0.4357723177644792
Network 8 - Consciousness: 10000 voxels done Correlation: 0.44919854624969763
Network 8 - Consciousness: 15000 voxels done Correlation: 0.44061994897484713
Network 8 - Consciousness: 25000 voxels done Correlation: 0.46689787392536686
Network 8 - Consciousness: 50000 voxels done Correlation: 0.4667333462544323
