Running job on: wood
Iteration: 578
Starting spatial evaluation...
/home/fhopp/.conda/envs/mjs/lib/python3.8/site-packages/nilearn/maskers/nifti_masker.py:110: UserWarning: imgs are being resampled to the mask_img resolution. This process is memory intensive. You might want to provide a target_affine that is equal to the affine of the imgs or resample the mask beforehand to save memory and computation time.
  warnings.warn(
/home/fhopp/.conda/envs/mjs/lib/python3.8/site-packages/nilearn/masking.py:980: UserWarning: Data array used to create a new image contains 64-bit ints. This is likely due to creating the array with numpy and passing `int` as the `dtype`. Many tools such as FSL and SPM cannot deal with int64 in Nifti images, so for compatibility the data has been converted to int32.
  return new_img_like(mask_img, unmasked, affine)
Network 0 - Visual: 50 voxels done Correlation: 0.6020788198476315
Network 0 - Visual: 150 voxels done Correlation: 0.5769529001229307
Network 0 - Visual: 250 voxels done Correlation: 0.6388802201133365
Network 0 - Visual: 500 voxels done Correlation: 0.5799924831070596
Network 0 - Visual: 750 voxels done Correlation: 0.6134596419501619
Network 0 - Visual: 1000 voxels done Correlation: 0.5729788186297291
Network 0 - Visual: 1500 voxels done Correlation: 0.6231707800850346
Network 0 - Visual: 3000 voxels done Correlation: 0.6220968871593227
Network 0 - Visual: 5000 voxels done Correlation: 0.6332597871860068
Network 0 - Visual: 6500 voxels done Correlation: 0.6359534350312412
Network 0 - Visual: 10000 voxels done Correlation: 0.6278167450769516
Network 0 - Visual: 15000 voxels done Correlation: 0.6239282825945138
/home/fhopp/.conda/envs/mjs/lib/python3.8/site-packages/nilearn/masking.py:980: UserWarning: Data array used to create a new image contains 64-bit ints. This is likely due to creating the array with numpy and passing `int` as the `dtype`. Many tools such as FSL and SPM cannot deal with int64 in Nifti images, so for compatibility the data has been converted to int32.
  return new_img_like(mask_img, unmasked, affine)
Network 1 - Somatomotor: 50 voxels done Correlation: 0.19230046851884394
Network 1 - Somatomotor: 150 voxels done Correlation: 0.22713185793847693
Network 1 - Somatomotor: 250 voxels done Correlation: 0.3517834905581736
Network 1 - Somatomotor: 500 voxels done Correlation: 0.3263089987748823
Network 1 - Somatomotor: 750 voxels done Correlation: 0.3462365589900802
Network 1 - Somatomotor: 1000 voxels done Correlation: 0.3508171884371556
Network 1 - Somatomotor: 1500 voxels done Correlation: 0.30310693659082133
Network 1 - Somatomotor: 3000 voxels done Correlation: 0.34151398406328964
Network 1 - Somatomotor: 5000 voxels done Correlation: 0.34197027803491775
Network 1 - Somatomotor: 6500 voxels done Correlation: 0.33128961680923597
Network 1 - Somatomotor: 10000 voxels done Correlation: 0.345510215702042
Network 1 - Somatomotor: 15000 voxels done Correlation: 0.3426548908046718
/home/fhopp/.conda/envs/mjs/lib/python3.8/site-packages/nilearn/masking.py:980: UserWarning: Data array used to create a new image contains 64-bit ints. This is likely due to creating the array with numpy and passing `int` as the `dtype`. Many tools such as FSL and SPM cannot deal with int64 in Nifti images, so for compatibility the data has been converted to int32.
  return new_img_like(mask_img, unmasked, affine)
Network 2 - dAttention: 50 voxels done Correlation: 0.18637501575560533
Network 2 - dAttention: 150 voxels done Correlation: 0.2862425752004586
Network 2 - dAttention: 250 voxels done Correlation: 0.42753621040440115
Network 2 - dAttention: 500 voxels done Correlation: 0.34552223710570595
Network 2 - dAttention: 750 voxels done Correlation: 0.32903592916286756
Network 2 - dAttention: 1000 voxels done Correlation: 0.31876129216686067
Network 2 - dAttention: 1500 voxels done Correlation: 0.32337840427434994
Network 2 - dAttention: 3000 voxels done Correlation: 0.34346814912559287
Network 2 - dAttention: 5000 voxels done Correlation: 0.35473204623674603
Network 2 - dAttention: 6500 voxels done Correlation: 0.3192779279408908
Network 2 - dAttention: 10000 voxels done Correlation: 0.3284626021784404
Network 2 - dAttention: 15000 voxels done Correlation: 0.33593501937636583
/home/fhopp/.conda/envs/mjs/lib/python3.8/site-packages/nilearn/masking.py:980: UserWarning: Data array used to create a new image contains 64-bit ints. This is likely due to creating the array with numpy and passing `int` as the `dtype`. Many tools such as FSL and SPM cannot deal with int64 in Nifti images, so for compatibility the data has been converted to int32.
  return new_img_like(mask_img, unmasked, affine)
Network 3 - vAttention: 50 voxels done Correlation: 0.22421001264677637
Network 3 - vAttention: 150 voxels done Correlation: 0.27753116253006416
Network 3 - vAttention: 250 voxels done Correlation: 0.3867170852680736
Network 3 - vAttention: 500 voxels done Correlation: 0.31016723386366085
Network 3 - vAttention: 750 voxels done Correlation: 0.314654550623556
Network 3 - vAttention: 1000 voxels done Correlation: 0.3806825453347914
Network 3 - vAttention: 1500 voxels done Correlation: 0.29637649284666906
Network 3 - vAttention: 3000 voxels done Correlation: 0.36552803548931956
Network 3 - vAttention: 5000 voxels done Correlation: 0.3643035702854022
Network 3 - vAttention: 6500 voxels done Correlation: 0.3835543484286069
Network 3 - vAttention: 10000 voxels done Correlation: 0.3844015071538849
Network 3 - vAttention: 15000 voxels done Correlation: 0.38912605960957813
/home/fhopp/.conda/envs/mjs/lib/python3.8/site-packages/nilearn/masking.py:980: UserWarning: Data array used to create a new image contains 64-bit ints. This is likely due to creating the array with numpy and passing `int` as the `dtype`. Many tools such as FSL and SPM cannot deal with int64 in Nifti images, so for compatibility the data has been converted to int32.
  return new_img_like(mask_img, unmasked, affine)
Network 4 - Limbic: 50 voxels done Correlation: 0.18362544710668222
Network 4 - Limbic: 150 voxels done Correlation: 0.2211716173880872
Network 4 - Limbic: 250 voxels done Correlation: 0.19958877012780446
Network 4 - Limbic: 500 voxels done Correlation: 0.2571322870623155
Network 4 - Limbic: 750 voxels done Correlation: 0.2557669707779958
Network 4 - Limbic: 1000 voxels done Correlation: 0.29817017403217
Network 4 - Limbic: 1500 voxels done Correlation: 0.2985885845585228
Network 4 - Limbic: 3000 voxels done Correlation: 0.26434909924247596
Network 4 - Limbic: 5000 voxels done Correlation: 0.29074784204720394
Network 4 - Limbic: 6500 voxels done Correlation: 0.2875663664430289
Network 4 - Limbic: 10000 voxels done Correlation: 0.2867853472324562
/home/fhopp/.conda/envs/mjs/lib/python3.8/site-packages/nilearn/masking.py:980: UserWarning: Data array used to create a new image contains 64-bit ints. This is likely due to creating the array with numpy and passing `int` as the `dtype`. Many tools such as FSL and SPM cannot deal with int64 in Nifti images, so for compatibility the data has been converted to int32.
  return new_img_like(mask_img, unmasked, affine)
Network 5 - Frontoparietal: 50 voxels done Correlation: 0.17236512952554778
Network 5 - Frontoparietal: 150 voxels done Correlation: 0.16891094867718115
Network 5 - Frontoparietal: 250 voxels done Correlation: 0.2155483530596727
Network 5 - Frontoparietal: 500 voxels done Correlation: 0.18370002600904414
Network 5 - Frontoparietal: 750 voxels done Correlation: 0.20888370912511045
Network 5 - Frontoparietal: 1000 voxels done Correlation: 0.23999325380948916
Network 5 - Frontoparietal: 1500 voxels done Correlation: 0.22564616803524398
Network 5 - Frontoparietal: 3000 voxels done Correlation: 0.23166269694862032
Network 5 - Frontoparietal: 5000 voxels done Correlation: 0.2376982490951221
Network 5 - Frontoparietal: 6500 voxels done Correlation: 0.25471529916657465
Network 5 - Frontoparietal: 10000 voxels done Correlation: 0.24391631773820682
Network 5 - Frontoparietal: 15000 voxels done Correlation: 0.24092547739900788
/home/fhopp/.conda/envs/mjs/lib/python3.8/site-packages/nilearn/masking.py:980: UserWarning: Data array used to create a new image contains 64-bit ints. This is likely due to creating the array with numpy and passing `int` as the `dtype`. Many tools such as FSL and SPM cannot deal with int64 in Nifti images, so for compatibility the data has been converted to int32.
  return new_img_like(mask_img, unmasked, affine)
Network 6 - Default Mode: 50 voxels done Correlation: 0.18986020588493052
Network 6 - Default Mode: 150 voxels done Correlation: 0.35189333513781706
Network 6 - Default Mode: 250 voxels done Correlation: 0.38036252608512183
Network 6 - Default Mode: 500 voxels done Correlation: 0.36055851290024277
Network 6 - Default Mode: 750 voxels done Correlation: 0.3717311860726382
Network 6 - Default Mode: 1000 voxels done Correlation: 0.3736863551537434
Network 6 - Default Mode: 1500 voxels done Correlation: 0.42257759254791044
Network 6 - Default Mode: 3000 voxels done Correlation: 0.3707737014648801
Network 6 - Default Mode: 5000 voxels done Correlation: 0.397583227299992
Network 6 - Default Mode: 6500 voxels done Correlation: 0.39866141820889966
Network 6 - Default Mode: 10000 voxels done Correlation: 0.3990514772903822
Network 6 - Default Mode: 15000 voxels done Correlation: 0.3992531461968821
Network 6 - Default Mode: 25000 voxels done Correlation: 0.40987608150311317
/home/fhopp/.conda/envs/mjs/lib/python3.8/site-packages/nilearn/masking.py:980: UserWarning: Data array used to create a new image contains 64-bit ints. This is likely due to creating the array with numpy and passing `int` as the `dtype`. Many tools such as FSL and SPM cannot deal with int64 in Nifti images, so for compatibility the data has been converted to int32.
  return new_img_like(mask_img, unmasked, affine)
Network 7 - Subcortical: 50 voxels done Correlation: 0.09983373577149818
Network 7 - Subcortical: 150 voxels done Correlation: 0.21659709700941832
Network 7 - Subcortical: 250 voxels done Correlation: 0.1435190415828531
Network 7 - Subcortical: 500 voxels done Correlation: 0.2270704788519799
Network 7 - Subcortical: 750 voxels done Correlation: 0.2573805416376528
Network 7 - Subcortical: 1000 voxels done Correlation: 0.28157558275893313
Network 7 - Subcortical: 1500 voxels done Correlation: 0.23277538366240474
Network 7 - Subcortical: 3000 voxels done Correlation: 0.17813327135480145
Network 7 - Subcortical: 5000 voxels done Correlation: 0.16810720577227017
Network 7 - Subcortical: 6500 voxels done Correlation: 0.16487292894628103
Network 7 - Subcortical: 10000 voxels done Correlation: 0.1627272717433733
Network 8 - Consciousness: 50 voxels done Correlation: 0.3238335833560137
Network 8 - Consciousness: 150 voxels done Correlation: 0.2777901901098592
Network 8 - Consciousness: 250 voxels done Correlation: 0.2992731671092441
Network 8 - Consciousness: 500 voxels done Correlation: 0.4181816180733391
Network 8 - Consciousness: 750 voxels done Correlation: 0.2980728416306948
Network 8 - Consciousness: 1000 voxels done Correlation: 0.3627183998746931
Network 8 - Consciousness: 1500 voxels done Correlation: 0.4598772612956893
Network 8 - Consciousness: 3000 voxels done Correlation: 0.4393281050802275
Network 8 - Consciousness: 5000 voxels done Correlation: 0.4598400960241353
Network 8 - Consciousness: 6500 voxels done Correlation: 0.43143343778703314
Network 8 - Consciousness: 10000 voxels done Correlation: 0.46394820222318084
Network 8 - Consciousness: 15000 voxels done Correlation: 0.4726699004138405
Network 8 - Consciousness: 25000 voxels done Correlation: 0.4621977451094969
Network 8 - Consciousness: 50000 voxels done Correlation: 0.46881144943792485
