Running job on: turing
Iteration: 933
Starting spatial evaluation...
/home/fhopp/.conda/envs/mjs/lib/python3.8/site-packages/nilearn/maskers/nifti_masker.py:110: UserWarning: imgs are being resampled to the mask_img resolution. This process is memory intensive. You might want to provide a target_affine that is equal to the affine of the imgs or resample the mask beforehand to save memory and computation time.
  warnings.warn(
/home/fhopp/.conda/envs/mjs/lib/python3.8/site-packages/nilearn/masking.py:980: UserWarning: Data array used to create a new image contains 64-bit ints. This is likely due to creating the array with numpy and passing `int` as the `dtype`. Many tools such as FSL and SPM cannot deal with int64 in Nifti images, so for compatibility the data has been converted to int32.
  return new_img_like(mask_img, unmasked, affine)
Network 0 - Visual: 50 voxels done Correlation: 0.6435640617723413
Network 0 - Visual: 150 voxels done Correlation: 0.6334935850573329
Network 0 - Visual: 250 voxels done Correlation: 0.6047273323547642
Network 0 - Visual: 500 voxels done Correlation: 0.6059106069826135
Network 0 - Visual: 750 voxels done Correlation: 0.5681326140476234
Network 0 - Visual: 1000 voxels done Correlation: 0.5949357006926087
Network 0 - Visual: 1500 voxels done Correlation: 0.6514138751083581
Network 0 - Visual: 3000 voxels done Correlation: 0.6052371183348931
Network 0 - Visual: 5000 voxels done Correlation: 0.6087061270423082
Network 0 - Visual: 6500 voxels done Correlation: 0.6236523755473665
Network 0 - Visual: 10000 voxels done Correlation: 0.6382532184578449
Network 0 - Visual: 15000 voxels done Correlation: 0.6284770655594496
/home/fhopp/.conda/envs/mjs/lib/python3.8/site-packages/nilearn/masking.py:980: UserWarning: Data array used to create a new image contains 64-bit ints. This is likely due to creating the array with numpy and passing `int` as the `dtype`. Many tools such as FSL and SPM cannot deal with int64 in Nifti images, so for compatibility the data has been converted to int32.
  return new_img_like(mask_img, unmasked, affine)
Network 1 - Somatomotor: 50 voxels done Correlation: 0.16393282914077315
Network 1 - Somatomotor: 150 voxels done Correlation: 0.16498332874104024
Network 1 - Somatomotor: 250 voxels done Correlation: 0.3563107784488272
Network 1 - Somatomotor: 500 voxels done Correlation: 0.29631473457876334
Network 1 - Somatomotor: 750 voxels done Correlation: 0.3563565298121788
Network 1 - Somatomotor: 1000 voxels done Correlation: 0.3407032568295605
Network 1 - Somatomotor: 1500 voxels done Correlation: 0.3231191008328339
Network 1 - Somatomotor: 3000 voxels done Correlation: 0.3456476374684109
Network 1 - Somatomotor: 5000 voxels done Correlation: 0.3362670908360944
Network 1 - Somatomotor: 6500 voxels done Correlation: 0.34809506767248083
Network 1 - Somatomotor: 10000 voxels done Correlation: 0.33379932995120476
Network 1 - Somatomotor: 15000 voxels done Correlation: 0.3424646561175654
/home/fhopp/.conda/envs/mjs/lib/python3.8/site-packages/nilearn/masking.py:980: UserWarning: Data array used to create a new image contains 64-bit ints. This is likely due to creating the array with numpy and passing `int` as the `dtype`. Many tools such as FSL and SPM cannot deal with int64 in Nifti images, so for compatibility the data has been converted to int32.
  return new_img_like(mask_img, unmasked, affine)
Network 2 - dAttention: 50 voxels done Correlation: 0.25247694056183356
Network 2 - dAttention: 150 voxels done Correlation: 0.2693718615880214
Network 2 - dAttention: 250 voxels done Correlation: 0.22976209663896377
Network 2 - dAttention: 500 voxels done Correlation: 0.2793966833841769
Network 2 - dAttention: 750 voxels done Correlation: 0.27743949241248544
Network 2 - dAttention: 1000 voxels done Correlation: 0.31766617254747126
Network 2 - dAttention: 1500 voxels done Correlation: 0.3082716033215117
Network 2 - dAttention: 3000 voxels done Correlation: 0.3320214360185647
Network 2 - dAttention: 5000 voxels done Correlation: 0.33414921154220034
Network 2 - dAttention: 6500 voxels done Correlation: 0.32304890403669917
Network 2 - dAttention: 10000 voxels done Correlation: 0.3338478840987174
Network 2 - dAttention: 15000 voxels done Correlation: 0.3357721685309071
/home/fhopp/.conda/envs/mjs/lib/python3.8/site-packages/nilearn/masking.py:980: UserWarning: Data array used to create a new image contains 64-bit ints. This is likely due to creating the array with numpy and passing `int` as the `dtype`. Many tools such as FSL and SPM cannot deal with int64 in Nifti images, so for compatibility the data has been converted to int32.
  return new_img_like(mask_img, unmasked, affine)
Network 3 - vAttention: 50 voxels done Correlation: 0.1463694455251272
Network 3 - vAttention: 150 voxels done Correlation: 0.28079941546585224
Network 3 - vAttention: 250 voxels done Correlation: 0.36321018472640676
Network 3 - vAttention: 500 voxels done Correlation: 0.36303438358215456
Network 3 - vAttention: 750 voxels done Correlation: 0.3737580431020433
Network 3 - vAttention: 1000 voxels done Correlation: 0.34042764102641726
Network 3 - vAttention: 1500 voxels done Correlation: 0.36181556368531065
Network 3 - vAttention: 3000 voxels done Correlation: 0.3365107980862182
Network 3 - vAttention: 5000 voxels done Correlation: 0.39172215640360786
Network 3 - vAttention: 6500 voxels done Correlation: 0.37631925293238055
Network 3 - vAttention: 10000 voxels done Correlation: 0.38647820566902025
Network 3 - vAttention: 15000 voxels done Correlation: 0.3887005535642098
/home/fhopp/.conda/envs/mjs/lib/python3.8/site-packages/nilearn/masking.py:980: UserWarning: Data array used to create a new image contains 64-bit ints. This is likely due to creating the array with numpy and passing `int` as the `dtype`. Many tools such as FSL and SPM cannot deal with int64 in Nifti images, so for compatibility the data has been converted to int32.
  return new_img_like(mask_img, unmasked, affine)
Network 4 - Limbic: 50 voxels done Correlation: 0.18556135269229737
Network 4 - Limbic: 150 voxels done Correlation: 0.27566352976736547
Network 4 - Limbic: 250 voxels done Correlation: 0.21351880599419193
Network 4 - Limbic: 500 voxels done Correlation: 0.3044781996465914
Network 4 - Limbic: 750 voxels done Correlation: 0.236329728322007
Network 4 - Limbic: 1000 voxels done Correlation: 0.2705172508475392
Network 4 - Limbic: 1500 voxels done Correlation: 0.25028824116619003
Network 4 - Limbic: 3000 voxels done Correlation: 0.2926882529604487
Network 4 - Limbic: 5000 voxels done Correlation: 0.2822867979214668
Network 4 - Limbic: 6500 voxels done Correlation: 0.28253250307341965
Network 4 - Limbic: 10000 voxels done Correlation: 0.28995207821337293
/home/fhopp/.conda/envs/mjs/lib/python3.8/site-packages/nilearn/masking.py:980: UserWarning: Data array used to create a new image contains 64-bit ints. This is likely due to creating the array with numpy and passing `int` as the `dtype`. Many tools such as FSL and SPM cannot deal with int64 in Nifti images, so for compatibility the data has been converted to int32.
  return new_img_like(mask_img, unmasked, affine)
Network 5 - Frontoparietal: 50 voxels done Correlation: 0.12026975480843974
Network 5 - Frontoparietal: 150 voxels done Correlation: 0.18557613433208942
Network 5 - Frontoparietal: 250 voxels done Correlation: 0.15083409549021295
Network 5 - Frontoparietal: 500 voxels done Correlation: 0.2195634624025833
Network 5 - Frontoparietal: 750 voxels done Correlation: 0.17333093769794347
Network 5 - Frontoparietal: 1000 voxels done Correlation: 0.2564480980603132
Network 5 - Frontoparietal: 1500 voxels done Correlation: 0.2198885330814903
Network 5 - Frontoparietal: 3000 voxels done Correlation: 0.23058071962225085
Network 5 - Frontoparietal: 5000 voxels done Correlation: 0.23281556121790797
Network 5 - Frontoparietal: 6500 voxels done Correlation: 0.2299417986204345
Network 5 - Frontoparietal: 10000 voxels done Correlation: 0.2353771600794817
Network 5 - Frontoparietal: 15000 voxels done Correlation: 0.2362203729319981
/home/fhopp/.conda/envs/mjs/lib/python3.8/site-packages/nilearn/masking.py:980: UserWarning: Data array used to create a new image contains 64-bit ints. This is likely due to creating the array with numpy and passing `int` as the `dtype`. Many tools such as FSL and SPM cannot deal with int64 in Nifti images, so for compatibility the data has been converted to int32.
  return new_img_like(mask_img, unmasked, affine)
Network 6 - Default Mode: 50 voxels done Correlation: 0.2956960636085462
Network 6 - Default Mode: 150 voxels done Correlation: 0.3564720640864628
Network 6 - Default Mode: 250 voxels done Correlation: 0.359345703577993
Network 6 - Default Mode: 500 voxels done Correlation: 0.33486422887891987
Network 6 - Default Mode: 750 voxels done Correlation: 0.360836153733301
Network 6 - Default Mode: 1000 voxels done Correlation: 0.43078296544041217
Network 6 - Default Mode: 1500 voxels done Correlation: 0.3552365528436201
Network 6 - Default Mode: 3000 voxels done Correlation: 0.3668698052528351
Network 6 - Default Mode: 5000 voxels done Correlation: 0.41235155733894036
Network 6 - Default Mode: 6500 voxels done Correlation: 0.39317761781931104
Network 6 - Default Mode: 10000 voxels done Correlation: 0.4108772204343521
Network 6 - Default Mode: 15000 voxels done Correlation: 0.3990077726169924
Network 6 - Default Mode: 25000 voxels done Correlation: 0.4042185041785085
/home/fhopp/.conda/envs/mjs/lib/python3.8/site-packages/nilearn/masking.py:980: UserWarning: Data array used to create a new image contains 64-bit ints. This is likely due to creating the array with numpy and passing `int` as the `dtype`. Many tools such as FSL and SPM cannot deal with int64 in Nifti images, so for compatibility the data has been converted to int32.
  return new_img_like(mask_img, unmasked, affine)
Network 7 - Subcortical: 50 voxels done Correlation: 0.12084323148800932
Network 7 - Subcortical: 150 voxels done Correlation: 0.1290849996501891
Network 7 - Subcortical: 250 voxels done Correlation: 0.27522907463412805
Network 7 - Subcortical: 500 voxels done Correlation: 0.2663147112338976
Network 7 - Subcortical: 750 voxels done Correlation: 0.1943519970934438
Network 7 - Subcortical: 1000 voxels done Correlation: 0.23598948527611402
Network 7 - Subcortical: 1500 voxels done Correlation: 0.21943871715769658
Network 7 - Subcortical: 3000 voxels done Correlation: 0.16848952478740323
Network 7 - Subcortical: 5000 voxels done Correlation: 0.1623316434775998
Network 7 - Subcortical: 6500 voxels done Correlation: 0.17490434586466605
Network 7 - Subcortical: 10000 voxels done Correlation: 0.16728715480437384
Network 8 - Consciousness: 50 voxels done Correlation: 0.20772252301736432
Network 8 - Consciousness: 150 voxels done Correlation: 0.26741655690033506
Network 8 - Consciousness: 250 voxels done Correlation: 0.37064428394265014
Network 8 - Consciousness: 500 voxels done Correlation: 0.42230712951481375
Network 8 - Consciousness: 750 voxels done Correlation: 0.3837235784680467
Network 8 - Consciousness: 1000 voxels done Correlation: 0.3183043916684579
Network 8 - Consciousness: 1500 voxels done Correlation: 0.42327222009959387
Network 8 - Consciousness: 3000 voxels done Correlation: 0.42808803325734884
Network 8 - Consciousness: 5000 voxels done Correlation: 0.43116028750315427
Network 8 - Consciousness: 6500 voxels done Correlation: 0.4668361030401826
Network 8 - Consciousness: 10000 voxels done Correlation: 0.4678409690422135
Network 8 - Consciousness: 15000 voxels done Correlation: 0.45081364110193684
Network 8 - Consciousness: 25000 voxels done Correlation: 0.47016741543071994
Network 8 - Consciousness: 50000 voxels done Correlation: 0.4660041698720826
