Running job on: wood
Iteration: 14
Starting spatial evaluation...
/home/fhopp/.conda/envs/mjs/lib/python3.8/site-packages/nilearn/maskers/nifti_masker.py:110: UserWarning: imgs are being resampled to the mask_img resolution. This process is memory intensive. You might want to provide a target_affine that is equal to the affine of the imgs or resample the mask beforehand to save memory and computation time.
  warnings.warn(
/home/fhopp/.conda/envs/mjs/lib/python3.8/site-packages/nilearn/masking.py:980: UserWarning: Data array used to create a new image contains 64-bit ints. This is likely due to creating the array with numpy and passing `int` as the `dtype`. Many tools such as FSL and SPM cannot deal with int64 in Nifti images, so for compatibility the data has been converted to int32.
  return new_img_like(mask_img, unmasked, affine)
Network 0 - Visual: 50 voxels done Correlation: 0.7141111669724831
Network 0 - Visual: 150 voxels done Correlation: 0.7523498220589708
Network 0 - Visual: 250 voxels done Correlation: 0.5926819351767818
Network 0 - Visual: 500 voxels done Correlation: 0.588516730849395
Network 0 - Visual: 750 voxels done Correlation: 0.5912518765715171
Network 0 - Visual: 1000 voxels done Correlation: 0.5983047374400139
Network 0 - Visual: 1500 voxels done Correlation: 0.6316343246043694
Network 0 - Visual: 3000 voxels done Correlation: 0.6420160983497214
Network 0 - Visual: 5000 voxels done Correlation: 0.6285012322711834
Network 0 - Visual: 6500 voxels done Correlation: 0.6149950290909202
Network 0 - Visual: 10000 voxels done Correlation: 0.6270495610671659
Network 0 - Visual: 15000 voxels done Correlation: 0.6284083685781574
/home/fhopp/.conda/envs/mjs/lib/python3.8/site-packages/nilearn/masking.py:980: UserWarning: Data array used to create a new image contains 64-bit ints. This is likely due to creating the array with numpy and passing `int` as the `dtype`. Many tools such as FSL and SPM cannot deal with int64 in Nifti images, so for compatibility the data has been converted to int32.
  return new_img_like(mask_img, unmasked, affine)
Network 1 - Somatomotor: 50 voxels done Correlation: 0.2389812229462427
Network 1 - Somatomotor: 150 voxels done Correlation: 0.2691291516250545
Network 1 - Somatomotor: 250 voxels done Correlation: 0.3493606193120753
Network 1 - Somatomotor: 500 voxels done Correlation: 0.3468359541333585
Network 1 - Somatomotor: 750 voxels done Correlation: 0.36240313456662454
Network 1 - Somatomotor: 1000 voxels done Correlation: 0.33017484697358135
Network 1 - Somatomotor: 1500 voxels done Correlation: 0.32634557844553147
Network 1 - Somatomotor: 3000 voxels done Correlation: 0.3259835746641464
Network 1 - Somatomotor: 5000 voxels done Correlation: 0.342500424928466
Network 1 - Somatomotor: 6500 voxels done Correlation: 0.33675451973700976
Network 1 - Somatomotor: 10000 voxels done Correlation: 0.3370744429395708
Network 1 - Somatomotor: 15000 voxels done Correlation: 0.34461107958202786
/home/fhopp/.conda/envs/mjs/lib/python3.8/site-packages/nilearn/masking.py:980: UserWarning: Data array used to create a new image contains 64-bit ints. This is likely due to creating the array with numpy and passing `int` as the `dtype`. Many tools such as FSL and SPM cannot deal with int64 in Nifti images, so for compatibility the data has been converted to int32.
  return new_img_like(mask_img, unmasked, affine)
Network 2 - dAttention: 50 voxels done Correlation: 0.20307516632394268
Network 2 - dAttention: 150 voxels done Correlation: 0.2956943297578075
Network 2 - dAttention: 250 voxels done Correlation: 0.36673918216877976
Network 2 - dAttention: 500 voxels done Correlation: 0.32139791538385676
Network 2 - dAttention: 750 voxels done Correlation: 0.31851743936239985
Network 2 - dAttention: 1000 voxels done Correlation: 0.32550197238805734
Network 2 - dAttention: 1500 voxels done Correlation: 0.30189090231832505
Network 2 - dAttention: 3000 voxels done Correlation: 0.3193533372573027
Network 2 - dAttention: 5000 voxels done Correlation: 0.33110820431141325
Network 2 - dAttention: 6500 voxels done Correlation: 0.3317335868425444
Network 2 - dAttention: 10000 voxels done Correlation: 0.34416110192199
Network 2 - dAttention: 15000 voxels done Correlation: 0.33347571752255867
/home/fhopp/.conda/envs/mjs/lib/python3.8/site-packages/nilearn/masking.py:980: UserWarning: Data array used to create a new image contains 64-bit ints. This is likely due to creating the array with numpy and passing `int` as the `dtype`. Many tools such as FSL and SPM cannot deal with int64 in Nifti images, so for compatibility the data has been converted to int32.
  return new_img_like(mask_img, unmasked, affine)
Network 3 - vAttention: 50 voxels done Correlation: 0.2869436654246095
Network 3 - vAttention: 150 voxels done Correlation: 0.3222860844246195
Network 3 - vAttention: 250 voxels done Correlation: 0.3031088527381162
Network 3 - vAttention: 500 voxels done Correlation: 0.38549635253425607
Network 3 - vAttention: 750 voxels done Correlation: 0.30362291602635116
Network 3 - vAttention: 1000 voxels done Correlation: 0.3597655259883479
Network 3 - vAttention: 1500 voxels done Correlation: 0.3926585468470495
Network 3 - vAttention: 3000 voxels done Correlation: 0.355772233872311
Network 3 - vAttention: 5000 voxels done Correlation: 0.38329325666774944
Network 3 - vAttention: 6500 voxels done Correlation: 0.36382012764154104
Network 3 - vAttention: 10000 voxels done Correlation: 0.384667502521605
Network 3 - vAttention: 15000 voxels done Correlation: 0.38856509938772443
/home/fhopp/.conda/envs/mjs/lib/python3.8/site-packages/nilearn/masking.py:980: UserWarning: Data array used to create a new image contains 64-bit ints. This is likely due to creating the array with numpy and passing `int` as the `dtype`. Many tools such as FSL and SPM cannot deal with int64 in Nifti images, so for compatibility the data has been converted to int32.
  return new_img_like(mask_img, unmasked, affine)
Network 4 - Limbic: 50 voxels done Correlation: 0.2327505992176567
Network 4 - Limbic: 150 voxels done Correlation: 0.23823138580354045
Network 4 - Limbic: 250 voxels done Correlation: 0.21711856417485392
Network 4 - Limbic: 500 voxels done Correlation: 0.23396678279156197
Network 4 - Limbic: 750 voxels done Correlation: 0.261012916366878
Network 4 - Limbic: 1000 voxels done Correlation: 0.24135649838359918
Network 4 - Limbic: 1500 voxels done Correlation: 0.23898310685179272
Network 4 - Limbic: 3000 voxels done Correlation: 0.28589126085093713
Network 4 - Limbic: 5000 voxels done Correlation: 0.28164728063109534
Network 4 - Limbic: 6500 voxels done Correlation: 0.28449313588450564
Network 4 - Limbic: 10000 voxels done Correlation: 0.28451039466394634
/home/fhopp/.conda/envs/mjs/lib/python3.8/site-packages/nilearn/masking.py:980: UserWarning: Data array used to create a new image contains 64-bit ints. This is likely due to creating the array with numpy and passing `int` as the `dtype`. Many tools such as FSL and SPM cannot deal with int64 in Nifti images, so for compatibility the data has been converted to int32.
  return new_img_like(mask_img, unmasked, affine)
Network 5 - Frontoparietal: 50 voxels done Correlation: 0.11674039218470239
Network 5 - Frontoparietal: 150 voxels done Correlation: 0.171952319560082
Network 5 - Frontoparietal: 250 voxels done Correlation: 0.17326371819067493
Network 5 - Frontoparietal: 500 voxels done Correlation: 0.1857291176269235
Network 5 - Frontoparietal: 750 voxels done Correlation: 0.1960011402268632
Network 5 - Frontoparietal: 1000 voxels done Correlation: 0.19432430485726387
Network 5 - Frontoparietal: 1500 voxels done Correlation: 0.24537525239195168
Network 5 - Frontoparietal: 3000 voxels done Correlation: 0.23559626016026636
Network 5 - Frontoparietal: 5000 voxels done Correlation: 0.2159212686908732
Network 5 - Frontoparietal: 6500 voxels done Correlation: 0.23393781865556484
Network 5 - Frontoparietal: 10000 voxels done Correlation: 0.22857111529049354
Network 5 - Frontoparietal: 15000 voxels done Correlation: 0.23903350621831432
/home/fhopp/.conda/envs/mjs/lib/python3.8/site-packages/nilearn/masking.py:980: UserWarning: Data array used to create a new image contains 64-bit ints. This is likely due to creating the array with numpy and passing `int` as the `dtype`. Many tools such as FSL and SPM cannot deal with int64 in Nifti images, so for compatibility the data has been converted to int32.
  return new_img_like(mask_img, unmasked, affine)
Network 6 - Default Mode: 50 voxels done Correlation: 0.2950402402596367
Network 6 - Default Mode: 150 voxels done Correlation: 0.32194471263075125
Network 6 - Default Mode: 250 voxels done Correlation: 0.3985240063632468
Network 6 - Default Mode: 500 voxels done Correlation: 0.33087677464162846
Network 6 - Default Mode: 750 voxels done Correlation: 0.3910086497275441
Network 6 - Default Mode: 1000 voxels done Correlation: 0.4174253239418542
Network 6 - Default Mode: 1500 voxels done Correlation: 0.4022383153268764
Network 6 - Default Mode: 3000 voxels done Correlation: 0.3968096939969414
Network 6 - Default Mode: 5000 voxels done Correlation: 0.4002145595322577
Network 6 - Default Mode: 6500 voxels done Correlation: 0.4065237201778985
Network 6 - Default Mode: 10000 voxels done Correlation: 0.3972677618226333
Network 6 - Default Mode: 15000 voxels done Correlation: 0.41029663356565205
Network 6 - Default Mode: 25000 voxels done Correlation: 0.406573613635426
/home/fhopp/.conda/envs/mjs/lib/python3.8/site-packages/nilearn/masking.py:980: UserWarning: Data array used to create a new image contains 64-bit ints. This is likely due to creating the array with numpy and passing `int` as the `dtype`. Many tools such as FSL and SPM cannot deal with int64 in Nifti images, so for compatibility the data has been converted to int32.
  return new_img_like(mask_img, unmasked, affine)
Network 7 - Subcortical: 50 voxels done Correlation: 0.1678197408500208
Network 7 - Subcortical: 150 voxels done Correlation: 0.1762996919512158
Network 7 - Subcortical: 250 voxels done Correlation: 0.18702254796272771
Network 7 - Subcortical: 500 voxels done Correlation: 0.19135650630550535
Network 7 - Subcortical: 750 voxels done Correlation: 0.26664039286742525
Network 7 - Subcortical: 1000 voxels done Correlation: 0.18503574903193493
Network 7 - Subcortical: 1500 voxels done Correlation: 0.20483875614758584
Network 7 - Subcortical: 3000 voxels done Correlation: 0.17293295103681042
Network 7 - Subcortical: 5000 voxels done Correlation: 0.16071971807065538
Network 7 - Subcortical: 6500 voxels done Correlation: 0.17867177944508045
Network 7 - Subcortical: 10000 voxels done Correlation: 0.1694233192208991
Network 8 - Consciousness: 50 voxels done Correlation: 0.2916545816476409
Network 8 - Consciousness: 150 voxels done Correlation: 0.35476893372947294
Network 8 - Consciousness: 250 voxels done Correlation: 0.34538952337817885
Network 8 - Consciousness: 500 voxels done Correlation: 0.3844244993211267
Network 8 - Consciousness: 750 voxels done Correlation: 0.3928360898033455
Network 8 - Consciousness: 1000 voxels done Correlation: 0.3957920012583557
Network 8 - Consciousness: 1500 voxels done Correlation: 0.3710296193951946
Network 8 - Consciousness: 3000 voxels done Correlation: 0.43657838223300827
Network 8 - Consciousness: 5000 voxels done Correlation: 0.46182719612205303
Network 8 - Consciousness: 6500 voxels done Correlation: 0.44162353964644063
Network 8 - Consciousness: 10000 voxels done Correlation: 0.45350455667733447
Network 8 - Consciousness: 15000 voxels done Correlation: 0.45279702281478107
Network 8 - Consciousness: 25000 voxels done Correlation: 0.4598519361571529
Network 8 - Consciousness: 50000 voxels done Correlation: 0.4651022205687177
