Running job on: turing
Iteration: 470
Starting spatial evaluation...
/home/fhopp/.conda/envs/mjs/lib/python3.8/site-packages/nilearn/maskers/nifti_masker.py:110: UserWarning: imgs are being resampled to the mask_img resolution. This process is memory intensive. You might want to provide a target_affine that is equal to the affine of the imgs or resample the mask beforehand to save memory and computation time.
  warnings.warn(
/home/fhopp/.conda/envs/mjs/lib/python3.8/site-packages/nilearn/masking.py:980: UserWarning: Data array used to create a new image contains 64-bit ints. This is likely due to creating the array with numpy and passing `int` as the `dtype`. Many tools such as FSL and SPM cannot deal with int64 in Nifti images, so for compatibility the data has been converted to int32.
  return new_img_like(mask_img, unmasked, affine)
Network 0 - Visual: 50 voxels done Correlation: 0.5756149491373898
Network 0 - Visual: 150 voxels done Correlation: 0.5746467246986027
Network 0 - Visual: 250 voxels done Correlation: 0.6228095043973388
Network 0 - Visual: 500 voxels done Correlation: 0.5854003830714393
Network 0 - Visual: 750 voxels done Correlation: 0.6094678417559335
Network 0 - Visual: 1000 voxels done Correlation: 0.6381356924559471
Network 0 - Visual: 1500 voxels done Correlation: 0.6233179752865762
Network 0 - Visual: 3000 voxels done Correlation: 0.629378010703325
Network 0 - Visual: 5000 voxels done Correlation: 0.6218910402606009
Network 0 - Visual: 6500 voxels done Correlation: 0.6041613274784485
Network 0 - Visual: 10000 voxels done Correlation: 0.6349952169821131
Network 0 - Visual: 15000 voxels done Correlation: 0.627633000829758
/home/fhopp/.conda/envs/mjs/lib/python3.8/site-packages/nilearn/masking.py:980: UserWarning: Data array used to create a new image contains 64-bit ints. This is likely due to creating the array with numpy and passing `int` as the `dtype`. Many tools such as FSL and SPM cannot deal with int64 in Nifti images, so for compatibility the data has been converted to int32.
  return new_img_like(mask_img, unmasked, affine)
Network 1 - Somatomotor: 50 voxels done Correlation: 0.3698656531872949
Network 1 - Somatomotor: 150 voxels done Correlation: 0.27131317387135956
Network 1 - Somatomotor: 250 voxels done Correlation: 0.3008267328251111
Network 1 - Somatomotor: 500 voxels done Correlation: 0.3192743221238684
Network 1 - Somatomotor: 750 voxels done Correlation: 0.3100047313259514
Network 1 - Somatomotor: 1000 voxels done Correlation: 0.314514644904768
Network 1 - Somatomotor: 1500 voxels done Correlation: 0.323918972034279
Network 1 - Somatomotor: 3000 voxels done Correlation: 0.34380978055300915
Network 1 - Somatomotor: 5000 voxels done Correlation: 0.3367880282945972
Network 1 - Somatomotor: 6500 voxels done Correlation: 0.3455697243976945
Network 1 - Somatomotor: 10000 voxels done Correlation: 0.3452784404581093
Network 1 - Somatomotor: 15000 voxels done Correlation: 0.3448010166608968
/home/fhopp/.conda/envs/mjs/lib/python3.8/site-packages/nilearn/masking.py:980: UserWarning: Data array used to create a new image contains 64-bit ints. This is likely due to creating the array with numpy and passing `int` as the `dtype`. Many tools such as FSL and SPM cannot deal with int64 in Nifti images, so for compatibility the data has been converted to int32.
  return new_img_like(mask_img, unmasked, affine)
Network 2 - dAttention: 50 voxels done Correlation: 0.18822239883473868
Network 2 - dAttention: 150 voxels done Correlation: 0.30073921529548375
Network 2 - dAttention: 250 voxels done Correlation: 0.360789329732886
Network 2 - dAttention: 500 voxels done Correlation: 0.36664544721699155
Network 2 - dAttention: 750 voxels done Correlation: 0.271383195053384
Network 2 - dAttention: 1000 voxels done Correlation: 0.28053201232628583
Network 2 - dAttention: 1500 voxels done Correlation: 0.30165386104140207
Network 2 - dAttention: 3000 voxels done Correlation: 0.3158588593839454
Network 2 - dAttention: 5000 voxels done Correlation: 0.3334901565048589
Network 2 - dAttention: 6500 voxels done Correlation: 0.34380317602326715
Network 2 - dAttention: 10000 voxels done Correlation: 0.33031998202699364
Network 2 - dAttention: 15000 voxels done Correlation: 0.3234235790907465
/home/fhopp/.conda/envs/mjs/lib/python3.8/site-packages/nilearn/masking.py:980: UserWarning: Data array used to create a new image contains 64-bit ints. This is likely due to creating the array with numpy and passing `int` as the `dtype`. Many tools such as FSL and SPM cannot deal with int64 in Nifti images, so for compatibility the data has been converted to int32.
  return new_img_like(mask_img, unmasked, affine)
Network 3 - vAttention: 50 voxels done Correlation: 0.14582162062278833
Network 3 - vAttention: 150 voxels done Correlation: 0.2565787530182432
Network 3 - vAttention: 250 voxels done Correlation: 0.294185467861664
Network 3 - vAttention: 500 voxels done Correlation: 0.2767166305299407
Network 3 - vAttention: 750 voxels done Correlation: 0.33984342943029633
Network 3 - vAttention: 1000 voxels done Correlation: 0.3636585125219283
Network 3 - vAttention: 1500 voxels done Correlation: 0.3336440262769096
Network 3 - vAttention: 3000 voxels done Correlation: 0.36183106003394583
Network 3 - vAttention: 5000 voxels done Correlation: 0.38838569304051873
Network 3 - vAttention: 6500 voxels done Correlation: 0.37729772559826413
Network 3 - vAttention: 10000 voxels done Correlation: 0.3915838692907233
Network 3 - vAttention: 15000 voxels done Correlation: 0.3866217257800277
/home/fhopp/.conda/envs/mjs/lib/python3.8/site-packages/nilearn/masking.py:980: UserWarning: Data array used to create a new image contains 64-bit ints. This is likely due to creating the array with numpy and passing `int` as the `dtype`. Many tools such as FSL and SPM cannot deal with int64 in Nifti images, so for compatibility the data has been converted to int32.
  return new_img_like(mask_img, unmasked, affine)
Network 4 - Limbic: 50 voxels done Correlation: 0.14554056250155029
Network 4 - Limbic: 150 voxels done Correlation: 0.19531476561884445
Network 4 - Limbic: 250 voxels done Correlation: 0.24183647788695373
Network 4 - Limbic: 500 voxels done Correlation: 0.2957320900401038
Network 4 - Limbic: 750 voxels done Correlation: 0.2530339786079435
Network 4 - Limbic: 1000 voxels done Correlation: 0.2707692636404745
Network 4 - Limbic: 1500 voxels done Correlation: 0.24025407886010294
Network 4 - Limbic: 3000 voxels done Correlation: 0.3238139659986782
Network 4 - Limbic: 5000 voxels done Correlation: 0.281756430654884
Network 4 - Limbic: 6500 voxels done Correlation: 0.28052541013979526
Network 4 - Limbic: 10000 voxels done Correlation: 0.2888681212920483
/home/fhopp/.conda/envs/mjs/lib/python3.8/site-packages/nilearn/masking.py:980: UserWarning: Data array used to create a new image contains 64-bit ints. This is likely due to creating the array with numpy and passing `int` as the `dtype`. Many tools such as FSL and SPM cannot deal with int64 in Nifti images, so for compatibility the data has been converted to int32.
  return new_img_like(mask_img, unmasked, affine)
Network 5 - Frontoparietal: 50 voxels done Correlation: 0.1626442999615596
Network 5 - Frontoparietal: 150 voxels done Correlation: 0.20958572854657137
Network 5 - Frontoparietal: 250 voxels done Correlation: 0.18646511013015343
Network 5 - Frontoparietal: 500 voxels done Correlation: 0.1839317294137166
Network 5 - Frontoparietal: 750 voxels done Correlation: 0.2521832356194489
Network 5 - Frontoparietal: 1000 voxels done Correlation: 0.26874075811754794
Network 5 - Frontoparietal: 1500 voxels done Correlation: 0.23747949433929086
Network 5 - Frontoparietal: 3000 voxels done Correlation: 0.24075882787004418
Network 5 - Frontoparietal: 5000 voxels done Correlation: 0.22670359876524754
Network 5 - Frontoparietal: 6500 voxels done Correlation: 0.2480748799652422
Network 5 - Frontoparietal: 10000 voxels done Correlation: 0.22862137661218973
Network 5 - Frontoparietal: 15000 voxels done Correlation: 0.23781947403295683
/home/fhopp/.conda/envs/mjs/lib/python3.8/site-packages/nilearn/masking.py:980: UserWarning: Data array used to create a new image contains 64-bit ints. This is likely due to creating the array with numpy and passing `int` as the `dtype`. Many tools such as FSL and SPM cannot deal with int64 in Nifti images, so for compatibility the data has been converted to int32.
  return new_img_like(mask_img, unmasked, affine)
Network 6 - Default Mode: 50 voxels done Correlation: 0.3034430127248563
Network 6 - Default Mode: 150 voxels done Correlation: 0.3287944588082604
Network 6 - Default Mode: 250 voxels done Correlation: 0.38310695608690004
Network 6 - Default Mode: 500 voxels done Correlation: 0.37371968902836783
Network 6 - Default Mode: 750 voxels done Correlation: 0.3911302049978771
Network 6 - Default Mode: 1000 voxels done Correlation: 0.35470121030588164
Network 6 - Default Mode: 1500 voxels done Correlation: 0.3692028875177258
Network 6 - Default Mode: 3000 voxels done Correlation: 0.41022438017686175
Network 6 - Default Mode: 5000 voxels done Correlation: 0.3715298765884935
Network 6 - Default Mode: 6500 voxels done Correlation: 0.40844925368521356
Network 6 - Default Mode: 10000 voxels done Correlation: 0.40518453219211714
Network 6 - Default Mode: 15000 voxels done Correlation: 0.41105577777001767
Network 6 - Default Mode: 25000 voxels done Correlation: 0.4016954400812517
/home/fhopp/.conda/envs/mjs/lib/python3.8/site-packages/nilearn/masking.py:980: UserWarning: Data array used to create a new image contains 64-bit ints. This is likely due to creating the array with numpy and passing `int` as the `dtype`. Many tools such as FSL and SPM cannot deal with int64 in Nifti images, so for compatibility the data has been converted to int32.
  return new_img_like(mask_img, unmasked, affine)
Network 7 - Subcortical: 50 voxels done Correlation: 0.10335409232872288
Network 7 - Subcortical: 150 voxels done Correlation: 0.17510329995927282
Network 7 - Subcortical: 250 voxels done Correlation: 0.14988790097637072
Network 7 - Subcortical: 500 voxels done Correlation: 0.14505190639835686
Network 7 - Subcortical: 750 voxels done Correlation: 0.22812246074718553
Network 7 - Subcortical: 1000 voxels done Correlation: 0.23005190044958532
Network 7 - Subcortical: 1500 voxels done Correlation: 0.22045410138568278
Network 7 - Subcortical: 3000 voxels done Correlation: 0.1851698038744063
Network 7 - Subcortical: 5000 voxels done Correlation: 0.16115040359391483
Network 7 - Subcortical: 6500 voxels done Correlation: 0.1577996371848342
Network 7 - Subcortical: 10000 voxels done Correlation: 0.17226052751047766
Network 8 - Consciousness: 50 voxels done Correlation: 0.27208622019284606
Network 8 - Consciousness: 150 voxels done Correlation: 0.31693194659306295
Network 8 - Consciousness: 250 voxels done Correlation: 0.34702034625659917
Network 8 - Consciousness: 500 voxels done Correlation: 0.44636502460066163
Network 8 - Consciousness: 750 voxels done Correlation: 0.4406876619338552
Network 8 - Consciousness: 1000 voxels done Correlation: 0.4235349413900451
Network 8 - Consciousness: 1500 voxels done Correlation: 0.40923521354655723
Network 8 - Consciousness: 3000 voxels done Correlation: 0.4563331164340851
Network 8 - Consciousness: 5000 voxels done Correlation: 0.4408566940861465
Network 8 - Consciousness: 6500 voxels done Correlation: 0.45552355853185145
Network 8 - Consciousness: 10000 voxels done Correlation: 0.4640907763550611
Network 8 - Consciousness: 15000 voxels done Correlation: 0.46974177218943103
Network 8 - Consciousness: 25000 voxels done Correlation: 0.46436847314635843
Network 8 - Consciousness: 50000 voxels done Correlation: 0.4683734436124625
