Running job on: easley
Iteration: 549
Starting spatial evaluation...
/home/fhopp/.conda/envs/mjs/lib/python3.8/site-packages/nilearn/maskers/nifti_masker.py:110: UserWarning: imgs are being resampled to the mask_img resolution. This process is memory intensive. You might want to provide a target_affine that is equal to the affine of the imgs or resample the mask beforehand to save memory and computation time.
  warnings.warn(
/home/fhopp/.conda/envs/mjs/lib/python3.8/site-packages/nilearn/masking.py:980: UserWarning: Data array used to create a new image contains 64-bit ints. This is likely due to creating the array with numpy and passing `int` as the `dtype`. Many tools such as FSL and SPM cannot deal with int64 in Nifti images, so for compatibility the data has been converted to int32.
  return new_img_like(mask_img, unmasked, affine)
Network 0 - Visual: 50 voxels done Correlation: 0.6624647557349101
Network 0 - Visual: 150 voxels done Correlation: 0.6900191877601035
Network 0 - Visual: 250 voxels done Correlation: 0.5943242495716716
Network 0 - Visual: 500 voxels done Correlation: 0.5733155225478629
Network 0 - Visual: 750 voxels done Correlation: 0.6262500957963524
Network 0 - Visual: 1000 voxels done Correlation: 0.5837671372183024
Network 0 - Visual: 1500 voxels done Correlation: 0.6081115593641582
Network 0 - Visual: 3000 voxels done Correlation: 0.6255268701813053
Network 0 - Visual: 5000 voxels done Correlation: 0.6224868828755363
Network 0 - Visual: 6500 voxels done Correlation: 0.6287707111575128
Network 0 - Visual: 10000 voxels done Correlation: 0.6199405418710261
Network 0 - Visual: 15000 voxels done Correlation: 0.6328501613812918
/home/fhopp/.conda/envs/mjs/lib/python3.8/site-packages/nilearn/masking.py:980: UserWarning: Data array used to create a new image contains 64-bit ints. This is likely due to creating the array with numpy and passing `int` as the `dtype`. Many tools such as FSL and SPM cannot deal with int64 in Nifti images, so for compatibility the data has been converted to int32.
  return new_img_like(mask_img, unmasked, affine)
Network 1 - Somatomotor: 50 voxels done Correlation: 0.1086929545891514
Network 1 - Somatomotor: 150 voxels done Correlation: 0.36953855452109463
Network 1 - Somatomotor: 250 voxels done Correlation: 0.31606229201071445
Network 1 - Somatomotor: 500 voxels done Correlation: 0.30982876588616903
Network 1 - Somatomotor: 750 voxels done Correlation: 0.3457236176609475
Network 1 - Somatomotor: 1000 voxels done Correlation: 0.37352703998723225
Network 1 - Somatomotor: 1500 voxels done Correlation: 0.32825742270149827
Network 1 - Somatomotor: 3000 voxels done Correlation: 0.3968109501386413
Network 1 - Somatomotor: 5000 voxels done Correlation: 0.3269159362860474
Network 1 - Somatomotor: 6500 voxels done Correlation: 0.35049590868371827
Network 1 - Somatomotor: 10000 voxels done Correlation: 0.33714593795718206
Network 1 - Somatomotor: 15000 voxels done Correlation: 0.3454338004442341
/home/fhopp/.conda/envs/mjs/lib/python3.8/site-packages/nilearn/masking.py:980: UserWarning: Data array used to create a new image contains 64-bit ints. This is likely due to creating the array with numpy and passing `int` as the `dtype`. Many tools such as FSL and SPM cannot deal with int64 in Nifti images, so for compatibility the data has been converted to int32.
  return new_img_like(mask_img, unmasked, affine)
Network 2 - dAttention: 50 voxels done Correlation: 0.2815875789941116
Network 2 - dAttention: 150 voxels done Correlation: 0.25909338953699956
Network 2 - dAttention: 250 voxels done Correlation: 0.32295388533008185
Network 2 - dAttention: 500 voxels done Correlation: 0.34428974905438325
Network 2 - dAttention: 750 voxels done Correlation: 0.3115687118441002
Network 2 - dAttention: 1000 voxels done Correlation: 0.34345587958344337
Network 2 - dAttention: 1500 voxels done Correlation: 0.3360335495147356
Network 2 - dAttention: 3000 voxels done Correlation: 0.3231465006996882
Network 2 - dAttention: 5000 voxels done Correlation: 0.33173630207580407
Network 2 - dAttention: 6500 voxels done Correlation: 0.3297590052295636
Network 2 - dAttention: 10000 voxels done Correlation: 0.32671504744197755
Network 2 - dAttention: 15000 voxels done Correlation: 0.3354831331962037
/home/fhopp/.conda/envs/mjs/lib/python3.8/site-packages/nilearn/masking.py:980: UserWarning: Data array used to create a new image contains 64-bit ints. This is likely due to creating the array with numpy and passing `int` as the `dtype`. Many tools such as FSL and SPM cannot deal with int64 in Nifti images, so for compatibility the data has been converted to int32.
  return new_img_like(mask_img, unmasked, affine)
Network 3 - vAttention: 50 voxels done Correlation: 0.16581857442005032
Network 3 - vAttention: 150 voxels done Correlation: 0.2727590793281432
Network 3 - vAttention: 250 voxels done Correlation: 0.37301168911906774
Network 3 - vAttention: 500 voxels done Correlation: 0.3547872698397405
Network 3 - vAttention: 750 voxels done Correlation: 0.29432334272977784
Network 3 - vAttention: 1000 voxels done Correlation: 0.4010683130669443
Network 3 - vAttention: 1500 voxels done Correlation: 0.3898911657797885
Network 3 - vAttention: 3000 voxels done Correlation: 0.3723780140910372
Network 3 - vAttention: 5000 voxels done Correlation: 0.38845865782686706
Network 3 - vAttention: 6500 voxels done Correlation: 0.36987191411485126
Network 3 - vAttention: 10000 voxels done Correlation: 0.38180060964874024
Network 3 - vAttention: 15000 voxels done Correlation: 0.3889750802964008
/home/fhopp/.conda/envs/mjs/lib/python3.8/site-packages/nilearn/masking.py:980: UserWarning: Data array used to create a new image contains 64-bit ints. This is likely due to creating the array with numpy and passing `int` as the `dtype`. Many tools such as FSL and SPM cannot deal with int64 in Nifti images, so for compatibility the data has been converted to int32.
  return new_img_like(mask_img, unmasked, affine)
Network 4 - Limbic: 50 voxels done Correlation: 0.22202363166373765
Network 4 - Limbic: 150 voxels done Correlation: 0.20890081893492746
Network 4 - Limbic: 250 voxels done Correlation: 0.26371400707753584
Network 4 - Limbic: 500 voxels done Correlation: 0.26949375604193365
Network 4 - Limbic: 750 voxels done Correlation: 0.21977214276689838
Network 4 - Limbic: 1000 voxels done Correlation: 0.247996950624032
Network 4 - Limbic: 1500 voxels done Correlation: 0.2913397091382336
Network 4 - Limbic: 3000 voxels done Correlation: 0.27135653711501484
Network 4 - Limbic: 5000 voxels done Correlation: 0.286458307455959
Network 4 - Limbic: 6500 voxels done Correlation: 0.28551421022800205
Network 4 - Limbic: 10000 voxels done Correlation: 0.28681398257602886
/home/fhopp/.conda/envs/mjs/lib/python3.8/site-packages/nilearn/masking.py:980: UserWarning: Data array used to create a new image contains 64-bit ints. This is likely due to creating the array with numpy and passing `int` as the `dtype`. Many tools such as FSL and SPM cannot deal with int64 in Nifti images, so for compatibility the data has been converted to int32.
  return new_img_like(mask_img, unmasked, affine)
Network 5 - Frontoparietal: 50 voxels done Correlation: 0.11255302447720038
Network 5 - Frontoparietal: 150 voxels done Correlation: 0.13045726677371813
Network 5 - Frontoparietal: 250 voxels done Correlation: 0.16968552555703786
Network 5 - Frontoparietal: 500 voxels done Correlation: 0.21496619930948344
Network 5 - Frontoparietal: 750 voxels done Correlation: 0.21961712026442465
Network 5 - Frontoparietal: 1000 voxels done Correlation: 0.24829624676055248
Network 5 - Frontoparietal: 1500 voxels done Correlation: 0.22864423106499288
Network 5 - Frontoparietal: 3000 voxels done Correlation: 0.20629290141791365
Network 5 - Frontoparietal: 5000 voxels done Correlation: 0.23695828345681685
Network 5 - Frontoparietal: 6500 voxels done Correlation: 0.24369741205134832
Network 5 - Frontoparietal: 10000 voxels done Correlation: 0.23698156407189086
Network 5 - Frontoparietal: 15000 voxels done Correlation: 0.2375182736911613
/home/fhopp/.conda/envs/mjs/lib/python3.8/site-packages/nilearn/masking.py:980: UserWarning: Data array used to create a new image contains 64-bit ints. This is likely due to creating the array with numpy and passing `int` as the `dtype`. Many tools such as FSL and SPM cannot deal with int64 in Nifti images, so for compatibility the data has been converted to int32.
  return new_img_like(mask_img, unmasked, affine)
Network 6 - Default Mode: 50 voxels done Correlation: 0.2962701088200385
Network 6 - Default Mode: 150 voxels done Correlation: 0.40087855229239644
Network 6 - Default Mode: 250 voxels done Correlation: 0.3849140035418295
Network 6 - Default Mode: 500 voxels done Correlation: 0.3340898310388923
Network 6 - Default Mode: 750 voxels done Correlation: 0.386794515365274
Network 6 - Default Mode: 1000 voxels done Correlation: 0.37723389664367807
Network 6 - Default Mode: 1500 voxels done Correlation: 0.3836722998311509
Network 6 - Default Mode: 3000 voxels done Correlation: 0.39539800589900376
Network 6 - Default Mode: 5000 voxels done Correlation: 0.40975983773062213
Network 6 - Default Mode: 6500 voxels done Correlation: 0.399647576575928
Network 6 - Default Mode: 10000 voxels done Correlation: 0.42400835815243465
Network 6 - Default Mode: 15000 voxels done Correlation: 0.4118900340930711
Network 6 - Default Mode: 25000 voxels done Correlation: 0.4088712628166366
/home/fhopp/.conda/envs/mjs/lib/python3.8/site-packages/nilearn/masking.py:980: UserWarning: Data array used to create a new image contains 64-bit ints. This is likely due to creating the array with numpy and passing `int` as the `dtype`. Many tools such as FSL and SPM cannot deal with int64 in Nifti images, so for compatibility the data has been converted to int32.
  return new_img_like(mask_img, unmasked, affine)
Network 7 - Subcortical: 50 voxels done Correlation: 0.10960654110118379
Network 7 - Subcortical: 150 voxels done Correlation: 0.1957269614463141
Network 7 - Subcortical: 250 voxels done Correlation: 0.2541063027307072
Network 7 - Subcortical: 500 voxels done Correlation: 0.18413410297003738
Network 7 - Subcortical: 750 voxels done Correlation: 0.17546251430025805
Network 7 - Subcortical: 1000 voxels done Correlation: 0.19133965521112248
Network 7 - Subcortical: 1500 voxels done Correlation: 0.18423147823349723
Network 7 - Subcortical: 3000 voxels done Correlation: 0.16400268818598132
Network 7 - Subcortical: 5000 voxels done Correlation: 0.15372922170208891
Network 7 - Subcortical: 6500 voxels done Correlation: 0.1606809236932074
Network 7 - Subcortical: 10000 voxels done Correlation: 0.16557918714806769
Network 8 - Consciousness: 50 voxels done Correlation: 0.27745231824036803
Network 8 - Consciousness: 150 voxels done Correlation: 0.3248792893733432
Network 8 - Consciousness: 250 voxels done Correlation: 0.3410581524025898
Network 8 - Consciousness: 500 voxels done Correlation: 0.32158038522819477
Network 8 - Consciousness: 750 voxels done Correlation: 0.3443997270559416
Network 8 - Consciousness: 1000 voxels done Correlation: 0.4484514822182237
Network 8 - Consciousness: 1500 voxels done Correlation: 0.3967259719609267
Network 8 - Consciousness: 3000 voxels done Correlation: 0.4187076318937667
Network 8 - Consciousness: 5000 voxels done Correlation: 0.44238327611042283
Network 8 - Consciousness: 6500 voxels done Correlation: 0.4623884978123365
Network 8 - Consciousness: 10000 voxels done Correlation: 0.469157071655923
Network 8 - Consciousness: 15000 voxels done Correlation: 0.45464547462651056
Network 8 - Consciousness: 25000 voxels done Correlation: 0.4529882591276596
Network 8 - Consciousness: 50000 voxels done Correlation: 0.46579298431833116
