Running job on: wood
Iteration: 153
Starting spatial evaluation...
/home/fhopp/.conda/envs/mjs/lib/python3.8/site-packages/nilearn/maskers/nifti_masker.py:110: UserWarning: imgs are being resampled to the mask_img resolution. This process is memory intensive. You might want to provide a target_affine that is equal to the affine of the imgs or resample the mask beforehand to save memory and computation time.
  warnings.warn(
/home/fhopp/.conda/envs/mjs/lib/python3.8/site-packages/nilearn/masking.py:980: UserWarning: Data array used to create a new image contains 64-bit ints. This is likely due to creating the array with numpy and passing `int` as the `dtype`. Many tools such as FSL and SPM cannot deal with int64 in Nifti images, so for compatibility the data has been converted to int32.
  return new_img_like(mask_img, unmasked, affine)
Network 0 - Visual: 50 voxels done Correlation: 0.5543104969838742
Network 0 - Visual: 150 voxels done Correlation: 0.6168901059839758
Network 0 - Visual: 250 voxels done Correlation: 0.6318283572520048
Network 0 - Visual: 500 voxels done Correlation: 0.606955727914493
Network 0 - Visual: 750 voxels done Correlation: 0.5767477246208013
Network 0 - Visual: 1000 voxels done Correlation: 0.5728549749132819
Network 0 - Visual: 1500 voxels done Correlation: 0.6099143684204371
Network 0 - Visual: 3000 voxels done Correlation: 0.6088943913008188
Network 0 - Visual: 5000 voxels done Correlation: 0.633488433616786
Network 0 - Visual: 6500 voxels done Correlation: 0.6143585264248129
Network 0 - Visual: 10000 voxels done Correlation: 0.6243529394692556
Network 0 - Visual: 15000 voxels done Correlation: 0.6287026948984181
/home/fhopp/.conda/envs/mjs/lib/python3.8/site-packages/nilearn/masking.py:980: UserWarning: Data array used to create a new image contains 64-bit ints. This is likely due to creating the array with numpy and passing `int` as the `dtype`. Many tools such as FSL and SPM cannot deal with int64 in Nifti images, so for compatibility the data has been converted to int32.
  return new_img_like(mask_img, unmasked, affine)
Network 1 - Somatomotor: 50 voxels done Correlation: 0.23023820607746753
Network 1 - Somatomotor: 150 voxels done Correlation: 0.31379290317897923
Network 1 - Somatomotor: 250 voxels done Correlation: 0.2781194537436622
Network 1 - Somatomotor: 500 voxels done Correlation: 0.33908476188210923
Network 1 - Somatomotor: 750 voxels done Correlation: 0.3557582828454792
Network 1 - Somatomotor: 1000 voxels done Correlation: 0.30256363491309063
Network 1 - Somatomotor: 1500 voxels done Correlation: 0.3263020197851595
Network 1 - Somatomotor: 3000 voxels done Correlation: 0.3458543524877877
Network 1 - Somatomotor: 5000 voxels done Correlation: 0.31589634714774295
Network 1 - Somatomotor: 6500 voxels done Correlation: 0.3492654238595997
Network 1 - Somatomotor: 10000 voxels done Correlation: 0.35103514229800414
Network 1 - Somatomotor: 15000 voxels done Correlation: 0.3396747025371699
/home/fhopp/.conda/envs/mjs/lib/python3.8/site-packages/nilearn/masking.py:980: UserWarning: Data array used to create a new image contains 64-bit ints. This is likely due to creating the array with numpy and passing `int` as the `dtype`. Many tools such as FSL and SPM cannot deal with int64 in Nifti images, so for compatibility the data has been converted to int32.
  return new_img_like(mask_img, unmasked, affine)
Network 2 - dAttention: 50 voxels done Correlation: 0.21859063787932226
Network 2 - dAttention: 150 voxels done Correlation: 0.3109401230666755
Network 2 - dAttention: 250 voxels done Correlation: 0.2524180628878919
Network 2 - dAttention: 500 voxels done Correlation: 0.32451292771315704
Network 2 - dAttention: 750 voxels done Correlation: 0.27375279961426097
Network 2 - dAttention: 1000 voxels done Correlation: 0.3387149236930498
Network 2 - dAttention: 1500 voxels done Correlation: 0.2793378292133062
Network 2 - dAttention: 3000 voxels done Correlation: 0.32263688842853155
Network 2 - dAttention: 5000 voxels done Correlation: 0.3275153553723289
Network 2 - dAttention: 6500 voxels done Correlation: 0.33360915859437534
Network 2 - dAttention: 10000 voxels done Correlation: 0.3368049877141138
Network 2 - dAttention: 15000 voxels done Correlation: 0.33420588125815764
/home/fhopp/.conda/envs/mjs/lib/python3.8/site-packages/nilearn/masking.py:980: UserWarning: Data array used to create a new image contains 64-bit ints. This is likely due to creating the array with numpy and passing `int` as the `dtype`. Many tools such as FSL and SPM cannot deal with int64 in Nifti images, so for compatibility the data has been converted to int32.
  return new_img_like(mask_img, unmasked, affine)
Network 3 - vAttention: 50 voxels done Correlation: 0.17228716526983845
Network 3 - vAttention: 150 voxels done Correlation: 0.19821504041983348
Network 3 - vAttention: 250 voxels done Correlation: 0.28583119950984626
Network 3 - vAttention: 500 voxels done Correlation: 0.3370112248878177
Network 3 - vAttention: 750 voxels done Correlation: 0.33736827632022204
Network 3 - vAttention: 1000 voxels done Correlation: 0.28040757102950664
Network 3 - vAttention: 1500 voxels done Correlation: 0.3526702976691135
Network 3 - vAttention: 3000 voxels done Correlation: 0.36336425443159465
Network 3 - vAttention: 5000 voxels done Correlation: 0.3746468430836301
Network 3 - vAttention: 6500 voxels done Correlation: 0.372414647503242
Network 3 - vAttention: 10000 voxels done Correlation: 0.38256819187503965
Network 3 - vAttention: 15000 voxels done Correlation: 0.38886515950778744
/home/fhopp/.conda/envs/mjs/lib/python3.8/site-packages/nilearn/masking.py:980: UserWarning: Data array used to create a new image contains 64-bit ints. This is likely due to creating the array with numpy and passing `int` as the `dtype`. Many tools such as FSL and SPM cannot deal with int64 in Nifti images, so for compatibility the data has been converted to int32.
  return new_img_like(mask_img, unmasked, affine)
Network 4 - Limbic: 50 voxels done Correlation: 0.06682887814265596
Network 4 - Limbic: 150 voxels done Correlation: 0.26512562197545864
Network 4 - Limbic: 250 voxels done Correlation: 0.20696648074141188
Network 4 - Limbic: 500 voxels done Correlation: 0.3181239361881506
Network 4 - Limbic: 750 voxels done Correlation: 0.2552453109311817
Network 4 - Limbic: 1000 voxels done Correlation: 0.2678010536796245
Network 4 - Limbic: 1500 voxels done Correlation: 0.2276116289460968
Network 4 - Limbic: 3000 voxels done Correlation: 0.2714143993449519
Network 4 - Limbic: 5000 voxels done Correlation: 0.2814475999598922
Network 4 - Limbic: 6500 voxels done Correlation: 0.2795675760001066
Network 4 - Limbic: 10000 voxels done Correlation: 0.28714689798877685
/home/fhopp/.conda/envs/mjs/lib/python3.8/site-packages/nilearn/masking.py:980: UserWarning: Data array used to create a new image contains 64-bit ints. This is likely due to creating the array with numpy and passing `int` as the `dtype`. Many tools such as FSL and SPM cannot deal with int64 in Nifti images, so for compatibility the data has been converted to int32.
  return new_img_like(mask_img, unmasked, affine)
Network 5 - Frontoparietal: 50 voxels done Correlation: 0.19702827490107255
Network 5 - Frontoparietal: 150 voxels done Correlation: 0.21700774098725661
Network 5 - Frontoparietal: 250 voxels done Correlation: 0.1872869225029271
Network 5 - Frontoparietal: 500 voxels done Correlation: 0.24277407341249163
Network 5 - Frontoparietal: 750 voxels done Correlation: 0.1962521618914977
Network 5 - Frontoparietal: 1000 voxels done Correlation: 0.2183040073180274
Network 5 - Frontoparietal: 1500 voxels done Correlation: 0.22368537286629187
Network 5 - Frontoparietal: 3000 voxels done Correlation: 0.2422743148213844
Network 5 - Frontoparietal: 5000 voxels done Correlation: 0.2274395647718781
Network 5 - Frontoparietal: 6500 voxels done Correlation: 0.24627968745015685
Network 5 - Frontoparietal: 10000 voxels done Correlation: 0.22542933124107145
Network 5 - Frontoparietal: 15000 voxels done Correlation: 0.23610300022702319
/home/fhopp/.conda/envs/mjs/lib/python3.8/site-packages/nilearn/masking.py:980: UserWarning: Data array used to create a new image contains 64-bit ints. This is likely due to creating the array with numpy and passing `int` as the `dtype`. Many tools such as FSL and SPM cannot deal with int64 in Nifti images, so for compatibility the data has been converted to int32.
  return new_img_like(mask_img, unmasked, affine)
Network 6 - Default Mode: 50 voxels done Correlation: 0.3250165917053423
Network 6 - Default Mode: 150 voxels done Correlation: 0.3315676016911205
Network 6 - Default Mode: 250 voxels done Correlation: 0.3471196461730284
Network 6 - Default Mode: 500 voxels done Correlation: 0.40799630545054444
Network 6 - Default Mode: 750 voxels done Correlation: 0.29641958876183083
Network 6 - Default Mode: 1000 voxels done Correlation: 0.3317645146143815
Network 6 - Default Mode: 1500 voxels done Correlation: 0.40593730535276523
Network 6 - Default Mode: 3000 voxels done Correlation: 0.4204732117637727
Network 6 - Default Mode: 5000 voxels done Correlation: 0.38948420641336673
Network 6 - Default Mode: 6500 voxels done Correlation: 0.38529335923486857
Network 6 - Default Mode: 10000 voxels done Correlation: 0.40772019988450287
Network 6 - Default Mode: 15000 voxels done Correlation: 0.40751376180265986
Network 6 - Default Mode: 25000 voxels done Correlation: 0.4074070151453434
/home/fhopp/.conda/envs/mjs/lib/python3.8/site-packages/nilearn/masking.py:980: UserWarning: Data array used to create a new image contains 64-bit ints. This is likely due to creating the array with numpy and passing `int` as the `dtype`. Many tools such as FSL and SPM cannot deal with int64 in Nifti images, so for compatibility the data has been converted to int32.
  return new_img_like(mask_img, unmasked, affine)
Network 7 - Subcortical: 50 voxels done Correlation: 0.1957986790805023
Network 7 - Subcortical: 150 voxels done Correlation: 0.19863199552563413
Network 7 - Subcortical: 250 voxels done Correlation: 0.2276979934250692
Network 7 - Subcortical: 500 voxels done Correlation: 0.186767083988192
Network 7 - Subcortical: 750 voxels done Correlation: 0.2632109702006572
Network 7 - Subcortical: 1000 voxels done Correlation: 0.250704689219753
Network 7 - Subcortical: 1500 voxels done Correlation: 0.22298217865104603
Network 7 - Subcortical: 3000 voxels done Correlation: 0.16429032969749313
Network 7 - Subcortical: 5000 voxels done Correlation: 0.16598997640930374
Network 7 - Subcortical: 6500 voxels done Correlation: 0.1597409621564321
Network 7 - Subcortical: 10000 voxels done Correlation: 0.16573012283589145
Network 8 - Consciousness: 50 voxels done Correlation: 0.307116077481282
Network 8 - Consciousness: 150 voxels done Correlation: 0.3790726175006145
Network 8 - Consciousness: 250 voxels done Correlation: 0.3806498883371449
Network 8 - Consciousness: 500 voxels done Correlation: 0.3803587618614973
Network 8 - Consciousness: 750 voxels done Correlation: 0.3571994790885701
Network 8 - Consciousness: 1000 voxels done Correlation: 0.4153554717373886
Network 8 - Consciousness: 1500 voxels done Correlation: 0.38613631545333893
Network 8 - Consciousness: 3000 voxels done Correlation: 0.42186121120693393
Network 8 - Consciousness: 5000 voxels done Correlation: 0.4390181672360056
Network 8 - Consciousness: 6500 voxels done Correlation: 0.45201520973209264
Network 8 - Consciousness: 10000 voxels done Correlation: 0.4600839687225725
Network 8 - Consciousness: 15000 voxels done Correlation: 0.4708179719607878
Network 8 - Consciousness: 25000 voxels done Correlation: 0.45959975526784613
Network 8 - Consciousness: 50000 voxels done Correlation: 0.4628133612481956
