Running job on: wood
Iteration: 166
Starting spatial evaluation...
/home/fhopp/.conda/envs/mjs/lib/python3.8/site-packages/nilearn/maskers/nifti_masker.py:110: UserWarning: imgs are being resampled to the mask_img resolution. This process is memory intensive. You might want to provide a target_affine that is equal to the affine of the imgs or resample the mask beforehand to save memory and computation time.
  warnings.warn(
/home/fhopp/.conda/envs/mjs/lib/python3.8/site-packages/nilearn/masking.py:980: UserWarning: Data array used to create a new image contains 64-bit ints. This is likely due to creating the array with numpy and passing `int` as the `dtype`. Many tools such as FSL and SPM cannot deal with int64 in Nifti images, so for compatibility the data has been converted to int32.
  return new_img_like(mask_img, unmasked, affine)
Network 0 - Visual: 50 voxels done Correlation: 0.5820161955840304
Network 0 - Visual: 150 voxels done Correlation: 0.5568606298497116
Network 0 - Visual: 250 voxels done Correlation: 0.6335641925548365
Network 0 - Visual: 500 voxels done Correlation: 0.6513238213949082
Network 0 - Visual: 750 voxels done Correlation: 0.5941316964205334
Network 0 - Visual: 1000 voxels done Correlation: 0.6260169536224547
Network 0 - Visual: 1500 voxels done Correlation: 0.6014715996208171
Network 0 - Visual: 3000 voxels done Correlation: 0.6616458623027625
Network 0 - Visual: 5000 voxels done Correlation: 0.6259899590242801
Network 0 - Visual: 6500 voxels done Correlation: 0.6134522071254336
Network 0 - Visual: 10000 voxels done Correlation: 0.611989101892726
Network 0 - Visual: 15000 voxels done Correlation: 0.6322922573819286
/home/fhopp/.conda/envs/mjs/lib/python3.8/site-packages/nilearn/masking.py:980: UserWarning: Data array used to create a new image contains 64-bit ints. This is likely due to creating the array with numpy and passing `int` as the `dtype`. Many tools such as FSL and SPM cannot deal with int64 in Nifti images, so for compatibility the data has been converted to int32.
  return new_img_like(mask_img, unmasked, affine)
Network 1 - Somatomotor: 50 voxels done Correlation: 0.36272214896039645
Network 1 - Somatomotor: 150 voxels done Correlation: 0.37705212319939774
Network 1 - Somatomotor: 250 voxels done Correlation: 0.33845381130363206
Network 1 - Somatomotor: 500 voxels done Correlation: 0.34869899787320796
Network 1 - Somatomotor: 750 voxels done Correlation: 0.3530881075269494
Network 1 - Somatomotor: 1000 voxels done Correlation: 0.3236478271242346
Network 1 - Somatomotor: 1500 voxels done Correlation: 0.3667356440006834
Network 1 - Somatomotor: 3000 voxels done Correlation: 0.34803253643476956
Network 1 - Somatomotor: 5000 voxels done Correlation: 0.3379520598831941
Network 1 - Somatomotor: 6500 voxels done Correlation: 0.3340560240933362
Network 1 - Somatomotor: 10000 voxels done Correlation: 0.3448450157597244
Network 1 - Somatomotor: 15000 voxels done Correlation: 0.34222957674031096
/home/fhopp/.conda/envs/mjs/lib/python3.8/site-packages/nilearn/masking.py:980: UserWarning: Data array used to create a new image contains 64-bit ints. This is likely due to creating the array with numpy and passing `int` as the `dtype`. Many tools such as FSL and SPM cannot deal with int64 in Nifti images, so for compatibility the data has been converted to int32.
  return new_img_like(mask_img, unmasked, affine)
Network 2 - dAttention: 50 voxels done Correlation: 0.2485167236453866
Network 2 - dAttention: 150 voxels done Correlation: 0.36873930865531535
Network 2 - dAttention: 250 voxels done Correlation: 0.2952989830313786
Network 2 - dAttention: 500 voxels done Correlation: 0.3467493043205634
Network 2 - dAttention: 750 voxels done Correlation: 0.35279582879091
Network 2 - dAttention: 1000 voxels done Correlation: 0.3518714776263959
Network 2 - dAttention: 1500 voxels done Correlation: 0.32059411333805454
Network 2 - dAttention: 3000 voxels done Correlation: 0.31611700174348434
Network 2 - dAttention: 5000 voxels done Correlation: 0.32631072881790785
Network 2 - dAttention: 6500 voxels done Correlation: 0.3346980625508394
Network 2 - dAttention: 10000 voxels done Correlation: 0.33619939768382956
Network 2 - dAttention: 15000 voxels done Correlation: 0.3359261054565387
/home/fhopp/.conda/envs/mjs/lib/python3.8/site-packages/nilearn/masking.py:980: UserWarning: Data array used to create a new image contains 64-bit ints. This is likely due to creating the array with numpy and passing `int` as the `dtype`. Many tools such as FSL and SPM cannot deal with int64 in Nifti images, so for compatibility the data has been converted to int32.
  return new_img_like(mask_img, unmasked, affine)
Network 3 - vAttention: 50 voxels done Correlation: 0.2085335069014487
Network 3 - vAttention: 150 voxels done Correlation: 0.24940421202472138
Network 3 - vAttention: 250 voxels done Correlation: 0.3102543173354108
Network 3 - vAttention: 500 voxels done Correlation: 0.3315589154686827
Network 3 - vAttention: 750 voxels done Correlation: 0.299604606919886
Network 3 - vAttention: 1000 voxels done Correlation: 0.335058831200177
Network 3 - vAttention: 1500 voxels done Correlation: 0.3629684445426661
Network 3 - vAttention: 3000 voxels done Correlation: 0.37873685477604613
Network 3 - vAttention: 5000 voxels done Correlation: 0.3816960851605228
Network 3 - vAttention: 6500 voxels done Correlation: 0.3843391622801473
Network 3 - vAttention: 10000 voxels done Correlation: 0.3896081874841797
Network 3 - vAttention: 15000 voxels done Correlation: 0.38798484880729994
/home/fhopp/.conda/envs/mjs/lib/python3.8/site-packages/nilearn/masking.py:980: UserWarning: Data array used to create a new image contains 64-bit ints. This is likely due to creating the array with numpy and passing `int` as the `dtype`. Many tools such as FSL and SPM cannot deal with int64 in Nifti images, so for compatibility the data has been converted to int32.
  return new_img_like(mask_img, unmasked, affine)
Network 4 - Limbic: 50 voxels done Correlation: 0.19074425114349672
Network 4 - Limbic: 150 voxels done Correlation: 0.30130755291977995
Network 4 - Limbic: 250 voxels done Correlation: 0.21630560035072338
Network 4 - Limbic: 500 voxels done Correlation: 0.2737255941966344
Network 4 - Limbic: 750 voxels done Correlation: 0.23797223155016156
Network 4 - Limbic: 1000 voxels done Correlation: 0.2511857942358398
Network 4 - Limbic: 1500 voxels done Correlation: 0.2713911820324694
Network 4 - Limbic: 3000 voxels done Correlation: 0.2764574469140195
Network 4 - Limbic: 5000 voxels done Correlation: 0.2887626074816071
Network 4 - Limbic: 6500 voxels done Correlation: 0.283141598284822
Network 4 - Limbic: 10000 voxels done Correlation: 0.28317664483536026
/home/fhopp/.conda/envs/mjs/lib/python3.8/site-packages/nilearn/masking.py:980: UserWarning: Data array used to create a new image contains 64-bit ints. This is likely due to creating the array with numpy and passing `int` as the `dtype`. Many tools such as FSL and SPM cannot deal with int64 in Nifti images, so for compatibility the data has been converted to int32.
  return new_img_like(mask_img, unmasked, affine)
Network 5 - Frontoparietal: 50 voxels done Correlation: 0.21364438308641936
Network 5 - Frontoparietal: 150 voxels done Correlation: 0.17515936555828193
Network 5 - Frontoparietal: 250 voxels done Correlation: 0.2156440401010818
Network 5 - Frontoparietal: 500 voxels done Correlation: 0.23356588785189042
Network 5 - Frontoparietal: 750 voxels done Correlation: 0.2236339317846503
Network 5 - Frontoparietal: 1000 voxels done Correlation: 0.2188865411529557
Network 5 - Frontoparietal: 1500 voxels done Correlation: 0.2259218840943815
Network 5 - Frontoparietal: 3000 voxels done Correlation: 0.2740077216773739
Network 5 - Frontoparietal: 5000 voxels done Correlation: 0.22660335019890526
Network 5 - Frontoparietal: 6500 voxels done Correlation: 0.23862674358589048
Network 5 - Frontoparietal: 10000 voxels done Correlation: 0.2396014749086554
Network 5 - Frontoparietal: 15000 voxels done Correlation: 0.23429434132514299
/home/fhopp/.conda/envs/mjs/lib/python3.8/site-packages/nilearn/masking.py:980: UserWarning: Data array used to create a new image contains 64-bit ints. This is likely due to creating the array with numpy and passing `int` as the `dtype`. Many tools such as FSL and SPM cannot deal with int64 in Nifti images, so for compatibility the data has been converted to int32.
  return new_img_like(mask_img, unmasked, affine)
Network 6 - Default Mode: 50 voxels done Correlation: 0.2617136242329543
Network 6 - Default Mode: 150 voxels done Correlation: 0.3033628687633516
Network 6 - Default Mode: 250 voxels done Correlation: 0.28600791650445445
Network 6 - Default Mode: 500 voxels done Correlation: 0.3288039361257968
Network 6 - Default Mode: 750 voxels done Correlation: 0.3341343391654602
Network 6 - Default Mode: 1000 voxels done Correlation: 0.3975280162696416
Network 6 - Default Mode: 1500 voxels done Correlation: 0.387505536717206
Network 6 - Default Mode: 3000 voxels done Correlation: 0.377237606994147
Network 6 - Default Mode: 5000 voxels done Correlation: 0.3966765307488261
Network 6 - Default Mode: 6500 voxels done Correlation: 0.4073631620000155
Network 6 - Default Mode: 10000 voxels done Correlation: 0.4038831360751325
Network 6 - Default Mode: 15000 voxels done Correlation: 0.40553244940936817
Network 6 - Default Mode: 25000 voxels done Correlation: 0.4078809969903995
/home/fhopp/.conda/envs/mjs/lib/python3.8/site-packages/nilearn/masking.py:980: UserWarning: Data array used to create a new image contains 64-bit ints. This is likely due to creating the array with numpy and passing `int` as the `dtype`. Many tools such as FSL and SPM cannot deal with int64 in Nifti images, so for compatibility the data has been converted to int32.
  return new_img_like(mask_img, unmasked, affine)
Network 7 - Subcortical: 50 voxels done Correlation: 0.13921673457952274
Network 7 - Subcortical: 150 voxels done Correlation: 0.17815449678725173
Network 7 - Subcortical: 250 voxels done Correlation: 0.2048060023355341
Network 7 - Subcortical: 500 voxels done Correlation: 0.15039741977818785
Network 7 - Subcortical: 750 voxels done Correlation: 0.20421358649605548
Network 7 - Subcortical: 1000 voxels done Correlation: 0.28324341810557907
Network 7 - Subcortical: 1500 voxels done Correlation: 0.16722461750280845
Network 7 - Subcortical: 3000 voxels done Correlation: 0.1600185139729159
Network 7 - Subcortical: 5000 voxels done Correlation: 0.17987786898303443
Network 7 - Subcortical: 6500 voxels done Correlation: 0.17055761121470014
Network 7 - Subcortical: 10000 voxels done Correlation: 0.16537413823646194
Network 8 - Consciousness: 50 voxels done Correlation: 0.34488584092158014
Network 8 - Consciousness: 150 voxels done Correlation: 0.4065138204808512
Network 8 - Consciousness: 250 voxels done Correlation: 0.28338356199324166
Network 8 - Consciousness: 500 voxels done Correlation: 0.3260595578183052
Network 8 - Consciousness: 750 voxels done Correlation: 0.4125566221352027
Network 8 - Consciousness: 1000 voxels done Correlation: 0.3501865636610238
Network 8 - Consciousness: 1500 voxels done Correlation: 0.4085819094627727
Network 8 - Consciousness: 3000 voxels done Correlation: 0.458983140795209
Network 8 - Consciousness: 5000 voxels done Correlation: 0.45689780301220545
Network 8 - Consciousness: 6500 voxels done Correlation: 0.44078061273587055
Network 8 - Consciousness: 10000 voxels done Correlation: 0.4548908425999053
Network 8 - Consciousness: 15000 voxels done Correlation: 0.4472122545053665
Network 8 - Consciousness: 25000 voxels done Correlation: 0.46819881223629467
Network 8 - Consciousness: 50000 voxels done Correlation: 0.4648236519399567
