Running job on: easley
Iteration: 982
Starting spatial evaluation...
/home/fhopp/.conda/envs/mjs/lib/python3.8/site-packages/nilearn/maskers/nifti_masker.py:110: UserWarning: imgs are being resampled to the mask_img resolution. This process is memory intensive. You might want to provide a target_affine that is equal to the affine of the imgs or resample the mask beforehand to save memory and computation time.
  warnings.warn(
/home/fhopp/.conda/envs/mjs/lib/python3.8/site-packages/nilearn/masking.py:980: UserWarning: Data array used to create a new image contains 64-bit ints. This is likely due to creating the array with numpy and passing `int` as the `dtype`. Many tools such as FSL and SPM cannot deal with int64 in Nifti images, so for compatibility the data has been converted to int32.
  return new_img_like(mask_img, unmasked, affine)
Network 0 - Visual: 50 voxels done Correlation: 0.6705371736281072
Network 0 - Visual: 150 voxels done Correlation: 0.6391079498743681
Network 0 - Visual: 250 voxels done Correlation: 0.6574245586730509
Network 0 - Visual: 500 voxels done Correlation: 0.5823976465149203
Network 0 - Visual: 750 voxels done Correlation: 0.5976226480193032
Network 0 - Visual: 1000 voxels done Correlation: 0.6063700412463807
Network 0 - Visual: 1500 voxels done Correlation: 0.6350655322569201
Network 0 - Visual: 3000 voxels done Correlation: 0.6214908074969621
Network 0 - Visual: 5000 voxels done Correlation: 0.6282186684263342
Network 0 - Visual: 6500 voxels done Correlation: 0.6270408396487073
Network 0 - Visual: 10000 voxels done Correlation: 0.6356384179663734
Network 0 - Visual: 15000 voxels done Correlation: 0.6251136673055475
/home/fhopp/.conda/envs/mjs/lib/python3.8/site-packages/nilearn/masking.py:980: UserWarning: Data array used to create a new image contains 64-bit ints. This is likely due to creating the array with numpy and passing `int` as the `dtype`. Many tools such as FSL and SPM cannot deal with int64 in Nifti images, so for compatibility the data has been converted to int32.
  return new_img_like(mask_img, unmasked, affine)
Network 1 - Somatomotor: 50 voxels done Correlation: 0.0984284939817727
Network 1 - Somatomotor: 150 voxels done Correlation: 0.3159214002369299
Network 1 - Somatomotor: 250 voxels done Correlation: 0.3394485523908348
Network 1 - Somatomotor: 500 voxels done Correlation: 0.31983875022614794
Network 1 - Somatomotor: 750 voxels done Correlation: 0.30520798253668135
Network 1 - Somatomotor: 1000 voxels done Correlation: 0.35667270819723706
Network 1 - Somatomotor: 1500 voxels done Correlation: 0.3196101803790616
Network 1 - Somatomotor: 3000 voxels done Correlation: 0.35361158333226406
Network 1 - Somatomotor: 5000 voxels done Correlation: 0.3342773725894198
Network 1 - Somatomotor: 6500 voxels done Correlation: 0.33763027989013195
Network 1 - Somatomotor: 10000 voxels done Correlation: 0.3368295415803816
Network 1 - Somatomotor: 15000 voxels done Correlation: 0.34463447409387804
/home/fhopp/.conda/envs/mjs/lib/python3.8/site-packages/nilearn/masking.py:980: UserWarning: Data array used to create a new image contains 64-bit ints. This is likely due to creating the array with numpy and passing `int` as the `dtype`. Many tools such as FSL and SPM cannot deal with int64 in Nifti images, so for compatibility the data has been converted to int32.
  return new_img_like(mask_img, unmasked, affine)
Network 2 - dAttention: 50 voxels done Correlation: 0.28300259819846524
Network 2 - dAttention: 150 voxels done Correlation: 0.20026611112211415
Network 2 - dAttention: 250 voxels done Correlation: 0.3218797979007598
Network 2 - dAttention: 500 voxels done Correlation: 0.3412122441708478
Network 2 - dAttention: 750 voxels done Correlation: 0.34100493875825344
Network 2 - dAttention: 1000 voxels done Correlation: 0.2930958999811418
Network 2 - dAttention: 1500 voxels done Correlation: 0.32832566681861286
Network 2 - dAttention: 3000 voxels done Correlation: 0.2829755884510736
Network 2 - dAttention: 5000 voxels done Correlation: 0.339154824044974
Network 2 - dAttention: 6500 voxels done Correlation: 0.33085737118837044
Network 2 - dAttention: 10000 voxels done Correlation: 0.3286928304319949
Network 2 - dAttention: 15000 voxels done Correlation: 0.3353913686205736
/home/fhopp/.conda/envs/mjs/lib/python3.8/site-packages/nilearn/masking.py:980: UserWarning: Data array used to create a new image contains 64-bit ints. This is likely due to creating the array with numpy and passing `int` as the `dtype`. Many tools such as FSL and SPM cannot deal with int64 in Nifti images, so for compatibility the data has been converted to int32.
  return new_img_like(mask_img, unmasked, affine)
Network 3 - vAttention: 50 voxels done Correlation: 0.19289923537059944
Network 3 - vAttention: 150 voxels done Correlation: 0.23348886619951836
Network 3 - vAttention: 250 voxels done Correlation: 0.3099906786410581
Network 3 - vAttention: 500 voxels done Correlation: 0.3476142998528783
Network 3 - vAttention: 750 voxels done Correlation: 0.38488459074354575
Network 3 - vAttention: 1000 voxels done Correlation: 0.2986081003296726
Network 3 - vAttention: 1500 voxels done Correlation: 0.3594157706822955
Network 3 - vAttention: 3000 voxels done Correlation: 0.37223343857824426
Network 3 - vAttention: 5000 voxels done Correlation: 0.36316693799511984
Network 3 - vAttention: 6500 voxels done Correlation: 0.3642855923669075
Network 3 - vAttention: 10000 voxels done Correlation: 0.3793786091527472
Network 3 - vAttention: 15000 voxels done Correlation: 0.38909068587336715
/home/fhopp/.conda/envs/mjs/lib/python3.8/site-packages/nilearn/masking.py:980: UserWarning: Data array used to create a new image contains 64-bit ints. This is likely due to creating the array with numpy and passing `int` as the `dtype`. Many tools such as FSL and SPM cannot deal with int64 in Nifti images, so for compatibility the data has been converted to int32.
  return new_img_like(mask_img, unmasked, affine)
Network 4 - Limbic: 50 voxels done Correlation: 0.21914888984517922
Network 4 - Limbic: 150 voxels done Correlation: 0.2268900597553557
Network 4 - Limbic: 250 voxels done Correlation: 0.27675100938412533
Network 4 - Limbic: 500 voxels done Correlation: 0.22422194253203243
Network 4 - Limbic: 750 voxels done Correlation: 0.25400076611814
Network 4 - Limbic: 1000 voxels done Correlation: 0.29209573567322356
Network 4 - Limbic: 1500 voxels done Correlation: 0.27084677119479134
Network 4 - Limbic: 3000 voxels done Correlation: 0.2902530272787217
Network 4 - Limbic: 5000 voxels done Correlation: 0.2905265264909933
Network 4 - Limbic: 6500 voxels done Correlation: 0.29269779970736376
Network 4 - Limbic: 10000 voxels done Correlation: 0.2876512175559794
/home/fhopp/.conda/envs/mjs/lib/python3.8/site-packages/nilearn/masking.py:980: UserWarning: Data array used to create a new image contains 64-bit ints. This is likely due to creating the array with numpy and passing `int` as the `dtype`. Many tools such as FSL and SPM cannot deal with int64 in Nifti images, so for compatibility the data has been converted to int32.
  return new_img_like(mask_img, unmasked, affine)
Network 5 - Frontoparietal: 50 voxels done Correlation: 0.11543011270126848
Network 5 - Frontoparietal: 150 voxels done Correlation: 0.18274638955440237
Network 5 - Frontoparietal: 250 voxels done Correlation: 0.2867921946191909
Network 5 - Frontoparietal: 500 voxels done Correlation: 0.2289769024369438
Network 5 - Frontoparietal: 750 voxels done Correlation: 0.21065405681459465
Network 5 - Frontoparietal: 1000 voxels done Correlation: 0.19415887740087814
Network 5 - Frontoparietal: 1500 voxels done Correlation: 0.22511175643038334
Network 5 - Frontoparietal: 3000 voxels done Correlation: 0.23067966871395418
Network 5 - Frontoparietal: 5000 voxels done Correlation: 0.22273304696813317
Network 5 - Frontoparietal: 6500 voxels done Correlation: 0.2363946454843695
Network 5 - Frontoparietal: 10000 voxels done Correlation: 0.23551936091358777
Network 5 - Frontoparietal: 15000 voxels done Correlation: 0.23694020386871617
/home/fhopp/.conda/envs/mjs/lib/python3.8/site-packages/nilearn/masking.py:980: UserWarning: Data array used to create a new image contains 64-bit ints. This is likely due to creating the array with numpy and passing `int` as the `dtype`. Many tools such as FSL and SPM cannot deal with int64 in Nifti images, so for compatibility the data has been converted to int32.
  return new_img_like(mask_img, unmasked, affine)
Network 6 - Default Mode: 50 voxels done Correlation: 0.2446719167349133
Network 6 - Default Mode: 150 voxels done Correlation: 0.3077684739002813
Network 6 - Default Mode: 250 voxels done Correlation: 0.3589801732844829
Network 6 - Default Mode: 500 voxels done Correlation: 0.3583900424917773
Network 6 - Default Mode: 750 voxels done Correlation: 0.4024103312685724
Network 6 - Default Mode: 1000 voxels done Correlation: 0.35546922079535676
Network 6 - Default Mode: 1500 voxels done Correlation: 0.3418453142584038
Network 6 - Default Mode: 3000 voxels done Correlation: 0.4145999702193388
Network 6 - Default Mode: 5000 voxels done Correlation: 0.4108485002976201
Network 6 - Default Mode: 6500 voxels done Correlation: 0.38341917031496475
Network 6 - Default Mode: 10000 voxels done Correlation: 0.4141945469643521
Network 6 - Default Mode: 15000 voxels done Correlation: 0.4090972156982665
Network 6 - Default Mode: 25000 voxels done Correlation: 0.4123212596799958
/home/fhopp/.conda/envs/mjs/lib/python3.8/site-packages/nilearn/masking.py:980: UserWarning: Data array used to create a new image contains 64-bit ints. This is likely due to creating the array with numpy and passing `int` as the `dtype`. Many tools such as FSL and SPM cannot deal with int64 in Nifti images, so for compatibility the data has been converted to int32.
  return new_img_like(mask_img, unmasked, affine)
Network 7 - Subcortical: 50 voxels done Correlation: 0.21966457551328572
Network 7 - Subcortical: 150 voxels done Correlation: 0.18428001638800118
Network 7 - Subcortical: 250 voxels done Correlation: 0.21519047631161753
Network 7 - Subcortical: 500 voxels done Correlation: 0.23891986172519383
Network 7 - Subcortical: 750 voxels done Correlation: 0.2315343973400761
Network 7 - Subcortical: 1000 voxels done Correlation: 0.16614392725087287
Network 7 - Subcortical: 1500 voxels done Correlation: 0.2523170536703028
Network 7 - Subcortical: 3000 voxels done Correlation: 0.1606208955728861
Network 7 - Subcortical: 5000 voxels done Correlation: 0.1690081991091747
Network 7 - Subcortical: 6500 voxels done Correlation: 0.16831246013254272
Network 7 - Subcortical: 10000 voxels done Correlation: 0.16272369760896932
Network 8 - Consciousness: 50 voxels done Correlation: 0.2780937448684
Network 8 - Consciousness: 150 voxels done Correlation: 0.38734526577959194
Network 8 - Consciousness: 250 voxels done Correlation: 0.3723345845347795
Network 8 - Consciousness: 500 voxels done Correlation: 0.4290351905430732
Network 8 - Consciousness: 750 voxels done Correlation: 0.3618320706052594
Network 8 - Consciousness: 1000 voxels done Correlation: 0.3984133276735973
Network 8 - Consciousness: 1500 voxels done Correlation: 0.4275836153982091
Network 8 - Consciousness: 3000 voxels done Correlation: 0.4406054736086281
Network 8 - Consciousness: 5000 voxels done Correlation: 0.4591473655637237
Network 8 - Consciousness: 6500 voxels done Correlation: 0.458807550026353
Network 8 - Consciousness: 10000 voxels done Correlation: 0.44774921884006047
Network 8 - Consciousness: 15000 voxels done Correlation: 0.4709774999877795
Network 8 - Consciousness: 25000 voxels done Correlation: 0.4661727399960395
Network 8 - Consciousness: 50000 voxels done Correlation: 0.4637232224714985
