Running job on: cox
Iteration: 18
Starting spatial evaluation...
/home/fhopp/.conda/envs/mjs/lib/python3.8/site-packages/nilearn/maskers/nifti_masker.py:110: UserWarning: imgs are being resampled to the mask_img resolution. This process is memory intensive. You might want to provide a target_affine that is equal to the affine of the imgs or resample the mask beforehand to save memory and computation time.
  warnings.warn(
/home/fhopp/.conda/envs/mjs/lib/python3.8/site-packages/nilearn/masking.py:980: UserWarning: Data array used to create a new image contains 64-bit ints. This is likely due to creating the array with numpy and passing `int` as the `dtype`. Many tools such as FSL and SPM cannot deal with int64 in Nifti images, so for compatibility the data has been converted to int32.
  return new_img_like(mask_img, unmasked, affine)
Network 0 - Visual: 50 voxels done Correlation: 0.5854027942875828
Network 0 - Visual: 150 voxels done Correlation: 0.6019987999763126
Network 0 - Visual: 250 voxels done Correlation: 0.5743778106347723
Network 0 - Visual: 500 voxels done Correlation: 0.5838445544695195
Network 0 - Visual: 750 voxels done Correlation: 0.533203425860752
Network 0 - Visual: 1000 voxels done Correlation: 0.5757344679031022
Network 0 - Visual: 1500 voxels done Correlation: 0.6245364696353226
Network 0 - Visual: 3000 voxels done Correlation: 0.6262643753705577
Network 0 - Visual: 5000 voxels done Correlation: 0.6142277227001061
Network 0 - Visual: 6500 voxels done Correlation: 0.621221252541003
Network 0 - Visual: 10000 voxels done Correlation: 0.6255885177458927
Network 0 - Visual: 15000 voxels done Correlation: 0.6291545844370834
/home/fhopp/.conda/envs/mjs/lib/python3.8/site-packages/nilearn/masking.py:980: UserWarning: Data array used to create a new image contains 64-bit ints. This is likely due to creating the array with numpy and passing `int` as the `dtype`. Many tools such as FSL and SPM cannot deal with int64 in Nifti images, so for compatibility the data has been converted to int32.
  return new_img_like(mask_img, unmasked, affine)
Network 1 - Somatomotor: 50 voxels done Correlation: 0.14565361181604375
Network 1 - Somatomotor: 150 voxels done Correlation: 0.3502931943152686
Network 1 - Somatomotor: 250 voxels done Correlation: 0.3566716414139376
Network 1 - Somatomotor: 500 voxels done Correlation: 0.3822841460743747
Network 1 - Somatomotor: 750 voxels done Correlation: 0.312846269980918
Network 1 - Somatomotor: 1000 voxels done Correlation: 0.370168319286194
Network 1 - Somatomotor: 1500 voxels done Correlation: 0.3461198428367108
Network 1 - Somatomotor: 3000 voxels done Correlation: 0.33190262794424696
Network 1 - Somatomotor: 5000 voxels done Correlation: 0.342819110494362
Network 1 - Somatomotor: 6500 voxels done Correlation: 0.34213202089223427
Network 1 - Somatomotor: 10000 voxels done Correlation: 0.3406055048827147
Network 1 - Somatomotor: 15000 voxels done Correlation: 0.3403392532714858
/home/fhopp/.conda/envs/mjs/lib/python3.8/site-packages/nilearn/masking.py:980: UserWarning: Data array used to create a new image contains 64-bit ints. This is likely due to creating the array with numpy and passing `int` as the `dtype`. Many tools such as FSL and SPM cannot deal with int64 in Nifti images, so for compatibility the data has been converted to int32.
  return new_img_like(mask_img, unmasked, affine)
Network 2 - dAttention: 50 voxels done Correlation: 0.1945789287214421
Network 2 - dAttention: 150 voxels done Correlation: 0.2949790399603006
Network 2 - dAttention: 250 voxels done Correlation: 0.3475182756410129
Network 2 - dAttention: 500 voxels done Correlation: 0.30714066226535397
Network 2 - dAttention: 750 voxels done Correlation: 0.3261079361688439
Network 2 - dAttention: 1000 voxels done Correlation: 0.34084666614484493
Network 2 - dAttention: 1500 voxels done Correlation: 0.30543497937949093
Network 2 - dAttention: 3000 voxels done Correlation: 0.32295998950232585
Network 2 - dAttention: 5000 voxels done Correlation: 0.344444221476358
Network 2 - dAttention: 6500 voxels done Correlation: 0.3083342677829054
Network 2 - dAttention: 10000 voxels done Correlation: 0.32526557650860755
Network 2 - dAttention: 15000 voxels done Correlation: 0.3334619805890765
/home/fhopp/.conda/envs/mjs/lib/python3.8/site-packages/nilearn/masking.py:980: UserWarning: Data array used to create a new image contains 64-bit ints. This is likely due to creating the array with numpy and passing `int` as the `dtype`. Many tools such as FSL and SPM cannot deal with int64 in Nifti images, so for compatibility the data has been converted to int32.
  return new_img_like(mask_img, unmasked, affine)
Network 3 - vAttention: 50 voxels done Correlation: 0.27088087681612605
Network 3 - vAttention: 150 voxels done Correlation: 0.27643941535807137
Network 3 - vAttention: 250 voxels done Correlation: 0.34496506758687506
Network 3 - vAttention: 500 voxels done Correlation: 0.3378435823597993
Network 3 - vAttention: 750 voxels done Correlation: 0.33201516234569484
Network 3 - vAttention: 1000 voxels done Correlation: 0.31421595009363384
Network 3 - vAttention: 1500 voxels done Correlation: 0.33235053181785323
Network 3 - vAttention: 3000 voxels done Correlation: 0.3640519467581024
Network 3 - vAttention: 5000 voxels done Correlation: 0.3896662831379597
Network 3 - vAttention: 6500 voxels done Correlation: 0.37870656714761775
Network 3 - vAttention: 10000 voxels done Correlation: 0.37896695942305625
Network 3 - vAttention: 15000 voxels done Correlation: 0.3888911221410587
/home/fhopp/.conda/envs/mjs/lib/python3.8/site-packages/nilearn/masking.py:980: UserWarning: Data array used to create a new image contains 64-bit ints. This is likely due to creating the array with numpy and passing `int` as the `dtype`. Many tools such as FSL and SPM cannot deal with int64 in Nifti images, so for compatibility the data has been converted to int32.
  return new_img_like(mask_img, unmasked, affine)
Network 4 - Limbic: 50 voxels done Correlation: 0.21716249503828677
Network 4 - Limbic: 150 voxels done Correlation: 0.24141384461929277
Network 4 - Limbic: 250 voxels done Correlation: 0.19467412476614276
Network 4 - Limbic: 500 voxels done Correlation: 0.27977016925874015
Network 4 - Limbic: 750 voxels done Correlation: 0.2609147520944748
Network 4 - Limbic: 1000 voxels done Correlation: 0.2655127381489759
Network 4 - Limbic: 1500 voxels done Correlation: 0.2406694946068118
Network 4 - Limbic: 3000 voxels done Correlation: 0.2739197606052972
Network 4 - Limbic: 5000 voxels done Correlation: 0.27938049743445026
Network 4 - Limbic: 6500 voxels done Correlation: 0.2847237410881418
Network 4 - Limbic: 10000 voxels done Correlation: 0.28548848920234543
/home/fhopp/.conda/envs/mjs/lib/python3.8/site-packages/nilearn/masking.py:980: UserWarning: Data array used to create a new image contains 64-bit ints. This is likely due to creating the array with numpy and passing `int` as the `dtype`. Many tools such as FSL and SPM cannot deal with int64 in Nifti images, so for compatibility the data has been converted to int32.
  return new_img_like(mask_img, unmasked, affine)
Network 5 - Frontoparietal: 50 voxels done Correlation: 0.09577097298240336
Network 5 - Frontoparietal: 150 voxels done Correlation: 0.16332320388621493
Network 5 - Frontoparietal: 250 voxels done Correlation: 0.2191451528997549
Network 5 - Frontoparietal: 500 voxels done Correlation: 0.2334169497301268
Network 5 - Frontoparietal: 750 voxels done Correlation: 0.2176973899961726
Network 5 - Frontoparietal: 1000 voxels done Correlation: 0.2529399408207133
Network 5 - Frontoparietal: 1500 voxels done Correlation: 0.21753760474238826
Network 5 - Frontoparietal: 3000 voxels done Correlation: 0.22358482470580557
Network 5 - Frontoparietal: 5000 voxels done Correlation: 0.24510604057485355
Network 5 - Frontoparietal: 6500 voxels done Correlation: 0.22742060760953914
Network 5 - Frontoparietal: 10000 voxels done Correlation: 0.2404010952933105
Network 5 - Frontoparietal: 15000 voxels done Correlation: 0.2390489106347803
/home/fhopp/.conda/envs/mjs/lib/python3.8/site-packages/nilearn/masking.py:980: UserWarning: Data array used to create a new image contains 64-bit ints. This is likely due to creating the array with numpy and passing `int` as the `dtype`. Many tools such as FSL and SPM cannot deal with int64 in Nifti images, so for compatibility the data has been converted to int32.
  return new_img_like(mask_img, unmasked, affine)
Network 6 - Default Mode: 50 voxels done Correlation: 0.29087080139653865
Network 6 - Default Mode: 150 voxels done Correlation: 0.37580069912377545
Network 6 - Default Mode: 250 voxels done Correlation: 0.33307270596148164
Network 6 - Default Mode: 500 voxels done Correlation: 0.3920313044364877
Network 6 - Default Mode: 750 voxels done Correlation: 0.33993873301087574
Network 6 - Default Mode: 1000 voxels done Correlation: 0.33816228983494445
Network 6 - Default Mode: 1500 voxels done Correlation: 0.45541323016132174
Network 6 - Default Mode: 3000 voxels done Correlation: 0.4115318006283378
Network 6 - Default Mode: 5000 voxels done Correlation: 0.40071377203165665
Network 6 - Default Mode: 6500 voxels done Correlation: 0.417009291057539
Network 6 - Default Mode: 10000 voxels done Correlation: 0.39863146460775917
Network 6 - Default Mode: 15000 voxels done Correlation: 0.40542767785856026
Network 6 - Default Mode: 25000 voxels done Correlation: 0.41432531921872606
/home/fhopp/.conda/envs/mjs/lib/python3.8/site-packages/nilearn/masking.py:980: UserWarning: Data array used to create a new image contains 64-bit ints. This is likely due to creating the array with numpy and passing `int` as the `dtype`. Many tools such as FSL and SPM cannot deal with int64 in Nifti images, so for compatibility the data has been converted to int32.
  return new_img_like(mask_img, unmasked, affine)
Network 7 - Subcortical: 50 voxels done Correlation: 0.20507866169267136
Network 7 - Subcortical: 150 voxels done Correlation: 0.2351482067803327
Network 7 - Subcortical: 250 voxels done Correlation: 0.2745212264378869
Network 7 - Subcortical: 500 voxels done Correlation: 0.2269503187899674
Network 7 - Subcortical: 750 voxels done Correlation: 0.1927490059675951
Network 7 - Subcortical: 1000 voxels done Correlation: 0.19165704001280956
Network 7 - Subcortical: 1500 voxels done Correlation: 0.20122476861040603
Network 7 - Subcortical: 3000 voxels done Correlation: 0.1782634993187937
Network 7 - Subcortical: 5000 voxels done Correlation: 0.17525580948767694
Network 7 - Subcortical: 6500 voxels done Correlation: 0.16140765218965947
Network 7 - Subcortical: 10000 voxels done Correlation: 0.16595882609015383
Network 8 - Consciousness: 50 voxels done Correlation: 0.2055526228593461
Network 8 - Consciousness: 150 voxels done Correlation: 0.30189803117476977
Network 8 - Consciousness: 250 voxels done Correlation: 0.3953793339313889
Network 8 - Consciousness: 500 voxels done Correlation: 0.2736123516008506
Network 8 - Consciousness: 750 voxels done Correlation: 0.34547023994310555
Network 8 - Consciousness: 1000 voxels done Correlation: 0.31515404344586795
Network 8 - Consciousness: 1500 voxels done Correlation: 0.5020294062510465
Network 8 - Consciousness: 3000 voxels done Correlation: 0.47338021018736487
Network 8 - Consciousness: 5000 voxels done Correlation: 0.4533898014351618
Network 8 - Consciousness: 6500 voxels done Correlation: 0.46797296641581404
Network 8 - Consciousness: 10000 voxels done Correlation: 0.49359610196156667
Network 8 - Consciousness: 15000 voxels done Correlation: 0.4588585304857058
Network 8 - Consciousness: 25000 voxels done Correlation: 0.4567080230093252
Network 8 - Consciousness: 50000 voxels done Correlation: 0.4666842678579033
