Running job on: wood
Iteration: 511
Starting spatial evaluation...
/home/fhopp/.conda/envs/mjs/lib/python3.8/site-packages/nilearn/maskers/nifti_masker.py:110: UserWarning: imgs are being resampled to the mask_img resolution. This process is memory intensive. You might want to provide a target_affine that is equal to the affine of the imgs or resample the mask beforehand to save memory and computation time.
  warnings.warn(
/home/fhopp/.conda/envs/mjs/lib/python3.8/site-packages/nilearn/masking.py:980: UserWarning: Data array used to create a new image contains 64-bit ints. This is likely due to creating the array with numpy and passing `int` as the `dtype`. Many tools such as FSL and SPM cannot deal with int64 in Nifti images, so for compatibility the data has been converted to int32.
  return new_img_like(mask_img, unmasked, affine)
Network 0 - Visual: 50 voxels done Correlation: 0.7213848322690087
Network 0 - Visual: 150 voxels done Correlation: 0.6018530512657149
Network 0 - Visual: 250 voxels done Correlation: 0.6666287904996009
Network 0 - Visual: 500 voxels done Correlation: 0.6478509967618098
Network 0 - Visual: 750 voxels done Correlation: 0.5654277067880138
Network 0 - Visual: 1000 voxels done Correlation: 0.6264112323578763
Network 0 - Visual: 1500 voxels done Correlation: 0.6076969180528202
Network 0 - Visual: 3000 voxels done Correlation: 0.6404774333196259
Network 0 - Visual: 5000 voxels done Correlation: 0.6192659013324835
Network 0 - Visual: 6500 voxels done Correlation: 0.6259045753646308
Network 0 - Visual: 10000 voxels done Correlation: 0.6274776072367942
Network 0 - Visual: 15000 voxels done Correlation: 0.6327047082283881
/home/fhopp/.conda/envs/mjs/lib/python3.8/site-packages/nilearn/masking.py:980: UserWarning: Data array used to create a new image contains 64-bit ints. This is likely due to creating the array with numpy and passing `int` as the `dtype`. Many tools such as FSL and SPM cannot deal with int64 in Nifti images, so for compatibility the data has been converted to int32.
  return new_img_like(mask_img, unmasked, affine)
Network 1 - Somatomotor: 50 voxels done Correlation: 0.35871492815251294
Network 1 - Somatomotor: 150 voxels done Correlation: 0.31672980768225667
Network 1 - Somatomotor: 250 voxels done Correlation: 0.4200184456822884
Network 1 - Somatomotor: 500 voxels done Correlation: 0.3448274410508382
Network 1 - Somatomotor: 750 voxels done Correlation: 0.40205955221921996
Network 1 - Somatomotor: 1000 voxels done Correlation: 0.3436368910739305
Network 1 - Somatomotor: 1500 voxels done Correlation: 0.3159418760488466
Network 1 - Somatomotor: 3000 voxels done Correlation: 0.3264709642389974
Network 1 - Somatomotor: 5000 voxels done Correlation: 0.35158028161748084
Network 1 - Somatomotor: 6500 voxels done Correlation: 0.3646932297950471
Network 1 - Somatomotor: 10000 voxels done Correlation: 0.34831652192111984
Network 1 - Somatomotor: 15000 voxels done Correlation: 0.34135490635817145
/home/fhopp/.conda/envs/mjs/lib/python3.8/site-packages/nilearn/masking.py:980: UserWarning: Data array used to create a new image contains 64-bit ints. This is likely due to creating the array with numpy and passing `int` as the `dtype`. Many tools such as FSL and SPM cannot deal with int64 in Nifti images, so for compatibility the data has been converted to int32.
  return new_img_like(mask_img, unmasked, affine)
Network 2 - dAttention: 50 voxels done Correlation: 0.2879007058628854
Network 2 - dAttention: 150 voxels done Correlation: 0.38734333683783606
Network 2 - dAttention: 250 voxels done Correlation: 0.2588602656825933
Network 2 - dAttention: 500 voxels done Correlation: 0.32633004873082294
Network 2 - dAttention: 750 voxels done Correlation: 0.29163799919120026
Network 2 - dAttention: 1000 voxels done Correlation: 0.3367423789937958
Network 2 - dAttention: 1500 voxels done Correlation: 0.3501045379864915
Network 2 - dAttention: 3000 voxels done Correlation: 0.32991181171784467
Network 2 - dAttention: 5000 voxels done Correlation: 0.3262311723836646
Network 2 - dAttention: 6500 voxels done Correlation: 0.3114312888682452
Network 2 - dAttention: 10000 voxels done Correlation: 0.3300342147462983
Network 2 - dAttention: 15000 voxels done Correlation: 0.33762932570629883
/home/fhopp/.conda/envs/mjs/lib/python3.8/site-packages/nilearn/masking.py:980: UserWarning: Data array used to create a new image contains 64-bit ints. This is likely due to creating the array with numpy and passing `int` as the `dtype`. Many tools such as FSL and SPM cannot deal with int64 in Nifti images, so for compatibility the data has been converted to int32.
  return new_img_like(mask_img, unmasked, affine)
Network 3 - vAttention: 50 voxels done Correlation: 0.24838097494834388
Network 3 - vAttention: 150 voxels done Correlation: 0.3533554466622032
Network 3 - vAttention: 250 voxels done Correlation: 0.30948078174829297
Network 3 - vAttention: 500 voxels done Correlation: 0.3324890497828543
Network 3 - vAttention: 750 voxels done Correlation: 0.3268284681091437
Network 3 - vAttention: 1000 voxels done Correlation: 0.33043895415163127
Network 3 - vAttention: 1500 voxels done Correlation: 0.34700993439557365
Network 3 - vAttention: 3000 voxels done Correlation: 0.395743769370445
Network 3 - vAttention: 5000 voxels done Correlation: 0.37912686018902125
Network 3 - vAttention: 6500 voxels done Correlation: 0.36700281910604526
Network 3 - vAttention: 10000 voxels done Correlation: 0.3917215622066188
Network 3 - vAttention: 15000 voxels done Correlation: 0.3889757809641011
/home/fhopp/.conda/envs/mjs/lib/python3.8/site-packages/nilearn/masking.py:980: UserWarning: Data array used to create a new image contains 64-bit ints. This is likely due to creating the array with numpy and passing `int` as the `dtype`. Many tools such as FSL and SPM cannot deal with int64 in Nifti images, so for compatibility the data has been converted to int32.
  return new_img_like(mask_img, unmasked, affine)
Network 4 - Limbic: 50 voxels done Correlation: 0.22210758511669923
Network 4 - Limbic: 150 voxels done Correlation: 0.17105080157376185
Network 4 - Limbic: 250 voxels done Correlation: 0.2169274737284546
Network 4 - Limbic: 500 voxels done Correlation: 0.25066043968479934
Network 4 - Limbic: 750 voxels done Correlation: 0.32456282847643186
Network 4 - Limbic: 1000 voxels done Correlation: 0.32665523665463236
Network 4 - Limbic: 1500 voxels done Correlation: 0.26105481325407265
Network 4 - Limbic: 3000 voxels done Correlation: 0.28705853304132284
Network 4 - Limbic: 5000 voxels done Correlation: 0.2909085991901575
Network 4 - Limbic: 6500 voxels done Correlation: 0.26678569666734087
Network 4 - Limbic: 10000 voxels done Correlation: 0.2830548751659906
/home/fhopp/.conda/envs/mjs/lib/python3.8/site-packages/nilearn/masking.py:980: UserWarning: Data array used to create a new image contains 64-bit ints. This is likely due to creating the array with numpy and passing `int` as the `dtype`. Many tools such as FSL and SPM cannot deal with int64 in Nifti images, so for compatibility the data has been converted to int32.
  return new_img_like(mask_img, unmasked, affine)
Network 5 - Frontoparietal: 50 voxels done Correlation: 0.18462251693201634
Network 5 - Frontoparietal: 150 voxels done Correlation: 0.2343569459452443
Network 5 - Frontoparietal: 250 voxels done Correlation: 0.15983950240907807
Network 5 - Frontoparietal: 500 voxels done Correlation: 0.2175409283743968
Network 5 - Frontoparietal: 750 voxels done Correlation: 0.23883222534625848
Network 5 - Frontoparietal: 1000 voxels done Correlation: 0.1564665705112489
Network 5 - Frontoparietal: 1500 voxels done Correlation: 0.20393606115970264
Network 5 - Frontoparietal: 3000 voxels done Correlation: 0.2312581978176967
Network 5 - Frontoparietal: 5000 voxels done Correlation: 0.23959709483409736
Network 5 - Frontoparietal: 6500 voxels done Correlation: 0.2470274437543511
Network 5 - Frontoparietal: 10000 voxels done Correlation: 0.2414189939171696
Network 5 - Frontoparietal: 15000 voxels done Correlation: 0.23795163552444848
/home/fhopp/.conda/envs/mjs/lib/python3.8/site-packages/nilearn/masking.py:980: UserWarning: Data array used to create a new image contains 64-bit ints. This is likely due to creating the array with numpy and passing `int` as the `dtype`. Many tools such as FSL and SPM cannot deal with int64 in Nifti images, so for compatibility the data has been converted to int32.
  return new_img_like(mask_img, unmasked, affine)
Network 6 - Default Mode: 50 voxels done Correlation: 0.24732814884961835
Network 6 - Default Mode: 150 voxels done Correlation: 0.19496474835871713
Network 6 - Default Mode: 250 voxels done Correlation: 0.35444513973908853
Network 6 - Default Mode: 500 voxels done Correlation: 0.3754226880320159
Network 6 - Default Mode: 750 voxels done Correlation: 0.3260986360706533
Network 6 - Default Mode: 1000 voxels done Correlation: 0.365782765779351
Network 6 - Default Mode: 1500 voxels done Correlation: 0.36887806589671024
Network 6 - Default Mode: 3000 voxels done Correlation: 0.39075646278816945
Network 6 - Default Mode: 5000 voxels done Correlation: 0.3926875558518164
Network 6 - Default Mode: 6500 voxels done Correlation: 0.4069720476519846
Network 6 - Default Mode: 10000 voxels done Correlation: 0.42225573653626036
Network 6 - Default Mode: 15000 voxels done Correlation: 0.4183238282432974
Network 6 - Default Mode: 25000 voxels done Correlation: 0.40968042798517623
/home/fhopp/.conda/envs/mjs/lib/python3.8/site-packages/nilearn/masking.py:980: UserWarning: Data array used to create a new image contains 64-bit ints. This is likely due to creating the array with numpy and passing `int` as the `dtype`. Many tools such as FSL and SPM cannot deal with int64 in Nifti images, so for compatibility the data has been converted to int32.
  return new_img_like(mask_img, unmasked, affine)
Network 7 - Subcortical: 50 voxels done Correlation: 0.0787795055961001
Network 7 - Subcortical: 150 voxels done Correlation: 0.19247327306351933
Network 7 - Subcortical: 250 voxels done Correlation: 0.19766135480907857
Network 7 - Subcortical: 500 voxels done Correlation: 0.24592433720937934
Network 7 - Subcortical: 750 voxels done Correlation: 0.30428577751422936
Network 7 - Subcortical: 1000 voxels done Correlation: 0.2214375497387579
Network 7 - Subcortical: 1500 voxels done Correlation: 0.19194705711243812
Network 7 - Subcortical: 3000 voxels done Correlation: 0.18760870882363145
Network 7 - Subcortical: 5000 voxels done Correlation: 0.1652123113290382
Network 7 - Subcortical: 6500 voxels done Correlation: 0.16368670093062285
Network 7 - Subcortical: 10000 voxels done Correlation: 0.1670671895399395
Network 8 - Consciousness: 50 voxels done Correlation: 0.1676257051801847
Network 8 - Consciousness: 150 voxels done Correlation: 0.3422060774374215
Network 8 - Consciousness: 250 voxels done Correlation: 0.3794740301512967
Network 8 - Consciousness: 500 voxels done Correlation: 0.25744388209903013
Network 8 - Consciousness: 750 voxels done Correlation: 0.35632245325507983
Network 8 - Consciousness: 1000 voxels done Correlation: 0.4257170682621867
Network 8 - Consciousness: 1500 voxels done Correlation: 0.38109451608919165
Network 8 - Consciousness: 3000 voxels done Correlation: 0.45687824392849946
Network 8 - Consciousness: 5000 voxels done Correlation: 0.4745242475258463
Network 8 - Consciousness: 6500 voxels done Correlation: 0.4624225349328452
Network 8 - Consciousness: 10000 voxels done Correlation: 0.4605538693606777
Network 8 - Consciousness: 15000 voxels done Correlation: 0.4753641407258349
Network 8 - Consciousness: 25000 voxels done Correlation: 0.4776577464763194
Network 8 - Consciousness: 50000 voxels done Correlation: 0.463487902053764
