Running job on: turing
Iteration: 95
Starting spatial evaluation...
/home/fhopp/.conda/envs/mjs/lib/python3.8/site-packages/nilearn/maskers/nifti_masker.py:110: UserWarning: imgs are being resampled to the mask_img resolution. This process is memory intensive. You might want to provide a target_affine that is equal to the affine of the imgs or resample the mask beforehand to save memory and computation time.
  warnings.warn(
/home/fhopp/.conda/envs/mjs/lib/python3.8/site-packages/nilearn/masking.py:980: UserWarning: Data array used to create a new image contains 64-bit ints. This is likely due to creating the array with numpy and passing `int` as the `dtype`. Many tools such as FSL and SPM cannot deal with int64 in Nifti images, so for compatibility the data has been converted to int32.
  return new_img_like(mask_img, unmasked, affine)
Network 0 - Visual: 50 voxels done Correlation: 0.7010503001221828
Network 0 - Visual: 150 voxels done Correlation: 0.6496997465868273
Network 0 - Visual: 250 voxels done Correlation: 0.5526984463902012
Network 0 - Visual: 500 voxels done Correlation: 0.5372555664055239
Network 0 - Visual: 750 voxels done Correlation: 0.6364920966638742
Network 0 - Visual: 1000 voxels done Correlation: 0.5669295749282206
Network 0 - Visual: 1500 voxels done Correlation: 0.625022601067964
Network 0 - Visual: 3000 voxels done Correlation: 0.6341289490621556
Network 0 - Visual: 5000 voxels done Correlation: 0.6125768759530282
Network 0 - Visual: 6500 voxels done Correlation: 0.6213114360638807
Network 0 - Visual: 10000 voxels done Correlation: 0.6265704596979558
Network 0 - Visual: 15000 voxels done Correlation: 0.6293076975598746
/home/fhopp/.conda/envs/mjs/lib/python3.8/site-packages/nilearn/masking.py:980: UserWarning: Data array used to create a new image contains 64-bit ints. This is likely due to creating the array with numpy and passing `int` as the `dtype`. Many tools such as FSL and SPM cannot deal with int64 in Nifti images, so for compatibility the data has been converted to int32.
  return new_img_like(mask_img, unmasked, affine)
Network 1 - Somatomotor: 50 voxels done Correlation: 0.25527701896999
Network 1 - Somatomotor: 150 voxels done Correlation: 0.31760396325352375
Network 1 - Somatomotor: 250 voxels done Correlation: 0.3864619614861866
Network 1 - Somatomotor: 500 voxels done Correlation: 0.34274390047098596
Network 1 - Somatomotor: 750 voxels done Correlation: 0.377777327136522
Network 1 - Somatomotor: 1000 voxels done Correlation: 0.35050504599298227
Network 1 - Somatomotor: 1500 voxels done Correlation: 0.3263881062736863
Network 1 - Somatomotor: 3000 voxels done Correlation: 0.325979495930636
Network 1 - Somatomotor: 5000 voxels done Correlation: 0.3352396189284943
Network 1 - Somatomotor: 6500 voxels done Correlation: 0.3530339905063401
Network 1 - Somatomotor: 10000 voxels done Correlation: 0.3426148531956718
Network 1 - Somatomotor: 15000 voxels done Correlation: 0.3416605651776131
/home/fhopp/.conda/envs/mjs/lib/python3.8/site-packages/nilearn/masking.py:980: UserWarning: Data array used to create a new image contains 64-bit ints. This is likely due to creating the array with numpy and passing `int` as the `dtype`. Many tools such as FSL and SPM cannot deal with int64 in Nifti images, so for compatibility the data has been converted to int32.
  return new_img_like(mask_img, unmasked, affine)
Network 2 - dAttention: 50 voxels done Correlation: 0.2282696272418204
Network 2 - dAttention: 150 voxels done Correlation: 0.30229566579556916
Network 2 - dAttention: 250 voxels done Correlation: 0.2832810682290038
Network 2 - dAttention: 500 voxels done Correlation: 0.2770786868770577
Network 2 - dAttention: 750 voxels done Correlation: 0.3268341482896904
Network 2 - dAttention: 1000 voxels done Correlation: 0.3006448620735419
Network 2 - dAttention: 1500 voxels done Correlation: 0.2795207639971692
Network 2 - dAttention: 3000 voxels done Correlation: 0.3168299227606477
Network 2 - dAttention: 5000 voxels done Correlation: 0.3508672917282467
Network 2 - dAttention: 6500 voxels done Correlation: 0.3293648537273269
Network 2 - dAttention: 10000 voxels done Correlation: 0.33271600172774596
Network 2 - dAttention: 15000 voxels done Correlation: 0.3335001028963769
/home/fhopp/.conda/envs/mjs/lib/python3.8/site-packages/nilearn/masking.py:980: UserWarning: Data array used to create a new image contains 64-bit ints. This is likely due to creating the array with numpy and passing `int` as the `dtype`. Many tools such as FSL and SPM cannot deal with int64 in Nifti images, so for compatibility the data has been converted to int32.
  return new_img_like(mask_img, unmasked, affine)
Network 3 - vAttention: 50 voxels done Correlation: 0.18528148585132237
Network 3 - vAttention: 150 voxels done Correlation: 0.3662470280326063
Network 3 - vAttention: 250 voxels done Correlation: 0.3461197603120548
Network 3 - vAttention: 500 voxels done Correlation: 0.4011556151584966
Network 3 - vAttention: 750 voxels done Correlation: 0.34884581535561265
Network 3 - vAttention: 1000 voxels done Correlation: 0.37409707865805675
Network 3 - vAttention: 1500 voxels done Correlation: 0.3727705822912445
Network 3 - vAttention: 3000 voxels done Correlation: 0.36440282409316677
Network 3 - vAttention: 5000 voxels done Correlation: 0.38182246912622536
Network 3 - vAttention: 6500 voxels done Correlation: 0.3710212843715084
Network 3 - vAttention: 10000 voxels done Correlation: 0.39597370162262724
Network 3 - vAttention: 15000 voxels done Correlation: 0.38759078414893255
/home/fhopp/.conda/envs/mjs/lib/python3.8/site-packages/nilearn/masking.py:980: UserWarning: Data array used to create a new image contains 64-bit ints. This is likely due to creating the array with numpy and passing `int` as the `dtype`. Many tools such as FSL and SPM cannot deal with int64 in Nifti images, so for compatibility the data has been converted to int32.
  return new_img_like(mask_img, unmasked, affine)
Network 4 - Limbic: 50 voxels done Correlation: 0.19355236473080328
Network 4 - Limbic: 150 voxels done Correlation: 0.16672098063503782
Network 4 - Limbic: 250 voxels done Correlation: 0.20589506263074508
Network 4 - Limbic: 500 voxels done Correlation: 0.22029930844977302
Network 4 - Limbic: 750 voxels done Correlation: 0.27179383775671806
Network 4 - Limbic: 1000 voxels done Correlation: 0.27767894255629866
Network 4 - Limbic: 1500 voxels done Correlation: 0.27203425910211854
Network 4 - Limbic: 3000 voxels done Correlation: 0.256561395995106
Network 4 - Limbic: 5000 voxels done Correlation: 0.28985576794093637
Network 4 - Limbic: 6500 voxels done Correlation: 0.2874246733291599
Network 4 - Limbic: 10000 voxels done Correlation: 0.287207734944847
/home/fhopp/.conda/envs/mjs/lib/python3.8/site-packages/nilearn/masking.py:980: UserWarning: Data array used to create a new image contains 64-bit ints. This is likely due to creating the array with numpy and passing `int` as the `dtype`. Many tools such as FSL and SPM cannot deal with int64 in Nifti images, so for compatibility the data has been converted to int32.
  return new_img_like(mask_img, unmasked, affine)
Network 5 - Frontoparietal: 50 voxels done Correlation: 0.23933886518341047
Network 5 - Frontoparietal: 150 voxels done Correlation: 0.1529360410307946
Network 5 - Frontoparietal: 250 voxels done Correlation: 0.1944100632637496
Network 5 - Frontoparietal: 500 voxels done Correlation: 0.17148910712859264
Network 5 - Frontoparietal: 750 voxels done Correlation: 0.20632260114291523
Network 5 - Frontoparietal: 1000 voxels done Correlation: 0.2512033614150438
Network 5 - Frontoparietal: 1500 voxels done Correlation: 0.22844532426721928
Network 5 - Frontoparietal: 3000 voxels done Correlation: 0.2161285244428089
Network 5 - Frontoparietal: 5000 voxels done Correlation: 0.22985772981697794
Network 5 - Frontoparietal: 6500 voxels done Correlation: 0.22399857670544482
Network 5 - Frontoparietal: 10000 voxels done Correlation: 0.23259233963380124
Network 5 - Frontoparietal: 15000 voxels done Correlation: 0.2375005190673387
/home/fhopp/.conda/envs/mjs/lib/python3.8/site-packages/nilearn/masking.py:980: UserWarning: Data array used to create a new image contains 64-bit ints. This is likely due to creating the array with numpy and passing `int` as the `dtype`. Many tools such as FSL and SPM cannot deal with int64 in Nifti images, so for compatibility the data has been converted to int32.
  return new_img_like(mask_img, unmasked, affine)
Network 6 - Default Mode: 50 voxels done Correlation: 0.3020200088745396
Network 6 - Default Mode: 150 voxels done Correlation: 0.2377264641929097
Network 6 - Default Mode: 250 voxels done Correlation: 0.38569462922349396
Network 6 - Default Mode: 500 voxels done Correlation: 0.40244171817008184
Network 6 - Default Mode: 750 voxels done Correlation: 0.36449976811639595
Network 6 - Default Mode: 1000 voxels done Correlation: 0.29943039626344226
Network 6 - Default Mode: 1500 voxels done Correlation: 0.37083207230861404
Network 6 - Default Mode: 3000 voxels done Correlation: 0.38687071310268173
Network 6 - Default Mode: 5000 voxels done Correlation: 0.40204868219264467
Network 6 - Default Mode: 6500 voxels done Correlation: 0.40277685194420276
Network 6 - Default Mode: 10000 voxels done Correlation: 0.4069429965206141
Network 6 - Default Mode: 15000 voxels done Correlation: 0.3980962508641349
Network 6 - Default Mode: 25000 voxels done Correlation: 0.41243966441051716
/home/fhopp/.conda/envs/mjs/lib/python3.8/site-packages/nilearn/masking.py:980: UserWarning: Data array used to create a new image contains 64-bit ints. This is likely due to creating the array with numpy and passing `int` as the `dtype`. Many tools such as FSL and SPM cannot deal with int64 in Nifti images, so for compatibility the data has been converted to int32.
  return new_img_like(mask_img, unmasked, affine)
Network 7 - Subcortical: 50 voxels done Correlation: 0.14549941303604733
Network 7 - Subcortical: 150 voxels done Correlation: 0.2025512108288831
Network 7 - Subcortical: 250 voxels done Correlation: 0.16178047483506272
Network 7 - Subcortical: 500 voxels done Correlation: 0.2393812068515475
Network 7 - Subcortical: 750 voxels done Correlation: 0.25267925394540947
Network 7 - Subcortical: 1000 voxels done Correlation: 0.22490445468082124
Network 7 - Subcortical: 1500 voxels done Correlation: 0.19549565700722246
Network 7 - Subcortical: 3000 voxels done Correlation: 0.1640265316656864
Network 7 - Subcortical: 5000 voxels done Correlation: 0.16149905706795523
Network 7 - Subcortical: 6500 voxels done Correlation: 0.17113802670265507
Network 7 - Subcortical: 10000 voxels done Correlation: 0.16526015439508512
Network 8 - Consciousness: 50 voxels done Correlation: 0.3262993206194316
Network 8 - Consciousness: 150 voxels done Correlation: 0.3547041761981896
Network 8 - Consciousness: 250 voxels done Correlation: 0.40352581583410335
Network 8 - Consciousness: 500 voxels done Correlation: 0.34265407153948285
Network 8 - Consciousness: 750 voxels done Correlation: 0.3920926306038008
Network 8 - Consciousness: 1000 voxels done Correlation: 0.44281391568012757
Network 8 - Consciousness: 1500 voxels done Correlation: 0.4239112107743307
Network 8 - Consciousness: 3000 voxels done Correlation: 0.43800530190937403
Network 8 - Consciousness: 5000 voxels done Correlation: 0.4719401887296878
Network 8 - Consciousness: 6500 voxels done Correlation: 0.4624873860453417
Network 8 - Consciousness: 10000 voxels done Correlation: 0.46764729445933023
Network 8 - Consciousness: 15000 voxels done Correlation: 0.46001305668338766
Network 8 - Consciousness: 25000 voxels done Correlation: 0.43490348057759565
Network 8 - Consciousness: 50000 voxels done Correlation: 0.46533256277411283
