Running job on: ada
Iteration: 746
Starting spatial evaluation...
/home/fhopp/.conda/envs/mjs/lib/python3.8/site-packages/nilearn/maskers/nifti_masker.py:110: UserWarning: imgs are being resampled to the mask_img resolution. This process is memory intensive. You might want to provide a target_affine that is equal to the affine of the imgs or resample the mask beforehand to save memory and computation time.
  warnings.warn(
/home/fhopp/.conda/envs/mjs/lib/python3.8/site-packages/nilearn/masking.py:980: UserWarning: Data array used to create a new image contains 64-bit ints. This is likely due to creating the array with numpy and passing `int` as the `dtype`. Many tools such as FSL and SPM cannot deal with int64 in Nifti images, so for compatibility the data has been converted to int32.
  return new_img_like(mask_img, unmasked, affine)
Network 0 - Visual: 50 voxels done Correlation: 0.5960227361746073
Network 0 - Visual: 150 voxels done Correlation: 0.6418800735165879
Network 0 - Visual: 250 voxels done Correlation: 0.6106702506433042
Network 0 - Visual: 500 voxels done Correlation: 0.628760079281834
Network 0 - Visual: 750 voxels done Correlation: 0.5756319785255166
Network 0 - Visual: 1000 voxels done Correlation: 0.5959975738318537
Network 0 - Visual: 1500 voxels done Correlation: 0.6187947835895079
Network 0 - Visual: 3000 voxels done Correlation: 0.6155380378025506
Network 0 - Visual: 5000 voxels done Correlation: 0.6196522133960676
Network 0 - Visual: 6500 voxels done Correlation: 0.6318201751243419
Network 0 - Visual: 10000 voxels done Correlation: 0.6374446423201272
Network 0 - Visual: 15000 voxels done Correlation: 0.6305566242475454
/home/fhopp/.conda/envs/mjs/lib/python3.8/site-packages/nilearn/masking.py:980: UserWarning: Data array used to create a new image contains 64-bit ints. This is likely due to creating the array with numpy and passing `int` as the `dtype`. Many tools such as FSL and SPM cannot deal with int64 in Nifti images, so for compatibility the data has been converted to int32.
  return new_img_like(mask_img, unmasked, affine)
Network 1 - Somatomotor: 50 voxels done Correlation: 0.12339335443315752
Network 1 - Somatomotor: 150 voxels done Correlation: 0.3171964762358117
Network 1 - Somatomotor: 250 voxels done Correlation: 0.3306335084381383
Network 1 - Somatomotor: 500 voxels done Correlation: 0.3239613547210512
Network 1 - Somatomotor: 750 voxels done Correlation: 0.3553995738546333
Network 1 - Somatomotor: 1000 voxels done Correlation: 0.36448735330102433
Network 1 - Somatomotor: 1500 voxels done Correlation: 0.38286579636873963
Network 1 - Somatomotor: 3000 voxels done Correlation: 0.32762473277995074
Network 1 - Somatomotor: 5000 voxels done Correlation: 0.35717045073228204
Network 1 - Somatomotor: 6500 voxels done Correlation: 0.35056632612667393
Network 1 - Somatomotor: 10000 voxels done Correlation: 0.34599269578899533
Network 1 - Somatomotor: 15000 voxels done Correlation: 0.3450855489667888
/home/fhopp/.conda/envs/mjs/lib/python3.8/site-packages/nilearn/masking.py:980: UserWarning: Data array used to create a new image contains 64-bit ints. This is likely due to creating the array with numpy and passing `int` as the `dtype`. Many tools such as FSL and SPM cannot deal with int64 in Nifti images, so for compatibility the data has been converted to int32.
  return new_img_like(mask_img, unmasked, affine)
Network 2 - dAttention: 50 voxels done Correlation: 0.27864689015804295
Network 2 - dAttention: 150 voxels done Correlation: 0.3209949448298151
Network 2 - dAttention: 250 voxels done Correlation: 0.3563632212598721
Network 2 - dAttention: 500 voxels done Correlation: 0.3355324503250181
Network 2 - dAttention: 750 voxels done Correlation: 0.28122685229114464
Network 2 - dAttention: 1000 voxels done Correlation: 0.2822619926162357
Network 2 - dAttention: 1500 voxels done Correlation: 0.3272444614677133
Network 2 - dAttention: 3000 voxels done Correlation: 0.3332494971878278
Network 2 - dAttention: 5000 voxels done Correlation: 0.32299286599065996
Network 2 - dAttention: 6500 voxels done Correlation: 0.3279693190649706
Network 2 - dAttention: 10000 voxels done Correlation: 0.3270424371546645
Network 2 - dAttention: 15000 voxels done Correlation: 0.3323510962210128
/home/fhopp/.conda/envs/mjs/lib/python3.8/site-packages/nilearn/masking.py:980: UserWarning: Data array used to create a new image contains 64-bit ints. This is likely due to creating the array with numpy and passing `int` as the `dtype`. Many tools such as FSL and SPM cannot deal with int64 in Nifti images, so for compatibility the data has been converted to int32.
  return new_img_like(mask_img, unmasked, affine)
Network 3 - vAttention: 50 voxels done Correlation: 0.26813852557483364
Network 3 - vAttention: 150 voxels done Correlation: 0.37792832222183015
Network 3 - vAttention: 250 voxels done Correlation: 0.2506504278868551
Network 3 - vAttention: 500 voxels done Correlation: 0.32541058176548887
Network 3 - vAttention: 750 voxels done Correlation: 0.3612797390149201
Network 3 - vAttention: 1000 voxels done Correlation: 0.3781324548680277
Network 3 - vAttention: 1500 voxels done Correlation: 0.3334997688384654
Network 3 - vAttention: 3000 voxels done Correlation: 0.3715829586150513
Network 3 - vAttention: 5000 voxels done Correlation: 0.37853432024139577
Network 3 - vAttention: 6500 voxels done Correlation: 0.38049090939727626
Network 3 - vAttention: 10000 voxels done Correlation: 0.39621622957944524
Network 3 - vAttention: 15000 voxels done Correlation: 0.3883210550968954
/home/fhopp/.conda/envs/mjs/lib/python3.8/site-packages/nilearn/masking.py:980: UserWarning: Data array used to create a new image contains 64-bit ints. This is likely due to creating the array with numpy and passing `int` as the `dtype`. Many tools such as FSL and SPM cannot deal with int64 in Nifti images, so for compatibility the data has been converted to int32.
  return new_img_like(mask_img, unmasked, affine)
Network 4 - Limbic: 50 voxels done Correlation: 0.211632872928058
Network 4 - Limbic: 150 voxels done Correlation: 0.2121329430293793
Network 4 - Limbic: 250 voxels done Correlation: 0.3089032274653355
Network 4 - Limbic: 500 voxels done Correlation: 0.3026246326648451
Network 4 - Limbic: 750 voxels done Correlation: 0.28622253723607427
Network 4 - Limbic: 1000 voxels done Correlation: 0.2474198792317115
Network 4 - Limbic: 1500 voxels done Correlation: 0.26410213244518727
Network 4 - Limbic: 3000 voxels done Correlation: 0.29314824422255403
Network 4 - Limbic: 5000 voxels done Correlation: 0.2855769794411154
Network 4 - Limbic: 6500 voxels done Correlation: 0.2726943898739226
Network 4 - Limbic: 10000 voxels done Correlation: 0.2825901618024412
/home/fhopp/.conda/envs/mjs/lib/python3.8/site-packages/nilearn/masking.py:980: UserWarning: Data array used to create a new image contains 64-bit ints. This is likely due to creating the array with numpy and passing `int` as the `dtype`. Many tools such as FSL and SPM cannot deal with int64 in Nifti images, so for compatibility the data has been converted to int32.
  return new_img_like(mask_img, unmasked, affine)
Network 5 - Frontoparietal: 50 voxels done Correlation: 0.13050478955512043
Network 5 - Frontoparietal: 150 voxels done Correlation: 0.18130377116511526
Network 5 - Frontoparietal: 250 voxels done Correlation: 0.13501230107298215
Network 5 - Frontoparietal: 500 voxels done Correlation: 0.20669272863413324
Network 5 - Frontoparietal: 750 voxels done Correlation: 0.2154154375004188
Network 5 - Frontoparietal: 1000 voxels done Correlation: 0.199723970261602
Network 5 - Frontoparietal: 1500 voxels done Correlation: 0.24563348350951253
Network 5 - Frontoparietal: 3000 voxels done Correlation: 0.22334878796804924
Network 5 - Frontoparietal: 5000 voxels done Correlation: 0.23874940329127867
Network 5 - Frontoparietal: 6500 voxels done Correlation: 0.2244820926435187
Network 5 - Frontoparietal: 10000 voxels done Correlation: 0.24212615430359957
Network 5 - Frontoparietal: 15000 voxels done Correlation: 0.24079156323249312
/home/fhopp/.conda/envs/mjs/lib/python3.8/site-packages/nilearn/masking.py:980: UserWarning: Data array used to create a new image contains 64-bit ints. This is likely due to creating the array with numpy and passing `int` as the `dtype`. Many tools such as FSL and SPM cannot deal with int64 in Nifti images, so for compatibility the data has been converted to int32.
  return new_img_like(mask_img, unmasked, affine)
Network 6 - Default Mode: 50 voxels done Correlation: 0.2693263872198161
Network 6 - Default Mode: 150 voxels done Correlation: 0.26984216679571493
Network 6 - Default Mode: 250 voxels done Correlation: 0.30235221411921553
Network 6 - Default Mode: 500 voxels done Correlation: 0.40676043678292506
Network 6 - Default Mode: 750 voxels done Correlation: 0.3682539604447008
Network 6 - Default Mode: 1000 voxels done Correlation: 0.33011892688439615
Network 6 - Default Mode: 1500 voxels done Correlation: 0.38710659164835676
Network 6 - Default Mode: 3000 voxels done Correlation: 0.38879322915785575
Network 6 - Default Mode: 5000 voxels done Correlation: 0.3918943951875938
Network 6 - Default Mode: 6500 voxels done Correlation: 0.41016571382072203
Network 6 - Default Mode: 10000 voxels done Correlation: 0.4126337488809043
Network 6 - Default Mode: 15000 voxels done Correlation: 0.40702167100882325
Network 6 - Default Mode: 25000 voxels done Correlation: 0.4147450794037104
/home/fhopp/.conda/envs/mjs/lib/python3.8/site-packages/nilearn/masking.py:980: UserWarning: Data array used to create a new image contains 64-bit ints. This is likely due to creating the array with numpy and passing `int` as the `dtype`. Many tools such as FSL and SPM cannot deal with int64 in Nifti images, so for compatibility the data has been converted to int32.
  return new_img_like(mask_img, unmasked, affine)
Network 7 - Subcortical: 50 voxels done Correlation: 0.12353832862900391
Network 7 - Subcortical: 150 voxels done Correlation: 0.22656934890789535
Network 7 - Subcortical: 250 voxels done Correlation: 0.12049766623477229
Network 7 - Subcortical: 500 voxels done Correlation: 0.2169754510111821
Network 7 - Subcortical: 750 voxels done Correlation: 0.278517465830341
Network 7 - Subcortical: 1000 voxels done Correlation: 0.2612029924614775
Network 7 - Subcortical: 1500 voxels done Correlation: 0.20788873922516243
Network 7 - Subcortical: 3000 voxels done Correlation: 0.18489344738768732
Network 7 - Subcortical: 5000 voxels done Correlation: 0.1505703286337971
Network 7 - Subcortical: 6500 voxels done Correlation: 0.1601421623664807
Network 7 - Subcortical: 10000 voxels done Correlation: 0.16562774604065222
Network 8 - Consciousness: 50 voxels done Correlation: 0.3262833721427264
Network 8 - Consciousness: 150 voxels done Correlation: 0.4076744731614643
Network 8 - Consciousness: 250 voxels done Correlation: 0.415633795215826
Network 8 - Consciousness: 500 voxels done Correlation: 0.3652972984962561
Network 8 - Consciousness: 750 voxels done Correlation: 0.4044640747592461
Network 8 - Consciousness: 1000 voxels done Correlation: 0.4009640950382136
Network 8 - Consciousness: 1500 voxels done Correlation: 0.39521210368160425
Network 8 - Consciousness: 3000 voxels done Correlation: 0.46713394762628724
Network 8 - Consciousness: 5000 voxels done Correlation: 0.4665891780080594
Network 8 - Consciousness: 6500 voxels done Correlation: 0.4623135706790482
Network 8 - Consciousness: 10000 voxels done Correlation: 0.4598925201784356
Network 8 - Consciousness: 15000 voxels done Correlation: 0.44814951046014273
Network 8 - Consciousness: 25000 voxels done Correlation: 0.45810752534315047
Network 8 - Consciousness: 50000 voxels done Correlation: 0.4647655620698328
