Running job on: cox
Iteration: 232
Starting spatial evaluation...
/home/fhopp/.conda/envs/mjs/lib/python3.8/site-packages/nilearn/maskers/nifti_masker.py:110: UserWarning: imgs are being resampled to the mask_img resolution. This process is memory intensive. You might want to provide a target_affine that is equal to the affine of the imgs or resample the mask beforehand to save memory and computation time.
  warnings.warn(
/home/fhopp/.conda/envs/mjs/lib/python3.8/site-packages/nilearn/masking.py:980: UserWarning: Data array used to create a new image contains 64-bit ints. This is likely due to creating the array with numpy and passing `int` as the `dtype`. Many tools such as FSL and SPM cannot deal with int64 in Nifti images, so for compatibility the data has been converted to int32.
  return new_img_like(mask_img, unmasked, affine)
Network 0 - Visual: 50 voxels done Correlation: 0.58929635965749
Network 0 - Visual: 150 voxels done Correlation: 0.5992659583453949
Network 0 - Visual: 250 voxels done Correlation: 0.6416509677675825
Network 0 - Visual: 500 voxels done Correlation: 0.60902401537937
Network 0 - Visual: 750 voxels done Correlation: 0.5640623527656019
Network 0 - Visual: 1000 voxels done Correlation: 0.5860103249433807
Network 0 - Visual: 1500 voxels done Correlation: 0.604225586073724
Network 0 - Visual: 3000 voxels done Correlation: 0.6277476418088773
Network 0 - Visual: 5000 voxels done Correlation: 0.6266636564315156
Network 0 - Visual: 6500 voxels done Correlation: 0.6413762790387182
Network 0 - Visual: 10000 voxels done Correlation: 0.6305318946679186
Network 0 - Visual: 15000 voxels done Correlation: 0.6359573144621052
/home/fhopp/.conda/envs/mjs/lib/python3.8/site-packages/nilearn/masking.py:980: UserWarning: Data array used to create a new image contains 64-bit ints. This is likely due to creating the array with numpy and passing `int` as the `dtype`. Many tools such as FSL and SPM cannot deal with int64 in Nifti images, so for compatibility the data has been converted to int32.
  return new_img_like(mask_img, unmasked, affine)
Network 1 - Somatomotor: 50 voxels done Correlation: 0.22878739965070913
Network 1 - Somatomotor: 150 voxels done Correlation: 0.2866886268076587
Network 1 - Somatomotor: 250 voxels done Correlation: 0.3190472330101669
Network 1 - Somatomotor: 500 voxels done Correlation: 0.32148889332324915
Network 1 - Somatomotor: 750 voxels done Correlation: 0.34072057521767307
Network 1 - Somatomotor: 1000 voxels done Correlation: 0.317833626145945
Network 1 - Somatomotor: 1500 voxels done Correlation: 0.3562837695337765
Network 1 - Somatomotor: 3000 voxels done Correlation: 0.3469457738143847
Network 1 - Somatomotor: 5000 voxels done Correlation: 0.3483341929346314
Network 1 - Somatomotor: 6500 voxels done Correlation: 0.34348582473566214
Network 1 - Somatomotor: 10000 voxels done Correlation: 0.33816219098752076
Network 1 - Somatomotor: 15000 voxels done Correlation: 0.34469826585339214
/home/fhopp/.conda/envs/mjs/lib/python3.8/site-packages/nilearn/masking.py:980: UserWarning: Data array used to create a new image contains 64-bit ints. This is likely due to creating the array with numpy and passing `int` as the `dtype`. Many tools such as FSL and SPM cannot deal with int64 in Nifti images, so for compatibility the data has been converted to int32.
  return new_img_like(mask_img, unmasked, affine)
Network 2 - dAttention: 50 voxels done Correlation: 0.18198397209505024
Network 2 - dAttention: 150 voxels done Correlation: 0.30111518996580744
Network 2 - dAttention: 250 voxels done Correlation: 0.31750231346688473
Network 2 - dAttention: 500 voxels done Correlation: 0.29470546534924646
Network 2 - dAttention: 750 voxels done Correlation: 0.3299308237145451
Network 2 - dAttention: 1000 voxels done Correlation: 0.26699425941748745
Network 2 - dAttention: 1500 voxels done Correlation: 0.34514901177355484
Network 2 - dAttention: 3000 voxels done Correlation: 0.3187789672354579
Network 2 - dAttention: 5000 voxels done Correlation: 0.3252099712256286
Network 2 - dAttention: 6500 voxels done Correlation: 0.31629797111967195
Network 2 - dAttention: 10000 voxels done Correlation: 0.3310611698046182
Network 2 - dAttention: 15000 voxels done Correlation: 0.33442444479334976
/home/fhopp/.conda/envs/mjs/lib/python3.8/site-packages/nilearn/masking.py:980: UserWarning: Data array used to create a new image contains 64-bit ints. This is likely due to creating the array with numpy and passing `int` as the `dtype`. Many tools such as FSL and SPM cannot deal with int64 in Nifti images, so for compatibility the data has been converted to int32.
  return new_img_like(mask_img, unmasked, affine)
Network 3 - vAttention: 50 voxels done Correlation: 0.24985627308407216
Network 3 - vAttention: 150 voxels done Correlation: 0.35201586996911904
Network 3 - vAttention: 250 voxels done Correlation: 0.3696320467230873
Network 3 - vAttention: 500 voxels done Correlation: 0.3700306874323408
Network 3 - vAttention: 750 voxels done Correlation: 0.3109885941437435
Network 3 - vAttention: 1000 voxels done Correlation: 0.31324295482839015
Network 3 - vAttention: 1500 voxels done Correlation: 0.358332952505793
Network 3 - vAttention: 3000 voxels done Correlation: 0.3624508397315248
Network 3 - vAttention: 5000 voxels done Correlation: 0.3833956961306587
Network 3 - vAttention: 6500 voxels done Correlation: 0.3791933576003692
Network 3 - vAttention: 10000 voxels done Correlation: 0.39110428262594016
Network 3 - vAttention: 15000 voxels done Correlation: 0.3896593530405301
/home/fhopp/.conda/envs/mjs/lib/python3.8/site-packages/nilearn/masking.py:980: UserWarning: Data array used to create a new image contains 64-bit ints. This is likely due to creating the array with numpy and passing `int` as the `dtype`. Many tools such as FSL and SPM cannot deal with int64 in Nifti images, so for compatibility the data has been converted to int32.
  return new_img_like(mask_img, unmasked, affine)
Network 4 - Limbic: 50 voxels done Correlation: 0.09546165971029277
Network 4 - Limbic: 150 voxels done Correlation: 0.2693874675367339
Network 4 - Limbic: 250 voxels done Correlation: 0.24711550931102372
Network 4 - Limbic: 500 voxels done Correlation: 0.2944250029843163
Network 4 - Limbic: 750 voxels done Correlation: 0.2154409801296046
Network 4 - Limbic: 1000 voxels done Correlation: 0.2759628242079545
Network 4 - Limbic: 1500 voxels done Correlation: 0.26207260990506054
Network 4 - Limbic: 3000 voxels done Correlation: 0.29366768066352034
Network 4 - Limbic: 5000 voxels done Correlation: 0.2615353236407816
Network 4 - Limbic: 6500 voxels done Correlation: 0.28615353273734656
Network 4 - Limbic: 10000 voxels done Correlation: 0.28496159026104695
/home/fhopp/.conda/envs/mjs/lib/python3.8/site-packages/nilearn/masking.py:980: UserWarning: Data array used to create a new image contains 64-bit ints. This is likely due to creating the array with numpy and passing `int` as the `dtype`. Many tools such as FSL and SPM cannot deal with int64 in Nifti images, so for compatibility the data has been converted to int32.
  return new_img_like(mask_img, unmasked, affine)
Network 5 - Frontoparietal: 50 voxels done Correlation: 0.18071109754671355
Network 5 - Frontoparietal: 150 voxels done Correlation: 0.20174832233630488
Network 5 - Frontoparietal: 250 voxels done Correlation: 0.1375901241677161
Network 5 - Frontoparietal: 500 voxels done Correlation: 0.2226457169528045
Network 5 - Frontoparietal: 750 voxels done Correlation: 0.2314819344615553
Network 5 - Frontoparietal: 1000 voxels done Correlation: 0.2360592234352929
Network 5 - Frontoparietal: 1500 voxels done Correlation: 0.19308760018114757
Network 5 - Frontoparietal: 3000 voxels done Correlation: 0.2306023268963871
Network 5 - Frontoparietal: 5000 voxels done Correlation: 0.21637953938045362
Network 5 - Frontoparietal: 6500 voxels done Correlation: 0.2422248663916926
Network 5 - Frontoparietal: 10000 voxels done Correlation: 0.2338300508709483
Network 5 - Frontoparietal: 15000 voxels done Correlation: 0.23498530244237895
/home/fhopp/.conda/envs/mjs/lib/python3.8/site-packages/nilearn/masking.py:980: UserWarning: Data array used to create a new image contains 64-bit ints. This is likely due to creating the array with numpy and passing `int` as the `dtype`. Many tools such as FSL and SPM cannot deal with int64 in Nifti images, so for compatibility the data has been converted to int32.
  return new_img_like(mask_img, unmasked, affine)
Network 6 - Default Mode: 50 voxels done Correlation: 0.21867348308462764
Network 6 - Default Mode: 150 voxels done Correlation: 0.35531400614536046
Network 6 - Default Mode: 250 voxels done Correlation: 0.33841219575592607
Network 6 - Default Mode: 500 voxels done Correlation: 0.3432764198021927
Network 6 - Default Mode: 750 voxels done Correlation: 0.3636647222210155
Network 6 - Default Mode: 1000 voxels done Correlation: 0.4045303278436425
Network 6 - Default Mode: 1500 voxels done Correlation: 0.3791501512200809
Network 6 - Default Mode: 3000 voxels done Correlation: 0.37475037615313717
Network 6 - Default Mode: 5000 voxels done Correlation: 0.4035987041598854
Network 6 - Default Mode: 6500 voxels done Correlation: 0.41353587402195335
Network 6 - Default Mode: 10000 voxels done Correlation: 0.41435183717296853
Network 6 - Default Mode: 15000 voxels done Correlation: 0.40107380910543755
Network 6 - Default Mode: 25000 voxels done Correlation: 0.40906135669133203
/home/fhopp/.conda/envs/mjs/lib/python3.8/site-packages/nilearn/masking.py:980: UserWarning: Data array used to create a new image contains 64-bit ints. This is likely due to creating the array with numpy and passing `int` as the `dtype`. Many tools such as FSL and SPM cannot deal with int64 in Nifti images, so for compatibility the data has been converted to int32.
  return new_img_like(mask_img, unmasked, affine)
Network 7 - Subcortical: 50 voxels done Correlation: 0.14455983620622684
Network 7 - Subcortical: 150 voxels done Correlation: 0.251046493296489
Network 7 - Subcortical: 250 voxels done Correlation: 0.1800159934720715
Network 7 - Subcortical: 500 voxels done Correlation: 0.20730652378447867
Network 7 - Subcortical: 750 voxels done Correlation: 0.23611498074531576
Network 7 - Subcortical: 1000 voxels done Correlation: 0.25406164011441457
Network 7 - Subcortical: 1500 voxels done Correlation: 0.21677218929489467
Network 7 - Subcortical: 3000 voxels done Correlation: 0.18168425439664826
Network 7 - Subcortical: 5000 voxels done Correlation: 0.18079149431842945
Network 7 - Subcortical: 6500 voxels done Correlation: 0.162995162614666
Network 7 - Subcortical: 10000 voxels done Correlation: 0.16220791587047872
Network 8 - Consciousness: 50 voxels done Correlation: 0.22442106463088538
Network 8 - Consciousness: 150 voxels done Correlation: 0.312890585903134
Network 8 - Consciousness: 250 voxels done Correlation: 0.4547916521653744
Network 8 - Consciousness: 500 voxels done Correlation: 0.3637525396306238
Network 8 - Consciousness: 750 voxels done Correlation: 0.44236167362440965
Network 8 - Consciousness: 1000 voxels done Correlation: 0.3872319851536651
Network 8 - Consciousness: 1500 voxels done Correlation: 0.37819773490040764
Network 8 - Consciousness: 3000 voxels done Correlation: 0.4448830153475851
Network 8 - Consciousness: 5000 voxels done Correlation: 0.4438485152892569
Network 8 - Consciousness: 6500 voxels done Correlation: 0.49470490108989174
Network 8 - Consciousness: 10000 voxels done Correlation: 0.4405455023116309
Network 8 - Consciousness: 15000 voxels done Correlation: 0.47603850146009175
Network 8 - Consciousness: 25000 voxels done Correlation: 0.4613522214712746
Network 8 - Consciousness: 50000 voxels done Correlation: 0.4650908676458937
