Running job on: ada
Iteration: 316
Starting spatial evaluation...
/home/fhopp/.conda/envs/mjs/lib/python3.8/site-packages/nilearn/maskers/nifti_masker.py:110: UserWarning: imgs are being resampled to the mask_img resolution. This process is memory intensive. You might want to provide a target_affine that is equal to the affine of the imgs or resample the mask beforehand to save memory and computation time.
  warnings.warn(
/home/fhopp/.conda/envs/mjs/lib/python3.8/site-packages/nilearn/masking.py:980: UserWarning: Data array used to create a new image contains 64-bit ints. This is likely due to creating the array with numpy and passing `int` as the `dtype`. Many tools such as FSL and SPM cannot deal with int64 in Nifti images, so for compatibility the data has been converted to int32.
  return new_img_like(mask_img, unmasked, affine)
Network 0 - Visual: 50 voxels done Correlation: 0.5930936480378421
Network 0 - Visual: 150 voxels done Correlation: 0.6032091908959462
Network 0 - Visual: 250 voxels done Correlation: 0.5987718305925032
Network 0 - Visual: 500 voxels done Correlation: 0.5658414721184877
Network 0 - Visual: 750 voxels done Correlation: 0.5785040028451089
Network 0 - Visual: 1000 voxels done Correlation: 0.5609406555619014
Network 0 - Visual: 1500 voxels done Correlation: 0.6075083138142617
Network 0 - Visual: 3000 voxels done Correlation: 0.6313972980973068
Network 0 - Visual: 5000 voxels done Correlation: 0.6271307001201829
Network 0 - Visual: 6500 voxels done Correlation: 0.6345315662646586
Network 0 - Visual: 10000 voxels done Correlation: 0.6297690733745454
Network 0 - Visual: 15000 voxels done Correlation: 0.6274043036099519
/home/fhopp/.conda/envs/mjs/lib/python3.8/site-packages/nilearn/masking.py:980: UserWarning: Data array used to create a new image contains 64-bit ints. This is likely due to creating the array with numpy and passing `int` as the `dtype`. Many tools such as FSL and SPM cannot deal with int64 in Nifti images, so for compatibility the data has been converted to int32.
  return new_img_like(mask_img, unmasked, affine)
Network 1 - Somatomotor: 50 voxels done Correlation: 0.36597179027614146
Network 1 - Somatomotor: 150 voxels done Correlation: 0.133439409588708
Network 1 - Somatomotor: 250 voxels done Correlation: 0.3089831993556722
Network 1 - Somatomotor: 500 voxels done Correlation: 0.3421745461645167
Network 1 - Somatomotor: 750 voxels done Correlation: 0.3099746547476594
Network 1 - Somatomotor: 1000 voxels done Correlation: 0.3277118701395109
Network 1 - Somatomotor: 1500 voxels done Correlation: 0.3571654205946154
Network 1 - Somatomotor: 3000 voxels done Correlation: 0.3444429798617976
Network 1 - Somatomotor: 5000 voxels done Correlation: 0.3525900338753055
Network 1 - Somatomotor: 6500 voxels done Correlation: 0.33338735953291276
Network 1 - Somatomotor: 10000 voxels done Correlation: 0.3578292559349404
Network 1 - Somatomotor: 15000 voxels done Correlation: 0.3456589776147133
/home/fhopp/.conda/envs/mjs/lib/python3.8/site-packages/nilearn/masking.py:980: UserWarning: Data array used to create a new image contains 64-bit ints. This is likely due to creating the array with numpy and passing `int` as the `dtype`. Many tools such as FSL and SPM cannot deal with int64 in Nifti images, so for compatibility the data has been converted to int32.
  return new_img_like(mask_img, unmasked, affine)
Network 2 - dAttention: 50 voxels done Correlation: 0.20900612325056706
Network 2 - dAttention: 150 voxels done Correlation: 0.28695156221446416
Network 2 - dAttention: 250 voxels done Correlation: 0.21144061767775701
Network 2 - dAttention: 500 voxels done Correlation: 0.3724122764600124
Network 2 - dAttention: 750 voxels done Correlation: 0.343633729813444
Network 2 - dAttention: 1000 voxels done Correlation: 0.28316532746750667
Network 2 - dAttention: 1500 voxels done Correlation: 0.33478225295786035
Network 2 - dAttention: 3000 voxels done Correlation: 0.30217646994163505
Network 2 - dAttention: 5000 voxels done Correlation: 0.33110996910019613
Network 2 - dAttention: 6500 voxels done Correlation: 0.31138736482569274
Network 2 - dAttention: 10000 voxels done Correlation: 0.33293326765389797
Network 2 - dAttention: 15000 voxels done Correlation: 0.3316901392304351
/home/fhopp/.conda/envs/mjs/lib/python3.8/site-packages/nilearn/masking.py:980: UserWarning: Data array used to create a new image contains 64-bit ints. This is likely due to creating the array with numpy and passing `int` as the `dtype`. Many tools such as FSL and SPM cannot deal with int64 in Nifti images, so for compatibility the data has been converted to int32.
  return new_img_like(mask_img, unmasked, affine)
Network 3 - vAttention: 50 voxels done Correlation: 0.2461718770982723
Network 3 - vAttention: 150 voxels done Correlation: 0.3036909744216991
Network 3 - vAttention: 250 voxels done Correlation: 0.28588168555186777
Network 3 - vAttention: 500 voxels done Correlation: 0.3584407798122283
Network 3 - vAttention: 750 voxels done Correlation: 0.35826534527028153
Network 3 - vAttention: 1000 voxels done Correlation: 0.3080115786841561
Network 3 - vAttention: 1500 voxels done Correlation: 0.3646069762136488
Network 3 - vAttention: 3000 voxels done Correlation: 0.39214606587396494
Network 3 - vAttention: 5000 voxels done Correlation: 0.38519247675047175
Network 3 - vAttention: 6500 voxels done Correlation: 0.4058996351291697
Network 3 - vAttention: 10000 voxels done Correlation: 0.392170152654294
Network 3 - vAttention: 15000 voxels done Correlation: 0.3874638884991794
/home/fhopp/.conda/envs/mjs/lib/python3.8/site-packages/nilearn/masking.py:980: UserWarning: Data array used to create a new image contains 64-bit ints. This is likely due to creating the array with numpy and passing `int` as the `dtype`. Many tools such as FSL and SPM cannot deal with int64 in Nifti images, so for compatibility the data has been converted to int32.
  return new_img_like(mask_img, unmasked, affine)
Network 4 - Limbic: 50 voxels done Correlation: 0.1908958320098418
Network 4 - Limbic: 150 voxels done Correlation: 0.20934513390236864
Network 4 - Limbic: 250 voxels done Correlation: 0.22646759576545322
Network 4 - Limbic: 500 voxels done Correlation: 0.2425813775200223
Network 4 - Limbic: 750 voxels done Correlation: 0.2623537625107586
Network 4 - Limbic: 1000 voxels done Correlation: 0.285416633184385
Network 4 - Limbic: 1500 voxels done Correlation: 0.2390111068976646
Network 4 - Limbic: 3000 voxels done Correlation: 0.2913270348860606
Network 4 - Limbic: 5000 voxels done Correlation: 0.26615238998838187
Network 4 - Limbic: 6500 voxels done Correlation: 0.27676282112313294
Network 4 - Limbic: 10000 voxels done Correlation: 0.2837758082769554
/home/fhopp/.conda/envs/mjs/lib/python3.8/site-packages/nilearn/masking.py:980: UserWarning: Data array used to create a new image contains 64-bit ints. This is likely due to creating the array with numpy and passing `int` as the `dtype`. Many tools such as FSL and SPM cannot deal with int64 in Nifti images, so for compatibility the data has been converted to int32.
  return new_img_like(mask_img, unmasked, affine)
Network 5 - Frontoparietal: 50 voxels done Correlation: 0.1624644103017175
Network 5 - Frontoparietal: 150 voxels done Correlation: 0.20355125761788212
Network 5 - Frontoparietal: 250 voxels done Correlation: 0.2780841374925504
Network 5 - Frontoparietal: 500 voxels done Correlation: 0.21820910962367315
Network 5 - Frontoparietal: 750 voxels done Correlation: 0.2381634736576964
Network 5 - Frontoparietal: 1000 voxels done Correlation: 0.20662748771239012
Network 5 - Frontoparietal: 1500 voxels done Correlation: 0.22579784684338106
Network 5 - Frontoparietal: 3000 voxels done Correlation: 0.23497704592432228
Network 5 - Frontoparietal: 5000 voxels done Correlation: 0.23904038072120265
Network 5 - Frontoparietal: 6500 voxels done Correlation: 0.22833992177324453
Network 5 - Frontoparietal: 10000 voxels done Correlation: 0.24218416647415295
Network 5 - Frontoparietal: 15000 voxels done Correlation: 0.2386241475710562
/home/fhopp/.conda/envs/mjs/lib/python3.8/site-packages/nilearn/masking.py:980: UserWarning: Data array used to create a new image contains 64-bit ints. This is likely due to creating the array with numpy and passing `int` as the `dtype`. Many tools such as FSL and SPM cannot deal with int64 in Nifti images, so for compatibility the data has been converted to int32.
  return new_img_like(mask_img, unmasked, affine)
Network 6 - Default Mode: 50 voxels done Correlation: 0.3947573340487579
Network 6 - Default Mode: 150 voxels done Correlation: 0.4111553800421736
Network 6 - Default Mode: 250 voxels done Correlation: 0.32644785662330733
Network 6 - Default Mode: 500 voxels done Correlation: 0.3040767122550744
Network 6 - Default Mode: 750 voxels done Correlation: 0.36466328811079685
Network 6 - Default Mode: 1000 voxels done Correlation: 0.3720196741489833
Network 6 - Default Mode: 1500 voxels done Correlation: 0.4220782603185306
Network 6 - Default Mode: 3000 voxels done Correlation: 0.3926055805922267
Network 6 - Default Mode: 5000 voxels done Correlation: 0.3997085210518452
Network 6 - Default Mode: 6500 voxels done Correlation: 0.4149022968888695
Network 6 - Default Mode: 10000 voxels done Correlation: 0.4131205692222473
Network 6 - Default Mode: 15000 voxels done Correlation: 0.4166555968617781
Network 6 - Default Mode: 25000 voxels done Correlation: 0.41350744301069753
/home/fhopp/.conda/envs/mjs/lib/python3.8/site-packages/nilearn/masking.py:980: UserWarning: Data array used to create a new image contains 64-bit ints. This is likely due to creating the array with numpy and passing `int` as the `dtype`. Many tools such as FSL and SPM cannot deal with int64 in Nifti images, so for compatibility the data has been converted to int32.
  return new_img_like(mask_img, unmasked, affine)
Network 7 - Subcortical: 50 voxels done Correlation: 0.21912830202866876
Network 7 - Subcortical: 150 voxels done Correlation: 0.21582625353143128
Network 7 - Subcortical: 250 voxels done Correlation: 0.2768434724497203
Network 7 - Subcortical: 500 voxels done Correlation: 0.20651089625683777
Network 7 - Subcortical: 750 voxels done Correlation: 0.2451397132993769
Network 7 - Subcortical: 1000 voxels done Correlation: 0.2195743938251807
Network 7 - Subcortical: 1500 voxels done Correlation: 0.24669121122235896
Network 7 - Subcortical: 3000 voxels done Correlation: 0.16926752491358818
Network 7 - Subcortical: 5000 voxels done Correlation: 0.17048404787751228
Network 7 - Subcortical: 6500 voxels done Correlation: 0.15862324399284214
Network 7 - Subcortical: 10000 voxels done Correlation: 0.16714684028890917
Network 8 - Consciousness: 50 voxels done Correlation: 0.26835370653431934
Network 8 - Consciousness: 150 voxels done Correlation: 0.31419837395655426
Network 8 - Consciousness: 250 voxels done Correlation: 0.34768313349730773
Network 8 - Consciousness: 500 voxels done Correlation: 0.43091336867078134
Network 8 - Consciousness: 750 voxels done Correlation: 0.3279580268888584
Network 8 - Consciousness: 1000 voxels done Correlation: 0.4025675653321928
Network 8 - Consciousness: 1500 voxels done Correlation: 0.43621333562283915
Network 8 - Consciousness: 3000 voxels done Correlation: 0.46185660652040506
Network 8 - Consciousness: 5000 voxels done Correlation: 0.47480175820529086
Network 8 - Consciousness: 6500 voxels done Correlation: 0.43027499463376534
Network 8 - Consciousness: 10000 voxels done Correlation: 0.45921725706323246
Network 8 - Consciousness: 15000 voxels done Correlation: 0.4586348132863042
Network 8 - Consciousness: 25000 voxels done Correlation: 0.45612993682042235
Network 8 - Consciousness: 50000 voxels done Correlation: 0.46588000232339905
