Running job on: wood
Iteration: 778
Starting spatial evaluation...
/home/fhopp/.conda/envs/mjs/lib/python3.8/site-packages/nilearn/maskers/nifti_masker.py:110: UserWarning: imgs are being resampled to the mask_img resolution. This process is memory intensive. You might want to provide a target_affine that is equal to the affine of the imgs or resample the mask beforehand to save memory and computation time.
  warnings.warn(
/home/fhopp/.conda/envs/mjs/lib/python3.8/site-packages/nilearn/masking.py:980: UserWarning: Data array used to create a new image contains 64-bit ints. This is likely due to creating the array with numpy and passing `int` as the `dtype`. Many tools such as FSL and SPM cannot deal with int64 in Nifti images, so for compatibility the data has been converted to int32.
  return new_img_like(mask_img, unmasked, affine)
Network 0 - Visual: 50 voxels done Correlation: 0.6837506718017535
Network 0 - Visual: 150 voxels done Correlation: 0.5960713064432359
Network 0 - Visual: 250 voxels done Correlation: 0.6167390004264642
Network 0 - Visual: 500 voxels done Correlation: 0.5946781263449044
Network 0 - Visual: 750 voxels done Correlation: 0.5462690429381278
Network 0 - Visual: 1000 voxels done Correlation: 0.5932033982348404
Network 0 - Visual: 1500 voxels done Correlation: 0.6176013816530979
Network 0 - Visual: 3000 voxels done Correlation: 0.6112445288019861
Network 0 - Visual: 5000 voxels done Correlation: 0.607389843624554
Network 0 - Visual: 6500 voxels done Correlation: 0.6161224368266351
Network 0 - Visual: 10000 voxels done Correlation: 0.6185615247212277
Network 0 - Visual: 15000 voxels done Correlation: 0.6245900533041862
/home/fhopp/.conda/envs/mjs/lib/python3.8/site-packages/nilearn/masking.py:980: UserWarning: Data array used to create a new image contains 64-bit ints. This is likely due to creating the array with numpy and passing `int` as the `dtype`. Many tools such as FSL and SPM cannot deal with int64 in Nifti images, so for compatibility the data has been converted to int32.
  return new_img_like(mask_img, unmasked, affine)
Network 1 - Somatomotor: 50 voxels done Correlation: 0.4087386895568116
Network 1 - Somatomotor: 150 voxels done Correlation: 0.2722869132297038
Network 1 - Somatomotor: 250 voxels done Correlation: 0.3295197822722238
Network 1 - Somatomotor: 500 voxels done Correlation: 0.26841547422192197
Network 1 - Somatomotor: 750 voxels done Correlation: 0.36744766288029623
Network 1 - Somatomotor: 1000 voxels done Correlation: 0.32764222983798164
Network 1 - Somatomotor: 1500 voxels done Correlation: 0.28842338776302423
Network 1 - Somatomotor: 3000 voxels done Correlation: 0.3461228005521394
Network 1 - Somatomotor: 5000 voxels done Correlation: 0.34242453239747267
Network 1 - Somatomotor: 6500 voxels done Correlation: 0.3501891645596909
Network 1 - Somatomotor: 10000 voxels done Correlation: 0.3562397313371812
Network 1 - Somatomotor: 15000 voxels done Correlation: 0.34470579739445995
/home/fhopp/.conda/envs/mjs/lib/python3.8/site-packages/nilearn/masking.py:980: UserWarning: Data array used to create a new image contains 64-bit ints. This is likely due to creating the array with numpy and passing `int` as the `dtype`. Many tools such as FSL and SPM cannot deal with int64 in Nifti images, so for compatibility the data has been converted to int32.
  return new_img_like(mask_img, unmasked, affine)
Network 2 - dAttention: 50 voxels done Correlation: 0.28600039690336254
Network 2 - dAttention: 150 voxels done Correlation: 0.26988862291726623
Network 2 - dAttention: 250 voxels done Correlation: 0.3706169273550711
Network 2 - dAttention: 500 voxels done Correlation: 0.33442753000466496
Network 2 - dAttention: 750 voxels done Correlation: 0.34986041653355304
Network 2 - dAttention: 1000 voxels done Correlation: 0.27149214775179176
Network 2 - dAttention: 1500 voxels done Correlation: 0.31704871063975226
Network 2 - dAttention: 3000 voxels done Correlation: 0.34804503456854574
Network 2 - dAttention: 5000 voxels done Correlation: 0.3470887989866629
Network 2 - dAttention: 6500 voxels done Correlation: 0.35618551591601655
Network 2 - dAttention: 10000 voxels done Correlation: 0.3303991809668293
Network 2 - dAttention: 15000 voxels done Correlation: 0.33486064136463856
/home/fhopp/.conda/envs/mjs/lib/python3.8/site-packages/nilearn/masking.py:980: UserWarning: Data array used to create a new image contains 64-bit ints. This is likely due to creating the array with numpy and passing `int` as the `dtype`. Many tools such as FSL and SPM cannot deal with int64 in Nifti images, so for compatibility the data has been converted to int32.
  return new_img_like(mask_img, unmasked, affine)
Network 3 - vAttention: 50 voxels done Correlation: 0.15914910231419085
Network 3 - vAttention: 150 voxels done Correlation: 0.35030990970342124
Network 3 - vAttention: 250 voxels done Correlation: 0.2819398888556078
Network 3 - vAttention: 500 voxels done Correlation: 0.3502527116947759
Network 3 - vAttention: 750 voxels done Correlation: 0.28943875002055713
Network 3 - vAttention: 1000 voxels done Correlation: 0.3182440794505348
Network 3 - vAttention: 1500 voxels done Correlation: 0.38750189993778894
Network 3 - vAttention: 3000 voxels done Correlation: 0.36230419308015327
Network 3 - vAttention: 5000 voxels done Correlation: 0.3739031381491224
Network 3 - vAttention: 6500 voxels done Correlation: 0.36380775507948604
Network 3 - vAttention: 10000 voxels done Correlation: 0.38516880344679777
Network 3 - vAttention: 15000 voxels done Correlation: 0.3863941197689277
/home/fhopp/.conda/envs/mjs/lib/python3.8/site-packages/nilearn/masking.py:980: UserWarning: Data array used to create a new image contains 64-bit ints. This is likely due to creating the array with numpy and passing `int` as the `dtype`. Many tools such as FSL and SPM cannot deal with int64 in Nifti images, so for compatibility the data has been converted to int32.
  return new_img_like(mask_img, unmasked, affine)
Network 4 - Limbic: 50 voxels done Correlation: 0.14688402792682498
Network 4 - Limbic: 150 voxels done Correlation: 0.23238826102738397
Network 4 - Limbic: 250 voxels done Correlation: 0.24455343003586055
Network 4 - Limbic: 500 voxels done Correlation: 0.327618671908979
Network 4 - Limbic: 750 voxels done Correlation: 0.26111192928480353
Network 4 - Limbic: 1000 voxels done Correlation: 0.19893574667272212
Network 4 - Limbic: 1500 voxels done Correlation: 0.2932257853526179
Network 4 - Limbic: 3000 voxels done Correlation: 0.28596121354045034
Network 4 - Limbic: 5000 voxels done Correlation: 0.28735441165076603
Network 4 - Limbic: 6500 voxels done Correlation: 0.30330492363918893
Network 4 - Limbic: 10000 voxels done Correlation: 0.28572338069570424
/home/fhopp/.conda/envs/mjs/lib/python3.8/site-packages/nilearn/masking.py:980: UserWarning: Data array used to create a new image contains 64-bit ints. This is likely due to creating the array with numpy and passing `int` as the `dtype`. Many tools such as FSL and SPM cannot deal with int64 in Nifti images, so for compatibility the data has been converted to int32.
  return new_img_like(mask_img, unmasked, affine)
Network 5 - Frontoparietal: 50 voxels done Correlation: 0.24060201850922647
Network 5 - Frontoparietal: 150 voxels done Correlation: 0.19594658725161282
Network 5 - Frontoparietal: 250 voxels done Correlation: 0.20607400530894207
Network 5 - Frontoparietal: 500 voxels done Correlation: 0.2220902177983992
Network 5 - Frontoparietal: 750 voxels done Correlation: 0.2590957872575016
Network 5 - Frontoparietal: 1000 voxels done Correlation: 0.16973776410802488
Network 5 - Frontoparietal: 1500 voxels done Correlation: 0.21162709970325821
Network 5 - Frontoparietal: 3000 voxels done Correlation: 0.24321498355727572
Network 5 - Frontoparietal: 5000 voxels done Correlation: 0.24131349046043032
Network 5 - Frontoparietal: 6500 voxels done Correlation: 0.23092047366661075
Network 5 - Frontoparietal: 10000 voxels done Correlation: 0.22844089397318262
Network 5 - Frontoparietal: 15000 voxels done Correlation: 0.23801894002881951
/home/fhopp/.conda/envs/mjs/lib/python3.8/site-packages/nilearn/masking.py:980: UserWarning: Data array used to create a new image contains 64-bit ints. This is likely due to creating the array with numpy and passing `int` as the `dtype`. Many tools such as FSL and SPM cannot deal with int64 in Nifti images, so for compatibility the data has been converted to int32.
  return new_img_like(mask_img, unmasked, affine)
Network 6 - Default Mode: 50 voxels done Correlation: 0.30534525861856576
Network 6 - Default Mode: 150 voxels done Correlation: 0.2731492557844355
Network 6 - Default Mode: 250 voxels done Correlation: 0.31855825325637854
Network 6 - Default Mode: 500 voxels done Correlation: 0.38979770656317536
Network 6 - Default Mode: 750 voxels done Correlation: 0.3473513529906164
Network 6 - Default Mode: 1000 voxels done Correlation: 0.3826935121785403
Network 6 - Default Mode: 1500 voxels done Correlation: 0.4090018462532955
Network 6 - Default Mode: 3000 voxels done Correlation: 0.39926827672556575
Network 6 - Default Mode: 5000 voxels done Correlation: 0.42334859614806236
Network 6 - Default Mode: 6500 voxels done Correlation: 0.3875102273829044
Network 6 - Default Mode: 10000 voxels done Correlation: 0.39879823829852346
Network 6 - Default Mode: 15000 voxels done Correlation: 0.41579858015328036
Network 6 - Default Mode: 25000 voxels done Correlation: 0.4098797292582875
/home/fhopp/.conda/envs/mjs/lib/python3.8/site-packages/nilearn/masking.py:980: UserWarning: Data array used to create a new image contains 64-bit ints. This is likely due to creating the array with numpy and passing `int` as the `dtype`. Many tools such as FSL and SPM cannot deal with int64 in Nifti images, so for compatibility the data has been converted to int32.
  return new_img_like(mask_img, unmasked, affine)
Network 7 - Subcortical: 50 voxels done Correlation: 0.026839015488435425
Network 7 - Subcortical: 150 voxels done Correlation: 0.1853585645790734
Network 7 - Subcortical: 250 voxels done Correlation: 0.25353856215701376
Network 7 - Subcortical: 500 voxels done Correlation: 0.19552014796121525
Network 7 - Subcortical: 750 voxels done Correlation: 0.2692908736622381
Network 7 - Subcortical: 1000 voxels done Correlation: 0.23269212764151048
Network 7 - Subcortical: 1500 voxels done Correlation: 0.22150557670692467
Network 7 - Subcortical: 3000 voxels done Correlation: 0.17643629337107802
Network 7 - Subcortical: 5000 voxels done Correlation: 0.1639059791121925
Network 7 - Subcortical: 6500 voxels done Correlation: 0.17245049409128835
Network 7 - Subcortical: 10000 voxels done Correlation: 0.1638959576621949
Network 8 - Consciousness: 50 voxels done Correlation: 0.20197315178165295
Network 8 - Consciousness: 150 voxels done Correlation: 0.2880594950553411
Network 8 - Consciousness: 250 voxels done Correlation: 0.4043420737755292
Network 8 - Consciousness: 500 voxels done Correlation: 0.4580177706668786
Network 8 - Consciousness: 750 voxels done Correlation: 0.4017103540835875
Network 8 - Consciousness: 1000 voxels done Correlation: 0.36837416416209
Network 8 - Consciousness: 1500 voxels done Correlation: 0.41579118171050194
Network 8 - Consciousness: 3000 voxels done Correlation: 0.4512491052940827
Network 8 - Consciousness: 5000 voxels done Correlation: 0.45905456189612376
Network 8 - Consciousness: 6500 voxels done Correlation: 0.44447905677584654
Network 8 - Consciousness: 10000 voxels done Correlation: 0.4607786088616901
Network 8 - Consciousness: 15000 voxels done Correlation: 0.45585880831502035
Network 8 - Consciousness: 25000 voxels done Correlation: 0.4592775360232947
Network 8 - Consciousness: 50000 voxels done Correlation: 0.46532192921932675
