Running job on: easley
Iteration: 342
Starting spatial evaluation...
/home/fhopp/.conda/envs/mjs/lib/python3.8/site-packages/nilearn/maskers/nifti_masker.py:110: UserWarning: imgs are being resampled to the mask_img resolution. This process is memory intensive. You might want to provide a target_affine that is equal to the affine of the imgs or resample the mask beforehand to save memory and computation time.
  warnings.warn(
/home/fhopp/.conda/envs/mjs/lib/python3.8/site-packages/nilearn/masking.py:980: UserWarning: Data array used to create a new image contains 64-bit ints. This is likely due to creating the array with numpy and passing `int` as the `dtype`. Many tools such as FSL and SPM cannot deal with int64 in Nifti images, so for compatibility the data has been converted to int32.
  return new_img_like(mask_img, unmasked, affine)
Network 0 - Visual: 50 voxels done Correlation: 0.6236990527683051
Network 0 - Visual: 150 voxels done Correlation: 0.669965190049175
Network 0 - Visual: 250 voxels done Correlation: 0.6271245619248775
Network 0 - Visual: 500 voxels done Correlation: 0.5695467199742522
Network 0 - Visual: 750 voxels done Correlation: 0.5252781147937919
Network 0 - Visual: 1000 voxels done Correlation: 0.6465706375642732
Network 0 - Visual: 1500 voxels done Correlation: 0.643601320773847
Network 0 - Visual: 3000 voxels done Correlation: 0.6164429747711264
Network 0 - Visual: 5000 voxels done Correlation: 0.6205614661017299
Network 0 - Visual: 6500 voxels done Correlation: 0.6284137261408632
Network 0 - Visual: 10000 voxels done Correlation: 0.6303990189953683
Network 0 - Visual: 15000 voxels done Correlation: 0.6265062024219601
/home/fhopp/.conda/envs/mjs/lib/python3.8/site-packages/nilearn/masking.py:980: UserWarning: Data array used to create a new image contains 64-bit ints. This is likely due to creating the array with numpy and passing `int` as the `dtype`. Many tools such as FSL and SPM cannot deal with int64 in Nifti images, so for compatibility the data has been converted to int32.
  return new_img_like(mask_img, unmasked, affine)
Network 1 - Somatomotor: 50 voxels done Correlation: 0.2611387815985729
Network 1 - Somatomotor: 150 voxels done Correlation: 0.34174162273082564
Network 1 - Somatomotor: 250 voxels done Correlation: 0.3521502484403125
Network 1 - Somatomotor: 500 voxels done Correlation: 0.3357323004396119
Network 1 - Somatomotor: 750 voxels done Correlation: 0.3278773333067474
Network 1 - Somatomotor: 1000 voxels done Correlation: 0.3066578325559035
Network 1 - Somatomotor: 1500 voxels done Correlation: 0.33045707676321256
Network 1 - Somatomotor: 3000 voxels done Correlation: 0.311168586714898
Network 1 - Somatomotor: 5000 voxels done Correlation: 0.333470758655602
Network 1 - Somatomotor: 6500 voxels done Correlation: 0.33698044291585494
Network 1 - Somatomotor: 10000 voxels done Correlation: 0.33224576236678144
Network 1 - Somatomotor: 15000 voxels done Correlation: 0.34396885783779146
/home/fhopp/.conda/envs/mjs/lib/python3.8/site-packages/nilearn/masking.py:980: UserWarning: Data array used to create a new image contains 64-bit ints. This is likely due to creating the array with numpy and passing `int` as the `dtype`. Many tools such as FSL and SPM cannot deal with int64 in Nifti images, so for compatibility the data has been converted to int32.
  return new_img_like(mask_img, unmasked, affine)
Network 2 - dAttention: 50 voxels done Correlation: 0.23066582232336888
Network 2 - dAttention: 150 voxels done Correlation: 0.33265273341790047
Network 2 - dAttention: 250 voxels done Correlation: 0.34362968656265885
Network 2 - dAttention: 500 voxels done Correlation: 0.30338104839899704
Network 2 - dAttention: 750 voxels done Correlation: 0.3563146843244923
Network 2 - dAttention: 1000 voxels done Correlation: 0.350914851274148
Network 2 - dAttention: 1500 voxels done Correlation: 0.3252293801883728
Network 2 - dAttention: 3000 voxels done Correlation: 0.316441884330225
Network 2 - dAttention: 5000 voxels done Correlation: 0.3354285218583418
Network 2 - dAttention: 6500 voxels done Correlation: 0.3406907895897394
Network 2 - dAttention: 10000 voxels done Correlation: 0.332765026484511
Network 2 - dAttention: 15000 voxels done Correlation: 0.33360416258585823
/home/fhopp/.conda/envs/mjs/lib/python3.8/site-packages/nilearn/masking.py:980: UserWarning: Data array used to create a new image contains 64-bit ints. This is likely due to creating the array with numpy and passing `int` as the `dtype`. Many tools such as FSL and SPM cannot deal with int64 in Nifti images, so for compatibility the data has been converted to int32.
  return new_img_like(mask_img, unmasked, affine)
Network 3 - vAttention: 50 voxels done Correlation: 0.28493571977727794
Network 3 - vAttention: 150 voxels done Correlation: 0.3670657732901171
Network 3 - vAttention: 250 voxels done Correlation: 0.3125465138380572
Network 3 - vAttention: 500 voxels done Correlation: 0.36227111004605966
Network 3 - vAttention: 750 voxels done Correlation: 0.31830577477001665
Network 3 - vAttention: 1000 voxels done Correlation: 0.30187973485902325
Network 3 - vAttention: 1500 voxels done Correlation: 0.37413902551243927
Network 3 - vAttention: 3000 voxels done Correlation: 0.40368149564582334
Network 3 - vAttention: 5000 voxels done Correlation: 0.38447975957969005
Network 3 - vAttention: 6500 voxels done Correlation: 0.37626490551402303
Network 3 - vAttention: 10000 voxels done Correlation: 0.38524223066120483
Network 3 - vAttention: 15000 voxels done Correlation: 0.38949374439170736
/home/fhopp/.conda/envs/mjs/lib/python3.8/site-packages/nilearn/masking.py:980: UserWarning: Data array used to create a new image contains 64-bit ints. This is likely due to creating the array with numpy and passing `int` as the `dtype`. Many tools such as FSL and SPM cannot deal with int64 in Nifti images, so for compatibility the data has been converted to int32.
  return new_img_like(mask_img, unmasked, affine)
Network 4 - Limbic: 50 voxels done Correlation: 0.18470063868966968
Network 4 - Limbic: 150 voxels done Correlation: 0.3362246790761771
Network 4 - Limbic: 250 voxels done Correlation: 0.21171226265556037
Network 4 - Limbic: 500 voxels done Correlation: 0.2816715319205968
Network 4 - Limbic: 750 voxels done Correlation: 0.2404114441533663
Network 4 - Limbic: 1000 voxels done Correlation: 0.21727536473515563
Network 4 - Limbic: 1500 voxels done Correlation: 0.2563552258737682
Network 4 - Limbic: 3000 voxels done Correlation: 0.275052968423211
Network 4 - Limbic: 5000 voxels done Correlation: 0.26115370524911136
Network 4 - Limbic: 6500 voxels done Correlation: 0.29853805717856996
Network 4 - Limbic: 10000 voxels done Correlation: 0.28544144581721187
/home/fhopp/.conda/envs/mjs/lib/python3.8/site-packages/nilearn/masking.py:980: UserWarning: Data array used to create a new image contains 64-bit ints. This is likely due to creating the array with numpy and passing `int` as the `dtype`. Many tools such as FSL and SPM cannot deal with int64 in Nifti images, so for compatibility the data has been converted to int32.
  return new_img_like(mask_img, unmasked, affine)
Network 5 - Frontoparietal: 50 voxels done Correlation: 0.17313263783354227
Network 5 - Frontoparietal: 150 voxels done Correlation: 0.09906525101718422
Network 5 - Frontoparietal: 250 voxels done Correlation: 0.20992859474920741
Network 5 - Frontoparietal: 500 voxels done Correlation: 0.17102934260457256
Network 5 - Frontoparietal: 750 voxels done Correlation: 0.21192207228156476
Network 5 - Frontoparietal: 1000 voxels done Correlation: 0.229889910793736
Network 5 - Frontoparietal: 1500 voxels done Correlation: 0.22897877386238244
Network 5 - Frontoparietal: 3000 voxels done Correlation: 0.2284482301140342
Network 5 - Frontoparietal: 5000 voxels done Correlation: 0.21612188717292757
Network 5 - Frontoparietal: 6500 voxels done Correlation: 0.24040420624294756
Network 5 - Frontoparietal: 10000 voxels done Correlation: 0.24381622858995294
Network 5 - Frontoparietal: 15000 voxels done Correlation: 0.2387688977012391
/home/fhopp/.conda/envs/mjs/lib/python3.8/site-packages/nilearn/masking.py:980: UserWarning: Data array used to create a new image contains 64-bit ints. This is likely due to creating the array with numpy and passing `int` as the `dtype`. Many tools such as FSL and SPM cannot deal with int64 in Nifti images, so for compatibility the data has been converted to int32.
  return new_img_like(mask_img, unmasked, affine)
Network 6 - Default Mode: 50 voxels done Correlation: 0.30442956529143855
Network 6 - Default Mode: 150 voxels done Correlation: 0.3264889286133372
Network 6 - Default Mode: 250 voxels done Correlation: 0.331915230938661
Network 6 - Default Mode: 500 voxels done Correlation: 0.39767771899488924
Network 6 - Default Mode: 750 voxels done Correlation: 0.43560474728100457
Network 6 - Default Mode: 1000 voxels done Correlation: 0.39736234633310136
Network 6 - Default Mode: 1500 voxels done Correlation: 0.37075270937848803
Network 6 - Default Mode: 3000 voxels done Correlation: 0.40490713582235344
Network 6 - Default Mode: 5000 voxels done Correlation: 0.38809557607704814
Network 6 - Default Mode: 6500 voxels done Correlation: 0.41955362836208643
Network 6 - Default Mode: 10000 voxels done Correlation: 0.40364417763359284
Network 6 - Default Mode: 15000 voxels done Correlation: 0.41145835787473517
Network 6 - Default Mode: 25000 voxels done Correlation: 0.40661251322892034
/home/fhopp/.conda/envs/mjs/lib/python3.8/site-packages/nilearn/masking.py:980: UserWarning: Data array used to create a new image contains 64-bit ints. This is likely due to creating the array with numpy and passing `int` as the `dtype`. Many tools such as FSL and SPM cannot deal with int64 in Nifti images, so for compatibility the data has been converted to int32.
  return new_img_like(mask_img, unmasked, affine)
Network 7 - Subcortical: 50 voxels done Correlation: 0.10159588675103337
Network 7 - Subcortical: 150 voxels done Correlation: 0.24074392873463685
Network 7 - Subcortical: 250 voxels done Correlation: 0.2598759342015673
Network 7 - Subcortical: 500 voxels done Correlation: 0.32385134861514203
Network 7 - Subcortical: 750 voxels done Correlation: 0.2505505335829578
Network 7 - Subcortical: 1000 voxels done Correlation: 0.20703164976662872
Network 7 - Subcortical: 1500 voxels done Correlation: 0.1953821002035443
Network 7 - Subcortical: 3000 voxels done Correlation: 0.17857940200873557
Network 7 - Subcortical: 5000 voxels done Correlation: 0.1636942483757558
Network 7 - Subcortical: 6500 voxels done Correlation: 0.16142405373522395
Network 7 - Subcortical: 10000 voxels done Correlation: 0.16903912931547227
Network 8 - Consciousness: 50 voxels done Correlation: 0.2118291558182242
Network 8 - Consciousness: 150 voxels done Correlation: 0.2595578532493725
Network 8 - Consciousness: 250 voxels done Correlation: 0.28334520091299287
Network 8 - Consciousness: 500 voxels done Correlation: 0.44742272935841926
Network 8 - Consciousness: 750 voxels done Correlation: 0.46091358568908203
Network 8 - Consciousness: 1000 voxels done Correlation: 0.4041051742638093
Network 8 - Consciousness: 1500 voxels done Correlation: 0.4461261766135761
Network 8 - Consciousness: 3000 voxels done Correlation: 0.4523018711594905
Network 8 - Consciousness: 5000 voxels done Correlation: 0.46117095720110485
Network 8 - Consciousness: 6500 voxels done Correlation: 0.4809010685109535
Network 8 - Consciousness: 10000 voxels done Correlation: 0.4576463500324146
Network 8 - Consciousness: 15000 voxels done Correlation: 0.4615071752210691
Network 8 - Consciousness: 25000 voxels done Correlation: 0.4686431688078888
Network 8 - Consciousness: 50000 voxels done Correlation: 0.46441461015800034
