Running job on: cox
Iteration: 659
Starting spatial evaluation...
/home/fhopp/.conda/envs/mjs/lib/python3.8/site-packages/nilearn/maskers/nifti_masker.py:110: UserWarning: imgs are being resampled to the mask_img resolution. This process is memory intensive. You might want to provide a target_affine that is equal to the affine of the imgs or resample the mask beforehand to save memory and computation time.
  warnings.warn(
/home/fhopp/.conda/envs/mjs/lib/python3.8/site-packages/nilearn/masking.py:980: UserWarning: Data array used to create a new image contains 64-bit ints. This is likely due to creating the array with numpy and passing `int` as the `dtype`. Many tools such as FSL and SPM cannot deal with int64 in Nifti images, so for compatibility the data has been converted to int32.
  return new_img_like(mask_img, unmasked, affine)
Network 0 - Visual: 50 voxels done Correlation: 0.5933675734692757
Network 0 - Visual: 150 voxels done Correlation: 0.6610209754344262
Network 0 - Visual: 250 voxels done Correlation: 0.6300462790505137
Network 0 - Visual: 500 voxels done Correlation: 0.5984138496308765
Network 0 - Visual: 750 voxels done Correlation: 0.5585666633085562
Network 0 - Visual: 1000 voxels done Correlation: 0.5798085400927431
Network 0 - Visual: 1500 voxels done Correlation: 0.6214553460237757
Network 0 - Visual: 3000 voxels done Correlation: 0.6290747781566897
Network 0 - Visual: 5000 voxels done Correlation: 0.606406505909858
Network 0 - Visual: 6500 voxels done Correlation: 0.6282964701919642
Network 0 - Visual: 10000 voxels done Correlation: 0.6207124760333835
Network 0 - Visual: 15000 voxels done Correlation: 0.6261806957380507
/home/fhopp/.conda/envs/mjs/lib/python3.8/site-packages/nilearn/masking.py:980: UserWarning: Data array used to create a new image contains 64-bit ints. This is likely due to creating the array with numpy and passing `int` as the `dtype`. Many tools such as FSL and SPM cannot deal with int64 in Nifti images, so for compatibility the data has been converted to int32.
  return new_img_like(mask_img, unmasked, affine)
Network 1 - Somatomotor: 50 voxels done Correlation: 0.30419019352666143
Network 1 - Somatomotor: 150 voxels done Correlation: 0.22226664707124702
Network 1 - Somatomotor: 250 voxels done Correlation: 0.2619006122083943
Network 1 - Somatomotor: 500 voxels done Correlation: 0.36540921098297685
Network 1 - Somatomotor: 750 voxels done Correlation: 0.3539956144038389
Network 1 - Somatomotor: 1000 voxels done Correlation: 0.35947600020242637
Network 1 - Somatomotor: 1500 voxels done Correlation: 0.33489626385761556
Network 1 - Somatomotor: 3000 voxels done Correlation: 0.3529365317679436
Network 1 - Somatomotor: 5000 voxels done Correlation: 0.34377332382237746
Network 1 - Somatomotor: 6500 voxels done Correlation: 0.33029726631924394
Network 1 - Somatomotor: 10000 voxels done Correlation: 0.351262913856642
Network 1 - Somatomotor: 15000 voxels done Correlation: 0.34127926196204195
/home/fhopp/.conda/envs/mjs/lib/python3.8/site-packages/nilearn/masking.py:980: UserWarning: Data array used to create a new image contains 64-bit ints. This is likely due to creating the array with numpy and passing `int` as the `dtype`. Many tools such as FSL and SPM cannot deal with int64 in Nifti images, so for compatibility the data has been converted to int32.
  return new_img_like(mask_img, unmasked, affine)
Network 2 - dAttention: 50 voxels done Correlation: 0.17217634182182714
Network 2 - dAttention: 150 voxels done Correlation: 0.37576849027085
Network 2 - dAttention: 250 voxels done Correlation: 0.3123666127766336
Network 2 - dAttention: 500 voxels done Correlation: 0.33177088331911525
Network 2 - dAttention: 750 voxels done Correlation: 0.31955109314218366
Network 2 - dAttention: 1000 voxels done Correlation: 0.3114061896731056
Network 2 - dAttention: 1500 voxels done Correlation: 0.35616987324515664
Network 2 - dAttention: 3000 voxels done Correlation: 0.31468578668677233
Network 2 - dAttention: 5000 voxels done Correlation: 0.3224743376813138
Network 2 - dAttention: 6500 voxels done Correlation: 0.3299842274443825
Network 2 - dAttention: 10000 voxels done Correlation: 0.332374555742151
Network 2 - dAttention: 15000 voxels done Correlation: 0.3328004353529791
/home/fhopp/.conda/envs/mjs/lib/python3.8/site-packages/nilearn/masking.py:980: UserWarning: Data array used to create a new image contains 64-bit ints. This is likely due to creating the array with numpy and passing `int` as the `dtype`. Many tools such as FSL and SPM cannot deal with int64 in Nifti images, so for compatibility the data has been converted to int32.
  return new_img_like(mask_img, unmasked, affine)
Network 3 - vAttention: 50 voxels done Correlation: 0.3326742326249434
Network 3 - vAttention: 150 voxels done Correlation: 0.3144151068331479
Network 3 - vAttention: 250 voxels done Correlation: 0.2989709934205718
Network 3 - vAttention: 500 voxels done Correlation: 0.3170770587336479
Network 3 - vAttention: 750 voxels done Correlation: 0.27875064368237357
Network 3 - vAttention: 1000 voxels done Correlation: 0.34928768084325545
Network 3 - vAttention: 1500 voxels done Correlation: 0.38081938493765144
Network 3 - vAttention: 3000 voxels done Correlation: 0.36131048040080327
Network 3 - vAttention: 5000 voxels done Correlation: 0.37824817250383747
Network 3 - vAttention: 6500 voxels done Correlation: 0.3823494479144663
Network 3 - vAttention: 10000 voxels done Correlation: 0.38548710655122054
Network 3 - vAttention: 15000 voxels done Correlation: 0.3864065299896877
/home/fhopp/.conda/envs/mjs/lib/python3.8/site-packages/nilearn/masking.py:980: UserWarning: Data array used to create a new image contains 64-bit ints. This is likely due to creating the array with numpy and passing `int` as the `dtype`. Many tools such as FSL and SPM cannot deal with int64 in Nifti images, so for compatibility the data has been converted to int32.
  return new_img_like(mask_img, unmasked, affine)
Network 4 - Limbic: 50 voxels done Correlation: 0.08407053228732363
Network 4 - Limbic: 150 voxels done Correlation: 0.24830100395890795
Network 4 - Limbic: 250 voxels done Correlation: 0.25458428973799196
Network 4 - Limbic: 500 voxels done Correlation: 0.21627767951480975
Network 4 - Limbic: 750 voxels done Correlation: 0.3032823096449496
Network 4 - Limbic: 1000 voxels done Correlation: 0.2587788711228449
Network 4 - Limbic: 1500 voxels done Correlation: 0.27253179948588235
Network 4 - Limbic: 3000 voxels done Correlation: 0.2441747446534158
Network 4 - Limbic: 5000 voxels done Correlation: 0.28924619338912555
Network 4 - Limbic: 6500 voxels done Correlation: 0.27060954632767853
Network 4 - Limbic: 10000 voxels done Correlation: 0.2856770281072631
/home/fhopp/.conda/envs/mjs/lib/python3.8/site-packages/nilearn/masking.py:980: UserWarning: Data array used to create a new image contains 64-bit ints. This is likely due to creating the array with numpy and passing `int` as the `dtype`. Many tools such as FSL and SPM cannot deal with int64 in Nifti images, so for compatibility the data has been converted to int32.
  return new_img_like(mask_img, unmasked, affine)
Network 5 - Frontoparietal: 50 voxels done Correlation: 0.21187570196304378
Network 5 - Frontoparietal: 150 voxels done Correlation: 0.13404417379716443
Network 5 - Frontoparietal: 250 voxels done Correlation: 0.16294096316044174
Network 5 - Frontoparietal: 500 voxels done Correlation: 0.22619213941320687
Network 5 - Frontoparietal: 750 voxels done Correlation: 0.2378003337681111
Network 5 - Frontoparietal: 1000 voxels done Correlation: 0.2419648893741696
Network 5 - Frontoparietal: 1500 voxels done Correlation: 0.22953334289774763
Network 5 - Frontoparietal: 3000 voxels done Correlation: 0.22174520516218882
Network 5 - Frontoparietal: 5000 voxels done Correlation: 0.23786688226133085
Network 5 - Frontoparietal: 6500 voxels done Correlation: 0.2483044222901667
Network 5 - Frontoparietal: 10000 voxels done Correlation: 0.2357473507830596
Network 5 - Frontoparietal: 15000 voxels done Correlation: 0.23906632751024096
/home/fhopp/.conda/envs/mjs/lib/python3.8/site-packages/nilearn/masking.py:980: UserWarning: Data array used to create a new image contains 64-bit ints. This is likely due to creating the array with numpy and passing `int` as the `dtype`. Many tools such as FSL and SPM cannot deal with int64 in Nifti images, so for compatibility the data has been converted to int32.
  return new_img_like(mask_img, unmasked, affine)
Network 6 - Default Mode: 50 voxels done Correlation: 0.29034225358393506
Network 6 - Default Mode: 150 voxels done Correlation: 0.34547886219426444
Network 6 - Default Mode: 250 voxels done Correlation: 0.3060545132186999
Network 6 - Default Mode: 500 voxels done Correlation: 0.3524495687481018
Network 6 - Default Mode: 750 voxels done Correlation: 0.4285444864755944
Network 6 - Default Mode: 1000 voxels done Correlation: 0.36527624649669704
Network 6 - Default Mode: 1500 voxels done Correlation: 0.3936076872833278
Network 6 - Default Mode: 3000 voxels done Correlation: 0.3995522915412958
Network 6 - Default Mode: 5000 voxels done Correlation: 0.37903296369464495
Network 6 - Default Mode: 6500 voxels done Correlation: 0.41525414594219234
Network 6 - Default Mode: 10000 voxels done Correlation: 0.4022088350877012
Network 6 - Default Mode: 15000 voxels done Correlation: 0.40956210880569377
Network 6 - Default Mode: 25000 voxels done Correlation: 0.41140413798539066
/home/fhopp/.conda/envs/mjs/lib/python3.8/site-packages/nilearn/masking.py:980: UserWarning: Data array used to create a new image contains 64-bit ints. This is likely due to creating the array with numpy and passing `int` as the `dtype`. Many tools such as FSL and SPM cannot deal with int64 in Nifti images, so for compatibility the data has been converted to int32.
  return new_img_like(mask_img, unmasked, affine)
Network 7 - Subcortical: 50 voxels done Correlation: 0.11084284000674191
Network 7 - Subcortical: 150 voxels done Correlation: 0.21513594851475476
Network 7 - Subcortical: 250 voxels done Correlation: 0.16127185639938377
Network 7 - Subcortical: 500 voxels done Correlation: 0.24853611152137398
Network 7 - Subcortical: 750 voxels done Correlation: 0.21743202983481702
Network 7 - Subcortical: 1000 voxels done Correlation: 0.23673738767263633
Network 7 - Subcortical: 1500 voxels done Correlation: 0.24680966015436456
Network 7 - Subcortical: 3000 voxels done Correlation: 0.17321108331644744
Network 7 - Subcortical: 5000 voxels done Correlation: 0.1556228035649035
Network 7 - Subcortical: 6500 voxels done Correlation: 0.1663828463665264
Network 7 - Subcortical: 10000 voxels done Correlation: 0.16048055469177175
Network 8 - Consciousness: 50 voxels done Correlation: 0.2332122550334052
Network 8 - Consciousness: 150 voxels done Correlation: 0.43437948476382104
Network 8 - Consciousness: 250 voxels done Correlation: 0.38156471292422645
Network 8 - Consciousness: 500 voxels done Correlation: 0.3847353833229864
Network 8 - Consciousness: 750 voxels done Correlation: 0.3198832176699689
Network 8 - Consciousness: 1000 voxels done Correlation: 0.38339632767046283
Network 8 - Consciousness: 1500 voxels done Correlation: 0.44777557454170974
Network 8 - Consciousness: 3000 voxels done Correlation: 0.41881342463827814
Network 8 - Consciousness: 5000 voxels done Correlation: 0.44090424214966006
Network 8 - Consciousness: 6500 voxels done Correlation: 0.4818666558772531
Network 8 - Consciousness: 10000 voxels done Correlation: 0.4644343994902068
Network 8 - Consciousness: 15000 voxels done Correlation: 0.4618489425507325
Network 8 - Consciousness: 25000 voxels done Correlation: 0.46459755706538
Network 8 - Consciousness: 50000 voxels done Correlation: 0.46661725387003555
