Running job on: turing
Iteration: 885
Starting spatial evaluation...
/home/fhopp/.conda/envs/mjs/lib/python3.8/site-packages/nilearn/maskers/nifti_masker.py:110: UserWarning: imgs are being resampled to the mask_img resolution. This process is memory intensive. You might want to provide a target_affine that is equal to the affine of the imgs or resample the mask beforehand to save memory and computation time.
  warnings.warn(
/home/fhopp/.conda/envs/mjs/lib/python3.8/site-packages/nilearn/masking.py:980: UserWarning: Data array used to create a new image contains 64-bit ints. This is likely due to creating the array with numpy and passing `int` as the `dtype`. Many tools such as FSL and SPM cannot deal with int64 in Nifti images, so for compatibility the data has been converted to int32.
  return new_img_like(mask_img, unmasked, affine)
Network 0 - Visual: 50 voxels done Correlation: 0.6364277445154087
Network 0 - Visual: 150 voxels done Correlation: 0.5771636855847281
Network 0 - Visual: 250 voxels done Correlation: 0.5804460465942066
Network 0 - Visual: 500 voxels done Correlation: 0.5265297857636153
Network 0 - Visual: 750 voxels done Correlation: 0.6049698601288572
Network 0 - Visual: 1000 voxels done Correlation: 0.5717452267986224
Network 0 - Visual: 1500 voxels done Correlation: 0.5879576002274143
Network 0 - Visual: 3000 voxels done Correlation: 0.6437522769114958
Network 0 - Visual: 5000 voxels done Correlation: 0.6315038813447528
Network 0 - Visual: 6500 voxels done Correlation: 0.6295181954590563
Network 0 - Visual: 10000 voxels done Correlation: 0.624955392858945
Network 0 - Visual: 15000 voxels done Correlation: 0.6292725709428972
/home/fhopp/.conda/envs/mjs/lib/python3.8/site-packages/nilearn/masking.py:980: UserWarning: Data array used to create a new image contains 64-bit ints. This is likely due to creating the array with numpy and passing `int` as the `dtype`. Many tools such as FSL and SPM cannot deal with int64 in Nifti images, so for compatibility the data has been converted to int32.
  return new_img_like(mask_img, unmasked, affine)
Network 1 - Somatomotor: 50 voxels done Correlation: 0.18506688446570996
Network 1 - Somatomotor: 150 voxels done Correlation: 0.16115695902216487
Network 1 - Somatomotor: 250 voxels done Correlation: 0.3221315487132529
Network 1 - Somatomotor: 500 voxels done Correlation: 0.3837100947978089
Network 1 - Somatomotor: 750 voxels done Correlation: 0.354020954898577
Network 1 - Somatomotor: 1000 voxels done Correlation: 0.29849990968688833
Network 1 - Somatomotor: 1500 voxels done Correlation: 0.34995975620193875
Network 1 - Somatomotor: 3000 voxels done Correlation: 0.3481484969376824
Network 1 - Somatomotor: 5000 voxels done Correlation: 0.34368782055724134
Network 1 - Somatomotor: 6500 voxels done Correlation: 0.3542729772576064
Network 1 - Somatomotor: 10000 voxels done Correlation: 0.34417402120615526
Network 1 - Somatomotor: 15000 voxels done Correlation: 0.34195323614336
/home/fhopp/.conda/envs/mjs/lib/python3.8/site-packages/nilearn/masking.py:980: UserWarning: Data array used to create a new image contains 64-bit ints. This is likely due to creating the array with numpy and passing `int` as the `dtype`. Many tools such as FSL and SPM cannot deal with int64 in Nifti images, so for compatibility the data has been converted to int32.
  return new_img_like(mask_img, unmasked, affine)
Network 2 - dAttention: 50 voxels done Correlation: 0.2662134322295669
Network 2 - dAttention: 150 voxels done Correlation: 0.25286675122503083
Network 2 - dAttention: 250 voxels done Correlation: 0.3918103286992924
Network 2 - dAttention: 500 voxels done Correlation: 0.2654439099445109
Network 2 - dAttention: 750 voxels done Correlation: 0.33638523538436593
Network 2 - dAttention: 1000 voxels done Correlation: 0.316474885546839
Network 2 - dAttention: 1500 voxels done Correlation: 0.3313518744273443
Network 2 - dAttention: 3000 voxels done Correlation: 0.33581156800886736
Network 2 - dAttention: 5000 voxels done Correlation: 0.31915310082439263
Network 2 - dAttention: 6500 voxels done Correlation: 0.331410923687932
Network 2 - dAttention: 10000 voxels done Correlation: 0.32771483190942396
Network 2 - dAttention: 15000 voxels done Correlation: 0.33590771075640236
/home/fhopp/.conda/envs/mjs/lib/python3.8/site-packages/nilearn/masking.py:980: UserWarning: Data array used to create a new image contains 64-bit ints. This is likely due to creating the array with numpy and passing `int` as the `dtype`. Many tools such as FSL and SPM cannot deal with int64 in Nifti images, so for compatibility the data has been converted to int32.
  return new_img_like(mask_img, unmasked, affine)
Network 3 - vAttention: 50 voxels done Correlation: 0.27691123999266715
Network 3 - vAttention: 150 voxels done Correlation: 0.282000401726082
Network 3 - vAttention: 250 voxels done Correlation: 0.3081384033115082
Network 3 - vAttention: 500 voxels done Correlation: 0.28717326975734125
Network 3 - vAttention: 750 voxels done Correlation: 0.4086103725359431
Network 3 - vAttention: 1000 voxels done Correlation: 0.35313977782289296
Network 3 - vAttention: 1500 voxels done Correlation: 0.36155949188836234
Network 3 - vAttention: 3000 voxels done Correlation: 0.374052261366706
Network 3 - vAttention: 5000 voxels done Correlation: 0.40042190527799626
Network 3 - vAttention: 6500 voxels done Correlation: 0.3932216206828128
Network 3 - vAttention: 10000 voxels done Correlation: 0.38840818250187503
Network 3 - vAttention: 15000 voxels done Correlation: 0.3895180674598979
/home/fhopp/.conda/envs/mjs/lib/python3.8/site-packages/nilearn/masking.py:980: UserWarning: Data array used to create a new image contains 64-bit ints. This is likely due to creating the array with numpy and passing `int` as the `dtype`. Many tools such as FSL and SPM cannot deal with int64 in Nifti images, so for compatibility the data has been converted to int32.
  return new_img_like(mask_img, unmasked, affine)
Network 4 - Limbic: 50 voxels done Correlation: 0.1811633791167381
Network 4 - Limbic: 150 voxels done Correlation: 0.14296153156138564
Network 4 - Limbic: 250 voxels done Correlation: 0.22082918855604822
Network 4 - Limbic: 500 voxels done Correlation: 0.35139147629803413
Network 4 - Limbic: 750 voxels done Correlation: 0.2981527684077099
Network 4 - Limbic: 1000 voxels done Correlation: 0.24893016648514465
Network 4 - Limbic: 1500 voxels done Correlation: 0.27220583071867865
Network 4 - Limbic: 3000 voxels done Correlation: 0.2650626567221939
Network 4 - Limbic: 5000 voxels done Correlation: 0.31160554818692154
Network 4 - Limbic: 6500 voxels done Correlation: 0.2745571865422163
Network 4 - Limbic: 10000 voxels done Correlation: 0.2843890685445203
/home/fhopp/.conda/envs/mjs/lib/python3.8/site-packages/nilearn/masking.py:980: UserWarning: Data array used to create a new image contains 64-bit ints. This is likely due to creating the array with numpy and passing `int` as the `dtype`. Many tools such as FSL and SPM cannot deal with int64 in Nifti images, so for compatibility the data has been converted to int32.
  return new_img_like(mask_img, unmasked, affine)
Network 5 - Frontoparietal: 50 voxels done Correlation: 0.1667940966968086
Network 5 - Frontoparietal: 150 voxels done Correlation: 0.14342900665318892
Network 5 - Frontoparietal: 250 voxels done Correlation: 0.20581197646544652
Network 5 - Frontoparietal: 500 voxels done Correlation: 0.2153113460988479
Network 5 - Frontoparietal: 750 voxels done Correlation: 0.23890231226616745
Network 5 - Frontoparietal: 1000 voxels done Correlation: 0.20956098935606543
Network 5 - Frontoparietal: 1500 voxels done Correlation: 0.2203209279615161
Network 5 - Frontoparietal: 3000 voxels done Correlation: 0.2011017783478504
Network 5 - Frontoparietal: 5000 voxels done Correlation: 0.25430957216938854
Network 5 - Frontoparietal: 6500 voxels done Correlation: 0.2405959584436989
Network 5 - Frontoparietal: 10000 voxels done Correlation: 0.24448658654507438
Network 5 - Frontoparietal: 15000 voxels done Correlation: 0.23808923355325318
/home/fhopp/.conda/envs/mjs/lib/python3.8/site-packages/nilearn/masking.py:980: UserWarning: Data array used to create a new image contains 64-bit ints. This is likely due to creating the array with numpy and passing `int` as the `dtype`. Many tools such as FSL and SPM cannot deal with int64 in Nifti images, so for compatibility the data has been converted to int32.
  return new_img_like(mask_img, unmasked, affine)
Network 6 - Default Mode: 50 voxels done Correlation: 0.29059183678702427
Network 6 - Default Mode: 150 voxels done Correlation: 0.3469934118549931
Network 6 - Default Mode: 250 voxels done Correlation: 0.34277753061336524
Network 6 - Default Mode: 500 voxels done Correlation: 0.3524839695936462
Network 6 - Default Mode: 750 voxels done Correlation: 0.4078579809581004
Network 6 - Default Mode: 1000 voxels done Correlation: 0.389749172970703
Network 6 - Default Mode: 1500 voxels done Correlation: 0.35751073440028036
Network 6 - Default Mode: 3000 voxels done Correlation: 0.4275509801457281
Network 6 - Default Mode: 5000 voxels done Correlation: 0.4062594702684753
Network 6 - Default Mode: 6500 voxels done Correlation: 0.41305134948440614
Network 6 - Default Mode: 10000 voxels done Correlation: 0.39987828006410236
Network 6 - Default Mode: 15000 voxels done Correlation: 0.398499586536351
Network 6 - Default Mode: 25000 voxels done Correlation: 0.40627417490087814
/home/fhopp/.conda/envs/mjs/lib/python3.8/site-packages/nilearn/masking.py:980: UserWarning: Data array used to create a new image contains 64-bit ints. This is likely due to creating the array with numpy and passing `int` as the `dtype`. Many tools such as FSL and SPM cannot deal with int64 in Nifti images, so for compatibility the data has been converted to int32.
  return new_img_like(mask_img, unmasked, affine)
Network 7 - Subcortical: 50 voxels done Correlation: 0.10480484376189426
Network 7 - Subcortical: 150 voxels done Correlation: 0.24001940099081914
Network 7 - Subcortical: 250 voxels done Correlation: 0.19549841700661813
Network 7 - Subcortical: 500 voxels done Correlation: 0.21020089868675074
Network 7 - Subcortical: 750 voxels done Correlation: 0.22659921863671043
Network 7 - Subcortical: 1000 voxels done Correlation: 0.22204308245855686
Network 7 - Subcortical: 1500 voxels done Correlation: 0.22238182703631906
Network 7 - Subcortical: 3000 voxels done Correlation: 0.14739814870683687
Network 7 - Subcortical: 5000 voxels done Correlation: 0.15235116034976176
Network 7 - Subcortical: 6500 voxels done Correlation: 0.16602713727089732
Network 7 - Subcortical: 10000 voxels done Correlation: 0.16076333278478572
Network 8 - Consciousness: 50 voxels done Correlation: 0.19301251993680135
Network 8 - Consciousness: 150 voxels done Correlation: 0.3203344137250933
Network 8 - Consciousness: 250 voxels done Correlation: 0.34825366349772496
Network 8 - Consciousness: 500 voxels done Correlation: 0.36826879033431126
Network 8 - Consciousness: 750 voxels done Correlation: 0.4423647540557427
Network 8 - Consciousness: 1000 voxels done Correlation: 0.3806627314543992
Network 8 - Consciousness: 1500 voxels done Correlation: 0.4343249949668202
Network 8 - Consciousness: 3000 voxels done Correlation: 0.41859188301241157
Network 8 - Consciousness: 5000 voxels done Correlation: 0.4558224367732415
Network 8 - Consciousness: 6500 voxels done Correlation: 0.4484131710569971
Network 8 - Consciousness: 10000 voxels done Correlation: 0.4626547593020026
Network 8 - Consciousness: 15000 voxels done Correlation: 0.4479629746502034
Network 8 - Consciousness: 25000 voxels done Correlation: 0.4682640164874404
Network 8 - Consciousness: 50000 voxels done Correlation: 0.4660070019772209
