Running job on: cox
Iteration: 727
Starting spatial evaluation...
/home/fhopp/.conda/envs/mjs/lib/python3.8/site-packages/nilearn/maskers/nifti_masker.py:110: UserWarning: imgs are being resampled to the mask_img resolution. This process is memory intensive. You might want to provide a target_affine that is equal to the affine of the imgs or resample the mask beforehand to save memory and computation time.
  warnings.warn(
/home/fhopp/.conda/envs/mjs/lib/python3.8/site-packages/nilearn/masking.py:980: UserWarning: Data array used to create a new image contains 64-bit ints. This is likely due to creating the array with numpy and passing `int` as the `dtype`. Many tools such as FSL and SPM cannot deal with int64 in Nifti images, so for compatibility the data has been converted to int32.
  return new_img_like(mask_img, unmasked, affine)
Network 0 - Visual: 50 voxels done Correlation: 0.6527943360872503
Network 0 - Visual: 150 voxels done Correlation: 0.590716809932374
Network 0 - Visual: 250 voxels done Correlation: 0.5416208645222587
Network 0 - Visual: 500 voxels done Correlation: 0.6236558892822135
Network 0 - Visual: 750 voxels done Correlation: 0.5996577689150884
Network 0 - Visual: 1000 voxels done Correlation: 0.5966896636636743
Network 0 - Visual: 1500 voxels done Correlation: 0.6664401376651292
Network 0 - Visual: 3000 voxels done Correlation: 0.6036286803679889
Network 0 - Visual: 5000 voxels done Correlation: 0.6187533060531449
Network 0 - Visual: 6500 voxels done Correlation: 0.626440042933917
Network 0 - Visual: 10000 voxels done Correlation: 0.6286206514263437
Network 0 - Visual: 15000 voxels done Correlation: 0.6300914953113537
/home/fhopp/.conda/envs/mjs/lib/python3.8/site-packages/nilearn/masking.py:980: UserWarning: Data array used to create a new image contains 64-bit ints. This is likely due to creating the array with numpy and passing `int` as the `dtype`. Many tools such as FSL and SPM cannot deal with int64 in Nifti images, so for compatibility the data has been converted to int32.
  return new_img_like(mask_img, unmasked, affine)
Network 1 - Somatomotor: 50 voxels done Correlation: 0.23732783928066098
Network 1 - Somatomotor: 150 voxels done Correlation: 0.20644940097882414
Network 1 - Somatomotor: 250 voxels done Correlation: 0.36141136117810174
Network 1 - Somatomotor: 500 voxels done Correlation: 0.39815829822857296
Network 1 - Somatomotor: 750 voxels done Correlation: 0.36495096148102485
Network 1 - Somatomotor: 1000 voxels done Correlation: 0.35934458637452493
Network 1 - Somatomotor: 1500 voxels done Correlation: 0.36460786798063166
Network 1 - Somatomotor: 3000 voxels done Correlation: 0.34017154292316437
Network 1 - Somatomotor: 5000 voxels done Correlation: 0.3475066248687289
Network 1 - Somatomotor: 6500 voxels done Correlation: 0.3506654121316405
Network 1 - Somatomotor: 10000 voxels done Correlation: 0.339596504414588
Network 1 - Somatomotor: 15000 voxels done Correlation: 0.3426418887100315
/home/fhopp/.conda/envs/mjs/lib/python3.8/site-packages/nilearn/masking.py:980: UserWarning: Data array used to create a new image contains 64-bit ints. This is likely due to creating the array with numpy and passing `int` as the `dtype`. Many tools such as FSL and SPM cannot deal with int64 in Nifti images, so for compatibility the data has been converted to int32.
  return new_img_like(mask_img, unmasked, affine)
Network 2 - dAttention: 50 voxels done Correlation: 0.14524861319660962
Network 2 - dAttention: 150 voxels done Correlation: 0.28023938860091635
Network 2 - dAttention: 250 voxels done Correlation: 0.33369715362371816
Network 2 - dAttention: 500 voxels done Correlation: 0.27991578008314344
Network 2 - dAttention: 750 voxels done Correlation: 0.265014549846865
Network 2 - dAttention: 1000 voxels done Correlation: 0.29416693052484755
Network 2 - dAttention: 1500 voxels done Correlation: 0.30732825972472233
Network 2 - dAttention: 3000 voxels done Correlation: 0.30666759364498675
Network 2 - dAttention: 5000 voxels done Correlation: 0.3279378497135348
Network 2 - dAttention: 6500 voxels done Correlation: 0.3291134377672871
Network 2 - dAttention: 10000 voxels done Correlation: 0.33689962778097177
Network 2 - dAttention: 15000 voxels done Correlation: 0.33030251497309726
/home/fhopp/.conda/envs/mjs/lib/python3.8/site-packages/nilearn/masking.py:980: UserWarning: Data array used to create a new image contains 64-bit ints. This is likely due to creating the array with numpy and passing `int` as the `dtype`. Many tools such as FSL and SPM cannot deal with int64 in Nifti images, so for compatibility the data has been converted to int32.
  return new_img_like(mask_img, unmasked, affine)
Network 3 - vAttention: 50 voxels done Correlation: 0.20369687474550302
Network 3 - vAttention: 150 voxels done Correlation: 0.2849997722257702
Network 3 - vAttention: 250 voxels done Correlation: 0.21515471723270913
Network 3 - vAttention: 500 voxels done Correlation: 0.35621849290976026
Network 3 - vAttention: 750 voxels done Correlation: 0.31703141196327234
Network 3 - vAttention: 1000 voxels done Correlation: 0.41934765873515756
Network 3 - vAttention: 1500 voxels done Correlation: 0.3553734635214567
Network 3 - vAttention: 3000 voxels done Correlation: 0.3636870596359174
Network 3 - vAttention: 5000 voxels done Correlation: 0.36238172842707805
Network 3 - vAttention: 6500 voxels done Correlation: 0.3928768960245216
Network 3 - vAttention: 10000 voxels done Correlation: 0.38327736907080157
Network 3 - vAttention: 15000 voxels done Correlation: 0.3878615180678803
/home/fhopp/.conda/envs/mjs/lib/python3.8/site-packages/nilearn/masking.py:980: UserWarning: Data array used to create a new image contains 64-bit ints. This is likely due to creating the array with numpy and passing `int` as the `dtype`. Many tools such as FSL and SPM cannot deal with int64 in Nifti images, so for compatibility the data has been converted to int32.
  return new_img_like(mask_img, unmasked, affine)
Network 4 - Limbic: 50 voxels done Correlation: 0.0736073153994814
Network 4 - Limbic: 150 voxels done Correlation: 0.2784398482759548
Network 4 - Limbic: 250 voxels done Correlation: 0.2174544060217125
Network 4 - Limbic: 500 voxels done Correlation: 0.24989673225078857
Network 4 - Limbic: 750 voxels done Correlation: 0.23437785911763298
Network 4 - Limbic: 1000 voxels done Correlation: 0.2799415871447103
Network 4 - Limbic: 1500 voxels done Correlation: 0.2535633674922486
Network 4 - Limbic: 3000 voxels done Correlation: 0.2893379632536445
Network 4 - Limbic: 5000 voxels done Correlation: 0.2737551217833362
Network 4 - Limbic: 6500 voxels done Correlation: 0.28068277107001105
Network 4 - Limbic: 10000 voxels done Correlation: 0.28928465497025535
/home/fhopp/.conda/envs/mjs/lib/python3.8/site-packages/nilearn/masking.py:980: UserWarning: Data array used to create a new image contains 64-bit ints. This is likely due to creating the array with numpy and passing `int` as the `dtype`. Many tools such as FSL and SPM cannot deal with int64 in Nifti images, so for compatibility the data has been converted to int32.
  return new_img_like(mask_img, unmasked, affine)
Network 5 - Frontoparietal: 50 voxels done Correlation: 0.18365391969524603
Network 5 - Frontoparietal: 150 voxels done Correlation: 0.20809377784567878
Network 5 - Frontoparietal: 250 voxels done Correlation: 0.293277179698072
Network 5 - Frontoparietal: 500 voxels done Correlation: 0.2514318849595478
Network 5 - Frontoparietal: 750 voxels done Correlation: 0.22943819865829018
Network 5 - Frontoparietal: 1000 voxels done Correlation: 0.19847539204168385
Network 5 - Frontoparietal: 1500 voxels done Correlation: 0.2511661104398756
Network 5 - Frontoparietal: 3000 voxels done Correlation: 0.24712149943752637
Network 5 - Frontoparietal: 5000 voxels done Correlation: 0.22708621859683248
Network 5 - Frontoparietal: 6500 voxels done Correlation: 0.24700352289660493
Network 5 - Frontoparietal: 10000 voxels done Correlation: 0.23245531448803053
Network 5 - Frontoparietal: 15000 voxels done Correlation: 0.24053862410218263
/home/fhopp/.conda/envs/mjs/lib/python3.8/site-packages/nilearn/masking.py:980: UserWarning: Data array used to create a new image contains 64-bit ints. This is likely due to creating the array with numpy and passing `int` as the `dtype`. Many tools such as FSL and SPM cannot deal with int64 in Nifti images, so for compatibility the data has been converted to int32.
  return new_img_like(mask_img, unmasked, affine)
Network 6 - Default Mode: 50 voxels done Correlation: 0.36378290887026765
Network 6 - Default Mode: 150 voxels done Correlation: 0.35840694721176825
Network 6 - Default Mode: 250 voxels done Correlation: 0.33213685804760085
Network 6 - Default Mode: 500 voxels done Correlation: 0.37396897508819427
Network 6 - Default Mode: 750 voxels done Correlation: 0.3952212300673552
Network 6 - Default Mode: 1000 voxels done Correlation: 0.3469842352042253
Network 6 - Default Mode: 1500 voxels done Correlation: 0.3723145385081579
Network 6 - Default Mode: 3000 voxels done Correlation: 0.3969481983496033
Network 6 - Default Mode: 5000 voxels done Correlation: 0.39800249779049995
Network 6 - Default Mode: 6500 voxels done Correlation: 0.38545209000805375
Network 6 - Default Mode: 10000 voxels done Correlation: 0.4058223032606749
Network 6 - Default Mode: 15000 voxels done Correlation: 0.4057110063018019
Network 6 - Default Mode: 25000 voxels done Correlation: 0.4053638128427616
/home/fhopp/.conda/envs/mjs/lib/python3.8/site-packages/nilearn/masking.py:980: UserWarning: Data array used to create a new image contains 64-bit ints. This is likely due to creating the array with numpy and passing `int` as the `dtype`. Many tools such as FSL and SPM cannot deal with int64 in Nifti images, so for compatibility the data has been converted to int32.
  return new_img_like(mask_img, unmasked, affine)
Network 7 - Subcortical: 50 voxels done Correlation: 0.15630366269884705
Network 7 - Subcortical: 150 voxels done Correlation: 0.15283091831407586
Network 7 - Subcortical: 250 voxels done Correlation: 0.26145511756460665
Network 7 - Subcortical: 500 voxels done Correlation: 0.2119526079543202
Network 7 - Subcortical: 750 voxels done Correlation: 0.2217221933028486
Network 7 - Subcortical: 1000 voxels done Correlation: 0.20097087775347416
Network 7 - Subcortical: 1500 voxels done Correlation: 0.23661505770587227
Network 7 - Subcortical: 3000 voxels done Correlation: 0.17901741882717348
Network 7 - Subcortical: 5000 voxels done Correlation: 0.18305132895172704
Network 7 - Subcortical: 6500 voxels done Correlation: 0.15567138454153973
Network 7 - Subcortical: 10000 voxels done Correlation: 0.16608033483347207
Network 8 - Consciousness: 50 voxels done Correlation: 0.34605862672678156
Network 8 - Consciousness: 150 voxels done Correlation: 0.28647318363685825
Network 8 - Consciousness: 250 voxels done Correlation: 0.4305658156519897
Network 8 - Consciousness: 500 voxels done Correlation: 0.39860868137834793
Network 8 - Consciousness: 750 voxels done Correlation: 0.37504737051712045
Network 8 - Consciousness: 1000 voxels done Correlation: 0.4092361456572018
Network 8 - Consciousness: 1500 voxels done Correlation: 0.44851774432997493
Network 8 - Consciousness: 3000 voxels done Correlation: 0.42774910467221294
Network 8 - Consciousness: 5000 voxels done Correlation: 0.46117076349376496
Network 8 - Consciousness: 6500 voxels done Correlation: 0.4444673890147234
Network 8 - Consciousness: 10000 voxels done Correlation: 0.46591343102783
Network 8 - Consciousness: 15000 voxels done Correlation: 0.4699564128321181
Network 8 - Consciousness: 25000 voxels done Correlation: 0.47954140004596163
Network 8 - Consciousness: 50000 voxels done Correlation: 0.46612512895135516
