Running job on: wood
Iteration: 946
Starting spatial evaluation...
/home/fhopp/.conda/envs/mjs/lib/python3.8/site-packages/nilearn/maskers/nifti_masker.py:110: UserWarning: imgs are being resampled to the mask_img resolution. This process is memory intensive. You might want to provide a target_affine that is equal to the affine of the imgs or resample the mask beforehand to save memory and computation time.
  warnings.warn(
/home/fhopp/.conda/envs/mjs/lib/python3.8/site-packages/nilearn/masking.py:980: UserWarning: Data array used to create a new image contains 64-bit ints. This is likely due to creating the array with numpy and passing `int` as the `dtype`. Many tools such as FSL and SPM cannot deal with int64 in Nifti images, so for compatibility the data has been converted to int32.
  return new_img_like(mask_img, unmasked, affine)
Network 0 - Visual: 50 voxels done Correlation: 0.6198936102372195
Network 0 - Visual: 150 voxels done Correlation: 0.6576819325482219
Network 0 - Visual: 250 voxels done Correlation: 0.5739817140895523
Network 0 - Visual: 500 voxels done Correlation: 0.636382894297521
Network 0 - Visual: 750 voxels done Correlation: 0.6196978204462055
Network 0 - Visual: 1000 voxels done Correlation: 0.6480708785686392
Network 0 - Visual: 1500 voxels done Correlation: 0.616109054170304
Network 0 - Visual: 3000 voxels done Correlation: 0.6254020084889992
Network 0 - Visual: 5000 voxels done Correlation: 0.6147702712766276
Network 0 - Visual: 6500 voxels done Correlation: 0.6200942741635784
Network 0 - Visual: 10000 voxels done Correlation: 0.6184242333694392
Network 0 - Visual: 15000 voxels done Correlation: 0.6305935935677667
/home/fhopp/.conda/envs/mjs/lib/python3.8/site-packages/nilearn/masking.py:980: UserWarning: Data array used to create a new image contains 64-bit ints. This is likely due to creating the array with numpy and passing `int` as the `dtype`. Many tools such as FSL and SPM cannot deal with int64 in Nifti images, so for compatibility the data has been converted to int32.
  return new_img_like(mask_img, unmasked, affine)
Network 1 - Somatomotor: 50 voxels done Correlation: 0.2508956684589764
Network 1 - Somatomotor: 150 voxels done Correlation: 0.2824776217737591
Network 1 - Somatomotor: 250 voxels done Correlation: 0.3531875449983426
Network 1 - Somatomotor: 500 voxels done Correlation: 0.3211238385010726
Network 1 - Somatomotor: 750 voxels done Correlation: 0.3040377840932329
Network 1 - Somatomotor: 1000 voxels done Correlation: 0.31318062274851854
Network 1 - Somatomotor: 1500 voxels done Correlation: 0.3476593078110036
Network 1 - Somatomotor: 3000 voxels done Correlation: 0.35021987727401727
Network 1 - Somatomotor: 5000 voxels done Correlation: 0.35310680233235414
Network 1 - Somatomotor: 6500 voxels done Correlation: 0.3413207850107878
Network 1 - Somatomotor: 10000 voxels done Correlation: 0.3457787674596572
Network 1 - Somatomotor: 15000 voxels done Correlation: 0.3421794605101929
/home/fhopp/.conda/envs/mjs/lib/python3.8/site-packages/nilearn/masking.py:980: UserWarning: Data array used to create a new image contains 64-bit ints. This is likely due to creating the array with numpy and passing `int` as the `dtype`. Many tools such as FSL and SPM cannot deal with int64 in Nifti images, so for compatibility the data has been converted to int32.
  return new_img_like(mask_img, unmasked, affine)
Network 2 - dAttention: 50 voxels done Correlation: 0.2555056703045743
Network 2 - dAttention: 150 voxels done Correlation: 0.3690961973820023
Network 2 - dAttention: 250 voxels done Correlation: 0.35883421241809826
Network 2 - dAttention: 500 voxels done Correlation: 0.2428837595954613
Network 2 - dAttention: 750 voxels done Correlation: 0.3091530226846275
Network 2 - dAttention: 1000 voxels done Correlation: 0.3542939945955866
Network 2 - dAttention: 1500 voxels done Correlation: 0.3010659379742361
Network 2 - dAttention: 3000 voxels done Correlation: 0.3310793173970953
Network 2 - dAttention: 5000 voxels done Correlation: 0.35498421450538203
Network 2 - dAttention: 6500 voxels done Correlation: 0.3140163470478192
Network 2 - dAttention: 10000 voxels done Correlation: 0.3383727383962804
Network 2 - dAttention: 15000 voxels done Correlation: 0.3368293613121346
/home/fhopp/.conda/envs/mjs/lib/python3.8/site-packages/nilearn/masking.py:980: UserWarning: Data array used to create a new image contains 64-bit ints. This is likely due to creating the array with numpy and passing `int` as the `dtype`. Many tools such as FSL and SPM cannot deal with int64 in Nifti images, so for compatibility the data has been converted to int32.
  return new_img_like(mask_img, unmasked, affine)
Network 3 - vAttention: 50 voxels done Correlation: 0.11507890297357111
Network 3 - vAttention: 150 voxels done Correlation: 0.24869377314986574
Network 3 - vAttention: 250 voxels done Correlation: 0.26961780723414985
Network 3 - vAttention: 500 voxels done Correlation: 0.3431460203544772
Network 3 - vAttention: 750 voxels done Correlation: 0.32841189213193095
Network 3 - vAttention: 1000 voxels done Correlation: 0.3248165345057818
Network 3 - vAttention: 1500 voxels done Correlation: 0.3240761565614547
Network 3 - vAttention: 3000 voxels done Correlation: 0.37800794679377026
Network 3 - vAttention: 5000 voxels done Correlation: 0.40280582884225263
Network 3 - vAttention: 6500 voxels done Correlation: 0.37054177421146994
Network 3 - vAttention: 10000 voxels done Correlation: 0.3884095322700541
Network 3 - vAttention: 15000 voxels done Correlation: 0.38627457510443797
/home/fhopp/.conda/envs/mjs/lib/python3.8/site-packages/nilearn/masking.py:980: UserWarning: Data array used to create a new image contains 64-bit ints. This is likely due to creating the array with numpy and passing `int` as the `dtype`. Many tools such as FSL and SPM cannot deal with int64 in Nifti images, so for compatibility the data has been converted to int32.
  return new_img_like(mask_img, unmasked, affine)
Network 4 - Limbic: 50 voxels done Correlation: 0.1733467589064387
Network 4 - Limbic: 150 voxels done Correlation: 0.2502467249055398
Network 4 - Limbic: 250 voxels done Correlation: 0.18616983502370268
Network 4 - Limbic: 500 voxels done Correlation: 0.2242391136108125
Network 4 - Limbic: 750 voxels done Correlation: 0.2529786855217325
Network 4 - Limbic: 1000 voxels done Correlation: 0.25575779001193166
Network 4 - Limbic: 1500 voxels done Correlation: 0.24478726394032407
Network 4 - Limbic: 3000 voxels done Correlation: 0.2981738219060167
Network 4 - Limbic: 5000 voxels done Correlation: 0.2831505605777547
Network 4 - Limbic: 6500 voxels done Correlation: 0.2774913350938754
Network 4 - Limbic: 10000 voxels done Correlation: 0.28620213717648557
/home/fhopp/.conda/envs/mjs/lib/python3.8/site-packages/nilearn/masking.py:980: UserWarning: Data array used to create a new image contains 64-bit ints. This is likely due to creating the array with numpy and passing `int` as the `dtype`. Many tools such as FSL and SPM cannot deal with int64 in Nifti images, so for compatibility the data has been converted to int32.
  return new_img_like(mask_img, unmasked, affine)
Network 5 - Frontoparietal: 50 voxels done Correlation: 0.17451461400732138
Network 5 - Frontoparietal: 150 voxels done Correlation: 0.17625965487560663
Network 5 - Frontoparietal: 250 voxels done Correlation: 0.21495792259550095
Network 5 - Frontoparietal: 500 voxels done Correlation: 0.24941616095712849
Network 5 - Frontoparietal: 750 voxels done Correlation: 0.23594072638969954
Network 5 - Frontoparietal: 1000 voxels done Correlation: 0.22554791654913287
Network 5 - Frontoparietal: 1500 voxels done Correlation: 0.21120632324587973
Network 5 - Frontoparietal: 3000 voxels done Correlation: 0.23097167888846573
Network 5 - Frontoparietal: 5000 voxels done Correlation: 0.21987000429375375
Network 5 - Frontoparietal: 6500 voxels done Correlation: 0.24430010047070894
Network 5 - Frontoparietal: 10000 voxels done Correlation: 0.21753676678150385
Network 5 - Frontoparietal: 15000 voxels done Correlation: 0.23607788281409858
/home/fhopp/.conda/envs/mjs/lib/python3.8/site-packages/nilearn/masking.py:980: UserWarning: Data array used to create a new image contains 64-bit ints. This is likely due to creating the array with numpy and passing `int` as the `dtype`. Many tools such as FSL and SPM cannot deal with int64 in Nifti images, so for compatibility the data has been converted to int32.
  return new_img_like(mask_img, unmasked, affine)
Network 6 - Default Mode: 50 voxels done Correlation: 0.21670029900976975
Network 6 - Default Mode: 150 voxels done Correlation: 0.3360679573486134
Network 6 - Default Mode: 250 voxels done Correlation: 0.3440544383209988
Network 6 - Default Mode: 500 voxels done Correlation: 0.3724115067616184
Network 6 - Default Mode: 750 voxels done Correlation: 0.3063598700300427
Network 6 - Default Mode: 1000 voxels done Correlation: 0.4490086303326938
Network 6 - Default Mode: 1500 voxels done Correlation: 0.3967239161627202
Network 6 - Default Mode: 3000 voxels done Correlation: 0.4150169640283972
Network 6 - Default Mode: 5000 voxels done Correlation: 0.3844685875288228
Network 6 - Default Mode: 6500 voxels done Correlation: 0.39190130427858383
Network 6 - Default Mode: 10000 voxels done Correlation: 0.40702516762917373
Network 6 - Default Mode: 15000 voxels done Correlation: 0.4097125150085343
Network 6 - Default Mode: 25000 voxels done Correlation: 0.4057958167915059
/home/fhopp/.conda/envs/mjs/lib/python3.8/site-packages/nilearn/masking.py:980: UserWarning: Data array used to create a new image contains 64-bit ints. This is likely due to creating the array with numpy and passing `int` as the `dtype`. Many tools such as FSL and SPM cannot deal with int64 in Nifti images, so for compatibility the data has been converted to int32.
  return new_img_like(mask_img, unmasked, affine)
Network 7 - Subcortical: 50 voxels done Correlation: 0.15028730973347953
Network 7 - Subcortical: 150 voxels done Correlation: 0.22195500274291058
Network 7 - Subcortical: 250 voxels done Correlation: 0.19614236811841496
Network 7 - Subcortical: 500 voxels done Correlation: 0.20004341126090444
Network 7 - Subcortical: 750 voxels done Correlation: 0.16312750066042953
Network 7 - Subcortical: 1000 voxels done Correlation: 0.26153863001042976
Network 7 - Subcortical: 1500 voxels done Correlation: 0.22382827869041166
Network 7 - Subcortical: 3000 voxels done Correlation: 0.17809129627798997
Network 7 - Subcortical: 5000 voxels done Correlation: 0.15809546840644412
Network 7 - Subcortical: 6500 voxels done Correlation: 0.16394644933486796
Network 7 - Subcortical: 10000 voxels done Correlation: 0.16591155485303932
Network 8 - Consciousness: 50 voxels done Correlation: 0.2776629021518382
Network 8 - Consciousness: 150 voxels done Correlation: 0.2698393980859811
Network 8 - Consciousness: 250 voxels done Correlation: 0.36230367180124257
Network 8 - Consciousness: 500 voxels done Correlation: 0.4599014662440715
Network 8 - Consciousness: 750 voxels done Correlation: 0.2722268067383573
Network 8 - Consciousness: 1000 voxels done Correlation: 0.4736577199550951
Network 8 - Consciousness: 1500 voxels done Correlation: 0.40418040635009056
Network 8 - Consciousness: 3000 voxels done Correlation: 0.43469607782559383
Network 8 - Consciousness: 5000 voxels done Correlation: 0.45752988255773924
Network 8 - Consciousness: 6500 voxels done Correlation: 0.42229875646114223
Network 8 - Consciousness: 10000 voxels done Correlation: 0.45675656359287176
Network 8 - Consciousness: 15000 voxels done Correlation: 0.46631961931231186
Network 8 - Consciousness: 25000 voxels done Correlation: 0.4661358199757607
Network 8 - Consciousness: 50000 voxels done Correlation: 0.46585333378555127
