Running job on: wood
Iteration: 427
Starting spatial evaluation...
/home/fhopp/.conda/envs/mjs/lib/python3.8/site-packages/nilearn/maskers/nifti_masker.py:110: UserWarning: imgs are being resampled to the mask_img resolution. This process is memory intensive. You might want to provide a target_affine that is equal to the affine of the imgs or resample the mask beforehand to save memory and computation time.
  warnings.warn(
/home/fhopp/.conda/envs/mjs/lib/python3.8/site-packages/nilearn/masking.py:980: UserWarning: Data array used to create a new image contains 64-bit ints. This is likely due to creating the array with numpy and passing `int` as the `dtype`. Many tools such as FSL and SPM cannot deal with int64 in Nifti images, so for compatibility the data has been converted to int32.
  return new_img_like(mask_img, unmasked, affine)
Network 0 - Visual: 50 voxels done Correlation: 0.6477529059001954
Network 0 - Visual: 150 voxels done Correlation: 0.6208949385157256
Network 0 - Visual: 250 voxels done Correlation: 0.5871862449452359
Network 0 - Visual: 500 voxels done Correlation: 0.5971976260404083
Network 0 - Visual: 750 voxels done Correlation: 0.6587251797489789
Network 0 - Visual: 1000 voxels done Correlation: 0.6266660904821475
Network 0 - Visual: 1500 voxels done Correlation: 0.5939161756444552
Network 0 - Visual: 3000 voxels done Correlation: 0.6358949624067867
Network 0 - Visual: 5000 voxels done Correlation: 0.6344956518614759
Network 0 - Visual: 6500 voxels done Correlation: 0.6305913976276549
Network 0 - Visual: 10000 voxels done Correlation: 0.6254154292494014
Network 0 - Visual: 15000 voxels done Correlation: 0.6307643727970911
/home/fhopp/.conda/envs/mjs/lib/python3.8/site-packages/nilearn/masking.py:980: UserWarning: Data array used to create a new image contains 64-bit ints. This is likely due to creating the array with numpy and passing `int` as the `dtype`. Many tools such as FSL and SPM cannot deal with int64 in Nifti images, so for compatibility the data has been converted to int32.
  return new_img_like(mask_img, unmasked, affine)
Network 1 - Somatomotor: 50 voxels done Correlation: 0.20847224548823134
Network 1 - Somatomotor: 150 voxels done Correlation: 0.3646911819759895
Network 1 - Somatomotor: 250 voxels done Correlation: 0.3666857537836049
Network 1 - Somatomotor: 500 voxels done Correlation: 0.33740357756418204
Network 1 - Somatomotor: 750 voxels done Correlation: 0.34208311758238197
Network 1 - Somatomotor: 1000 voxels done Correlation: 0.33238048241512214
Network 1 - Somatomotor: 1500 voxels done Correlation: 0.3415257446059967
Network 1 - Somatomotor: 3000 voxels done Correlation: 0.34788699186191374
Network 1 - Somatomotor: 5000 voxels done Correlation: 0.33847504773767734
Network 1 - Somatomotor: 6500 voxels done Correlation: 0.3453916621923527
Network 1 - Somatomotor: 10000 voxels done Correlation: 0.34488553744148887
Network 1 - Somatomotor: 15000 voxels done Correlation: 0.3409622313040213
/home/fhopp/.conda/envs/mjs/lib/python3.8/site-packages/nilearn/masking.py:980: UserWarning: Data array used to create a new image contains 64-bit ints. This is likely due to creating the array with numpy and passing `int` as the `dtype`. Many tools such as FSL and SPM cannot deal with int64 in Nifti images, so for compatibility the data has been converted to int32.
  return new_img_like(mask_img, unmasked, affine)
Network 2 - dAttention: 50 voxels done Correlation: 0.3355631323961061
Network 2 - dAttention: 150 voxels done Correlation: 0.3350282920706793
Network 2 - dAttention: 250 voxels done Correlation: 0.37519367918811175
Network 2 - dAttention: 500 voxels done Correlation: 0.3723200819516489
Network 2 - dAttention: 750 voxels done Correlation: 0.3595336608749957
Network 2 - dAttention: 1000 voxels done Correlation: 0.3506937761665405
Network 2 - dAttention: 1500 voxels done Correlation: 0.29579846295998646
Network 2 - dAttention: 3000 voxels done Correlation: 0.32247037946648893
Network 2 - dAttention: 5000 voxels done Correlation: 0.31175274573734824
Network 2 - dAttention: 6500 voxels done Correlation: 0.3423693202857287
Network 2 - dAttention: 10000 voxels done Correlation: 0.3141856883461427
Network 2 - dAttention: 15000 voxels done Correlation: 0.3341573647333936
/home/fhopp/.conda/envs/mjs/lib/python3.8/site-packages/nilearn/masking.py:980: UserWarning: Data array used to create a new image contains 64-bit ints. This is likely due to creating the array with numpy and passing `int` as the `dtype`. Many tools such as FSL and SPM cannot deal with int64 in Nifti images, so for compatibility the data has been converted to int32.
  return new_img_like(mask_img, unmasked, affine)
Network 3 - vAttention: 50 voxels done Correlation: 0.22276990014053683
Network 3 - vAttention: 150 voxels done Correlation: 0.3210954909762225
Network 3 - vAttention: 250 voxels done Correlation: 0.32156116758673814
Network 3 - vAttention: 500 voxels done Correlation: 0.35684461364837383
Network 3 - vAttention: 750 voxels done Correlation: 0.35902793154217033
Network 3 - vAttention: 1000 voxels done Correlation: 0.3242760743204029
Network 3 - vAttention: 1500 voxels done Correlation: 0.36673314802619406
Network 3 - vAttention: 3000 voxels done Correlation: 0.36535575405818377
Network 3 - vAttention: 5000 voxels done Correlation: 0.3922246067756731
Network 3 - vAttention: 6500 voxels done Correlation: 0.3678781650291838
Network 3 - vAttention: 10000 voxels done Correlation: 0.38893135534256607
Network 3 - vAttention: 15000 voxels done Correlation: 0.3881654362002658
/home/fhopp/.conda/envs/mjs/lib/python3.8/site-packages/nilearn/masking.py:980: UserWarning: Data array used to create a new image contains 64-bit ints. This is likely due to creating the array with numpy and passing `int` as the `dtype`. Many tools such as FSL and SPM cannot deal with int64 in Nifti images, so for compatibility the data has been converted to int32.
  return new_img_like(mask_img, unmasked, affine)
Network 4 - Limbic: 50 voxels done Correlation: 0.23621814185093873
Network 4 - Limbic: 150 voxels done Correlation: 0.25479845889133157
Network 4 - Limbic: 250 voxels done Correlation: 0.2683915955838526
Network 4 - Limbic: 500 voxels done Correlation: 0.2615877675966372
Network 4 - Limbic: 750 voxels done Correlation: 0.3096679009085507
Network 4 - Limbic: 1000 voxels done Correlation: 0.2634250429188115
Network 4 - Limbic: 1500 voxels done Correlation: 0.24880245729406636
Network 4 - Limbic: 3000 voxels done Correlation: 0.28500251603998994
Network 4 - Limbic: 5000 voxels done Correlation: 0.2902800139251106
Network 4 - Limbic: 6500 voxels done Correlation: 0.28343680334129284
Network 4 - Limbic: 10000 voxels done Correlation: 0.2830848342957315
/home/fhopp/.conda/envs/mjs/lib/python3.8/site-packages/nilearn/masking.py:980: UserWarning: Data array used to create a new image contains 64-bit ints. This is likely due to creating the array with numpy and passing `int` as the `dtype`. Many tools such as FSL and SPM cannot deal with int64 in Nifti images, so for compatibility the data has been converted to int32.
  return new_img_like(mask_img, unmasked, affine)
Network 5 - Frontoparietal: 50 voxels done Correlation: 0.20609352507102596
Network 5 - Frontoparietal: 150 voxels done Correlation: 0.14270585297803368
Network 5 - Frontoparietal: 250 voxels done Correlation: 0.23082969532646858
Network 5 - Frontoparietal: 500 voxels done Correlation: 0.2270450786441594
Network 5 - Frontoparietal: 750 voxels done Correlation: 0.18935551732439315
Network 5 - Frontoparietal: 1000 voxels done Correlation: 0.2366068602654018
Network 5 - Frontoparietal: 1500 voxels done Correlation: 0.26822395538745786
Network 5 - Frontoparietal: 3000 voxels done Correlation: 0.2235799787510848
Network 5 - Frontoparietal: 5000 voxels done Correlation: 0.23115567663702546
Network 5 - Frontoparietal: 6500 voxels done Correlation: 0.24143165949307244
Network 5 - Frontoparietal: 10000 voxels done Correlation: 0.22861861693323493
Network 5 - Frontoparietal: 15000 voxels done Correlation: 0.23907373782923647
/home/fhopp/.conda/envs/mjs/lib/python3.8/site-packages/nilearn/masking.py:980: UserWarning: Data array used to create a new image contains 64-bit ints. This is likely due to creating the array with numpy and passing `int` as the `dtype`. Many tools such as FSL and SPM cannot deal with int64 in Nifti images, so for compatibility the data has been converted to int32.
  return new_img_like(mask_img, unmasked, affine)
Network 6 - Default Mode: 50 voxels done Correlation: 0.3294221924087138
Network 6 - Default Mode: 150 voxels done Correlation: 0.3524047221925973
Network 6 - Default Mode: 250 voxels done Correlation: 0.3735494434425817
Network 6 - Default Mode: 500 voxels done Correlation: 0.32126657506443007
Network 6 - Default Mode: 750 voxels done Correlation: 0.34782536707013456
Network 6 - Default Mode: 1000 voxels done Correlation: 0.3939067487269764
Network 6 - Default Mode: 1500 voxels done Correlation: 0.3851098365408785
Network 6 - Default Mode: 3000 voxels done Correlation: 0.42153822993357176
Network 6 - Default Mode: 5000 voxels done Correlation: 0.4157938237344815
Network 6 - Default Mode: 6500 voxels done Correlation: 0.39187142183691615
Network 6 - Default Mode: 10000 voxels done Correlation: 0.41968379490359525
Network 6 - Default Mode: 15000 voxels done Correlation: 0.4146060095689392
Network 6 - Default Mode: 25000 voxels done Correlation: 0.41493075380909744
/home/fhopp/.conda/envs/mjs/lib/python3.8/site-packages/nilearn/masking.py:980: UserWarning: Data array used to create a new image contains 64-bit ints. This is likely due to creating the array with numpy and passing `int` as the `dtype`. Many tools such as FSL and SPM cannot deal with int64 in Nifti images, so for compatibility the data has been converted to int32.
  return new_img_like(mask_img, unmasked, affine)
Network 7 - Subcortical: 50 voxels done Correlation: 0.22448005319010103
Network 7 - Subcortical: 150 voxels done Correlation: 0.26673119152617825
Network 7 - Subcortical: 250 voxels done Correlation: 0.24897120548448215
Network 7 - Subcortical: 500 voxels done Correlation: 0.1820739622420555
Network 7 - Subcortical: 750 voxels done Correlation: 0.24808633719173745
Network 7 - Subcortical: 1000 voxels done Correlation: 0.21523425044992123
Network 7 - Subcortical: 1500 voxels done Correlation: 0.19201861293808803
Network 7 - Subcortical: 3000 voxels done Correlation: 0.18284992974995956
Network 7 - Subcortical: 5000 voxels done Correlation: 0.1702190163191426
Network 7 - Subcortical: 6500 voxels done Correlation: 0.16235142560067853
Network 7 - Subcortical: 10000 voxels done Correlation: 0.16593191662011497
Network 8 - Consciousness: 50 voxels done Correlation: 0.236492585025597
Network 8 - Consciousness: 150 voxels done Correlation: 0.3824448127096195
Network 8 - Consciousness: 250 voxels done Correlation: 0.34437381929725713
Network 8 - Consciousness: 500 voxels done Correlation: 0.3175894679724557
Network 8 - Consciousness: 750 voxels done Correlation: 0.4474905731419486
Network 8 - Consciousness: 1000 voxels done Correlation: 0.46125168314760717
Network 8 - Consciousness: 1500 voxels done Correlation: 0.42811198909248466
Network 8 - Consciousness: 3000 voxels done Correlation: 0.46563585837790744
Network 8 - Consciousness: 5000 voxels done Correlation: 0.4462711221875034
Network 8 - Consciousness: 6500 voxels done Correlation: 0.4463568106293041
Network 8 - Consciousness: 10000 voxels done Correlation: 0.4684049041937726
Network 8 - Consciousness: 15000 voxels done Correlation: 0.46791741747878146
Network 8 - Consciousness: 25000 voxels done Correlation: 0.45942166191060835
Network 8 - Consciousness: 50000 voxels done Correlation: 0.4645748456645363
