Running job on: wood
Iteration: 610
Starting spatial evaluation...
/home/fhopp/.conda/envs/mjs/lib/python3.8/site-packages/nilearn/maskers/nifti_masker.py:110: UserWarning: imgs are being resampled to the mask_img resolution. This process is memory intensive. You might want to provide a target_affine that is equal to the affine of the imgs or resample the mask beforehand to save memory and computation time.
  warnings.warn(
/home/fhopp/.conda/envs/mjs/lib/python3.8/site-packages/nilearn/masking.py:980: UserWarning: Data array used to create a new image contains 64-bit ints. This is likely due to creating the array with numpy and passing `int` as the `dtype`. Many tools such as FSL and SPM cannot deal with int64 in Nifti images, so for compatibility the data has been converted to int32.
  return new_img_like(mask_img, unmasked, affine)
Network 0 - Visual: 50 voxels done Correlation: 0.6308052311611716
Network 0 - Visual: 150 voxels done Correlation: 0.5854660423535081
Network 0 - Visual: 250 voxels done Correlation: 0.5707553643374059
Network 0 - Visual: 500 voxels done Correlation: 0.5334379412310326
Network 0 - Visual: 750 voxels done Correlation: 0.5570386756568121
Network 0 - Visual: 1000 voxels done Correlation: 0.6092211232999452
Network 0 - Visual: 1500 voxels done Correlation: 0.5776176240628008
Network 0 - Visual: 3000 voxels done Correlation: 0.6231677985598474
Network 0 - Visual: 5000 voxels done Correlation: 0.6251501282649448
Network 0 - Visual: 6500 voxels done Correlation: 0.6182097252510212
Network 0 - Visual: 10000 voxels done Correlation: 0.6234993311210675
Network 0 - Visual: 15000 voxels done Correlation: 0.6321680339341393
/home/fhopp/.conda/envs/mjs/lib/python3.8/site-packages/nilearn/masking.py:980: UserWarning: Data array used to create a new image contains 64-bit ints. This is likely due to creating the array with numpy and passing `int` as the `dtype`. Many tools such as FSL and SPM cannot deal with int64 in Nifti images, so for compatibility the data has been converted to int32.
  return new_img_like(mask_img, unmasked, affine)
Network 1 - Somatomotor: 50 voxels done Correlation: 0.29893439347502115
Network 1 - Somatomotor: 150 voxels done Correlation: 0.3356976446143449
Network 1 - Somatomotor: 250 voxels done Correlation: 0.37484121219418365
Network 1 - Somatomotor: 500 voxels done Correlation: 0.3776877828612232
Network 1 - Somatomotor: 750 voxels done Correlation: 0.3535682404891852
Network 1 - Somatomotor: 1000 voxels done Correlation: 0.3166113922869991
Network 1 - Somatomotor: 1500 voxels done Correlation: 0.3803166435333132
Network 1 - Somatomotor: 3000 voxels done Correlation: 0.3443780368603178
Network 1 - Somatomotor: 5000 voxels done Correlation: 0.34073331885901553
Network 1 - Somatomotor: 6500 voxels done Correlation: 0.34152956898978803
Network 1 - Somatomotor: 10000 voxels done Correlation: 0.3442068208979307
Network 1 - Somatomotor: 15000 voxels done Correlation: 0.34186047686629717
/home/fhopp/.conda/envs/mjs/lib/python3.8/site-packages/nilearn/masking.py:980: UserWarning: Data array used to create a new image contains 64-bit ints. This is likely due to creating the array with numpy and passing `int` as the `dtype`. Many tools such as FSL and SPM cannot deal with int64 in Nifti images, so for compatibility the data has been converted to int32.
  return new_img_like(mask_img, unmasked, affine)
Network 2 - dAttention: 50 voxels done Correlation: 0.26082061259488665
Network 2 - dAttention: 150 voxels done Correlation: 0.27048203009701344
Network 2 - dAttention: 250 voxels done Correlation: 0.34880508522840115
Network 2 - dAttention: 500 voxels done Correlation: 0.3537407978576951
Network 2 - dAttention: 750 voxels done Correlation: 0.3277682612210434
Network 2 - dAttention: 1000 voxels done Correlation: 0.31619932283794605
Network 2 - dAttention: 1500 voxels done Correlation: 0.2880768735294389
Network 2 - dAttention: 3000 voxels done Correlation: 0.3228338715211205
Network 2 - dAttention: 5000 voxels done Correlation: 0.31958367466354143
Network 2 - dAttention: 6500 voxels done Correlation: 0.33063630203324346
Network 2 - dAttention: 10000 voxels done Correlation: 0.3421595288010175
Network 2 - dAttention: 15000 voxels done Correlation: 0.3294547291971309
/home/fhopp/.conda/envs/mjs/lib/python3.8/site-packages/nilearn/masking.py:980: UserWarning: Data array used to create a new image contains 64-bit ints. This is likely due to creating the array with numpy and passing `int` as the `dtype`. Many tools such as FSL and SPM cannot deal with int64 in Nifti images, so for compatibility the data has been converted to int32.
  return new_img_like(mask_img, unmasked, affine)
Network 3 - vAttention: 50 voxels done Correlation: 0.18797645610062227
Network 3 - vAttention: 150 voxels done Correlation: 0.2559363091294609
Network 3 - vAttention: 250 voxels done Correlation: 0.2692455999859324
Network 3 - vAttention: 500 voxels done Correlation: 0.2564438102129223
Network 3 - vAttention: 750 voxels done Correlation: 0.2701248730962326
Network 3 - vAttention: 1000 voxels done Correlation: 0.3162971622946854
Network 3 - vAttention: 1500 voxels done Correlation: 0.33676338189634236
Network 3 - vAttention: 3000 voxels done Correlation: 0.3454782648241409
Network 3 - vAttention: 5000 voxels done Correlation: 0.3751826754556338
Network 3 - vAttention: 6500 voxels done Correlation: 0.3805733943500197
Network 3 - vAttention: 10000 voxels done Correlation: 0.3992843180183727
Network 3 - vAttention: 15000 voxels done Correlation: 0.38796931337303975
/home/fhopp/.conda/envs/mjs/lib/python3.8/site-packages/nilearn/masking.py:980: UserWarning: Data array used to create a new image contains 64-bit ints. This is likely due to creating the array with numpy and passing `int` as the `dtype`. Many tools such as FSL and SPM cannot deal with int64 in Nifti images, so for compatibility the data has been converted to int32.
  return new_img_like(mask_img, unmasked, affine)
Network 4 - Limbic: 50 voxels done Correlation: 0.17128270158499193
Network 4 - Limbic: 150 voxels done Correlation: 0.2629059631169596
Network 4 - Limbic: 250 voxels done Correlation: 0.2634656485233997
Network 4 - Limbic: 500 voxels done Correlation: 0.27711062036811085
Network 4 - Limbic: 750 voxels done Correlation: 0.2795451806468032
Network 4 - Limbic: 1000 voxels done Correlation: 0.24275918122477
Network 4 - Limbic: 1500 voxels done Correlation: 0.27601939477516757
Network 4 - Limbic: 3000 voxels done Correlation: 0.2833725674238536
Network 4 - Limbic: 5000 voxels done Correlation: 0.26862860818290557
Network 4 - Limbic: 6500 voxels done Correlation: 0.28160825196746886
Network 4 - Limbic: 10000 voxels done Correlation: 0.2777993935326215
/home/fhopp/.conda/envs/mjs/lib/python3.8/site-packages/nilearn/masking.py:980: UserWarning: Data array used to create a new image contains 64-bit ints. This is likely due to creating the array with numpy and passing `int` as the `dtype`. Many tools such as FSL and SPM cannot deal with int64 in Nifti images, so for compatibility the data has been converted to int32.
  return new_img_like(mask_img, unmasked, affine)
Network 5 - Frontoparietal: 50 voxels done Correlation: 0.2017892052348241
Network 5 - Frontoparietal: 150 voxels done Correlation: 0.20582153544754844
Network 5 - Frontoparietal: 250 voxels done Correlation: 0.22171557512917528
Network 5 - Frontoparietal: 500 voxels done Correlation: 0.27942435304206603
Network 5 - Frontoparietal: 750 voxels done Correlation: 0.23415488774030468
Network 5 - Frontoparietal: 1000 voxels done Correlation: 0.19725280898691505
Network 5 - Frontoparietal: 1500 voxels done Correlation: 0.2218773899780348
Network 5 - Frontoparietal: 3000 voxels done Correlation: 0.22997081341947334
Network 5 - Frontoparietal: 5000 voxels done Correlation: 0.24881127330559316
Network 5 - Frontoparietal: 6500 voxels done Correlation: 0.23608606736207222
Network 5 - Frontoparietal: 10000 voxels done Correlation: 0.24488349108494833
Network 5 - Frontoparietal: 15000 voxels done Correlation: 0.237826634678184
/home/fhopp/.conda/envs/mjs/lib/python3.8/site-packages/nilearn/masking.py:980: UserWarning: Data array used to create a new image contains 64-bit ints. This is likely due to creating the array with numpy and passing `int` as the `dtype`. Many tools such as FSL and SPM cannot deal with int64 in Nifti images, so for compatibility the data has been converted to int32.
  return new_img_like(mask_img, unmasked, affine)
Network 6 - Default Mode: 50 voxels done Correlation: 0.1913962949535254
Network 6 - Default Mode: 150 voxels done Correlation: 0.2986694721869406
Network 6 - Default Mode: 250 voxels done Correlation: 0.38483583010997635
Network 6 - Default Mode: 500 voxels done Correlation: 0.3819664872235989
Network 6 - Default Mode: 750 voxels done Correlation: 0.39176920082243905
Network 6 - Default Mode: 1000 voxels done Correlation: 0.350505858585621
Network 6 - Default Mode: 1500 voxels done Correlation: 0.3731762394551591
Network 6 - Default Mode: 3000 voxels done Correlation: 0.38917279458333626
Network 6 - Default Mode: 5000 voxels done Correlation: 0.3957573314276948
Network 6 - Default Mode: 6500 voxels done Correlation: 0.3911484582860431
Network 6 - Default Mode: 10000 voxels done Correlation: 0.3986208333706768
Network 6 - Default Mode: 15000 voxels done Correlation: 0.41280707621851775
Network 6 - Default Mode: 25000 voxels done Correlation: 0.4044247891418561
/home/fhopp/.conda/envs/mjs/lib/python3.8/site-packages/nilearn/masking.py:980: UserWarning: Data array used to create a new image contains 64-bit ints. This is likely due to creating the array with numpy and passing `int` as the `dtype`. Many tools such as FSL and SPM cannot deal with int64 in Nifti images, so for compatibility the data has been converted to int32.
  return new_img_like(mask_img, unmasked, affine)
Network 7 - Subcortical: 50 voxels done Correlation: 0.1652206063003087
Network 7 - Subcortical: 150 voxels done Correlation: 0.21192976588422435
Network 7 - Subcortical: 250 voxels done Correlation: 0.11607854894354751
Network 7 - Subcortical: 500 voxels done Correlation: 0.3056752036204836
Network 7 - Subcortical: 750 voxels done Correlation: 0.23319622799457582
Network 7 - Subcortical: 1000 voxels done Correlation: 0.21782033796585776
Network 7 - Subcortical: 1500 voxels done Correlation: 0.21919342171661796
Network 7 - Subcortical: 3000 voxels done Correlation: 0.192002118220176
Network 7 - Subcortical: 5000 voxels done Correlation: 0.16774209255317235
Network 7 - Subcortical: 6500 voxels done Correlation: 0.16599391167898558
Network 7 - Subcortical: 10000 voxels done Correlation: 0.16685531529055347
Network 8 - Consciousness: 50 voxels done Correlation: 0.2963083767953225
Network 8 - Consciousness: 150 voxels done Correlation: 0.2751302983862157
Network 8 - Consciousness: 250 voxels done Correlation: 0.34059816153869604
Network 8 - Consciousness: 500 voxels done Correlation: 0.3430996800064332
Network 8 - Consciousness: 750 voxels done Correlation: 0.329459429605776
Network 8 - Consciousness: 1000 voxels done Correlation: 0.3990734238799659
Network 8 - Consciousness: 1500 voxels done Correlation: 0.48915201407834974
Network 8 - Consciousness: 3000 voxels done Correlation: 0.46237530883637157
Network 8 - Consciousness: 5000 voxels done Correlation: 0.42753280713639896
Network 8 - Consciousness: 6500 voxels done Correlation: 0.477325717924165
Network 8 - Consciousness: 10000 voxels done Correlation: 0.4763137905121397
Network 8 - Consciousness: 15000 voxels done Correlation: 0.4567656611196649
Network 8 - Consciousness: 25000 voxels done Correlation: 0.45881254355324363
Network 8 - Consciousness: 50000 voxels done Correlation: 0.4659524772334421
