Running job on: wood
Iteration: 145
Starting spatial evaluation...
/home/fhopp/.conda/envs/mjs/lib/python3.8/site-packages/nilearn/maskers/nifti_masker.py:110: UserWarning: imgs are being resampled to the mask_img resolution. This process is memory intensive. You might want to provide a target_affine that is equal to the affine of the imgs or resample the mask beforehand to save memory and computation time.
  warnings.warn(
/home/fhopp/.conda/envs/mjs/lib/python3.8/site-packages/nilearn/masking.py:980: UserWarning: Data array used to create a new image contains 64-bit ints. This is likely due to creating the array with numpy and passing `int` as the `dtype`. Many tools such as FSL and SPM cannot deal with int64 in Nifti images, so for compatibility the data has been converted to int32.
  return new_img_like(mask_img, unmasked, affine)
Network 0 - Visual: 50 voxels done Correlation: 0.626791266594086
Network 0 - Visual: 150 voxels done Correlation: 0.5573662008131436
Network 0 - Visual: 250 voxels done Correlation: 0.6923838378390188
Network 0 - Visual: 500 voxels done Correlation: 0.5891165260338338
Network 0 - Visual: 750 voxels done Correlation: 0.5867140742107742
Network 0 - Visual: 1000 voxels done Correlation: 0.6019874589394842
Network 0 - Visual: 1500 voxels done Correlation: 0.5986760122637727
Network 0 - Visual: 3000 voxels done Correlation: 0.6296780822535406
Network 0 - Visual: 5000 voxels done Correlation: 0.6191163869509998
Network 0 - Visual: 6500 voxels done Correlation: 0.6395949176937181
Network 0 - Visual: 10000 voxels done Correlation: 0.6312718579877398
Network 0 - Visual: 15000 voxels done Correlation: 0.6309434833225032
/home/fhopp/.conda/envs/mjs/lib/python3.8/site-packages/nilearn/masking.py:980: UserWarning: Data array used to create a new image contains 64-bit ints. This is likely due to creating the array with numpy and passing `int` as the `dtype`. Many tools such as FSL and SPM cannot deal with int64 in Nifti images, so for compatibility the data has been converted to int32.
  return new_img_like(mask_img, unmasked, affine)
Network 1 - Somatomotor: 50 voxels done Correlation: 0.3290319581765949
Network 1 - Somatomotor: 150 voxels done Correlation: 0.2700399829754231
Network 1 - Somatomotor: 250 voxels done Correlation: 0.2991894684138339
Network 1 - Somatomotor: 500 voxels done Correlation: 0.29148982306780674
Network 1 - Somatomotor: 750 voxels done Correlation: 0.35368679594152674
Network 1 - Somatomotor: 1000 voxels done Correlation: 0.34895961168548717
Network 1 - Somatomotor: 1500 voxels done Correlation: 0.3868238877544926
Network 1 - Somatomotor: 3000 voxels done Correlation: 0.31256748814142254
Network 1 - Somatomotor: 5000 voxels done Correlation: 0.34194547104056594
Network 1 - Somatomotor: 6500 voxels done Correlation: 0.33700764682477685
Network 1 - Somatomotor: 10000 voxels done Correlation: 0.3471266116738656
Network 1 - Somatomotor: 15000 voxels done Correlation: 0.3404729983592141
/home/fhopp/.conda/envs/mjs/lib/python3.8/site-packages/nilearn/masking.py:980: UserWarning: Data array used to create a new image contains 64-bit ints. This is likely due to creating the array with numpy and passing `int` as the `dtype`. Many tools such as FSL and SPM cannot deal with int64 in Nifti images, so for compatibility the data has been converted to int32.
  return new_img_like(mask_img, unmasked, affine)
Network 2 - dAttention: 50 voxels done Correlation: 0.26587200410643774
Network 2 - dAttention: 150 voxels done Correlation: 0.29680024911735475
Network 2 - dAttention: 250 voxels done Correlation: 0.2633823710511153
Network 2 - dAttention: 500 voxels done Correlation: 0.32775043197309417
Network 2 - dAttention: 750 voxels done Correlation: 0.33995833865796243
Network 2 - dAttention: 1000 voxels done Correlation: 0.3316896476953025
Network 2 - dAttention: 1500 voxels done Correlation: 0.2989253423672774
Network 2 - dAttention: 3000 voxels done Correlation: 0.3213544780304258
Network 2 - dAttention: 5000 voxels done Correlation: 0.3464882443641989
Network 2 - dAttention: 6500 voxels done Correlation: 0.34258984013042426
Network 2 - dAttention: 10000 voxels done Correlation: 0.33575165575544724
Network 2 - dAttention: 15000 voxels done Correlation: 0.336592580863883
/home/fhopp/.conda/envs/mjs/lib/python3.8/site-packages/nilearn/masking.py:980: UserWarning: Data array used to create a new image contains 64-bit ints. This is likely due to creating the array with numpy and passing `int` as the `dtype`. Many tools such as FSL and SPM cannot deal with int64 in Nifti images, so for compatibility the data has been converted to int32.
  return new_img_like(mask_img, unmasked, affine)
Network 3 - vAttention: 50 voxels done Correlation: 0.34101012535305486
Network 3 - vAttention: 150 voxels done Correlation: 0.2704624999185816
Network 3 - vAttention: 250 voxels done Correlation: 0.2988957533058755
Network 3 - vAttention: 500 voxels done Correlation: 0.3571557155710071
Network 3 - vAttention: 750 voxels done Correlation: 0.30570296909983297
Network 3 - vAttention: 1000 voxels done Correlation: 0.37167226098067474
Network 3 - vAttention: 1500 voxels done Correlation: 0.3151795618851503
Network 3 - vAttention: 3000 voxels done Correlation: 0.3683485170881239
Network 3 - vAttention: 5000 voxels done Correlation: 0.380211355535772
Network 3 - vAttention: 6500 voxels done Correlation: 0.381089785939849
Network 3 - vAttention: 10000 voxels done Correlation: 0.3850885280807371
Network 3 - vAttention: 15000 voxels done Correlation: 0.3890619856537513
/home/fhopp/.conda/envs/mjs/lib/python3.8/site-packages/nilearn/masking.py:980: UserWarning: Data array used to create a new image contains 64-bit ints. This is likely due to creating the array with numpy and passing `int` as the `dtype`. Many tools such as FSL and SPM cannot deal with int64 in Nifti images, so for compatibility the data has been converted to int32.
  return new_img_like(mask_img, unmasked, affine)
Network 4 - Limbic: 50 voxels done Correlation: 0.12450459601984763
Network 4 - Limbic: 150 voxels done Correlation: 0.23181032258034495
Network 4 - Limbic: 250 voxels done Correlation: 0.28794684291209327
Network 4 - Limbic: 500 voxels done Correlation: 0.30453424899115455
Network 4 - Limbic: 750 voxels done Correlation: 0.2616814936349268
Network 4 - Limbic: 1000 voxels done Correlation: 0.234424580285278
Network 4 - Limbic: 1500 voxels done Correlation: 0.2842875085954457
Network 4 - Limbic: 3000 voxels done Correlation: 0.2981736236968989
Network 4 - Limbic: 5000 voxels done Correlation: 0.2867376342911351
Network 4 - Limbic: 6500 voxels done Correlation: 0.279226254319131
Network 4 - Limbic: 10000 voxels done Correlation: 0.28388351888140506
/home/fhopp/.conda/envs/mjs/lib/python3.8/site-packages/nilearn/masking.py:980: UserWarning: Data array used to create a new image contains 64-bit ints. This is likely due to creating the array with numpy and passing `int` as the `dtype`. Many tools such as FSL and SPM cannot deal with int64 in Nifti images, so for compatibility the data has been converted to int32.
  return new_img_like(mask_img, unmasked, affine)
Network 5 - Frontoparietal: 50 voxels done Correlation: 0.23981331746178638
Network 5 - Frontoparietal: 150 voxels done Correlation: 0.16838841303137136
Network 5 - Frontoparietal: 250 voxels done Correlation: 0.21663360876568055
Network 5 - Frontoparietal: 500 voxels done Correlation: 0.21934439163541222
Network 5 - Frontoparietal: 750 voxels done Correlation: 0.24607255678616866
Network 5 - Frontoparietal: 1000 voxels done Correlation: 0.23123586112937805
Network 5 - Frontoparietal: 1500 voxels done Correlation: 0.24736035525386518
Network 5 - Frontoparietal: 3000 voxels done Correlation: 0.24715202079328097
Network 5 - Frontoparietal: 5000 voxels done Correlation: 0.227197840399403
Network 5 - Frontoparietal: 6500 voxels done Correlation: 0.22743593817944685
Network 5 - Frontoparietal: 10000 voxels done Correlation: 0.22594046283858116
Network 5 - Frontoparietal: 15000 voxels done Correlation: 0.23752415930560594
/home/fhopp/.conda/envs/mjs/lib/python3.8/site-packages/nilearn/masking.py:980: UserWarning: Data array used to create a new image contains 64-bit ints. This is likely due to creating the array with numpy and passing `int` as the `dtype`. Many tools such as FSL and SPM cannot deal with int64 in Nifti images, so for compatibility the data has been converted to int32.
  return new_img_like(mask_img, unmasked, affine)
Network 6 - Default Mode: 50 voxels done Correlation: 0.2544371516573914
Network 6 - Default Mode: 150 voxels done Correlation: 0.3150122949490437
Network 6 - Default Mode: 250 voxels done Correlation: 0.38346277822042063
Network 6 - Default Mode: 500 voxels done Correlation: 0.3556252585439874
Network 6 - Default Mode: 750 voxels done Correlation: 0.3735838694423864
Network 6 - Default Mode: 1000 voxels done Correlation: 0.3561538519229305
Network 6 - Default Mode: 1500 voxels done Correlation: 0.40607353501672283
Network 6 - Default Mode: 3000 voxels done Correlation: 0.3888407475096013
Network 6 - Default Mode: 5000 voxels done Correlation: 0.38554652499825326
Network 6 - Default Mode: 6500 voxels done Correlation: 0.41040455555880384
Network 6 - Default Mode: 10000 voxels done Correlation: 0.40180821633532215
Network 6 - Default Mode: 15000 voxels done Correlation: 0.4090277456910133
Network 6 - Default Mode: 25000 voxels done Correlation: 0.40736168519908034
/home/fhopp/.conda/envs/mjs/lib/python3.8/site-packages/nilearn/masking.py:980: UserWarning: Data array used to create a new image contains 64-bit ints. This is likely due to creating the array with numpy and passing `int` as the `dtype`. Many tools such as FSL and SPM cannot deal with int64 in Nifti images, so for compatibility the data has been converted to int32.
  return new_img_like(mask_img, unmasked, affine)
Network 7 - Subcortical: 50 voxels done Correlation: 0.08347511804058982
Network 7 - Subcortical: 150 voxels done Correlation: 0.12085231775962274
Network 7 - Subcortical: 250 voxels done Correlation: 0.20436984522980495
Network 7 - Subcortical: 500 voxels done Correlation: 0.23342542842815062
Network 7 - Subcortical: 750 voxels done Correlation: 0.23459823238625369
Network 7 - Subcortical: 1000 voxels done Correlation: 0.2208492159152115
Network 7 - Subcortical: 1500 voxels done Correlation: 0.24745762185963693
Network 7 - Subcortical: 3000 voxels done Correlation: 0.17314360694278816
Network 7 - Subcortical: 5000 voxels done Correlation: 0.17327841719419695
Network 7 - Subcortical: 6500 voxels done Correlation: 0.16293321738130212
Network 7 - Subcortical: 10000 voxels done Correlation: 0.16651487786363356
Network 8 - Consciousness: 50 voxels done Correlation: 0.17030470091547872
Network 8 - Consciousness: 150 voxels done Correlation: 0.29190796764321436
Network 8 - Consciousness: 250 voxels done Correlation: 0.3095974506254313
Network 8 - Consciousness: 500 voxels done Correlation: 0.428483590762474
Network 8 - Consciousness: 750 voxels done Correlation: 0.37591496730341667
Network 8 - Consciousness: 1000 voxels done Correlation: 0.41044597277299755
Network 8 - Consciousness: 1500 voxels done Correlation: 0.3856536318151137
Network 8 - Consciousness: 3000 voxels done Correlation: 0.4736840794655065
Network 8 - Consciousness: 5000 voxels done Correlation: 0.46437844396076233
Network 8 - Consciousness: 6500 voxels done Correlation: 0.46334233951902537
Network 8 - Consciousness: 10000 voxels done Correlation: 0.46005431878920366
Network 8 - Consciousness: 15000 voxels done Correlation: 0.4707115358143208
Network 8 - Consciousness: 25000 voxels done Correlation: 0.45689504145153914
Network 8 - Consciousness: 50000 voxels done Correlation: 0.46648366528119334
