Running job on: nash
Iteration: 252
Starting spatial evaluation...
/home/fhopp/.conda/envs/mjs/lib/python3.8/site-packages/nilearn/maskers/nifti_masker.py:110: UserWarning: imgs are being resampled to the mask_img resolution. This process is memory intensive. You might want to provide a target_affine that is equal to the affine of the imgs or resample the mask beforehand to save memory and computation time.
  warnings.warn(
/home/fhopp/.conda/envs/mjs/lib/python3.8/site-packages/nilearn/masking.py:980: UserWarning: Data array used to create a new image contains 64-bit ints. This is likely due to creating the array with numpy and passing `int` as the `dtype`. Many tools such as FSL and SPM cannot deal with int64 in Nifti images, so for compatibility the data has been converted to int32.
  return new_img_like(mask_img, unmasked, affine)
Network 0 - Visual: 50 voxels done Correlation: 0.6280184892866598
Network 0 - Visual: 150 voxels done Correlation: 0.61544364418769
Network 0 - Visual: 250 voxels done Correlation: 0.6544481437584354
Network 0 - Visual: 500 voxels done Correlation: 0.5908412908453378
Network 0 - Visual: 750 voxels done Correlation: 0.6133207041944211
Network 0 - Visual: 1000 voxels done Correlation: 0.6175790828017174
Network 0 - Visual: 1500 voxels done Correlation: 0.6316434932168817
Network 0 - Visual: 3000 voxels done Correlation: 0.6065233739190551
Network 0 - Visual: 5000 voxels done Correlation: 0.6232865718938199
Network 0 - Visual: 6500 voxels done Correlation: 0.6292397077194023
Network 0 - Visual: 10000 voxels done Correlation: 0.627363069323166
Network 0 - Visual: 15000 voxels done Correlation: 0.6304618051917352
/home/fhopp/.conda/envs/mjs/lib/python3.8/site-packages/nilearn/masking.py:980: UserWarning: Data array used to create a new image contains 64-bit ints. This is likely due to creating the array with numpy and passing `int` as the `dtype`. Many tools such as FSL and SPM cannot deal with int64 in Nifti images, so for compatibility the data has been converted to int32.
  return new_img_like(mask_img, unmasked, affine)
Network 1 - Somatomotor: 50 voxels done Correlation: 0.1811607766704832
Network 1 - Somatomotor: 150 voxels done Correlation: 0.16692436632530805
Network 1 - Somatomotor: 250 voxels done Correlation: 0.34073545085952944
Network 1 - Somatomotor: 500 voxels done Correlation: 0.3395505719416119
Network 1 - Somatomotor: 750 voxels done Correlation: 0.3931678180808294
Network 1 - Somatomotor: 1000 voxels done Correlation: 0.351563041756773
Network 1 - Somatomotor: 1500 voxels done Correlation: 0.3736778972446165
Network 1 - Somatomotor: 3000 voxels done Correlation: 0.34713436316684376
Network 1 - Somatomotor: 5000 voxels done Correlation: 0.3481988967701153
Network 1 - Somatomotor: 6500 voxels done Correlation: 0.3402617265609209
Network 1 - Somatomotor: 10000 voxels done Correlation: 0.35196447974006584
Network 1 - Somatomotor: 15000 voxels done Correlation: 0.3452411307046368
/home/fhopp/.conda/envs/mjs/lib/python3.8/site-packages/nilearn/masking.py:980: UserWarning: Data array used to create a new image contains 64-bit ints. This is likely due to creating the array with numpy and passing `int` as the `dtype`. Many tools such as FSL and SPM cannot deal with int64 in Nifti images, so for compatibility the data has been converted to int32.
  return new_img_like(mask_img, unmasked, affine)
Network 2 - dAttention: 50 voxels done Correlation: 0.290505828673273
Network 2 - dAttention: 150 voxels done Correlation: 0.33469802983612207
Network 2 - dAttention: 250 voxels done Correlation: 0.3645101106870964
Network 2 - dAttention: 500 voxels done Correlation: 0.41763756228571125
Network 2 - dAttention: 750 voxels done Correlation: 0.33546556191381804
Network 2 - dAttention: 1000 voxels done Correlation: 0.32876169754091256
Network 2 - dAttention: 1500 voxels done Correlation: 0.29456615007392417
Network 2 - dAttention: 3000 voxels done Correlation: 0.3126451482109988
Network 2 - dAttention: 5000 voxels done Correlation: 0.3425052161261107
Network 2 - dAttention: 6500 voxels done Correlation: 0.325316457522647
Network 2 - dAttention: 10000 voxels done Correlation: 0.3284832079535951
Network 2 - dAttention: 15000 voxels done Correlation: 0.3340226137844106
/home/fhopp/.conda/envs/mjs/lib/python3.8/site-packages/nilearn/masking.py:980: UserWarning: Data array used to create a new image contains 64-bit ints. This is likely due to creating the array with numpy and passing `int` as the `dtype`. Many tools such as FSL and SPM cannot deal with int64 in Nifti images, so for compatibility the data has been converted to int32.
  return new_img_like(mask_img, unmasked, affine)
Network 3 - vAttention: 50 voxels done Correlation: 0.19739073735428325
Network 3 - vAttention: 150 voxels done Correlation: 0.27675945503557364
Network 3 - vAttention: 250 voxels done Correlation: 0.3902568033017568
Network 3 - vAttention: 500 voxels done Correlation: 0.3134683371326021
Network 3 - vAttention: 750 voxels done Correlation: 0.2860907312207729
Network 3 - vAttention: 1000 voxels done Correlation: 0.3797883964238661
Network 3 - vAttention: 1500 voxels done Correlation: 0.3358519063491411
Network 3 - vAttention: 3000 voxels done Correlation: 0.3703000823914449
Network 3 - vAttention: 5000 voxels done Correlation: 0.37286513521441333
Network 3 - vAttention: 6500 voxels done Correlation: 0.37673391195625217
Network 3 - vAttention: 10000 voxels done Correlation: 0.3916616936263184
Network 3 - vAttention: 15000 voxels done Correlation: 0.3891233054929718
/home/fhopp/.conda/envs/mjs/lib/python3.8/site-packages/nilearn/masking.py:980: UserWarning: Data array used to create a new image contains 64-bit ints. This is likely due to creating the array with numpy and passing `int` as the `dtype`. Many tools such as FSL and SPM cannot deal with int64 in Nifti images, so for compatibility the data has been converted to int32.
  return new_img_like(mask_img, unmasked, affine)
Network 4 - Limbic: 50 voxels done Correlation: 0.1524920796020474
Network 4 - Limbic: 150 voxels done Correlation: 0.19705627229704004
Network 4 - Limbic: 250 voxels done Correlation: 0.21585209957270446
Network 4 - Limbic: 500 voxels done Correlation: 0.31718615676346273
Network 4 - Limbic: 750 voxels done Correlation: 0.2345833033571311
Network 4 - Limbic: 1000 voxels done Correlation: 0.2337955441066164
Network 4 - Limbic: 1500 voxels done Correlation: 0.27156055808755647
Network 4 - Limbic: 3000 voxels done Correlation: 0.2808574679352527
Network 4 - Limbic: 5000 voxels done Correlation: 0.2848439629963164
Network 4 - Limbic: 6500 voxels done Correlation: 0.2949688815635735
Network 4 - Limbic: 10000 voxels done Correlation: 0.2887539476653268
/home/fhopp/.conda/envs/mjs/lib/python3.8/site-packages/nilearn/masking.py:980: UserWarning: Data array used to create a new image contains 64-bit ints. This is likely due to creating the array with numpy and passing `int` as the `dtype`. Many tools such as FSL and SPM cannot deal with int64 in Nifti images, so for compatibility the data has been converted to int32.
  return new_img_like(mask_img, unmasked, affine)
Network 5 - Frontoparietal: 50 voxels done Correlation: 0.08465720830343432
Network 5 - Frontoparietal: 150 voxels done Correlation: 0.2577320031906921
Network 5 - Frontoparietal: 250 voxels done Correlation: 0.21397407358288703
Network 5 - Frontoparietal: 500 voxels done Correlation: 0.3196077558877284
Network 5 - Frontoparietal: 750 voxels done Correlation: 0.20184309796844258
Network 5 - Frontoparietal: 1000 voxels done Correlation: 0.2524702372341871
Network 5 - Frontoparietal: 1500 voxels done Correlation: 0.2566007221611526
Network 5 - Frontoparietal: 3000 voxels done Correlation: 0.2399102644583822
Network 5 - Frontoparietal: 5000 voxels done Correlation: 0.23071147751830895
Network 5 - Frontoparietal: 6500 voxels done Correlation: 0.2336394682111163
Network 5 - Frontoparietal: 10000 voxels done Correlation: 0.2410341102689889
Network 5 - Frontoparietal: 15000 voxels done Correlation: 0.24010272699016955
/home/fhopp/.conda/envs/mjs/lib/python3.8/site-packages/nilearn/masking.py:980: UserWarning: Data array used to create a new image contains 64-bit ints. This is likely due to creating the array with numpy and passing `int` as the `dtype`. Many tools such as FSL and SPM cannot deal with int64 in Nifti images, so for compatibility the data has been converted to int32.
  return new_img_like(mask_img, unmasked, affine)
Network 6 - Default Mode: 50 voxels done Correlation: 0.3249255226602968
Network 6 - Default Mode: 150 voxels done Correlation: 0.29124931523035513
Network 6 - Default Mode: 250 voxels done Correlation: 0.332266161531085
Network 6 - Default Mode: 500 voxels done Correlation: 0.34663347387147286
Network 6 - Default Mode: 750 voxels done Correlation: 0.37105429612190904
Network 6 - Default Mode: 1000 voxels done Correlation: 0.33936233879307326
Network 6 - Default Mode: 1500 voxels done Correlation: 0.3517576316855731
Network 6 - Default Mode: 3000 voxels done Correlation: 0.39405974549190825
Network 6 - Default Mode: 5000 voxels done Correlation: 0.38860274101264325
Network 6 - Default Mode: 6500 voxels done Correlation: 0.3821268943548616
Network 6 - Default Mode: 10000 voxels done Correlation: 0.3923403676609709
Network 6 - Default Mode: 15000 voxels done Correlation: 0.4035556659726914
Network 6 - Default Mode: 25000 voxels done Correlation: 0.4136316331439728
/home/fhopp/.conda/envs/mjs/lib/python3.8/site-packages/nilearn/masking.py:980: UserWarning: Data array used to create a new image contains 64-bit ints. This is likely due to creating the array with numpy and passing `int` as the `dtype`. Many tools such as FSL and SPM cannot deal with int64 in Nifti images, so for compatibility the data has been converted to int32.
  return new_img_like(mask_img, unmasked, affine)
Network 7 - Subcortical: 50 voxels done Correlation: 0.20197916819728684
Network 7 - Subcortical: 150 voxels done Correlation: 0.1943806949457536
Network 7 - Subcortical: 250 voxels done Correlation: 0.18090771375997083
Network 7 - Subcortical: 500 voxels done Correlation: 0.17652123622373234
Network 7 - Subcortical: 750 voxels done Correlation: 0.25545673675555924
Network 7 - Subcortical: 1000 voxels done Correlation: 0.21106171540232815
Network 7 - Subcortical: 1500 voxels done Correlation: 0.24149384007664165
Network 7 - Subcortical: 3000 voxels done Correlation: 0.19563961331570512
Network 7 - Subcortical: 5000 voxels done Correlation: 0.16089136052864766
Network 7 - Subcortical: 6500 voxels done Correlation: 0.17504232860094662
Network 7 - Subcortical: 10000 voxels done Correlation: 0.1633404039865559
Network 8 - Consciousness: 50 voxels done Correlation: 0.22653907164503673
Network 8 - Consciousness: 150 voxels done Correlation: 0.32854619373045846
Network 8 - Consciousness: 250 voxels done Correlation: 0.31671082503093706
Network 8 - Consciousness: 500 voxels done Correlation: 0.3669024636329504
Network 8 - Consciousness: 750 voxels done Correlation: 0.4110371553281361
Network 8 - Consciousness: 1000 voxels done Correlation: 0.3696730153918528
Network 8 - Consciousness: 1500 voxels done Correlation: 0.36286251178276696
Network 8 - Consciousness: 3000 voxels done Correlation: 0.46735676160086126
Network 8 - Consciousness: 5000 voxels done Correlation: 0.43009000356467014
Network 8 - Consciousness: 6500 voxels done Correlation: 0.46342047121435176
Network 8 - Consciousness: 10000 voxels done Correlation: 0.4784873045553527
Network 8 - Consciousness: 15000 voxels done Correlation: 0.4559918183719361
Network 8 - Consciousness: 25000 voxels done Correlation: 0.46461719660925244
Network 8 - Consciousness: 50000 voxels done Correlation: 0.46474695194340554
