Running job on: nash
Iteration: 369
Starting spatial evaluation...
/home/fhopp/.conda/envs/mjs/lib/python3.8/site-packages/nilearn/maskers/nifti_masker.py:110: UserWarning: imgs are being resampled to the mask_img resolution. This process is memory intensive. You might want to provide a target_affine that is equal to the affine of the imgs or resample the mask beforehand to save memory and computation time.
  warnings.warn(
/home/fhopp/.conda/envs/mjs/lib/python3.8/site-packages/nilearn/masking.py:980: UserWarning: Data array used to create a new image contains 64-bit ints. This is likely due to creating the array with numpy and passing `int` as the `dtype`. Many tools such as FSL and SPM cannot deal with int64 in Nifti images, so for compatibility the data has been converted to int32.
  return new_img_like(mask_img, unmasked, affine)
Network 0 - Visual: 50 voxels done Correlation: 0.6184784286449623
Network 0 - Visual: 150 voxels done Correlation: 0.6785173737719747
Network 0 - Visual: 250 voxels done Correlation: 0.674451824257605
Network 0 - Visual: 500 voxels done Correlation: 0.5750727682668937
Network 0 - Visual: 750 voxels done Correlation: 0.6096141927922656
Network 0 - Visual: 1000 voxels done Correlation: 0.613286288320492
Network 0 - Visual: 1500 voxels done Correlation: 0.6118683362107964
Network 0 - Visual: 3000 voxels done Correlation: 0.623131448428502
Network 0 - Visual: 5000 voxels done Correlation: 0.6200178163989294
Network 0 - Visual: 6500 voxels done Correlation: 0.6306788539062251
Network 0 - Visual: 10000 voxels done Correlation: 0.6302154709857142
Network 0 - Visual: 15000 voxels done Correlation: 0.6320248593341522
/home/fhopp/.conda/envs/mjs/lib/python3.8/site-packages/nilearn/masking.py:980: UserWarning: Data array used to create a new image contains 64-bit ints. This is likely due to creating the array with numpy and passing `int` as the `dtype`. Many tools such as FSL and SPM cannot deal with int64 in Nifti images, so for compatibility the data has been converted to int32.
  return new_img_like(mask_img, unmasked, affine)
Network 1 - Somatomotor: 50 voxels done Correlation: 0.2665523744693872
Network 1 - Somatomotor: 150 voxels done Correlation: 0.372559743729839
Network 1 - Somatomotor: 250 voxels done Correlation: 0.35018921548954746
Network 1 - Somatomotor: 500 voxels done Correlation: 0.3152137145900227
Network 1 - Somatomotor: 750 voxels done Correlation: 0.31151812704320647
Network 1 - Somatomotor: 1000 voxels done Correlation: 0.3984829442396284
Network 1 - Somatomotor: 1500 voxels done Correlation: 0.31530720681465213
Network 1 - Somatomotor: 3000 voxels done Correlation: 0.34075895521438815
Network 1 - Somatomotor: 5000 voxels done Correlation: 0.3733350687490527
Network 1 - Somatomotor: 6500 voxels done Correlation: 0.3491316076038111
Network 1 - Somatomotor: 10000 voxels done Correlation: 0.346075776683384
Network 1 - Somatomotor: 15000 voxels done Correlation: 0.3460042999804174
/home/fhopp/.conda/envs/mjs/lib/python3.8/site-packages/nilearn/masking.py:980: UserWarning: Data array used to create a new image contains 64-bit ints. This is likely due to creating the array with numpy and passing `int` as the `dtype`. Many tools such as FSL and SPM cannot deal with int64 in Nifti images, so for compatibility the data has been converted to int32.
  return new_img_like(mask_img, unmasked, affine)
Network 2 - dAttention: 50 voxels done Correlation: 0.286841751285119
Network 2 - dAttention: 150 voxels done Correlation: 0.24010639443864523
Network 2 - dAttention: 250 voxels done Correlation: 0.3320525741763215
Network 2 - dAttention: 500 voxels done Correlation: 0.3469723937622651
Network 2 - dAttention: 750 voxels done Correlation: 0.3643908837248544
Network 2 - dAttention: 1000 voxels done Correlation: 0.3366087599584863
Network 2 - dAttention: 1500 voxels done Correlation: 0.3144665327756969
Network 2 - dAttention: 3000 voxels done Correlation: 0.31495154407305737
Network 2 - dAttention: 5000 voxels done Correlation: 0.3393669297486158
Network 2 - dAttention: 6500 voxels done Correlation: 0.3160630577317031
Network 2 - dAttention: 10000 voxels done Correlation: 0.3241616942413521
Network 2 - dAttention: 15000 voxels done Correlation: 0.33761505787963225
/home/fhopp/.conda/envs/mjs/lib/python3.8/site-packages/nilearn/masking.py:980: UserWarning: Data array used to create a new image contains 64-bit ints. This is likely due to creating the array with numpy and passing `int` as the `dtype`. Many tools such as FSL and SPM cannot deal with int64 in Nifti images, so for compatibility the data has been converted to int32.
  return new_img_like(mask_img, unmasked, affine)
Network 3 - vAttention: 50 voxels done Correlation: 0.10978621737299768
Network 3 - vAttention: 150 voxels done Correlation: 0.2847035399315782
Network 3 - vAttention: 250 voxels done Correlation: 0.31219629975685637
Network 3 - vAttention: 500 voxels done Correlation: 0.2991308351153886
Network 3 - vAttention: 750 voxels done Correlation: 0.3799696636149348
Network 3 - vAttention: 1000 voxels done Correlation: 0.37342976832605246
Network 3 - vAttention: 1500 voxels done Correlation: 0.33310785447339636
Network 3 - vAttention: 3000 voxels done Correlation: 0.3651273388699171
Network 3 - vAttention: 5000 voxels done Correlation: 0.38068966502243196
Network 3 - vAttention: 6500 voxels done Correlation: 0.3640164634348472
Network 3 - vAttention: 10000 voxels done Correlation: 0.38177895736554296
Network 3 - vAttention: 15000 voxels done Correlation: 0.388762244523984
/home/fhopp/.conda/envs/mjs/lib/python3.8/site-packages/nilearn/masking.py:980: UserWarning: Data array used to create a new image contains 64-bit ints. This is likely due to creating the array with numpy and passing `int` as the `dtype`. Many tools such as FSL and SPM cannot deal with int64 in Nifti images, so for compatibility the data has been converted to int32.
  return new_img_like(mask_img, unmasked, affine)
Network 4 - Limbic: 50 voxels done Correlation: 0.13648959944913697
Network 4 - Limbic: 150 voxels done Correlation: 0.1754508829300862
Network 4 - Limbic: 250 voxels done Correlation: 0.17506041605807415
Network 4 - Limbic: 500 voxels done Correlation: 0.2729086899976829
Network 4 - Limbic: 750 voxels done Correlation: 0.20884143686285683
Network 4 - Limbic: 1000 voxels done Correlation: 0.2547929839164411
Network 4 - Limbic: 1500 voxels done Correlation: 0.2559974618948084
Network 4 - Limbic: 3000 voxels done Correlation: 0.2739144164281586
Network 4 - Limbic: 5000 voxels done Correlation: 0.2738722612672503
Network 4 - Limbic: 6500 voxels done Correlation: 0.29103505161804966
Network 4 - Limbic: 10000 voxels done Correlation: 0.2912941506719259
/home/fhopp/.conda/envs/mjs/lib/python3.8/site-packages/nilearn/masking.py:980: UserWarning: Data array used to create a new image contains 64-bit ints. This is likely due to creating the array with numpy and passing `int` as the `dtype`. Many tools such as FSL and SPM cannot deal with int64 in Nifti images, so for compatibility the data has been converted to int32.
  return new_img_like(mask_img, unmasked, affine)
Network 5 - Frontoparietal: 50 voxels done Correlation: 0.20143299521132962
Network 5 - Frontoparietal: 150 voxels done Correlation: 0.17968467706495517
Network 5 - Frontoparietal: 250 voxels done Correlation: 0.12914802774248346
Network 5 - Frontoparietal: 500 voxels done Correlation: 0.22227159009420827
Network 5 - Frontoparietal: 750 voxels done Correlation: 0.24537063598710232
Network 5 - Frontoparietal: 1000 voxels done Correlation: 0.26914654233561675
Network 5 - Frontoparietal: 1500 voxels done Correlation: 0.255774450078369
Network 5 - Frontoparietal: 3000 voxels done Correlation: 0.23742808051420922
Network 5 - Frontoparietal: 5000 voxels done Correlation: 0.24511479873127365
Network 5 - Frontoparietal: 6500 voxels done Correlation: 0.2334463339445142
Network 5 - Frontoparietal: 10000 voxels done Correlation: 0.240054936996836
Network 5 - Frontoparietal: 15000 voxels done Correlation: 0.24048242696321154
/home/fhopp/.conda/envs/mjs/lib/python3.8/site-packages/nilearn/masking.py:980: UserWarning: Data array used to create a new image contains 64-bit ints. This is likely due to creating the array with numpy and passing `int` as the `dtype`. Many tools such as FSL and SPM cannot deal with int64 in Nifti images, so for compatibility the data has been converted to int32.
  return new_img_like(mask_img, unmasked, affine)
Network 6 - Default Mode: 50 voxels done Correlation: 0.2795596151160199
Network 6 - Default Mode: 150 voxels done Correlation: 0.3650508676178673
Network 6 - Default Mode: 250 voxels done Correlation: 0.28869009506571763
Network 6 - Default Mode: 500 voxels done Correlation: 0.3154520884177179
Network 6 - Default Mode: 750 voxels done Correlation: 0.3907298295278716
Network 6 - Default Mode: 1000 voxels done Correlation: 0.3938990740771987
Network 6 - Default Mode: 1500 voxels done Correlation: 0.37515683229377417
Network 6 - Default Mode: 3000 voxels done Correlation: 0.4073043760124744
Network 6 - Default Mode: 5000 voxels done Correlation: 0.3919413256749056
Network 6 - Default Mode: 6500 voxels done Correlation: 0.3977899753626105
Network 6 - Default Mode: 10000 voxels done Correlation: 0.3985491101169458
Network 6 - Default Mode: 15000 voxels done Correlation: 0.41277392601674645
Network 6 - Default Mode: 25000 voxels done Correlation: 0.4074955676439015
/home/fhopp/.conda/envs/mjs/lib/python3.8/site-packages/nilearn/masking.py:980: UserWarning: Data array used to create a new image contains 64-bit ints. This is likely due to creating the array with numpy and passing `int` as the `dtype`. Many tools such as FSL and SPM cannot deal with int64 in Nifti images, so for compatibility the data has been converted to int32.
  return new_img_like(mask_img, unmasked, affine)
Network 7 - Subcortical: 50 voxels done Correlation: 0.1413845795654809
Network 7 - Subcortical: 150 voxels done Correlation: 0.22871696029119779
Network 7 - Subcortical: 250 voxels done Correlation: 0.23044496944954873
Network 7 - Subcortical: 500 voxels done Correlation: 0.2148722479478718
Network 7 - Subcortical: 750 voxels done Correlation: 0.289044278819008
Network 7 - Subcortical: 1000 voxels done Correlation: 0.19582816749962628
Network 7 - Subcortical: 1500 voxels done Correlation: 0.22220610648154826
Network 7 - Subcortical: 3000 voxels done Correlation: 0.18175055253351757
Network 7 - Subcortical: 5000 voxels done Correlation: 0.1594806831957591
Network 7 - Subcortical: 6500 voxels done Correlation: 0.1528253108027895
Network 7 - Subcortical: 10000 voxels done Correlation: 0.16700210293053575
Network 8 - Consciousness: 50 voxels done Correlation: 0.2845695237119975
Network 8 - Consciousness: 150 voxels done Correlation: 0.31236318985800915
Network 8 - Consciousness: 250 voxels done Correlation: 0.29368668625237143
Network 8 - Consciousness: 500 voxels done Correlation: 0.397620376951632
Network 8 - Consciousness: 750 voxels done Correlation: 0.3730502680385801
Network 8 - Consciousness: 1000 voxels done Correlation: 0.4269651728442687
Network 8 - Consciousness: 1500 voxels done Correlation: 0.4273267101550421
Network 8 - Consciousness: 3000 voxels done Correlation: 0.42444166748748113
Network 8 - Consciousness: 5000 voxels done Correlation: 0.4308720363810674
Network 8 - Consciousness: 6500 voxels done Correlation: 0.43819766530314197
Network 8 - Consciousness: 10000 voxels done Correlation: 0.4790806962618315
Network 8 - Consciousness: 15000 voxels done Correlation: 0.46009700292299993
Network 8 - Consciousness: 25000 voxels done Correlation: 0.45681918177453085
Network 8 - Consciousness: 50000 voxels done Correlation: 0.46510817744375665
