Running job on: nash
Iteration: 57
Starting spatial evaluation...
/home/fhopp/.conda/envs/mjs/lib/python3.8/site-packages/nilearn/maskers/nifti_masker.py:110: UserWarning: imgs are being resampled to the mask_img resolution. This process is memory intensive. You might want to provide a target_affine that is equal to the affine of the imgs or resample the mask beforehand to save memory and computation time.
  warnings.warn(
/home/fhopp/.conda/envs/mjs/lib/python3.8/site-packages/nilearn/masking.py:980: UserWarning: Data array used to create a new image contains 64-bit ints. This is likely due to creating the array with numpy and passing `int` as the `dtype`. Many tools such as FSL and SPM cannot deal with int64 in Nifti images, so for compatibility the data has been converted to int32.
  return new_img_like(mask_img, unmasked, affine)
Network 0 - Visual: 50 voxels done Correlation: 0.6039984640036551
Network 0 - Visual: 150 voxels done Correlation: 0.6826808431565463
Network 0 - Visual: 250 voxels done Correlation: 0.6548293733392523
Network 0 - Visual: 500 voxels done Correlation: 0.564385765261734
Network 0 - Visual: 750 voxels done Correlation: 0.5758225832809103
Network 0 - Visual: 1000 voxels done Correlation: 0.5789486556855512
Network 0 - Visual: 1500 voxels done Correlation: 0.6124807529040457
Network 0 - Visual: 3000 voxels done Correlation: 0.6099008001728123
Network 0 - Visual: 5000 voxels done Correlation: 0.6311102029606639
Network 0 - Visual: 6500 voxels done Correlation: 0.6269882300140592
Network 0 - Visual: 10000 voxels done Correlation: 0.6268306287051276
Network 0 - Visual: 15000 voxels done Correlation: 0.6296475884063747
/home/fhopp/.conda/envs/mjs/lib/python3.8/site-packages/nilearn/masking.py:980: UserWarning: Data array used to create a new image contains 64-bit ints. This is likely due to creating the array with numpy and passing `int` as the `dtype`. Many tools such as FSL and SPM cannot deal with int64 in Nifti images, so for compatibility the data has been converted to int32.
  return new_img_like(mask_img, unmasked, affine)
Network 1 - Somatomotor: 50 voxels done Correlation: 0.2950371490581756
Network 1 - Somatomotor: 150 voxels done Correlation: 0.28712862672540373
Network 1 - Somatomotor: 250 voxels done Correlation: 0.34701461021929525
Network 1 - Somatomotor: 500 voxels done Correlation: 0.35398661062002457
Network 1 - Somatomotor: 750 voxels done Correlation: 0.33929193780485145
Network 1 - Somatomotor: 1000 voxels done Correlation: 0.33046757651376235
Network 1 - Somatomotor: 1500 voxels done Correlation: 0.3695633522904598
Network 1 - Somatomotor: 3000 voxels done Correlation: 0.34862357020974666
Network 1 - Somatomotor: 5000 voxels done Correlation: 0.3364974586441095
Network 1 - Somatomotor: 6500 voxels done Correlation: 0.327865845156296
Network 1 - Somatomotor: 10000 voxels done Correlation: 0.349926303050594
Network 1 - Somatomotor: 15000 voxels done Correlation: 0.34247736203489365
/home/fhopp/.conda/envs/mjs/lib/python3.8/site-packages/nilearn/masking.py:980: UserWarning: Data array used to create a new image contains 64-bit ints. This is likely due to creating the array with numpy and passing `int` as the `dtype`. Many tools such as FSL and SPM cannot deal with int64 in Nifti images, so for compatibility the data has been converted to int32.
  return new_img_like(mask_img, unmasked, affine)
Network 2 - dAttention: 50 voxels done Correlation: 0.275774751393337
Network 2 - dAttention: 150 voxels done Correlation: 0.2853315160426128
Network 2 - dAttention: 250 voxels done Correlation: 0.25052155542665117
Network 2 - dAttention: 500 voxels done Correlation: 0.32042970870784687
Network 2 - dAttention: 750 voxels done Correlation: 0.27494362060826566
Network 2 - dAttention: 1000 voxels done Correlation: 0.32980946639618647
Network 2 - dAttention: 1500 voxels done Correlation: 0.3258777154647927
Network 2 - dAttention: 3000 voxels done Correlation: 0.32187891609423996
Network 2 - dAttention: 5000 voxels done Correlation: 0.3398137045913203
Network 2 - dAttention: 6500 voxels done Correlation: 0.3269065631268606
Network 2 - dAttention: 10000 voxels done Correlation: 0.33986737827598
Network 2 - dAttention: 15000 voxels done Correlation: 0.33361125697026706
/home/fhopp/.conda/envs/mjs/lib/python3.8/site-packages/nilearn/masking.py:980: UserWarning: Data array used to create a new image contains 64-bit ints. This is likely due to creating the array with numpy and passing `int` as the `dtype`. Many tools such as FSL and SPM cannot deal with int64 in Nifti images, so for compatibility the data has been converted to int32.
  return new_img_like(mask_img, unmasked, affine)
Network 3 - vAttention: 50 voxels done Correlation: 0.17245275146136507
Network 3 - vAttention: 150 voxels done Correlation: 0.23294097160190746
Network 3 - vAttention: 250 voxels done Correlation: 0.33381855574891783
Network 3 - vAttention: 500 voxels done Correlation: 0.2940542575817973
Network 3 - vAttention: 750 voxels done Correlation: 0.3362564865748856
Network 3 - vAttention: 1000 voxels done Correlation: 0.37128041983121246
Network 3 - vAttention: 1500 voxels done Correlation: 0.3688327193821622
Network 3 - vAttention: 3000 voxels done Correlation: 0.37531225980191774
Network 3 - vAttention: 5000 voxels done Correlation: 0.3766888129228978
Network 3 - vAttention: 6500 voxels done Correlation: 0.3817449571312466
Network 3 - vAttention: 10000 voxels done Correlation: 0.3789689544210669
Network 3 - vAttention: 15000 voxels done Correlation: 0.38845841984650203
/home/fhopp/.conda/envs/mjs/lib/python3.8/site-packages/nilearn/masking.py:980: UserWarning: Data array used to create a new image contains 64-bit ints. This is likely due to creating the array with numpy and passing `int` as the `dtype`. Many tools such as FSL and SPM cannot deal with int64 in Nifti images, so for compatibility the data has been converted to int32.
  return new_img_like(mask_img, unmasked, affine)
Network 4 - Limbic: 50 voxels done Correlation: 0.20031862996383787
Network 4 - Limbic: 150 voxels done Correlation: 0.1907017737699584
Network 4 - Limbic: 250 voxels done Correlation: 0.26683025191839926
Network 4 - Limbic: 500 voxels done Correlation: 0.23059076310440324
Network 4 - Limbic: 750 voxels done Correlation: 0.29479394651889734
Network 4 - Limbic: 1000 voxels done Correlation: 0.25126872700360314
Network 4 - Limbic: 1500 voxels done Correlation: 0.25872900641888674
Network 4 - Limbic: 3000 voxels done Correlation: 0.28032537666241564
Network 4 - Limbic: 5000 voxels done Correlation: 0.282533858777655
Network 4 - Limbic: 6500 voxels done Correlation: 0.2913054630001452
Network 4 - Limbic: 10000 voxels done Correlation: 0.28614155377388323
/home/fhopp/.conda/envs/mjs/lib/python3.8/site-packages/nilearn/masking.py:980: UserWarning: Data array used to create a new image contains 64-bit ints. This is likely due to creating the array with numpy and passing `int` as the `dtype`. Many tools such as FSL and SPM cannot deal with int64 in Nifti images, so for compatibility the data has been converted to int32.
  return new_img_like(mask_img, unmasked, affine)
Network 5 - Frontoparietal: 50 voxels done Correlation: 0.19939003426566684
Network 5 - Frontoparietal: 150 voxels done Correlation: 0.14212934095225774
Network 5 - Frontoparietal: 250 voxels done Correlation: 0.2222963439967925
Network 5 - Frontoparietal: 500 voxels done Correlation: 0.17936797540949628
Network 5 - Frontoparietal: 750 voxels done Correlation: 0.23929044727494655
Network 5 - Frontoparietal: 1000 voxels done Correlation: 0.21218316287659528
Network 5 - Frontoparietal: 1500 voxels done Correlation: 0.23392002653791208
Network 5 - Frontoparietal: 3000 voxels done Correlation: 0.23094958621198583
Network 5 - Frontoparietal: 5000 voxels done Correlation: 0.219917876590024
Network 5 - Frontoparietal: 6500 voxels done Correlation: 0.23935713823357452
Network 5 - Frontoparietal: 10000 voxels done Correlation: 0.24383322284754003
Network 5 - Frontoparietal: 15000 voxels done Correlation: 0.23672080749067087
/home/fhopp/.conda/envs/mjs/lib/python3.8/site-packages/nilearn/masking.py:980: UserWarning: Data array used to create a new image contains 64-bit ints. This is likely due to creating the array with numpy and passing `int` as the `dtype`. Many tools such as FSL and SPM cannot deal with int64 in Nifti images, so for compatibility the data has been converted to int32.
  return new_img_like(mask_img, unmasked, affine)
Network 6 - Default Mode: 50 voxels done Correlation: 0.22186499132608678
Network 6 - Default Mode: 150 voxels done Correlation: 0.3638618875892349
Network 6 - Default Mode: 250 voxels done Correlation: 0.334455693693876
Network 6 - Default Mode: 500 voxels done Correlation: 0.3083159082206435
Network 6 - Default Mode: 750 voxels done Correlation: 0.2961327948959755
Network 6 - Default Mode: 1000 voxels done Correlation: 0.3470247724409262
Network 6 - Default Mode: 1500 voxels done Correlation: 0.3993749486216872
Network 6 - Default Mode: 3000 voxels done Correlation: 0.39624558874691285
Network 6 - Default Mode: 5000 voxels done Correlation: 0.41721139852883227
Network 6 - Default Mode: 6500 voxels done Correlation: 0.3906794216497688
Network 6 - Default Mode: 10000 voxels done Correlation: 0.4142133083363595
Network 6 - Default Mode: 15000 voxels done Correlation: 0.40783689485272584
Network 6 - Default Mode: 25000 voxels done Correlation: 0.41510445079878555
/home/fhopp/.conda/envs/mjs/lib/python3.8/site-packages/nilearn/masking.py:980: UserWarning: Data array used to create a new image contains 64-bit ints. This is likely due to creating the array with numpy and passing `int` as the `dtype`. Many tools such as FSL and SPM cannot deal with int64 in Nifti images, so for compatibility the data has been converted to int32.
  return new_img_like(mask_img, unmasked, affine)
Network 7 - Subcortical: 50 voxels done Correlation: 0.10640020326574635
Network 7 - Subcortical: 150 voxels done Correlation: 0.22049919164909693
Network 7 - Subcortical: 250 voxels done Correlation: 0.18812232894520825
Network 7 - Subcortical: 500 voxels done Correlation: 0.1984069807913568
Network 7 - Subcortical: 750 voxels done Correlation: 0.20429351360113995
Network 7 - Subcortical: 1000 voxels done Correlation: 0.23103257239384034
Network 7 - Subcortical: 1500 voxels done Correlation: 0.17394412834576586
Network 7 - Subcortical: 3000 voxels done Correlation: 0.1637588510712088
Network 7 - Subcortical: 5000 voxels done Correlation: 0.16970401289660464
Network 7 - Subcortical: 6500 voxels done Correlation: 0.16929255821611372
Network 7 - Subcortical: 10000 voxels done Correlation: 0.1669991120423782
Network 8 - Consciousness: 50 voxels done Correlation: 0.2382576435697941
Network 8 - Consciousness: 150 voxels done Correlation: 0.2968331135632962
Network 8 - Consciousness: 250 voxels done Correlation: 0.33129359611678594
Network 8 - Consciousness: 500 voxels done Correlation: 0.32978352833504343
Network 8 - Consciousness: 750 voxels done Correlation: 0.4008143537709763
Network 8 - Consciousness: 1000 voxels done Correlation: 0.43021345697744184
Network 8 - Consciousness: 1500 voxels done Correlation: 0.4324696499382896
Network 8 - Consciousness: 3000 voxels done Correlation: 0.4786587958149022
Network 8 - Consciousness: 5000 voxels done Correlation: 0.45927215768088864
Network 8 - Consciousness: 6500 voxels done Correlation: 0.4561862904207798
Network 8 - Consciousness: 10000 voxels done Correlation: 0.46680162303110695
Network 8 - Consciousness: 15000 voxels done Correlation: 0.45453064689645545
Network 8 - Consciousness: 25000 voxels done Correlation: 0.46910405494967256
Network 8 - Consciousness: 50000 voxels done Correlation: 0.46667185754955537
