Running job on: markov
Iteration: 414
Starting spatial evaluation...
/home/fhopp/.conda/envs/mjs/lib/python3.8/site-packages/nilearn/maskers/nifti_masker.py:110: UserWarning: imgs are being resampled to the mask_img resolution. This process is memory intensive. You might want to provide a target_affine that is equal to the affine of the imgs or resample the mask beforehand to save memory and computation time.
  warnings.warn(
/home/fhopp/.conda/envs/mjs/lib/python3.8/site-packages/nilearn/masking.py:980: UserWarning: Data array used to create a new image contains 64-bit ints. This is likely due to creating the array with numpy and passing `int` as the `dtype`. Many tools such as FSL and SPM cannot deal with int64 in Nifti images, so for compatibility the data has been converted to int32.
  return new_img_like(mask_img, unmasked, affine)
Network 0 - Visual: 50 voxels done Correlation: 0.63651581806509
Network 0 - Visual: 150 voxels done Correlation: 0.6084549392275918
Network 0 - Visual: 250 voxels done Correlation: 0.5894844194975827
Network 0 - Visual: 500 voxels done Correlation: 0.5668484602475545
Network 0 - Visual: 750 voxels done Correlation: 0.5797407644967939
Network 0 - Visual: 1000 voxels done Correlation: 0.5709004681702252
Network 0 - Visual: 1500 voxels done Correlation: 0.6020261937126576
Network 0 - Visual: 3000 voxels done Correlation: 0.6382815179630434
Network 0 - Visual: 5000 voxels done Correlation: 0.6081338840183124
Network 0 - Visual: 6500 voxels done Correlation: 0.619929318425763
Network 0 - Visual: 10000 voxels done Correlation: 0.6265053018594888
Network 0 - Visual: 15000 voxels done Correlation: 0.6317008475583239
/home/fhopp/.conda/envs/mjs/lib/python3.8/site-packages/nilearn/masking.py:980: UserWarning: Data array used to create a new image contains 64-bit ints. This is likely due to creating the array with numpy and passing `int` as the `dtype`. Many tools such as FSL and SPM cannot deal with int64 in Nifti images, so for compatibility the data has been converted to int32.
  return new_img_like(mask_img, unmasked, affine)
Network 1 - Somatomotor: 50 voxels done Correlation: 0.13093757422194569
Network 1 - Somatomotor: 150 voxels done Correlation: 0.3110838312216606
Network 1 - Somatomotor: 250 voxels done Correlation: 0.2859954669132071
Network 1 - Somatomotor: 500 voxels done Correlation: 0.34210302523978275
Network 1 - Somatomotor: 750 voxels done Correlation: 0.3384241548927249
Network 1 - Somatomotor: 1000 voxels done Correlation: 0.32796349248321494
Network 1 - Somatomotor: 1500 voxels done Correlation: 0.355818017481259
Network 1 - Somatomotor: 3000 voxels done Correlation: 0.3428679185829616
Network 1 - Somatomotor: 5000 voxels done Correlation: 0.33368586615924134
Network 1 - Somatomotor: 6500 voxels done Correlation: 0.3447798663032289
Network 1 - Somatomotor: 10000 voxels done Correlation: 0.3327643719830957
Network 1 - Somatomotor: 15000 voxels done Correlation: 0.34343903654481656
/home/fhopp/.conda/envs/mjs/lib/python3.8/site-packages/nilearn/masking.py:980: UserWarning: Data array used to create a new image contains 64-bit ints. This is likely due to creating the array with numpy and passing `int` as the `dtype`. Many tools such as FSL and SPM cannot deal with int64 in Nifti images, so for compatibility the data has been converted to int32.
  return new_img_like(mask_img, unmasked, affine)
Network 2 - dAttention: 50 voxels done Correlation: 0.20943340138533137
Network 2 - dAttention: 150 voxels done Correlation: 0.41137108788000876
Network 2 - dAttention: 250 voxels done Correlation: 0.26543770223927604
Network 2 - dAttention: 500 voxels done Correlation: 0.34793047064701316
Network 2 - dAttention: 750 voxels done Correlation: 0.3225293438900481
Network 2 - dAttention: 1000 voxels done Correlation: 0.303302959019638
Network 2 - dAttention: 1500 voxels done Correlation: 0.3256503244510496
Network 2 - dAttention: 3000 voxels done Correlation: 0.28150208166771207
Network 2 - dAttention: 5000 voxels done Correlation: 0.3170160884296304
Network 2 - dAttention: 6500 voxels done Correlation: 0.34583284223980765
Network 2 - dAttention: 10000 voxels done Correlation: 0.3296075139641009
Network 2 - dAttention: 15000 voxels done Correlation: 0.3337077597609577
/home/fhopp/.conda/envs/mjs/lib/python3.8/site-packages/nilearn/masking.py:980: UserWarning: Data array used to create a new image contains 64-bit ints. This is likely due to creating the array with numpy and passing `int` as the `dtype`. Many tools such as FSL and SPM cannot deal with int64 in Nifti images, so for compatibility the data has been converted to int32.
  return new_img_like(mask_img, unmasked, affine)
Network 3 - vAttention: 50 voxels done Correlation: 0.25111300471998166
Network 3 - vAttention: 150 voxels done Correlation: 0.3062741869851858
Network 3 - vAttention: 250 voxels done Correlation: 0.36131820345100274
Network 3 - vAttention: 500 voxels done Correlation: 0.3670305335798647
Network 3 - vAttention: 750 voxels done Correlation: 0.3357952160327024
Network 3 - vAttention: 1000 voxels done Correlation: 0.3232557593047669
Network 3 - vAttention: 1500 voxels done Correlation: 0.3612831522946929
Network 3 - vAttention: 3000 voxels done Correlation: 0.38410611032903963
Network 3 - vAttention: 5000 voxels done Correlation: 0.3699106656346577
Network 3 - vAttention: 6500 voxels done Correlation: 0.3711681564345089
Network 3 - vAttention: 10000 voxels done Correlation: 0.38369729135639186
Network 3 - vAttention: 15000 voxels done Correlation: 0.3879601003747449
/home/fhopp/.conda/envs/mjs/lib/python3.8/site-packages/nilearn/masking.py:980: UserWarning: Data array used to create a new image contains 64-bit ints. This is likely due to creating the array with numpy and passing `int` as the `dtype`. Many tools such as FSL and SPM cannot deal with int64 in Nifti images, so for compatibility the data has been converted to int32.
  return new_img_like(mask_img, unmasked, affine)
Network 4 - Limbic: 50 voxels done Correlation: 0.15616083532988487
Network 4 - Limbic: 150 voxels done Correlation: 0.2202614875647122
Network 4 - Limbic: 250 voxels done Correlation: 0.23267742481023557
Network 4 - Limbic: 500 voxels done Correlation: 0.22513304732498957
Network 4 - Limbic: 750 voxels done Correlation: 0.23813071989621254
Network 4 - Limbic: 1000 voxels done Correlation: 0.2818766780336508
Network 4 - Limbic: 1500 voxels done Correlation: 0.277091751673021
Network 4 - Limbic: 3000 voxels done Correlation: 0.28721844525454865
Network 4 - Limbic: 5000 voxels done Correlation: 0.2834343381037525
Network 4 - Limbic: 6500 voxels done Correlation: 0.27493657328040616
Network 4 - Limbic: 10000 voxels done Correlation: 0.2916638850775277
/home/fhopp/.conda/envs/mjs/lib/python3.8/site-packages/nilearn/masking.py:980: UserWarning: Data array used to create a new image contains 64-bit ints. This is likely due to creating the array with numpy and passing `int` as the `dtype`. Many tools such as FSL and SPM cannot deal with int64 in Nifti images, so for compatibility the data has been converted to int32.
  return new_img_like(mask_img, unmasked, affine)
Network 5 - Frontoparietal: 50 voxels done Correlation: 0.15724443450233383
Network 5 - Frontoparietal: 150 voxels done Correlation: 0.23696057102217122
Network 5 - Frontoparietal: 250 voxels done Correlation: 0.24064379939732394
Network 5 - Frontoparietal: 500 voxels done Correlation: 0.22515285836946697
Network 5 - Frontoparietal: 750 voxels done Correlation: 0.21578171571096383
Network 5 - Frontoparietal: 1000 voxels done Correlation: 0.22404904075812396
Network 5 - Frontoparietal: 1500 voxels done Correlation: 0.253752640942042
Network 5 - Frontoparietal: 3000 voxels done Correlation: 0.23055752743219737
Network 5 - Frontoparietal: 5000 voxels done Correlation: 0.2509821713719916
Network 5 - Frontoparietal: 6500 voxels done Correlation: 0.24798621705260787
Network 5 - Frontoparietal: 10000 voxels done Correlation: 0.23768571403745475
Network 5 - Frontoparietal: 15000 voxels done Correlation: 0.23977498807949083
/home/fhopp/.conda/envs/mjs/lib/python3.8/site-packages/nilearn/masking.py:980: UserWarning: Data array used to create a new image contains 64-bit ints. This is likely due to creating the array with numpy and passing `int` as the `dtype`. Many tools such as FSL and SPM cannot deal with int64 in Nifti images, so for compatibility the data has been converted to int32.
  return new_img_like(mask_img, unmasked, affine)
Network 6 - Default Mode: 50 voxels done Correlation: 0.2772460719464482
Network 6 - Default Mode: 150 voxels done Correlation: 0.34853042344168933
Network 6 - Default Mode: 250 voxels done Correlation: 0.2703474355699415
Network 6 - Default Mode: 500 voxels done Correlation: 0.3604679322653889
Network 6 - Default Mode: 750 voxels done Correlation: 0.39145327663919216
Network 6 - Default Mode: 1000 voxels done Correlation: 0.36207799221987963
Network 6 - Default Mode: 1500 voxels done Correlation: 0.35407021391112925
Network 6 - Default Mode: 3000 voxels done Correlation: 0.3729886681181719
Network 6 - Default Mode: 5000 voxels done Correlation: 0.39788806920245645
Network 6 - Default Mode: 6500 voxels done Correlation: 0.394922866617426
Network 6 - Default Mode: 10000 voxels done Correlation: 0.3946099831644805
Network 6 - Default Mode: 15000 voxels done Correlation: 0.4078461360169189
Network 6 - Default Mode: 25000 voxels done Correlation: 0.41083446188419026
/home/fhopp/.conda/envs/mjs/lib/python3.8/site-packages/nilearn/masking.py:980: UserWarning: Data array used to create a new image contains 64-bit ints. This is likely due to creating the array with numpy and passing `int` as the `dtype`. Many tools such as FSL and SPM cannot deal with int64 in Nifti images, so for compatibility the data has been converted to int32.
  return new_img_like(mask_img, unmasked, affine)
Network 7 - Subcortical: 50 voxels done Correlation: 0.10329849912738885
Network 7 - Subcortical: 150 voxels done Correlation: 0.2277009891255042
Network 7 - Subcortical: 250 voxels done Correlation: 0.16670405736034918
Network 7 - Subcortical: 500 voxels done Correlation: 0.2735719640483196
Network 7 - Subcortical: 750 voxels done Correlation: 0.28962214305171796
Network 7 - Subcortical: 1000 voxels done Correlation: 0.24404448652377608
Network 7 - Subcortical: 1500 voxels done Correlation: 0.21230245326829705
Network 7 - Subcortical: 3000 voxels done Correlation: 0.17858260672268156
Network 7 - Subcortical: 5000 voxels done Correlation: 0.17049677175884914
Network 7 - Subcortical: 6500 voxels done Correlation: 0.15961361850907838
Network 7 - Subcortical: 10000 voxels done Correlation: 0.16782319074327556
Network 8 - Consciousness: 50 voxels done Correlation: 0.32766214296650875
Network 8 - Consciousness: 150 voxels done Correlation: 0.24418073595864712
Network 8 - Consciousness: 250 voxels done Correlation: 0.41897335768623045
Network 8 - Consciousness: 500 voxels done Correlation: 0.32578068720678555
Network 8 - Consciousness: 750 voxels done Correlation: 0.37574836691947766
Network 8 - Consciousness: 1000 voxels done Correlation: 0.34656082939831273
Network 8 - Consciousness: 1500 voxels done Correlation: 0.42261277863949015
Network 8 - Consciousness: 3000 voxels done Correlation: 0.43261054116124265
Network 8 - Consciousness: 5000 voxels done Correlation: 0.4795689650002727
Network 8 - Consciousness: 6500 voxels done Correlation: 0.4384556389886529
Network 8 - Consciousness: 10000 voxels done Correlation: 0.43250454503771774
Network 8 - Consciousness: 15000 voxels done Correlation: 0.4632577746873704
Network 8 - Consciousness: 25000 voxels done Correlation: 0.47415119819980533
Network 8 - Consciousness: 50000 voxels done Correlation: 0.46510069304207924
