Running job on: ada
Iteration: 100
Starting spatial evaluation...
/home/fhopp/.conda/envs/mjs/lib/python3.8/site-packages/nilearn/maskers/nifti_masker.py:110: UserWarning: imgs are being resampled to the mask_img resolution. This process is memory intensive. You might want to provide a target_affine that is equal to the affine of the imgs or resample the mask beforehand to save memory and computation time.
  warnings.warn(
/home/fhopp/.conda/envs/mjs/lib/python3.8/site-packages/nilearn/masking.py:980: UserWarning: Data array used to create a new image contains 64-bit ints. This is likely due to creating the array with numpy and passing `int` as the `dtype`. Many tools such as FSL and SPM cannot deal with int64 in Nifti images, so for compatibility the data has been converted to int32.
  return new_img_like(mask_img, unmasked, affine)
Network 0 - Visual: 50 voxels done Correlation: 0.5000085661454599
Network 0 - Visual: 150 voxels done Correlation: 0.6238827320477178
Network 0 - Visual: 250 voxels done Correlation: 0.5678384155081804
Network 0 - Visual: 500 voxels done Correlation: 0.560036954076881
Network 0 - Visual: 750 voxels done Correlation: 0.5562904457430196
Network 0 - Visual: 1000 voxels done Correlation: 0.6018184109689784
Network 0 - Visual: 1500 voxels done Correlation: 0.6157049066978216
Network 0 - Visual: 3000 voxels done Correlation: 0.646897530964025
Network 0 - Visual: 5000 voxels done Correlation: 0.6433937702070802
Network 0 - Visual: 6500 voxels done Correlation: 0.6307515934753745
Network 0 - Visual: 10000 voxels done Correlation: 0.6270072261220612
Network 0 - Visual: 15000 voxels done Correlation: 0.6290110777994549
/home/fhopp/.conda/envs/mjs/lib/python3.8/site-packages/nilearn/masking.py:980: UserWarning: Data array used to create a new image contains 64-bit ints. This is likely due to creating the array with numpy and passing `int` as the `dtype`. Many tools such as FSL and SPM cannot deal with int64 in Nifti images, so for compatibility the data has been converted to int32.
  return new_img_like(mask_img, unmasked, affine)
Network 1 - Somatomotor: 50 voxels done Correlation: 0.2925044161990901
Network 1 - Somatomotor: 150 voxels done Correlation: 0.24267887115784095
Network 1 - Somatomotor: 250 voxels done Correlation: 0.22433199482050478
Network 1 - Somatomotor: 500 voxels done Correlation: 0.2564958327264274
Network 1 - Somatomotor: 750 voxels done Correlation: 0.34691398280280017
Network 1 - Somatomotor: 1000 voxels done Correlation: 0.30657087236787206
Network 1 - Somatomotor: 1500 voxels done Correlation: 0.329229292537518
Network 1 - Somatomotor: 3000 voxels done Correlation: 0.343031753882723
Network 1 - Somatomotor: 5000 voxels done Correlation: 0.35093269054947673
Network 1 - Somatomotor: 6500 voxels done Correlation: 0.33693630421358295
Network 1 - Somatomotor: 10000 voxels done Correlation: 0.3481315712015983
Network 1 - Somatomotor: 15000 voxels done Correlation: 0.347021994852711
/home/fhopp/.conda/envs/mjs/lib/python3.8/site-packages/nilearn/masking.py:980: UserWarning: Data array used to create a new image contains 64-bit ints. This is likely due to creating the array with numpy and passing `int` as the `dtype`. Many tools such as FSL and SPM cannot deal with int64 in Nifti images, so for compatibility the data has been converted to int32.
  return new_img_like(mask_img, unmasked, affine)
Network 2 - dAttention: 50 voxels done Correlation: 0.1833068446645551
Network 2 - dAttention: 150 voxels done Correlation: 0.2713788541955891
Network 2 - dAttention: 250 voxels done Correlation: 0.2854220934955535
Network 2 - dAttention: 500 voxels done Correlation: 0.24470862142932967
Network 2 - dAttention: 750 voxels done Correlation: 0.33080781912527313
Network 2 - dAttention: 1000 voxels done Correlation: 0.31472701811135495
Network 2 - dAttention: 1500 voxels done Correlation: 0.32874588345484346
Network 2 - dAttention: 3000 voxels done Correlation: 0.32272242083241476
Network 2 - dAttention: 5000 voxels done Correlation: 0.32833794372090674
Network 2 - dAttention: 6500 voxels done Correlation: 0.3253523187455777
Network 2 - dAttention: 10000 voxels done Correlation: 0.33198342133558206
Network 2 - dAttention: 15000 voxels done Correlation: 0.3302926112094896
/home/fhopp/.conda/envs/mjs/lib/python3.8/site-packages/nilearn/masking.py:980: UserWarning: Data array used to create a new image contains 64-bit ints. This is likely due to creating the array with numpy and passing `int` as the `dtype`. Many tools such as FSL and SPM cannot deal with int64 in Nifti images, so for compatibility the data has been converted to int32.
  return new_img_like(mask_img, unmasked, affine)
Network 3 - vAttention: 50 voxels done Correlation: 0.2785472232691312
Network 3 - vAttention: 150 voxels done Correlation: 0.3090689832906162
Network 3 - vAttention: 250 voxels done Correlation: 0.25456834548414475
Network 3 - vAttention: 500 voxels done Correlation: 0.35678271014233254
Network 3 - vAttention: 750 voxels done Correlation: 0.3198361745803896
Network 3 - vAttention: 1000 voxels done Correlation: 0.3532201092188866
Network 3 - vAttention: 1500 voxels done Correlation: 0.31123476035841846
Network 3 - vAttention: 3000 voxels done Correlation: 0.3664501895968501
Network 3 - vAttention: 5000 voxels done Correlation: 0.36919252245820644
Network 3 - vAttention: 6500 voxels done Correlation: 0.39671959880839897
Network 3 - vAttention: 10000 voxels done Correlation: 0.38818974297048403
Network 3 - vAttention: 15000 voxels done Correlation: 0.38852938292957206
/home/fhopp/.conda/envs/mjs/lib/python3.8/site-packages/nilearn/masking.py:980: UserWarning: Data array used to create a new image contains 64-bit ints. This is likely due to creating the array with numpy and passing `int` as the `dtype`. Many tools such as FSL and SPM cannot deal with int64 in Nifti images, so for compatibility the data has been converted to int32.
  return new_img_like(mask_img, unmasked, affine)
Network 4 - Limbic: 50 voxels done Correlation: 0.15982280743890986
Network 4 - Limbic: 150 voxels done Correlation: 0.10976387455382344
Network 4 - Limbic: 250 voxels done Correlation: 0.19670840171504944
Network 4 - Limbic: 500 voxels done Correlation: 0.24585100695828432
Network 4 - Limbic: 750 voxels done Correlation: 0.2864625815737559
Network 4 - Limbic: 1000 voxels done Correlation: 0.2712616965526593
Network 4 - Limbic: 1500 voxels done Correlation: 0.2519198533622496
Network 4 - Limbic: 3000 voxels done Correlation: 0.2959862173186846
Network 4 - Limbic: 5000 voxels done Correlation: 0.2880632152278314
Network 4 - Limbic: 6500 voxels done Correlation: 0.2727011538627474
Network 4 - Limbic: 10000 voxels done Correlation: 0.2880452114490427
/home/fhopp/.conda/envs/mjs/lib/python3.8/site-packages/nilearn/masking.py:980: UserWarning: Data array used to create a new image contains 64-bit ints. This is likely due to creating the array with numpy and passing `int` as the `dtype`. Many tools such as FSL and SPM cannot deal with int64 in Nifti images, so for compatibility the data has been converted to int32.
  return new_img_like(mask_img, unmasked, affine)
Network 5 - Frontoparietal: 50 voxels done Correlation: 0.19110323407616742
Network 5 - Frontoparietal: 150 voxels done Correlation: 0.2210169554263569
Network 5 - Frontoparietal: 250 voxels done Correlation: 0.15350432168517875
Network 5 - Frontoparietal: 500 voxels done Correlation: 0.2156271394720502
Network 5 - Frontoparietal: 750 voxels done Correlation: 0.1901561562790385
Network 5 - Frontoparietal: 1000 voxels done Correlation: 0.23613623970546058
Network 5 - Frontoparietal: 1500 voxels done Correlation: 0.25730645322545453
Network 5 - Frontoparietal: 3000 voxels done Correlation: 0.23287186653173536
Network 5 - Frontoparietal: 5000 voxels done Correlation: 0.24539758963079678
Network 5 - Frontoparietal: 6500 voxels done Correlation: 0.2383791808359949
Network 5 - Frontoparietal: 10000 voxels done Correlation: 0.24851748268376397
Network 5 - Frontoparietal: 15000 voxels done Correlation: 0.23713650656916682
/home/fhopp/.conda/envs/mjs/lib/python3.8/site-packages/nilearn/masking.py:980: UserWarning: Data array used to create a new image contains 64-bit ints. This is likely due to creating the array with numpy and passing `int` as the `dtype`. Many tools such as FSL and SPM cannot deal with int64 in Nifti images, so for compatibility the data has been converted to int32.
  return new_img_like(mask_img, unmasked, affine)
Network 6 - Default Mode: 50 voxels done Correlation: 0.2192260041889948
Network 6 - Default Mode: 150 voxels done Correlation: 0.35175503926786017
Network 6 - Default Mode: 250 voxels done Correlation: 0.2777677602023543
Network 6 - Default Mode: 500 voxels done Correlation: 0.35559879626958946
Network 6 - Default Mode: 750 voxels done Correlation: 0.3537245224160641
Network 6 - Default Mode: 1000 voxels done Correlation: 0.33640236261324263
Network 6 - Default Mode: 1500 voxels done Correlation: 0.36987875997640435
Network 6 - Default Mode: 3000 voxels done Correlation: 0.3698701141986678
Network 6 - Default Mode: 5000 voxels done Correlation: 0.3736381149240234
Network 6 - Default Mode: 6500 voxels done Correlation: 0.3981247684859619
Network 6 - Default Mode: 10000 voxels done Correlation: 0.40137998783364104
Network 6 - Default Mode: 15000 voxels done Correlation: 0.3957905507850349
Network 6 - Default Mode: 25000 voxels done Correlation: 0.4087832533688627
/home/fhopp/.conda/envs/mjs/lib/python3.8/site-packages/nilearn/masking.py:980: UserWarning: Data array used to create a new image contains 64-bit ints. This is likely due to creating the array with numpy and passing `int` as the `dtype`. Many tools such as FSL and SPM cannot deal with int64 in Nifti images, so for compatibility the data has been converted to int32.
  return new_img_like(mask_img, unmasked, affine)
Network 7 - Subcortical: 50 voxels done Correlation: 0.18467588616700759
Network 7 - Subcortical: 150 voxels done Correlation: 0.205831624805673
Network 7 - Subcortical: 250 voxels done Correlation: 0.1895408487049685
Network 7 - Subcortical: 500 voxels done Correlation: 0.2611843612735283
Network 7 - Subcortical: 750 voxels done Correlation: 0.19477954440328832
Network 7 - Subcortical: 1000 voxels done Correlation: 0.24963586209317404
Network 7 - Subcortical: 1500 voxels done Correlation: 0.19216871395115542
Network 7 - Subcortical: 3000 voxels done Correlation: 0.17091791410240098
Network 7 - Subcortical: 5000 voxels done Correlation: 0.17575240943272058
Network 7 - Subcortical: 6500 voxels done Correlation: 0.16240915929566377
Network 7 - Subcortical: 10000 voxels done Correlation: 0.1654168980609098
Network 8 - Consciousness: 50 voxels done Correlation: 0.33852596844692806
Network 8 - Consciousness: 150 voxels done Correlation: 0.3370925668868483
Network 8 - Consciousness: 250 voxels done Correlation: 0.3612198790951008
Network 8 - Consciousness: 500 voxels done Correlation: 0.3118650552312934
Network 8 - Consciousness: 750 voxels done Correlation: 0.3503172294356727
Network 8 - Consciousness: 1000 voxels done Correlation: 0.4194634875586499
Network 8 - Consciousness: 1500 voxels done Correlation: 0.41442334419538684
Network 8 - Consciousness: 3000 voxels done Correlation: 0.4396009741692959
Network 8 - Consciousness: 5000 voxels done Correlation: 0.44816838491909505
Network 8 - Consciousness: 6500 voxels done Correlation: 0.4642564021528234
Network 8 - Consciousness: 10000 voxels done Correlation: 0.4607489312792379
Network 8 - Consciousness: 15000 voxels done Correlation: 0.45040026690373647
Network 8 - Consciousness: 25000 voxels done Correlation: 0.45807746382819636
Network 8 - Consciousness: 50000 voxels done Correlation: 0.4672650084188623
