Running job on: wood
Iteration: 809
Starting spatial evaluation...
/home/fhopp/.conda/envs/mjs/lib/python3.8/site-packages/nilearn/maskers/nifti_masker.py:110: UserWarning: imgs are being resampled to the mask_img resolution. This process is memory intensive. You might want to provide a target_affine that is equal to the affine of the imgs or resample the mask beforehand to save memory and computation time.
  warnings.warn(
/home/fhopp/.conda/envs/mjs/lib/python3.8/site-packages/nilearn/masking.py:980: UserWarning: Data array used to create a new image contains 64-bit ints. This is likely due to creating the array with numpy and passing `int` as the `dtype`. Many tools such as FSL and SPM cannot deal with int64 in Nifti images, so for compatibility the data has been converted to int32.
  return new_img_like(mask_img, unmasked, affine)
Network 0 - Visual: 50 voxels done Correlation: 0.7329761117542477
Network 0 - Visual: 150 voxels done Correlation: 0.6008410716040539
Network 0 - Visual: 250 voxels done Correlation: 0.5878193157054425
Network 0 - Visual: 500 voxels done Correlation: 0.5310741786211002
Network 0 - Visual: 750 voxels done Correlation: 0.603497701926593
Network 0 - Visual: 1000 voxels done Correlation: 0.6018784204710972
Network 0 - Visual: 1500 voxels done Correlation: 0.583788757301871
Network 0 - Visual: 3000 voxels done Correlation: 0.6125574230591457
Network 0 - Visual: 5000 voxels done Correlation: 0.6496358186526359
Network 0 - Visual: 6500 voxels done Correlation: 0.6222528189383156
Network 0 - Visual: 10000 voxels done Correlation: 0.6334996636029773
Network 0 - Visual: 15000 voxels done Correlation: 0.6297262621481323
/home/fhopp/.conda/envs/mjs/lib/python3.8/site-packages/nilearn/masking.py:980: UserWarning: Data array used to create a new image contains 64-bit ints. This is likely due to creating the array with numpy and passing `int` as the `dtype`. Many tools such as FSL and SPM cannot deal with int64 in Nifti images, so for compatibility the data has been converted to int32.
  return new_img_like(mask_img, unmasked, affine)
Network 1 - Somatomotor: 50 voxels done Correlation: 0.2785471103206191
Network 1 - Somatomotor: 150 voxels done Correlation: 0.23579091905644498
Network 1 - Somatomotor: 250 voxels done Correlation: 0.3423252934577702
Network 1 - Somatomotor: 500 voxels done Correlation: 0.35945907962062207
Network 1 - Somatomotor: 750 voxels done Correlation: 0.30610338004445703
Network 1 - Somatomotor: 1000 voxels done Correlation: 0.3351475867168838
Network 1 - Somatomotor: 1500 voxels done Correlation: 0.3491557964740522
Network 1 - Somatomotor: 3000 voxels done Correlation: 0.31615832083427176
Network 1 - Somatomotor: 5000 voxels done Correlation: 0.3365012425638448
Network 1 - Somatomotor: 6500 voxels done Correlation: 0.33875515412467244
Network 1 - Somatomotor: 10000 voxels done Correlation: 0.34513133021104747
Network 1 - Somatomotor: 15000 voxels done Correlation: 0.34492264555168994
/home/fhopp/.conda/envs/mjs/lib/python3.8/site-packages/nilearn/masking.py:980: UserWarning: Data array used to create a new image contains 64-bit ints. This is likely due to creating the array with numpy and passing `int` as the `dtype`. Many tools such as FSL and SPM cannot deal with int64 in Nifti images, so for compatibility the data has been converted to int32.
  return new_img_like(mask_img, unmasked, affine)
Network 2 - dAttention: 50 voxels done Correlation: 0.20202754716810825
Network 2 - dAttention: 150 voxels done Correlation: 0.34032750284029345
Network 2 - dAttention: 250 voxels done Correlation: 0.3050009693888754
Network 2 - dAttention: 500 voxels done Correlation: 0.3142465212753053
Network 2 - dAttention: 750 voxels done Correlation: 0.33586228222341025
Network 2 - dAttention: 1000 voxels done Correlation: 0.29753374402570315
Network 2 - dAttention: 1500 voxels done Correlation: 0.32045945758738303
Network 2 - dAttention: 3000 voxels done Correlation: 0.3249454046316698
Network 2 - dAttention: 5000 voxels done Correlation: 0.35021233053584816
Network 2 - dAttention: 6500 voxels done Correlation: 0.33898994732258725
Network 2 - dAttention: 10000 voxels done Correlation: 0.33715765846335
Network 2 - dAttention: 15000 voxels done Correlation: 0.3351833228268939
/home/fhopp/.conda/envs/mjs/lib/python3.8/site-packages/nilearn/masking.py:980: UserWarning: Data array used to create a new image contains 64-bit ints. This is likely due to creating the array with numpy and passing `int` as the `dtype`. Many tools such as FSL and SPM cannot deal with int64 in Nifti images, so for compatibility the data has been converted to int32.
  return new_img_like(mask_img, unmasked, affine)
Network 3 - vAttention: 50 voxels done Correlation: 0.21366087795891459
Network 3 - vAttention: 150 voxels done Correlation: 0.284996319628841
Network 3 - vAttention: 250 voxels done Correlation: 0.2995921536739975
Network 3 - vAttention: 500 voxels done Correlation: 0.36846809744999265
Network 3 - vAttention: 750 voxels done Correlation: 0.3647435155026606
Network 3 - vAttention: 1000 voxels done Correlation: 0.328660614800509
Network 3 - vAttention: 1500 voxels done Correlation: 0.3416473622470674
Network 3 - vAttention: 3000 voxels done Correlation: 0.35588651983275466
Network 3 - vAttention: 5000 voxels done Correlation: 0.37662884856920686
Network 3 - vAttention: 6500 voxels done Correlation: 0.3731120895766609
Network 3 - vAttention: 10000 voxels done Correlation: 0.37908134955845707
Network 3 - vAttention: 15000 voxels done Correlation: 0.3901998771860109
/home/fhopp/.conda/envs/mjs/lib/python3.8/site-packages/nilearn/masking.py:980: UserWarning: Data array used to create a new image contains 64-bit ints. This is likely due to creating the array with numpy and passing `int` as the `dtype`. Many tools such as FSL and SPM cannot deal with int64 in Nifti images, so for compatibility the data has been converted to int32.
  return new_img_like(mask_img, unmasked, affine)
Network 4 - Limbic: 50 voxels done Correlation: 0.17143464643868697
Network 4 - Limbic: 150 voxels done Correlation: 0.22973774803914704
Network 4 - Limbic: 250 voxels done Correlation: 0.3012649686532649
Network 4 - Limbic: 500 voxels done Correlation: 0.2046707155091267
Network 4 - Limbic: 750 voxels done Correlation: 0.2867132772961878
Network 4 - Limbic: 1000 voxels done Correlation: 0.25832732733889313
Network 4 - Limbic: 1500 voxels done Correlation: 0.2411908490258874
Network 4 - Limbic: 3000 voxels done Correlation: 0.30448732170281617
Network 4 - Limbic: 5000 voxels done Correlation: 0.28013032018569356
Network 4 - Limbic: 6500 voxels done Correlation: 0.2705986202031132
Network 4 - Limbic: 10000 voxels done Correlation: 0.2847735791923618
/home/fhopp/.conda/envs/mjs/lib/python3.8/site-packages/nilearn/masking.py:980: UserWarning: Data array used to create a new image contains 64-bit ints. This is likely due to creating the array with numpy and passing `int` as the `dtype`. Many tools such as FSL and SPM cannot deal with int64 in Nifti images, so for compatibility the data has been converted to int32.
  return new_img_like(mask_img, unmasked, affine)
Network 5 - Frontoparietal: 50 voxels done Correlation: 0.19679890492923274
Network 5 - Frontoparietal: 150 voxels done Correlation: 0.19304125808461248
Network 5 - Frontoparietal: 250 voxels done Correlation: 0.1389868334663997
Network 5 - Frontoparietal: 500 voxels done Correlation: 0.22035748684090972
Network 5 - Frontoparietal: 750 voxels done Correlation: 0.22144452099164286
Network 5 - Frontoparietal: 1000 voxels done Correlation: 0.25970503294508906
Network 5 - Frontoparietal: 1500 voxels done Correlation: 0.2425185328964241
Network 5 - Frontoparietal: 3000 voxels done Correlation: 0.22741247222174507
Network 5 - Frontoparietal: 5000 voxels done Correlation: 0.23081406253988768
Network 5 - Frontoparietal: 6500 voxels done Correlation: 0.22061453024015382
Network 5 - Frontoparietal: 10000 voxels done Correlation: 0.23240110663653035
Network 5 - Frontoparietal: 15000 voxels done Correlation: 0.23976545135384192
/home/fhopp/.conda/envs/mjs/lib/python3.8/site-packages/nilearn/masking.py:980: UserWarning: Data array used to create a new image contains 64-bit ints. This is likely due to creating the array with numpy and passing `int` as the `dtype`. Many tools such as FSL and SPM cannot deal with int64 in Nifti images, so for compatibility the data has been converted to int32.
  return new_img_like(mask_img, unmasked, affine)
Network 6 - Default Mode: 50 voxels done Correlation: 0.23941459199875895
Network 6 - Default Mode: 150 voxels done Correlation: 0.3882977698667452
Network 6 - Default Mode: 250 voxels done Correlation: 0.4238173929000367
Network 6 - Default Mode: 500 voxels done Correlation: 0.3260301706118818
Network 6 - Default Mode: 750 voxels done Correlation: 0.4507356287001924
Network 6 - Default Mode: 1000 voxels done Correlation: 0.3539177238873372
Network 6 - Default Mode: 1500 voxels done Correlation: 0.37439389570001147
Network 6 - Default Mode: 3000 voxels done Correlation: 0.3922147455427686
Network 6 - Default Mode: 5000 voxels done Correlation: 0.38228034698136537
Network 6 - Default Mode: 6500 voxels done Correlation: 0.38849292345967235
Network 6 - Default Mode: 10000 voxels done Correlation: 0.40005272857446544
Network 6 - Default Mode: 15000 voxels done Correlation: 0.40913774198711816
Network 6 - Default Mode: 25000 voxels done Correlation: 0.41167974882560415
/home/fhopp/.conda/envs/mjs/lib/python3.8/site-packages/nilearn/masking.py:980: UserWarning: Data array used to create a new image contains 64-bit ints. This is likely due to creating the array with numpy and passing `int` as the `dtype`. Many tools such as FSL and SPM cannot deal with int64 in Nifti images, so for compatibility the data has been converted to int32.
  return new_img_like(mask_img, unmasked, affine)
Network 7 - Subcortical: 50 voxels done Correlation: 0.13059318539016523
Network 7 - Subcortical: 150 voxels done Correlation: 0.06578360303637835
Network 7 - Subcortical: 250 voxels done Correlation: 0.2874205841405017
Network 7 - Subcortical: 500 voxels done Correlation: 0.23665357182612382
Network 7 - Subcortical: 750 voxels done Correlation: 0.17549038377554668
Network 7 - Subcortical: 1000 voxels done Correlation: 0.2483163009343145
Network 7 - Subcortical: 1500 voxels done Correlation: 0.24454151991732118
Network 7 - Subcortical: 3000 voxels done Correlation: 0.17539595004886782
Network 7 - Subcortical: 5000 voxels done Correlation: 0.17180385222554923
Network 7 - Subcortical: 6500 voxels done Correlation: 0.15707931374438286
Network 7 - Subcortical: 10000 voxels done Correlation: 0.1652250700846819
Network 8 - Consciousness: 50 voxels done Correlation: 0.17579045883180466
Network 8 - Consciousness: 150 voxels done Correlation: 0.35166619283143374
Network 8 - Consciousness: 250 voxels done Correlation: 0.3187008643266552
Network 8 - Consciousness: 500 voxels done Correlation: 0.3646905168200982
Network 8 - Consciousness: 750 voxels done Correlation: 0.32501463274675213
Network 8 - Consciousness: 1000 voxels done Correlation: 0.39374280642235865
Network 8 - Consciousness: 1500 voxels done Correlation: 0.36015876090994886
Network 8 - Consciousness: 3000 voxels done Correlation: 0.4528645058959628
Network 8 - Consciousness: 5000 voxels done Correlation: 0.4333136970734848
Network 8 - Consciousness: 6500 voxels done Correlation: 0.46177109151079687
Network 8 - Consciousness: 10000 voxels done Correlation: 0.45794587376203144
Network 8 - Consciousness: 15000 voxels done Correlation: 0.436602179257098
Network 8 - Consciousness: 25000 voxels done Correlation: 0.453094504809451
Network 8 - Consciousness: 50000 voxels done Correlation: 0.46558253505393066
