Running job on: wood
Iteration: 334
Starting spatial evaluation...
/home/fhopp/.conda/envs/mjs/lib/python3.8/site-packages/nilearn/maskers/nifti_masker.py:110: UserWarning: imgs are being resampled to the mask_img resolution. This process is memory intensive. You might want to provide a target_affine that is equal to the affine of the imgs or resample the mask beforehand to save memory and computation time.
  warnings.warn(
/home/fhopp/.conda/envs/mjs/lib/python3.8/site-packages/nilearn/masking.py:980: UserWarning: Data array used to create a new image contains 64-bit ints. This is likely due to creating the array with numpy and passing `int` as the `dtype`. Many tools such as FSL and SPM cannot deal with int64 in Nifti images, so for compatibility the data has been converted to int32.
  return new_img_like(mask_img, unmasked, affine)
Network 0 - Visual: 50 voxels done Correlation: 0.6615999480255428
Network 0 - Visual: 150 voxels done Correlation: 0.5971583959988712
Network 0 - Visual: 250 voxels done Correlation: 0.5453317583715345
Network 0 - Visual: 500 voxels done Correlation: 0.5951570548909135
Network 0 - Visual: 750 voxels done Correlation: 0.5845110887955152
Network 0 - Visual: 1000 voxels done Correlation: 0.5965153785593648
Network 0 - Visual: 1500 voxels done Correlation: 0.6082419528392281
Network 0 - Visual: 3000 voxels done Correlation: 0.6260111537204286
Network 0 - Visual: 5000 voxels done Correlation: 0.6269354956834426
Network 0 - Visual: 6500 voxels done Correlation: 0.6237307102087838
Network 0 - Visual: 10000 voxels done Correlation: 0.6244579017199493
Network 0 - Visual: 15000 voxels done Correlation: 0.6287609857224279
/home/fhopp/.conda/envs/mjs/lib/python3.8/site-packages/nilearn/masking.py:980: UserWarning: Data array used to create a new image contains 64-bit ints. This is likely due to creating the array with numpy and passing `int` as the `dtype`. Many tools such as FSL and SPM cannot deal with int64 in Nifti images, so for compatibility the data has been converted to int32.
  return new_img_like(mask_img, unmasked, affine)
Network 1 - Somatomotor: 50 voxels done Correlation: 0.12817705574664784
Network 1 - Somatomotor: 150 voxels done Correlation: 0.2504354652926581
Network 1 - Somatomotor: 250 voxels done Correlation: 0.32506221307352834
Network 1 - Somatomotor: 500 voxels done Correlation: 0.32139748023291886
Network 1 - Somatomotor: 750 voxels done Correlation: 0.32840000078430637
Network 1 - Somatomotor: 1000 voxels done Correlation: 0.2902996405342121
Network 1 - Somatomotor: 1500 voxels done Correlation: 0.3597480808215475
Network 1 - Somatomotor: 3000 voxels done Correlation: 0.3450235081613162
Network 1 - Somatomotor: 5000 voxels done Correlation: 0.3518450904560485
Network 1 - Somatomotor: 6500 voxels done Correlation: 0.33420235651483154
Network 1 - Somatomotor: 10000 voxels done Correlation: 0.34252470585687267
Network 1 - Somatomotor: 15000 voxels done Correlation: 0.34427796556736256
/home/fhopp/.conda/envs/mjs/lib/python3.8/site-packages/nilearn/masking.py:980: UserWarning: Data array used to create a new image contains 64-bit ints. This is likely due to creating the array with numpy and passing `int` as the `dtype`. Many tools such as FSL and SPM cannot deal with int64 in Nifti images, so for compatibility the data has been converted to int32.
  return new_img_like(mask_img, unmasked, affine)
Network 2 - dAttention: 50 voxels done Correlation: 0.23387167746559576
Network 2 - dAttention: 150 voxels done Correlation: 0.26011173383237374
Network 2 - dAttention: 250 voxels done Correlation: 0.3489958913412999
Network 2 - dAttention: 500 voxels done Correlation: 0.26412567341181503
Network 2 - dAttention: 750 voxels done Correlation: 0.3085998847968749
Network 2 - dAttention: 1000 voxels done Correlation: 0.28690468742981423
Network 2 - dAttention: 1500 voxels done Correlation: 0.2822561310539202
Network 2 - dAttention: 3000 voxels done Correlation: 0.3360191167913893
Network 2 - dAttention: 5000 voxels done Correlation: 0.3454223066581579
Network 2 - dAttention: 6500 voxels done Correlation: 0.31845295742084023
Network 2 - dAttention: 10000 voxels done Correlation: 0.33962354545538564
Network 2 - dAttention: 15000 voxels done Correlation: 0.33424270950968843
/home/fhopp/.conda/envs/mjs/lib/python3.8/site-packages/nilearn/masking.py:980: UserWarning: Data array used to create a new image contains 64-bit ints. This is likely due to creating the array with numpy and passing `int` as the `dtype`. Many tools such as FSL and SPM cannot deal with int64 in Nifti images, so for compatibility the data has been converted to int32.
  return new_img_like(mask_img, unmasked, affine)
Network 3 - vAttention: 50 voxels done Correlation: 0.16984530631498812
Network 3 - vAttention: 150 voxels done Correlation: 0.31795422600795875
Network 3 - vAttention: 250 voxels done Correlation: 0.30376146554785743
Network 3 - vAttention: 500 voxels done Correlation: 0.34749579014765297
Network 3 - vAttention: 750 voxels done Correlation: 0.3714250547141065
Network 3 - vAttention: 1000 voxels done Correlation: 0.37064608343118655
Network 3 - vAttention: 1500 voxels done Correlation: 0.37337093191971976
Network 3 - vAttention: 3000 voxels done Correlation: 0.3704999657349574
Network 3 - vAttention: 5000 voxels done Correlation: 0.37272926868477674
Network 3 - vAttention: 6500 voxels done Correlation: 0.3938745035388246
Network 3 - vAttention: 10000 voxels done Correlation: 0.3859367122436865
Network 3 - vAttention: 15000 voxels done Correlation: 0.3857736204032466
/home/fhopp/.conda/envs/mjs/lib/python3.8/site-packages/nilearn/masking.py:980: UserWarning: Data array used to create a new image contains 64-bit ints. This is likely due to creating the array with numpy and passing `int` as the `dtype`. Many tools such as FSL and SPM cannot deal with int64 in Nifti images, so for compatibility the data has been converted to int32.
  return new_img_like(mask_img, unmasked, affine)
Network 4 - Limbic: 50 voxels done Correlation: 0.09504845650157848
Network 4 - Limbic: 150 voxels done Correlation: 0.23877404615603176
Network 4 - Limbic: 250 voxels done Correlation: 0.23112249386244432
Network 4 - Limbic: 500 voxels done Correlation: 0.3036655904553689
Network 4 - Limbic: 750 voxels done Correlation: 0.2182268148483466
Network 4 - Limbic: 1000 voxels done Correlation: 0.27102346626542806
Network 4 - Limbic: 1500 voxels done Correlation: 0.24720813921044482
Network 4 - Limbic: 3000 voxels done Correlation: 0.3015423704076232
Network 4 - Limbic: 5000 voxels done Correlation: 0.2660749179865654
Network 4 - Limbic: 6500 voxels done Correlation: 0.2924435995626902
Network 4 - Limbic: 10000 voxels done Correlation: 0.2870874904609513
/home/fhopp/.conda/envs/mjs/lib/python3.8/site-packages/nilearn/masking.py:980: UserWarning: Data array used to create a new image contains 64-bit ints. This is likely due to creating the array with numpy and passing `int` as the `dtype`. Many tools such as FSL and SPM cannot deal with int64 in Nifti images, so for compatibility the data has been converted to int32.
  return new_img_like(mask_img, unmasked, affine)
Network 5 - Frontoparietal: 50 voxels done Correlation: 0.25812802532100343
Network 5 - Frontoparietal: 150 voxels done Correlation: 0.15042093594547118
Network 5 - Frontoparietal: 250 voxels done Correlation: 0.14739050073578625
Network 5 - Frontoparietal: 500 voxels done Correlation: 0.22457741543045584
Network 5 - Frontoparietal: 750 voxels done Correlation: 0.25186161166150034
Network 5 - Frontoparietal: 1000 voxels done Correlation: 0.26926422369218717
Network 5 - Frontoparietal: 1500 voxels done Correlation: 0.2561544412211768
Network 5 - Frontoparietal: 3000 voxels done Correlation: 0.21346183921305856
Network 5 - Frontoparietal: 5000 voxels done Correlation: 0.2413981737121695
Network 5 - Frontoparietal: 6500 voxels done Correlation: 0.22426763454422266
Network 5 - Frontoparietal: 10000 voxels done Correlation: 0.23731673685494165
Network 5 - Frontoparietal: 15000 voxels done Correlation: 0.23731793893201603
/home/fhopp/.conda/envs/mjs/lib/python3.8/site-packages/nilearn/masking.py:980: UserWarning: Data array used to create a new image contains 64-bit ints. This is likely due to creating the array with numpy and passing `int` as the `dtype`. Many tools such as FSL and SPM cannot deal with int64 in Nifti images, so for compatibility the data has been converted to int32.
  return new_img_like(mask_img, unmasked, affine)
Network 6 - Default Mode: 50 voxels done Correlation: 0.22789846673275385
Network 6 - Default Mode: 150 voxels done Correlation: 0.2913019741575693
Network 6 - Default Mode: 250 voxels done Correlation: 0.36923780052562494
Network 6 - Default Mode: 500 voxels done Correlation: 0.3401135423318331
Network 6 - Default Mode: 750 voxels done Correlation: 0.34744431488311367
Network 6 - Default Mode: 1000 voxels done Correlation: 0.4144272350955598
Network 6 - Default Mode: 1500 voxels done Correlation: 0.36548197763927115
Network 6 - Default Mode: 3000 voxels done Correlation: 0.3961481225564605
Network 6 - Default Mode: 5000 voxels done Correlation: 0.3796411640670455
Network 6 - Default Mode: 6500 voxels done Correlation: 0.41179233657205777
Network 6 - Default Mode: 10000 voxels done Correlation: 0.40102164791096456
Network 6 - Default Mode: 15000 voxels done Correlation: 0.40029144743702694
Network 6 - Default Mode: 25000 voxels done Correlation: 0.4086034098477988
/home/fhopp/.conda/envs/mjs/lib/python3.8/site-packages/nilearn/masking.py:980: UserWarning: Data array used to create a new image contains 64-bit ints. This is likely due to creating the array with numpy and passing `int` as the `dtype`. Many tools such as FSL and SPM cannot deal with int64 in Nifti images, so for compatibility the data has been converted to int32.
  return new_img_like(mask_img, unmasked, affine)
Network 7 - Subcortical: 50 voxels done Correlation: 0.05346423867656104
Network 7 - Subcortical: 150 voxels done Correlation: 0.11994110318744244
Network 7 - Subcortical: 250 voxels done Correlation: 0.18070137083206805
Network 7 - Subcortical: 500 voxels done Correlation: 0.14014846101628203
Network 7 - Subcortical: 750 voxels done Correlation: 0.22491909639579985
Network 7 - Subcortical: 1000 voxels done Correlation: 0.22237210120532255
Network 7 - Subcortical: 1500 voxels done Correlation: 0.24142599055160255
Network 7 - Subcortical: 3000 voxels done Correlation: 0.17436677669718798
Network 7 - Subcortical: 5000 voxels done Correlation: 0.16888009920593086
Network 7 - Subcortical: 6500 voxels done Correlation: 0.1540070343587938
Network 7 - Subcortical: 10000 voxels done Correlation: 0.1729064259019583
Network 8 - Consciousness: 50 voxels done Correlation: 0.22777632774577256
Network 8 - Consciousness: 150 voxels done Correlation: 0.27886771242791597
Network 8 - Consciousness: 250 voxels done Correlation: 0.36389772723560254
Network 8 - Consciousness: 500 voxels done Correlation: 0.30951157609239965
Network 8 - Consciousness: 750 voxels done Correlation: 0.39487450708520716
Network 8 - Consciousness: 1000 voxels done Correlation: 0.4252867735442353
Network 8 - Consciousness: 1500 voxels done Correlation: 0.3777630409457052
Network 8 - Consciousness: 3000 voxels done Correlation: 0.44614355165098796
Network 8 - Consciousness: 5000 voxels done Correlation: 0.45488536588557904
Network 8 - Consciousness: 6500 voxels done Correlation: 0.4477443427886887
Network 8 - Consciousness: 10000 voxels done Correlation: 0.44994201363734554
Network 8 - Consciousness: 15000 voxels done Correlation: 0.4752522735685857
Network 8 - Consciousness: 25000 voxels done Correlation: 0.4606083110430723
Network 8 - Consciousness: 50000 voxels done Correlation: 0.46686333790513945
