Running job on: ada
Iteration: 387
Starting spatial evaluation...
/home/fhopp/.conda/envs/mjs/lib/python3.8/site-packages/nilearn/maskers/nifti_masker.py:110: UserWarning: imgs are being resampled to the mask_img resolution. This process is memory intensive. You might want to provide a target_affine that is equal to the affine of the imgs or resample the mask beforehand to save memory and computation time.
  warnings.warn(
/home/fhopp/.conda/envs/mjs/lib/python3.8/site-packages/nilearn/masking.py:980: UserWarning: Data array used to create a new image contains 64-bit ints. This is likely due to creating the array with numpy and passing `int` as the `dtype`. Many tools such as FSL and SPM cannot deal with int64 in Nifti images, so for compatibility the data has been converted to int32.
  return new_img_like(mask_img, unmasked, affine)
Network 0 - Visual: 50 voxels done Correlation: 0.7321898378141609
Network 0 - Visual: 150 voxels done Correlation: 0.5883056167419451
Network 0 - Visual: 250 voxels done Correlation: 0.5949301509526339
Network 0 - Visual: 500 voxels done Correlation: 0.5749874992854902
Network 0 - Visual: 750 voxels done Correlation: 0.584514430035443
Network 0 - Visual: 1000 voxels done Correlation: 0.6131679882870124
Network 0 - Visual: 1500 voxels done Correlation: 0.6296112228790645
Network 0 - Visual: 3000 voxels done Correlation: 0.6394849770779097
Network 0 - Visual: 5000 voxels done Correlation: 0.6412727043226483
Network 0 - Visual: 6500 voxels done Correlation: 0.6208812393432847
Network 0 - Visual: 10000 voxels done Correlation: 0.6236180627946452
Network 0 - Visual: 15000 voxels done Correlation: 0.6302390375442357
/home/fhopp/.conda/envs/mjs/lib/python3.8/site-packages/nilearn/masking.py:980: UserWarning: Data array used to create a new image contains 64-bit ints. This is likely due to creating the array with numpy and passing `int` as the `dtype`. Many tools such as FSL and SPM cannot deal with int64 in Nifti images, so for compatibility the data has been converted to int32.
  return new_img_like(mask_img, unmasked, affine)
Network 1 - Somatomotor: 50 voxels done Correlation: 0.25337382346691195
Network 1 - Somatomotor: 150 voxels done Correlation: 0.28446346845026044
Network 1 - Somatomotor: 250 voxels done Correlation: 0.3412291342730792
Network 1 - Somatomotor: 500 voxels done Correlation: 0.3683508772480229
Network 1 - Somatomotor: 750 voxels done Correlation: 0.34232401704667326
Network 1 - Somatomotor: 1000 voxels done Correlation: 0.3317972055928694
Network 1 - Somatomotor: 1500 voxels done Correlation: 0.3654931162853836
Network 1 - Somatomotor: 3000 voxels done Correlation: 0.3610034001806649
Network 1 - Somatomotor: 5000 voxels done Correlation: 0.33177637102657953
Network 1 - Somatomotor: 6500 voxels done Correlation: 0.3435870017522049
Network 1 - Somatomotor: 10000 voxels done Correlation: 0.3446147430286899
Network 1 - Somatomotor: 15000 voxels done Correlation: 0.34576259249831953
/home/fhopp/.conda/envs/mjs/lib/python3.8/site-packages/nilearn/masking.py:980: UserWarning: Data array used to create a new image contains 64-bit ints. This is likely due to creating the array with numpy and passing `int` as the `dtype`. Many tools such as FSL and SPM cannot deal with int64 in Nifti images, so for compatibility the data has been converted to int32.
  return new_img_like(mask_img, unmasked, affine)
Network 2 - dAttention: 50 voxels done Correlation: 0.13019585614877016
Network 2 - dAttention: 150 voxels done Correlation: 0.37081919377504335
Network 2 - dAttention: 250 voxels done Correlation: 0.3078107972540891
Network 2 - dAttention: 500 voxels done Correlation: 0.30138709088851134
Network 2 - dAttention: 750 voxels done Correlation: 0.29343368990948415
Network 2 - dAttention: 1000 voxels done Correlation: 0.28545497233174627
Network 2 - dAttention: 1500 voxels done Correlation: 0.33426424645024794
Network 2 - dAttention: 3000 voxels done Correlation: 0.3437050790637952
Network 2 - dAttention: 5000 voxels done Correlation: 0.3219656959362456
Network 2 - dAttention: 6500 voxels done Correlation: 0.35472582425491916
Network 2 - dAttention: 10000 voxels done Correlation: 0.3431560392595018
Network 2 - dAttention: 15000 voxels done Correlation: 0.3337039891112701
/home/fhopp/.conda/envs/mjs/lib/python3.8/site-packages/nilearn/masking.py:980: UserWarning: Data array used to create a new image contains 64-bit ints. This is likely due to creating the array with numpy and passing `int` as the `dtype`. Many tools such as FSL and SPM cannot deal with int64 in Nifti images, so for compatibility the data has been converted to int32.
  return new_img_like(mask_img, unmasked, affine)
Network 3 - vAttention: 50 voxels done Correlation: 0.2060732749193282
Network 3 - vAttention: 150 voxels done Correlation: 0.396150140082585
Network 3 - vAttention: 250 voxels done Correlation: 0.32167196117177027
Network 3 - vAttention: 500 voxels done Correlation: 0.2964906568095056
Network 3 - vAttention: 750 voxels done Correlation: 0.3832529527484568
Network 3 - vAttention: 1000 voxels done Correlation: 0.3707119549058081
Network 3 - vAttention: 1500 voxels done Correlation: 0.3418033127625174
Network 3 - vAttention: 3000 voxels done Correlation: 0.37993247940585134
Network 3 - vAttention: 5000 voxels done Correlation: 0.3853103895295603
Network 3 - vAttention: 6500 voxels done Correlation: 0.38680177009396377
Network 3 - vAttention: 10000 voxels done Correlation: 0.38100417090321004
Network 3 - vAttention: 15000 voxels done Correlation: 0.3878442187757627
/home/fhopp/.conda/envs/mjs/lib/python3.8/site-packages/nilearn/masking.py:980: UserWarning: Data array used to create a new image contains 64-bit ints. This is likely due to creating the array with numpy and passing `int` as the `dtype`. Many tools such as FSL and SPM cannot deal with int64 in Nifti images, so for compatibility the data has been converted to int32.
  return new_img_like(mask_img, unmasked, affine)
Network 4 - Limbic: 50 voxels done Correlation: 0.09114125262122086
Network 4 - Limbic: 150 voxels done Correlation: 0.20393433781032755
Network 4 - Limbic: 250 voxels done Correlation: 0.18932601113585326
Network 4 - Limbic: 500 voxels done Correlation: 0.251489150243949
Network 4 - Limbic: 750 voxels done Correlation: 0.2024871906482623
Network 4 - Limbic: 1000 voxels done Correlation: 0.30410341799904
Network 4 - Limbic: 1500 voxels done Correlation: 0.2606107556479856
Network 4 - Limbic: 3000 voxels done Correlation: 0.2946010794030496
Network 4 - Limbic: 5000 voxels done Correlation: 0.2538849732291377
Network 4 - Limbic: 6500 voxels done Correlation: 0.2870181341252915
Network 4 - Limbic: 10000 voxels done Correlation: 0.2875786158115913
/home/fhopp/.conda/envs/mjs/lib/python3.8/site-packages/nilearn/masking.py:980: UserWarning: Data array used to create a new image contains 64-bit ints. This is likely due to creating the array with numpy and passing `int` as the `dtype`. Many tools such as FSL and SPM cannot deal with int64 in Nifti images, so for compatibility the data has been converted to int32.
  return new_img_like(mask_img, unmasked, affine)
Network 5 - Frontoparietal: 50 voxels done Correlation: 0.16573520975673056
Network 5 - Frontoparietal: 150 voxels done Correlation: 0.19520402401120238
Network 5 - Frontoparietal: 250 voxels done Correlation: 0.17077990035165033
Network 5 - Frontoparietal: 500 voxels done Correlation: 0.1879770995503135
Network 5 - Frontoparietal: 750 voxels done Correlation: 0.19283017024319163
Network 5 - Frontoparietal: 1000 voxels done Correlation: 0.235783159800229
Network 5 - Frontoparietal: 1500 voxels done Correlation: 0.21872650756744982
Network 5 - Frontoparietal: 3000 voxels done Correlation: 0.21856935281357365
Network 5 - Frontoparietal: 5000 voxels done Correlation: 0.2552671727748828
Network 5 - Frontoparietal: 6500 voxels done Correlation: 0.24317421997085428
Network 5 - Frontoparietal: 10000 voxels done Correlation: 0.2422717468225429
Network 5 - Frontoparietal: 15000 voxels done Correlation: 0.23742142140131597
/home/fhopp/.conda/envs/mjs/lib/python3.8/site-packages/nilearn/masking.py:980: UserWarning: Data array used to create a new image contains 64-bit ints. This is likely due to creating the array with numpy and passing `int` as the `dtype`. Many tools such as FSL and SPM cannot deal with int64 in Nifti images, so for compatibility the data has been converted to int32.
  return new_img_like(mask_img, unmasked, affine)
Network 6 - Default Mode: 50 voxels done Correlation: 0.3559722810153696
Network 6 - Default Mode: 150 voxels done Correlation: 0.252291992307065
Network 6 - Default Mode: 250 voxels done Correlation: 0.37066194369742295
Network 6 - Default Mode: 500 voxels done Correlation: 0.4208960074536421
Network 6 - Default Mode: 750 voxels done Correlation: 0.3287944523946129
Network 6 - Default Mode: 1000 voxels done Correlation: 0.32800147958017234
Network 6 - Default Mode: 1500 voxels done Correlation: 0.35943312271728445
Network 6 - Default Mode: 3000 voxels done Correlation: 0.40991081939535234
Network 6 - Default Mode: 5000 voxels done Correlation: 0.41739800870288213
Network 6 - Default Mode: 6500 voxels done Correlation: 0.3937864610812638
Network 6 - Default Mode: 10000 voxels done Correlation: 0.42269305742562163
Network 6 - Default Mode: 15000 voxels done Correlation: 0.4044809539534308
Network 6 - Default Mode: 25000 voxels done Correlation: 0.4078691517493816
/home/fhopp/.conda/envs/mjs/lib/python3.8/site-packages/nilearn/masking.py:980: UserWarning: Data array used to create a new image contains 64-bit ints. This is likely due to creating the array with numpy and passing `int` as the `dtype`. Many tools such as FSL and SPM cannot deal with int64 in Nifti images, so for compatibility the data has been converted to int32.
  return new_img_like(mask_img, unmasked, affine)
Network 7 - Subcortical: 50 voxels done Correlation: 0.19017279723919242
Network 7 - Subcortical: 150 voxels done Correlation: 0.09769525225974497
Network 7 - Subcortical: 250 voxels done Correlation: 0.1950844990551034
Network 7 - Subcortical: 500 voxels done Correlation: 0.210716370260286
Network 7 - Subcortical: 750 voxels done Correlation: 0.22948508170646648
Network 7 - Subcortical: 1000 voxels done Correlation: 0.2523012693259289
Network 7 - Subcortical: 1500 voxels done Correlation: 0.21068876213912896
Network 7 - Subcortical: 3000 voxels done Correlation: 0.18101271385991807
Network 7 - Subcortical: 5000 voxels done Correlation: 0.1711121990636949
Network 7 - Subcortical: 6500 voxels done Correlation: 0.1703798309705709
Network 7 - Subcortical: 10000 voxels done Correlation: 0.16999847039772065
Network 8 - Consciousness: 50 voxels done Correlation: 0.24719331061371907
Network 8 - Consciousness: 150 voxels done Correlation: 0.26813952751765957
Network 8 - Consciousness: 250 voxels done Correlation: 0.41319470934433766
Network 8 - Consciousness: 500 voxels done Correlation: 0.3786067742369385
Network 8 - Consciousness: 750 voxels done Correlation: 0.44505103695682335
Network 8 - Consciousness: 1000 voxels done Correlation: 0.40041584109196904
Network 8 - Consciousness: 1500 voxels done Correlation: 0.38657928619926163
Network 8 - Consciousness: 3000 voxels done Correlation: 0.45702838594613127
Network 8 - Consciousness: 5000 voxels done Correlation: 0.4346560006863929
Network 8 - Consciousness: 6500 voxels done Correlation: 0.4650899763961117
Network 8 - Consciousness: 10000 voxels done Correlation: 0.4433226445801068
Network 8 - Consciousness: 15000 voxels done Correlation: 0.47408808379777856
Network 8 - Consciousness: 25000 voxels done Correlation: 0.46747504245449367
Network 8 - Consciousness: 50000 voxels done Correlation: 0.46450619911649693
