Running job on: wood
Iteration: 953
Starting spatial evaluation...
/home/fhopp/.conda/envs/mjs/lib/python3.8/site-packages/nilearn/maskers/nifti_masker.py:110: UserWarning: imgs are being resampled to the mask_img resolution. This process is memory intensive. You might want to provide a target_affine that is equal to the affine of the imgs or resample the mask beforehand to save memory and computation time.
  warnings.warn(
/home/fhopp/.conda/envs/mjs/lib/python3.8/site-packages/nilearn/masking.py:980: UserWarning: Data array used to create a new image contains 64-bit ints. This is likely due to creating the array with numpy and passing `int` as the `dtype`. Many tools such as FSL and SPM cannot deal with int64 in Nifti images, so for compatibility the data has been converted to int32.
  return new_img_like(mask_img, unmasked, affine)
Network 0 - Visual: 50 voxels done Correlation: 0.6306009634276641
Network 0 - Visual: 150 voxels done Correlation: 0.553310494406569
Network 0 - Visual: 250 voxels done Correlation: 0.5774404926088539
Network 0 - Visual: 500 voxels done Correlation: 0.6749591003183617
Network 0 - Visual: 750 voxels done Correlation: 0.6361870361223857
Network 0 - Visual: 1000 voxels done Correlation: 0.6232815444639406
Network 0 - Visual: 1500 voxels done Correlation: 0.6327775058464213
Network 0 - Visual: 3000 voxels done Correlation: 0.6323552351366024
Network 0 - Visual: 5000 voxels done Correlation: 0.6166329181296514
Network 0 - Visual: 6500 voxels done Correlation: 0.624459305331069
Network 0 - Visual: 10000 voxels done Correlation: 0.6294181477621467
Network 0 - Visual: 15000 voxels done Correlation: 0.6276341849829654
/home/fhopp/.conda/envs/mjs/lib/python3.8/site-packages/nilearn/masking.py:980: UserWarning: Data array used to create a new image contains 64-bit ints. This is likely due to creating the array with numpy and passing `int` as the `dtype`. Many tools such as FSL and SPM cannot deal with int64 in Nifti images, so for compatibility the data has been converted to int32.
  return new_img_like(mask_img, unmasked, affine)
Network 1 - Somatomotor: 50 voxels done Correlation: 0.30366981525225756
Network 1 - Somatomotor: 150 voxels done Correlation: 0.2904551231397695
Network 1 - Somatomotor: 250 voxels done Correlation: 0.36267317478228633
Network 1 - Somatomotor: 500 voxels done Correlation: 0.40384193626203324
Network 1 - Somatomotor: 750 voxels done Correlation: 0.32843750305738184
Network 1 - Somatomotor: 1000 voxels done Correlation: 0.315366910688115
Network 1 - Somatomotor: 1500 voxels done Correlation: 0.3317042166740074
Network 1 - Somatomotor: 3000 voxels done Correlation: 0.3342389165073538
Network 1 - Somatomotor: 5000 voxels done Correlation: 0.35271976842690256
Network 1 - Somatomotor: 6500 voxels done Correlation: 0.33107621642994184
Network 1 - Somatomotor: 10000 voxels done Correlation: 0.3463810932882194
Network 1 - Somatomotor: 15000 voxels done Correlation: 0.3452322670353438
/home/fhopp/.conda/envs/mjs/lib/python3.8/site-packages/nilearn/masking.py:980: UserWarning: Data array used to create a new image contains 64-bit ints. This is likely due to creating the array with numpy and passing `int` as the `dtype`. Many tools such as FSL and SPM cannot deal with int64 in Nifti images, so for compatibility the data has been converted to int32.
  return new_img_like(mask_img, unmasked, affine)
Network 2 - dAttention: 50 voxels done Correlation: 0.28457399719724946
Network 2 - dAttention: 150 voxels done Correlation: 0.31736404494952564
Network 2 - dAttention: 250 voxels done Correlation: 0.29798980937847586
Network 2 - dAttention: 500 voxels done Correlation: 0.33372938360854154
Network 2 - dAttention: 750 voxels done Correlation: 0.2773379166198718
Network 2 - dAttention: 1000 voxels done Correlation: 0.29701761183129527
Network 2 - dAttention: 1500 voxels done Correlation: 0.3001621031458679
Network 2 - dAttention: 3000 voxels done Correlation: 0.2830060815573352
Network 2 - dAttention: 5000 voxels done Correlation: 0.338951356085339
Network 2 - dAttention: 6500 voxels done Correlation: 0.329990126371832
Network 2 - dAttention: 10000 voxels done Correlation: 0.3348780016457418
Network 2 - dAttention: 15000 voxels done Correlation: 0.33278803133223717
/home/fhopp/.conda/envs/mjs/lib/python3.8/site-packages/nilearn/masking.py:980: UserWarning: Data array used to create a new image contains 64-bit ints. This is likely due to creating the array with numpy and passing `int` as the `dtype`. Many tools such as FSL and SPM cannot deal with int64 in Nifti images, so for compatibility the data has been converted to int32.
  return new_img_like(mask_img, unmasked, affine)
Network 3 - vAttention: 50 voxels done Correlation: 0.1939683455638209
Network 3 - vAttention: 150 voxels done Correlation: 0.24659055385670173
Network 3 - vAttention: 250 voxels done Correlation: 0.2299806181337559
Network 3 - vAttention: 500 voxels done Correlation: 0.3645982585028621
Network 3 - vAttention: 750 voxels done Correlation: 0.3284073614762464
Network 3 - vAttention: 1000 voxels done Correlation: 0.31956471251681484
Network 3 - vAttention: 1500 voxels done Correlation: 0.36732417547411456
Network 3 - vAttention: 3000 voxels done Correlation: 0.3654705960002334
Network 3 - vAttention: 5000 voxels done Correlation: 0.35740969734218014
Network 3 - vAttention: 6500 voxels done Correlation: 0.37796931678474766
Network 3 - vAttention: 10000 voxels done Correlation: 0.3902974892231917
Network 3 - vAttention: 15000 voxels done Correlation: 0.38759734202449403
/home/fhopp/.conda/envs/mjs/lib/python3.8/site-packages/nilearn/masking.py:980: UserWarning: Data array used to create a new image contains 64-bit ints. This is likely due to creating the array with numpy and passing `int` as the `dtype`. Many tools such as FSL and SPM cannot deal with int64 in Nifti images, so for compatibility the data has been converted to int32.
  return new_img_like(mask_img, unmasked, affine)
Network 4 - Limbic: 50 voxels done Correlation: 0.195023925500109
Network 4 - Limbic: 150 voxels done Correlation: 0.20478482023046962
Network 4 - Limbic: 250 voxels done Correlation: 0.1850766502342231
Network 4 - Limbic: 500 voxels done Correlation: 0.3427101512143157
Network 4 - Limbic: 750 voxels done Correlation: 0.29239033940894327
Network 4 - Limbic: 1000 voxels done Correlation: 0.2520400682355439
Network 4 - Limbic: 1500 voxels done Correlation: 0.2620027233394448
Network 4 - Limbic: 3000 voxels done Correlation: 0.27259871267239444
Network 4 - Limbic: 5000 voxels done Correlation: 0.28460223803879936
Network 4 - Limbic: 6500 voxels done Correlation: 0.29184651103008385
Network 4 - Limbic: 10000 voxels done Correlation: 0.27976647060878723
/home/fhopp/.conda/envs/mjs/lib/python3.8/site-packages/nilearn/masking.py:980: UserWarning: Data array used to create a new image contains 64-bit ints. This is likely due to creating the array with numpy and passing `int` as the `dtype`. Many tools such as FSL and SPM cannot deal with int64 in Nifti images, so for compatibility the data has been converted to int32.
  return new_img_like(mask_img, unmasked, affine)
Network 5 - Frontoparietal: 50 voxels done Correlation: 0.15550910897511885
Network 5 - Frontoparietal: 150 voxels done Correlation: 0.19008022849242232
Network 5 - Frontoparietal: 250 voxels done Correlation: 0.21185797113035973
Network 5 - Frontoparietal: 500 voxels done Correlation: 0.2551613311783455
Network 5 - Frontoparietal: 750 voxels done Correlation: 0.20583804668351335
Network 5 - Frontoparietal: 1000 voxels done Correlation: 0.19540095590041334
Network 5 - Frontoparietal: 1500 voxels done Correlation: 0.23773559684649487
Network 5 - Frontoparietal: 3000 voxels done Correlation: 0.21497440523613218
Network 5 - Frontoparietal: 5000 voxels done Correlation: 0.21390101819791213
Network 5 - Frontoparietal: 6500 voxels done Correlation: 0.23645904754767658
Network 5 - Frontoparietal: 10000 voxels done Correlation: 0.23706136942508926
Network 5 - Frontoparietal: 15000 voxels done Correlation: 0.23841894720507126
/home/fhopp/.conda/envs/mjs/lib/python3.8/site-packages/nilearn/masking.py:980: UserWarning: Data array used to create a new image contains 64-bit ints. This is likely due to creating the array with numpy and passing `int` as the `dtype`. Many tools such as FSL and SPM cannot deal with int64 in Nifti images, so for compatibility the data has been converted to int32.
  return new_img_like(mask_img, unmasked, affine)
Network 6 - Default Mode: 50 voxels done Correlation: 0.23200586436630252
Network 6 - Default Mode: 150 voxels done Correlation: 0.33494023234684017
Network 6 - Default Mode: 250 voxels done Correlation: 0.3087603254704364
Network 6 - Default Mode: 500 voxels done Correlation: 0.47322125857079306
Network 6 - Default Mode: 750 voxels done Correlation: 0.36194137474679355
Network 6 - Default Mode: 1000 voxels done Correlation: 0.3734056932896535
Network 6 - Default Mode: 1500 voxels done Correlation: 0.3628730763067495
Network 6 - Default Mode: 3000 voxels done Correlation: 0.3950141815831424
Network 6 - Default Mode: 5000 voxels done Correlation: 0.42140796183792467
Network 6 - Default Mode: 6500 voxels done Correlation: 0.40729039232453784
Network 6 - Default Mode: 10000 voxels done Correlation: 0.4217579076978928
Network 6 - Default Mode: 15000 voxels done Correlation: 0.40883587040024594
Network 6 - Default Mode: 25000 voxels done Correlation: 0.40106974290369407
/home/fhopp/.conda/envs/mjs/lib/python3.8/site-packages/nilearn/masking.py:980: UserWarning: Data array used to create a new image contains 64-bit ints. This is likely due to creating the array with numpy and passing `int` as the `dtype`. Many tools such as FSL and SPM cannot deal with int64 in Nifti images, so for compatibility the data has been converted to int32.
  return new_img_like(mask_img, unmasked, affine)
Network 7 - Subcortical: 50 voxels done Correlation: 0.16850300131835383
Network 7 - Subcortical: 150 voxels done Correlation: 0.19640311007600592
Network 7 - Subcortical: 250 voxels done Correlation: 0.192164107785547
Network 7 - Subcortical: 500 voxels done Correlation: 0.27393175319473295
Network 7 - Subcortical: 750 voxels done Correlation: 0.2279577894909423
Network 7 - Subcortical: 1000 voxels done Correlation: 0.2572892895582801
Network 7 - Subcortical: 1500 voxels done Correlation: 0.22929934986434214
Network 7 - Subcortical: 3000 voxels done Correlation: 0.17789027959410625
Network 7 - Subcortical: 5000 voxels done Correlation: 0.16819877487202717
Network 7 - Subcortical: 6500 voxels done Correlation: 0.16165544143274474
Network 7 - Subcortical: 10000 voxels done Correlation: 0.16599966353416024
Network 8 - Consciousness: 50 voxels done Correlation: 0.2532927467333709
Network 8 - Consciousness: 150 voxels done Correlation: 0.26629673350910854
Network 8 - Consciousness: 250 voxels done Correlation: 0.3221214651001105
Network 8 - Consciousness: 500 voxels done Correlation: 0.23904983952752087
Network 8 - Consciousness: 750 voxels done Correlation: 0.3530681013320936
Network 8 - Consciousness: 1000 voxels done Correlation: 0.3661932846697631
Network 8 - Consciousness: 1500 voxels done Correlation: 0.41463563507286305
Network 8 - Consciousness: 3000 voxels done Correlation: 0.4803903622740652
Network 8 - Consciousness: 5000 voxels done Correlation: 0.4184498969446352
Network 8 - Consciousness: 6500 voxels done Correlation: 0.4774668375697367
Network 8 - Consciousness: 10000 voxels done Correlation: 0.4807215026552654
Network 8 - Consciousness: 15000 voxels done Correlation: 0.4756852560554151
Network 8 - Consciousness: 25000 voxels done Correlation: 0.46420024926676606
Network 8 - Consciousness: 50000 voxels done Correlation: 0.4665570627341193
