Running job on: easley
Iteration: 857
Starting spatial evaluation...
/home/fhopp/.conda/envs/mjs/lib/python3.8/site-packages/nilearn/maskers/nifti_masker.py:110: UserWarning: imgs are being resampled to the mask_img resolution. This process is memory intensive. You might want to provide a target_affine that is equal to the affine of the imgs or resample the mask beforehand to save memory and computation time.
  warnings.warn(
/home/fhopp/.conda/envs/mjs/lib/python3.8/site-packages/nilearn/masking.py:980: UserWarning: Data array used to create a new image contains 64-bit ints. This is likely due to creating the array with numpy and passing `int` as the `dtype`. Many tools such as FSL and SPM cannot deal with int64 in Nifti images, so for compatibility the data has been converted to int32.
  return new_img_like(mask_img, unmasked, affine)
Network 0 - Visual: 50 voxels done Correlation: 0.5849002737471527
Network 0 - Visual: 150 voxels done Correlation: 0.6217099883760124
Network 0 - Visual: 250 voxels done Correlation: 0.6514375413207371
Network 0 - Visual: 500 voxels done Correlation: 0.6384659348034017
Network 0 - Visual: 750 voxels done Correlation: 0.6269827731577391
Network 0 - Visual: 1000 voxels done Correlation: 0.5364634961036588
Network 0 - Visual: 1500 voxels done Correlation: 0.6159941940810044
Network 0 - Visual: 3000 voxels done Correlation: 0.6044955845324189
Network 0 - Visual: 5000 voxels done Correlation: 0.6244869747007018
Network 0 - Visual: 6500 voxels done Correlation: 0.6224985854772211
Network 0 - Visual: 10000 voxels done Correlation: 0.6327269270222202
Network 0 - Visual: 15000 voxels done Correlation: 0.6306019538616943
/home/fhopp/.conda/envs/mjs/lib/python3.8/site-packages/nilearn/masking.py:980: UserWarning: Data array used to create a new image contains 64-bit ints. This is likely due to creating the array with numpy and passing `int` as the `dtype`. Many tools such as FSL and SPM cannot deal with int64 in Nifti images, so for compatibility the data has been converted to int32.
  return new_img_like(mask_img, unmasked, affine)
Network 1 - Somatomotor: 50 voxels done Correlation: 0.3337783785994902
Network 1 - Somatomotor: 150 voxels done Correlation: 0.31261695693777225
Network 1 - Somatomotor: 250 voxels done Correlation: 0.3894561549052288
Network 1 - Somatomotor: 500 voxels done Correlation: 0.3047601277221731
Network 1 - Somatomotor: 750 voxels done Correlation: 0.35401197254090677
Network 1 - Somatomotor: 1000 voxels done Correlation: 0.32110222373331976
Network 1 - Somatomotor: 1500 voxels done Correlation: 0.33159233243745334
Network 1 - Somatomotor: 3000 voxels done Correlation: 0.357900611121945
Network 1 - Somatomotor: 5000 voxels done Correlation: 0.35041434471287797
Network 1 - Somatomotor: 6500 voxels done Correlation: 0.34374814211892435
Network 1 - Somatomotor: 10000 voxels done Correlation: 0.34257165444936455
Network 1 - Somatomotor: 15000 voxels done Correlation: 0.3452584102833668
/home/fhopp/.conda/envs/mjs/lib/python3.8/site-packages/nilearn/masking.py:980: UserWarning: Data array used to create a new image contains 64-bit ints. This is likely due to creating the array with numpy and passing `int` as the `dtype`. Many tools such as FSL and SPM cannot deal with int64 in Nifti images, so for compatibility the data has been converted to int32.
  return new_img_like(mask_img, unmasked, affine)
Network 2 - dAttention: 50 voxels done Correlation: 0.2962707049901293
Network 2 - dAttention: 150 voxels done Correlation: 0.3655455033451585
Network 2 - dAttention: 250 voxels done Correlation: 0.23415451256417857
Network 2 - dAttention: 500 voxels done Correlation: 0.36390237346650267
Network 2 - dAttention: 750 voxels done Correlation: 0.3041085683656781
Network 2 - dAttention: 1000 voxels done Correlation: 0.3168198122854192
Network 2 - dAttention: 1500 voxels done Correlation: 0.3107066486388287
Network 2 - dAttention: 3000 voxels done Correlation: 0.3219666266339146
Network 2 - dAttention: 5000 voxels done Correlation: 0.32199387700301285
Network 2 - dAttention: 6500 voxels done Correlation: 0.33304326147636165
Network 2 - dAttention: 10000 voxels done Correlation: 0.33174918374247564
Network 2 - dAttention: 15000 voxels done Correlation: 0.3352410568173766
/home/fhopp/.conda/envs/mjs/lib/python3.8/site-packages/nilearn/masking.py:980: UserWarning: Data array used to create a new image contains 64-bit ints. This is likely due to creating the array with numpy and passing `int` as the `dtype`. Many tools such as FSL and SPM cannot deal with int64 in Nifti images, so for compatibility the data has been converted to int32.
  return new_img_like(mask_img, unmasked, affine)
Network 3 - vAttention: 50 voxels done Correlation: 0.21117121751629453
Network 3 - vAttention: 150 voxels done Correlation: 0.2579526303177293
Network 3 - vAttention: 250 voxels done Correlation: 0.27788716217765985
Network 3 - vAttention: 500 voxels done Correlation: 0.31589895827440384
Network 3 - vAttention: 750 voxels done Correlation: 0.3039490582765004
Network 3 - vAttention: 1000 voxels done Correlation: 0.3549741910648004
Network 3 - vAttention: 1500 voxels done Correlation: 0.36843249454025573
Network 3 - vAttention: 3000 voxels done Correlation: 0.33834455354180804
Network 3 - vAttention: 5000 voxels done Correlation: 0.39425561117044394
Network 3 - vAttention: 6500 voxels done Correlation: 0.3916073931076999
Network 3 - vAttention: 10000 voxels done Correlation: 0.3975933789637406
Network 3 - vAttention: 15000 voxels done Correlation: 0.38755554592797614
/home/fhopp/.conda/envs/mjs/lib/python3.8/site-packages/nilearn/masking.py:980: UserWarning: Data array used to create a new image contains 64-bit ints. This is likely due to creating the array with numpy and passing `int` as the `dtype`. Many tools such as FSL and SPM cannot deal with int64 in Nifti images, so for compatibility the data has been converted to int32.
  return new_img_like(mask_img, unmasked, affine)
Network 4 - Limbic: 50 voxels done Correlation: 0.15461581570013816
Network 4 - Limbic: 150 voxels done Correlation: 0.2077884718981861
Network 4 - Limbic: 250 voxels done Correlation: 0.2338748080087946
Network 4 - Limbic: 500 voxels done Correlation: 0.23461012382528934
Network 4 - Limbic: 750 voxels done Correlation: 0.24362791595153394
Network 4 - Limbic: 1000 voxels done Correlation: 0.2912680092976112
Network 4 - Limbic: 1500 voxels done Correlation: 0.2760138919902785
Network 4 - Limbic: 3000 voxels done Correlation: 0.2879107786303158
Network 4 - Limbic: 5000 voxels done Correlation: 0.2871388543074711
Network 4 - Limbic: 6500 voxels done Correlation: 0.2983197222560814
Network 4 - Limbic: 10000 voxels done Correlation: 0.2856005568279802
/home/fhopp/.conda/envs/mjs/lib/python3.8/site-packages/nilearn/masking.py:980: UserWarning: Data array used to create a new image contains 64-bit ints. This is likely due to creating the array with numpy and passing `int` as the `dtype`. Many tools such as FSL and SPM cannot deal with int64 in Nifti images, so for compatibility the data has been converted to int32.
  return new_img_like(mask_img, unmasked, affine)
Network 5 - Frontoparietal: 50 voxels done Correlation: 0.1806140308805823
Network 5 - Frontoparietal: 150 voxels done Correlation: 0.15845156752067796
Network 5 - Frontoparietal: 250 voxels done Correlation: 0.3426361246196257
Network 5 - Frontoparietal: 500 voxels done Correlation: 0.24614571482933284
Network 5 - Frontoparietal: 750 voxels done Correlation: 0.2043654591080943
Network 5 - Frontoparietal: 1000 voxels done Correlation: 0.2727321719433069
Network 5 - Frontoparietal: 1500 voxels done Correlation: 0.24421329375345432
Network 5 - Frontoparietal: 3000 voxels done Correlation: 0.2516599579987106
Network 5 - Frontoparietal: 5000 voxels done Correlation: 0.21903374825302752
Network 5 - Frontoparietal: 6500 voxels done Correlation: 0.22486796625707836
Network 5 - Frontoparietal: 10000 voxels done Correlation: 0.24636714481532507
Network 5 - Frontoparietal: 15000 voxels done Correlation: 0.23406971118736875
/home/fhopp/.conda/envs/mjs/lib/python3.8/site-packages/nilearn/masking.py:980: UserWarning: Data array used to create a new image contains 64-bit ints. This is likely due to creating the array with numpy and passing `int` as the `dtype`. Many tools such as FSL and SPM cannot deal with int64 in Nifti images, so for compatibility the data has been converted to int32.
  return new_img_like(mask_img, unmasked, affine)
Network 6 - Default Mode: 50 voxels done Correlation: 0.273218319548236
Network 6 - Default Mode: 150 voxels done Correlation: 0.2919331837187987
Network 6 - Default Mode: 250 voxels done Correlation: 0.3728830190922614
Network 6 - Default Mode: 500 voxels done Correlation: 0.3408593132898432
Network 6 - Default Mode: 750 voxels done Correlation: 0.35666784627363096
Network 6 - Default Mode: 1000 voxels done Correlation: 0.33856929417946285
Network 6 - Default Mode: 1500 voxels done Correlation: 0.3281405294374124
Network 6 - Default Mode: 3000 voxels done Correlation: 0.3631762424348869
Network 6 - Default Mode: 5000 voxels done Correlation: 0.39941792968823564
Network 6 - Default Mode: 6500 voxels done Correlation: 0.4125570717841168
Network 6 - Default Mode: 10000 voxels done Correlation: 0.40129578103121166
Network 6 - Default Mode: 15000 voxels done Correlation: 0.4029306300319785
Network 6 - Default Mode: 25000 voxels done Correlation: 0.4037807795483588
/home/fhopp/.conda/envs/mjs/lib/python3.8/site-packages/nilearn/masking.py:980: UserWarning: Data array used to create a new image contains 64-bit ints. This is likely due to creating the array with numpy and passing `int` as the `dtype`. Many tools such as FSL and SPM cannot deal with int64 in Nifti images, so for compatibility the data has been converted to int32.
  return new_img_like(mask_img, unmasked, affine)
Network 7 - Subcortical: 50 voxels done Correlation: 0.14796667854518966
Network 7 - Subcortical: 150 voxels done Correlation: 0.13994205363802617
Network 7 - Subcortical: 250 voxels done Correlation: 0.3047706215636933
Network 7 - Subcortical: 500 voxels done Correlation: 0.19692507440228357
Network 7 - Subcortical: 750 voxels done Correlation: 0.190364399308914
Network 7 - Subcortical: 1000 voxels done Correlation: 0.2174784256239065
Network 7 - Subcortical: 1500 voxels done Correlation: 0.18889573107974517
Network 7 - Subcortical: 3000 voxels done Correlation: 0.17595484131185524
Network 7 - Subcortical: 5000 voxels done Correlation: 0.18076032885851168
Network 7 - Subcortical: 6500 voxels done Correlation: 0.17243362013926836
Network 7 - Subcortical: 10000 voxels done Correlation: 0.16312312935354517
Network 8 - Consciousness: 50 voxels done Correlation: 0.1318454334080414
Network 8 - Consciousness: 150 voxels done Correlation: 0.23089526140870664
Network 8 - Consciousness: 250 voxels done Correlation: 0.30574199862101814
Network 8 - Consciousness: 500 voxels done Correlation: 0.39382179587704974
Network 8 - Consciousness: 750 voxels done Correlation: 0.3475080813392302
Network 8 - Consciousness: 1000 voxels done Correlation: 0.404044565447751
Network 8 - Consciousness: 1500 voxels done Correlation: 0.48188774084446717
Network 8 - Consciousness: 3000 voxels done Correlation: 0.44896936460539155
Network 8 - Consciousness: 5000 voxels done Correlation: 0.4421490522520303
Network 8 - Consciousness: 6500 voxels done Correlation: 0.4787322429361568
Network 8 - Consciousness: 10000 voxels done Correlation: 0.45420783838827794
Network 8 - Consciousness: 15000 voxels done Correlation: 0.47097590607400563
Network 8 - Consciousness: 25000 voxels done Correlation: 0.4604878652354364
Network 8 - Consciousness: 50000 voxels done Correlation: 0.4622066260685971
