Running job on: cox
Iteration: 466
Starting spatial evaluation...
/home/fhopp/.conda/envs/mjs/lib/python3.8/site-packages/nilearn/maskers/nifti_masker.py:110: UserWarning: imgs are being resampled to the mask_img resolution. This process is memory intensive. You might want to provide a target_affine that is equal to the affine of the imgs or resample the mask beforehand to save memory and computation time.
  warnings.warn(
/home/fhopp/.conda/envs/mjs/lib/python3.8/site-packages/nilearn/masking.py:980: UserWarning: Data array used to create a new image contains 64-bit ints. This is likely due to creating the array with numpy and passing `int` as the `dtype`. Many tools such as FSL and SPM cannot deal with int64 in Nifti images, so for compatibility the data has been converted to int32.
  return new_img_like(mask_img, unmasked, affine)
Network 0 - Visual: 50 voxels done Correlation: 0.5721119279930504
Network 0 - Visual: 150 voxels done Correlation: 0.5306738065243009
Network 0 - Visual: 250 voxels done Correlation: 0.6025800669326791
Network 0 - Visual: 500 voxels done Correlation: 0.5663425663723684
Network 0 - Visual: 750 voxels done Correlation: 0.581765346816549
Network 0 - Visual: 1000 voxels done Correlation: 0.6371050798535194
Network 0 - Visual: 1500 voxels done Correlation: 0.598470673849093
Network 0 - Visual: 3000 voxels done Correlation: 0.6113223868920432
Network 0 - Visual: 5000 voxels done Correlation: 0.6327727796450128
Network 0 - Visual: 6500 voxels done Correlation: 0.636399417329528
Network 0 - Visual: 10000 voxels done Correlation: 0.6304802034171305
Network 0 - Visual: 15000 voxels done Correlation: 0.6312487080989553
/home/fhopp/.conda/envs/mjs/lib/python3.8/site-packages/nilearn/masking.py:980: UserWarning: Data array used to create a new image contains 64-bit ints. This is likely due to creating the array with numpy and passing `int` as the `dtype`. Many tools such as FSL and SPM cannot deal with int64 in Nifti images, so for compatibility the data has been converted to int32.
  return new_img_like(mask_img, unmasked, affine)
Network 1 - Somatomotor: 50 voxels done Correlation: 0.08123512393361085
Network 1 - Somatomotor: 150 voxels done Correlation: 0.2912607361735694
Network 1 - Somatomotor: 250 voxels done Correlation: 0.34909258372206586
Network 1 - Somatomotor: 500 voxels done Correlation: 0.3266748001554626
Network 1 - Somatomotor: 750 voxels done Correlation: 0.29979882395472224
Network 1 - Somatomotor: 1000 voxels done Correlation: 0.35192803202173817
Network 1 - Somatomotor: 1500 voxels done Correlation: 0.35045460708862514
Network 1 - Somatomotor: 3000 voxels done Correlation: 0.34317944192169403
Network 1 - Somatomotor: 5000 voxels done Correlation: 0.3409302182341911
Network 1 - Somatomotor: 6500 voxels done Correlation: 0.3459850997014696
Network 1 - Somatomotor: 10000 voxels done Correlation: 0.34312849732643247
Network 1 - Somatomotor: 15000 voxels done Correlation: 0.34840083071537964
/home/fhopp/.conda/envs/mjs/lib/python3.8/site-packages/nilearn/masking.py:980: UserWarning: Data array used to create a new image contains 64-bit ints. This is likely due to creating the array with numpy and passing `int` as the `dtype`. Many tools such as FSL and SPM cannot deal with int64 in Nifti images, so for compatibility the data has been converted to int32.
  return new_img_like(mask_img, unmasked, affine)
Network 2 - dAttention: 50 voxels done Correlation: 0.3270309467375062
Network 2 - dAttention: 150 voxels done Correlation: 0.27051385784699
Network 2 - dAttention: 250 voxels done Correlation: 0.33800428766775237
Network 2 - dAttention: 500 voxels done Correlation: 0.37702154885029565
Network 2 - dAttention: 750 voxels done Correlation: 0.34592308735415295
Network 2 - dAttention: 1000 voxels done Correlation: 0.3162292399674149
Network 2 - dAttention: 1500 voxels done Correlation: 0.2999302261525212
Network 2 - dAttention: 3000 voxels done Correlation: 0.3262002658453863
Network 2 - dAttention: 5000 voxels done Correlation: 0.3229291424170709
Network 2 - dAttention: 6500 voxels done Correlation: 0.3353421695875527
Network 2 - dAttention: 10000 voxels done Correlation: 0.33694575426923234
Network 2 - dAttention: 15000 voxels done Correlation: 0.33753969642898596
/home/fhopp/.conda/envs/mjs/lib/python3.8/site-packages/nilearn/masking.py:980: UserWarning: Data array used to create a new image contains 64-bit ints. This is likely due to creating the array with numpy and passing `int` as the `dtype`. Many tools such as FSL and SPM cannot deal with int64 in Nifti images, so for compatibility the data has been converted to int32.
  return new_img_like(mask_img, unmasked, affine)
Network 3 - vAttention: 50 voxels done Correlation: 0.22303020578806476
Network 3 - vAttention: 150 voxels done Correlation: 0.2614931798684238
Network 3 - vAttention: 250 voxels done Correlation: 0.2710803513588521
Network 3 - vAttention: 500 voxels done Correlation: 0.3435035152186115
Network 3 - vAttention: 750 voxels done Correlation: 0.3047805298199243
Network 3 - vAttention: 1000 voxels done Correlation: 0.3485148002540372
Network 3 - vAttention: 1500 voxels done Correlation: 0.35495963097860983
Network 3 - vAttention: 3000 voxels done Correlation: 0.3743291805124248
Network 3 - vAttention: 5000 voxels done Correlation: 0.380656177245391
Network 3 - vAttention: 6500 voxels done Correlation: 0.39181274607697464
Network 3 - vAttention: 10000 voxels done Correlation: 0.38311757856664297
Network 3 - vAttention: 15000 voxels done Correlation: 0.3882662504044899
/home/fhopp/.conda/envs/mjs/lib/python3.8/site-packages/nilearn/masking.py:980: UserWarning: Data array used to create a new image contains 64-bit ints. This is likely due to creating the array with numpy and passing `int` as the `dtype`. Many tools such as FSL and SPM cannot deal with int64 in Nifti images, so for compatibility the data has been converted to int32.
  return new_img_like(mask_img, unmasked, affine)
Network 4 - Limbic: 50 voxels done Correlation: 0.2851370815806521
Network 4 - Limbic: 150 voxels done Correlation: 0.23362325537928452
Network 4 - Limbic: 250 voxels done Correlation: 0.20465615237258925
Network 4 - Limbic: 500 voxels done Correlation: 0.2494815727375415
Network 4 - Limbic: 750 voxels done Correlation: 0.3156606040933027
Network 4 - Limbic: 1000 voxels done Correlation: 0.2838654505816893
Network 4 - Limbic: 1500 voxels done Correlation: 0.2630889205703021
Network 4 - Limbic: 3000 voxels done Correlation: 0.26742051295012104
Network 4 - Limbic: 5000 voxels done Correlation: 0.26715832226146086
Network 4 - Limbic: 6500 voxels done Correlation: 0.2858548838779359
Network 4 - Limbic: 10000 voxels done Correlation: 0.28322474973476774
/home/fhopp/.conda/envs/mjs/lib/python3.8/site-packages/nilearn/masking.py:980: UserWarning: Data array used to create a new image contains 64-bit ints. This is likely due to creating the array with numpy and passing `int` as the `dtype`. Many tools such as FSL and SPM cannot deal with int64 in Nifti images, so for compatibility the data has been converted to int32.
  return new_img_like(mask_img, unmasked, affine)
Network 5 - Frontoparietal: 50 voxels done Correlation: 0.10279369442619923
Network 5 - Frontoparietal: 150 voxels done Correlation: 0.254777893822578
Network 5 - Frontoparietal: 250 voxels done Correlation: 0.19797412654066446
Network 5 - Frontoparietal: 500 voxels done Correlation: 0.2425357112293975
Network 5 - Frontoparietal: 750 voxels done Correlation: 0.2643128116630067
Network 5 - Frontoparietal: 1000 voxels done Correlation: 0.18054369153012934
Network 5 - Frontoparietal: 1500 voxels done Correlation: 0.24187617951524398
Network 5 - Frontoparietal: 3000 voxels done Correlation: 0.23288431626389994
Network 5 - Frontoparietal: 5000 voxels done Correlation: 0.23226214970048514
Network 5 - Frontoparietal: 6500 voxels done Correlation: 0.24900643094092378
Network 5 - Frontoparietal: 10000 voxels done Correlation: 0.23252556034162364
Network 5 - Frontoparietal: 15000 voxels done Correlation: 0.2426022030065701
/home/fhopp/.conda/envs/mjs/lib/python3.8/site-packages/nilearn/masking.py:980: UserWarning: Data array used to create a new image contains 64-bit ints. This is likely due to creating the array with numpy and passing `int` as the `dtype`. Many tools such as FSL and SPM cannot deal with int64 in Nifti images, so for compatibility the data has been converted to int32.
  return new_img_like(mask_img, unmasked, affine)
Network 6 - Default Mode: 50 voxels done Correlation: 0.3179570008121681
Network 6 - Default Mode: 150 voxels done Correlation: 0.2620261781380784
Network 6 - Default Mode: 250 voxels done Correlation: 0.2626462352829818
Network 6 - Default Mode: 500 voxels done Correlation: 0.3598184056363421
Network 6 - Default Mode: 750 voxels done Correlation: 0.35133854109704676
Network 6 - Default Mode: 1000 voxels done Correlation: 0.3476273332987022
Network 6 - Default Mode: 1500 voxels done Correlation: 0.40260107084399044
Network 6 - Default Mode: 3000 voxels done Correlation: 0.39414179849653075
Network 6 - Default Mode: 5000 voxels done Correlation: 0.3985132349891669
Network 6 - Default Mode: 6500 voxels done Correlation: 0.4103522007271094
Network 6 - Default Mode: 10000 voxels done Correlation: 0.41984297356821276
Network 6 - Default Mode: 15000 voxels done Correlation: 0.4043674151944707
Network 6 - Default Mode: 25000 voxels done Correlation: 0.40445412382057644
/home/fhopp/.conda/envs/mjs/lib/python3.8/site-packages/nilearn/masking.py:980: UserWarning: Data array used to create a new image contains 64-bit ints. This is likely due to creating the array with numpy and passing `int` as the `dtype`. Many tools such as FSL and SPM cannot deal with int64 in Nifti images, so for compatibility the data has been converted to int32.
  return new_img_like(mask_img, unmasked, affine)
Network 7 - Subcortical: 50 voxels done Correlation: 0.13931506320067805
Network 7 - Subcortical: 150 voxels done Correlation: 0.16324652852010713
Network 7 - Subcortical: 250 voxels done Correlation: 0.1884868839620088
Network 7 - Subcortical: 500 voxels done Correlation: 0.2416930914982168
Network 7 - Subcortical: 750 voxels done Correlation: 0.19859793867860837
Network 7 - Subcortical: 1000 voxels done Correlation: 0.22199960829798468
Network 7 - Subcortical: 1500 voxels done Correlation: 0.18122529480823216
Network 7 - Subcortical: 3000 voxels done Correlation: 0.1746494385131388
Network 7 - Subcortical: 5000 voxels done Correlation: 0.15270809961953552
Network 7 - Subcortical: 6500 voxels done Correlation: 0.15951494125109528
Network 7 - Subcortical: 10000 voxels done Correlation: 0.16552791884781193
Network 8 - Consciousness: 50 voxels done Correlation: 0.25655719416448236
Network 8 - Consciousness: 150 voxels done Correlation: 0.3385314713147456
Network 8 - Consciousness: 250 voxels done Correlation: 0.3278531630037519
Network 8 - Consciousness: 500 voxels done Correlation: 0.44001945886724847
Network 8 - Consciousness: 750 voxels done Correlation: 0.30110063897458544
Network 8 - Consciousness: 1000 voxels done Correlation: 0.3866513730053984
Network 8 - Consciousness: 1500 voxels done Correlation: 0.46162806510899934
Network 8 - Consciousness: 3000 voxels done Correlation: 0.4737121130491322
Network 8 - Consciousness: 5000 voxels done Correlation: 0.4379637317252551
Network 8 - Consciousness: 6500 voxels done Correlation: 0.4559349893293523
Network 8 - Consciousness: 10000 voxels done Correlation: 0.4763166098886946
Network 8 - Consciousness: 15000 voxels done Correlation: 0.4536979366599588
Network 8 - Consciousness: 25000 voxels done Correlation: 0.47938535462476906
Network 8 - Consciousness: 50000 voxels done Correlation: 0.46658915059598904
