Running job on: wood
Iteration: 894
Starting spatial evaluation...
/home/fhopp/.conda/envs/mjs/lib/python3.8/site-packages/nilearn/maskers/nifti_masker.py:110: UserWarning: imgs are being resampled to the mask_img resolution. This process is memory intensive. You might want to provide a target_affine that is equal to the affine of the imgs or resample the mask beforehand to save memory and computation time.
  warnings.warn(
/home/fhopp/.conda/envs/mjs/lib/python3.8/site-packages/nilearn/masking.py:980: UserWarning: Data array used to create a new image contains 64-bit ints. This is likely due to creating the array with numpy and passing `int` as the `dtype`. Many tools such as FSL and SPM cannot deal with int64 in Nifti images, so for compatibility the data has been converted to int32.
  return new_img_like(mask_img, unmasked, affine)
Network 0 - Visual: 50 voxels done Correlation: 0.579529945510492
Network 0 - Visual: 150 voxels done Correlation: 0.6017343260235798
Network 0 - Visual: 250 voxels done Correlation: 0.5661702096561225
Network 0 - Visual: 500 voxels done Correlation: 0.5753120309076805
Network 0 - Visual: 750 voxels done Correlation: 0.5925078866084268
Network 0 - Visual: 1000 voxels done Correlation: 0.5872312730778824
Network 0 - Visual: 1500 voxels done Correlation: 0.6212357717119883
Network 0 - Visual: 3000 voxels done Correlation: 0.6198545508376092
Network 0 - Visual: 5000 voxels done Correlation: 0.633484037919201
Network 0 - Visual: 6500 voxels done Correlation: 0.6249139635889192
Network 0 - Visual: 10000 voxels done Correlation: 0.6366509560488025
Network 0 - Visual: 15000 voxels done Correlation: 0.629215052185756
/home/fhopp/.conda/envs/mjs/lib/python3.8/site-packages/nilearn/masking.py:980: UserWarning: Data array used to create a new image contains 64-bit ints. This is likely due to creating the array with numpy and passing `int` as the `dtype`. Many tools such as FSL and SPM cannot deal with int64 in Nifti images, so for compatibility the data has been converted to int32.
  return new_img_like(mask_img, unmasked, affine)
Network 1 - Somatomotor: 50 voxels done Correlation: 0.29467733853369915
Network 1 - Somatomotor: 150 voxels done Correlation: 0.2682185917594995
Network 1 - Somatomotor: 250 voxels done Correlation: 0.33812854376761103
Network 1 - Somatomotor: 500 voxels done Correlation: 0.38254252343374384
Network 1 - Somatomotor: 750 voxels done Correlation: 0.32410601703398545
Network 1 - Somatomotor: 1000 voxels done Correlation: 0.33088546913414724
Network 1 - Somatomotor: 1500 voxels done Correlation: 0.36699197216505985
Network 1 - Somatomotor: 3000 voxels done Correlation: 0.35252178520607447
Network 1 - Somatomotor: 5000 voxels done Correlation: 0.3586140528060987
Network 1 - Somatomotor: 6500 voxels done Correlation: 0.35254560677927493
Network 1 - Somatomotor: 10000 voxels done Correlation: 0.33691012906882356
Network 1 - Somatomotor: 15000 voxels done Correlation: 0.3451349428203786
/home/fhopp/.conda/envs/mjs/lib/python3.8/site-packages/nilearn/masking.py:980: UserWarning: Data array used to create a new image contains 64-bit ints. This is likely due to creating the array with numpy and passing `int` as the `dtype`. Many tools such as FSL and SPM cannot deal with int64 in Nifti images, so for compatibility the data has been converted to int32.
  return new_img_like(mask_img, unmasked, affine)
Network 2 - dAttention: 50 voxels done Correlation: 0.24614681340921318
Network 2 - dAttention: 150 voxels done Correlation: 0.39259188036977
Network 2 - dAttention: 250 voxels done Correlation: 0.40765989613278264
Network 2 - dAttention: 500 voxels done Correlation: 0.3629777110358095
Network 2 - dAttention: 750 voxels done Correlation: 0.3579529967621246
Network 2 - dAttention: 1000 voxels done Correlation: 0.31508993928038287
Network 2 - dAttention: 1500 voxels done Correlation: 0.30339294356663893
Network 2 - dAttention: 3000 voxels done Correlation: 0.3062586113617314
Network 2 - dAttention: 5000 voxels done Correlation: 0.3424105046875746
Network 2 - dAttention: 6500 voxels done Correlation: 0.33590857459310886
Network 2 - dAttention: 10000 voxels done Correlation: 0.34090193639968325
Network 2 - dAttention: 15000 voxels done Correlation: 0.3348659658747703
/home/fhopp/.conda/envs/mjs/lib/python3.8/site-packages/nilearn/masking.py:980: UserWarning: Data array used to create a new image contains 64-bit ints. This is likely due to creating the array with numpy and passing `int` as the `dtype`. Many tools such as FSL and SPM cannot deal with int64 in Nifti images, so for compatibility the data has been converted to int32.
  return new_img_like(mask_img, unmasked, affine)
Network 3 - vAttention: 50 voxels done Correlation: 0.23923535247529937
Network 3 - vAttention: 150 voxels done Correlation: 0.24463502048811148
Network 3 - vAttention: 250 voxels done Correlation: 0.3138635817723796
Network 3 - vAttention: 500 voxels done Correlation: 0.33975897636548424
Network 3 - vAttention: 750 voxels done Correlation: 0.4002447509001388
Network 3 - vAttention: 1000 voxels done Correlation: 0.3410420151085286
Network 3 - vAttention: 1500 voxels done Correlation: 0.35134030342658834
Network 3 - vAttention: 3000 voxels done Correlation: 0.38668826030984005
Network 3 - vAttention: 5000 voxels done Correlation: 0.36688668348195985
Network 3 - vAttention: 6500 voxels done Correlation: 0.37091658213942547
Network 3 - vAttention: 10000 voxels done Correlation: 0.3769440523332056
Network 3 - vAttention: 15000 voxels done Correlation: 0.3879562167933628
/home/fhopp/.conda/envs/mjs/lib/python3.8/site-packages/nilearn/masking.py:980: UserWarning: Data array used to create a new image contains 64-bit ints. This is likely due to creating the array with numpy and passing `int` as the `dtype`. Many tools such as FSL and SPM cannot deal with int64 in Nifti images, so for compatibility the data has been converted to int32.
  return new_img_like(mask_img, unmasked, affine)
Network 4 - Limbic: 50 voxels done Correlation: 0.17329452495637584
Network 4 - Limbic: 150 voxels done Correlation: 0.24932395933893722
Network 4 - Limbic: 250 voxels done Correlation: 0.2056875245547884
Network 4 - Limbic: 500 voxels done Correlation: 0.27933935881930694
Network 4 - Limbic: 750 voxels done Correlation: 0.22390684363764818
Network 4 - Limbic: 1000 voxels done Correlation: 0.2643109651138241
Network 4 - Limbic: 1500 voxels done Correlation: 0.25100739874130745
Network 4 - Limbic: 3000 voxels done Correlation: 0.2896749550266469
Network 4 - Limbic: 5000 voxels done Correlation: 0.27352614760608623
Network 4 - Limbic: 6500 voxels done Correlation: 0.2837043660024063
Network 4 - Limbic: 10000 voxels done Correlation: 0.2848257436916408
/home/fhopp/.conda/envs/mjs/lib/python3.8/site-packages/nilearn/masking.py:980: UserWarning: Data array used to create a new image contains 64-bit ints. This is likely due to creating the array with numpy and passing `int` as the `dtype`. Many tools such as FSL and SPM cannot deal with int64 in Nifti images, so for compatibility the data has been converted to int32.
  return new_img_like(mask_img, unmasked, affine)
Network 5 - Frontoparietal: 50 voxels done Correlation: 0.274982715956763
Network 5 - Frontoparietal: 150 voxels done Correlation: 0.18938418704302462
Network 5 - Frontoparietal: 250 voxels done Correlation: 0.20267434644557913
Network 5 - Frontoparietal: 500 voxels done Correlation: 0.18082274883344274
Network 5 - Frontoparietal: 750 voxels done Correlation: 0.1522277492439684
Network 5 - Frontoparietal: 1000 voxels done Correlation: 0.23385767258423262
Network 5 - Frontoparietal: 1500 voxels done Correlation: 0.25778046330730375
Network 5 - Frontoparietal: 3000 voxels done Correlation: 0.2030621699390262
Network 5 - Frontoparietal: 5000 voxels done Correlation: 0.20660927621295333
Network 5 - Frontoparietal: 6500 voxels done Correlation: 0.22641616545696572
Network 5 - Frontoparietal: 10000 voxels done Correlation: 0.23263954601875098
Network 5 - Frontoparietal: 15000 voxels done Correlation: 0.24072363047760792
/home/fhopp/.conda/envs/mjs/lib/python3.8/site-packages/nilearn/masking.py:980: UserWarning: Data array used to create a new image contains 64-bit ints. This is likely due to creating the array with numpy and passing `int` as the `dtype`. Many tools such as FSL and SPM cannot deal with int64 in Nifti images, so for compatibility the data has been converted to int32.
  return new_img_like(mask_img, unmasked, affine)
Network 6 - Default Mode: 50 voxels done Correlation: 0.32129383957859897
Network 6 - Default Mode: 150 voxels done Correlation: 0.26155359079100693
Network 6 - Default Mode: 250 voxels done Correlation: 0.3252396182603081
Network 6 - Default Mode: 500 voxels done Correlation: 0.3604723141515608
Network 6 - Default Mode: 750 voxels done Correlation: 0.3711580981575018
Network 6 - Default Mode: 1000 voxels done Correlation: 0.33209515057275885
Network 6 - Default Mode: 1500 voxels done Correlation: 0.37696449170892643
Network 6 - Default Mode: 3000 voxels done Correlation: 0.38249574088865435
Network 6 - Default Mode: 5000 voxels done Correlation: 0.40883077996992023
Network 6 - Default Mode: 6500 voxels done Correlation: 0.43060335974031627
Network 6 - Default Mode: 10000 voxels done Correlation: 0.41399602274978825
Network 6 - Default Mode: 15000 voxels done Correlation: 0.4145170376996846
Network 6 - Default Mode: 25000 voxels done Correlation: 0.40110501405948984
/home/fhopp/.conda/envs/mjs/lib/python3.8/site-packages/nilearn/masking.py:980: UserWarning: Data array used to create a new image contains 64-bit ints. This is likely due to creating the array with numpy and passing `int` as the `dtype`. Many tools such as FSL and SPM cannot deal with int64 in Nifti images, so for compatibility the data has been converted to int32.
  return new_img_like(mask_img, unmasked, affine)
Network 7 - Subcortical: 50 voxels done Correlation: 0.180678663341677
Network 7 - Subcortical: 150 voxels done Correlation: 0.10934528366818312
Network 7 - Subcortical: 250 voxels done Correlation: 0.2609430598786927
Network 7 - Subcortical: 500 voxels done Correlation: 0.27412430084965406
Network 7 - Subcortical: 750 voxels done Correlation: 0.23556352674261893
Network 7 - Subcortical: 1000 voxels done Correlation: 0.2367188075686237
Network 7 - Subcortical: 1500 voxels done Correlation: 0.21252554705358923
Network 7 - Subcortical: 3000 voxels done Correlation: 0.18227128485661992
Network 7 - Subcortical: 5000 voxels done Correlation: 0.16588020913085946
Network 7 - Subcortical: 6500 voxels done Correlation: 0.15757702806042231
Network 7 - Subcortical: 10000 voxels done Correlation: 0.16687021385634754
Network 8 - Consciousness: 50 voxels done Correlation: 0.17506439365556212
Network 8 - Consciousness: 150 voxels done Correlation: 0.3290153277751352
Network 8 - Consciousness: 250 voxels done Correlation: 0.3511373080803083
Network 8 - Consciousness: 500 voxels done Correlation: 0.4198302470293185
Network 8 - Consciousness: 750 voxels done Correlation: 0.3566249427124544
Network 8 - Consciousness: 1000 voxels done Correlation: 0.40347264512757264
Network 8 - Consciousness: 1500 voxels done Correlation: 0.46350180564126053
Network 8 - Consciousness: 3000 voxels done Correlation: 0.48134844001559235
Network 8 - Consciousness: 5000 voxels done Correlation: 0.47824524531302953
Network 8 - Consciousness: 6500 voxels done Correlation: 0.4517633158125612
Network 8 - Consciousness: 10000 voxels done Correlation: 0.4618542043100786
Network 8 - Consciousness: 15000 voxels done Correlation: 0.47275330716795116
Network 8 - Consciousness: 25000 voxels done Correlation: 0.4688759572307418
Network 8 - Consciousness: 50000 voxels done Correlation: 0.4650690071451017
