Running job on: ada
Iteration: 722
Starting spatial evaluation...
/home/fhopp/.conda/envs/mjs/lib/python3.8/site-packages/nilearn/maskers/nifti_masker.py:110: UserWarning: imgs are being resampled to the mask_img resolution. This process is memory intensive. You might want to provide a target_affine that is equal to the affine of the imgs or resample the mask beforehand to save memory and computation time.
  warnings.warn(
/home/fhopp/.conda/envs/mjs/lib/python3.8/site-packages/nilearn/masking.py:980: UserWarning: Data array used to create a new image contains 64-bit ints. This is likely due to creating the array with numpy and passing `int` as the `dtype`. Many tools such as FSL and SPM cannot deal with int64 in Nifti images, so for compatibility the data has been converted to int32.
  return new_img_like(mask_img, unmasked, affine)
Network 0 - Visual: 50 voxels done Correlation: 0.49594420755430957
Network 0 - Visual: 150 voxels done Correlation: 0.5813360812971466
Network 0 - Visual: 250 voxels done Correlation: 0.6012047730258928
Network 0 - Visual: 500 voxels done Correlation: 0.5460989882243075
Network 0 - Visual: 750 voxels done Correlation: 0.5522306130177975
Network 0 - Visual: 1000 voxels done Correlation: 0.6107044017462715
Network 0 - Visual: 1500 voxels done Correlation: 0.6103068260108894
Network 0 - Visual: 3000 voxels done Correlation: 0.6304757648416824
Network 0 - Visual: 5000 voxels done Correlation: 0.6176377690540009
Network 0 - Visual: 6500 voxels done Correlation: 0.6435307806504061
Network 0 - Visual: 10000 voxels done Correlation: 0.6292845138421443
Network 0 - Visual: 15000 voxels done Correlation: 0.6291083226389718
/home/fhopp/.conda/envs/mjs/lib/python3.8/site-packages/nilearn/masking.py:980: UserWarning: Data array used to create a new image contains 64-bit ints. This is likely due to creating the array with numpy and passing `int` as the `dtype`. Many tools such as FSL and SPM cannot deal with int64 in Nifti images, so for compatibility the data has been converted to int32.
  return new_img_like(mask_img, unmasked, affine)
Network 1 - Somatomotor: 50 voxels done Correlation: 0.16534572242617285
Network 1 - Somatomotor: 150 voxels done Correlation: 0.3222450586767549
Network 1 - Somatomotor: 250 voxels done Correlation: 0.2923066476343897
Network 1 - Somatomotor: 500 voxels done Correlation: 0.35143955788163744
Network 1 - Somatomotor: 750 voxels done Correlation: 0.3307108590947224
Network 1 - Somatomotor: 1000 voxels done Correlation: 0.3357810098958901
Network 1 - Somatomotor: 1500 voxels done Correlation: 0.32659862539746476
Network 1 - Somatomotor: 3000 voxels done Correlation: 0.3344105247763982
Network 1 - Somatomotor: 5000 voxels done Correlation: 0.3606173919954778
Network 1 - Somatomotor: 6500 voxels done Correlation: 0.34701564019428377
Network 1 - Somatomotor: 10000 voxels done Correlation: 0.34689084757418637
Network 1 - Somatomotor: 15000 voxels done Correlation: 0.3424519148173081
/home/fhopp/.conda/envs/mjs/lib/python3.8/site-packages/nilearn/masking.py:980: UserWarning: Data array used to create a new image contains 64-bit ints. This is likely due to creating the array with numpy and passing `int` as the `dtype`. Many tools such as FSL and SPM cannot deal with int64 in Nifti images, so for compatibility the data has been converted to int32.
  return new_img_like(mask_img, unmasked, affine)
Network 2 - dAttention: 50 voxels done Correlation: 0.1377975035713258
Network 2 - dAttention: 150 voxels done Correlation: 0.24290397103299988
Network 2 - dAttention: 250 voxels done Correlation: 0.2835494357938054
Network 2 - dAttention: 500 voxels done Correlation: 0.3061679982446004
Network 2 - dAttention: 750 voxels done Correlation: 0.27710457550455636
Network 2 - dAttention: 1000 voxels done Correlation: 0.32943708852140846
Network 2 - dAttention: 1500 voxels done Correlation: 0.3451490487214568
Network 2 - dAttention: 3000 voxels done Correlation: 0.33110071379150785
Network 2 - dAttention: 5000 voxels done Correlation: 0.33356666748036734
Network 2 - dAttention: 6500 voxels done Correlation: 0.34581038159909305
Network 2 - dAttention: 10000 voxels done Correlation: 0.32906018789880537
Network 2 - dAttention: 15000 voxels done Correlation: 0.3327962249830625
/home/fhopp/.conda/envs/mjs/lib/python3.8/site-packages/nilearn/masking.py:980: UserWarning: Data array used to create a new image contains 64-bit ints. This is likely due to creating the array with numpy and passing `int` as the `dtype`. Many tools such as FSL and SPM cannot deal with int64 in Nifti images, so for compatibility the data has been converted to int32.
  return new_img_like(mask_img, unmasked, affine)
Network 3 - vAttention: 50 voxels done Correlation: 0.1689217564950605
Network 3 - vAttention: 150 voxels done Correlation: 0.23205732460460946
Network 3 - vAttention: 250 voxels done Correlation: 0.3081410127785035
Network 3 - vAttention: 500 voxels done Correlation: 0.26087837932793856
Network 3 - vAttention: 750 voxels done Correlation: 0.37595453260361106
Network 3 - vAttention: 1000 voxels done Correlation: 0.35575865956888
Network 3 - vAttention: 1500 voxels done Correlation: 0.3440833159125186
Network 3 - vAttention: 3000 voxels done Correlation: 0.3592161375245298
Network 3 - vAttention: 5000 voxels done Correlation: 0.40076526925347666
Network 3 - vAttention: 6500 voxels done Correlation: 0.389855222746742
Network 3 - vAttention: 10000 voxels done Correlation: 0.37621392045233515
Network 3 - vAttention: 15000 voxels done Correlation: 0.3885678772075416
/home/fhopp/.conda/envs/mjs/lib/python3.8/site-packages/nilearn/masking.py:980: UserWarning: Data array used to create a new image contains 64-bit ints. This is likely due to creating the array with numpy and passing `int` as the `dtype`. Many tools such as FSL and SPM cannot deal with int64 in Nifti images, so for compatibility the data has been converted to int32.
  return new_img_like(mask_img, unmasked, affine)
Network 4 - Limbic: 50 voxels done Correlation: 0.1940393505704055
Network 4 - Limbic: 150 voxels done Correlation: 0.2117543973771475
Network 4 - Limbic: 250 voxels done Correlation: 0.22291227060012953
Network 4 - Limbic: 500 voxels done Correlation: 0.24330482669386005
Network 4 - Limbic: 750 voxels done Correlation: 0.26922806177172476
Network 4 - Limbic: 1000 voxels done Correlation: 0.25325959976880286
Network 4 - Limbic: 1500 voxels done Correlation: 0.24714853142846832
Network 4 - Limbic: 3000 voxels done Correlation: 0.2689244192727456
Network 4 - Limbic: 5000 voxels done Correlation: 0.275121674128214
Network 4 - Limbic: 6500 voxels done Correlation: 0.28327042913576894
Network 4 - Limbic: 10000 voxels done Correlation: 0.28602068629141497
/home/fhopp/.conda/envs/mjs/lib/python3.8/site-packages/nilearn/masking.py:980: UserWarning: Data array used to create a new image contains 64-bit ints. This is likely due to creating the array with numpy and passing `int` as the `dtype`. Many tools such as FSL and SPM cannot deal with int64 in Nifti images, so for compatibility the data has been converted to int32.
  return new_img_like(mask_img, unmasked, affine)
Network 5 - Frontoparietal: 50 voxels done Correlation: 0.10231263013721581
Network 5 - Frontoparietal: 150 voxels done Correlation: 0.20821797785888113
Network 5 - Frontoparietal: 250 voxels done Correlation: 0.21430111351718345
Network 5 - Frontoparietal: 500 voxels done Correlation: 0.17279446311328767
Network 5 - Frontoparietal: 750 voxels done Correlation: 0.22447312053057344
Network 5 - Frontoparietal: 1000 voxels done Correlation: 0.18503939921678708
Network 5 - Frontoparietal: 1500 voxels done Correlation: 0.19748562813438736
Network 5 - Frontoparietal: 3000 voxels done Correlation: 0.19601762727348382
Network 5 - Frontoparietal: 5000 voxels done Correlation: 0.24348671260081056
Network 5 - Frontoparietal: 6500 voxels done Correlation: 0.22526952603951317
Network 5 - Frontoparietal: 10000 voxels done Correlation: 0.23714572764264175
Network 5 - Frontoparietal: 15000 voxels done Correlation: 0.24081468029889297
/home/fhopp/.conda/envs/mjs/lib/python3.8/site-packages/nilearn/masking.py:980: UserWarning: Data array used to create a new image contains 64-bit ints. This is likely due to creating the array with numpy and passing `int` as the `dtype`. Many tools such as FSL and SPM cannot deal with int64 in Nifti images, so for compatibility the data has been converted to int32.
  return new_img_like(mask_img, unmasked, affine)
Network 6 - Default Mode: 50 voxels done Correlation: 0.34416119624531055
Network 6 - Default Mode: 150 voxels done Correlation: 0.4238749781427278
Network 6 - Default Mode: 250 voxels done Correlation: 0.37085180640660675
Network 6 - Default Mode: 500 voxels done Correlation: 0.4303077303664929
Network 6 - Default Mode: 750 voxels done Correlation: 0.3358060008376177
Network 6 - Default Mode: 1000 voxels done Correlation: 0.35611992961439887
Network 6 - Default Mode: 1500 voxels done Correlation: 0.3772098558476424
Network 6 - Default Mode: 3000 voxels done Correlation: 0.4261901742144514
Network 6 - Default Mode: 5000 voxels done Correlation: 0.4201448612417439
Network 6 - Default Mode: 6500 voxels done Correlation: 0.419579400295949
Network 6 - Default Mode: 10000 voxels done Correlation: 0.3861747749828822
Network 6 - Default Mode: 15000 voxels done Correlation: 0.40666548644552075
Network 6 - Default Mode: 25000 voxels done Correlation: 0.40418744611365687
/home/fhopp/.conda/envs/mjs/lib/python3.8/site-packages/nilearn/masking.py:980: UserWarning: Data array used to create a new image contains 64-bit ints. This is likely due to creating the array with numpy and passing `int` as the `dtype`. Many tools such as FSL and SPM cannot deal with int64 in Nifti images, so for compatibility the data has been converted to int32.
  return new_img_like(mask_img, unmasked, affine)
Network 7 - Subcortical: 50 voxels done Correlation: 0.10773600315706744
Network 7 - Subcortical: 150 voxels done Correlation: 0.24701696032709247
Network 7 - Subcortical: 250 voxels done Correlation: 0.16874546633992032
Network 7 - Subcortical: 500 voxels done Correlation: 0.22923923007298477
Network 7 - Subcortical: 750 voxels done Correlation: 0.26153266850820445
Network 7 - Subcortical: 1000 voxels done Correlation: 0.23789442313615045
Network 7 - Subcortical: 1500 voxels done Correlation: 0.20502710123137613
Network 7 - Subcortical: 3000 voxels done Correlation: 0.16026840879697743
Network 7 - Subcortical: 5000 voxels done Correlation: 0.1506236410962207
Network 7 - Subcortical: 6500 voxels done Correlation: 0.17952257408814637
Network 7 - Subcortical: 10000 voxels done Correlation: 0.164657538382727
Network 8 - Consciousness: 50 voxels done Correlation: 0.2790458734508538
Network 8 - Consciousness: 150 voxels done Correlation: 0.40910867786185356
Network 8 - Consciousness: 250 voxels done Correlation: 0.28549919538149926
Network 8 - Consciousness: 500 voxels done Correlation: 0.35748667659491323
Network 8 - Consciousness: 750 voxels done Correlation: 0.3793724672672062
Network 8 - Consciousness: 1000 voxels done Correlation: 0.3249752982287767
Network 8 - Consciousness: 1500 voxels done Correlation: 0.3904020960699493
Network 8 - Consciousness: 3000 voxels done Correlation: 0.4298891570059993
Network 8 - Consciousness: 5000 voxels done Correlation: 0.43406144792241363
Network 8 - Consciousness: 6500 voxels done Correlation: 0.46138880118458486
Network 8 - Consciousness: 10000 voxels done Correlation: 0.45171447842597623
Network 8 - Consciousness: 15000 voxels done Correlation: 0.45568745469412986
Network 8 - Consciousness: 25000 voxels done Correlation: 0.4698707462352009
Network 8 - Consciousness: 50000 voxels done Correlation: 0.46852045780972174
