Running job on: wood
Iteration: 664
Starting spatial evaluation...
/home/fhopp/.conda/envs/mjs/lib/python3.8/site-packages/nilearn/maskers/nifti_masker.py:110: UserWarning: imgs are being resampled to the mask_img resolution. This process is memory intensive. You might want to provide a target_affine that is equal to the affine of the imgs or resample the mask beforehand to save memory and computation time.
  warnings.warn(
/home/fhopp/.conda/envs/mjs/lib/python3.8/site-packages/nilearn/masking.py:980: UserWarning: Data array used to create a new image contains 64-bit ints. This is likely due to creating the array with numpy and passing `int` as the `dtype`. Many tools such as FSL and SPM cannot deal with int64 in Nifti images, so for compatibility the data has been converted to int32.
  return new_img_like(mask_img, unmasked, affine)
Network 0 - Visual: 50 voxels done Correlation: 0.6742307165723884
Network 0 - Visual: 150 voxels done Correlation: 0.6323620006588191
Network 0 - Visual: 250 voxels done Correlation: 0.6060681341587286
Network 0 - Visual: 500 voxels done Correlation: 0.6154847844983217
Network 0 - Visual: 750 voxels done Correlation: 0.547074160123106
Network 0 - Visual: 1000 voxels done Correlation: 0.5980629625469001
Network 0 - Visual: 1500 voxels done Correlation: 0.6257324650733118
Network 0 - Visual: 3000 voxels done Correlation: 0.6345260159667891
Network 0 - Visual: 5000 voxels done Correlation: 0.6283795243777204
Network 0 - Visual: 6500 voxels done Correlation: 0.6245966117943131
Network 0 - Visual: 10000 voxels done Correlation: 0.6267624350913443
Network 0 - Visual: 15000 voxels done Correlation: 0.6282290274208535
/home/fhopp/.conda/envs/mjs/lib/python3.8/site-packages/nilearn/masking.py:980: UserWarning: Data array used to create a new image contains 64-bit ints. This is likely due to creating the array with numpy and passing `int` as the `dtype`. Many tools such as FSL and SPM cannot deal with int64 in Nifti images, so for compatibility the data has been converted to int32.
  return new_img_like(mask_img, unmasked, affine)
Network 1 - Somatomotor: 50 voxels done Correlation: 0.32724539650443907
Network 1 - Somatomotor: 150 voxels done Correlation: 0.2518828547138539
Network 1 - Somatomotor: 250 voxels done Correlation: 0.32624761427397586
Network 1 - Somatomotor: 500 voxels done Correlation: 0.35008972201973604
Network 1 - Somatomotor: 750 voxels done Correlation: 0.40487277456943427
Network 1 - Somatomotor: 1000 voxels done Correlation: 0.34048345702765137
Network 1 - Somatomotor: 1500 voxels done Correlation: 0.31228236230723455
Network 1 - Somatomotor: 3000 voxels done Correlation: 0.3291165460039339
Network 1 - Somatomotor: 5000 voxels done Correlation: 0.3289062856094946
Network 1 - Somatomotor: 6500 voxels done Correlation: 0.33298983433993173
Network 1 - Somatomotor: 10000 voxels done Correlation: 0.3442379278759198
Network 1 - Somatomotor: 15000 voxels done Correlation: 0.34366068534763416
/home/fhopp/.conda/envs/mjs/lib/python3.8/site-packages/nilearn/masking.py:980: UserWarning: Data array used to create a new image contains 64-bit ints. This is likely due to creating the array with numpy and passing `int` as the `dtype`. Many tools such as FSL and SPM cannot deal with int64 in Nifti images, so for compatibility the data has been converted to int32.
  return new_img_like(mask_img, unmasked, affine)
Network 2 - dAttention: 50 voxels done Correlation: 0.2880366122661334
Network 2 - dAttention: 150 voxels done Correlation: 0.29022063540221504
Network 2 - dAttention: 250 voxels done Correlation: 0.30178049528538836
Network 2 - dAttention: 500 voxels done Correlation: 0.34648784851216163
Network 2 - dAttention: 750 voxels done Correlation: 0.28909889410582845
Network 2 - dAttention: 1000 voxels done Correlation: 0.3029955171863168
Network 2 - dAttention: 1500 voxels done Correlation: 0.28424855610848576
Network 2 - dAttention: 3000 voxels done Correlation: 0.34624920786055813
Network 2 - dAttention: 5000 voxels done Correlation: 0.34046247058253665
Network 2 - dAttention: 6500 voxels done Correlation: 0.3457140251557026
Network 2 - dAttention: 10000 voxels done Correlation: 0.3341759213546705
Network 2 - dAttention: 15000 voxels done Correlation: 0.3342048090484913
/home/fhopp/.conda/envs/mjs/lib/python3.8/site-packages/nilearn/masking.py:980: UserWarning: Data array used to create a new image contains 64-bit ints. This is likely due to creating the array with numpy and passing `int` as the `dtype`. Many tools such as FSL and SPM cannot deal with int64 in Nifti images, so for compatibility the data has been converted to int32.
  return new_img_like(mask_img, unmasked, affine)
Network 3 - vAttention: 50 voxels done Correlation: 0.22015605103515634
Network 3 - vAttention: 150 voxels done Correlation: 0.24243832623996525
Network 3 - vAttention: 250 voxels done Correlation: 0.27147429817448765
Network 3 - vAttention: 500 voxels done Correlation: 0.29751119309479107
Network 3 - vAttention: 750 voxels done Correlation: 0.3669162944587465
Network 3 - vAttention: 1000 voxels done Correlation: 0.33604900389418857
Network 3 - vAttention: 1500 voxels done Correlation: 0.3801911836179642
Network 3 - vAttention: 3000 voxels done Correlation: 0.38740564638258285
Network 3 - vAttention: 5000 voxels done Correlation: 0.3681286167807256
Network 3 - vAttention: 6500 voxels done Correlation: 0.3813936401484025
Network 3 - vAttention: 10000 voxels done Correlation: 0.39009087037816814
Network 3 - vAttention: 15000 voxels done Correlation: 0.389602687751396
/home/fhopp/.conda/envs/mjs/lib/python3.8/site-packages/nilearn/masking.py:980: UserWarning: Data array used to create a new image contains 64-bit ints. This is likely due to creating the array with numpy and passing `int` as the `dtype`. Many tools such as FSL and SPM cannot deal with int64 in Nifti images, so for compatibility the data has been converted to int32.
  return new_img_like(mask_img, unmasked, affine)
Network 4 - Limbic: 50 voxels done Correlation: 0.28566693674831245
Network 4 - Limbic: 150 voxels done Correlation: 0.2195632261729158
Network 4 - Limbic: 250 voxels done Correlation: 0.2808437743078188
Network 4 - Limbic: 500 voxels done Correlation: 0.2789547775903782
Network 4 - Limbic: 750 voxels done Correlation: 0.25689007610118586
Network 4 - Limbic: 1000 voxels done Correlation: 0.2642165504635227
Network 4 - Limbic: 1500 voxels done Correlation: 0.26107019601113846
Network 4 - Limbic: 3000 voxels done Correlation: 0.2597348520542105
Network 4 - Limbic: 5000 voxels done Correlation: 0.276774247148203
Network 4 - Limbic: 6500 voxels done Correlation: 0.29012589743913925
Network 4 - Limbic: 10000 voxels done Correlation: 0.28412095727712605
/home/fhopp/.conda/envs/mjs/lib/python3.8/site-packages/nilearn/masking.py:980: UserWarning: Data array used to create a new image contains 64-bit ints. This is likely due to creating the array with numpy and passing `int` as the `dtype`. Many tools such as FSL and SPM cannot deal with int64 in Nifti images, so for compatibility the data has been converted to int32.
  return new_img_like(mask_img, unmasked, affine)
Network 5 - Frontoparietal: 50 voxels done Correlation: 0.19703583837480387
Network 5 - Frontoparietal: 150 voxels done Correlation: 0.19699144694256165
Network 5 - Frontoparietal: 250 voxels done Correlation: 0.29143617469040245
Network 5 - Frontoparietal: 500 voxels done Correlation: 0.24580009335724606
Network 5 - Frontoparietal: 750 voxels done Correlation: 0.2578885201412614
Network 5 - Frontoparietal: 1000 voxels done Correlation: 0.2454484280848089
Network 5 - Frontoparietal: 1500 voxels done Correlation: 0.26689772809645407
Network 5 - Frontoparietal: 3000 voxels done Correlation: 0.21511529888508185
Network 5 - Frontoparietal: 5000 voxels done Correlation: 0.2385019430935524
Network 5 - Frontoparietal: 6500 voxels done Correlation: 0.24424394302259989
Network 5 - Frontoparietal: 10000 voxels done Correlation: 0.24468936722506685
Network 5 - Frontoparietal: 15000 voxels done Correlation: 0.2306953413546844
/home/fhopp/.conda/envs/mjs/lib/python3.8/site-packages/nilearn/masking.py:980: UserWarning: Data array used to create a new image contains 64-bit ints. This is likely due to creating the array with numpy and passing `int` as the `dtype`. Many tools such as FSL and SPM cannot deal with int64 in Nifti images, so for compatibility the data has been converted to int32.
  return new_img_like(mask_img, unmasked, affine)
Network 6 - Default Mode: 50 voxels done Correlation: 0.34299926801531594
Network 6 - Default Mode: 150 voxels done Correlation: 0.35748768585176194
Network 6 - Default Mode: 250 voxels done Correlation: 0.3597208833693972
Network 6 - Default Mode: 500 voxels done Correlation: 0.33175361557046257
Network 6 - Default Mode: 750 voxels done Correlation: 0.35739366869312483
Network 6 - Default Mode: 1000 voxels done Correlation: 0.3539599482806112
Network 6 - Default Mode: 1500 voxels done Correlation: 0.32740473039948625
Network 6 - Default Mode: 3000 voxels done Correlation: 0.41283863131429166
Network 6 - Default Mode: 5000 voxels done Correlation: 0.41455201812293135
Network 6 - Default Mode: 6500 voxels done Correlation: 0.3858106739631163
Network 6 - Default Mode: 10000 voxels done Correlation: 0.4107926061195546
Network 6 - Default Mode: 15000 voxels done Correlation: 0.4099717241373982
Network 6 - Default Mode: 25000 voxels done Correlation: 0.4115374848612639
/home/fhopp/.conda/envs/mjs/lib/python3.8/site-packages/nilearn/masking.py:980: UserWarning: Data array used to create a new image contains 64-bit ints. This is likely due to creating the array with numpy and passing `int` as the `dtype`. Many tools such as FSL and SPM cannot deal with int64 in Nifti images, so for compatibility the data has been converted to int32.
  return new_img_like(mask_img, unmasked, affine)
Network 7 - Subcortical: 50 voxels done Correlation: 0.270642446618964
Network 7 - Subcortical: 150 voxels done Correlation: 0.19099366442295004
Network 7 - Subcortical: 250 voxels done Correlation: 0.20588820977666905
Network 7 - Subcortical: 500 voxels done Correlation: 0.19761809884362883
Network 7 - Subcortical: 750 voxels done Correlation: 0.236677280519713
Network 7 - Subcortical: 1000 voxels done Correlation: 0.2779550579597221
Network 7 - Subcortical: 1500 voxels done Correlation: 0.2404887411032048
Network 7 - Subcortical: 3000 voxels done Correlation: 0.17212667089714545
Network 7 - Subcortical: 5000 voxels done Correlation: 0.16727873790089365
Network 7 - Subcortical: 6500 voxels done Correlation: 0.16615835962079628
Network 7 - Subcortical: 10000 voxels done Correlation: 0.16783337362880485
Network 8 - Consciousness: 50 voxels done Correlation: 0.38322498857033876
Network 8 - Consciousness: 150 voxels done Correlation: 0.31813760060152046
Network 8 - Consciousness: 250 voxels done Correlation: 0.27213551011369463
Network 8 - Consciousness: 500 voxels done Correlation: 0.39720023600907994
Network 8 - Consciousness: 750 voxels done Correlation: 0.3606017700474421
Network 8 - Consciousness: 1000 voxels done Correlation: 0.3742807617047714
Network 8 - Consciousness: 1500 voxels done Correlation: 0.5062903830579879
Network 8 - Consciousness: 3000 voxels done Correlation: 0.4803001398568221
Network 8 - Consciousness: 5000 voxels done Correlation: 0.4647792072128205
Network 8 - Consciousness: 6500 voxels done Correlation: 0.4545815304046247
Network 8 - Consciousness: 10000 voxels done Correlation: 0.4746607721872145
Network 8 - Consciousness: 15000 voxels done Correlation: 0.4578932624166492
Network 8 - Consciousness: 25000 voxels done Correlation: 0.4540491182732783
Network 8 - Consciousness: 50000 voxels done Correlation: 0.4650364961267341
