Running job on: easley
Iteration: 873
Starting spatial evaluation...
/home/fhopp/.conda/envs/mjs/lib/python3.8/site-packages/nilearn/maskers/nifti_masker.py:110: UserWarning: imgs are being resampled to the mask_img resolution. This process is memory intensive. You might want to provide a target_affine that is equal to the affine of the imgs or resample the mask beforehand to save memory and computation time.
  warnings.warn(
/home/fhopp/.conda/envs/mjs/lib/python3.8/site-packages/nilearn/masking.py:980: UserWarning: Data array used to create a new image contains 64-bit ints. This is likely due to creating the array with numpy and passing `int` as the `dtype`. Many tools such as FSL and SPM cannot deal with int64 in Nifti images, so for compatibility the data has been converted to int32.
  return new_img_like(mask_img, unmasked, affine)
Network 0 - Visual: 50 voxels done Correlation: 0.623504265003886
Network 0 - Visual: 150 voxels done Correlation: 0.6310567985797596
Network 0 - Visual: 250 voxels done Correlation: 0.6203366745777388
Network 0 - Visual: 500 voxels done Correlation: 0.6046559142583742
Network 0 - Visual: 750 voxels done Correlation: 0.5804859385883364
Network 0 - Visual: 1000 voxels done Correlation: 0.598099794553133
Network 0 - Visual: 1500 voxels done Correlation: 0.6021154738300432
Network 0 - Visual: 3000 voxels done Correlation: 0.6180359942024514
Network 0 - Visual: 5000 voxels done Correlation: 0.607511485041796
Network 0 - Visual: 6500 voxels done Correlation: 0.6195267445176624
Network 0 - Visual: 10000 voxels done Correlation: 0.6287031946317928
Network 0 - Visual: 15000 voxels done Correlation: 0.6242230651999889
/home/fhopp/.conda/envs/mjs/lib/python3.8/site-packages/nilearn/masking.py:980: UserWarning: Data array used to create a new image contains 64-bit ints. This is likely due to creating the array with numpy and passing `int` as the `dtype`. Many tools such as FSL and SPM cannot deal with int64 in Nifti images, so for compatibility the data has been converted to int32.
  return new_img_like(mask_img, unmasked, affine)
Network 1 - Somatomotor: 50 voxels done Correlation: 0.2774882703285445
Network 1 - Somatomotor: 150 voxels done Correlation: 0.3213408520791198
Network 1 - Somatomotor: 250 voxels done Correlation: 0.39191657510185063
Network 1 - Somatomotor: 500 voxels done Correlation: 0.3382568453293404
Network 1 - Somatomotor: 750 voxels done Correlation: 0.3738589661417545
Network 1 - Somatomotor: 1000 voxels done Correlation: 0.3515502575091884
Network 1 - Somatomotor: 1500 voxels done Correlation: 0.3162624996175204
Network 1 - Somatomotor: 3000 voxels done Correlation: 0.338893432626553
Network 1 - Somatomotor: 5000 voxels done Correlation: 0.3558635008807635
Network 1 - Somatomotor: 6500 voxels done Correlation: 0.3539174181301993
Network 1 - Somatomotor: 10000 voxels done Correlation: 0.34325761637364666
Network 1 - Somatomotor: 15000 voxels done Correlation: 0.34417790066173565
/home/fhopp/.conda/envs/mjs/lib/python3.8/site-packages/nilearn/masking.py:980: UserWarning: Data array used to create a new image contains 64-bit ints. This is likely due to creating the array with numpy and passing `int` as the `dtype`. Many tools such as FSL and SPM cannot deal with int64 in Nifti images, so for compatibility the data has been converted to int32.
  return new_img_like(mask_img, unmasked, affine)
Network 2 - dAttention: 50 voxels done Correlation: 0.231632745216256
Network 2 - dAttention: 150 voxels done Correlation: 0.2461510196702516
Network 2 - dAttention: 250 voxels done Correlation: 0.32292091353537594
Network 2 - dAttention: 500 voxels done Correlation: 0.2885516305362293
Network 2 - dAttention: 750 voxels done Correlation: 0.2763321190131953
Network 2 - dAttention: 1000 voxels done Correlation: 0.29167877602816294
Network 2 - dAttention: 1500 voxels done Correlation: 0.3392902635604428
Network 2 - dAttention: 3000 voxels done Correlation: 0.2874904565807404
Network 2 - dAttention: 5000 voxels done Correlation: 0.3198296042134924
Network 2 - dAttention: 6500 voxels done Correlation: 0.3099730995022912
Network 2 - dAttention: 10000 voxels done Correlation: 0.31383667940345805
Network 2 - dAttention: 15000 voxels done Correlation: 0.336504730303811
/home/fhopp/.conda/envs/mjs/lib/python3.8/site-packages/nilearn/masking.py:980: UserWarning: Data array used to create a new image contains 64-bit ints. This is likely due to creating the array with numpy and passing `int` as the `dtype`. Many tools such as FSL and SPM cannot deal with int64 in Nifti images, so for compatibility the data has been converted to int32.
  return new_img_like(mask_img, unmasked, affine)
Network 3 - vAttention: 50 voxels done Correlation: 0.2156052722867682
Network 3 - vAttention: 150 voxels done Correlation: 0.24341100461536763
Network 3 - vAttention: 250 voxels done Correlation: 0.236866993131007
Network 3 - vAttention: 500 voxels done Correlation: 0.3080792187574942
Network 3 - vAttention: 750 voxels done Correlation: 0.3475818399353985
Network 3 - vAttention: 1000 voxels done Correlation: 0.35729686113430087
Network 3 - vAttention: 1500 voxels done Correlation: 0.3426995266063099
Network 3 - vAttention: 3000 voxels done Correlation: 0.36893169255233105
Network 3 - vAttention: 5000 voxels done Correlation: 0.37327269089532467
Network 3 - vAttention: 6500 voxels done Correlation: 0.3793017384223406
Network 3 - vAttention: 10000 voxels done Correlation: 0.3783656070681578
Network 3 - vAttention: 15000 voxels done Correlation: 0.38734575189836834
/home/fhopp/.conda/envs/mjs/lib/python3.8/site-packages/nilearn/masking.py:980: UserWarning: Data array used to create a new image contains 64-bit ints. This is likely due to creating the array with numpy and passing `int` as the `dtype`. Many tools such as FSL and SPM cannot deal with int64 in Nifti images, so for compatibility the data has been converted to int32.
  return new_img_like(mask_img, unmasked, affine)
Network 4 - Limbic: 50 voxels done Correlation: 0.12790511270220137
Network 4 - Limbic: 150 voxels done Correlation: 0.2166456821924005
Network 4 - Limbic: 250 voxels done Correlation: 0.286743849956802
Network 4 - Limbic: 500 voxels done Correlation: 0.2126305501450914
Network 4 - Limbic: 750 voxels done Correlation: 0.23083016783215626
Network 4 - Limbic: 1000 voxels done Correlation: 0.2708406161133638
Network 4 - Limbic: 1500 voxels done Correlation: 0.24702912624452716
Network 4 - Limbic: 3000 voxels done Correlation: 0.3085739914092699
Network 4 - Limbic: 5000 voxels done Correlation: 0.2907421297374356
Network 4 - Limbic: 6500 voxels done Correlation: 0.2959545290844977
Network 4 - Limbic: 10000 voxels done Correlation: 0.28113545108045834
/home/fhopp/.conda/envs/mjs/lib/python3.8/site-packages/nilearn/masking.py:980: UserWarning: Data array used to create a new image contains 64-bit ints. This is likely due to creating the array with numpy and passing `int` as the `dtype`. Many tools such as FSL and SPM cannot deal with int64 in Nifti images, so for compatibility the data has been converted to int32.
  return new_img_like(mask_img, unmasked, affine)
Network 5 - Frontoparietal: 50 voxels done Correlation: 0.18017040305492446
Network 5 - Frontoparietal: 150 voxels done Correlation: 0.25100700145460003
Network 5 - Frontoparietal: 250 voxels done Correlation: 0.18413938353492287
Network 5 - Frontoparietal: 500 voxels done Correlation: 0.2035563816689115
Network 5 - Frontoparietal: 750 voxels done Correlation: 0.19256230918792278
Network 5 - Frontoparietal: 1000 voxels done Correlation: 0.2338993422532662
Network 5 - Frontoparietal: 1500 voxels done Correlation: 0.20986172673752812
Network 5 - Frontoparietal: 3000 voxels done Correlation: 0.24050574688982496
Network 5 - Frontoparietal: 5000 voxels done Correlation: 0.2544903189549016
Network 5 - Frontoparietal: 6500 voxels done Correlation: 0.22922549663319158
Network 5 - Frontoparietal: 10000 voxels done Correlation: 0.2408009680685488
Network 5 - Frontoparietal: 15000 voxels done Correlation: 0.24055477827404664
/home/fhopp/.conda/envs/mjs/lib/python3.8/site-packages/nilearn/masking.py:980: UserWarning: Data array used to create a new image contains 64-bit ints. This is likely due to creating the array with numpy and passing `int` as the `dtype`. Many tools such as FSL and SPM cannot deal with int64 in Nifti images, so for compatibility the data has been converted to int32.
  return new_img_like(mask_img, unmasked, affine)
Network 6 - Default Mode: 50 voxels done Correlation: 0.3435918932031986
Network 6 - Default Mode: 150 voxels done Correlation: 0.3019278264279174
Network 6 - Default Mode: 250 voxels done Correlation: 0.38017942375781705
Network 6 - Default Mode: 500 voxels done Correlation: 0.3573218261193998
Network 6 - Default Mode: 750 voxels done Correlation: 0.37305222630015406
Network 6 - Default Mode: 1000 voxels done Correlation: 0.3697243952216324
Network 6 - Default Mode: 1500 voxels done Correlation: 0.3872029312246268
Network 6 - Default Mode: 3000 voxels done Correlation: 0.3847052135069144
Network 6 - Default Mode: 5000 voxels done Correlation: 0.39493378683482827
Network 6 - Default Mode: 6500 voxels done Correlation: 0.40510508923290667
Network 6 - Default Mode: 10000 voxels done Correlation: 0.3983498450935591
Network 6 - Default Mode: 15000 voxels done Correlation: 0.4095941206038801
Network 6 - Default Mode: 25000 voxels done Correlation: 0.41521900491916786
/home/fhopp/.conda/envs/mjs/lib/python3.8/site-packages/nilearn/masking.py:980: UserWarning: Data array used to create a new image contains 64-bit ints. This is likely due to creating the array with numpy and passing `int` as the `dtype`. Many tools such as FSL and SPM cannot deal with int64 in Nifti images, so for compatibility the data has been converted to int32.
  return new_img_like(mask_img, unmasked, affine)
Network 7 - Subcortical: 50 voxels done Correlation: 0.10769779253283696
Network 7 - Subcortical: 150 voxels done Correlation: 0.21193321372670215
Network 7 - Subcortical: 250 voxels done Correlation: 0.23045489772810018
Network 7 - Subcortical: 500 voxels done Correlation: 0.23338323075808465
Network 7 - Subcortical: 750 voxels done Correlation: 0.19779648543865952
Network 7 - Subcortical: 1000 voxels done Correlation: 0.22613472345528912
Network 7 - Subcortical: 1500 voxels done Correlation: 0.1809722078923225
Network 7 - Subcortical: 3000 voxels done Correlation: 0.17160529544268766
Network 7 - Subcortical: 5000 voxels done Correlation: 0.1725449810532403
Network 7 - Subcortical: 6500 voxels done Correlation: 0.17123535454534608
Network 7 - Subcortical: 10000 voxels done Correlation: 0.16939637410942368
Network 8 - Consciousness: 50 voxels done Correlation: 0.36161257353669596
Network 8 - Consciousness: 150 voxels done Correlation: 0.28958616773452606
Network 8 - Consciousness: 250 voxels done Correlation: 0.3838612742835442
Network 8 - Consciousness: 500 voxels done Correlation: 0.3768539062341717
Network 8 - Consciousness: 750 voxels done Correlation: 0.3821560575864818
Network 8 - Consciousness: 1000 voxels done Correlation: 0.41567123338059153
Network 8 - Consciousness: 1500 voxels done Correlation: 0.4231827079802435
Network 8 - Consciousness: 3000 voxels done Correlation: 0.4780367697320488
Network 8 - Consciousness: 5000 voxels done Correlation: 0.4482513391163173
Network 8 - Consciousness: 6500 voxels done Correlation: 0.46998768727681106
Network 8 - Consciousness: 10000 voxels done Correlation: 0.4645095270091976
Network 8 - Consciousness: 15000 voxels done Correlation: 0.4613829536484965
Network 8 - Consciousness: 25000 voxels done Correlation: 0.46120270619795556
Network 8 - Consciousness: 50000 voxels done Correlation: 0.4661644496371263
