Running job on: wood
Iteration: 265
Starting spatial evaluation...
/home/fhopp/.conda/envs/mjs/lib/python3.8/site-packages/nilearn/maskers/nifti_masker.py:110: UserWarning: imgs are being resampled to the mask_img resolution. This process is memory intensive. You might want to provide a target_affine that is equal to the affine of the imgs or resample the mask beforehand to save memory and computation time.
  warnings.warn(
/home/fhopp/.conda/envs/mjs/lib/python3.8/site-packages/nilearn/masking.py:980: UserWarning: Data array used to create a new image contains 64-bit ints. This is likely due to creating the array with numpy and passing `int` as the `dtype`. Many tools such as FSL and SPM cannot deal with int64 in Nifti images, so for compatibility the data has been converted to int32.
  return new_img_like(mask_img, unmasked, affine)
Network 0 - Visual: 50 voxels done Correlation: 0.6026923681289456
Network 0 - Visual: 150 voxels done Correlation: 0.6266154887478392
Network 0 - Visual: 250 voxels done Correlation: 0.6400162006352768
Network 0 - Visual: 500 voxels done Correlation: 0.5418107675253938
Network 0 - Visual: 750 voxels done Correlation: 0.6009194958087642
Network 0 - Visual: 1000 voxels done Correlation: 0.6039267009041489
Network 0 - Visual: 1500 voxels done Correlation: 0.6101842667650906
Network 0 - Visual: 3000 voxels done Correlation: 0.6117177649436951
Network 0 - Visual: 5000 voxels done Correlation: 0.6319592054335473
Network 0 - Visual: 6500 voxels done Correlation: 0.6282906696846005
Network 0 - Visual: 10000 voxels done Correlation: 0.6190846130508585
Network 0 - Visual: 15000 voxels done Correlation: 0.6284554127440005
/home/fhopp/.conda/envs/mjs/lib/python3.8/site-packages/nilearn/masking.py:980: UserWarning: Data array used to create a new image contains 64-bit ints. This is likely due to creating the array with numpy and passing `int` as the `dtype`. Many tools such as FSL and SPM cannot deal with int64 in Nifti images, so for compatibility the data has been converted to int32.
  return new_img_like(mask_img, unmasked, affine)
Network 1 - Somatomotor: 50 voxels done Correlation: 0.17401988666770946
Network 1 - Somatomotor: 150 voxels done Correlation: 0.2838948293228901
Network 1 - Somatomotor: 250 voxels done Correlation: 0.2936047535122387
Network 1 - Somatomotor: 500 voxels done Correlation: 0.32156284843781924
Network 1 - Somatomotor: 750 voxels done Correlation: 0.3037056877631694
Network 1 - Somatomotor: 1000 voxels done Correlation: 0.39614166030348197
Network 1 - Somatomotor: 1500 voxels done Correlation: 0.35556536264215877
Network 1 - Somatomotor: 3000 voxels done Correlation: 0.3518558737538217
Network 1 - Somatomotor: 5000 voxels done Correlation: 0.3377201762423667
Network 1 - Somatomotor: 6500 voxels done Correlation: 0.35745516510601427
Network 1 - Somatomotor: 10000 voxels done Correlation: 0.34434900195305773
Network 1 - Somatomotor: 15000 voxels done Correlation: 0.3438734191265434
/home/fhopp/.conda/envs/mjs/lib/python3.8/site-packages/nilearn/masking.py:980: UserWarning: Data array used to create a new image contains 64-bit ints. This is likely due to creating the array with numpy and passing `int` as the `dtype`. Many tools such as FSL and SPM cannot deal with int64 in Nifti images, so for compatibility the data has been converted to int32.
  return new_img_like(mask_img, unmasked, affine)
Network 2 - dAttention: 50 voxels done Correlation: 0.2449500949286929
Network 2 - dAttention: 150 voxels done Correlation: 0.3067271653282396
Network 2 - dAttention: 250 voxels done Correlation: 0.2819980430184741
Network 2 - dAttention: 500 voxels done Correlation: 0.3427475642861706
Network 2 - dAttention: 750 voxels done Correlation: 0.3337743452422667
Network 2 - dAttention: 1000 voxels done Correlation: 0.29308793891749285
Network 2 - dAttention: 1500 voxels done Correlation: 0.3208103594980769
Network 2 - dAttention: 3000 voxels done Correlation: 0.3024476061451128
Network 2 - dAttention: 5000 voxels done Correlation: 0.34638304621825816
Network 2 - dAttention: 6500 voxels done Correlation: 0.34224604157578914
Network 2 - dAttention: 10000 voxels done Correlation: 0.35019280606434255
Network 2 - dAttention: 15000 voxels done Correlation: 0.33542252751048607
/home/fhopp/.conda/envs/mjs/lib/python3.8/site-packages/nilearn/masking.py:980: UserWarning: Data array used to create a new image contains 64-bit ints. This is likely due to creating the array with numpy and passing `int` as the `dtype`. Many tools such as FSL and SPM cannot deal with int64 in Nifti images, so for compatibility the data has been converted to int32.
  return new_img_like(mask_img, unmasked, affine)
Network 3 - vAttention: 50 voxels done Correlation: 0.19467142291777811
Network 3 - vAttention: 150 voxels done Correlation: 0.30359516951677934
Network 3 - vAttention: 250 voxels done Correlation: 0.24227866497544867
Network 3 - vAttention: 500 voxels done Correlation: 0.260040880592841
Network 3 - vAttention: 750 voxels done Correlation: 0.31209197869372773
Network 3 - vAttention: 1000 voxels done Correlation: 0.3859759770116084
Network 3 - vAttention: 1500 voxels done Correlation: 0.325395527000803
Network 3 - vAttention: 3000 voxels done Correlation: 0.38858487737737923
Network 3 - vAttention: 5000 voxels done Correlation: 0.37780880956917395
Network 3 - vAttention: 6500 voxels done Correlation: 0.3717692284781245
Network 3 - vAttention: 10000 voxels done Correlation: 0.3799006675808867
Network 3 - vAttention: 15000 voxels done Correlation: 0.38946697061787516
/home/fhopp/.conda/envs/mjs/lib/python3.8/site-packages/nilearn/masking.py:980: UserWarning: Data array used to create a new image contains 64-bit ints. This is likely due to creating the array with numpy and passing `int` as the `dtype`. Many tools such as FSL and SPM cannot deal with int64 in Nifti images, so for compatibility the data has been converted to int32.
  return new_img_like(mask_img, unmasked, affine)
Network 4 - Limbic: 50 voxels done Correlation: 0.1604618820317749
Network 4 - Limbic: 150 voxels done Correlation: 0.17121394682917104
Network 4 - Limbic: 250 voxels done Correlation: 0.2986617927071522
Network 4 - Limbic: 500 voxels done Correlation: 0.24831641302677582
Network 4 - Limbic: 750 voxels done Correlation: 0.2549710244659883
Network 4 - Limbic: 1000 voxels done Correlation: 0.2662654943708366
Network 4 - Limbic: 1500 voxels done Correlation: 0.2606325119126782
Network 4 - Limbic: 3000 voxels done Correlation: 0.2912553747531428
Network 4 - Limbic: 5000 voxels done Correlation: 0.27755341984651016
Network 4 - Limbic: 6500 voxels done Correlation: 0.2754153541533114
Network 4 - Limbic: 10000 voxels done Correlation: 0.29188594604430584
/home/fhopp/.conda/envs/mjs/lib/python3.8/site-packages/nilearn/masking.py:980: UserWarning: Data array used to create a new image contains 64-bit ints. This is likely due to creating the array with numpy and passing `int` as the `dtype`. Many tools such as FSL and SPM cannot deal with int64 in Nifti images, so for compatibility the data has been converted to int32.
  return new_img_like(mask_img, unmasked, affine)
Network 5 - Frontoparietal: 50 voxels done Correlation: 0.1637783610458004
Network 5 - Frontoparietal: 150 voxels done Correlation: 0.2125042812525837
Network 5 - Frontoparietal: 250 voxels done Correlation: 0.1684832815672889
Network 5 - Frontoparietal: 500 voxels done Correlation: 0.20332987117293608
Network 5 - Frontoparietal: 750 voxels done Correlation: 0.19915591961986284
Network 5 - Frontoparietal: 1000 voxels done Correlation: 0.20268311050216548
Network 5 - Frontoparietal: 1500 voxels done Correlation: 0.22406518931385677
Network 5 - Frontoparietal: 3000 voxels done Correlation: 0.24409586899289065
Network 5 - Frontoparietal: 5000 voxels done Correlation: 0.23366717168020784
Network 5 - Frontoparietal: 6500 voxels done Correlation: 0.23286920440437836
Network 5 - Frontoparietal: 10000 voxels done Correlation: 0.2393719396821548
Network 5 - Frontoparietal: 15000 voxels done Correlation: 0.24065096488879803
/home/fhopp/.conda/envs/mjs/lib/python3.8/site-packages/nilearn/masking.py:980: UserWarning: Data array used to create a new image contains 64-bit ints. This is likely due to creating the array with numpy and passing `int` as the `dtype`. Many tools such as FSL and SPM cannot deal with int64 in Nifti images, so for compatibility the data has been converted to int32.
  return new_img_like(mask_img, unmasked, affine)
Network 6 - Default Mode: 50 voxels done Correlation: 0.24053937823751492
Network 6 - Default Mode: 150 voxels done Correlation: 0.235631896420624
Network 6 - Default Mode: 250 voxels done Correlation: 0.3869344724663144
Network 6 - Default Mode: 500 voxels done Correlation: 0.38902629203315764
Network 6 - Default Mode: 750 voxels done Correlation: 0.3540934583322275
Network 6 - Default Mode: 1000 voxels done Correlation: 0.34750566113979986
Network 6 - Default Mode: 1500 voxels done Correlation: 0.3789645064069314
Network 6 - Default Mode: 3000 voxels done Correlation: 0.41913551933588294
Network 6 - Default Mode: 5000 voxels done Correlation: 0.42044066724102075
Network 6 - Default Mode: 6500 voxels done Correlation: 0.4393371906359127
Network 6 - Default Mode: 10000 voxels done Correlation: 0.40942458285882954
Network 6 - Default Mode: 15000 voxels done Correlation: 0.40640209151682927
Network 6 - Default Mode: 25000 voxels done Correlation: 0.4071937562762093
/home/fhopp/.conda/envs/mjs/lib/python3.8/site-packages/nilearn/masking.py:980: UserWarning: Data array used to create a new image contains 64-bit ints. This is likely due to creating the array with numpy and passing `int` as the `dtype`. Many tools such as FSL and SPM cannot deal with int64 in Nifti images, so for compatibility the data has been converted to int32.
  return new_img_like(mask_img, unmasked, affine)
Network 7 - Subcortical: 50 voxels done Correlation: 0.22438674086272523
Network 7 - Subcortical: 150 voxels done Correlation: 0.1909794501305865
Network 7 - Subcortical: 250 voxels done Correlation: 0.20792374542564696
Network 7 - Subcortical: 500 voxels done Correlation: 0.23431759672117142
Network 7 - Subcortical: 750 voxels done Correlation: 0.20872006246777877
Network 7 - Subcortical: 1000 voxels done Correlation: 0.20358157013399752
Network 7 - Subcortical: 1500 voxels done Correlation: 0.2011008881337677
Network 7 - Subcortical: 3000 voxels done Correlation: 0.2016964191471113
Network 7 - Subcortical: 5000 voxels done Correlation: 0.17138270388074187
Network 7 - Subcortical: 6500 voxels done Correlation: 0.16402760577748865
Network 7 - Subcortical: 10000 voxels done Correlation: 0.16477854605072267
Network 8 - Consciousness: 50 voxels done Correlation: 0.26991089887177055
Network 8 - Consciousness: 150 voxels done Correlation: 0.3900410690096453
Network 8 - Consciousness: 250 voxels done Correlation: 0.3341420271667722
Network 8 - Consciousness: 500 voxels done Correlation: 0.2936246607769728
Network 8 - Consciousness: 750 voxels done Correlation: 0.3935152581261939
Network 8 - Consciousness: 1000 voxels done Correlation: 0.3585435305314749
Network 8 - Consciousness: 1500 voxels done Correlation: 0.40870145440384803
Network 8 - Consciousness: 3000 voxels done Correlation: 0.4515972183345873
Network 8 - Consciousness: 5000 voxels done Correlation: 0.4397854435667813
Network 8 - Consciousness: 6500 voxels done Correlation: 0.4627555493582439
Network 8 - Consciousness: 10000 voxels done Correlation: 0.46900546497530726
Network 8 - Consciousness: 15000 voxels done Correlation: 0.4438704011094057
Network 8 - Consciousness: 25000 voxels done Correlation: 0.4736204899100728
Network 8 - Consciousness: 50000 voxels done Correlation: 0.46733220311794543
