Running job on: markov
Iteration: 938
Starting spatial evaluation...
/home/fhopp/.conda/envs/mjs/lib/python3.8/site-packages/nilearn/maskers/nifti_masker.py:110: UserWarning: imgs are being resampled to the mask_img resolution. This process is memory intensive. You might want to provide a target_affine that is equal to the affine of the imgs or resample the mask beforehand to save memory and computation time.
  warnings.warn(
/home/fhopp/.conda/envs/mjs/lib/python3.8/site-packages/nilearn/masking.py:980: UserWarning: Data array used to create a new image contains 64-bit ints. This is likely due to creating the array with numpy and passing `int` as the `dtype`. Many tools such as FSL and SPM cannot deal with int64 in Nifti images, so for compatibility the data has been converted to int32.
  return new_img_like(mask_img, unmasked, affine)
Network 0 - Visual: 50 voxels done Correlation: 0.4682131497017299
Network 0 - Visual: 150 voxels done Correlation: 0.5617504554931612
Network 0 - Visual: 250 voxels done Correlation: 0.6268199219288644
Network 0 - Visual: 500 voxels done Correlation: 0.558363024457003
Network 0 - Visual: 750 voxels done Correlation: 0.604462753708387
Network 0 - Visual: 1000 voxels done Correlation: 0.6403140519660476
Network 0 - Visual: 1500 voxels done Correlation: 0.579120677156025
Network 0 - Visual: 3000 voxels done Correlation: 0.6196796453092399
Network 0 - Visual: 5000 voxels done Correlation: 0.6298761766388967
Network 0 - Visual: 6500 voxels done Correlation: 0.6167998719401273
Network 0 - Visual: 10000 voxels done Correlation: 0.6319510456746072
Network 0 - Visual: 15000 voxels done Correlation: 0.631271044054555
/home/fhopp/.conda/envs/mjs/lib/python3.8/site-packages/nilearn/masking.py:980: UserWarning: Data array used to create a new image contains 64-bit ints. This is likely due to creating the array with numpy and passing `int` as the `dtype`. Many tools such as FSL and SPM cannot deal with int64 in Nifti images, so for compatibility the data has been converted to int32.
  return new_img_like(mask_img, unmasked, affine)
Network 1 - Somatomotor: 50 voxels done Correlation: 0.18196556356854657
Network 1 - Somatomotor: 150 voxels done Correlation: 0.3799958389310642
Network 1 - Somatomotor: 250 voxels done Correlation: 0.2262529256933533
Network 1 - Somatomotor: 500 voxels done Correlation: 0.29314688646396886
Network 1 - Somatomotor: 750 voxels done Correlation: 0.37210524718117033
Network 1 - Somatomotor: 1000 voxels done Correlation: 0.3455061982099824
Network 1 - Somatomotor: 1500 voxels done Correlation: 0.384585382189868
Network 1 - Somatomotor: 3000 voxels done Correlation: 0.32550660825647765
Network 1 - Somatomotor: 5000 voxels done Correlation: 0.33295671834477825
Network 1 - Somatomotor: 6500 voxels done Correlation: 0.36394790588289094
Network 1 - Somatomotor: 10000 voxels done Correlation: 0.3413433041957608
Network 1 - Somatomotor: 15000 voxels done Correlation: 0.34566403578534344
/home/fhopp/.conda/envs/mjs/lib/python3.8/site-packages/nilearn/masking.py:980: UserWarning: Data array used to create a new image contains 64-bit ints. This is likely due to creating the array with numpy and passing `int` as the `dtype`. Many tools such as FSL and SPM cannot deal with int64 in Nifti images, so for compatibility the data has been converted to int32.
  return new_img_like(mask_img, unmasked, affine)
Network 2 - dAttention: 50 voxels done Correlation: 0.21777396498630214
Network 2 - dAttention: 150 voxels done Correlation: 0.3523983967985115
Network 2 - dAttention: 250 voxels done Correlation: 0.31454700097440147
Network 2 - dAttention: 500 voxels done Correlation: 0.3333900208793994
Network 2 - dAttention: 750 voxels done Correlation: 0.390180462782439
Network 2 - dAttention: 1000 voxels done Correlation: 0.3529296558481539
Network 2 - dAttention: 1500 voxels done Correlation: 0.32526097766239265
Network 2 - dAttention: 3000 voxels done Correlation: 0.33069624593281166
Network 2 - dAttention: 5000 voxels done Correlation: 0.32520552894064275
Network 2 - dAttention: 6500 voxels done Correlation: 0.33377859540499366
Network 2 - dAttention: 10000 voxels done Correlation: 0.3265635437025482
Network 2 - dAttention: 15000 voxels done Correlation: 0.33246360613584874
/home/fhopp/.conda/envs/mjs/lib/python3.8/site-packages/nilearn/masking.py:980: UserWarning: Data array used to create a new image contains 64-bit ints. This is likely due to creating the array with numpy and passing `int` as the `dtype`. Many tools such as FSL and SPM cannot deal with int64 in Nifti images, so for compatibility the data has been converted to int32.
  return new_img_like(mask_img, unmasked, affine)
Network 3 - vAttention: 50 voxels done Correlation: 0.2941559363965562
Network 3 - vAttention: 150 voxels done Correlation: 0.2685781207405376
Network 3 - vAttention: 250 voxels done Correlation: 0.4075945559835834
Network 3 - vAttention: 500 voxels done Correlation: 0.35751450403061213
Network 3 - vAttention: 750 voxels done Correlation: 0.2858553453185437
Network 3 - vAttention: 1000 voxels done Correlation: 0.294266474900767
Network 3 - vAttention: 1500 voxels done Correlation: 0.31005322582492256
Network 3 - vAttention: 3000 voxels done Correlation: 0.37159361539320923
Network 3 - vAttention: 5000 voxels done Correlation: 0.4004336506951527
Network 3 - vAttention: 6500 voxels done Correlation: 0.3738205435840032
Network 3 - vAttention: 10000 voxels done Correlation: 0.3862960184324631
Network 3 - vAttention: 15000 voxels done Correlation: 0.3896058527058788
/home/fhopp/.conda/envs/mjs/lib/python3.8/site-packages/nilearn/masking.py:980: UserWarning: Data array used to create a new image contains 64-bit ints. This is likely due to creating the array with numpy and passing `int` as the `dtype`. Many tools such as FSL and SPM cannot deal with int64 in Nifti images, so for compatibility the data has been converted to int32.
  return new_img_like(mask_img, unmasked, affine)
Network 4 - Limbic: 50 voxels done Correlation: 0.11301931426468567
Network 4 - Limbic: 150 voxels done Correlation: 0.3069851031580717
Network 4 - Limbic: 250 voxels done Correlation: 0.2564946159292646
Network 4 - Limbic: 500 voxels done Correlation: 0.20879466180960743
Network 4 - Limbic: 750 voxels done Correlation: 0.24522499679391746
Network 4 - Limbic: 1000 voxels done Correlation: 0.2533663304251859
Network 4 - Limbic: 1500 voxels done Correlation: 0.27748629733903096
Network 4 - Limbic: 3000 voxels done Correlation: 0.28969880966620465
Network 4 - Limbic: 5000 voxels done Correlation: 0.29670574494580226
Network 4 - Limbic: 6500 voxels done Correlation: 0.2813124084602394
Network 4 - Limbic: 10000 voxels done Correlation: 0.2893864621989647
/home/fhopp/.conda/envs/mjs/lib/python3.8/site-packages/nilearn/masking.py:980: UserWarning: Data array used to create a new image contains 64-bit ints. This is likely due to creating the array with numpy and passing `int` as the `dtype`. Many tools such as FSL and SPM cannot deal with int64 in Nifti images, so for compatibility the data has been converted to int32.
  return new_img_like(mask_img, unmasked, affine)
Network 5 - Frontoparietal: 50 voxels done Correlation: 0.2109814045383682
Network 5 - Frontoparietal: 150 voxels done Correlation: 0.20716915480748768
Network 5 - Frontoparietal: 250 voxels done Correlation: 0.18382643043357777
Network 5 - Frontoparietal: 500 voxels done Correlation: 0.18716377232526732
Network 5 - Frontoparietal: 750 voxels done Correlation: 0.21371400155524772
Network 5 - Frontoparietal: 1000 voxels done Correlation: 0.2796266789946975
Network 5 - Frontoparietal: 1500 voxels done Correlation: 0.24429275496656908
Network 5 - Frontoparietal: 3000 voxels done Correlation: 0.22933083650799063
Network 5 - Frontoparietal: 5000 voxels done Correlation: 0.23680506420158803
Network 5 - Frontoparietal: 6500 voxels done Correlation: 0.23448645769360524
Network 5 - Frontoparietal: 10000 voxels done Correlation: 0.24260356421514356
Network 5 - Frontoparietal: 15000 voxels done Correlation: 0.2393754323846436
/home/fhopp/.conda/envs/mjs/lib/python3.8/site-packages/nilearn/masking.py:980: UserWarning: Data array used to create a new image contains 64-bit ints. This is likely due to creating the array with numpy and passing `int` as the `dtype`. Many tools such as FSL and SPM cannot deal with int64 in Nifti images, so for compatibility the data has been converted to int32.
  return new_img_like(mask_img, unmasked, affine)
Network 6 - Default Mode: 50 voxels done Correlation: 0.3105393628222133
Network 6 - Default Mode: 150 voxels done Correlation: 0.2938860902023127
Network 6 - Default Mode: 250 voxels done Correlation: 0.31765440477929874
Network 6 - Default Mode: 500 voxels done Correlation: 0.3384124265205179
Network 6 - Default Mode: 750 voxels done Correlation: 0.3918205001731446
Network 6 - Default Mode: 1000 voxels done Correlation: 0.3281994562951964
Network 6 - Default Mode: 1500 voxels done Correlation: 0.3784887664793919
Network 6 - Default Mode: 3000 voxels done Correlation: 0.4235276576277782
Network 6 - Default Mode: 5000 voxels done Correlation: 0.394021803578432
Network 6 - Default Mode: 6500 voxels done Correlation: 0.38311994506783886
Network 6 - Default Mode: 10000 voxels done Correlation: 0.41156617949279517
Network 6 - Default Mode: 15000 voxels done Correlation: 0.4020647305543935
Network 6 - Default Mode: 25000 voxels done Correlation: 0.40709624093139485
/home/fhopp/.conda/envs/mjs/lib/python3.8/site-packages/nilearn/masking.py:980: UserWarning: Data array used to create a new image contains 64-bit ints. This is likely due to creating the array with numpy and passing `int` as the `dtype`. Many tools such as FSL and SPM cannot deal with int64 in Nifti images, so for compatibility the data has been converted to int32.
  return new_img_like(mask_img, unmasked, affine)
Network 7 - Subcortical: 50 voxels done Correlation: 0.19228966040974593
Network 7 - Subcortical: 150 voxels done Correlation: 0.23902552014505152
Network 7 - Subcortical: 250 voxels done Correlation: 0.1905812851190575
Network 7 - Subcortical: 500 voxels done Correlation: 0.2729326407004582
Network 7 - Subcortical: 750 voxels done Correlation: 0.2611949985308663
Network 7 - Subcortical: 1000 voxels done Correlation: 0.21749950386382505
Network 7 - Subcortical: 1500 voxels done Correlation: 0.2282940956654056
Network 7 - Subcortical: 3000 voxels done Correlation: 0.22041910068438553
Network 7 - Subcortical: 5000 voxels done Correlation: 0.15302418114744137
Network 7 - Subcortical: 6500 voxels done Correlation: 0.16193546971270945
Network 7 - Subcortical: 10000 voxels done Correlation: 0.16677397979468972
Network 8 - Consciousness: 50 voxels done Correlation: 0.2733747005186523
Network 8 - Consciousness: 150 voxels done Correlation: 0.31258606719710097
Network 8 - Consciousness: 250 voxels done Correlation: 0.35668092799155043
Network 8 - Consciousness: 500 voxels done Correlation: 0.40783459970118147
Network 8 - Consciousness: 750 voxels done Correlation: 0.37146537062617857
Network 8 - Consciousness: 1000 voxels done Correlation: 0.38945551107084103
Network 8 - Consciousness: 1500 voxels done Correlation: 0.4094627762727967
Network 8 - Consciousness: 3000 voxels done Correlation: 0.4637367455370892
Network 8 - Consciousness: 5000 voxels done Correlation: 0.42109273166529243
Network 8 - Consciousness: 6500 voxels done Correlation: 0.43057333182742696
Network 8 - Consciousness: 10000 voxels done Correlation: 0.45374101947001433
Network 8 - Consciousness: 15000 voxels done Correlation: 0.45364710646084594
Network 8 - Consciousness: 25000 voxels done Correlation: 0.47164952352145906
Network 8 - Consciousness: 50000 voxels done Correlation: 0.4667133389923861
