Running job on: wood
Iteration: 985
Starting spatial evaluation...
/home/fhopp/.conda/envs/mjs/lib/python3.8/site-packages/nilearn/maskers/nifti_masker.py:110: UserWarning: imgs are being resampled to the mask_img resolution. This process is memory intensive. You might want to provide a target_affine that is equal to the affine of the imgs or resample the mask beforehand to save memory and computation time.
  warnings.warn(
/home/fhopp/.conda/envs/mjs/lib/python3.8/site-packages/nilearn/masking.py:980: UserWarning: Data array used to create a new image contains 64-bit ints. This is likely due to creating the array with numpy and passing `int` as the `dtype`. Many tools such as FSL and SPM cannot deal with int64 in Nifti images, so for compatibility the data has been converted to int32.
  return new_img_like(mask_img, unmasked, affine)
Network 0 - Visual: 50 voxels done Correlation: 0.6604749316060538
Network 0 - Visual: 150 voxels done Correlation: 0.6030280708162116
Network 0 - Visual: 250 voxels done Correlation: 0.6246998418527527
Network 0 - Visual: 500 voxels done Correlation: 0.6004310972334096
Network 0 - Visual: 750 voxels done Correlation: 0.6026490971921754
Network 0 - Visual: 1000 voxels done Correlation: 0.6204341718908242
Network 0 - Visual: 1500 voxels done Correlation: 0.5856309262251036
Network 0 - Visual: 3000 voxels done Correlation: 0.6092596747551023
Network 0 - Visual: 5000 voxels done Correlation: 0.618442329647034
Network 0 - Visual: 6500 voxels done Correlation: 0.6349411390357216
Network 0 - Visual: 10000 voxels done Correlation: 0.6352475046850514
Network 0 - Visual: 15000 voxels done Correlation: 0.6336567536892358
/home/fhopp/.conda/envs/mjs/lib/python3.8/site-packages/nilearn/masking.py:980: UserWarning: Data array used to create a new image contains 64-bit ints. This is likely due to creating the array with numpy and passing `int` as the `dtype`. Many tools such as FSL and SPM cannot deal with int64 in Nifti images, so for compatibility the data has been converted to int32.
  return new_img_like(mask_img, unmasked, affine)
Network 1 - Somatomotor: 50 voxels done Correlation: 0.29065877448245186
Network 1 - Somatomotor: 150 voxels done Correlation: 0.3240948001142576
Network 1 - Somatomotor: 250 voxels done Correlation: 0.3415132083694598
Network 1 - Somatomotor: 500 voxels done Correlation: 0.3348162354825186
Network 1 - Somatomotor: 750 voxels done Correlation: 0.33223053385636026
Network 1 - Somatomotor: 1000 voxels done Correlation: 0.33677287910563136
Network 1 - Somatomotor: 1500 voxels done Correlation: 0.3311446228259564
Network 1 - Somatomotor: 3000 voxels done Correlation: 0.333198491336954
Network 1 - Somatomotor: 5000 voxels done Correlation: 0.3259960040995223
Network 1 - Somatomotor: 6500 voxels done Correlation: 0.34899403918693317
Network 1 - Somatomotor: 10000 voxels done Correlation: 0.3397157280261105
Network 1 - Somatomotor: 15000 voxels done Correlation: 0.34463273341744827
/home/fhopp/.conda/envs/mjs/lib/python3.8/site-packages/nilearn/masking.py:980: UserWarning: Data array used to create a new image contains 64-bit ints. This is likely due to creating the array with numpy and passing `int` as the `dtype`. Many tools such as FSL and SPM cannot deal with int64 in Nifti images, so for compatibility the data has been converted to int32.
  return new_img_like(mask_img, unmasked, affine)
Network 2 - dAttention: 50 voxels done Correlation: 0.27863142611499847
Network 2 - dAttention: 150 voxels done Correlation: 0.27966087942091467
Network 2 - dAttention: 250 voxels done Correlation: 0.29082550140322233
Network 2 - dAttention: 500 voxels done Correlation: 0.2711258145416291
Network 2 - dAttention: 750 voxels done Correlation: 0.29937578981862667
Network 2 - dAttention: 1000 voxels done Correlation: 0.30234706707969017
Network 2 - dAttention: 1500 voxels done Correlation: 0.29630028514321993
Network 2 - dAttention: 3000 voxels done Correlation: 0.3299996981589621
Network 2 - dAttention: 5000 voxels done Correlation: 0.3142203384699672
Network 2 - dAttention: 6500 voxels done Correlation: 0.31894075274477807
Network 2 - dAttention: 10000 voxels done Correlation: 0.3450485013918158
Network 2 - dAttention: 15000 voxels done Correlation: 0.3351581872932455
/home/fhopp/.conda/envs/mjs/lib/python3.8/site-packages/nilearn/masking.py:980: UserWarning: Data array used to create a new image contains 64-bit ints. This is likely due to creating the array with numpy and passing `int` as the `dtype`. Many tools such as FSL and SPM cannot deal with int64 in Nifti images, so for compatibility the data has been converted to int32.
  return new_img_like(mask_img, unmasked, affine)
Network 3 - vAttention: 50 voxels done Correlation: 0.3316374380883076
Network 3 - vAttention: 150 voxels done Correlation: 0.21237864616396485
Network 3 - vAttention: 250 voxels done Correlation: 0.34304805572725794
Network 3 - vAttention: 500 voxels done Correlation: 0.32537573277301657
Network 3 - vAttention: 750 voxels done Correlation: 0.3124442345308849
Network 3 - vAttention: 1000 voxels done Correlation: 0.2967745392163743
Network 3 - vAttention: 1500 voxels done Correlation: 0.3349701883910735
Network 3 - vAttention: 3000 voxels done Correlation: 0.33124541436392585
Network 3 - vAttention: 5000 voxels done Correlation: 0.3814562449349803
Network 3 - vAttention: 6500 voxels done Correlation: 0.38313805688513947
Network 3 - vAttention: 10000 voxels done Correlation: 0.38460941747764416
Network 3 - vAttention: 15000 voxels done Correlation: 0.3876100666921424
/home/fhopp/.conda/envs/mjs/lib/python3.8/site-packages/nilearn/masking.py:980: UserWarning: Data array used to create a new image contains 64-bit ints. This is likely due to creating the array with numpy and passing `int` as the `dtype`. Many tools such as FSL and SPM cannot deal with int64 in Nifti images, so for compatibility the data has been converted to int32.
  return new_img_like(mask_img, unmasked, affine)
Network 4 - Limbic: 50 voxels done Correlation: 0.11705096753017716
Network 4 - Limbic: 150 voxels done Correlation: 0.1951765908583531
Network 4 - Limbic: 250 voxels done Correlation: 0.24917746086116827
Network 4 - Limbic: 500 voxels done Correlation: 0.23931175389306455
Network 4 - Limbic: 750 voxels done Correlation: 0.25730697544532555
Network 4 - Limbic: 1000 voxels done Correlation: 0.24739183411068916
Network 4 - Limbic: 1500 voxels done Correlation: 0.23953117831374274
Network 4 - Limbic: 3000 voxels done Correlation: 0.2612644330555921
Network 4 - Limbic: 5000 voxels done Correlation: 0.28444185772165126
Network 4 - Limbic: 6500 voxels done Correlation: 0.2729216257208198
Network 4 - Limbic: 10000 voxels done Correlation: 0.2857946180275338
/home/fhopp/.conda/envs/mjs/lib/python3.8/site-packages/nilearn/masking.py:980: UserWarning: Data array used to create a new image contains 64-bit ints. This is likely due to creating the array with numpy and passing `int` as the `dtype`. Many tools such as FSL and SPM cannot deal with int64 in Nifti images, so for compatibility the data has been converted to int32.
  return new_img_like(mask_img, unmasked, affine)
Network 5 - Frontoparietal: 50 voxels done Correlation: 0.1870819295820812
Network 5 - Frontoparietal: 150 voxels done Correlation: 0.2034485138305437
Network 5 - Frontoparietal: 250 voxels done Correlation: 0.16205832149905758
Network 5 - Frontoparietal: 500 voxels done Correlation: 0.20240019558497652
Network 5 - Frontoparietal: 750 voxels done Correlation: 0.253858162156406
Network 5 - Frontoparietal: 1000 voxels done Correlation: 0.22250248031941378
Network 5 - Frontoparietal: 1500 voxels done Correlation: 0.23141703735077027
Network 5 - Frontoparietal: 3000 voxels done Correlation: 0.20614538375388947
Network 5 - Frontoparietal: 5000 voxels done Correlation: 0.25978651756470394
Network 5 - Frontoparietal: 6500 voxels done Correlation: 0.2541723157911882
Network 5 - Frontoparietal: 10000 voxels done Correlation: 0.23615561024844117
Network 5 - Frontoparietal: 15000 voxels done Correlation: 0.2405282952822497
/home/fhopp/.conda/envs/mjs/lib/python3.8/site-packages/nilearn/masking.py:980: UserWarning: Data array used to create a new image contains 64-bit ints. This is likely due to creating the array with numpy and passing `int` as the `dtype`. Many tools such as FSL and SPM cannot deal with int64 in Nifti images, so for compatibility the data has been converted to int32.
  return new_img_like(mask_img, unmasked, affine)
Network 6 - Default Mode: 50 voxels done Correlation: 0.3264529857431333
Network 6 - Default Mode: 150 voxels done Correlation: 0.31284489175713903
Network 6 - Default Mode: 250 voxels done Correlation: 0.3871980861788633
Network 6 - Default Mode: 500 voxels done Correlation: 0.3482912542918949
Network 6 - Default Mode: 750 voxels done Correlation: 0.3126243275418248
Network 6 - Default Mode: 1000 voxels done Correlation: 0.38829461229700635
Network 6 - Default Mode: 1500 voxels done Correlation: 0.391006100207912
Network 6 - Default Mode: 3000 voxels done Correlation: 0.397449651346373
Network 6 - Default Mode: 5000 voxels done Correlation: 0.43042572633905307
Network 6 - Default Mode: 6500 voxels done Correlation: 0.4016616477277276
Network 6 - Default Mode: 10000 voxels done Correlation: 0.4075635505793483
Network 6 - Default Mode: 15000 voxels done Correlation: 0.41056939608210047
Network 6 - Default Mode: 25000 voxels done Correlation: 0.4106510285611097
/home/fhopp/.conda/envs/mjs/lib/python3.8/site-packages/nilearn/masking.py:980: UserWarning: Data array used to create a new image contains 64-bit ints. This is likely due to creating the array with numpy and passing `int` as the `dtype`. Many tools such as FSL and SPM cannot deal with int64 in Nifti images, so for compatibility the data has been converted to int32.
  return new_img_like(mask_img, unmasked, affine)
Network 7 - Subcortical: 50 voxels done Correlation: 0.08881870726480849
Network 7 - Subcortical: 150 voxels done Correlation: 0.22751436394996072
Network 7 - Subcortical: 250 voxels done Correlation: 0.2475142438681168
Network 7 - Subcortical: 500 voxels done Correlation: 0.3025794081109579
Network 7 - Subcortical: 750 voxels done Correlation: 0.25501010923095013
Network 7 - Subcortical: 1000 voxels done Correlation: 0.21896889644702253
Network 7 - Subcortical: 1500 voxels done Correlation: 0.1988476724192632
Network 7 - Subcortical: 3000 voxels done Correlation: 0.22398263403434113
Network 7 - Subcortical: 5000 voxels done Correlation: 0.16561735738666875
Network 7 - Subcortical: 6500 voxels done Correlation: 0.17421316058656539
Network 7 - Subcortical: 10000 voxels done Correlation: 0.16360357298801187
Network 8 - Consciousness: 50 voxels done Correlation: 0.3516701659463586
Network 8 - Consciousness: 150 voxels done Correlation: 0.2566664729372249
Network 8 - Consciousness: 250 voxels done Correlation: 0.4531850093480071
Network 8 - Consciousness: 500 voxels done Correlation: 0.388127338143049
Network 8 - Consciousness: 750 voxels done Correlation: 0.3244242684294259
Network 8 - Consciousness: 1000 voxels done Correlation: 0.4825748952011563
Network 8 - Consciousness: 1500 voxels done Correlation: 0.4054991021173338
Network 8 - Consciousness: 3000 voxels done Correlation: 0.428027630675116
Network 8 - Consciousness: 5000 voxels done Correlation: 0.45406107787122874
Network 8 - Consciousness: 6500 voxels done Correlation: 0.4615364220948872
Network 8 - Consciousness: 10000 voxels done Correlation: 0.4581135780780985
Network 8 - Consciousness: 15000 voxels done Correlation: 0.46852024018329097
Network 8 - Consciousness: 25000 voxels done Correlation: 0.4640339442009654
Network 8 - Consciousness: 50000 voxels done Correlation: 0.4673518685277077
