Running job on: wood
Iteration: 558
Starting spatial evaluation...
/home/fhopp/.conda/envs/mjs/lib/python3.8/site-packages/nilearn/maskers/nifti_masker.py:110: UserWarning: imgs are being resampled to the mask_img resolution. This process is memory intensive. You might want to provide a target_affine that is equal to the affine of the imgs or resample the mask beforehand to save memory and computation time.
  warnings.warn(
/home/fhopp/.conda/envs/mjs/lib/python3.8/site-packages/nilearn/masking.py:980: UserWarning: Data array used to create a new image contains 64-bit ints. This is likely due to creating the array with numpy and passing `int` as the `dtype`. Many tools such as FSL and SPM cannot deal with int64 in Nifti images, so for compatibility the data has been converted to int32.
  return new_img_like(mask_img, unmasked, affine)
Network 0 - Visual: 50 voxels done Correlation: 0.6581327194646832
Network 0 - Visual: 150 voxels done Correlation: 0.6512226427080934
Network 0 - Visual: 250 voxels done Correlation: 0.6675779365419445
Network 0 - Visual: 500 voxels done Correlation: 0.6384131635059545
Network 0 - Visual: 750 voxels done Correlation: 0.5504438869855257
Network 0 - Visual: 1000 voxels done Correlation: 0.6157634316792666
Network 0 - Visual: 1500 voxels done Correlation: 0.5969892319392709
Network 0 - Visual: 3000 voxels done Correlation: 0.6362623506394864
Network 0 - Visual: 5000 voxels done Correlation: 0.6099102431886224
Network 0 - Visual: 6500 voxels done Correlation: 0.6200363470336874
Network 0 - Visual: 10000 voxels done Correlation: 0.6292181699574483
Network 0 - Visual: 15000 voxels done Correlation: 0.63453841977874
/home/fhopp/.conda/envs/mjs/lib/python3.8/site-packages/nilearn/masking.py:980: UserWarning: Data array used to create a new image contains 64-bit ints. This is likely due to creating the array with numpy and passing `int` as the `dtype`. Many tools such as FSL and SPM cannot deal with int64 in Nifti images, so for compatibility the data has been converted to int32.
  return new_img_like(mask_img, unmasked, affine)
Network 1 - Somatomotor: 50 voxels done Correlation: 0.28593707259261936
Network 1 - Somatomotor: 150 voxels done Correlation: 0.21495742078754226
Network 1 - Somatomotor: 250 voxels done Correlation: 0.33372424663397876
Network 1 - Somatomotor: 500 voxels done Correlation: 0.335382738792842
Network 1 - Somatomotor: 750 voxels done Correlation: 0.3482654755305586
Network 1 - Somatomotor: 1000 voxels done Correlation: 0.34477255571396226
Network 1 - Somatomotor: 1500 voxels done Correlation: 0.32285115630962635
Network 1 - Somatomotor: 3000 voxels done Correlation: 0.33130000696977285
Network 1 - Somatomotor: 5000 voxels done Correlation: 0.36183428502388437
Network 1 - Somatomotor: 6500 voxels done Correlation: 0.3231230561565583
Network 1 - Somatomotor: 10000 voxels done Correlation: 0.3333078087614625
Network 1 - Somatomotor: 15000 voxels done Correlation: 0.33822842973665096
/home/fhopp/.conda/envs/mjs/lib/python3.8/site-packages/nilearn/masking.py:980: UserWarning: Data array used to create a new image contains 64-bit ints. This is likely due to creating the array with numpy and passing `int` as the `dtype`. Many tools such as FSL and SPM cannot deal with int64 in Nifti images, so for compatibility the data has been converted to int32.
  return new_img_like(mask_img, unmasked, affine)
Network 2 - dAttention: 50 voxels done Correlation: 0.19936454399953707
Network 2 - dAttention: 150 voxels done Correlation: 0.3756115052840774
Network 2 - dAttention: 250 voxels done Correlation: 0.3491159381119794
Network 2 - dAttention: 500 voxels done Correlation: 0.33692058979357553
Network 2 - dAttention: 750 voxels done Correlation: 0.31626972731575353
Network 2 - dAttention: 1000 voxels done Correlation: 0.3610964104408326
Network 2 - dAttention: 1500 voxels done Correlation: 0.3015420645226181
Network 2 - dAttention: 3000 voxels done Correlation: 0.3555597948649739
Network 2 - dAttention: 5000 voxels done Correlation: 0.3361651563819407
Network 2 - dAttention: 6500 voxels done Correlation: 0.3484451731636796
Network 2 - dAttention: 10000 voxels done Correlation: 0.32254165601620405
Network 2 - dAttention: 15000 voxels done Correlation: 0.3363363030515888
/home/fhopp/.conda/envs/mjs/lib/python3.8/site-packages/nilearn/masking.py:980: UserWarning: Data array used to create a new image contains 64-bit ints. This is likely due to creating the array with numpy and passing `int` as the `dtype`. Many tools such as FSL and SPM cannot deal with int64 in Nifti images, so for compatibility the data has been converted to int32.
  return new_img_like(mask_img, unmasked, affine)
Network 3 - vAttention: 50 voxels done Correlation: 0.15563744920869022
Network 3 - vAttention: 150 voxels done Correlation: 0.3511134790562581
Network 3 - vAttention: 250 voxels done Correlation: 0.3654008566113972
Network 3 - vAttention: 500 voxels done Correlation: 0.2600659019349814
Network 3 - vAttention: 750 voxels done Correlation: 0.33524949818866695
Network 3 - vAttention: 1000 voxels done Correlation: 0.34333171888829855
Network 3 - vAttention: 1500 voxels done Correlation: 0.3255276481446097
Network 3 - vAttention: 3000 voxels done Correlation: 0.3844084765682976
Network 3 - vAttention: 5000 voxels done Correlation: 0.3764801869206278
Network 3 - vAttention: 6500 voxels done Correlation: 0.366122690357812
Network 3 - vAttention: 10000 voxels done Correlation: 0.3854491832364985
Network 3 - vAttention: 15000 voxels done Correlation: 0.3887357458812978
/home/fhopp/.conda/envs/mjs/lib/python3.8/site-packages/nilearn/masking.py:980: UserWarning: Data array used to create a new image contains 64-bit ints. This is likely due to creating the array with numpy and passing `int` as the `dtype`. Many tools such as FSL and SPM cannot deal with int64 in Nifti images, so for compatibility the data has been converted to int32.
  return new_img_like(mask_img, unmasked, affine)
Network 4 - Limbic: 50 voxels done Correlation: 0.24086348274404354
Network 4 - Limbic: 150 voxels done Correlation: 0.1924396901069338
Network 4 - Limbic: 250 voxels done Correlation: 0.22828709350187396
Network 4 - Limbic: 500 voxels done Correlation: 0.24552266454906696
Network 4 - Limbic: 750 voxels done Correlation: 0.2448801660772768
Network 4 - Limbic: 1000 voxels done Correlation: 0.21366810862558844
Network 4 - Limbic: 1500 voxels done Correlation: 0.24510670582972077
Network 4 - Limbic: 3000 voxels done Correlation: 0.2720564663189977
Network 4 - Limbic: 5000 voxels done Correlation: 0.2831309883679003
Network 4 - Limbic: 6500 voxels done Correlation: 0.2911874400176475
Network 4 - Limbic: 10000 voxels done Correlation: 0.28841726039118715
/home/fhopp/.conda/envs/mjs/lib/python3.8/site-packages/nilearn/masking.py:980: UserWarning: Data array used to create a new image contains 64-bit ints. This is likely due to creating the array with numpy and passing `int` as the `dtype`. Many tools such as FSL and SPM cannot deal with int64 in Nifti images, so for compatibility the data has been converted to int32.
  return new_img_like(mask_img, unmasked, affine)
Network 5 - Frontoparietal: 50 voxels done Correlation: 0.14822499322602137
Network 5 - Frontoparietal: 150 voxels done Correlation: 0.10152513446892705
Network 5 - Frontoparietal: 250 voxels done Correlation: 0.21231328521116385
Network 5 - Frontoparietal: 500 voxels done Correlation: 0.17765831410448613
Network 5 - Frontoparietal: 750 voxels done Correlation: 0.22125668571968782
Network 5 - Frontoparietal: 1000 voxels done Correlation: 0.2543596227829126
Network 5 - Frontoparietal: 1500 voxels done Correlation: 0.2222215959555534
Network 5 - Frontoparietal: 3000 voxels done Correlation: 0.21726335349320908
Network 5 - Frontoparietal: 5000 voxels done Correlation: 0.23468501272645875
Network 5 - Frontoparietal: 6500 voxels done Correlation: 0.24869403626625897
Network 5 - Frontoparietal: 10000 voxels done Correlation: 0.24809234972625654
Network 5 - Frontoparietal: 15000 voxels done Correlation: 0.2401856943754597
/home/fhopp/.conda/envs/mjs/lib/python3.8/site-packages/nilearn/masking.py:980: UserWarning: Data array used to create a new image contains 64-bit ints. This is likely due to creating the array with numpy and passing `int` as the `dtype`. Many tools such as FSL and SPM cannot deal with int64 in Nifti images, so for compatibility the data has been converted to int32.
  return new_img_like(mask_img, unmasked, affine)
Network 6 - Default Mode: 50 voxels done Correlation: 0.3225725248662286
Network 6 - Default Mode: 150 voxels done Correlation: 0.38102452709480095
Network 6 - Default Mode: 250 voxels done Correlation: 0.33577151215602197
Network 6 - Default Mode: 500 voxels done Correlation: 0.3531903044051309
Network 6 - Default Mode: 750 voxels done Correlation: 0.3690211885322814
Network 6 - Default Mode: 1000 voxels done Correlation: 0.40000163148775714
Network 6 - Default Mode: 1500 voxels done Correlation: 0.37201165523282137
Network 6 - Default Mode: 3000 voxels done Correlation: 0.3639112395100779
Network 6 - Default Mode: 5000 voxels done Correlation: 0.39458739739943094
Network 6 - Default Mode: 6500 voxels done Correlation: 0.41159009592623985
Network 6 - Default Mode: 10000 voxels done Correlation: 0.405393067044113
Network 6 - Default Mode: 15000 voxels done Correlation: 0.40842709683429856
Network 6 - Default Mode: 25000 voxels done Correlation: 0.4120117396965487
/home/fhopp/.conda/envs/mjs/lib/python3.8/site-packages/nilearn/masking.py:980: UserWarning: Data array used to create a new image contains 64-bit ints. This is likely due to creating the array with numpy and passing `int` as the `dtype`. Many tools such as FSL and SPM cannot deal with int64 in Nifti images, so for compatibility the data has been converted to int32.
  return new_img_like(mask_img, unmasked, affine)
Network 7 - Subcortical: 50 voxels done Correlation: 0.17794955293615577
Network 7 - Subcortical: 150 voxels done Correlation: 0.2110125719687071
Network 7 - Subcortical: 250 voxels done Correlation: 0.30797458771539804
Network 7 - Subcortical: 500 voxels done Correlation: 0.19994328045838516
Network 7 - Subcortical: 750 voxels done Correlation: 0.20672960462099263
Network 7 - Subcortical: 1000 voxels done Correlation: 0.17630491051125696
Network 7 - Subcortical: 1500 voxels done Correlation: 0.20004465788706988
Network 7 - Subcortical: 3000 voxels done Correlation: 0.18938657057036223
Network 7 - Subcortical: 5000 voxels done Correlation: 0.16784084140454864
Network 7 - Subcortical: 6500 voxels done Correlation: 0.1700108797600657
Network 7 - Subcortical: 10000 voxels done Correlation: 0.16759538345006192
Network 8 - Consciousness: 50 voxels done Correlation: 0.2326858664518056
Network 8 - Consciousness: 150 voxels done Correlation: 0.25149661652088096
Network 8 - Consciousness: 250 voxels done Correlation: 0.41849093716055324
Network 8 - Consciousness: 500 voxels done Correlation: 0.39838915782101
Network 8 - Consciousness: 750 voxels done Correlation: 0.40528156950579897
Network 8 - Consciousness: 1000 voxels done Correlation: 0.3528802178601864
Network 8 - Consciousness: 1500 voxels done Correlation: 0.4646767158183047
Network 8 - Consciousness: 3000 voxels done Correlation: 0.4432233214253074
Network 8 - Consciousness: 5000 voxels done Correlation: 0.4448860102213637
Network 8 - Consciousness: 6500 voxels done Correlation: 0.44946906675263926
Network 8 - Consciousness: 10000 voxels done Correlation: 0.4752914701322253
Network 8 - Consciousness: 15000 voxels done Correlation: 0.45567441874347014
Network 8 - Consciousness: 25000 voxels done Correlation: 0.47079172102051453
Network 8 - Consciousness: 50000 voxels done Correlation: 0.46734186153250284
