Running job on: ada
Iteration: 49
Starting spatial evaluation...
/home/fhopp/.conda/envs/mjs/lib/python3.8/site-packages/nilearn/maskers/nifti_masker.py:110: UserWarning: imgs are being resampled to the mask_img resolution. This process is memory intensive. You might want to provide a target_affine that is equal to the affine of the imgs or resample the mask beforehand to save memory and computation time.
  warnings.warn(
/home/fhopp/.conda/envs/mjs/lib/python3.8/site-packages/nilearn/masking.py:980: UserWarning: Data array used to create a new image contains 64-bit ints. This is likely due to creating the array with numpy and passing `int` as the `dtype`. Many tools such as FSL and SPM cannot deal with int64 in Nifti images, so for compatibility the data has been converted to int32.
  return new_img_like(mask_img, unmasked, affine)
Network 0 - Visual: 50 voxels done Correlation: 0.6881123439477623
Network 0 - Visual: 150 voxels done Correlation: 0.6426798189896388
Network 0 - Visual: 250 voxels done Correlation: 0.652021536171057
Network 0 - Visual: 500 voxels done Correlation: 0.5949980083684632
Network 0 - Visual: 750 voxels done Correlation: 0.5886744138239631
Network 0 - Visual: 1000 voxels done Correlation: 0.6005109304300624
Network 0 - Visual: 1500 voxels done Correlation: 0.609892929839344
Network 0 - Visual: 3000 voxels done Correlation: 0.6326278419344284
Network 0 - Visual: 5000 voxels done Correlation: 0.6251201242454175
Network 0 - Visual: 6500 voxels done Correlation: 0.6150996651862686
Network 0 - Visual: 10000 voxels done Correlation: 0.6330636138547572
Network 0 - Visual: 15000 voxels done Correlation: 0.6263481985538426
/home/fhopp/.conda/envs/mjs/lib/python3.8/site-packages/nilearn/masking.py:980: UserWarning: Data array used to create a new image contains 64-bit ints. This is likely due to creating the array with numpy and passing `int` as the `dtype`. Many tools such as FSL and SPM cannot deal with int64 in Nifti images, so for compatibility the data has been converted to int32.
  return new_img_like(mask_img, unmasked, affine)
Network 1 - Somatomotor: 50 voxels done Correlation: 0.27647272696905956
Network 1 - Somatomotor: 150 voxels done Correlation: 0.3006191320168044
Network 1 - Somatomotor: 250 voxels done Correlation: 0.2686011495883357
Network 1 - Somatomotor: 500 voxels done Correlation: 0.31245986493495403
Network 1 - Somatomotor: 750 voxels done Correlation: 0.38846978798855114
Network 1 - Somatomotor: 1000 voxels done Correlation: 0.3525367271245189
Network 1 - Somatomotor: 1500 voxels done Correlation: 0.33044020349020403
Network 1 - Somatomotor: 3000 voxels done Correlation: 0.33322208593469205
Network 1 - Somatomotor: 5000 voxels done Correlation: 0.3406840215240026
Network 1 - Somatomotor: 6500 voxels done Correlation: 0.3418025244121016
Network 1 - Somatomotor: 10000 voxels done Correlation: 0.3465250973116506
Network 1 - Somatomotor: 15000 voxels done Correlation: 0.34506398268270455
/home/fhopp/.conda/envs/mjs/lib/python3.8/site-packages/nilearn/masking.py:980: UserWarning: Data array used to create a new image contains 64-bit ints. This is likely due to creating the array with numpy and passing `int` as the `dtype`. Many tools such as FSL and SPM cannot deal with int64 in Nifti images, so for compatibility the data has been converted to int32.
  return new_img_like(mask_img, unmasked, affine)
Network 2 - dAttention: 50 voxels done Correlation: 0.1701002944846318
Network 2 - dAttention: 150 voxels done Correlation: 0.2406683473282046
Network 2 - dAttention: 250 voxels done Correlation: 0.3370966446655627
Network 2 - dAttention: 500 voxels done Correlation: 0.3460526735046393
Network 2 - dAttention: 750 voxels done Correlation: 0.36945213616551487
Network 2 - dAttention: 1000 voxels done Correlation: 0.27483183691045765
Network 2 - dAttention: 1500 voxels done Correlation: 0.3488337581379258
Network 2 - dAttention: 3000 voxels done Correlation: 0.319240814176001
Network 2 - dAttention: 5000 voxels done Correlation: 0.3306179596215331
Network 2 - dAttention: 6500 voxels done Correlation: 0.3215649886486668
Network 2 - dAttention: 10000 voxels done Correlation: 0.3278098016282033
Network 2 - dAttention: 15000 voxels done Correlation: 0.33527816095973534
/home/fhopp/.conda/envs/mjs/lib/python3.8/site-packages/nilearn/masking.py:980: UserWarning: Data array used to create a new image contains 64-bit ints. This is likely due to creating the array with numpy and passing `int` as the `dtype`. Many tools such as FSL and SPM cannot deal with int64 in Nifti images, so for compatibility the data has been converted to int32.
  return new_img_like(mask_img, unmasked, affine)
Network 3 - vAttention: 50 voxels done Correlation: 0.2228135848327753
Network 3 - vAttention: 150 voxels done Correlation: 0.28812526299613406
Network 3 - vAttention: 250 voxels done Correlation: 0.35309344529970194
Network 3 - vAttention: 500 voxels done Correlation: 0.33482997145452165
Network 3 - vAttention: 750 voxels done Correlation: 0.3877980149373276
Network 3 - vAttention: 1000 voxels done Correlation: 0.319159068412434
Network 3 - vAttention: 1500 voxels done Correlation: 0.3376788455330006
Network 3 - vAttention: 3000 voxels done Correlation: 0.32456343126295684
Network 3 - vAttention: 5000 voxels done Correlation: 0.37811114572260784
Network 3 - vAttention: 6500 voxels done Correlation: 0.3769086309771137
Network 3 - vAttention: 10000 voxels done Correlation: 0.3866754651305384
Network 3 - vAttention: 15000 voxels done Correlation: 0.3887252404372464
/home/fhopp/.conda/envs/mjs/lib/python3.8/site-packages/nilearn/masking.py:980: UserWarning: Data array used to create a new image contains 64-bit ints. This is likely due to creating the array with numpy and passing `int` as the `dtype`. Many tools such as FSL and SPM cannot deal with int64 in Nifti images, so for compatibility the data has been converted to int32.
  return new_img_like(mask_img, unmasked, affine)
Network 4 - Limbic: 50 voxels done Correlation: 0.20109091616208588
Network 4 - Limbic: 150 voxels done Correlation: 0.25877746175966243
Network 4 - Limbic: 250 voxels done Correlation: 0.23909610481999996
Network 4 - Limbic: 500 voxels done Correlation: 0.23058491845801535
Network 4 - Limbic: 750 voxels done Correlation: 0.25625284476033866
Network 4 - Limbic: 1000 voxels done Correlation: 0.2950806286697242
Network 4 - Limbic: 1500 voxels done Correlation: 0.2877978667527077
Network 4 - Limbic: 3000 voxels done Correlation: 0.27582142351864714
Network 4 - Limbic: 5000 voxels done Correlation: 0.2845878095609485
Network 4 - Limbic: 6500 voxels done Correlation: 0.26702235455542084
Network 4 - Limbic: 10000 voxels done Correlation: 0.2847256311876474
/home/fhopp/.conda/envs/mjs/lib/python3.8/site-packages/nilearn/masking.py:980: UserWarning: Data array used to create a new image contains 64-bit ints. This is likely due to creating the array with numpy and passing `int` as the `dtype`. Many tools such as FSL and SPM cannot deal with int64 in Nifti images, so for compatibility the data has been converted to int32.
  return new_img_like(mask_img, unmasked, affine)
Network 5 - Frontoparietal: 50 voxels done Correlation: 0.19552659763053537
Network 5 - Frontoparietal: 150 voxels done Correlation: 0.1437557417697659
Network 5 - Frontoparietal: 250 voxels done Correlation: 0.1497633170845287
Network 5 - Frontoparietal: 500 voxels done Correlation: 0.23754368729905023
Network 5 - Frontoparietal: 750 voxels done Correlation: 0.23202752478630317
Network 5 - Frontoparietal: 1000 voxels done Correlation: 0.21481435106665658
Network 5 - Frontoparietal: 1500 voxels done Correlation: 0.20217385711802682
Network 5 - Frontoparietal: 3000 voxels done Correlation: 0.2230797008180364
Network 5 - Frontoparietal: 5000 voxels done Correlation: 0.2414520327891352
Network 5 - Frontoparietal: 6500 voxels done Correlation: 0.24477422996442594
Network 5 - Frontoparietal: 10000 voxels done Correlation: 0.23581020207309628
Network 5 - Frontoparietal: 15000 voxels done Correlation: 0.24167596504055533
/home/fhopp/.conda/envs/mjs/lib/python3.8/site-packages/nilearn/masking.py:980: UserWarning: Data array used to create a new image contains 64-bit ints. This is likely due to creating the array with numpy and passing `int` as the `dtype`. Many tools such as FSL and SPM cannot deal with int64 in Nifti images, so for compatibility the data has been converted to int32.
  return new_img_like(mask_img, unmasked, affine)
Network 6 - Default Mode: 50 voxels done Correlation: 0.3012092276247093
Network 6 - Default Mode: 150 voxels done Correlation: 0.3554440070321314
Network 6 - Default Mode: 250 voxels done Correlation: 0.3864720415719689
Network 6 - Default Mode: 500 voxels done Correlation: 0.3679065168656199
Network 6 - Default Mode: 750 voxels done Correlation: 0.323892629291212
Network 6 - Default Mode: 1000 voxels done Correlation: 0.3545274013509032
Network 6 - Default Mode: 1500 voxels done Correlation: 0.37397838024685914
Network 6 - Default Mode: 3000 voxels done Correlation: 0.40681453806817536
Network 6 - Default Mode: 5000 voxels done Correlation: 0.411718346537401
Network 6 - Default Mode: 6500 voxels done Correlation: 0.3987919869501255
Network 6 - Default Mode: 10000 voxels done Correlation: 0.400634581404236
Network 6 - Default Mode: 15000 voxels done Correlation: 0.4071428944453979
Network 6 - Default Mode: 25000 voxels done Correlation: 0.4048817354762374
/home/fhopp/.conda/envs/mjs/lib/python3.8/site-packages/nilearn/masking.py:980: UserWarning: Data array used to create a new image contains 64-bit ints. This is likely due to creating the array with numpy and passing `int` as the `dtype`. Many tools such as FSL and SPM cannot deal with int64 in Nifti images, so for compatibility the data has been converted to int32.
  return new_img_like(mask_img, unmasked, affine)
Network 7 - Subcortical: 50 voxels done Correlation: 0.15898415985702102
Network 7 - Subcortical: 150 voxels done Correlation: 0.1163275324084608
Network 7 - Subcortical: 250 voxels done Correlation: 0.24508100804106614
Network 7 - Subcortical: 500 voxels done Correlation: 0.2049437522479685
Network 7 - Subcortical: 750 voxels done Correlation: 0.20781234401390997
Network 7 - Subcortical: 1000 voxels done Correlation: 0.21882942766617286
Network 7 - Subcortical: 1500 voxels done Correlation: 0.16440701306237965
Network 7 - Subcortical: 3000 voxels done Correlation: 0.166066191158654
Network 7 - Subcortical: 5000 voxels done Correlation: 0.17069363201839283
Network 7 - Subcortical: 6500 voxels done Correlation: 0.15749210617175574
Network 7 - Subcortical: 10000 voxels done Correlation: 0.167147506507549
Network 8 - Consciousness: 50 voxels done Correlation: 0.21816410401189484
Network 8 - Consciousness: 150 voxels done Correlation: 0.3361930665938443
Network 8 - Consciousness: 250 voxels done Correlation: 0.31068253315436867
Network 8 - Consciousness: 500 voxels done Correlation: 0.3925805054395687
Network 8 - Consciousness: 750 voxels done Correlation: 0.40990607108773075
Network 8 - Consciousness: 1000 voxels done Correlation: 0.3287806700111586
Network 8 - Consciousness: 1500 voxels done Correlation: 0.42289144618572916
Network 8 - Consciousness: 3000 voxels done Correlation: 0.45593204546208177
Network 8 - Consciousness: 5000 voxels done Correlation: 0.4333864094000317
Network 8 - Consciousness: 6500 voxels done Correlation: 0.4507747739047063
Network 8 - Consciousness: 10000 voxels done Correlation: 0.4697296741971294
Network 8 - Consciousness: 15000 voxels done Correlation: 0.4627250964217037
Network 8 - Consciousness: 25000 voxels done Correlation: 0.4657637869973335
Network 8 - Consciousness: 50000 voxels done Correlation: 0.4667311854151076
