Running job on: ada
Iteration: 291
Starting spatial evaluation...
/home/fhopp/.conda/envs/mjs/lib/python3.8/site-packages/nilearn/maskers/nifti_masker.py:110: UserWarning: imgs are being resampled to the mask_img resolution. This process is memory intensive. You might want to provide a target_affine that is equal to the affine of the imgs or resample the mask beforehand to save memory and computation time.
  warnings.warn(
/home/fhopp/.conda/envs/mjs/lib/python3.8/site-packages/nilearn/masking.py:980: UserWarning: Data array used to create a new image contains 64-bit ints. This is likely due to creating the array with numpy and passing `int` as the `dtype`. Many tools such as FSL and SPM cannot deal with int64 in Nifti images, so for compatibility the data has been converted to int32.
  return new_img_like(mask_img, unmasked, affine)
Network 0 - Visual: 50 voxels done Correlation: 0.6394049720266533
Network 0 - Visual: 150 voxels done Correlation: 0.6278763496639745
Network 0 - Visual: 250 voxels done Correlation: 0.5400756910682781
Network 0 - Visual: 500 voxels done Correlation: 0.6163854272274869
Network 0 - Visual: 750 voxels done Correlation: 0.5598576216211657
Network 0 - Visual: 1000 voxels done Correlation: 0.5852480762237952
Network 0 - Visual: 1500 voxels done Correlation: 0.6135058857414281
Network 0 - Visual: 3000 voxels done Correlation: 0.6459960287349691
Network 0 - Visual: 5000 voxels done Correlation: 0.6045517228356887
Network 0 - Visual: 6500 voxels done Correlation: 0.6260502733080089
Network 0 - Visual: 10000 voxels done Correlation: 0.6199954091395763
Network 0 - Visual: 15000 voxels done Correlation: 0.6290892910967423
/home/fhopp/.conda/envs/mjs/lib/python3.8/site-packages/nilearn/masking.py:980: UserWarning: Data array used to create a new image contains 64-bit ints. This is likely due to creating the array with numpy and passing `int` as the `dtype`. Many tools such as FSL and SPM cannot deal with int64 in Nifti images, so for compatibility the data has been converted to int32.
  return new_img_like(mask_img, unmasked, affine)
Network 1 - Somatomotor: 50 voxels done Correlation: 0.22952527570790365
Network 1 - Somatomotor: 150 voxels done Correlation: 0.324225090660998
Network 1 - Somatomotor: 250 voxels done Correlation: 0.20832193057857595
Network 1 - Somatomotor: 500 voxels done Correlation: 0.3722034247233179
Network 1 - Somatomotor: 750 voxels done Correlation: 0.3796031104726192
Network 1 - Somatomotor: 1000 voxels done Correlation: 0.32767181426914205
Network 1 - Somatomotor: 1500 voxels done Correlation: 0.34853799142003433
Network 1 - Somatomotor: 3000 voxels done Correlation: 0.3683179022702021
Network 1 - Somatomotor: 5000 voxels done Correlation: 0.33939383279462443
Network 1 - Somatomotor: 6500 voxels done Correlation: 0.3377533044693361
Network 1 - Somatomotor: 10000 voxels done Correlation: 0.3484052423277778
Network 1 - Somatomotor: 15000 voxels done Correlation: 0.3434164498630266
/home/fhopp/.conda/envs/mjs/lib/python3.8/site-packages/nilearn/masking.py:980: UserWarning: Data array used to create a new image contains 64-bit ints. This is likely due to creating the array with numpy and passing `int` as the `dtype`. Many tools such as FSL and SPM cannot deal with int64 in Nifti images, so for compatibility the data has been converted to int32.
  return new_img_like(mask_img, unmasked, affine)
Network 2 - dAttention: 50 voxels done Correlation: 0.23949650541459866
Network 2 - dAttention: 150 voxels done Correlation: 0.2835904492152878
Network 2 - dAttention: 250 voxels done Correlation: 0.3595774358723815
Network 2 - dAttention: 500 voxels done Correlation: 0.3584834824977283
Network 2 - dAttention: 750 voxels done Correlation: 0.36522993572506424
Network 2 - dAttention: 1000 voxels done Correlation: 0.32487510663895564
Network 2 - dAttention: 1500 voxels done Correlation: 0.33911896633642574
Network 2 - dAttention: 3000 voxels done Correlation: 0.35374688705890933
Network 2 - dAttention: 5000 voxels done Correlation: 0.3089254023605813
Network 2 - dAttention: 6500 voxels done Correlation: 0.3369057336122022
Network 2 - dAttention: 10000 voxels done Correlation: 0.33089301388441683
Network 2 - dAttention: 15000 voxels done Correlation: 0.32886971048235136
/home/fhopp/.conda/envs/mjs/lib/python3.8/site-packages/nilearn/masking.py:980: UserWarning: Data array used to create a new image contains 64-bit ints. This is likely due to creating the array with numpy and passing `int` as the `dtype`. Many tools such as FSL and SPM cannot deal with int64 in Nifti images, so for compatibility the data has been converted to int32.
  return new_img_like(mask_img, unmasked, affine)
Network 3 - vAttention: 50 voxels done Correlation: 0.1412982422910481
Network 3 - vAttention: 150 voxels done Correlation: 0.27191462851024867
Network 3 - vAttention: 250 voxels done Correlation: 0.30604067096882287
Network 3 - vAttention: 500 voxels done Correlation: 0.3279945412814891
Network 3 - vAttention: 750 voxels done Correlation: 0.2985281856939367
Network 3 - vAttention: 1000 voxels done Correlation: 0.3606385516812284
Network 3 - vAttention: 1500 voxels done Correlation: 0.3173951002185313
Network 3 - vAttention: 3000 voxels done Correlation: 0.3743477262082048
Network 3 - vAttention: 5000 voxels done Correlation: 0.39655198473395525
Network 3 - vAttention: 6500 voxels done Correlation: 0.3723471056209956
Network 3 - vAttention: 10000 voxels done Correlation: 0.3865409530266814
Network 3 - vAttention: 15000 voxels done Correlation: 0.3883874200044053
/home/fhopp/.conda/envs/mjs/lib/python3.8/site-packages/nilearn/masking.py:980: UserWarning: Data array used to create a new image contains 64-bit ints. This is likely due to creating the array with numpy and passing `int` as the `dtype`. Many tools such as FSL and SPM cannot deal with int64 in Nifti images, so for compatibility the data has been converted to int32.
  return new_img_like(mask_img, unmasked, affine)
Network 4 - Limbic: 50 voxels done Correlation: 0.1539599517901287
Network 4 - Limbic: 150 voxels done Correlation: 0.26290308128842654
Network 4 - Limbic: 250 voxels done Correlation: 0.3102442206266187
Network 4 - Limbic: 500 voxels done Correlation: 0.2629518747809237
Network 4 - Limbic: 750 voxels done Correlation: 0.23777747253433107
Network 4 - Limbic: 1000 voxels done Correlation: 0.25490539557149205
Network 4 - Limbic: 1500 voxels done Correlation: 0.2345695283618887
Network 4 - Limbic: 3000 voxels done Correlation: 0.3030493147730092
Network 4 - Limbic: 5000 voxels done Correlation: 0.29389879495041143
Network 4 - Limbic: 6500 voxels done Correlation: 0.298373293609684
Network 4 - Limbic: 10000 voxels done Correlation: 0.29487916639297607
/home/fhopp/.conda/envs/mjs/lib/python3.8/site-packages/nilearn/masking.py:980: UserWarning: Data array used to create a new image contains 64-bit ints. This is likely due to creating the array with numpy and passing `int` as the `dtype`. Many tools such as FSL and SPM cannot deal with int64 in Nifti images, so for compatibility the data has been converted to int32.
  return new_img_like(mask_img, unmasked, affine)
Network 5 - Frontoparietal: 50 voxels done Correlation: 0.1518926421139563
Network 5 - Frontoparietal: 150 voxels done Correlation: 0.1611158809027698
Network 5 - Frontoparietal: 250 voxels done Correlation: 0.1949526102680671
Network 5 - Frontoparietal: 500 voxels done Correlation: 0.24029929679641848
Network 5 - Frontoparietal: 750 voxels done Correlation: 0.2193287050008965
Network 5 - Frontoparietal: 1000 voxels done Correlation: 0.20258192301861533
Network 5 - Frontoparietal: 1500 voxels done Correlation: 0.179102060727307
Network 5 - Frontoparietal: 3000 voxels done Correlation: 0.2189564395650506
Network 5 - Frontoparietal: 5000 voxels done Correlation: 0.23215828521645843
Network 5 - Frontoparietal: 6500 voxels done Correlation: 0.23790165430983012
Network 5 - Frontoparietal: 10000 voxels done Correlation: 0.23752713774631007
Network 5 - Frontoparietal: 15000 voxels done Correlation: 0.23566280569395515
/home/fhopp/.conda/envs/mjs/lib/python3.8/site-packages/nilearn/masking.py:980: UserWarning: Data array used to create a new image contains 64-bit ints. This is likely due to creating the array with numpy and passing `int` as the `dtype`. Many tools such as FSL and SPM cannot deal with int64 in Nifti images, so for compatibility the data has been converted to int32.
  return new_img_like(mask_img, unmasked, affine)
Network 6 - Default Mode: 50 voxels done Correlation: 0.3183707407147891
Network 6 - Default Mode: 150 voxels done Correlation: 0.32867068060744703
Network 6 - Default Mode: 250 voxels done Correlation: 0.3324525793684947
Network 6 - Default Mode: 500 voxels done Correlation: 0.3860193479645695
Network 6 - Default Mode: 750 voxels done Correlation: 0.3807046574972779
Network 6 - Default Mode: 1000 voxels done Correlation: 0.4093763931315695
Network 6 - Default Mode: 1500 voxels done Correlation: 0.3132148710126101
Network 6 - Default Mode: 3000 voxels done Correlation: 0.4335719427358872
Network 6 - Default Mode: 5000 voxels done Correlation: 0.40397301043278516
Network 6 - Default Mode: 6500 voxels done Correlation: 0.4059620478769316
Network 6 - Default Mode: 10000 voxels done Correlation: 0.4262566044627166
Network 6 - Default Mode: 15000 voxels done Correlation: 0.4068721169835353
Network 6 - Default Mode: 25000 voxels done Correlation: 0.41166656565107135
/home/fhopp/.conda/envs/mjs/lib/python3.8/site-packages/nilearn/masking.py:980: UserWarning: Data array used to create a new image contains 64-bit ints. This is likely due to creating the array with numpy and passing `int` as the `dtype`. Many tools such as FSL and SPM cannot deal with int64 in Nifti images, so for compatibility the data has been converted to int32.
  return new_img_like(mask_img, unmasked, affine)
Network 7 - Subcortical: 50 voxels done Correlation: 0.17121323047466763
Network 7 - Subcortical: 150 voxels done Correlation: 0.23199062684871888
Network 7 - Subcortical: 250 voxels done Correlation: 0.15213283320142554
Network 7 - Subcortical: 500 voxels done Correlation: 0.21781495883050803
Network 7 - Subcortical: 750 voxels done Correlation: 0.23889351046999246
Network 7 - Subcortical: 1000 voxels done Correlation: 0.2117340670901806
Network 7 - Subcortical: 1500 voxels done Correlation: 0.22802691129311292
Network 7 - Subcortical: 3000 voxels done Correlation: 0.21374796694167578
Network 7 - Subcortical: 5000 voxels done Correlation: 0.16740548019364546
Network 7 - Subcortical: 6500 voxels done Correlation: 0.16516366096043605
Network 7 - Subcortical: 10000 voxels done Correlation: 0.1646348956382931
Network 8 - Consciousness: 50 voxels done Correlation: 0.24609976052218646
Network 8 - Consciousness: 150 voxels done Correlation: 0.3628599708370268
Network 8 - Consciousness: 250 voxels done Correlation: 0.3561402158837467
Network 8 - Consciousness: 500 voxels done Correlation: 0.4228194885777229
Network 8 - Consciousness: 750 voxels done Correlation: 0.38185840711174
Network 8 - Consciousness: 1000 voxels done Correlation: 0.3217158010106378
Network 8 - Consciousness: 1500 voxels done Correlation: 0.4660680567193961
Network 8 - Consciousness: 3000 voxels done Correlation: 0.4708465802330682
Network 8 - Consciousness: 5000 voxels done Correlation: 0.4419593720266271
Network 8 - Consciousness: 6500 voxels done Correlation: 0.4531394261981533
Network 8 - Consciousness: 10000 voxels done Correlation: 0.4600743272007579
Network 8 - Consciousness: 15000 voxels done Correlation: 0.4600891164238672
Network 8 - Consciousness: 25000 voxels done Correlation: 0.4669328917468957
Network 8 - Consciousness: 50000 voxels done Correlation: 0.4662622798064399
