Running job on: wood
Iteration: 993
Starting spatial evaluation...
/home/fhopp/.conda/envs/mjs/lib/python3.8/site-packages/nilearn/maskers/nifti_masker.py:110: UserWarning: imgs are being resampled to the mask_img resolution. This process is memory intensive. You might want to provide a target_affine that is equal to the affine of the imgs or resample the mask beforehand to save memory and computation time.
  warnings.warn(
/home/fhopp/.conda/envs/mjs/lib/python3.8/site-packages/nilearn/masking.py:980: UserWarning: Data array used to create a new image contains 64-bit ints. This is likely due to creating the array with numpy and passing `int` as the `dtype`. Many tools such as FSL and SPM cannot deal with int64 in Nifti images, so for compatibility the data has been converted to int32.
  return new_img_like(mask_img, unmasked, affine)
Network 0 - Visual: 50 voxels done Correlation: 0.6477698201621385
Network 0 - Visual: 150 voxels done Correlation: 0.6485209703413151
Network 0 - Visual: 250 voxels done Correlation: 0.516367791954537
Network 0 - Visual: 500 voxels done Correlation: 0.5833528377561619
Network 0 - Visual: 750 voxels done Correlation: 0.6073316021023745
Network 0 - Visual: 1000 voxels done Correlation: 0.5876694887533496
Network 0 - Visual: 1500 voxels done Correlation: 0.6129068894086678
Network 0 - Visual: 3000 voxels done Correlation: 0.6159098777867371
Network 0 - Visual: 5000 voxels done Correlation: 0.6156477320753191
Network 0 - Visual: 6500 voxels done Correlation: 0.6167849105808954
Network 0 - Visual: 10000 voxels done Correlation: 0.6285197875254407
Network 0 - Visual: 15000 voxels done Correlation: 0.6302607522314385
/home/fhopp/.conda/envs/mjs/lib/python3.8/site-packages/nilearn/masking.py:980: UserWarning: Data array used to create a new image contains 64-bit ints. This is likely due to creating the array with numpy and passing `int` as the `dtype`. Many tools such as FSL and SPM cannot deal with int64 in Nifti images, so for compatibility the data has been converted to int32.
  return new_img_like(mask_img, unmasked, affine)
Network 1 - Somatomotor: 50 voxels done Correlation: 0.3461667153679645
Network 1 - Somatomotor: 150 voxels done Correlation: 0.3096162769977637
Network 1 - Somatomotor: 250 voxels done Correlation: 0.27670642600385464
Network 1 - Somatomotor: 500 voxels done Correlation: 0.33394901659395926
Network 1 - Somatomotor: 750 voxels done Correlation: 0.3790977955223993
Network 1 - Somatomotor: 1000 voxels done Correlation: 0.33838949205570423
Network 1 - Somatomotor: 1500 voxels done Correlation: 0.29072032965197614
Network 1 - Somatomotor: 3000 voxels done Correlation: 0.3484959764393752
Network 1 - Somatomotor: 5000 voxels done Correlation: 0.34503286425129354
Network 1 - Somatomotor: 6500 voxels done Correlation: 0.34466909952697317
Network 1 - Somatomotor: 10000 voxels done Correlation: 0.3439109198138564
Network 1 - Somatomotor: 15000 voxels done Correlation: 0.34455969131690145
/home/fhopp/.conda/envs/mjs/lib/python3.8/site-packages/nilearn/masking.py:980: UserWarning: Data array used to create a new image contains 64-bit ints. This is likely due to creating the array with numpy and passing `int` as the `dtype`. Many tools such as FSL and SPM cannot deal with int64 in Nifti images, so for compatibility the data has been converted to int32.
  return new_img_like(mask_img, unmasked, affine)
Network 2 - dAttention: 50 voxels done Correlation: 0.2914083059673616
Network 2 - dAttention: 150 voxels done Correlation: 0.31412644982670357
Network 2 - dAttention: 250 voxels done Correlation: 0.3885055581764649
Network 2 - dAttention: 500 voxels done Correlation: 0.3008679731507507
Network 2 - dAttention: 750 voxels done Correlation: 0.34091600794328136
Network 2 - dAttention: 1000 voxels done Correlation: 0.284117823250306
Network 2 - dAttention: 1500 voxels done Correlation: 0.3330856424137739
Network 2 - dAttention: 3000 voxels done Correlation: 0.31720925361185315
Network 2 - dAttention: 5000 voxels done Correlation: 0.3268515250580065
Network 2 - dAttention: 6500 voxels done Correlation: 0.34211693253502595
Network 2 - dAttention: 10000 voxels done Correlation: 0.3228900027748313
Network 2 - dAttention: 15000 voxels done Correlation: 0.3330422414877009
/home/fhopp/.conda/envs/mjs/lib/python3.8/site-packages/nilearn/masking.py:980: UserWarning: Data array used to create a new image contains 64-bit ints. This is likely due to creating the array with numpy and passing `int` as the `dtype`. Many tools such as FSL and SPM cannot deal with int64 in Nifti images, so for compatibility the data has been converted to int32.
  return new_img_like(mask_img, unmasked, affine)
Network 3 - vAttention: 50 voxels done Correlation: 0.2550783152844436
Network 3 - vAttention: 150 voxels done Correlation: 0.369430242417349
Network 3 - vAttention: 250 voxels done Correlation: 0.2620670485771113
Network 3 - vAttention: 500 voxels done Correlation: 0.2745315362581884
Network 3 - vAttention: 750 voxels done Correlation: 0.33637400766792613
Network 3 - vAttention: 1000 voxels done Correlation: 0.3262775973051093
Network 3 - vAttention: 1500 voxels done Correlation: 0.36507086340579165
Network 3 - vAttention: 3000 voxels done Correlation: 0.35798157538970954
Network 3 - vAttention: 5000 voxels done Correlation: 0.38946032853268137
Network 3 - vAttention: 6500 voxels done Correlation: 0.3982900873692999
Network 3 - vAttention: 10000 voxels done Correlation: 0.38474134231119195
Network 3 - vAttention: 15000 voxels done Correlation: 0.3895945595629351
/home/fhopp/.conda/envs/mjs/lib/python3.8/site-packages/nilearn/masking.py:980: UserWarning: Data array used to create a new image contains 64-bit ints. This is likely due to creating the array with numpy and passing `int` as the `dtype`. Many tools such as FSL and SPM cannot deal with int64 in Nifti images, so for compatibility the data has been converted to int32.
  return new_img_like(mask_img, unmasked, affine)
Network 4 - Limbic: 50 voxels done Correlation: 0.19232222822254844
Network 4 - Limbic: 150 voxels done Correlation: 0.22828107106626988
Network 4 - Limbic: 250 voxels done Correlation: 0.1894666414642607
Network 4 - Limbic: 500 voxels done Correlation: 0.2686569819685885
Network 4 - Limbic: 750 voxels done Correlation: 0.19576119234686665
Network 4 - Limbic: 1000 voxels done Correlation: 0.286517943461958
Network 4 - Limbic: 1500 voxels done Correlation: 0.2753426159468448
Network 4 - Limbic: 3000 voxels done Correlation: 0.2735586782966272
Network 4 - Limbic: 5000 voxels done Correlation: 0.2737896680113601
Network 4 - Limbic: 6500 voxels done Correlation: 0.28932384671322675
Network 4 - Limbic: 10000 voxels done Correlation: 0.2876844972255942
/home/fhopp/.conda/envs/mjs/lib/python3.8/site-packages/nilearn/masking.py:980: UserWarning: Data array used to create a new image contains 64-bit ints. This is likely due to creating the array with numpy and passing `int` as the `dtype`. Many tools such as FSL and SPM cannot deal with int64 in Nifti images, so for compatibility the data has been converted to int32.
  return new_img_like(mask_img, unmasked, affine)
Network 5 - Frontoparietal: 50 voxels done Correlation: 0.16798570755202422
Network 5 - Frontoparietal: 150 voxels done Correlation: 0.23987310457628558
Network 5 - Frontoparietal: 250 voxels done Correlation: 0.22171178587794982
Network 5 - Frontoparietal: 500 voxels done Correlation: 0.24925543676670497
Network 5 - Frontoparietal: 750 voxels done Correlation: 0.1892089899253529
Network 5 - Frontoparietal: 1000 voxels done Correlation: 0.21041484945988798
Network 5 - Frontoparietal: 1500 voxels done Correlation: 0.2664953799499472
Network 5 - Frontoparietal: 3000 voxels done Correlation: 0.22309505372236654
Network 5 - Frontoparietal: 5000 voxels done Correlation: 0.22875309734336846
Network 5 - Frontoparietal: 6500 voxels done Correlation: 0.24493865753546173
Network 5 - Frontoparietal: 10000 voxels done Correlation: 0.23779499426732031
Network 5 - Frontoparietal: 15000 voxels done Correlation: 0.23589878838758577
/home/fhopp/.conda/envs/mjs/lib/python3.8/site-packages/nilearn/masking.py:980: UserWarning: Data array used to create a new image contains 64-bit ints. This is likely due to creating the array with numpy and passing `int` as the `dtype`. Many tools such as FSL and SPM cannot deal with int64 in Nifti images, so for compatibility the data has been converted to int32.
  return new_img_like(mask_img, unmasked, affine)
Network 6 - Default Mode: 50 voxels done Correlation: 0.18580165214851813
Network 6 - Default Mode: 150 voxels done Correlation: 0.3000650696892955
Network 6 - Default Mode: 250 voxels done Correlation: 0.3744753499225406
Network 6 - Default Mode: 500 voxels done Correlation: 0.272897639473049
Network 6 - Default Mode: 750 voxels done Correlation: 0.36862093147206754
Network 6 - Default Mode: 1000 voxels done Correlation: 0.32919507382528823
Network 6 - Default Mode: 1500 voxels done Correlation: 0.44502039161355067
Network 6 - Default Mode: 3000 voxels done Correlation: 0.3909975923826756
Network 6 - Default Mode: 5000 voxels done Correlation: 0.4133921930714274
Network 6 - Default Mode: 6500 voxels done Correlation: 0.3983060426766941
Network 6 - Default Mode: 10000 voxels done Correlation: 0.402863967891065
Network 6 - Default Mode: 15000 voxels done Correlation: 0.39583946426694516
Network 6 - Default Mode: 25000 voxels done Correlation: 0.4094327402565152
/home/fhopp/.conda/envs/mjs/lib/python3.8/site-packages/nilearn/masking.py:980: UserWarning: Data array used to create a new image contains 64-bit ints. This is likely due to creating the array with numpy and passing `int` as the `dtype`. Many tools such as FSL and SPM cannot deal with int64 in Nifti images, so for compatibility the data has been converted to int32.
  return new_img_like(mask_img, unmasked, affine)
Network 7 - Subcortical: 50 voxels done Correlation: 0.11004140626423281
Network 7 - Subcortical: 150 voxels done Correlation: 0.18712822619751068
Network 7 - Subcortical: 250 voxels done Correlation: 0.2176451925619713
Network 7 - Subcortical: 500 voxels done Correlation: 0.27695831541249316
Network 7 - Subcortical: 750 voxels done Correlation: 0.205701337883842
Network 7 - Subcortical: 1000 voxels done Correlation: 0.23605962908143352
Network 7 - Subcortical: 1500 voxels done Correlation: 0.15484075397371036
Network 7 - Subcortical: 3000 voxels done Correlation: 0.15849789135883638
Network 7 - Subcortical: 5000 voxels done Correlation: 0.1626653024010895
Network 7 - Subcortical: 6500 voxels done Correlation: 0.17225202473272191
Network 7 - Subcortical: 10000 voxels done Correlation: 0.16209145795816865
Network 8 - Consciousness: 50 voxels done Correlation: 0.26133514704018623
Network 8 - Consciousness: 150 voxels done Correlation: 0.358392438554026
Network 8 - Consciousness: 250 voxels done Correlation: 0.3019297390160328
Network 8 - Consciousness: 500 voxels done Correlation: 0.379303492273792
Network 8 - Consciousness: 750 voxels done Correlation: 0.36194880453610717
Network 8 - Consciousness: 1000 voxels done Correlation: 0.41772671874252176
Network 8 - Consciousness: 1500 voxels done Correlation: 0.4508236793384799
Network 8 - Consciousness: 3000 voxels done Correlation: 0.4525507002805571
Network 8 - Consciousness: 5000 voxels done Correlation: 0.4274969446617643
Network 8 - Consciousness: 6500 voxels done Correlation: 0.4719605574980208
Network 8 - Consciousness: 10000 voxels done Correlation: 0.4791305517234187
Network 8 - Consciousness: 15000 voxels done Correlation: 0.44658398504142716
Network 8 - Consciousness: 25000 voxels done Correlation: 0.46568607866803524
Network 8 - Consciousness: 50000 voxels done Correlation: 0.46608842731473005
