Running job on: wood
Iteration: 15
Starting spatial evaluation...
/home/fhopp/.conda/envs/mjs/lib/python3.8/site-packages/nilearn/maskers/nifti_masker.py:110: UserWarning: imgs are being resampled to the mask_img resolution. This process is memory intensive. You might want to provide a target_affine that is equal to the affine of the imgs or resample the mask beforehand to save memory and computation time.
  warnings.warn(
/home/fhopp/.conda/envs/mjs/lib/python3.8/site-packages/nilearn/masking.py:980: UserWarning: Data array used to create a new image contains 64-bit ints. This is likely due to creating the array with numpy and passing `int` as the `dtype`. Many tools such as FSL and SPM cannot deal with int64 in Nifti images, so for compatibility the data has been converted to int32.
  return new_img_like(mask_img, unmasked, affine)
Network 0 - Visual: 50 voxels done Correlation: 0.6234718453241825
Network 0 - Visual: 150 voxels done Correlation: 0.5761786099567974
Network 0 - Visual: 250 voxels done Correlation: 0.6267349246931948
Network 0 - Visual: 500 voxels done Correlation: 0.5551533240324726
Network 0 - Visual: 750 voxels done Correlation: 0.6035396411383003
Network 0 - Visual: 1000 voxels done Correlation: 0.5974362314100317
Network 0 - Visual: 1500 voxels done Correlation: 0.6139555577849076
Network 0 - Visual: 3000 voxels done Correlation: 0.6050885339906744
Network 0 - Visual: 5000 voxels done Correlation: 0.6229591411586894
Network 0 - Visual: 6500 voxels done Correlation: 0.6242002466310438
Network 0 - Visual: 10000 voxels done Correlation: 0.6317697405147182
Network 0 - Visual: 15000 voxels done Correlation: 0.6290871850513756
/home/fhopp/.conda/envs/mjs/lib/python3.8/site-packages/nilearn/masking.py:980: UserWarning: Data array used to create a new image contains 64-bit ints. This is likely due to creating the array with numpy and passing `int` as the `dtype`. Many tools such as FSL and SPM cannot deal with int64 in Nifti images, so for compatibility the data has been converted to int32.
  return new_img_like(mask_img, unmasked, affine)
Network 1 - Somatomotor: 50 voxels done Correlation: 0.27298485130039285
Network 1 - Somatomotor: 150 voxels done Correlation: 0.3303913491362944
Network 1 - Somatomotor: 250 voxels done Correlation: 0.3654442074626759
Network 1 - Somatomotor: 500 voxels done Correlation: 0.28767831586193665
Network 1 - Somatomotor: 750 voxels done Correlation: 0.3328538540836362
Network 1 - Somatomotor: 1000 voxels done Correlation: 0.30988365652317873
Network 1 - Somatomotor: 1500 voxels done Correlation: 0.3522047550469205
Network 1 - Somatomotor: 3000 voxels done Correlation: 0.34247787607880614
Network 1 - Somatomotor: 5000 voxels done Correlation: 0.35782984409408813
Network 1 - Somatomotor: 6500 voxels done Correlation: 0.3410493193609629
Network 1 - Somatomotor: 10000 voxels done Correlation: 0.352753217922204
Network 1 - Somatomotor: 15000 voxels done Correlation: 0.34548536600202095
/home/fhopp/.conda/envs/mjs/lib/python3.8/site-packages/nilearn/masking.py:980: UserWarning: Data array used to create a new image contains 64-bit ints. This is likely due to creating the array with numpy and passing `int` as the `dtype`. Many tools such as FSL and SPM cannot deal with int64 in Nifti images, so for compatibility the data has been converted to int32.
  return new_img_like(mask_img, unmasked, affine)
Network 2 - dAttention: 50 voxels done Correlation: 0.27850042366227346
Network 2 - dAttention: 150 voxels done Correlation: 0.3081252611677406
Network 2 - dAttention: 250 voxels done Correlation: 0.3338594332497717
Network 2 - dAttention: 500 voxels done Correlation: 0.289552394593237
Network 2 - dAttention: 750 voxels done Correlation: 0.30660190196386694
Network 2 - dAttention: 1000 voxels done Correlation: 0.28779782701593776
Network 2 - dAttention: 1500 voxels done Correlation: 0.31082622818883227
Network 2 - dAttention: 3000 voxels done Correlation: 0.3472809864423751
Network 2 - dAttention: 5000 voxels done Correlation: 0.33924748413168593
Network 2 - dAttention: 6500 voxels done Correlation: 0.3324652998847851
Network 2 - dAttention: 10000 voxels done Correlation: 0.3488477204864393
Network 2 - dAttention: 15000 voxels done Correlation: 0.33401527560186367
/home/fhopp/.conda/envs/mjs/lib/python3.8/site-packages/nilearn/masking.py:980: UserWarning: Data array used to create a new image contains 64-bit ints. This is likely due to creating the array with numpy and passing `int` as the `dtype`. Many tools such as FSL and SPM cannot deal with int64 in Nifti images, so for compatibility the data has been converted to int32.
  return new_img_like(mask_img, unmasked, affine)
Network 3 - vAttention: 50 voxels done Correlation: 0.1776837745056465
Network 3 - vAttention: 150 voxels done Correlation: 0.283271518773467
Network 3 - vAttention: 250 voxels done Correlation: 0.33812974927064005
Network 3 - vAttention: 500 voxels done Correlation: 0.29939751148371035
Network 3 - vAttention: 750 voxels done Correlation: 0.35359001041766724
Network 3 - vAttention: 1000 voxels done Correlation: 0.357628381491062
Network 3 - vAttention: 1500 voxels done Correlation: 0.3970537824285827
Network 3 - vAttention: 3000 voxels done Correlation: 0.368596989037233
Network 3 - vAttention: 5000 voxels done Correlation: 0.3710104066726667
Network 3 - vAttention: 6500 voxels done Correlation: 0.3801133579126804
Network 3 - vAttention: 10000 voxels done Correlation: 0.38107087313389326
Network 3 - vAttention: 15000 voxels done Correlation: 0.38954126330423794
/home/fhopp/.conda/envs/mjs/lib/python3.8/site-packages/nilearn/masking.py:980: UserWarning: Data array used to create a new image contains 64-bit ints. This is likely due to creating the array with numpy and passing `int` as the `dtype`. Many tools such as FSL and SPM cannot deal with int64 in Nifti images, so for compatibility the data has been converted to int32.
  return new_img_like(mask_img, unmasked, affine)
Network 4 - Limbic: 50 voxels done Correlation: 0.21502343566810062
Network 4 - Limbic: 150 voxels done Correlation: 0.20036458561136525
Network 4 - Limbic: 250 voxels done Correlation: 0.19267313868958075
Network 4 - Limbic: 500 voxels done Correlation: 0.305778079773747
Network 4 - Limbic: 750 voxels done Correlation: 0.28255884360105604
Network 4 - Limbic: 1000 voxels done Correlation: 0.246523505244226
Network 4 - Limbic: 1500 voxels done Correlation: 0.3082726184098077
Network 4 - Limbic: 3000 voxels done Correlation: 0.3080797702732594
Network 4 - Limbic: 5000 voxels done Correlation: 0.29115655782655003
Network 4 - Limbic: 6500 voxels done Correlation: 0.283282890454709
Network 4 - Limbic: 10000 voxels done Correlation: 0.2877913685715279
/home/fhopp/.conda/envs/mjs/lib/python3.8/site-packages/nilearn/masking.py:980: UserWarning: Data array used to create a new image contains 64-bit ints. This is likely due to creating the array with numpy and passing `int` as the `dtype`. Many tools such as FSL and SPM cannot deal with int64 in Nifti images, so for compatibility the data has been converted to int32.
  return new_img_like(mask_img, unmasked, affine)
Network 5 - Frontoparietal: 50 voxels done Correlation: 0.13663700017382888
Network 5 - Frontoparietal: 150 voxels done Correlation: 0.13634096673523566
Network 5 - Frontoparietal: 250 voxels done Correlation: 0.15266774345968628
Network 5 - Frontoparietal: 500 voxels done Correlation: 0.2189193672739428
Network 5 - Frontoparietal: 750 voxels done Correlation: 0.1899455098597162
Network 5 - Frontoparietal: 1000 voxels done Correlation: 0.2019520481883484
Network 5 - Frontoparietal: 1500 voxels done Correlation: 0.22730100370731812
Network 5 - Frontoparietal: 3000 voxels done Correlation: 0.2535799211800641
Network 5 - Frontoparietal: 5000 voxels done Correlation: 0.2387295572144964
Network 5 - Frontoparietal: 6500 voxels done Correlation: 0.23454599517985392
Network 5 - Frontoparietal: 10000 voxels done Correlation: 0.2376267398597192
Network 5 - Frontoparietal: 15000 voxels done Correlation: 0.2392800173191991
/home/fhopp/.conda/envs/mjs/lib/python3.8/site-packages/nilearn/masking.py:980: UserWarning: Data array used to create a new image contains 64-bit ints. This is likely due to creating the array with numpy and passing `int` as the `dtype`. Many tools such as FSL and SPM cannot deal with int64 in Nifti images, so for compatibility the data has been converted to int32.
  return new_img_like(mask_img, unmasked, affine)
Network 6 - Default Mode: 50 voxels done Correlation: 0.16946699729764977
Network 6 - Default Mode: 150 voxels done Correlation: 0.2589020105831131
Network 6 - Default Mode: 250 voxels done Correlation: 0.31607946295402034
Network 6 - Default Mode: 500 voxels done Correlation: 0.3221709572532875
Network 6 - Default Mode: 750 voxels done Correlation: 0.43762866923776245
Network 6 - Default Mode: 1000 voxels done Correlation: 0.4099951110977638
Network 6 - Default Mode: 1500 voxels done Correlation: 0.3827520385404602
Network 6 - Default Mode: 3000 voxels done Correlation: 0.36613176603703435
Network 6 - Default Mode: 5000 voxels done Correlation: 0.41076063899603366
Network 6 - Default Mode: 6500 voxels done Correlation: 0.4086300564282625
Network 6 - Default Mode: 10000 voxels done Correlation: 0.4195485404311074
Network 6 - Default Mode: 15000 voxels done Correlation: 0.4129885308033413
Network 6 - Default Mode: 25000 voxels done Correlation: 0.40759989786520656
/home/fhopp/.conda/envs/mjs/lib/python3.8/site-packages/nilearn/masking.py:980: UserWarning: Data array used to create a new image contains 64-bit ints. This is likely due to creating the array with numpy and passing `int` as the `dtype`. Many tools such as FSL and SPM cannot deal with int64 in Nifti images, so for compatibility the data has been converted to int32.
  return new_img_like(mask_img, unmasked, affine)
Network 7 - Subcortical: 50 voxels done Correlation: 0.15986097057884852
Network 7 - Subcortical: 150 voxels done Correlation: 0.24179079610452076
Network 7 - Subcortical: 250 voxels done Correlation: 0.2406256917832208
Network 7 - Subcortical: 500 voxels done Correlation: 0.23486393883836604
Network 7 - Subcortical: 750 voxels done Correlation: 0.24771139246332724
Network 7 - Subcortical: 1000 voxels done Correlation: 0.17830330082019186
Network 7 - Subcortical: 1500 voxels done Correlation: 0.19398851960579744
Network 7 - Subcortical: 3000 voxels done Correlation: 0.1864828566744393
Network 7 - Subcortical: 5000 voxels done Correlation: 0.17080612612960877
Network 7 - Subcortical: 6500 voxels done Correlation: 0.1739247261306074
Network 7 - Subcortical: 10000 voxels done Correlation: 0.16966557384534436
Network 8 - Consciousness: 50 voxels done Correlation: 0.2382949648447102
Network 8 - Consciousness: 150 voxels done Correlation: 0.33720494328186124
Network 8 - Consciousness: 250 voxels done Correlation: 0.34557753784375544
Network 8 - Consciousness: 500 voxels done Correlation: 0.3610522729843303
Network 8 - Consciousness: 750 voxels done Correlation: 0.37312351935903554
Network 8 - Consciousness: 1000 voxels done Correlation: 0.40325264858733506
Network 8 - Consciousness: 1500 voxels done Correlation: 0.4568666585804093
Network 8 - Consciousness: 3000 voxels done Correlation: 0.43817942487900285
Network 8 - Consciousness: 5000 voxels done Correlation: 0.4553168269299666
Network 8 - Consciousness: 6500 voxels done Correlation: 0.4819305069862283
Network 8 - Consciousness: 10000 voxels done Correlation: 0.44774031334735487
Network 8 - Consciousness: 15000 voxels done Correlation: 0.4723042184066023
Network 8 - Consciousness: 25000 voxels done Correlation: 0.4650862400662791
Network 8 - Consciousness: 50000 voxels done Correlation: 0.4661701451235441
