Running job on: easley
Iteration: 662
Starting spatial evaluation...
/home/fhopp/.conda/envs/mjs/lib/python3.8/site-packages/nilearn/maskers/nifti_masker.py:110: UserWarning: imgs are being resampled to the mask_img resolution. This process is memory intensive. You might want to provide a target_affine that is equal to the affine of the imgs or resample the mask beforehand to save memory and computation time.
  warnings.warn(
/home/fhopp/.conda/envs/mjs/lib/python3.8/site-packages/nilearn/masking.py:980: UserWarning: Data array used to create a new image contains 64-bit ints. This is likely due to creating the array with numpy and passing `int` as the `dtype`. Many tools such as FSL and SPM cannot deal with int64 in Nifti images, so for compatibility the data has been converted to int32.
  return new_img_like(mask_img, unmasked, affine)
Network 0 - Visual: 50 voxels done Correlation: 0.5776744152193491
Network 0 - Visual: 150 voxels done Correlation: 0.6643230679826511
Network 0 - Visual: 250 voxels done Correlation: 0.5371926320277223
Network 0 - Visual: 500 voxels done Correlation: 0.6047570639673034
Network 0 - Visual: 750 voxels done Correlation: 0.6346757447900141
Network 0 - Visual: 1000 voxels done Correlation: 0.6598659420000454
Network 0 - Visual: 1500 voxels done Correlation: 0.6173508701419582
Network 0 - Visual: 3000 voxels done Correlation: 0.6261476885862819
Network 0 - Visual: 5000 voxels done Correlation: 0.6168870555546899
Network 0 - Visual: 6500 voxels done Correlation: 0.635592464364759
Network 0 - Visual: 10000 voxels done Correlation: 0.6286263749214434
Network 0 - Visual: 15000 voxels done Correlation: 0.6277943181075156
/home/fhopp/.conda/envs/mjs/lib/python3.8/site-packages/nilearn/masking.py:980: UserWarning: Data array used to create a new image contains 64-bit ints. This is likely due to creating the array with numpy and passing `int` as the `dtype`. Many tools such as FSL and SPM cannot deal with int64 in Nifti images, so for compatibility the data has been converted to int32.
  return new_img_like(mask_img, unmasked, affine)
Network 1 - Somatomotor: 50 voxels done Correlation: 0.2682656287179635
Network 1 - Somatomotor: 150 voxels done Correlation: 0.3569210393078134
Network 1 - Somatomotor: 250 voxels done Correlation: 0.33719131154448745
Network 1 - Somatomotor: 500 voxels done Correlation: 0.30429145935183993
Network 1 - Somatomotor: 750 voxels done Correlation: 0.36108295353033204
Network 1 - Somatomotor: 1000 voxels done Correlation: 0.3553975540125395
Network 1 - Somatomotor: 1500 voxels done Correlation: 0.3676903712094765
Network 1 - Somatomotor: 3000 voxels done Correlation: 0.2900848784984771
Network 1 - Somatomotor: 5000 voxels done Correlation: 0.32364023943576115
Network 1 - Somatomotor: 6500 voxels done Correlation: 0.34337606717050806
Network 1 - Somatomotor: 10000 voxels done Correlation: 0.3378086157731113
Network 1 - Somatomotor: 15000 voxels done Correlation: 0.3447785482475817
/home/fhopp/.conda/envs/mjs/lib/python3.8/site-packages/nilearn/masking.py:980: UserWarning: Data array used to create a new image contains 64-bit ints. This is likely due to creating the array with numpy and passing `int` as the `dtype`. Many tools such as FSL and SPM cannot deal with int64 in Nifti images, so for compatibility the data has been converted to int32.
  return new_img_like(mask_img, unmasked, affine)
Network 2 - dAttention: 50 voxels done Correlation: 0.2544418247590283
Network 2 - dAttention: 150 voxels done Correlation: 0.2638005205030852
Network 2 - dAttention: 250 voxels done Correlation: 0.28797117103851605
Network 2 - dAttention: 500 voxels done Correlation: 0.35211249420153534
Network 2 - dAttention: 750 voxels done Correlation: 0.4040122754859813
Network 2 - dAttention: 1000 voxels done Correlation: 0.3390429105673368
Network 2 - dAttention: 1500 voxels done Correlation: 0.30741432714486855
Network 2 - dAttention: 3000 voxels done Correlation: 0.31277145202440715
Network 2 - dAttention: 5000 voxels done Correlation: 0.35524720666577536
Network 2 - dAttention: 6500 voxels done Correlation: 0.32616179943520596
Network 2 - dAttention: 10000 voxels done Correlation: 0.3363071675972537
Network 2 - dAttention: 15000 voxels done Correlation: 0.33025603837029627
/home/fhopp/.conda/envs/mjs/lib/python3.8/site-packages/nilearn/masking.py:980: UserWarning: Data array used to create a new image contains 64-bit ints. This is likely due to creating the array with numpy and passing `int` as the `dtype`. Many tools such as FSL and SPM cannot deal with int64 in Nifti images, so for compatibility the data has been converted to int32.
  return new_img_like(mask_img, unmasked, affine)
Network 3 - vAttention: 50 voxels done Correlation: 0.1602707989729925
Network 3 - vAttention: 150 voxels done Correlation: 0.31727175603177754
Network 3 - vAttention: 250 voxels done Correlation: 0.3658179879034402
Network 3 - vAttention: 500 voxels done Correlation: 0.37543498913398976
Network 3 - vAttention: 750 voxels done Correlation: 0.36272791020588824
Network 3 - vAttention: 1000 voxels done Correlation: 0.3232613262548589
Network 3 - vAttention: 1500 voxels done Correlation: 0.3636809329595715
Network 3 - vAttention: 3000 voxels done Correlation: 0.37246974416864786
Network 3 - vAttention: 5000 voxels done Correlation: 0.38263970913778467
Network 3 - vAttention: 6500 voxels done Correlation: 0.3806418439538709
Network 3 - vAttention: 10000 voxels done Correlation: 0.3871270749736415
Network 3 - vAttention: 15000 voxels done Correlation: 0.38738396051263624
/home/fhopp/.conda/envs/mjs/lib/python3.8/site-packages/nilearn/masking.py:980: UserWarning: Data array used to create a new image contains 64-bit ints. This is likely due to creating the array with numpy and passing `int` as the `dtype`. Many tools such as FSL and SPM cannot deal with int64 in Nifti images, so for compatibility the data has been converted to int32.
  return new_img_like(mask_img, unmasked, affine)
Network 4 - Limbic: 50 voxels done Correlation: 0.17987385593969182
Network 4 - Limbic: 150 voxels done Correlation: 0.18498406138418705
Network 4 - Limbic: 250 voxels done Correlation: 0.29493769577447887
Network 4 - Limbic: 500 voxels done Correlation: 0.24883382581541857
Network 4 - Limbic: 750 voxels done Correlation: 0.2380801573689552
Network 4 - Limbic: 1000 voxels done Correlation: 0.30865948856029457
Network 4 - Limbic: 1500 voxels done Correlation: 0.27004921229179163
Network 4 - Limbic: 3000 voxels done Correlation: 0.29957550621177254
Network 4 - Limbic: 5000 voxels done Correlation: 0.2737588663362692
Network 4 - Limbic: 6500 voxels done Correlation: 0.28915974692677426
Network 4 - Limbic: 10000 voxels done Correlation: 0.2832039750182126
/home/fhopp/.conda/envs/mjs/lib/python3.8/site-packages/nilearn/masking.py:980: UserWarning: Data array used to create a new image contains 64-bit ints. This is likely due to creating the array with numpy and passing `int` as the `dtype`. Many tools such as FSL and SPM cannot deal with int64 in Nifti images, so for compatibility the data has been converted to int32.
  return new_img_like(mask_img, unmasked, affine)
Network 5 - Frontoparietal: 50 voxels done Correlation: 0.2199730138216846
Network 5 - Frontoparietal: 150 voxels done Correlation: 0.17992729391175755
Network 5 - Frontoparietal: 250 voxels done Correlation: 0.25785327365800614
Network 5 - Frontoparietal: 500 voxels done Correlation: 0.2213179502846351
Network 5 - Frontoparietal: 750 voxels done Correlation: 0.20842706402991829
Network 5 - Frontoparietal: 1000 voxels done Correlation: 0.24631654777929513
Network 5 - Frontoparietal: 1500 voxels done Correlation: 0.19021728506065255
Network 5 - Frontoparietal: 3000 voxels done Correlation: 0.24753726365911224
Network 5 - Frontoparietal: 5000 voxels done Correlation: 0.22004736753756543
Network 5 - Frontoparietal: 6500 voxels done Correlation: 0.23287855320858714
Network 5 - Frontoparietal: 10000 voxels done Correlation: 0.23381759386626766
Network 5 - Frontoparietal: 15000 voxels done Correlation: 0.24088012106935586
/home/fhopp/.conda/envs/mjs/lib/python3.8/site-packages/nilearn/masking.py:980: UserWarning: Data array used to create a new image contains 64-bit ints. This is likely due to creating the array with numpy and passing `int` as the `dtype`. Many tools such as FSL and SPM cannot deal with int64 in Nifti images, so for compatibility the data has been converted to int32.
  return new_img_like(mask_img, unmasked, affine)
Network 6 - Default Mode: 50 voxels done Correlation: 0.3164893972209233
Network 6 - Default Mode: 150 voxels done Correlation: 0.31006451891086884
Network 6 - Default Mode: 250 voxels done Correlation: 0.3462944896706156
Network 6 - Default Mode: 500 voxels done Correlation: 0.42106060162520265
Network 6 - Default Mode: 750 voxels done Correlation: 0.36934572123862125
Network 6 - Default Mode: 1000 voxels done Correlation: 0.37598869327855944
Network 6 - Default Mode: 1500 voxels done Correlation: 0.411959702742011
Network 6 - Default Mode: 3000 voxels done Correlation: 0.3907735254767597
Network 6 - Default Mode: 5000 voxels done Correlation: 0.407444937151756
Network 6 - Default Mode: 6500 voxels done Correlation: 0.41397000704933895
Network 6 - Default Mode: 10000 voxels done Correlation: 0.4099016808537739
Network 6 - Default Mode: 15000 voxels done Correlation: 0.3929708003112621
Network 6 - Default Mode: 25000 voxels done Correlation: 0.4099945022394618
/home/fhopp/.conda/envs/mjs/lib/python3.8/site-packages/nilearn/masking.py:980: UserWarning: Data array used to create a new image contains 64-bit ints. This is likely due to creating the array with numpy and passing `int` as the `dtype`. Many tools such as FSL and SPM cannot deal with int64 in Nifti images, so for compatibility the data has been converted to int32.
  return new_img_like(mask_img, unmasked, affine)
Network 7 - Subcortical: 50 voxels done Correlation: 0.21498470232145403
Network 7 - Subcortical: 150 voxels done Correlation: 0.23153260031715728
Network 7 - Subcortical: 250 voxels done Correlation: 0.2069600780404306
Network 7 - Subcortical: 500 voxels done Correlation: 0.24887741608654693
Network 7 - Subcortical: 750 voxels done Correlation: 0.25392374260473666
Network 7 - Subcortical: 1000 voxels done Correlation: 0.21620205578425453
Network 7 - Subcortical: 1500 voxels done Correlation: 0.2013467566433269
Network 7 - Subcortical: 3000 voxels done Correlation: 0.17037525701666875
Network 7 - Subcortical: 5000 voxels done Correlation: 0.1689860049956476
Network 7 - Subcortical: 6500 voxels done Correlation: 0.16580041495731168
Network 7 - Subcortical: 10000 voxels done Correlation: 0.16885703475108282
Network 8 - Consciousness: 50 voxels done Correlation: 0.26007929101430116
Network 8 - Consciousness: 150 voxels done Correlation: 0.3328222553181087
Network 8 - Consciousness: 250 voxels done Correlation: 0.3931577927547794
Network 8 - Consciousness: 500 voxels done Correlation: 0.4805970115972789
Network 8 - Consciousness: 750 voxels done Correlation: 0.31550298009551775
Network 8 - Consciousness: 1000 voxels done Correlation: 0.39593836690075784
Network 8 - Consciousness: 1500 voxels done Correlation: 0.4322170448793533
Network 8 - Consciousness: 3000 voxels done Correlation: 0.42698306679005543
Network 8 - Consciousness: 5000 voxels done Correlation: 0.45168432157320304
Network 8 - Consciousness: 6500 voxels done Correlation: 0.44281988985613735
Network 8 - Consciousness: 10000 voxels done Correlation: 0.45289364109015817
Network 8 - Consciousness: 15000 voxels done Correlation: 0.4552785308019315
Network 8 - Consciousness: 25000 voxels done Correlation: 0.46151934720742643
Network 8 - Consciousness: 50000 voxels done Correlation: 0.46391562371981776
