Running job on: wood
Iteration: 344
Starting spatial evaluation...
/home/fhopp/.conda/envs/mjs/lib/python3.8/site-packages/nilearn/maskers/nifti_masker.py:110: UserWarning: imgs are being resampled to the mask_img resolution. This process is memory intensive. You might want to provide a target_affine that is equal to the affine of the imgs or resample the mask beforehand to save memory and computation time.
  warnings.warn(
/home/fhopp/.conda/envs/mjs/lib/python3.8/site-packages/nilearn/masking.py:980: UserWarning: Data array used to create a new image contains 64-bit ints. This is likely due to creating the array with numpy and passing `int` as the `dtype`. Many tools such as FSL and SPM cannot deal with int64 in Nifti images, so for compatibility the data has been converted to int32.
  return new_img_like(mask_img, unmasked, affine)
Network 0 - Visual: 50 voxels done Correlation: 0.5503925597315767
Network 0 - Visual: 150 voxels done Correlation: 0.6499854808177938
Network 0 - Visual: 250 voxels done Correlation: 0.6700553720305749
Network 0 - Visual: 500 voxels done Correlation: 0.5646560688220998
Network 0 - Visual: 750 voxels done Correlation: 0.5788486297703546
Network 0 - Visual: 1000 voxels done Correlation: 0.6173530688333531
Network 0 - Visual: 1500 voxels done Correlation: 0.5994784944441334
Network 0 - Visual: 3000 voxels done Correlation: 0.6174687232812399
Network 0 - Visual: 5000 voxels done Correlation: 0.6179867065413682
Network 0 - Visual: 6500 voxels done Correlation: 0.6173603414143856
Network 0 - Visual: 10000 voxels done Correlation: 0.6211849241683695
Network 0 - Visual: 15000 voxels done Correlation: 0.6308481682237175
/home/fhopp/.conda/envs/mjs/lib/python3.8/site-packages/nilearn/masking.py:980: UserWarning: Data array used to create a new image contains 64-bit ints. This is likely due to creating the array with numpy and passing `int` as the `dtype`. Many tools such as FSL and SPM cannot deal with int64 in Nifti images, so for compatibility the data has been converted to int32.
  return new_img_like(mask_img, unmasked, affine)
Network 1 - Somatomotor: 50 voxels done Correlation: 0.16062274419335376
Network 1 - Somatomotor: 150 voxels done Correlation: 0.3487935565244436
Network 1 - Somatomotor: 250 voxels done Correlation: 0.3149580472195655
Network 1 - Somatomotor: 500 voxels done Correlation: 0.30995300869696707
Network 1 - Somatomotor: 750 voxels done Correlation: 0.35510063201701236
Network 1 - Somatomotor: 1000 voxels done Correlation: 0.359539411513839
Network 1 - Somatomotor: 1500 voxels done Correlation: 0.349910816740871
Network 1 - Somatomotor: 3000 voxels done Correlation: 0.3220497053168351
Network 1 - Somatomotor: 5000 voxels done Correlation: 0.3271308492328745
Network 1 - Somatomotor: 6500 voxels done Correlation: 0.35069513452598067
Network 1 - Somatomotor: 10000 voxels done Correlation: 0.35422433747933707
Network 1 - Somatomotor: 15000 voxels done Correlation: 0.34490923043546096
/home/fhopp/.conda/envs/mjs/lib/python3.8/site-packages/nilearn/masking.py:980: UserWarning: Data array used to create a new image contains 64-bit ints. This is likely due to creating the array with numpy and passing `int` as the `dtype`. Many tools such as FSL and SPM cannot deal with int64 in Nifti images, so for compatibility the data has been converted to int32.
  return new_img_like(mask_img, unmasked, affine)
Network 2 - dAttention: 50 voxels done Correlation: 0.1651269818811581
Network 2 - dAttention: 150 voxels done Correlation: 0.29551855592811993
Network 2 - dAttention: 250 voxels done Correlation: 0.2654106323543365
Network 2 - dAttention: 500 voxels done Correlation: 0.375932023449223
Network 2 - dAttention: 750 voxels done Correlation: 0.28515010385864886
Network 2 - dAttention: 1000 voxels done Correlation: 0.273792249461258
Network 2 - dAttention: 1500 voxels done Correlation: 0.3207415171045705
Network 2 - dAttention: 3000 voxels done Correlation: 0.34904945435786416
Network 2 - dAttention: 5000 voxels done Correlation: 0.34564423300026303
Network 2 - dAttention: 6500 voxels done Correlation: 0.3294489181667238
Network 2 - dAttention: 10000 voxels done Correlation: 0.3300806601510292
Network 2 - dAttention: 15000 voxels done Correlation: 0.33258761955919475
/home/fhopp/.conda/envs/mjs/lib/python3.8/site-packages/nilearn/masking.py:980: UserWarning: Data array used to create a new image contains 64-bit ints. This is likely due to creating the array with numpy and passing `int` as the `dtype`. Many tools such as FSL and SPM cannot deal with int64 in Nifti images, so for compatibility the data has been converted to int32.
  return new_img_like(mask_img, unmasked, affine)
Network 3 - vAttention: 50 voxels done Correlation: 0.23754593856503164
Network 3 - vAttention: 150 voxels done Correlation: 0.1733099953681424
Network 3 - vAttention: 250 voxels done Correlation: 0.25518009417249493
Network 3 - vAttention: 500 voxels done Correlation: 0.32767855655185907
Network 3 - vAttention: 750 voxels done Correlation: 0.33625518838543833
Network 3 - vAttention: 1000 voxels done Correlation: 0.3694600142342042
Network 3 - vAttention: 1500 voxels done Correlation: 0.3340796714380643
Network 3 - vAttention: 3000 voxels done Correlation: 0.39045791312593603
Network 3 - vAttention: 5000 voxels done Correlation: 0.3845180882715409
Network 3 - vAttention: 6500 voxels done Correlation: 0.3766196890619964
Network 3 - vAttention: 10000 voxels done Correlation: 0.3874842206531851
Network 3 - vAttention: 15000 voxels done Correlation: 0.38814571891641336
/home/fhopp/.conda/envs/mjs/lib/python3.8/site-packages/nilearn/masking.py:980: UserWarning: Data array used to create a new image contains 64-bit ints. This is likely due to creating the array with numpy and passing `int` as the `dtype`. Many tools such as FSL and SPM cannot deal with int64 in Nifti images, so for compatibility the data has been converted to int32.
  return new_img_like(mask_img, unmasked, affine)
Network 4 - Limbic: 50 voxels done Correlation: 0.06441422141901691
Network 4 - Limbic: 150 voxels done Correlation: 0.17057329651527992
Network 4 - Limbic: 250 voxels done Correlation: 0.23712403130369875
Network 4 - Limbic: 500 voxels done Correlation: 0.285028019466205
Network 4 - Limbic: 750 voxels done Correlation: 0.2354485342678929
Network 4 - Limbic: 1000 voxels done Correlation: 0.26089633629811754
Network 4 - Limbic: 1500 voxels done Correlation: 0.2482071336489653
Network 4 - Limbic: 3000 voxels done Correlation: 0.27527903375030616
Network 4 - Limbic: 5000 voxels done Correlation: 0.2900327360980379
Network 4 - Limbic: 6500 voxels done Correlation: 0.2946352812126736
Network 4 - Limbic: 10000 voxels done Correlation: 0.2738212833318009
/home/fhopp/.conda/envs/mjs/lib/python3.8/site-packages/nilearn/masking.py:980: UserWarning: Data array used to create a new image contains 64-bit ints. This is likely due to creating the array with numpy and passing `int` as the `dtype`. Many tools such as FSL and SPM cannot deal with int64 in Nifti images, so for compatibility the data has been converted to int32.
  return new_img_like(mask_img, unmasked, affine)
Network 5 - Frontoparietal: 50 voxels done Correlation: 0.13282894846067833
Network 5 - Frontoparietal: 150 voxels done Correlation: 0.13607396791060314
Network 5 - Frontoparietal: 250 voxels done Correlation: 0.14307037885619117
Network 5 - Frontoparietal: 500 voxels done Correlation: 0.20773274867567834
Network 5 - Frontoparietal: 750 voxels done Correlation: 0.2553330991629629
Network 5 - Frontoparietal: 1000 voxels done Correlation: 0.2496112462358474
Network 5 - Frontoparietal: 1500 voxels done Correlation: 0.24026719177222483
Network 5 - Frontoparietal: 3000 voxels done Correlation: 0.20263548047234048
Network 5 - Frontoparietal: 5000 voxels done Correlation: 0.23552066080393014
Network 5 - Frontoparietal: 6500 voxels done Correlation: 0.23441003018864262
Network 5 - Frontoparietal: 10000 voxels done Correlation: 0.23284451600796485
Network 5 - Frontoparietal: 15000 voxels done Correlation: 0.23757642952827637
/home/fhopp/.conda/envs/mjs/lib/python3.8/site-packages/nilearn/masking.py:980: UserWarning: Data array used to create a new image contains 64-bit ints. This is likely due to creating the array with numpy and passing `int` as the `dtype`. Many tools such as FSL and SPM cannot deal with int64 in Nifti images, so for compatibility the data has been converted to int32.
  return new_img_like(mask_img, unmasked, affine)
Network 6 - Default Mode: 50 voxels done Correlation: 0.16683147648917507
Network 6 - Default Mode: 150 voxels done Correlation: 0.32576659137141745
Network 6 - Default Mode: 250 voxels done Correlation: 0.36714855015778597
Network 6 - Default Mode: 500 voxels done Correlation: 0.3284172422331094
Network 6 - Default Mode: 750 voxels done Correlation: 0.45597942875569153
Network 6 - Default Mode: 1000 voxels done Correlation: 0.38411153251076935
Network 6 - Default Mode: 1500 voxels done Correlation: 0.37720888922394874
Network 6 - Default Mode: 3000 voxels done Correlation: 0.38150080473549797
Network 6 - Default Mode: 5000 voxels done Correlation: 0.40689792934338753
Network 6 - Default Mode: 6500 voxels done Correlation: 0.39653907594397586
Network 6 - Default Mode: 10000 voxels done Correlation: 0.415120173407216
Network 6 - Default Mode: 15000 voxels done Correlation: 0.4083054749350832
Network 6 - Default Mode: 25000 voxels done Correlation: 0.4146708712800552
/home/fhopp/.conda/envs/mjs/lib/python3.8/site-packages/nilearn/masking.py:980: UserWarning: Data array used to create a new image contains 64-bit ints. This is likely due to creating the array with numpy and passing `int` as the `dtype`. Many tools such as FSL and SPM cannot deal with int64 in Nifti images, so for compatibility the data has been converted to int32.
  return new_img_like(mask_img, unmasked, affine)
Network 7 - Subcortical: 50 voxels done Correlation: 0.19142271827544757
Network 7 - Subcortical: 150 voxels done Correlation: 0.2825995063713784
Network 7 - Subcortical: 250 voxels done Correlation: 0.22212503999116037
Network 7 - Subcortical: 500 voxels done Correlation: 0.19526579766168867
Network 7 - Subcortical: 750 voxels done Correlation: 0.20691984103395067
Network 7 - Subcortical: 1000 voxels done Correlation: 0.2299777864197359
Network 7 - Subcortical: 1500 voxels done Correlation: 0.21385957582260215
Network 7 - Subcortical: 3000 voxels done Correlation: 0.18172878374424173
Network 7 - Subcortical: 5000 voxels done Correlation: 0.1663243946366674
Network 7 - Subcortical: 6500 voxels done Correlation: 0.16349491343004335
Network 7 - Subcortical: 10000 voxels done Correlation: 0.16857172481023439
Network 8 - Consciousness: 50 voxels done Correlation: 0.24899602732915135
Network 8 - Consciousness: 150 voxels done Correlation: 0.3715451878110405
Network 8 - Consciousness: 250 voxels done Correlation: 0.39707831369921875
Network 8 - Consciousness: 500 voxels done Correlation: 0.4335430184420156
Network 8 - Consciousness: 750 voxels done Correlation: 0.43788344750624086
Network 8 - Consciousness: 1000 voxels done Correlation: 0.3753599387945833
Network 8 - Consciousness: 1500 voxels done Correlation: 0.4093230426606159
Network 8 - Consciousness: 3000 voxels done Correlation: 0.4246792578984342
Network 8 - Consciousness: 5000 voxels done Correlation: 0.47001378865686494
Network 8 - Consciousness: 6500 voxels done Correlation: 0.43324566866816405
Network 8 - Consciousness: 10000 voxels done Correlation: 0.46196105845023977
Network 8 - Consciousness: 15000 voxels done Correlation: 0.46692869134033677
Network 8 - Consciousness: 25000 voxels done Correlation: 0.4578741359218198
Network 8 - Consciousness: 50000 voxels done Correlation: 0.46620354834784306
