Running job on: nash
Iteration: 70
Starting spatial evaluation...
/home/fhopp/.conda/envs/mjs/lib/python3.8/site-packages/nilearn/maskers/nifti_masker.py:110: UserWarning: imgs are being resampled to the mask_img resolution. This process is memory intensive. You might want to provide a target_affine that is equal to the affine of the imgs or resample the mask beforehand to save memory and computation time.
  warnings.warn(
/home/fhopp/.conda/envs/mjs/lib/python3.8/site-packages/nilearn/masking.py:980: UserWarning: Data array used to create a new image contains 64-bit ints. This is likely due to creating the array with numpy and passing `int` as the `dtype`. Many tools such as FSL and SPM cannot deal with int64 in Nifti images, so for compatibility the data has been converted to int32.
  return new_img_like(mask_img, unmasked, affine)
Network 0 - Visual: 50 voxels done Correlation: 0.5618986903913059
Network 0 - Visual: 150 voxels done Correlation: 0.6086330973570334
Network 0 - Visual: 250 voxels done Correlation: 0.5319221908914364
Network 0 - Visual: 500 voxels done Correlation: 0.5952893795509773
Network 0 - Visual: 750 voxels done Correlation: 0.5819699713612805
Network 0 - Visual: 1000 voxels done Correlation: 0.5880475935551073
Network 0 - Visual: 1500 voxels done Correlation: 0.6279562203125643
Network 0 - Visual: 3000 voxels done Correlation: 0.6249343346098075
Network 0 - Visual: 5000 voxels done Correlation: 0.6197941104946186
Network 0 - Visual: 6500 voxels done Correlation: 0.6404582591565563
Network 0 - Visual: 10000 voxels done Correlation: 0.6185296348920946
Network 0 - Visual: 15000 voxels done Correlation: 0.6273347782500789
/home/fhopp/.conda/envs/mjs/lib/python3.8/site-packages/nilearn/masking.py:980: UserWarning: Data array used to create a new image contains 64-bit ints. This is likely due to creating the array with numpy and passing `int` as the `dtype`. Many tools such as FSL and SPM cannot deal with int64 in Nifti images, so for compatibility the data has been converted to int32.
  return new_img_like(mask_img, unmasked, affine)
Network 1 - Somatomotor: 50 voxels done Correlation: 0.2609735755558722
Network 1 - Somatomotor: 150 voxels done Correlation: 0.23511603771226527
Network 1 - Somatomotor: 250 voxels done Correlation: 0.2931617172205576
Network 1 - Somatomotor: 500 voxels done Correlation: 0.3396031019737566
Network 1 - Somatomotor: 750 voxels done Correlation: 0.30582694165810875
Network 1 - Somatomotor: 1000 voxels done Correlation: 0.3323382191986869
Network 1 - Somatomotor: 1500 voxels done Correlation: 0.33383881143316185
Network 1 - Somatomotor: 3000 voxels done Correlation: 0.35357432137024924
Network 1 - Somatomotor: 5000 voxels done Correlation: 0.3313583022943762
Network 1 - Somatomotor: 6500 voxels done Correlation: 0.34800828591637223
Network 1 - Somatomotor: 10000 voxels done Correlation: 0.3460310252684373
Network 1 - Somatomotor: 15000 voxels done Correlation: 0.3413782077560533
/home/fhopp/.conda/envs/mjs/lib/python3.8/site-packages/nilearn/masking.py:980: UserWarning: Data array used to create a new image contains 64-bit ints. This is likely due to creating the array with numpy and passing `int` as the `dtype`. Many tools such as FSL and SPM cannot deal with int64 in Nifti images, so for compatibility the data has been converted to int32.
  return new_img_like(mask_img, unmasked, affine)
Network 2 - dAttention: 50 voxels done Correlation: 0.20948182253010744
Network 2 - dAttention: 150 voxels done Correlation: 0.3709736323234469
Network 2 - dAttention: 250 voxels done Correlation: 0.2990281159905047
Network 2 - dAttention: 500 voxels done Correlation: 0.2593375739351319
Network 2 - dAttention: 750 voxels done Correlation: 0.3392025991991695
Network 2 - dAttention: 1000 voxels done Correlation: 0.3106492947609369
Network 2 - dAttention: 1500 voxels done Correlation: 0.3257034392848687
Network 2 - dAttention: 3000 voxels done Correlation: 0.3451112112783139
Network 2 - dAttention: 5000 voxels done Correlation: 0.3361044912433322
Network 2 - dAttention: 6500 voxels done Correlation: 0.31096525606065506
Network 2 - dAttention: 10000 voxels done Correlation: 0.33875028988753525
Network 2 - dAttention: 15000 voxels done Correlation: 0.3310124545532762
/home/fhopp/.conda/envs/mjs/lib/python3.8/site-packages/nilearn/masking.py:980: UserWarning: Data array used to create a new image contains 64-bit ints. This is likely due to creating the array with numpy and passing `int` as the `dtype`. Many tools such as FSL and SPM cannot deal with int64 in Nifti images, so for compatibility the data has been converted to int32.
  return new_img_like(mask_img, unmasked, affine)
Network 3 - vAttention: 50 voxels done Correlation: 0.2610635624720049
Network 3 - vAttention: 150 voxels done Correlation: 0.23541205776010035
Network 3 - vAttention: 250 voxels done Correlation: 0.27898205375738894
Network 3 - vAttention: 500 voxels done Correlation: 0.3935125545533885
Network 3 - vAttention: 750 voxels done Correlation: 0.3586926996896641
Network 3 - vAttention: 1000 voxels done Correlation: 0.29207561051649544
Network 3 - vAttention: 1500 voxels done Correlation: 0.32528450638750733
Network 3 - vAttention: 3000 voxels done Correlation: 0.35104677066857964
Network 3 - vAttention: 5000 voxels done Correlation: 0.3864231039773658
Network 3 - vAttention: 6500 voxels done Correlation: 0.3854867311015666
Network 3 - vAttention: 10000 voxels done Correlation: 0.38867398356221317
Network 3 - vAttention: 15000 voxels done Correlation: 0.38764169783852753
/home/fhopp/.conda/envs/mjs/lib/python3.8/site-packages/nilearn/masking.py:980: UserWarning: Data array used to create a new image contains 64-bit ints. This is likely due to creating the array with numpy and passing `int` as the `dtype`. Many tools such as FSL and SPM cannot deal with int64 in Nifti images, so for compatibility the data has been converted to int32.
  return new_img_like(mask_img, unmasked, affine)
Network 4 - Limbic: 50 voxels done Correlation: 0.21910196340940588
Network 4 - Limbic: 150 voxels done Correlation: 0.21384036750025234
Network 4 - Limbic: 250 voxels done Correlation: 0.14943934391827526
Network 4 - Limbic: 500 voxels done Correlation: 0.23646671682207088
Network 4 - Limbic: 750 voxels done Correlation: 0.2638964453984668
Network 4 - Limbic: 1000 voxels done Correlation: 0.2370413641583658
Network 4 - Limbic: 1500 voxels done Correlation: 0.2537350008388546
Network 4 - Limbic: 3000 voxels done Correlation: 0.27715036336143345
Network 4 - Limbic: 5000 voxels done Correlation: 0.28086353110673834
Network 4 - Limbic: 6500 voxels done Correlation: 0.29272911493914666
Network 4 - Limbic: 10000 voxels done Correlation: 0.2807282555248946
/home/fhopp/.conda/envs/mjs/lib/python3.8/site-packages/nilearn/masking.py:980: UserWarning: Data array used to create a new image contains 64-bit ints. This is likely due to creating the array with numpy and passing `int` as the `dtype`. Many tools such as FSL and SPM cannot deal with int64 in Nifti images, so for compatibility the data has been converted to int32.
  return new_img_like(mask_img, unmasked, affine)
Network 5 - Frontoparietal: 50 voxels done Correlation: 0.15598091092029187
Network 5 - Frontoparietal: 150 voxels done Correlation: 0.08824869793933861
Network 5 - Frontoparietal: 250 voxels done Correlation: 0.22462464110431324
Network 5 - Frontoparietal: 500 voxels done Correlation: 0.23174231457593736
Network 5 - Frontoparietal: 750 voxels done Correlation: 0.28612460886347557
Network 5 - Frontoparietal: 1000 voxels done Correlation: 0.22087955251349872
Network 5 - Frontoparietal: 1500 voxels done Correlation: 0.20774819558485202
Network 5 - Frontoparietal: 3000 voxels done Correlation: 0.2298723300952277
Network 5 - Frontoparietal: 5000 voxels done Correlation: 0.2329070651842472
Network 5 - Frontoparietal: 6500 voxels done Correlation: 0.21744995018728686
Network 5 - Frontoparietal: 10000 voxels done Correlation: 0.23910273656778466
Network 5 - Frontoparietal: 15000 voxels done Correlation: 0.2412778160793148
/home/fhopp/.conda/envs/mjs/lib/python3.8/site-packages/nilearn/masking.py:980: UserWarning: Data array used to create a new image contains 64-bit ints. This is likely due to creating the array with numpy and passing `int` as the `dtype`. Many tools such as FSL and SPM cannot deal with int64 in Nifti images, so for compatibility the data has been converted to int32.
  return new_img_like(mask_img, unmasked, affine)
Network 6 - Default Mode: 50 voxels done Correlation: 0.35245129647053863
Network 6 - Default Mode: 150 voxels done Correlation: 0.24506763391137648
Network 6 - Default Mode: 250 voxels done Correlation: 0.3170173364789523
Network 6 - Default Mode: 500 voxels done Correlation: 0.3696878193646078
Network 6 - Default Mode: 750 voxels done Correlation: 0.33916984555074314
Network 6 - Default Mode: 1000 voxels done Correlation: 0.3196170145465697
Network 6 - Default Mode: 1500 voxels done Correlation: 0.361535379431011
Network 6 - Default Mode: 3000 voxels done Correlation: 0.402587662391612
Network 6 - Default Mode: 5000 voxels done Correlation: 0.4080619694192056
Network 6 - Default Mode: 6500 voxels done Correlation: 0.39453415122604263
Network 6 - Default Mode: 10000 voxels done Correlation: 0.40407386358100483
Network 6 - Default Mode: 15000 voxels done Correlation: 0.4014837833200028
Network 6 - Default Mode: 25000 voxels done Correlation: 0.4093136266274858
/home/fhopp/.conda/envs/mjs/lib/python3.8/site-packages/nilearn/masking.py:980: UserWarning: Data array used to create a new image contains 64-bit ints. This is likely due to creating the array with numpy and passing `int` as the `dtype`. Many tools such as FSL and SPM cannot deal with int64 in Nifti images, so for compatibility the data has been converted to int32.
  return new_img_like(mask_img, unmasked, affine)
Network 7 - Subcortical: 50 voxels done Correlation: 0.24737960164907685
Network 7 - Subcortical: 150 voxels done Correlation: 0.2214603379961122
Network 7 - Subcortical: 250 voxels done Correlation: 0.18317406768162264
Network 7 - Subcortical: 500 voxels done Correlation: 0.208677814971737
Network 7 - Subcortical: 750 voxels done Correlation: 0.23854894237946533
Network 7 - Subcortical: 1000 voxels done Correlation: 0.21459423298375638
Network 7 - Subcortical: 1500 voxels done Correlation: 0.25402782239069427
Network 7 - Subcortical: 3000 voxels done Correlation: 0.19111634479699227
Network 7 - Subcortical: 5000 voxels done Correlation: 0.17911411902250027
Network 7 - Subcortical: 6500 voxels done Correlation: 0.1713731469905055
Network 7 - Subcortical: 10000 voxels done Correlation: 0.16367783099598057
Network 8 - Consciousness: 50 voxels done Correlation: 0.2980899544158916
Network 8 - Consciousness: 150 voxels done Correlation: 0.31405297476703664
Network 8 - Consciousness: 250 voxels done Correlation: 0.41951486435366814
Network 8 - Consciousness: 500 voxels done Correlation: 0.327671289342368
Network 8 - Consciousness: 750 voxels done Correlation: 0.3440412420306061
Network 8 - Consciousness: 1000 voxels done Correlation: 0.4018439772217507
Network 8 - Consciousness: 1500 voxels done Correlation: 0.3816346101788356
Network 8 - Consciousness: 3000 voxels done Correlation: 0.4487685388075787
Network 8 - Consciousness: 5000 voxels done Correlation: 0.4796143815952755
Network 8 - Consciousness: 6500 voxels done Correlation: 0.46642073731292066
Network 8 - Consciousness: 10000 voxels done Correlation: 0.4833424934030354
Network 8 - Consciousness: 15000 voxels done Correlation: 0.48523151111526036
Network 8 - Consciousness: 25000 voxels done Correlation: 0.45986618475364577
Network 8 - Consciousness: 50000 voxels done Correlation: 0.4679449298013314
