Running job on: wood
Iteration: 464
Starting spatial evaluation...
/home/fhopp/.conda/envs/mjs/lib/python3.8/site-packages/nilearn/maskers/nifti_masker.py:110: UserWarning: imgs are being resampled to the mask_img resolution. This process is memory intensive. You might want to provide a target_affine that is equal to the affine of the imgs or resample the mask beforehand to save memory and computation time.
  warnings.warn(
/home/fhopp/.conda/envs/mjs/lib/python3.8/site-packages/nilearn/masking.py:980: UserWarning: Data array used to create a new image contains 64-bit ints. This is likely due to creating the array with numpy and passing `int` as the `dtype`. Many tools such as FSL and SPM cannot deal with int64 in Nifti images, so for compatibility the data has been converted to int32.
  return new_img_like(mask_img, unmasked, affine)
Network 0 - Visual: 50 voxels done Correlation: 0.5201180466631237
Network 0 - Visual: 150 voxels done Correlation: 0.5872181306968652
Network 0 - Visual: 250 voxels done Correlation: 0.6143664650219595
Network 0 - Visual: 500 voxels done Correlation: 0.5548832445641345
Network 0 - Visual: 750 voxels done Correlation: 0.536808355561015
Network 0 - Visual: 1000 voxels done Correlation: 0.6270085803359651
Network 0 - Visual: 1500 voxels done Correlation: 0.5894415806489767
Network 0 - Visual: 3000 voxels done Correlation: 0.6222082394760025
Network 0 - Visual: 5000 voxels done Correlation: 0.6240598163460747
Network 0 - Visual: 6500 voxels done Correlation: 0.6347941741975545
Network 0 - Visual: 10000 voxels done Correlation: 0.6251379422813326
Network 0 - Visual: 15000 voxels done Correlation: 0.6249490795801071
/home/fhopp/.conda/envs/mjs/lib/python3.8/site-packages/nilearn/masking.py:980: UserWarning: Data array used to create a new image contains 64-bit ints. This is likely due to creating the array with numpy and passing `int` as the `dtype`. Many tools such as FSL and SPM cannot deal with int64 in Nifti images, so for compatibility the data has been converted to int32.
  return new_img_like(mask_img, unmasked, affine)
Network 1 - Somatomotor: 50 voxels done Correlation: 0.1644583518058355
Network 1 - Somatomotor: 150 voxels done Correlation: 0.3660181781635765
Network 1 - Somatomotor: 250 voxels done Correlation: 0.28765214344115686
Network 1 - Somatomotor: 500 voxels done Correlation: 0.33624065910372725
Network 1 - Somatomotor: 750 voxels done Correlation: 0.35771634198934715
Network 1 - Somatomotor: 1000 voxels done Correlation: 0.38129624322137845
Network 1 - Somatomotor: 1500 voxels done Correlation: 0.31603787365574765
Network 1 - Somatomotor: 3000 voxels done Correlation: 0.34679235043279427
Network 1 - Somatomotor: 5000 voxels done Correlation: 0.33188240254822954
Network 1 - Somatomotor: 6500 voxels done Correlation: 0.3483621591890211
Network 1 - Somatomotor: 10000 voxels done Correlation: 0.34549977997033254
Network 1 - Somatomotor: 15000 voxels done Correlation: 0.3428404819487475
/home/fhopp/.conda/envs/mjs/lib/python3.8/site-packages/nilearn/masking.py:980: UserWarning: Data array used to create a new image contains 64-bit ints. This is likely due to creating the array with numpy and passing `int` as the `dtype`. Many tools such as FSL and SPM cannot deal with int64 in Nifti images, so for compatibility the data has been converted to int32.
  return new_img_like(mask_img, unmasked, affine)
Network 2 - dAttention: 50 voxels done Correlation: 0.24120996041740234
Network 2 - dAttention: 150 voxels done Correlation: 0.30866181932100545
Network 2 - dAttention: 250 voxels done Correlation: 0.3666243842159811
Network 2 - dAttention: 500 voxels done Correlation: 0.2908050285452708
Network 2 - dAttention: 750 voxels done Correlation: 0.33579550841948197
Network 2 - dAttention: 1000 voxels done Correlation: 0.3110423651444163
Network 2 - dAttention: 1500 voxels done Correlation: 0.34101860507556303
Network 2 - dAttention: 3000 voxels done Correlation: 0.3268817324210459
Network 2 - dAttention: 5000 voxels done Correlation: 0.31253840042657094
Network 2 - dAttention: 6500 voxels done Correlation: 0.33711932857603055
Network 2 - dAttention: 10000 voxels done Correlation: 0.3389709050795664
Network 2 - dAttention: 15000 voxels done Correlation: 0.3370003400671671
/home/fhopp/.conda/envs/mjs/lib/python3.8/site-packages/nilearn/masking.py:980: UserWarning: Data array used to create a new image contains 64-bit ints. This is likely due to creating the array with numpy and passing `int` as the `dtype`. Many tools such as FSL and SPM cannot deal with int64 in Nifti images, so for compatibility the data has been converted to int32.
  return new_img_like(mask_img, unmasked, affine)
Network 3 - vAttention: 50 voxels done Correlation: 0.24507333658454294
Network 3 - vAttention: 150 voxels done Correlation: 0.26807680178659193
Network 3 - vAttention: 250 voxels done Correlation: 0.25950996383799274
Network 3 - vAttention: 500 voxels done Correlation: 0.2850613278978084
Network 3 - vAttention: 750 voxels done Correlation: 0.3489393147782376
Network 3 - vAttention: 1000 voxels done Correlation: 0.3345847542702658
Network 3 - vAttention: 1500 voxels done Correlation: 0.33668128191751145
Network 3 - vAttention: 3000 voxels done Correlation: 0.3900535091287221
Network 3 - vAttention: 5000 voxels done Correlation: 0.3841819974658952
Network 3 - vAttention: 6500 voxels done Correlation: 0.39017427640532587
Network 3 - vAttention: 10000 voxels done Correlation: 0.379382275017765
Network 3 - vAttention: 15000 voxels done Correlation: 0.38737057897745875
/home/fhopp/.conda/envs/mjs/lib/python3.8/site-packages/nilearn/masking.py:980: UserWarning: Data array used to create a new image contains 64-bit ints. This is likely due to creating the array with numpy and passing `int` as the `dtype`. Many tools such as FSL and SPM cannot deal with int64 in Nifti images, so for compatibility the data has been converted to int32.
  return new_img_like(mask_img, unmasked, affine)
Network 4 - Limbic: 50 voxels done Correlation: 0.15765980312568484
Network 4 - Limbic: 150 voxels done Correlation: 0.23797695254914109
Network 4 - Limbic: 250 voxels done Correlation: 0.2355507941294559
Network 4 - Limbic: 500 voxels done Correlation: 0.22947639828427288
Network 4 - Limbic: 750 voxels done Correlation: 0.2546410262062045
Network 4 - Limbic: 1000 voxels done Correlation: 0.2974398232619439
Network 4 - Limbic: 1500 voxels done Correlation: 0.2816541286853962
Network 4 - Limbic: 3000 voxels done Correlation: 0.27997173051386093
Network 4 - Limbic: 5000 voxels done Correlation: 0.27859436971574136
Network 4 - Limbic: 6500 voxels done Correlation: 0.273278736355392
Network 4 - Limbic: 10000 voxels done Correlation: 0.2866721372484034
/home/fhopp/.conda/envs/mjs/lib/python3.8/site-packages/nilearn/masking.py:980: UserWarning: Data array used to create a new image contains 64-bit ints. This is likely due to creating the array with numpy and passing `int` as the `dtype`. Many tools such as FSL and SPM cannot deal with int64 in Nifti images, so for compatibility the data has been converted to int32.
  return new_img_like(mask_img, unmasked, affine)
Network 5 - Frontoparietal: 50 voxels done Correlation: 0.15960624493443304
Network 5 - Frontoparietal: 150 voxels done Correlation: 0.17977040480537645
Network 5 - Frontoparietal: 250 voxels done Correlation: 0.23918454229433248
Network 5 - Frontoparietal: 500 voxels done Correlation: 0.2386257968942596
Network 5 - Frontoparietal: 750 voxels done Correlation: 0.2045518355232216
Network 5 - Frontoparietal: 1000 voxels done Correlation: 0.21103905967526154
Network 5 - Frontoparietal: 1500 voxels done Correlation: 0.23824772039623543
Network 5 - Frontoparietal: 3000 voxels done Correlation: 0.2742489377096058
Network 5 - Frontoparietal: 5000 voxels done Correlation: 0.23453007227698985
Network 5 - Frontoparietal: 6500 voxels done Correlation: 0.22489537585870936
Network 5 - Frontoparietal: 10000 voxels done Correlation: 0.23782603924060192
Network 5 - Frontoparietal: 15000 voxels done Correlation: 0.24000098565823344
/home/fhopp/.conda/envs/mjs/lib/python3.8/site-packages/nilearn/masking.py:980: UserWarning: Data array used to create a new image contains 64-bit ints. This is likely due to creating the array with numpy and passing `int` as the `dtype`. Many tools such as FSL and SPM cannot deal with int64 in Nifti images, so for compatibility the data has been converted to int32.
  return new_img_like(mask_img, unmasked, affine)
Network 6 - Default Mode: 50 voxels done Correlation: 0.3160811155251522
Network 6 - Default Mode: 150 voxels done Correlation: 0.3294652932527353
Network 6 - Default Mode: 250 voxels done Correlation: 0.31572948611954366
Network 6 - Default Mode: 500 voxels done Correlation: 0.3514388246590826
Network 6 - Default Mode: 750 voxels done Correlation: 0.2807926310311635
Network 6 - Default Mode: 1000 voxels done Correlation: 0.36231048375479435
Network 6 - Default Mode: 1500 voxels done Correlation: 0.37006234158098766
Network 6 - Default Mode: 3000 voxels done Correlation: 0.40048530314259423
Network 6 - Default Mode: 5000 voxels done Correlation: 0.40742884397639473
Network 6 - Default Mode: 6500 voxels done Correlation: 0.43351427683624455
Network 6 - Default Mode: 10000 voxels done Correlation: 0.40462898258336377
Network 6 - Default Mode: 15000 voxels done Correlation: 0.402669021980254
Network 6 - Default Mode: 25000 voxels done Correlation: 0.4051335468876234
/home/fhopp/.conda/envs/mjs/lib/python3.8/site-packages/nilearn/masking.py:980: UserWarning: Data array used to create a new image contains 64-bit ints. This is likely due to creating the array with numpy and passing `int` as the `dtype`. Many tools such as FSL and SPM cannot deal with int64 in Nifti images, so for compatibility the data has been converted to int32.
  return new_img_like(mask_img, unmasked, affine)
Network 7 - Subcortical: 50 voxels done Correlation: 0.1686627276419055
Network 7 - Subcortical: 150 voxels done Correlation: 0.18569206862747542
Network 7 - Subcortical: 250 voxels done Correlation: 0.15387431048179892
Network 7 - Subcortical: 500 voxels done Correlation: 0.1887924333045433
Network 7 - Subcortical: 750 voxels done Correlation: 0.192712077532519
Network 7 - Subcortical: 1000 voxels done Correlation: 0.2534695879724384
Network 7 - Subcortical: 1500 voxels done Correlation: 0.19371643753921974
Network 7 - Subcortical: 3000 voxels done Correlation: 0.1938768082617986
Network 7 - Subcortical: 5000 voxels done Correlation: 0.16293917479706094
Network 7 - Subcortical: 6500 voxels done Correlation: 0.1550447427312976
Network 7 - Subcortical: 10000 voxels done Correlation: 0.1670432492512075
Network 8 - Consciousness: 50 voxels done Correlation: 0.29916390823124855
Network 8 - Consciousness: 150 voxels done Correlation: 0.36731823061596214
Network 8 - Consciousness: 250 voxels done Correlation: 0.25037860035267867
Network 8 - Consciousness: 500 voxels done Correlation: 0.4187899007979299
Network 8 - Consciousness: 750 voxels done Correlation: 0.3662360236430446
Network 8 - Consciousness: 1000 voxels done Correlation: 0.4014989648957965
Network 8 - Consciousness: 1500 voxels done Correlation: 0.42644980387776765
Network 8 - Consciousness: 3000 voxels done Correlation: 0.48418449730513285
Network 8 - Consciousness: 5000 voxels done Correlation: 0.49229679519385117
Network 8 - Consciousness: 6500 voxels done Correlation: 0.4499598608798606
Network 8 - Consciousness: 10000 voxels done Correlation: 0.4788981824514771
Network 8 - Consciousness: 15000 voxels done Correlation: 0.4724574349995906
Network 8 - Consciousness: 25000 voxels done Correlation: 0.46360099354024864
Network 8 - Consciousness: 50000 voxels done Correlation: 0.4655682382757883
