Running job on: wood
Iteration: 594
Starting spatial evaluation...
/home/fhopp/.conda/envs/mjs/lib/python3.8/site-packages/nilearn/maskers/nifti_masker.py:110: UserWarning: imgs are being resampled to the mask_img resolution. This process is memory intensive. You might want to provide a target_affine that is equal to the affine of the imgs or resample the mask beforehand to save memory and computation time.
  warnings.warn(
/home/fhopp/.conda/envs/mjs/lib/python3.8/site-packages/nilearn/masking.py:980: UserWarning: Data array used to create a new image contains 64-bit ints. This is likely due to creating the array with numpy and passing `int` as the `dtype`. Many tools such as FSL and SPM cannot deal with int64 in Nifti images, so for compatibility the data has been converted to int32.
  return new_img_like(mask_img, unmasked, affine)
Network 0 - Visual: 50 voxels done Correlation: 0.6511912465865384
Network 0 - Visual: 150 voxels done Correlation: 0.6485707577608959
Network 0 - Visual: 250 voxels done Correlation: 0.6342851650874171
Network 0 - Visual: 500 voxels done Correlation: 0.5389492509995427
Network 0 - Visual: 750 voxels done Correlation: 0.5807134598615296
Network 0 - Visual: 1000 voxels done Correlation: 0.644935966784859
Network 0 - Visual: 1500 voxels done Correlation: 0.6363065544539965
Network 0 - Visual: 3000 voxels done Correlation: 0.6010969470577607
Network 0 - Visual: 5000 voxels done Correlation: 0.6263853271647276
Network 0 - Visual: 6500 voxels done Correlation: 0.6393224886850062
Network 0 - Visual: 10000 voxels done Correlation: 0.6236775566429771
Network 0 - Visual: 15000 voxels done Correlation: 0.6245205574227345
/home/fhopp/.conda/envs/mjs/lib/python3.8/site-packages/nilearn/masking.py:980: UserWarning: Data array used to create a new image contains 64-bit ints. This is likely due to creating the array with numpy and passing `int` as the `dtype`. Many tools such as FSL and SPM cannot deal with int64 in Nifti images, so for compatibility the data has been converted to int32.
  return new_img_like(mask_img, unmasked, affine)
Network 1 - Somatomotor: 50 voxels done Correlation: 0.14489868510643236
Network 1 - Somatomotor: 150 voxels done Correlation: 0.2258613498627442
Network 1 - Somatomotor: 250 voxels done Correlation: 0.2847126933653601
Network 1 - Somatomotor: 500 voxels done Correlation: 0.38004892990926026
Network 1 - Somatomotor: 750 voxels done Correlation: 0.3244291739877111
Network 1 - Somatomotor: 1000 voxels done Correlation: 0.3300053685041023
Network 1 - Somatomotor: 1500 voxels done Correlation: 0.3382443974618547
Network 1 - Somatomotor: 3000 voxels done Correlation: 0.3549159019160062
Network 1 - Somatomotor: 5000 voxels done Correlation: 0.3354853779560179
Network 1 - Somatomotor: 6500 voxels done Correlation: 0.3398554902872267
Network 1 - Somatomotor: 10000 voxels done Correlation: 0.3499044599247791
Network 1 - Somatomotor: 15000 voxels done Correlation: 0.3431911615310549
/home/fhopp/.conda/envs/mjs/lib/python3.8/site-packages/nilearn/masking.py:980: UserWarning: Data array used to create a new image contains 64-bit ints. This is likely due to creating the array with numpy and passing `int` as the `dtype`. Many tools such as FSL and SPM cannot deal with int64 in Nifti images, so for compatibility the data has been converted to int32.
  return new_img_like(mask_img, unmasked, affine)
Network 2 - dAttention: 50 voxels done Correlation: 0.226769216319489
Network 2 - dAttention: 150 voxels done Correlation: 0.311167877391238
Network 2 - dAttention: 250 voxels done Correlation: 0.3014882587658626
Network 2 - dAttention: 500 voxels done Correlation: 0.36265257611697854
Network 2 - dAttention: 750 voxels done Correlation: 0.2852460772117408
Network 2 - dAttention: 1000 voxels done Correlation: 0.31190319627243834
Network 2 - dAttention: 1500 voxels done Correlation: 0.28295373601999213
Network 2 - dAttention: 3000 voxels done Correlation: 0.31809172832809274
Network 2 - dAttention: 5000 voxels done Correlation: 0.34049964805122424
Network 2 - dAttention: 6500 voxels done Correlation: 0.3382334933111091
Network 2 - dAttention: 10000 voxels done Correlation: 0.33451670659852495
Network 2 - dAttention: 15000 voxels done Correlation: 0.33375568873269623
/home/fhopp/.conda/envs/mjs/lib/python3.8/site-packages/nilearn/masking.py:980: UserWarning: Data array used to create a new image contains 64-bit ints. This is likely due to creating the array with numpy and passing `int` as the `dtype`. Many tools such as FSL and SPM cannot deal with int64 in Nifti images, so for compatibility the data has been converted to int32.
  return new_img_like(mask_img, unmasked, affine)
Network 3 - vAttention: 50 voxels done Correlation: 0.2615462041645429
Network 3 - vAttention: 150 voxels done Correlation: 0.2663579741139668
Network 3 - vAttention: 250 voxels done Correlation: 0.3559362194630671
Network 3 - vAttention: 500 voxels done Correlation: 0.273244063956113
Network 3 - vAttention: 750 voxels done Correlation: 0.37495895811194657
Network 3 - vAttention: 1000 voxels done Correlation: 0.3924512126873194
Network 3 - vAttention: 1500 voxels done Correlation: 0.34397225670000536
Network 3 - vAttention: 3000 voxels done Correlation: 0.3486340859588221
Network 3 - vAttention: 5000 voxels done Correlation: 0.3739104848441622
Network 3 - vAttention: 6500 voxels done Correlation: 0.3763013664578096
Network 3 - vAttention: 10000 voxels done Correlation: 0.38056612900138787
Network 3 - vAttention: 15000 voxels done Correlation: 0.38966179183091343
/home/fhopp/.conda/envs/mjs/lib/python3.8/site-packages/nilearn/masking.py:980: UserWarning: Data array used to create a new image contains 64-bit ints. This is likely due to creating the array with numpy and passing `int` as the `dtype`. Many tools such as FSL and SPM cannot deal with int64 in Nifti images, so for compatibility the data has been converted to int32.
  return new_img_like(mask_img, unmasked, affine)
Network 4 - Limbic: 50 voxels done Correlation: 0.2417831771270243
Network 4 - Limbic: 150 voxels done Correlation: 0.21941591494068313
Network 4 - Limbic: 250 voxels done Correlation: 0.27129037259616295
Network 4 - Limbic: 500 voxels done Correlation: 0.23432650469307525
Network 4 - Limbic: 750 voxels done Correlation: 0.27962778184175563
Network 4 - Limbic: 1000 voxels done Correlation: 0.2519333697073219
Network 4 - Limbic: 1500 voxels done Correlation: 0.277158582800366
Network 4 - Limbic: 3000 voxels done Correlation: 0.2890102721704198
Network 4 - Limbic: 5000 voxels done Correlation: 0.28798611865492335
Network 4 - Limbic: 6500 voxels done Correlation: 0.28872962605691477
Network 4 - Limbic: 10000 voxels done Correlation: 0.2855753992375751
/home/fhopp/.conda/envs/mjs/lib/python3.8/site-packages/nilearn/masking.py:980: UserWarning: Data array used to create a new image contains 64-bit ints. This is likely due to creating the array with numpy and passing `int` as the `dtype`. Many tools such as FSL and SPM cannot deal with int64 in Nifti images, so for compatibility the data has been converted to int32.
  return new_img_like(mask_img, unmasked, affine)
Network 5 - Frontoparietal: 50 voxels done Correlation: 0.17846661515634316
Network 5 - Frontoparietal: 150 voxels done Correlation: 0.1613320493825774
Network 5 - Frontoparietal: 250 voxels done Correlation: 0.24438473104058478
Network 5 - Frontoparietal: 500 voxels done Correlation: 0.26293737461923816
Network 5 - Frontoparietal: 750 voxels done Correlation: 0.18824675017341697
Network 5 - Frontoparietal: 1000 voxels done Correlation: 0.2545851913795508
Network 5 - Frontoparietal: 1500 voxels done Correlation: 0.22479901829128573
Network 5 - Frontoparietal: 3000 voxels done Correlation: 0.22716826257730172
Network 5 - Frontoparietal: 5000 voxels done Correlation: 0.22414915991027828
Network 5 - Frontoparietal: 6500 voxels done Correlation: 0.23404646041415944
Network 5 - Frontoparietal: 10000 voxels done Correlation: 0.24015582018697035
Network 5 - Frontoparietal: 15000 voxels done Correlation: 0.23916744241038806
/home/fhopp/.conda/envs/mjs/lib/python3.8/site-packages/nilearn/masking.py:980: UserWarning: Data array used to create a new image contains 64-bit ints. This is likely due to creating the array with numpy and passing `int` as the `dtype`. Many tools such as FSL and SPM cannot deal with int64 in Nifti images, so for compatibility the data has been converted to int32.
  return new_img_like(mask_img, unmasked, affine)
Network 6 - Default Mode: 50 voxels done Correlation: 0.30296528149615237
Network 6 - Default Mode: 150 voxels done Correlation: 0.3857903975152275
Network 6 - Default Mode: 250 voxels done Correlation: 0.313334509609842
Network 6 - Default Mode: 500 voxels done Correlation: 0.3801578640645821
Network 6 - Default Mode: 750 voxels done Correlation: 0.3585494400544423
Network 6 - Default Mode: 1000 voxels done Correlation: 0.35602172205550053
Network 6 - Default Mode: 1500 voxels done Correlation: 0.39681545775285004
Network 6 - Default Mode: 3000 voxels done Correlation: 0.44129949138650937
Network 6 - Default Mode: 5000 voxels done Correlation: 0.40188788710339485
Network 6 - Default Mode: 6500 voxels done Correlation: 0.3935948258608212
Network 6 - Default Mode: 10000 voxels done Correlation: 0.3995378311187593
Network 6 - Default Mode: 15000 voxels done Correlation: 0.39400543788372944
Network 6 - Default Mode: 25000 voxels done Correlation: 0.40958264132894295
/home/fhopp/.conda/envs/mjs/lib/python3.8/site-packages/nilearn/masking.py:980: UserWarning: Data array used to create a new image contains 64-bit ints. This is likely due to creating the array with numpy and passing `int` as the `dtype`. Many tools such as FSL and SPM cannot deal with int64 in Nifti images, so for compatibility the data has been converted to int32.
  return new_img_like(mask_img, unmasked, affine)
Network 7 - Subcortical: 50 voxels done Correlation: 0.15975887681263193
Network 7 - Subcortical: 150 voxels done Correlation: 0.14908247086818133
Network 7 - Subcortical: 250 voxels done Correlation: 0.2021281534961431
Network 7 - Subcortical: 500 voxels done Correlation: 0.20584726010824256
Network 7 - Subcortical: 750 voxels done Correlation: 0.21995954947858942
Network 7 - Subcortical: 1000 voxels done Correlation: 0.2344496016367318
Network 7 - Subcortical: 1500 voxels done Correlation: 0.2205304766295269
Network 7 - Subcortical: 3000 voxels done Correlation: 0.16390367400182118
Network 7 - Subcortical: 5000 voxels done Correlation: 0.16672434299947458
Network 7 - Subcortical: 6500 voxels done Correlation: 0.1821002736145427
Network 7 - Subcortical: 10000 voxels done Correlation: 0.1657663107532673
Network 8 - Consciousness: 50 voxels done Correlation: 0.34103507079893935
Network 8 - Consciousness: 150 voxels done Correlation: 0.2232824685542524
Network 8 - Consciousness: 250 voxels done Correlation: 0.39550523153813066
Network 8 - Consciousness: 500 voxels done Correlation: 0.3753218023837227
Network 8 - Consciousness: 750 voxels done Correlation: 0.3844369881380142
Network 8 - Consciousness: 1000 voxels done Correlation: 0.4778980946027224
Network 8 - Consciousness: 1500 voxels done Correlation: 0.41373933035413324
Network 8 - Consciousness: 3000 voxels done Correlation: 0.46849777789177127
Network 8 - Consciousness: 5000 voxels done Correlation: 0.47065644042542776
Network 8 - Consciousness: 6500 voxels done Correlation: 0.43730937405892617
Network 8 - Consciousness: 10000 voxels done Correlation: 0.44699961715864533
Network 8 - Consciousness: 15000 voxels done Correlation: 0.44372908419747625
Network 8 - Consciousness: 25000 voxels done Correlation: 0.45688705692062165
Network 8 - Consciousness: 50000 voxels done Correlation: 0.46630605705380734
