Running job on: cox
Iteration: 191
Starting spatial evaluation...
/home/fhopp/.conda/envs/mjs/lib/python3.8/site-packages/nilearn/maskers/nifti_masker.py:110: UserWarning: imgs are being resampled to the mask_img resolution. This process is memory intensive. You might want to provide a target_affine that is equal to the affine of the imgs or resample the mask beforehand to save memory and computation time.
  warnings.warn(
/home/fhopp/.conda/envs/mjs/lib/python3.8/site-packages/nilearn/masking.py:980: UserWarning: Data array used to create a new image contains 64-bit ints. This is likely due to creating the array with numpy and passing `int` as the `dtype`. Many tools such as FSL and SPM cannot deal with int64 in Nifti images, so for compatibility the data has been converted to int32.
  return new_img_like(mask_img, unmasked, affine)
Network 0 - Visual: 50 voxels done Correlation: 0.6117119627966319
Network 0 - Visual: 150 voxels done Correlation: 0.6430225727661489
Network 0 - Visual: 250 voxels done Correlation: 0.5241311645480385
Network 0 - Visual: 500 voxels done Correlation: 0.5775261504512703
Network 0 - Visual: 750 voxels done Correlation: 0.6057435654485565
Network 0 - Visual: 1000 voxels done Correlation: 0.5559898770343497
Network 0 - Visual: 1500 voxels done Correlation: 0.6224129477057554
Network 0 - Visual: 3000 voxels done Correlation: 0.6071580278352662
Network 0 - Visual: 5000 voxels done Correlation: 0.6131865147781045
Network 0 - Visual: 6500 voxels done Correlation: 0.6323840182004703
Network 0 - Visual: 10000 voxels done Correlation: 0.6272698011518576
Network 0 - Visual: 15000 voxels done Correlation: 0.6307159020769473
/home/fhopp/.conda/envs/mjs/lib/python3.8/site-packages/nilearn/masking.py:980: UserWarning: Data array used to create a new image contains 64-bit ints. This is likely due to creating the array with numpy and passing `int` as the `dtype`. Many tools such as FSL and SPM cannot deal with int64 in Nifti images, so for compatibility the data has been converted to int32.
  return new_img_like(mask_img, unmasked, affine)
Network 1 - Somatomotor: 50 voxels done Correlation: 0.2667296138203308
Network 1 - Somatomotor: 150 voxels done Correlation: 0.3354520698118125
Network 1 - Somatomotor: 250 voxels done Correlation: 0.3690206444657951
Network 1 - Somatomotor: 500 voxels done Correlation: 0.3741945687939292
Network 1 - Somatomotor: 750 voxels done Correlation: 0.35932372884222985
Network 1 - Somatomotor: 1000 voxels done Correlation: 0.36365145766991064
Network 1 - Somatomotor: 1500 voxels done Correlation: 0.3510964893979438
Network 1 - Somatomotor: 3000 voxels done Correlation: 0.32731183610585557
Network 1 - Somatomotor: 5000 voxels done Correlation: 0.3427463430945161
Network 1 - Somatomotor: 6500 voxels done Correlation: 0.35665656054185335
Network 1 - Somatomotor: 10000 voxels done Correlation: 0.3479948569539698
Network 1 - Somatomotor: 15000 voxels done Correlation: 0.34475891104857315
/home/fhopp/.conda/envs/mjs/lib/python3.8/site-packages/nilearn/masking.py:980: UserWarning: Data array used to create a new image contains 64-bit ints. This is likely due to creating the array with numpy and passing `int` as the `dtype`. Many tools such as FSL and SPM cannot deal with int64 in Nifti images, so for compatibility the data has been converted to int32.
  return new_img_like(mask_img, unmasked, affine)
Network 2 - dAttention: 50 voxels done Correlation: 0.35768217959831716
Network 2 - dAttention: 150 voxels done Correlation: 0.3283188212295357
Network 2 - dAttention: 250 voxels done Correlation: 0.28623539472448845
Network 2 - dAttention: 500 voxels done Correlation: 0.35395115938910704
Network 2 - dAttention: 750 voxels done Correlation: 0.26072925110584855
Network 2 - dAttention: 1000 voxels done Correlation: 0.3090917989564411
Network 2 - dAttention: 1500 voxels done Correlation: 0.29755515530894877
Network 2 - dAttention: 3000 voxels done Correlation: 0.30589165535706775
Network 2 - dAttention: 5000 voxels done Correlation: 0.3271518204373744
Network 2 - dAttention: 6500 voxels done Correlation: 0.3454732027884741
Network 2 - dAttention: 10000 voxels done Correlation: 0.33153904968864534
Network 2 - dAttention: 15000 voxels done Correlation: 0.3413012598451817
/home/fhopp/.conda/envs/mjs/lib/python3.8/site-packages/nilearn/masking.py:980: UserWarning: Data array used to create a new image contains 64-bit ints. This is likely due to creating the array with numpy and passing `int` as the `dtype`. Many tools such as FSL and SPM cannot deal with int64 in Nifti images, so for compatibility the data has been converted to int32.
  return new_img_like(mask_img, unmasked, affine)
Network 3 - vAttention: 50 voxels done Correlation: 0.2138003185617764
Network 3 - vAttention: 150 voxels done Correlation: 0.32325097151048776
Network 3 - vAttention: 250 voxels done Correlation: 0.3968280397062689
Network 3 - vAttention: 500 voxels done Correlation: 0.2925519943982542
Network 3 - vAttention: 750 voxels done Correlation: 0.3197801276894294
Network 3 - vAttention: 1000 voxels done Correlation: 0.3015170525179204
Network 3 - vAttention: 1500 voxels done Correlation: 0.33961688730261214
Network 3 - vAttention: 3000 voxels done Correlation: 0.37090212710258996
Network 3 - vAttention: 5000 voxels done Correlation: 0.37849652181927806
Network 3 - vAttention: 6500 voxels done Correlation: 0.36638044185918145
Network 3 - vAttention: 10000 voxels done Correlation: 0.38914346257043686
Network 3 - vAttention: 15000 voxels done Correlation: 0.3889545665950362
/home/fhopp/.conda/envs/mjs/lib/python3.8/site-packages/nilearn/masking.py:980: UserWarning: Data array used to create a new image contains 64-bit ints. This is likely due to creating the array with numpy and passing `int` as the `dtype`. Many tools such as FSL and SPM cannot deal with int64 in Nifti images, so for compatibility the data has been converted to int32.
  return new_img_like(mask_img, unmasked, affine)
Network 4 - Limbic: 50 voxels done Correlation: 0.127419005171497
Network 4 - Limbic: 150 voxels done Correlation: 0.18952430042641874
Network 4 - Limbic: 250 voxels done Correlation: 0.23691912584528693
Network 4 - Limbic: 500 voxels done Correlation: 0.24837597320285745
Network 4 - Limbic: 750 voxels done Correlation: 0.24049299702755955
Network 4 - Limbic: 1000 voxels done Correlation: 0.2589713752099946
Network 4 - Limbic: 1500 voxels done Correlation: 0.2645554797594974
Network 4 - Limbic: 3000 voxels done Correlation: 0.2956085593898323
Network 4 - Limbic: 5000 voxels done Correlation: 0.2874894073932773
Network 4 - Limbic: 6500 voxels done Correlation: 0.2761031452038427
Network 4 - Limbic: 10000 voxels done Correlation: 0.28234699808861596
/home/fhopp/.conda/envs/mjs/lib/python3.8/site-packages/nilearn/masking.py:980: UserWarning: Data array used to create a new image contains 64-bit ints. This is likely due to creating the array with numpy and passing `int` as the `dtype`. Many tools such as FSL and SPM cannot deal with int64 in Nifti images, so for compatibility the data has been converted to int32.
  return new_img_like(mask_img, unmasked, affine)
Network 5 - Frontoparietal: 50 voxels done Correlation: 0.154698250387155
Network 5 - Frontoparietal: 150 voxels done Correlation: 0.22574255421222184
Network 5 - Frontoparietal: 250 voxels done Correlation: 0.24881005065978856
Network 5 - Frontoparietal: 500 voxels done Correlation: 0.16936945218207333
Network 5 - Frontoparietal: 750 voxels done Correlation: 0.17933488742623419
Network 5 - Frontoparietal: 1000 voxels done Correlation: 0.2630534092883891
Network 5 - Frontoparietal: 1500 voxels done Correlation: 0.19099091166091187
Network 5 - Frontoparietal: 3000 voxels done Correlation: 0.23803905675497294
Network 5 - Frontoparietal: 5000 voxels done Correlation: 0.2378143236750414
Network 5 - Frontoparietal: 6500 voxels done Correlation: 0.23357878193851878
Network 5 - Frontoparietal: 10000 voxels done Correlation: 0.22024984036658302
Network 5 - Frontoparietal: 15000 voxels done Correlation: 0.23743247193571768
/home/fhopp/.conda/envs/mjs/lib/python3.8/site-packages/nilearn/masking.py:980: UserWarning: Data array used to create a new image contains 64-bit ints. This is likely due to creating the array with numpy and passing `int` as the `dtype`. Many tools such as FSL and SPM cannot deal with int64 in Nifti images, so for compatibility the data has been converted to int32.
  return new_img_like(mask_img, unmasked, affine)
Network 6 - Default Mode: 50 voxels done Correlation: 0.32553374641360966
Network 6 - Default Mode: 150 voxels done Correlation: 0.37115307516088114
Network 6 - Default Mode: 250 voxels done Correlation: 0.40300870731247496
Network 6 - Default Mode: 500 voxels done Correlation: 0.4777584460270279
Network 6 - Default Mode: 750 voxels done Correlation: 0.3611875216006961
Network 6 - Default Mode: 1000 voxels done Correlation: 0.3986420706904569
Network 6 - Default Mode: 1500 voxels done Correlation: 0.41968618250220235
Network 6 - Default Mode: 3000 voxels done Correlation: 0.40335996686099806
Network 6 - Default Mode: 5000 voxels done Correlation: 0.4013003145306757
Network 6 - Default Mode: 6500 voxels done Correlation: 0.405534956161961
Network 6 - Default Mode: 10000 voxels done Correlation: 0.40612643250153935
Network 6 - Default Mode: 15000 voxels done Correlation: 0.39993062573392846
Network 6 - Default Mode: 25000 voxels done Correlation: 0.40937093919880785
/home/fhopp/.conda/envs/mjs/lib/python3.8/site-packages/nilearn/masking.py:980: UserWarning: Data array used to create a new image contains 64-bit ints. This is likely due to creating the array with numpy and passing `int` as the `dtype`. Many tools such as FSL and SPM cannot deal with int64 in Nifti images, so for compatibility the data has been converted to int32.
  return new_img_like(mask_img, unmasked, affine)
Network 7 - Subcortical: 50 voxels done Correlation: 0.132319361113968
Network 7 - Subcortical: 150 voxels done Correlation: 0.17477869093071038
Network 7 - Subcortical: 250 voxels done Correlation: 0.21871407707670942
Network 7 - Subcortical: 500 voxels done Correlation: 0.2101196909717054
Network 7 - Subcortical: 750 voxels done Correlation: 0.18300517689207535
Network 7 - Subcortical: 1000 voxels done Correlation: 0.2891105965815725
Network 7 - Subcortical: 1500 voxels done Correlation: 0.23238697503660266
Network 7 - Subcortical: 3000 voxels done Correlation: 0.1730013409354928
Network 7 - Subcortical: 5000 voxels done Correlation: 0.15682989092786476
Network 7 - Subcortical: 6500 voxels done Correlation: 0.15871012156714248
Network 7 - Subcortical: 10000 voxels done Correlation: 0.16235082898222433
Network 8 - Consciousness: 50 voxels done Correlation: 0.2324409796702661
Network 8 - Consciousness: 150 voxels done Correlation: 0.33799326119235773
Network 8 - Consciousness: 250 voxels done Correlation: 0.2411924262524766
Network 8 - Consciousness: 500 voxels done Correlation: 0.373535661020909
Network 8 - Consciousness: 750 voxels done Correlation: 0.3322672016859319
Network 8 - Consciousness: 1000 voxels done Correlation: 0.3837865700047003
Network 8 - Consciousness: 1500 voxels done Correlation: 0.4405751220133135
Network 8 - Consciousness: 3000 voxels done Correlation: 0.4022847818309516
Network 8 - Consciousness: 5000 voxels done Correlation: 0.4312705040080353
Network 8 - Consciousness: 6500 voxels done Correlation: 0.45608963322647966
Network 8 - Consciousness: 10000 voxels done Correlation: 0.4605075970553741
Network 8 - Consciousness: 15000 voxels done Correlation: 0.4639184685921642
Network 8 - Consciousness: 25000 voxels done Correlation: 0.46196580737715237
Network 8 - Consciousness: 50000 voxels done Correlation: 0.4664521434518605
