Running job on: wood
Iteration: 588
Starting spatial evaluation...
/home/fhopp/.conda/envs/mjs/lib/python3.8/site-packages/nilearn/maskers/nifti_masker.py:110: UserWarning: imgs are being resampled to the mask_img resolution. This process is memory intensive. You might want to provide a target_affine that is equal to the affine of the imgs or resample the mask beforehand to save memory and computation time.
  warnings.warn(
/home/fhopp/.conda/envs/mjs/lib/python3.8/site-packages/nilearn/masking.py:980: UserWarning: Data array used to create a new image contains 64-bit ints. This is likely due to creating the array with numpy and passing `int` as the `dtype`. Many tools such as FSL and SPM cannot deal with int64 in Nifti images, so for compatibility the data has been converted to int32.
  return new_img_like(mask_img, unmasked, affine)
Network 0 - Visual: 50 voxels done Correlation: 0.7142428124608169
Network 0 - Visual: 150 voxels done Correlation: 0.6064863154462192
Network 0 - Visual: 250 voxels done Correlation: 0.5313380918801227
Network 0 - Visual: 500 voxels done Correlation: 0.5860901175610853
Network 0 - Visual: 750 voxels done Correlation: 0.5959995780970487
Network 0 - Visual: 1000 voxels done Correlation: 0.5969688085845122
Network 0 - Visual: 1500 voxels done Correlation: 0.60165691531844
Network 0 - Visual: 3000 voxels done Correlation: 0.6192598883652501
Network 0 - Visual: 5000 voxels done Correlation: 0.6286969635066166
Network 0 - Visual: 6500 voxels done Correlation: 0.6128430792214432
Network 0 - Visual: 10000 voxels done Correlation: 0.6222378068279493
Network 0 - Visual: 15000 voxels done Correlation: 0.6272171993802359
/home/fhopp/.conda/envs/mjs/lib/python3.8/site-packages/nilearn/masking.py:980: UserWarning: Data array used to create a new image contains 64-bit ints. This is likely due to creating the array with numpy and passing `int` as the `dtype`. Many tools such as FSL and SPM cannot deal with int64 in Nifti images, so for compatibility the data has been converted to int32.
  return new_img_like(mask_img, unmasked, affine)
Network 1 - Somatomotor: 50 voxels done Correlation: 0.2032221668250837
Network 1 - Somatomotor: 150 voxels done Correlation: 0.36386705557776217
Network 1 - Somatomotor: 250 voxels done Correlation: 0.25988763893364086
Network 1 - Somatomotor: 500 voxels done Correlation: 0.30370095298826905
Network 1 - Somatomotor: 750 voxels done Correlation: 0.32608918171488877
Network 1 - Somatomotor: 1000 voxels done Correlation: 0.3672731002950047
Network 1 - Somatomotor: 1500 voxels done Correlation: 0.315014618550736
Network 1 - Somatomotor: 3000 voxels done Correlation: 0.3385258511642205
Network 1 - Somatomotor: 5000 voxels done Correlation: 0.3615260316667783
Network 1 - Somatomotor: 6500 voxels done Correlation: 0.34886824778219916
Network 1 - Somatomotor: 10000 voxels done Correlation: 0.34197544859578
Network 1 - Somatomotor: 15000 voxels done Correlation: 0.3441484268207098
/home/fhopp/.conda/envs/mjs/lib/python3.8/site-packages/nilearn/masking.py:980: UserWarning: Data array used to create a new image contains 64-bit ints. This is likely due to creating the array with numpy and passing `int` as the `dtype`. Many tools such as FSL and SPM cannot deal with int64 in Nifti images, so for compatibility the data has been converted to int32.
  return new_img_like(mask_img, unmasked, affine)
Network 2 - dAttention: 50 voxels done Correlation: 0.2784936211550743
Network 2 - dAttention: 150 voxels done Correlation: 0.2888223336355511
Network 2 - dAttention: 250 voxels done Correlation: 0.2364301853223953
Network 2 - dAttention: 500 voxels done Correlation: 0.2806770646667577
Network 2 - dAttention: 750 voxels done Correlation: 0.3645057604345692
Network 2 - dAttention: 1000 voxels done Correlation: 0.34543087350924767
Network 2 - dAttention: 1500 voxels done Correlation: 0.3179365340758461
Network 2 - dAttention: 3000 voxels done Correlation: 0.3247031845515713
Network 2 - dAttention: 5000 voxels done Correlation: 0.3202803742260386
Network 2 - dAttention: 6500 voxels done Correlation: 0.315314543367317
Network 2 - dAttention: 10000 voxels done Correlation: 0.3365420314945466
Network 2 - dAttention: 15000 voxels done Correlation: 0.33550257691360064
/home/fhopp/.conda/envs/mjs/lib/python3.8/site-packages/nilearn/masking.py:980: UserWarning: Data array used to create a new image contains 64-bit ints. This is likely due to creating the array with numpy and passing `int` as the `dtype`. Many tools such as FSL and SPM cannot deal with int64 in Nifti images, so for compatibility the data has been converted to int32.
  return new_img_like(mask_img, unmasked, affine)
Network 3 - vAttention: 50 voxels done Correlation: 0.2572700507289441
Network 3 - vAttention: 150 voxels done Correlation: 0.2072831685137999
Network 3 - vAttention: 250 voxels done Correlation: 0.2742886241668928
Network 3 - vAttention: 500 voxels done Correlation: 0.3426862541431315
Network 3 - vAttention: 750 voxels done Correlation: 0.28956629181250637
Network 3 - vAttention: 1000 voxels done Correlation: 0.34636016547869725
Network 3 - vAttention: 1500 voxels done Correlation: 0.3482231768086186
Network 3 - vAttention: 3000 voxels done Correlation: 0.3890893062471452
Network 3 - vAttention: 5000 voxels done Correlation: 0.36606860845925215
Network 3 - vAttention: 6500 voxels done Correlation: 0.39011727894013104
Network 3 - vAttention: 10000 voxels done Correlation: 0.37777813957887896
Network 3 - vAttention: 15000 voxels done Correlation: 0.38849866681651823
/home/fhopp/.conda/envs/mjs/lib/python3.8/site-packages/nilearn/masking.py:980: UserWarning: Data array used to create a new image contains 64-bit ints. This is likely due to creating the array with numpy and passing `int` as the `dtype`. Many tools such as FSL and SPM cannot deal with int64 in Nifti images, so for compatibility the data has been converted to int32.
  return new_img_like(mask_img, unmasked, affine)
Network 4 - Limbic: 50 voxels done Correlation: 0.17252308119604115
Network 4 - Limbic: 150 voxels done Correlation: 0.2358638875987653
Network 4 - Limbic: 250 voxels done Correlation: 0.2201768918992633
Network 4 - Limbic: 500 voxels done Correlation: 0.27084915751799754
Network 4 - Limbic: 750 voxels done Correlation: 0.2943738150666223
Network 4 - Limbic: 1000 voxels done Correlation: 0.2500744680216518
Network 4 - Limbic: 1500 voxels done Correlation: 0.30044061416943907
Network 4 - Limbic: 3000 voxels done Correlation: 0.2916263047022072
Network 4 - Limbic: 5000 voxels done Correlation: 0.27722981926760065
Network 4 - Limbic: 6500 voxels done Correlation: 0.28260018059254804
Network 4 - Limbic: 10000 voxels done Correlation: 0.28664196144600784
/home/fhopp/.conda/envs/mjs/lib/python3.8/site-packages/nilearn/masking.py:980: UserWarning: Data array used to create a new image contains 64-bit ints. This is likely due to creating the array with numpy and passing `int` as the `dtype`. Many tools such as FSL and SPM cannot deal with int64 in Nifti images, so for compatibility the data has been converted to int32.
  return new_img_like(mask_img, unmasked, affine)
Network 5 - Frontoparietal: 50 voxels done Correlation: 0.15066756200840667
Network 5 - Frontoparietal: 150 voxels done Correlation: 0.21229222874242232
Network 5 - Frontoparietal: 250 voxels done Correlation: 0.29260880857597305
Network 5 - Frontoparietal: 500 voxels done Correlation: 0.28686856440094133
Network 5 - Frontoparietal: 750 voxels done Correlation: 0.2027507799372643
Network 5 - Frontoparietal: 1000 voxels done Correlation: 0.2583020497364986
Network 5 - Frontoparietal: 1500 voxels done Correlation: 0.25111241029193243
Network 5 - Frontoparietal: 3000 voxels done Correlation: 0.24512062025716863
Network 5 - Frontoparietal: 5000 voxels done Correlation: 0.22826731227438277
Network 5 - Frontoparietal: 6500 voxels done Correlation: 0.23325177287362261
Network 5 - Frontoparietal: 10000 voxels done Correlation: 0.2511901907305325
Network 5 - Frontoparietal: 15000 voxels done Correlation: 0.23542650657781283
/home/fhopp/.conda/envs/mjs/lib/python3.8/site-packages/nilearn/masking.py:980: UserWarning: Data array used to create a new image contains 64-bit ints. This is likely due to creating the array with numpy and passing `int` as the `dtype`. Many tools such as FSL and SPM cannot deal with int64 in Nifti images, so for compatibility the data has been converted to int32.
  return new_img_like(mask_img, unmasked, affine)
Network 6 - Default Mode: 50 voxels done Correlation: 0.28094200520426843
Network 6 - Default Mode: 150 voxels done Correlation: 0.2889017957593934
Network 6 - Default Mode: 250 voxels done Correlation: 0.2875858706828208
Network 6 - Default Mode: 500 voxels done Correlation: 0.33600446819171415
Network 6 - Default Mode: 750 voxels done Correlation: 0.34842819178157797
Network 6 - Default Mode: 1000 voxels done Correlation: 0.33292384521403084
Network 6 - Default Mode: 1500 voxels done Correlation: 0.36047472357055416
Network 6 - Default Mode: 3000 voxels done Correlation: 0.39276400418096724
Network 6 - Default Mode: 5000 voxels done Correlation: 0.40606871127791855
Network 6 - Default Mode: 6500 voxels done Correlation: 0.4088069856123393
Network 6 - Default Mode: 10000 voxels done Correlation: 0.40591668171252604
Network 6 - Default Mode: 15000 voxels done Correlation: 0.4135319429025179
Network 6 - Default Mode: 25000 voxels done Correlation: 0.40733626395017225
/home/fhopp/.conda/envs/mjs/lib/python3.8/site-packages/nilearn/masking.py:980: UserWarning: Data array used to create a new image contains 64-bit ints. This is likely due to creating the array with numpy and passing `int` as the `dtype`. Many tools such as FSL and SPM cannot deal with int64 in Nifti images, so for compatibility the data has been converted to int32.
  return new_img_like(mask_img, unmasked, affine)
Network 7 - Subcortical: 50 voxels done Correlation: 0.14348133924445086
Network 7 - Subcortical: 150 voxels done Correlation: 0.15658345738817825
Network 7 - Subcortical: 250 voxels done Correlation: 0.18263176339086307
Network 7 - Subcortical: 500 voxels done Correlation: 0.19247571937590643
Network 7 - Subcortical: 750 voxels done Correlation: 0.2090521598496171
Network 7 - Subcortical: 1000 voxels done Correlation: 0.1855223122251813
Network 7 - Subcortical: 1500 voxels done Correlation: 0.2273288525495869
Network 7 - Subcortical: 3000 voxels done Correlation: 0.18032418558794266
Network 7 - Subcortical: 5000 voxels done Correlation: 0.17304195748909107
Network 7 - Subcortical: 6500 voxels done Correlation: 0.1707463206712685
Network 7 - Subcortical: 10000 voxels done Correlation: 0.16224039315196903
Network 8 - Consciousness: 50 voxels done Correlation: 0.21720805734267123
Network 8 - Consciousness: 150 voxels done Correlation: 0.30698343144740187
Network 8 - Consciousness: 250 voxels done Correlation: 0.51009402633528
Network 8 - Consciousness: 500 voxels done Correlation: 0.38013250424648937
Network 8 - Consciousness: 750 voxels done Correlation: 0.4270184024934793
Network 8 - Consciousness: 1000 voxels done Correlation: 0.38477371196690535
Network 8 - Consciousness: 1500 voxels done Correlation: 0.42935203619887086
Network 8 - Consciousness: 3000 voxels done Correlation: 0.4595808076379799
Network 8 - Consciousness: 5000 voxels done Correlation: 0.4684698243785522
Network 8 - Consciousness: 6500 voxels done Correlation: 0.43799597503455057
Network 8 - Consciousness: 10000 voxels done Correlation: 0.46592713315742873
Network 8 - Consciousness: 15000 voxels done Correlation: 0.4709149962339737
Network 8 - Consciousness: 25000 voxels done Correlation: 0.46694108093663034
Network 8 - Consciousness: 50000 voxels done Correlation: 0.46699739855094446
