Running job on: easley
Iteration: 197
Starting spatial evaluation...
/home/fhopp/.conda/envs/mjs/lib/python3.8/site-packages/nilearn/maskers/nifti_masker.py:110: UserWarning: imgs are being resampled to the mask_img resolution. This process is memory intensive. You might want to provide a target_affine that is equal to the affine of the imgs or resample the mask beforehand to save memory and computation time.
  warnings.warn(
/home/fhopp/.conda/envs/mjs/lib/python3.8/site-packages/nilearn/masking.py:980: UserWarning: Data array used to create a new image contains 64-bit ints. This is likely due to creating the array with numpy and passing `int` as the `dtype`. Many tools such as FSL and SPM cannot deal with int64 in Nifti images, so for compatibility the data has been converted to int32.
  return new_img_like(mask_img, unmasked, affine)
Network 0 - Visual: 50 voxels done Correlation: 0.6562115563919312
Network 0 - Visual: 150 voxels done Correlation: 0.6442590817363538
Network 0 - Visual: 250 voxels done Correlation: 0.5680534378057812
Network 0 - Visual: 500 voxels done Correlation: 0.5242445481637079
Network 0 - Visual: 750 voxels done Correlation: 0.5648208224696124
Network 0 - Visual: 1000 voxels done Correlation: 0.6150165487300054
Network 0 - Visual: 1500 voxels done Correlation: 0.6114930087118209
Network 0 - Visual: 3000 voxels done Correlation: 0.6249426365349315
Network 0 - Visual: 5000 voxels done Correlation: 0.6053557830558582
Network 0 - Visual: 6500 voxels done Correlation: 0.6255322425186696
Network 0 - Visual: 10000 voxels done Correlation: 0.624061653594238
Network 0 - Visual: 15000 voxels done Correlation: 0.6245031990011284
/home/fhopp/.conda/envs/mjs/lib/python3.8/site-packages/nilearn/masking.py:980: UserWarning: Data array used to create a new image contains 64-bit ints. This is likely due to creating the array with numpy and passing `int` as the `dtype`. Many tools such as FSL and SPM cannot deal with int64 in Nifti images, so for compatibility the data has been converted to int32.
  return new_img_like(mask_img, unmasked, affine)
Network 1 - Somatomotor: 50 voxels done Correlation: 0.20037232812330324
Network 1 - Somatomotor: 150 voxels done Correlation: 0.3091578780491292
Network 1 - Somatomotor: 250 voxels done Correlation: 0.34978322104636006
Network 1 - Somatomotor: 500 voxels done Correlation: 0.3214229412513073
Network 1 - Somatomotor: 750 voxels done Correlation: 0.33505891822329936
Network 1 - Somatomotor: 1000 voxels done Correlation: 0.32025052185833763
Network 1 - Somatomotor: 1500 voxels done Correlation: 0.3249130868912947
Network 1 - Somatomotor: 3000 voxels done Correlation: 0.34762289103503313
Network 1 - Somatomotor: 5000 voxels done Correlation: 0.33776384734665893
Network 1 - Somatomotor: 6500 voxels done Correlation: 0.33963301739350105
Network 1 - Somatomotor: 10000 voxels done Correlation: 0.3443760009361244
Network 1 - Somatomotor: 15000 voxels done Correlation: 0.3463985511944631
/home/fhopp/.conda/envs/mjs/lib/python3.8/site-packages/nilearn/masking.py:980: UserWarning: Data array used to create a new image contains 64-bit ints. This is likely due to creating the array with numpy and passing `int` as the `dtype`. Many tools such as FSL and SPM cannot deal with int64 in Nifti images, so for compatibility the data has been converted to int32.
  return new_img_like(mask_img, unmasked, affine)
Network 2 - dAttention: 50 voxels done Correlation: 0.32886747512281955
Network 2 - dAttention: 150 voxels done Correlation: 0.2548594013226554
Network 2 - dAttention: 250 voxels done Correlation: 0.2997234121416827
Network 2 - dAttention: 500 voxels done Correlation: 0.3397391104813602
Network 2 - dAttention: 750 voxels done Correlation: 0.3281271544427028
Network 2 - dAttention: 1000 voxels done Correlation: 0.3066148979599546
Network 2 - dAttention: 1500 voxels done Correlation: 0.3435294078636655
Network 2 - dAttention: 3000 voxels done Correlation: 0.2948230265494506
Network 2 - dAttention: 5000 voxels done Correlation: 0.3566927913245907
Network 2 - dAttention: 6500 voxels done Correlation: 0.33041488746331565
Network 2 - dAttention: 10000 voxels done Correlation: 0.3406421523433113
Network 2 - dAttention: 15000 voxels done Correlation: 0.33535388878229655
/home/fhopp/.conda/envs/mjs/lib/python3.8/site-packages/nilearn/masking.py:980: UserWarning: Data array used to create a new image contains 64-bit ints. This is likely due to creating the array with numpy and passing `int` as the `dtype`. Many tools such as FSL and SPM cannot deal with int64 in Nifti images, so for compatibility the data has been converted to int32.
  return new_img_like(mask_img, unmasked, affine)
Network 3 - vAttention: 50 voxels done Correlation: 0.21649901596065824
Network 3 - vAttention: 150 voxels done Correlation: 0.25216387682054225
Network 3 - vAttention: 250 voxels done Correlation: 0.2846047635577388
Network 3 - vAttention: 500 voxels done Correlation: 0.28173786388222244
Network 3 - vAttention: 750 voxels done Correlation: 0.4169921453953971
Network 3 - vAttention: 1000 voxels done Correlation: 0.3708159473718554
Network 3 - vAttention: 1500 voxels done Correlation: 0.4042814888136438
Network 3 - vAttention: 3000 voxels done Correlation: 0.38201941934549
Network 3 - vAttention: 5000 voxels done Correlation: 0.37270889232194626
Network 3 - vAttention: 6500 voxels done Correlation: 0.38182076920174357
Network 3 - vAttention: 10000 voxels done Correlation: 0.3903643046509052
Network 3 - vAttention: 15000 voxels done Correlation: 0.38982444654193515
/home/fhopp/.conda/envs/mjs/lib/python3.8/site-packages/nilearn/masking.py:980: UserWarning: Data array used to create a new image contains 64-bit ints. This is likely due to creating the array with numpy and passing `int` as the `dtype`. Many tools such as FSL and SPM cannot deal with int64 in Nifti images, so for compatibility the data has been converted to int32.
  return new_img_like(mask_img, unmasked, affine)
Network 4 - Limbic: 50 voxels done Correlation: 0.15814783411781586
Network 4 - Limbic: 150 voxels done Correlation: 0.21283222658816642
Network 4 - Limbic: 250 voxels done Correlation: 0.2479818156512632
Network 4 - Limbic: 500 voxels done Correlation: 0.21912483467794042
Network 4 - Limbic: 750 voxels done Correlation: 0.22692941247805154
Network 4 - Limbic: 1000 voxels done Correlation: 0.2721454564736667
Network 4 - Limbic: 1500 voxels done Correlation: 0.22248791617933808
Network 4 - Limbic: 3000 voxels done Correlation: 0.29688915063491983
Network 4 - Limbic: 5000 voxels done Correlation: 0.29140282382225524
Network 4 - Limbic: 6500 voxels done Correlation: 0.2942574307504881
Network 4 - Limbic: 10000 voxels done Correlation: 0.27951881568970705
/home/fhopp/.conda/envs/mjs/lib/python3.8/site-packages/nilearn/masking.py:980: UserWarning: Data array used to create a new image contains 64-bit ints. This is likely due to creating the array with numpy and passing `int` as the `dtype`. Many tools such as FSL and SPM cannot deal with int64 in Nifti images, so for compatibility the data has been converted to int32.
  return new_img_like(mask_img, unmasked, affine)
Network 5 - Frontoparietal: 50 voxels done Correlation: 0.11594679034190236
Network 5 - Frontoparietal: 150 voxels done Correlation: 0.16183735966358304
Network 5 - Frontoparietal: 250 voxels done Correlation: 0.19120154172763
Network 5 - Frontoparietal: 500 voxels done Correlation: 0.19441520933648762
Network 5 - Frontoparietal: 750 voxels done Correlation: 0.20314398548046347
Network 5 - Frontoparietal: 1000 voxels done Correlation: 0.22103275102110537
Network 5 - Frontoparietal: 1500 voxels done Correlation: 0.28435381049281694
Network 5 - Frontoparietal: 3000 voxels done Correlation: 0.26737953258593217
Network 5 - Frontoparietal: 5000 voxels done Correlation: 0.2236606904643927
Network 5 - Frontoparietal: 6500 voxels done Correlation: 0.24805960246724248
Network 5 - Frontoparietal: 10000 voxels done Correlation: 0.24700564231276456
Network 5 - Frontoparietal: 15000 voxels done Correlation: 0.23661019126190663
/home/fhopp/.conda/envs/mjs/lib/python3.8/site-packages/nilearn/masking.py:980: UserWarning: Data array used to create a new image contains 64-bit ints. This is likely due to creating the array with numpy and passing `int` as the `dtype`. Many tools such as FSL and SPM cannot deal with int64 in Nifti images, so for compatibility the data has been converted to int32.
  return new_img_like(mask_img, unmasked, affine)
Network 6 - Default Mode: 50 voxels done Correlation: 0.17627550574311185
Network 6 - Default Mode: 150 voxels done Correlation: 0.40079260468664796
Network 6 - Default Mode: 250 voxels done Correlation: 0.38371003879793075
Network 6 - Default Mode: 500 voxels done Correlation: 0.3366590904410658
Network 6 - Default Mode: 750 voxels done Correlation: 0.3708055321254755
Network 6 - Default Mode: 1000 voxels done Correlation: 0.3758734017967458
Network 6 - Default Mode: 1500 voxels done Correlation: 0.34155098088454394
Network 6 - Default Mode: 3000 voxels done Correlation: 0.42654042912280454
Network 6 - Default Mode: 5000 voxels done Correlation: 0.40847741664158055
Network 6 - Default Mode: 6500 voxels done Correlation: 0.4030763190359321
Network 6 - Default Mode: 10000 voxels done Correlation: 0.40492349720935167
Network 6 - Default Mode: 15000 voxels done Correlation: 0.40375660125777424
Network 6 - Default Mode: 25000 voxels done Correlation: 0.4060706113423238
/home/fhopp/.conda/envs/mjs/lib/python3.8/site-packages/nilearn/masking.py:980: UserWarning: Data array used to create a new image contains 64-bit ints. This is likely due to creating the array with numpy and passing `int` as the `dtype`. Many tools such as FSL and SPM cannot deal with int64 in Nifti images, so for compatibility the data has been converted to int32.
  return new_img_like(mask_img, unmasked, affine)
Network 7 - Subcortical: 50 voxels done Correlation: 0.09357374095012257
Network 7 - Subcortical: 150 voxels done Correlation: 0.1572505139015454
Network 7 - Subcortical: 250 voxels done Correlation: 0.19945320874948205
Network 7 - Subcortical: 500 voxels done Correlation: 0.19101825242632703
Network 7 - Subcortical: 750 voxels done Correlation: 0.2109657942506284
Network 7 - Subcortical: 1000 voxels done Correlation: 0.20199479994960182
Network 7 - Subcortical: 1500 voxels done Correlation: 0.19018905904597466
Network 7 - Subcortical: 3000 voxels done Correlation: 0.13819557505333008
Network 7 - Subcortical: 5000 voxels done Correlation: 0.1558514150291641
Network 7 - Subcortical: 6500 voxels done Correlation: 0.16251111728568052
Network 7 - Subcortical: 10000 voxels done Correlation: 0.16818725533579226
Network 8 - Consciousness: 50 voxels done Correlation: 0.2798130087707552
Network 8 - Consciousness: 150 voxels done Correlation: 0.40054303733801133
Network 8 - Consciousness: 250 voxels done Correlation: 0.349765411836777
Network 8 - Consciousness: 500 voxels done Correlation: 0.3144566225838064
Network 8 - Consciousness: 750 voxels done Correlation: 0.3725836853391017
Network 8 - Consciousness: 1000 voxels done Correlation: 0.41986011394542694
Network 8 - Consciousness: 1500 voxels done Correlation: 0.452701925563594
Network 8 - Consciousness: 3000 voxels done Correlation: 0.4421349603438035
Network 8 - Consciousness: 5000 voxels done Correlation: 0.45559142191520513
Network 8 - Consciousness: 6500 voxels done Correlation: 0.47891945150163817
Network 8 - Consciousness: 10000 voxels done Correlation: 0.44431372933200286
Network 8 - Consciousness: 15000 voxels done Correlation: 0.45632844983656573
Network 8 - Consciousness: 25000 voxels done Correlation: 0.4681249226366213
Network 8 - Consciousness: 50000 voxels done Correlation: 0.46678406646896653
