Running job on: easley
Iteration: 532
Starting spatial evaluation...
/home/fhopp/.conda/envs/mjs/lib/python3.8/site-packages/nilearn/maskers/nifti_masker.py:110: UserWarning: imgs are being resampled to the mask_img resolution. This process is memory intensive. You might want to provide a target_affine that is equal to the affine of the imgs or resample the mask beforehand to save memory and computation time.
  warnings.warn(
/home/fhopp/.conda/envs/mjs/lib/python3.8/site-packages/nilearn/masking.py:980: UserWarning: Data array used to create a new image contains 64-bit ints. This is likely due to creating the array with numpy and passing `int` as the `dtype`. Many tools such as FSL and SPM cannot deal with int64 in Nifti images, so for compatibility the data has been converted to int32.
  return new_img_like(mask_img, unmasked, affine)
Network 0 - Visual: 50 voxels done Correlation: 0.6352540744820865
Network 0 - Visual: 150 voxels done Correlation: 0.6966198968001629
Network 0 - Visual: 250 voxels done Correlation: 0.6884718266408094
Network 0 - Visual: 500 voxels done Correlation: 0.5869223588802188
Network 0 - Visual: 750 voxels done Correlation: 0.5691929629290413
Network 0 - Visual: 1000 voxels done Correlation: 0.6209938489771583
Network 0 - Visual: 1500 voxels done Correlation: 0.6213767925937141
Network 0 - Visual: 3000 voxels done Correlation: 0.6150478129724788
Network 0 - Visual: 5000 voxels done Correlation: 0.6402276453388138
Network 0 - Visual: 6500 voxels done Correlation: 0.6132316764215375
Network 0 - Visual: 10000 voxels done Correlation: 0.627266310832077
Network 0 - Visual: 15000 voxels done Correlation: 0.6274195565654042
/home/fhopp/.conda/envs/mjs/lib/python3.8/site-packages/nilearn/masking.py:980: UserWarning: Data array used to create a new image contains 64-bit ints. This is likely due to creating the array with numpy and passing `int` as the `dtype`. Many tools such as FSL and SPM cannot deal with int64 in Nifti images, so for compatibility the data has been converted to int32.
  return new_img_like(mask_img, unmasked, affine)
Network 1 - Somatomotor: 50 voxels done Correlation: 0.3335328549087725
Network 1 - Somatomotor: 150 voxels done Correlation: 0.20655656625507757
Network 1 - Somatomotor: 250 voxels done Correlation: 0.35827472703512975
Network 1 - Somatomotor: 500 voxels done Correlation: 0.309100117586654
Network 1 - Somatomotor: 750 voxels done Correlation: 0.39556543700614444
Network 1 - Somatomotor: 1000 voxels done Correlation: 0.3600691117154101
Network 1 - Somatomotor: 1500 voxels done Correlation: 0.3127060801741374
Network 1 - Somatomotor: 3000 voxels done Correlation: 0.3346764484803559
Network 1 - Somatomotor: 5000 voxels done Correlation: 0.3535100434594802
Network 1 - Somatomotor: 6500 voxels done Correlation: 0.33530762110050694
Network 1 - Somatomotor: 10000 voxels done Correlation: 0.34423203897707155
Network 1 - Somatomotor: 15000 voxels done Correlation: 0.3467141484528239
/home/fhopp/.conda/envs/mjs/lib/python3.8/site-packages/nilearn/masking.py:980: UserWarning: Data array used to create a new image contains 64-bit ints. This is likely due to creating the array with numpy and passing `int` as the `dtype`. Many tools such as FSL and SPM cannot deal with int64 in Nifti images, so for compatibility the data has been converted to int32.
  return new_img_like(mask_img, unmasked, affine)
Network 2 - dAttention: 50 voxels done Correlation: 0.20771186611527803
Network 2 - dAttention: 150 voxels done Correlation: 0.2794504026294532
Network 2 - dAttention: 250 voxels done Correlation: 0.21455211879894287
Network 2 - dAttention: 500 voxels done Correlation: 0.2913001423632485
Network 2 - dAttention: 750 voxels done Correlation: 0.3436724618867602
Network 2 - dAttention: 1000 voxels done Correlation: 0.36455776951741836
Network 2 - dAttention: 1500 voxels done Correlation: 0.3190500812968912
Network 2 - dAttention: 3000 voxels done Correlation: 0.2891958774695804
Network 2 - dAttention: 5000 voxels done Correlation: 0.3423601926058033
Network 2 - dAttention: 6500 voxels done Correlation: 0.30967614057561965
Network 2 - dAttention: 10000 voxels done Correlation: 0.33194034692101204
Network 2 - dAttention: 15000 voxels done Correlation: 0.33573792797032653
/home/fhopp/.conda/envs/mjs/lib/python3.8/site-packages/nilearn/masking.py:980: UserWarning: Data array used to create a new image contains 64-bit ints. This is likely due to creating the array with numpy and passing `int` as the `dtype`. Many tools such as FSL and SPM cannot deal with int64 in Nifti images, so for compatibility the data has been converted to int32.
  return new_img_like(mask_img, unmasked, affine)
Network 3 - vAttention: 50 voxels done Correlation: 0.19256020961505674
Network 3 - vAttention: 150 voxels done Correlation: 0.2962272217719021
Network 3 - vAttention: 250 voxels done Correlation: 0.23200722874827934
Network 3 - vAttention: 500 voxels done Correlation: 0.3824489246040893
Network 3 - vAttention: 750 voxels done Correlation: 0.36752496069553264
Network 3 - vAttention: 1000 voxels done Correlation: 0.4292006979013441
Network 3 - vAttention: 1500 voxels done Correlation: 0.3342624499033674
Network 3 - vAttention: 3000 voxels done Correlation: 0.3785946799618591
Network 3 - vAttention: 5000 voxels done Correlation: 0.3833196910673028
Network 3 - vAttention: 6500 voxels done Correlation: 0.3744787213048289
Network 3 - vAttention: 10000 voxels done Correlation: 0.38817663206645325
Network 3 - vAttention: 15000 voxels done Correlation: 0.3902737435397547
/home/fhopp/.conda/envs/mjs/lib/python3.8/site-packages/nilearn/masking.py:980: UserWarning: Data array used to create a new image contains 64-bit ints. This is likely due to creating the array with numpy and passing `int` as the `dtype`. Many tools such as FSL and SPM cannot deal with int64 in Nifti images, so for compatibility the data has been converted to int32.
  return new_img_like(mask_img, unmasked, affine)
Network 4 - Limbic: 50 voxels done Correlation: 0.16022882893434054
Network 4 - Limbic: 150 voxels done Correlation: 0.2038256682716259
Network 4 - Limbic: 250 voxels done Correlation: 0.24007050012602
Network 4 - Limbic: 500 voxels done Correlation: 0.22679245180995816
Network 4 - Limbic: 750 voxels done Correlation: 0.25140754958739586
Network 4 - Limbic: 1000 voxels done Correlation: 0.2548062527928312
Network 4 - Limbic: 1500 voxels done Correlation: 0.2637404594978383
Network 4 - Limbic: 3000 voxels done Correlation: 0.2856717325087642
Network 4 - Limbic: 5000 voxels done Correlation: 0.2868453663217711
Network 4 - Limbic: 6500 voxels done Correlation: 0.2888758883287156
Network 4 - Limbic: 10000 voxels done Correlation: 0.28274027454905415
/home/fhopp/.conda/envs/mjs/lib/python3.8/site-packages/nilearn/masking.py:980: UserWarning: Data array used to create a new image contains 64-bit ints. This is likely due to creating the array with numpy and passing `int` as the `dtype`. Many tools such as FSL and SPM cannot deal with int64 in Nifti images, so for compatibility the data has been converted to int32.
  return new_img_like(mask_img, unmasked, affine)
Network 5 - Frontoparietal: 50 voxels done Correlation: 0.14238582406973216
Network 5 - Frontoparietal: 150 voxels done Correlation: 0.16407102827663442
Network 5 - Frontoparietal: 250 voxels done Correlation: 0.20982507539793682
Network 5 - Frontoparietal: 500 voxels done Correlation: 0.1864585428451772
Network 5 - Frontoparietal: 750 voxels done Correlation: 0.23023158931673848
Network 5 - Frontoparietal: 1000 voxels done Correlation: 0.259188432136657
Network 5 - Frontoparietal: 1500 voxels done Correlation: 0.21389359169793437
Network 5 - Frontoparietal: 3000 voxels done Correlation: 0.21883218375879515
Network 5 - Frontoparietal: 5000 voxels done Correlation: 0.2400165812157333
Network 5 - Frontoparietal: 6500 voxels done Correlation: 0.23159385811720457
Network 5 - Frontoparietal: 10000 voxels done Correlation: 0.23106304502458652
Network 5 - Frontoparietal: 15000 voxels done Correlation: 0.2419344785225741
/home/fhopp/.conda/envs/mjs/lib/python3.8/site-packages/nilearn/masking.py:980: UserWarning: Data array used to create a new image contains 64-bit ints. This is likely due to creating the array with numpy and passing `int` as the `dtype`. Many tools such as FSL and SPM cannot deal with int64 in Nifti images, so for compatibility the data has been converted to int32.
  return new_img_like(mask_img, unmasked, affine)
Network 6 - Default Mode: 50 voxels done Correlation: 0.2561162571695162
Network 6 - Default Mode: 150 voxels done Correlation: 0.3505928820320079
Network 6 - Default Mode: 250 voxels done Correlation: 0.30042672203260334
Network 6 - Default Mode: 500 voxels done Correlation: 0.3146111224484852
Network 6 - Default Mode: 750 voxels done Correlation: 0.3211613650875952
Network 6 - Default Mode: 1000 voxels done Correlation: 0.3673618045376367
Network 6 - Default Mode: 1500 voxels done Correlation: 0.3902274099387977
Network 6 - Default Mode: 3000 voxels done Correlation: 0.4389878453878396
Network 6 - Default Mode: 5000 voxels done Correlation: 0.4013824488449983
Network 6 - Default Mode: 6500 voxels done Correlation: 0.3985892685102563
Network 6 - Default Mode: 10000 voxels done Correlation: 0.40134327436695116
Network 6 - Default Mode: 15000 voxels done Correlation: 0.4033687541593407
Network 6 - Default Mode: 25000 voxels done Correlation: 0.41062599977753933
/home/fhopp/.conda/envs/mjs/lib/python3.8/site-packages/nilearn/masking.py:980: UserWarning: Data array used to create a new image contains 64-bit ints. This is likely due to creating the array with numpy and passing `int` as the `dtype`. Many tools such as FSL and SPM cannot deal with int64 in Nifti images, so for compatibility the data has been converted to int32.
  return new_img_like(mask_img, unmasked, affine)
Network 7 - Subcortical: 50 voxels done Correlation: 0.08887259675013254
Network 7 - Subcortical: 150 voxels done Correlation: 0.21376316756486977
Network 7 - Subcortical: 250 voxels done Correlation: 0.2417912963159189
Network 7 - Subcortical: 500 voxels done Correlation: 0.25425736489906314
Network 7 - Subcortical: 750 voxels done Correlation: 0.17468239970037583
Network 7 - Subcortical: 1000 voxels done Correlation: 0.2001166356298129
Network 7 - Subcortical: 1500 voxels done Correlation: 0.21006686096962018
Network 7 - Subcortical: 3000 voxels done Correlation: 0.17939584225435343
Network 7 - Subcortical: 5000 voxels done Correlation: 0.17026807384315443
Network 7 - Subcortical: 6500 voxels done Correlation: 0.1569203564414015
Network 7 - Subcortical: 10000 voxels done Correlation: 0.1663674949943046
Network 8 - Consciousness: 50 voxels done Correlation: 0.28055165389786374
Network 8 - Consciousness: 150 voxels done Correlation: 0.2688399380634042
Network 8 - Consciousness: 250 voxels done Correlation: 0.31489539987251314
Network 8 - Consciousness: 500 voxels done Correlation: 0.3852406851117862
Network 8 - Consciousness: 750 voxels done Correlation: 0.4141180534115186
Network 8 - Consciousness: 1000 voxels done Correlation: 0.3908241125321327
Network 8 - Consciousness: 1500 voxels done Correlation: 0.4139492555918813
Network 8 - Consciousness: 3000 voxels done Correlation: 0.4154426892143511
Network 8 - Consciousness: 5000 voxels done Correlation: 0.450288077983654
Network 8 - Consciousness: 6500 voxels done Correlation: 0.4785818026018847
Network 8 - Consciousness: 10000 voxels done Correlation: 0.47368366971683185
Network 8 - Consciousness: 15000 voxels done Correlation: 0.4675964207462052
Network 8 - Consciousness: 25000 voxels done Correlation: 0.4689903694677382
Network 8 - Consciousness: 50000 voxels done Correlation: 0.46614115142412643
