Running job on: wood
Iteration: 479
Starting spatial evaluation...
/home/fhopp/.conda/envs/mjs/lib/python3.8/site-packages/nilearn/maskers/nifti_masker.py:110: UserWarning: imgs are being resampled to the mask_img resolution. This process is memory intensive. You might want to provide a target_affine that is equal to the affine of the imgs or resample the mask beforehand to save memory and computation time.
  warnings.warn(
/home/fhopp/.conda/envs/mjs/lib/python3.8/site-packages/nilearn/masking.py:980: UserWarning: Data array used to create a new image contains 64-bit ints. This is likely due to creating the array with numpy and passing `int` as the `dtype`. Many tools such as FSL and SPM cannot deal with int64 in Nifti images, so for compatibility the data has been converted to int32.
  return new_img_like(mask_img, unmasked, affine)
Network 0 - Visual: 50 voxels done Correlation: 0.6798365683291365
Network 0 - Visual: 150 voxels done Correlation: 0.687794364480076
Network 0 - Visual: 250 voxels done Correlation: 0.6185349155438203
Network 0 - Visual: 500 voxels done Correlation: 0.6614315856050735
Network 0 - Visual: 750 voxels done Correlation: 0.5857305223329409
Network 0 - Visual: 1000 voxels done Correlation: 0.5934107916552718
Network 0 - Visual: 1500 voxels done Correlation: 0.589716723765952
Network 0 - Visual: 3000 voxels done Correlation: 0.6266852861315184
Network 0 - Visual: 5000 voxels done Correlation: 0.6307535882904085
Network 0 - Visual: 6500 voxels done Correlation: 0.6387650299826527
Network 0 - Visual: 10000 voxels done Correlation: 0.6306140779870424
Network 0 - Visual: 15000 voxels done Correlation: 0.6307440313189558
/home/fhopp/.conda/envs/mjs/lib/python3.8/site-packages/nilearn/masking.py:980: UserWarning: Data array used to create a new image contains 64-bit ints. This is likely due to creating the array with numpy and passing `int` as the `dtype`. Many tools such as FSL and SPM cannot deal with int64 in Nifti images, so for compatibility the data has been converted to int32.
  return new_img_like(mask_img, unmasked, affine)
Network 1 - Somatomotor: 50 voxels done Correlation: 0.1117888560668889
Network 1 - Somatomotor: 150 voxels done Correlation: 0.33181451634615
Network 1 - Somatomotor: 250 voxels done Correlation: 0.386627454924336
Network 1 - Somatomotor: 500 voxels done Correlation: 0.3366330732639087
Network 1 - Somatomotor: 750 voxels done Correlation: 0.36030440114771123
Network 1 - Somatomotor: 1000 voxels done Correlation: 0.3815864550936263
Network 1 - Somatomotor: 1500 voxels done Correlation: 0.35259834551657593
Network 1 - Somatomotor: 3000 voxels done Correlation: 0.33247981362403123
Network 1 - Somatomotor: 5000 voxels done Correlation: 0.3411242653076899
Network 1 - Somatomotor: 6500 voxels done Correlation: 0.3441500824526976
Network 1 - Somatomotor: 10000 voxels done Correlation: 0.3359595934441335
Network 1 - Somatomotor: 15000 voxels done Correlation: 0.34220322121039715
/home/fhopp/.conda/envs/mjs/lib/python3.8/site-packages/nilearn/masking.py:980: UserWarning: Data array used to create a new image contains 64-bit ints. This is likely due to creating the array with numpy and passing `int` as the `dtype`. Many tools such as FSL and SPM cannot deal with int64 in Nifti images, so for compatibility the data has been converted to int32.
  return new_img_like(mask_img, unmasked, affine)
Network 2 - dAttention: 50 voxels done Correlation: 0.21659327985317964
Network 2 - dAttention: 150 voxels done Correlation: 0.33818358632727474
Network 2 - dAttention: 250 voxels done Correlation: 0.19481948903412122
Network 2 - dAttention: 500 voxels done Correlation: 0.2919200898584897
Network 2 - dAttention: 750 voxels done Correlation: 0.2831141794605707
Network 2 - dAttention: 1000 voxels done Correlation: 0.31226704297521746
Network 2 - dAttention: 1500 voxels done Correlation: 0.34866666113502753
Network 2 - dAttention: 3000 voxels done Correlation: 0.31965730550571997
Network 2 - dAttention: 5000 voxels done Correlation: 0.3497441662067491
Network 2 - dAttention: 6500 voxels done Correlation: 0.3392545731441049
Network 2 - dAttention: 10000 voxels done Correlation: 0.3210169528248944
Network 2 - dAttention: 15000 voxels done Correlation: 0.33488601454211675
/home/fhopp/.conda/envs/mjs/lib/python3.8/site-packages/nilearn/masking.py:980: UserWarning: Data array used to create a new image contains 64-bit ints. This is likely due to creating the array with numpy and passing `int` as the `dtype`. Many tools such as FSL and SPM cannot deal with int64 in Nifti images, so for compatibility the data has been converted to int32.
  return new_img_like(mask_img, unmasked, affine)
Network 3 - vAttention: 50 voxels done Correlation: 0.25901083415776865
Network 3 - vAttention: 150 voxels done Correlation: 0.32201757364850236
Network 3 - vAttention: 250 voxels done Correlation: 0.35908793465192024
Network 3 - vAttention: 500 voxels done Correlation: 0.33118182674004226
Network 3 - vAttention: 750 voxels done Correlation: 0.35016153202375966
Network 3 - vAttention: 1000 voxels done Correlation: 0.2907831091119961
Network 3 - vAttention: 1500 voxels done Correlation: 0.34546597362713505
Network 3 - vAttention: 3000 voxels done Correlation: 0.3512032674907125
Network 3 - vAttention: 5000 voxels done Correlation: 0.39811349744405
Network 3 - vAttention: 6500 voxels done Correlation: 0.38193144406361157
Network 3 - vAttention: 10000 voxels done Correlation: 0.3824159329207415
Network 3 - vAttention: 15000 voxels done Correlation: 0.38684948470746616
/home/fhopp/.conda/envs/mjs/lib/python3.8/site-packages/nilearn/masking.py:980: UserWarning: Data array used to create a new image contains 64-bit ints. This is likely due to creating the array with numpy and passing `int` as the `dtype`. Many tools such as FSL and SPM cannot deal with int64 in Nifti images, so for compatibility the data has been converted to int32.
  return new_img_like(mask_img, unmasked, affine)
Network 4 - Limbic: 50 voxels done Correlation: 0.25327901105657913
Network 4 - Limbic: 150 voxels done Correlation: 0.18122002512948307
Network 4 - Limbic: 250 voxels done Correlation: 0.26631864036908115
Network 4 - Limbic: 500 voxels done Correlation: 0.28433641155306355
Network 4 - Limbic: 750 voxels done Correlation: 0.26426455177421604
Network 4 - Limbic: 1000 voxels done Correlation: 0.2500350719464643
Network 4 - Limbic: 1500 voxels done Correlation: 0.24730724252444838
Network 4 - Limbic: 3000 voxels done Correlation: 0.2782508159150277
Network 4 - Limbic: 5000 voxels done Correlation: 0.28363275054011505
Network 4 - Limbic: 6500 voxels done Correlation: 0.2841816808465074
Network 4 - Limbic: 10000 voxels done Correlation: 0.2832418450300688
/home/fhopp/.conda/envs/mjs/lib/python3.8/site-packages/nilearn/masking.py:980: UserWarning: Data array used to create a new image contains 64-bit ints. This is likely due to creating the array with numpy and passing `int` as the `dtype`. Many tools such as FSL and SPM cannot deal with int64 in Nifti images, so for compatibility the data has been converted to int32.
  return new_img_like(mask_img, unmasked, affine)
Network 5 - Frontoparietal: 50 voxels done Correlation: 0.19809366538916823
Network 5 - Frontoparietal: 150 voxels done Correlation: 0.19276820116394022
Network 5 - Frontoparietal: 250 voxels done Correlation: 0.17744650469621986
Network 5 - Frontoparietal: 500 voxels done Correlation: 0.16971184054915
Network 5 - Frontoparietal: 750 voxels done Correlation: 0.21963698824929198
Network 5 - Frontoparietal: 1000 voxels done Correlation: 0.19245990336080848
Network 5 - Frontoparietal: 1500 voxels done Correlation: 0.2578161894713471
Network 5 - Frontoparietal: 3000 voxels done Correlation: 0.21821733302920052
Network 5 - Frontoparietal: 5000 voxels done Correlation: 0.2549899476876809
Network 5 - Frontoparietal: 6500 voxels done Correlation: 0.23562778024246078
Network 5 - Frontoparietal: 10000 voxels done Correlation: 0.23797312317073807
Network 5 - Frontoparietal: 15000 voxels done Correlation: 0.2347540420587791
/home/fhopp/.conda/envs/mjs/lib/python3.8/site-packages/nilearn/masking.py:980: UserWarning: Data array used to create a new image contains 64-bit ints. This is likely due to creating the array with numpy and passing `int` as the `dtype`. Many tools such as FSL and SPM cannot deal with int64 in Nifti images, so for compatibility the data has been converted to int32.
  return new_img_like(mask_img, unmasked, affine)
Network 6 - Default Mode: 50 voxels done Correlation: 0.23060765732960276
Network 6 - Default Mode: 150 voxels done Correlation: 0.3200813452130475
Network 6 - Default Mode: 250 voxels done Correlation: 0.4261811186683058
Network 6 - Default Mode: 500 voxels done Correlation: 0.33128898619914376
Network 6 - Default Mode: 750 voxels done Correlation: 0.37045319443434577
Network 6 - Default Mode: 1000 voxels done Correlation: 0.39849756616551263
Network 6 - Default Mode: 1500 voxels done Correlation: 0.3726052523817893
Network 6 - Default Mode: 3000 voxels done Correlation: 0.385936243409802
Network 6 - Default Mode: 5000 voxels done Correlation: 0.38409929363941886
Network 6 - Default Mode: 6500 voxels done Correlation: 0.41569613126400956
Network 6 - Default Mode: 10000 voxels done Correlation: 0.4137481031347196
Network 6 - Default Mode: 15000 voxels done Correlation: 0.4020232588214879
Network 6 - Default Mode: 25000 voxels done Correlation: 0.4052193710127845
/home/fhopp/.conda/envs/mjs/lib/python3.8/site-packages/nilearn/masking.py:980: UserWarning: Data array used to create a new image contains 64-bit ints. This is likely due to creating the array with numpy and passing `int` as the `dtype`. Many tools such as FSL and SPM cannot deal with int64 in Nifti images, so for compatibility the data has been converted to int32.
  return new_img_like(mask_img, unmasked, affine)
Network 7 - Subcortical: 50 voxels done Correlation: 0.17900122507457453
Network 7 - Subcortical: 150 voxels done Correlation: 0.17852344560836034
Network 7 - Subcortical: 250 voxels done Correlation: 0.17057781105059072
Network 7 - Subcortical: 500 voxels done Correlation: 0.21999874787997004
Network 7 - Subcortical: 750 voxels done Correlation: 0.24621242829823992
Network 7 - Subcortical: 1000 voxels done Correlation: 0.22962425157784078
Network 7 - Subcortical: 1500 voxels done Correlation: 0.22910949219086363
Network 7 - Subcortical: 3000 voxels done Correlation: 0.18109069911490078
Network 7 - Subcortical: 5000 voxels done Correlation: 0.17508023813705886
Network 7 - Subcortical: 6500 voxels done Correlation: 0.16347720723430406
Network 7 - Subcortical: 10000 voxels done Correlation: 0.16544899104822303
Network 8 - Consciousness: 50 voxels done Correlation: 0.2797149016788438
Network 8 - Consciousness: 150 voxels done Correlation: 0.32944053935910356
Network 8 - Consciousness: 250 voxels done Correlation: 0.35348904536605597
Network 8 - Consciousness: 500 voxels done Correlation: 0.4384103150245777
Network 8 - Consciousness: 750 voxels done Correlation: 0.372451625021681
Network 8 - Consciousness: 1000 voxels done Correlation: 0.4106737084671339
Network 8 - Consciousness: 1500 voxels done Correlation: 0.37167046219911837
Network 8 - Consciousness: 3000 voxels done Correlation: 0.4650960216806299
Network 8 - Consciousness: 5000 voxels done Correlation: 0.46470465434874886
Network 8 - Consciousness: 6500 voxels done Correlation: 0.46255976699152435
Network 8 - Consciousness: 10000 voxels done Correlation: 0.4684661308892637
Network 8 - Consciousness: 15000 voxels done Correlation: 0.47137221762986314
Network 8 - Consciousness: 25000 voxels done Correlation: 0.46253136316682875
Network 8 - Consciousness: 50000 voxels done Correlation: 0.4651082629431448
