Running job on: wood
Iteration: 190
Starting spatial evaluation...
/home/fhopp/.conda/envs/mjs/lib/python3.8/site-packages/nilearn/maskers/nifti_masker.py:110: UserWarning: imgs are being resampled to the mask_img resolution. This process is memory intensive. You might want to provide a target_affine that is equal to the affine of the imgs or resample the mask beforehand to save memory and computation time.
  warnings.warn(
/home/fhopp/.conda/envs/mjs/lib/python3.8/site-packages/nilearn/masking.py:980: UserWarning: Data array used to create a new image contains 64-bit ints. This is likely due to creating the array with numpy and passing `int` as the `dtype`. Many tools such as FSL and SPM cannot deal with int64 in Nifti images, so for compatibility the data has been converted to int32.
  return new_img_like(mask_img, unmasked, affine)
Network 0 - Visual: 50 voxels done Correlation: 0.5431240128278886
Network 0 - Visual: 150 voxels done Correlation: 0.6540464681007843
Network 0 - Visual: 250 voxels done Correlation: 0.5235797325696503
Network 0 - Visual: 500 voxels done Correlation: 0.5845610758819846
Network 0 - Visual: 750 voxels done Correlation: 0.6197032544265227
Network 0 - Visual: 1000 voxels done Correlation: 0.6029202195546377
Network 0 - Visual: 1500 voxels done Correlation: 0.6010756459229214
Network 0 - Visual: 3000 voxels done Correlation: 0.6244924442833408
Network 0 - Visual: 5000 voxels done Correlation: 0.6308874751229792
Network 0 - Visual: 6500 voxels done Correlation: 0.6290718828830678
Network 0 - Visual: 10000 voxels done Correlation: 0.6179945443242711
Network 0 - Visual: 15000 voxels done Correlation: 0.6317000670035443
/home/fhopp/.conda/envs/mjs/lib/python3.8/site-packages/nilearn/masking.py:980: UserWarning: Data array used to create a new image contains 64-bit ints. This is likely due to creating the array with numpy and passing `int` as the `dtype`. Many tools such as FSL and SPM cannot deal with int64 in Nifti images, so for compatibility the data has been converted to int32.
  return new_img_like(mask_img, unmasked, affine)
Network 1 - Somatomotor: 50 voxels done Correlation: 0.14825008482976276
Network 1 - Somatomotor: 150 voxels done Correlation: 0.2969931920418858
Network 1 - Somatomotor: 250 voxels done Correlation: 0.35897044996167427
Network 1 - Somatomotor: 500 voxels done Correlation: 0.28940411754439876
Network 1 - Somatomotor: 750 voxels done Correlation: 0.36853527375953454
Network 1 - Somatomotor: 1000 voxels done Correlation: 0.32447864620390066
Network 1 - Somatomotor: 1500 voxels done Correlation: 0.34236897271482225
Network 1 - Somatomotor: 3000 voxels done Correlation: 0.3219654649449042
Network 1 - Somatomotor: 5000 voxels done Correlation: 0.34100623067416724
Network 1 - Somatomotor: 6500 voxels done Correlation: 0.34373904412621165
Network 1 - Somatomotor: 10000 voxels done Correlation: 0.3467544463877077
Network 1 - Somatomotor: 15000 voxels done Correlation: 0.3420173213169808
/home/fhopp/.conda/envs/mjs/lib/python3.8/site-packages/nilearn/masking.py:980: UserWarning: Data array used to create a new image contains 64-bit ints. This is likely due to creating the array with numpy and passing `int` as the `dtype`. Many tools such as FSL and SPM cannot deal with int64 in Nifti images, so for compatibility the data has been converted to int32.
  return new_img_like(mask_img, unmasked, affine)
Network 2 - dAttention: 50 voxels done Correlation: 0.1592837883501929
Network 2 - dAttention: 150 voxels done Correlation: 0.34337279191802805
Network 2 - dAttention: 250 voxels done Correlation: 0.29241946239978767
Network 2 - dAttention: 500 voxels done Correlation: 0.3523683268929806
Network 2 - dAttention: 750 voxels done Correlation: 0.28918439126606943
Network 2 - dAttention: 1000 voxels done Correlation: 0.33637659545108867
Network 2 - dAttention: 1500 voxels done Correlation: 0.29422476028073696
Network 2 - dAttention: 3000 voxels done Correlation: 0.3197694617370492
Network 2 - dAttention: 5000 voxels done Correlation: 0.32741275165490724
Network 2 - dAttention: 6500 voxels done Correlation: 0.32576255121504444
Network 2 - dAttention: 10000 voxels done Correlation: 0.33171881346327736
Network 2 - dAttention: 15000 voxels done Correlation: 0.3360593830222941
/home/fhopp/.conda/envs/mjs/lib/python3.8/site-packages/nilearn/masking.py:980: UserWarning: Data array used to create a new image contains 64-bit ints. This is likely due to creating the array with numpy and passing `int` as the `dtype`. Many tools such as FSL and SPM cannot deal with int64 in Nifti images, so for compatibility the data has been converted to int32.
  return new_img_like(mask_img, unmasked, affine)
Network 3 - vAttention: 50 voxels done Correlation: 0.1981844519309171
Network 3 - vAttention: 150 voxels done Correlation: 0.2820818380303347
Network 3 - vAttention: 250 voxels done Correlation: 0.2960096628891544
Network 3 - vAttention: 500 voxels done Correlation: 0.33968843015726025
Network 3 - vAttention: 750 voxels done Correlation: 0.33815153171823
Network 3 - vAttention: 1000 voxels done Correlation: 0.368183212920431
Network 3 - vAttention: 1500 voxels done Correlation: 0.3260931720728182
Network 3 - vAttention: 3000 voxels done Correlation: 0.3614524989402053
Network 3 - vAttention: 5000 voxels done Correlation: 0.3887298485254056
Network 3 - vAttention: 6500 voxels done Correlation: 0.3860469844608233
Network 3 - vAttention: 10000 voxels done Correlation: 0.3940744513218062
Network 3 - vAttention: 15000 voxels done Correlation: 0.38878169748237684
/home/fhopp/.conda/envs/mjs/lib/python3.8/site-packages/nilearn/masking.py:980: UserWarning: Data array used to create a new image contains 64-bit ints. This is likely due to creating the array with numpy and passing `int` as the `dtype`. Many tools such as FSL and SPM cannot deal with int64 in Nifti images, so for compatibility the data has been converted to int32.
  return new_img_like(mask_img, unmasked, affine)
Network 4 - Limbic: 50 voxels done Correlation: 0.13841337360825653
Network 4 - Limbic: 150 voxels done Correlation: 0.20941159954011368
Network 4 - Limbic: 250 voxels done Correlation: 0.231697710809799
Network 4 - Limbic: 500 voxels done Correlation: 0.2892302423764856
Network 4 - Limbic: 750 voxels done Correlation: 0.19566410952637175
Network 4 - Limbic: 1000 voxels done Correlation: 0.26273958983097595
Network 4 - Limbic: 1500 voxels done Correlation: 0.24985832390543858
Network 4 - Limbic: 3000 voxels done Correlation: 0.287405769941438
Network 4 - Limbic: 5000 voxels done Correlation: 0.29378665261090897
Network 4 - Limbic: 6500 voxels done Correlation: 0.2702204371096928
Network 4 - Limbic: 10000 voxels done Correlation: 0.2791462575157938
/home/fhopp/.conda/envs/mjs/lib/python3.8/site-packages/nilearn/masking.py:980: UserWarning: Data array used to create a new image contains 64-bit ints. This is likely due to creating the array with numpy and passing `int` as the `dtype`. Many tools such as FSL and SPM cannot deal with int64 in Nifti images, so for compatibility the data has been converted to int32.
  return new_img_like(mask_img, unmasked, affine)
Network 5 - Frontoparietal: 50 voxels done Correlation: 0.13078022193332164
Network 5 - Frontoparietal: 150 voxels done Correlation: 0.20036171647332157
Network 5 - Frontoparietal: 250 voxels done Correlation: 0.20316146739538654
Network 5 - Frontoparietal: 500 voxels done Correlation: 0.22691056349811747
Network 5 - Frontoparietal: 750 voxels done Correlation: 0.21550280007437986
Network 5 - Frontoparietal: 1000 voxels done Correlation: 0.20786774714925527
Network 5 - Frontoparietal: 1500 voxels done Correlation: 0.22142974828535192
Network 5 - Frontoparietal: 3000 voxels done Correlation: 0.21712846376372089
Network 5 - Frontoparietal: 5000 voxels done Correlation: 0.2293949698409521
Network 5 - Frontoparietal: 6500 voxels done Correlation: 0.2250450048273997
Network 5 - Frontoparietal: 10000 voxels done Correlation: 0.2410286458854865
Network 5 - Frontoparietal: 15000 voxels done Correlation: 0.23562220835382935
/home/fhopp/.conda/envs/mjs/lib/python3.8/site-packages/nilearn/masking.py:980: UserWarning: Data array used to create a new image contains 64-bit ints. This is likely due to creating the array with numpy and passing `int` as the `dtype`. Many tools such as FSL and SPM cannot deal with int64 in Nifti images, so for compatibility the data has been converted to int32.
  return new_img_like(mask_img, unmasked, affine)
Network 6 - Default Mode: 50 voxels done Correlation: 0.38518570975808564
Network 6 - Default Mode: 150 voxels done Correlation: 0.30571296017769417
Network 6 - Default Mode: 250 voxels done Correlation: 0.4119358692353384
Network 6 - Default Mode: 500 voxels done Correlation: 0.4128320410547446
Network 6 - Default Mode: 750 voxels done Correlation: 0.4129419492850124
Network 6 - Default Mode: 1000 voxels done Correlation: 0.37778185033556555
Network 6 - Default Mode: 1500 voxels done Correlation: 0.371407851223289
Network 6 - Default Mode: 3000 voxels done Correlation: 0.412656583196369
Network 6 - Default Mode: 5000 voxels done Correlation: 0.40867380925714714
Network 6 - Default Mode: 6500 voxels done Correlation: 0.4075774910550817
Network 6 - Default Mode: 10000 voxels done Correlation: 0.40179358896316564
Network 6 - Default Mode: 15000 voxels done Correlation: 0.40976485480120306
Network 6 - Default Mode: 25000 voxels done Correlation: 0.4039107099007189
/home/fhopp/.conda/envs/mjs/lib/python3.8/site-packages/nilearn/masking.py:980: UserWarning: Data array used to create a new image contains 64-bit ints. This is likely due to creating the array with numpy and passing `int` as the `dtype`. Many tools such as FSL and SPM cannot deal with int64 in Nifti images, so for compatibility the data has been converted to int32.
  return new_img_like(mask_img, unmasked, affine)
Network 7 - Subcortical: 50 voxels done Correlation: 0.21333238001020635
Network 7 - Subcortical: 150 voxels done Correlation: 0.1878584307598959
Network 7 - Subcortical: 250 voxels done Correlation: 0.18840778855028056
Network 7 - Subcortical: 500 voxels done Correlation: 0.25341670523913445
Network 7 - Subcortical: 750 voxels done Correlation: 0.17845655760422152
Network 7 - Subcortical: 1000 voxels done Correlation: 0.23691255863939792
Network 7 - Subcortical: 1500 voxels done Correlation: 0.19734132837600393
Network 7 - Subcortical: 3000 voxels done Correlation: 0.1670758618376261
Network 7 - Subcortical: 5000 voxels done Correlation: 0.16175770446839405
Network 7 - Subcortical: 6500 voxels done Correlation: 0.1706161570038155
Network 7 - Subcortical: 10000 voxels done Correlation: 0.1655985513331839
Network 8 - Consciousness: 50 voxels done Correlation: 0.23992995514926796
Network 8 - Consciousness: 150 voxels done Correlation: 0.23564607058771608
Network 8 - Consciousness: 250 voxels done Correlation: 0.3269180516210507
Network 8 - Consciousness: 500 voxels done Correlation: 0.31498199118373915
Network 8 - Consciousness: 750 voxels done Correlation: 0.3665092044305107
Network 8 - Consciousness: 1000 voxels done Correlation: 0.4482369304771482
Network 8 - Consciousness: 1500 voxels done Correlation: 0.41445354706274795
Network 8 - Consciousness: 3000 voxels done Correlation: 0.3819334108258826
Network 8 - Consciousness: 5000 voxels done Correlation: 0.49046573986118863
Network 8 - Consciousness: 6500 voxels done Correlation: 0.4403003728735173
Network 8 - Consciousness: 10000 voxels done Correlation: 0.45018549443768885
Network 8 - Consciousness: 15000 voxels done Correlation: 0.4667992708852471
Network 8 - Consciousness: 25000 voxels done Correlation: 0.45145092784097646
Network 8 - Consciousness: 50000 voxels done Correlation: 0.466250031069585
