Running job on: wood
Iteration: 62
Starting spatial evaluation...
/home/fhopp/.conda/envs/mjs/lib/python3.8/site-packages/nilearn/maskers/nifti_masker.py:110: UserWarning: imgs are being resampled to the mask_img resolution. This process is memory intensive. You might want to provide a target_affine that is equal to the affine of the imgs or resample the mask beforehand to save memory and computation time.
  warnings.warn(
/home/fhopp/.conda/envs/mjs/lib/python3.8/site-packages/nilearn/masking.py:980: UserWarning: Data array used to create a new image contains 64-bit ints. This is likely due to creating the array with numpy and passing `int` as the `dtype`. Many tools such as FSL and SPM cannot deal with int64 in Nifti images, so for compatibility the data has been converted to int32.
  return new_img_like(mask_img, unmasked, affine)
Network 0 - Visual: 50 voxels done Correlation: 0.6779948366473968
Network 0 - Visual: 150 voxels done Correlation: 0.670862906153296
Network 0 - Visual: 250 voxels done Correlation: 0.5979869672914015
Network 0 - Visual: 500 voxels done Correlation: 0.5098587553934186
Network 0 - Visual: 750 voxels done Correlation: 0.574804146591291
Network 0 - Visual: 1000 voxels done Correlation: 0.6032224740140457
Network 0 - Visual: 1500 voxels done Correlation: 0.5895386169426702
Network 0 - Visual: 3000 voxels done Correlation: 0.6182880999759321
Network 0 - Visual: 5000 voxels done Correlation: 0.6283683795960584
Network 0 - Visual: 6500 voxels done Correlation: 0.6095553066364197
Network 0 - Visual: 10000 voxels done Correlation: 0.6281984966412686
Network 0 - Visual: 15000 voxels done Correlation: 0.6271694421063734
/home/fhopp/.conda/envs/mjs/lib/python3.8/site-packages/nilearn/masking.py:980: UserWarning: Data array used to create a new image contains 64-bit ints. This is likely due to creating the array with numpy and passing `int` as the `dtype`. Many tools such as FSL and SPM cannot deal with int64 in Nifti images, so for compatibility the data has been converted to int32.
  return new_img_like(mask_img, unmasked, affine)
Network 1 - Somatomotor: 50 voxels done Correlation: 0.2508882184400335
Network 1 - Somatomotor: 150 voxels done Correlation: 0.1663893666756316
Network 1 - Somatomotor: 250 voxels done Correlation: 0.251981967358906
Network 1 - Somatomotor: 500 voxels done Correlation: 0.38693637991638896
Network 1 - Somatomotor: 750 voxels done Correlation: 0.338837586398431
Network 1 - Somatomotor: 1000 voxels done Correlation: 0.30862254120742905
Network 1 - Somatomotor: 1500 voxels done Correlation: 0.33255924911805634
Network 1 - Somatomotor: 3000 voxels done Correlation: 0.3441099810720115
Network 1 - Somatomotor: 5000 voxels done Correlation: 0.3189897001647295
Network 1 - Somatomotor: 6500 voxels done Correlation: 0.33921977863272
Network 1 - Somatomotor: 10000 voxels done Correlation: 0.3418146153188405
Network 1 - Somatomotor: 15000 voxels done Correlation: 0.34445391350223825
/home/fhopp/.conda/envs/mjs/lib/python3.8/site-packages/nilearn/masking.py:980: UserWarning: Data array used to create a new image contains 64-bit ints. This is likely due to creating the array with numpy and passing `int` as the `dtype`. Many tools such as FSL and SPM cannot deal with int64 in Nifti images, so for compatibility the data has been converted to int32.
  return new_img_like(mask_img, unmasked, affine)
Network 2 - dAttention: 50 voxels done Correlation: 0.2590391716886375
Network 2 - dAttention: 150 voxels done Correlation: 0.2762153882647586
Network 2 - dAttention: 250 voxels done Correlation: 0.3230608803696165
Network 2 - dAttention: 500 voxels done Correlation: 0.3185845548828641
Network 2 - dAttention: 750 voxels done Correlation: 0.32505468028993817
Network 2 - dAttention: 1000 voxels done Correlation: 0.3191218038143049
Network 2 - dAttention: 1500 voxels done Correlation: 0.32274916565749934
Network 2 - dAttention: 3000 voxels done Correlation: 0.30244015959738
Network 2 - dAttention: 5000 voxels done Correlation: 0.3237426310716452
Network 2 - dAttention: 6500 voxels done Correlation: 0.32079156260936387
Network 2 - dAttention: 10000 voxels done Correlation: 0.336365857864394
Network 2 - dAttention: 15000 voxels done Correlation: 0.3331561195719779
/home/fhopp/.conda/envs/mjs/lib/python3.8/site-packages/nilearn/masking.py:980: UserWarning: Data array used to create a new image contains 64-bit ints. This is likely due to creating the array with numpy and passing `int` as the `dtype`. Many tools such as FSL and SPM cannot deal with int64 in Nifti images, so for compatibility the data has been converted to int32.
  return new_img_like(mask_img, unmasked, affine)
Network 3 - vAttention: 50 voxels done Correlation: 0.15663771103423552
Network 3 - vAttention: 150 voxels done Correlation: 0.30895899417859474
Network 3 - vAttention: 250 voxels done Correlation: 0.2765227414545991
Network 3 - vAttention: 500 voxels done Correlation: 0.3471654954146043
Network 3 - vAttention: 750 voxels done Correlation: 0.33274108416095216
Network 3 - vAttention: 1000 voxels done Correlation: 0.3637303817081915
Network 3 - vAttention: 1500 voxels done Correlation: 0.33709891893836397
Network 3 - vAttention: 3000 voxels done Correlation: 0.39335651215587464
Network 3 - vAttention: 5000 voxels done Correlation: 0.3826915665211502
Network 3 - vAttention: 6500 voxels done Correlation: 0.3723357235435002
Network 3 - vAttention: 10000 voxels done Correlation: 0.3813344530538981
Network 3 - vAttention: 15000 voxels done Correlation: 0.3887408789505746
/home/fhopp/.conda/envs/mjs/lib/python3.8/site-packages/nilearn/masking.py:980: UserWarning: Data array used to create a new image contains 64-bit ints. This is likely due to creating the array with numpy and passing `int` as the `dtype`. Many tools such as FSL and SPM cannot deal with int64 in Nifti images, so for compatibility the data has been converted to int32.
  return new_img_like(mask_img, unmasked, affine)
Network 4 - Limbic: 50 voxels done Correlation: 0.1595304006999752
Network 4 - Limbic: 150 voxels done Correlation: 0.19625983553936804
Network 4 - Limbic: 250 voxels done Correlation: 0.26793891695700156
Network 4 - Limbic: 500 voxels done Correlation: 0.25941443504364115
Network 4 - Limbic: 750 voxels done Correlation: 0.27494266796434863
Network 4 - Limbic: 1000 voxels done Correlation: 0.23638684935557716
Network 4 - Limbic: 1500 voxels done Correlation: 0.2605707654668168
Network 4 - Limbic: 3000 voxels done Correlation: 0.2808636206217999
Network 4 - Limbic: 5000 voxels done Correlation: 0.2680993029736642
Network 4 - Limbic: 6500 voxels done Correlation: 0.2931272169195539
Network 4 - Limbic: 10000 voxels done Correlation: 0.2831538177840217
/home/fhopp/.conda/envs/mjs/lib/python3.8/site-packages/nilearn/masking.py:980: UserWarning: Data array used to create a new image contains 64-bit ints. This is likely due to creating the array with numpy and passing `int` as the `dtype`. Many tools such as FSL and SPM cannot deal with int64 in Nifti images, so for compatibility the data has been converted to int32.
  return new_img_like(mask_img, unmasked, affine)
Network 5 - Frontoparietal: 50 voxels done Correlation: 0.1232665182738303
Network 5 - Frontoparietal: 150 voxels done Correlation: 0.15479815846802675
Network 5 - Frontoparietal: 250 voxels done Correlation: 0.3229407952746408
Network 5 - Frontoparietal: 500 voxels done Correlation: 0.2665150902647245
Network 5 - Frontoparietal: 750 voxels done Correlation: 0.199729008104313
Network 5 - Frontoparietal: 1000 voxels done Correlation: 0.21810177119739346
Network 5 - Frontoparietal: 1500 voxels done Correlation: 0.24767928951205131
Network 5 - Frontoparietal: 3000 voxels done Correlation: 0.2228210476481652
Network 5 - Frontoparietal: 5000 voxels done Correlation: 0.2267657649150126
Network 5 - Frontoparietal: 6500 voxels done Correlation: 0.22931139276181317
Network 5 - Frontoparietal: 10000 voxels done Correlation: 0.24132548840482376
Network 5 - Frontoparietal: 15000 voxels done Correlation: 0.23923105084183569
/home/fhopp/.conda/envs/mjs/lib/python3.8/site-packages/nilearn/masking.py:980: UserWarning: Data array used to create a new image contains 64-bit ints. This is likely due to creating the array with numpy and passing `int` as the `dtype`. Many tools such as FSL and SPM cannot deal with int64 in Nifti images, so for compatibility the data has been converted to int32.
  return new_img_like(mask_img, unmasked, affine)
Network 6 - Default Mode: 50 voxels done Correlation: 0.3022538946223354
Network 6 - Default Mode: 150 voxels done Correlation: 0.39186107636911194
Network 6 - Default Mode: 250 voxels done Correlation: 0.3853872718603508
Network 6 - Default Mode: 500 voxels done Correlation: 0.5061852756397267
Network 6 - Default Mode: 750 voxels done Correlation: 0.3486478727607301
Network 6 - Default Mode: 1000 voxels done Correlation: 0.3463549422528739
Network 6 - Default Mode: 1500 voxels done Correlation: 0.43394858993650304
Network 6 - Default Mode: 3000 voxels done Correlation: 0.35091175556810605
Network 6 - Default Mode: 5000 voxels done Correlation: 0.3927378415870659
Network 6 - Default Mode: 6500 voxels done Correlation: 0.40228909635600213
Network 6 - Default Mode: 10000 voxels done Correlation: 0.4139939371900282
Network 6 - Default Mode: 15000 voxels done Correlation: 0.4117069277318237
Network 6 - Default Mode: 25000 voxels done Correlation: 0.4074748633810239
/home/fhopp/.conda/envs/mjs/lib/python3.8/site-packages/nilearn/masking.py:980: UserWarning: Data array used to create a new image contains 64-bit ints. This is likely due to creating the array with numpy and passing `int` as the `dtype`. Many tools such as FSL and SPM cannot deal with int64 in Nifti images, so for compatibility the data has been converted to int32.
  return new_img_like(mask_img, unmasked, affine)
Network 7 - Subcortical: 50 voxels done Correlation: 0.16973034872588127
Network 7 - Subcortical: 150 voxels done Correlation: 0.12486596808913628
Network 7 - Subcortical: 250 voxels done Correlation: 0.21521557116421317
Network 7 - Subcortical: 500 voxels done Correlation: 0.19864362019705556
Network 7 - Subcortical: 750 voxels done Correlation: 0.23970006624723086
Network 7 - Subcortical: 1000 voxels done Correlation: 0.26943632942530304
Network 7 - Subcortical: 1500 voxels done Correlation: 0.24290104802575052
Network 7 - Subcortical: 3000 voxels done Correlation: 0.19573490108105873
Network 7 - Subcortical: 5000 voxels done Correlation: 0.1665380664233278
Network 7 - Subcortical: 6500 voxels done Correlation: 0.16987401386843876
Network 7 - Subcortical: 10000 voxels done Correlation: 0.16312711493445695
Network 8 - Consciousness: 50 voxels done Correlation: 0.3777046096333799
Network 8 - Consciousness: 150 voxels done Correlation: 0.3991552445725355
Network 8 - Consciousness: 250 voxels done Correlation: 0.3704190915376182
Network 8 - Consciousness: 500 voxels done Correlation: 0.3323537858467343
Network 8 - Consciousness: 750 voxels done Correlation: 0.380418816885528
Network 8 - Consciousness: 1000 voxels done Correlation: 0.42984464785720206
Network 8 - Consciousness: 1500 voxels done Correlation: 0.4597136796772729
Network 8 - Consciousness: 3000 voxels done Correlation: 0.4267235489015223
Network 8 - Consciousness: 5000 voxels done Correlation: 0.45750911399215344
Network 8 - Consciousness: 6500 voxels done Correlation: 0.45524255071258446
Network 8 - Consciousness: 10000 voxels done Correlation: 0.43827364860940776
Network 8 - Consciousness: 15000 voxels done Correlation: 0.4512894418005555
Network 8 - Consciousness: 25000 voxels done Correlation: 0.4705786734214049
Network 8 - Consciousness: 50000 voxels done Correlation: 0.46405145822802324
