Running job on: nash
Iteration: 879
Starting spatial evaluation...
/home/fhopp/.conda/envs/mjs/lib/python3.8/site-packages/nilearn/maskers/nifti_masker.py:110: UserWarning: imgs are being resampled to the mask_img resolution. This process is memory intensive. You might want to provide a target_affine that is equal to the affine of the imgs or resample the mask beforehand to save memory and computation time.
  warnings.warn(
/home/fhopp/.conda/envs/mjs/lib/python3.8/site-packages/nilearn/masking.py:980: UserWarning: Data array used to create a new image contains 64-bit ints. This is likely due to creating the array with numpy and passing `int` as the `dtype`. Many tools such as FSL and SPM cannot deal with int64 in Nifti images, so for compatibility the data has been converted to int32.
  return new_img_like(mask_img, unmasked, affine)
Network 0 - Visual: 50 voxels done Correlation: 0.6124921591651669
Network 0 - Visual: 150 voxels done Correlation: 0.6443943798929173
Network 0 - Visual: 250 voxels done Correlation: 0.5744464320452611
Network 0 - Visual: 500 voxels done Correlation: 0.5477197583829008
Network 0 - Visual: 750 voxels done Correlation: 0.5520473926483016
Network 0 - Visual: 1000 voxels done Correlation: 0.5836984182654533
Network 0 - Visual: 1500 voxels done Correlation: 0.600474344202838
Network 0 - Visual: 3000 voxels done Correlation: 0.6352996710926249
Network 0 - Visual: 5000 voxels done Correlation: 0.6318584037912314
Network 0 - Visual: 6500 voxels done Correlation: 0.6195777535635569
Network 0 - Visual: 10000 voxels done Correlation: 0.6294696556272057
Network 0 - Visual: 15000 voxels done Correlation: 0.6290167123304822
/home/fhopp/.conda/envs/mjs/lib/python3.8/site-packages/nilearn/masking.py:980: UserWarning: Data array used to create a new image contains 64-bit ints. This is likely due to creating the array with numpy and passing `int` as the `dtype`. Many tools such as FSL and SPM cannot deal with int64 in Nifti images, so for compatibility the data has been converted to int32.
  return new_img_like(mask_img, unmasked, affine)
Network 1 - Somatomotor: 50 voxels done Correlation: 0.12596725098901557
Network 1 - Somatomotor: 150 voxels done Correlation: 0.2315660378247649
Network 1 - Somatomotor: 250 voxels done Correlation: 0.3890546034928843
Network 1 - Somatomotor: 500 voxels done Correlation: 0.36848026489943686
Network 1 - Somatomotor: 750 voxels done Correlation: 0.3876443626049808
Network 1 - Somatomotor: 1000 voxels done Correlation: 0.3290061862445177
Network 1 - Somatomotor: 1500 voxels done Correlation: 0.3405545276132326
Network 1 - Somatomotor: 3000 voxels done Correlation: 0.3314720444718967
Network 1 - Somatomotor: 5000 voxels done Correlation: 0.34517083749581656
Network 1 - Somatomotor: 6500 voxels done Correlation: 0.3541965395329177
Network 1 - Somatomotor: 10000 voxels done Correlation: 0.3364062974632563
Network 1 - Somatomotor: 15000 voxels done Correlation: 0.3447714899764036
/home/fhopp/.conda/envs/mjs/lib/python3.8/site-packages/nilearn/masking.py:980: UserWarning: Data array used to create a new image contains 64-bit ints. This is likely due to creating the array with numpy and passing `int` as the `dtype`. Many tools such as FSL and SPM cannot deal with int64 in Nifti images, so for compatibility the data has been converted to int32.
  return new_img_like(mask_img, unmasked, affine)
Network 2 - dAttention: 50 voxels done Correlation: 0.2219573404978985
Network 2 - dAttention: 150 voxels done Correlation: 0.3990538024517969
Network 2 - dAttention: 250 voxels done Correlation: 0.29790870229924116
Network 2 - dAttention: 500 voxels done Correlation: 0.22694338552907017
Network 2 - dAttention: 750 voxels done Correlation: 0.32257572554090835
Network 2 - dAttention: 1000 voxels done Correlation: 0.29653314034673106
Network 2 - dAttention: 1500 voxels done Correlation: 0.33584636475334295
Network 2 - dAttention: 3000 voxels done Correlation: 0.32784115167232053
Network 2 - dAttention: 5000 voxels done Correlation: 0.340424710668064
Network 2 - dAttention: 6500 voxels done Correlation: 0.3391320797471984
Network 2 - dAttention: 10000 voxels done Correlation: 0.33743776676795423
Network 2 - dAttention: 15000 voxels done Correlation: 0.3334510526934159
/home/fhopp/.conda/envs/mjs/lib/python3.8/site-packages/nilearn/masking.py:980: UserWarning: Data array used to create a new image contains 64-bit ints. This is likely due to creating the array with numpy and passing `int` as the `dtype`. Many tools such as FSL and SPM cannot deal with int64 in Nifti images, so for compatibility the data has been converted to int32.
  return new_img_like(mask_img, unmasked, affine)
Network 3 - vAttention: 50 voxels done Correlation: 0.24101540583025777
Network 3 - vAttention: 150 voxels done Correlation: 0.30453224560670666
Network 3 - vAttention: 250 voxels done Correlation: 0.37212868319597187
Network 3 - vAttention: 500 voxels done Correlation: 0.26996959545800436
Network 3 - vAttention: 750 voxels done Correlation: 0.3259835539634367
Network 3 - vAttention: 1000 voxels done Correlation: 0.3285628449652558
Network 3 - vAttention: 1500 voxels done Correlation: 0.365947749077465
Network 3 - vAttention: 3000 voxels done Correlation: 0.3610264012090425
Network 3 - vAttention: 5000 voxels done Correlation: 0.3990680309782473
Network 3 - vAttention: 6500 voxels done Correlation: 0.3687051117019735
Network 3 - vAttention: 10000 voxels done Correlation: 0.3885783658701245
Network 3 - vAttention: 15000 voxels done Correlation: 0.38620147419353956
/home/fhopp/.conda/envs/mjs/lib/python3.8/site-packages/nilearn/masking.py:980: UserWarning: Data array used to create a new image contains 64-bit ints. This is likely due to creating the array with numpy and passing `int` as the `dtype`. Many tools such as FSL and SPM cannot deal with int64 in Nifti images, so for compatibility the data has been converted to int32.
  return new_img_like(mask_img, unmasked, affine)
Network 4 - Limbic: 50 voxels done Correlation: 0.15427407025417544
Network 4 - Limbic: 150 voxels done Correlation: 0.3298463722266271
Network 4 - Limbic: 250 voxels done Correlation: 0.2652467120550253
Network 4 - Limbic: 500 voxels done Correlation: 0.25945842055442925
Network 4 - Limbic: 750 voxels done Correlation: 0.2484977239879137
Network 4 - Limbic: 1000 voxels done Correlation: 0.24990322964333533
Network 4 - Limbic: 1500 voxels done Correlation: 0.26178526445861505
Network 4 - Limbic: 3000 voxels done Correlation: 0.29339219115273196
Network 4 - Limbic: 5000 voxels done Correlation: 0.2840234350050469
Network 4 - Limbic: 6500 voxels done Correlation: 0.2720237724780594
Network 4 - Limbic: 10000 voxels done Correlation: 0.28780798819545955
/home/fhopp/.conda/envs/mjs/lib/python3.8/site-packages/nilearn/masking.py:980: UserWarning: Data array used to create a new image contains 64-bit ints. This is likely due to creating the array with numpy and passing `int` as the `dtype`. Many tools such as FSL and SPM cannot deal with int64 in Nifti images, so for compatibility the data has been converted to int32.
  return new_img_like(mask_img, unmasked, affine)
Network 5 - Frontoparietal: 50 voxels done Correlation: 0.19499570866972632
Network 5 - Frontoparietal: 150 voxels done Correlation: 0.14102792031921113
Network 5 - Frontoparietal: 250 voxels done Correlation: 0.17658323292788158
Network 5 - Frontoparietal: 500 voxels done Correlation: 0.3025414317065692
Network 5 - Frontoparietal: 750 voxels done Correlation: 0.26255205833043616
Network 5 - Frontoparietal: 1000 voxels done Correlation: 0.17464951120217442
Network 5 - Frontoparietal: 1500 voxels done Correlation: 0.20010890923890753
Network 5 - Frontoparietal: 3000 voxels done Correlation: 0.2526921029616661
Network 5 - Frontoparietal: 5000 voxels done Correlation: 0.24198416563650305
Network 5 - Frontoparietal: 6500 voxels done Correlation: 0.22604946669968376
Network 5 - Frontoparietal: 10000 voxels done Correlation: 0.24125487621057234
Network 5 - Frontoparietal: 15000 voxels done Correlation: 0.23546977555608364
/home/fhopp/.conda/envs/mjs/lib/python3.8/site-packages/nilearn/masking.py:980: UserWarning: Data array used to create a new image contains 64-bit ints. This is likely due to creating the array with numpy and passing `int` as the `dtype`. Many tools such as FSL and SPM cannot deal with int64 in Nifti images, so for compatibility the data has been converted to int32.
  return new_img_like(mask_img, unmasked, affine)
Network 6 - Default Mode: 50 voxels done Correlation: 0.3004250509595171
Network 6 - Default Mode: 150 voxels done Correlation: 0.4101357183643487
Network 6 - Default Mode: 250 voxels done Correlation: 0.3952791341849644
Network 6 - Default Mode: 500 voxels done Correlation: 0.33951827075335134
Network 6 - Default Mode: 750 voxels done Correlation: 0.39002752011635294
Network 6 - Default Mode: 1000 voxels done Correlation: 0.3988905450962121
Network 6 - Default Mode: 1500 voxels done Correlation: 0.3706252697706086
Network 6 - Default Mode: 3000 voxels done Correlation: 0.40186396635317534
Network 6 - Default Mode: 5000 voxels done Correlation: 0.40639047649406007
Network 6 - Default Mode: 6500 voxels done Correlation: 0.4050867769295984
Network 6 - Default Mode: 10000 voxels done Correlation: 0.40658514209862384
Network 6 - Default Mode: 15000 voxels done Correlation: 0.41102902426824717
Network 6 - Default Mode: 25000 voxels done Correlation: 0.4073412812613771
/home/fhopp/.conda/envs/mjs/lib/python3.8/site-packages/nilearn/masking.py:980: UserWarning: Data array used to create a new image contains 64-bit ints. This is likely due to creating the array with numpy and passing `int` as the `dtype`. Many tools such as FSL and SPM cannot deal with int64 in Nifti images, so for compatibility the data has been converted to int32.
  return new_img_like(mask_img, unmasked, affine)
Network 7 - Subcortical: 50 voxels done Correlation: 0.22121282032892414
Network 7 - Subcortical: 150 voxels done Correlation: 0.27257353705533327
Network 7 - Subcortical: 250 voxels done Correlation: 0.22051986620636355
Network 7 - Subcortical: 500 voxels done Correlation: 0.2679067813630909
Network 7 - Subcortical: 750 voxels done Correlation: 0.2462158155800056
Network 7 - Subcortical: 1000 voxels done Correlation: 0.2286681606617762
Network 7 - Subcortical: 1500 voxels done Correlation: 0.2325679193303964
Network 7 - Subcortical: 3000 voxels done Correlation: 0.1823568550488683
Network 7 - Subcortical: 5000 voxels done Correlation: 0.17287058261174715
Network 7 - Subcortical: 6500 voxels done Correlation: 0.16185605492591174
Network 7 - Subcortical: 10000 voxels done Correlation: 0.16688267976320192
Network 8 - Consciousness: 50 voxels done Correlation: 0.22617298257340546
Network 8 - Consciousness: 150 voxels done Correlation: 0.3021991860686749
Network 8 - Consciousness: 250 voxels done Correlation: 0.3880255046011326
Network 8 - Consciousness: 500 voxels done Correlation: 0.4035405814351467
Network 8 - Consciousness: 750 voxels done Correlation: 0.37025656971156296
Network 8 - Consciousness: 1000 voxels done Correlation: 0.33855900605188993
Network 8 - Consciousness: 1500 voxels done Correlation: 0.3852994156607532
Network 8 - Consciousness: 3000 voxels done Correlation: 0.4441331290523932
Network 8 - Consciousness: 5000 voxels done Correlation: 0.4485841738541706
Network 8 - Consciousness: 6500 voxels done Correlation: 0.46263013355494
Network 8 - Consciousness: 10000 voxels done Correlation: 0.4607081691919544
Network 8 - Consciousness: 15000 voxels done Correlation: 0.4553916600264872
Network 8 - Consciousness: 25000 voxels done Correlation: 0.4613939872995428
Network 8 - Consciousness: 50000 voxels done Correlation: 0.4671409781530123
