Running job on: wood
Iteration: 89
Starting spatial evaluation...
/home/fhopp/.conda/envs/mjs/lib/python3.8/site-packages/nilearn/maskers/nifti_masker.py:110: UserWarning: imgs are being resampled to the mask_img resolution. This process is memory intensive. You might want to provide a target_affine that is equal to the affine of the imgs or resample the mask beforehand to save memory and computation time.
  warnings.warn(
/home/fhopp/.conda/envs/mjs/lib/python3.8/site-packages/nilearn/masking.py:980: UserWarning: Data array used to create a new image contains 64-bit ints. This is likely due to creating the array with numpy and passing `int` as the `dtype`. Many tools such as FSL and SPM cannot deal with int64 in Nifti images, so for compatibility the data has been converted to int32.
  return new_img_like(mask_img, unmasked, affine)
Network 0 - Visual: 50 voxels done Correlation: 0.655861737162645
Network 0 - Visual: 150 voxels done Correlation: 0.6147450819786792
Network 0 - Visual: 250 voxels done Correlation: 0.5882818430909972
Network 0 - Visual: 500 voxels done Correlation: 0.602277675395748
Network 0 - Visual: 750 voxels done Correlation: 0.596251190344354
Network 0 - Visual: 1000 voxels done Correlation: 0.6146223279207821
Network 0 - Visual: 1500 voxels done Correlation: 0.6265453801483973
Network 0 - Visual: 3000 voxels done Correlation: 0.6202673543208219
Network 0 - Visual: 5000 voxels done Correlation: 0.6394830125388891
Network 0 - Visual: 6500 voxels done Correlation: 0.6181086559846531
Network 0 - Visual: 10000 voxels done Correlation: 0.624609911849744
Network 0 - Visual: 15000 voxels done Correlation: 0.6272525663973462
/home/fhopp/.conda/envs/mjs/lib/python3.8/site-packages/nilearn/masking.py:980: UserWarning: Data array used to create a new image contains 64-bit ints. This is likely due to creating the array with numpy and passing `int` as the `dtype`. Many tools such as FSL and SPM cannot deal with int64 in Nifti images, so for compatibility the data has been converted to int32.
  return new_img_like(mask_img, unmasked, affine)
Network 1 - Somatomotor: 50 voxels done Correlation: 0.17967453991172266
Network 1 - Somatomotor: 150 voxels done Correlation: 0.2637286672528445
Network 1 - Somatomotor: 250 voxels done Correlation: 0.31418164926816916
Network 1 - Somatomotor: 500 voxels done Correlation: 0.3696932138895975
Network 1 - Somatomotor: 750 voxels done Correlation: 0.36415385641994424
Network 1 - Somatomotor: 1000 voxels done Correlation: 0.39813942695802507
Network 1 - Somatomotor: 1500 voxels done Correlation: 0.31420265525291113
Network 1 - Somatomotor: 3000 voxels done Correlation: 0.36177477217098425
Network 1 - Somatomotor: 5000 voxels done Correlation: 0.33008470501776965
Network 1 - Somatomotor: 6500 voxels done Correlation: 0.32831038631182935
Network 1 - Somatomotor: 10000 voxels done Correlation: 0.3415803650333149
Network 1 - Somatomotor: 15000 voxels done Correlation: 0.3449439823443985
/home/fhopp/.conda/envs/mjs/lib/python3.8/site-packages/nilearn/masking.py:980: UserWarning: Data array used to create a new image contains 64-bit ints. This is likely due to creating the array with numpy and passing `int` as the `dtype`. Many tools such as FSL and SPM cannot deal with int64 in Nifti images, so for compatibility the data has been converted to int32.
  return new_img_like(mask_img, unmasked, affine)
Network 2 - dAttention: 50 voxels done Correlation: 0.19681012430702688
Network 2 - dAttention: 150 voxels done Correlation: 0.28689474660763925
Network 2 - dAttention: 250 voxels done Correlation: 0.4291021348525582
Network 2 - dAttention: 500 voxels done Correlation: 0.3342931292517797
Network 2 - dAttention: 750 voxels done Correlation: 0.2947591899320816
Network 2 - dAttention: 1000 voxels done Correlation: 0.22661585323964542
Network 2 - dAttention: 1500 voxels done Correlation: 0.3522724127061042
Network 2 - dAttention: 3000 voxels done Correlation: 0.2866227091385032
Network 2 - dAttention: 5000 voxels done Correlation: 0.33388419038589606
Network 2 - dAttention: 6500 voxels done Correlation: 0.3366180687279021
Network 2 - dAttention: 10000 voxels done Correlation: 0.33627337747366937
Network 2 - dAttention: 15000 voxels done Correlation: 0.3359605107783573
/home/fhopp/.conda/envs/mjs/lib/python3.8/site-packages/nilearn/masking.py:980: UserWarning: Data array used to create a new image contains 64-bit ints. This is likely due to creating the array with numpy and passing `int` as the `dtype`. Many tools such as FSL and SPM cannot deal with int64 in Nifti images, so for compatibility the data has been converted to int32.
  return new_img_like(mask_img, unmasked, affine)
Network 3 - vAttention: 50 voxels done Correlation: 0.24785781633368117
Network 3 - vAttention: 150 voxels done Correlation: 0.33939691861522536
Network 3 - vAttention: 250 voxels done Correlation: 0.31238273497824687
Network 3 - vAttention: 500 voxels done Correlation: 0.30563264698258086
Network 3 - vAttention: 750 voxels done Correlation: 0.3044646106520644
Network 3 - vAttention: 1000 voxels done Correlation: 0.35628649290860437
Network 3 - vAttention: 1500 voxels done Correlation: 0.36051927191801547
Network 3 - vAttention: 3000 voxels done Correlation: 0.3894351976123039
Network 3 - vAttention: 5000 voxels done Correlation: 0.3655787319106087
Network 3 - vAttention: 6500 voxels done Correlation: 0.38701109508698683
Network 3 - vAttention: 10000 voxels done Correlation: 0.37943939531763793
Network 3 - vAttention: 15000 voxels done Correlation: 0.38959709514940444
/home/fhopp/.conda/envs/mjs/lib/python3.8/site-packages/nilearn/masking.py:980: UserWarning: Data array used to create a new image contains 64-bit ints. This is likely due to creating the array with numpy and passing `int` as the `dtype`. Many tools such as FSL and SPM cannot deal with int64 in Nifti images, so for compatibility the data has been converted to int32.
  return new_img_like(mask_img, unmasked, affine)
Network 4 - Limbic: 50 voxels done Correlation: 0.04637506381663188
Network 4 - Limbic: 150 voxels done Correlation: 0.2918889537605719
Network 4 - Limbic: 250 voxels done Correlation: 0.2124919866441525
Network 4 - Limbic: 500 voxels done Correlation: 0.2614774650433709
Network 4 - Limbic: 750 voxels done Correlation: 0.2684658018627797
Network 4 - Limbic: 1000 voxels done Correlation: 0.25135140918987253
Network 4 - Limbic: 1500 voxels done Correlation: 0.24294951032298012
Network 4 - Limbic: 3000 voxels done Correlation: 0.2705916452107142
Network 4 - Limbic: 5000 voxels done Correlation: 0.27337463003954116
Network 4 - Limbic: 6500 voxels done Correlation: 0.28581828763511963
Network 4 - Limbic: 10000 voxels done Correlation: 0.28507032962341083
/home/fhopp/.conda/envs/mjs/lib/python3.8/site-packages/nilearn/masking.py:980: UserWarning: Data array used to create a new image contains 64-bit ints. This is likely due to creating the array with numpy and passing `int` as the `dtype`. Many tools such as FSL and SPM cannot deal with int64 in Nifti images, so for compatibility the data has been converted to int32.
  return new_img_like(mask_img, unmasked, affine)
Network 5 - Frontoparietal: 50 voxels done Correlation: 0.13676924684585795
Network 5 - Frontoparietal: 150 voxels done Correlation: 0.14404406514072907
Network 5 - Frontoparietal: 250 voxels done Correlation: 0.18878844041866055
Network 5 - Frontoparietal: 500 voxels done Correlation: 0.12657802560888903
Network 5 - Frontoparietal: 750 voxels done Correlation: 0.23301029094642167
Network 5 - Frontoparietal: 1000 voxels done Correlation: 0.21737741269011418
Network 5 - Frontoparietal: 1500 voxels done Correlation: 0.235960829445308
Network 5 - Frontoparietal: 3000 voxels done Correlation: 0.23993210677378962
Network 5 - Frontoparietal: 5000 voxels done Correlation: 0.21353414234438967
Network 5 - Frontoparietal: 6500 voxels done Correlation: 0.22752918202486253
Network 5 - Frontoparietal: 10000 voxels done Correlation: 0.23444871222235536
Network 5 - Frontoparietal: 15000 voxels done Correlation: 0.23932427074110874
/home/fhopp/.conda/envs/mjs/lib/python3.8/site-packages/nilearn/masking.py:980: UserWarning: Data array used to create a new image contains 64-bit ints. This is likely due to creating the array with numpy and passing `int` as the `dtype`. Many tools such as FSL and SPM cannot deal with int64 in Nifti images, so for compatibility the data has been converted to int32.
  return new_img_like(mask_img, unmasked, affine)
Network 6 - Default Mode: 50 voxels done Correlation: 0.21906140967882015
Network 6 - Default Mode: 150 voxels done Correlation: 0.34279554556757297
Network 6 - Default Mode: 250 voxels done Correlation: 0.31104293660797955
Network 6 - Default Mode: 500 voxels done Correlation: 0.36989920461312165
Network 6 - Default Mode: 750 voxels done Correlation: 0.37090815066651184
Network 6 - Default Mode: 1000 voxels done Correlation: 0.36409522720068954
Network 6 - Default Mode: 1500 voxels done Correlation: 0.352363174551968
Network 6 - Default Mode: 3000 voxels done Correlation: 0.4074654133878761
Network 6 - Default Mode: 5000 voxels done Correlation: 0.4092833166890937
Network 6 - Default Mode: 6500 voxels done Correlation: 0.42589854566527924
Network 6 - Default Mode: 10000 voxels done Correlation: 0.4130202298512575
Network 6 - Default Mode: 15000 voxels done Correlation: 0.4092472237560798
Network 6 - Default Mode: 25000 voxels done Correlation: 0.40578428493599344
/home/fhopp/.conda/envs/mjs/lib/python3.8/site-packages/nilearn/masking.py:980: UserWarning: Data array used to create a new image contains 64-bit ints. This is likely due to creating the array with numpy and passing `int` as the `dtype`. Many tools such as FSL and SPM cannot deal with int64 in Nifti images, so for compatibility the data has been converted to int32.
  return new_img_like(mask_img, unmasked, affine)
Network 7 - Subcortical: 50 voxels done Correlation: 0.19351829163892084
Network 7 - Subcortical: 150 voxels done Correlation: 0.18109674007846777
Network 7 - Subcortical: 250 voxels done Correlation: 0.19690440157690398
Network 7 - Subcortical: 500 voxels done Correlation: 0.2478926123566449
Network 7 - Subcortical: 750 voxels done Correlation: 0.20670211962375656
Network 7 - Subcortical: 1000 voxels done Correlation: 0.20416805930232584
Network 7 - Subcortical: 1500 voxels done Correlation: 0.21360319466638503
Network 7 - Subcortical: 3000 voxels done Correlation: 0.19417558197601917
Network 7 - Subcortical: 5000 voxels done Correlation: 0.1663588013154817
Network 7 - Subcortical: 6500 voxels done Correlation: 0.16313882168017727
Network 7 - Subcortical: 10000 voxels done Correlation: 0.164659425524378
Network 8 - Consciousness: 50 voxels done Correlation: 0.22343091183117147
Network 8 - Consciousness: 150 voxels done Correlation: 0.3737453608911664
Network 8 - Consciousness: 250 voxels done Correlation: 0.37942553516563493
Network 8 - Consciousness: 500 voxels done Correlation: 0.357956365623875
Network 8 - Consciousness: 750 voxels done Correlation: 0.46078365055567305
Network 8 - Consciousness: 1000 voxels done Correlation: 0.4475394839293576
Network 8 - Consciousness: 1500 voxels done Correlation: 0.41290833169733065
Network 8 - Consciousness: 3000 voxels done Correlation: 0.42699007323126703
Network 8 - Consciousness: 5000 voxels done Correlation: 0.43323323516822926
Network 8 - Consciousness: 6500 voxels done Correlation: 0.4525539520671441
Network 8 - Consciousness: 10000 voxels done Correlation: 0.47139835561416865
Network 8 - Consciousness: 15000 voxels done Correlation: 0.4772920381242355
Network 8 - Consciousness: 25000 voxels done Correlation: 0.4745923781764315
Network 8 - Consciousness: 50000 voxels done Correlation: 0.4671511347781768
